<?xml version="1.0" encoding="UTF-8"?>
<!-- Generated by org.testng.reporters.JUnitReportReporter -->
<testsuite hostname="ISW-221119-1086" failures="0" tests="1" name="stepDefinitions.Android.LoginStepDefinition" time="41.688" errors="0" timestamp="2023-09-07T07:59:05 WAT" skipped="0">
  <testcase classname="stepDefinitions.Android.LoginStepDefinition" name="Navigate_To_Login_Page" time="41.688"/>
  <system-out/>
</testsuite> <!-- stepDefinitions.Android.LoginStepDefinition -->
