<?xml version="1.0" encoding="UTF-8"?>
<!-- Generated by org.testng.reporters.JUnitReportReporter -->
<testsuite hostname="ISW-221119-1086" failures="0" tests="20" name="testcases.Android.DisposableDomain" time="0.000" errors="1" timestamp="2024-01-10T08:06:40 WAT" skipped="19">
  <testcase classname="testcases.Android.DisposableDomain" name="Testcase_One" time="0.000">
    <skipped/>
  </testcase> <!-- Testcase_One -->
  <system-out/>
  <testcase classname="testcases.Android.DisposableDomain" name="Testcase_One" time="0.000">
    <skipped/>
  </testcase> <!-- Testcase_One -->
  <system-out/>
  <testcase classname="testcases.Android.DisposableDomain" name="Testcase_One" time="0.000">
    <skipped/>
  </testcase> <!-- Testcase_One -->
  <system-out/>
  <testcase classname="testcases.Android.DisposableDomain" name="Testcase_One" time="0.000">
    <skipped/>
  </testcase> <!-- Testcase_One -->
  <system-out/>
  <testcase classname="testcases.Android.DisposableDomain" name="Testcase_One" time="0.000">
    <skipped/>
  </testcase> <!-- Testcase_One -->
  <system-out/>
  <testcase classname="testcases.Android.DisposableDomain" name="Testcase_One" time="0.000">
    <skipped/>
  </testcase> <!-- Testcase_One -->
  <system-out/>
  <testcase classname="testcases.Android.DisposableDomain" name="Testcase_One" time="0.000">
    <skipped/>
  </testcase> <!-- Testcase_One -->
  <system-out/>
  <testcase classname="testcases.Android.DisposableDomain" name="Testcase_One" time="0.000">
    <skipped/>
  </testcase> <!-- Testcase_One -->
  <system-out/>
  <testcase classname="testcases.Android.DisposableDomain" name="navigate_to_signUp_page" time="0.000">
    <error message="Cannot invoke &quot;io.appium.java_client.android.AndroidDriver.manage()&quot; because &quot;this.driver&quot; is null" type="java.lang.NullPointerException">
      <![CDATA[java.lang.NullPointerException: Cannot invoke "io.appium.java_client.android.AndroidDriver.manage()" because "this.driver" is null
at stepDefinitions.Android.DisposableDomain_sd.navigate_to_signUp_page(DisposableDomain_sd.java:23)
at java.base/jdk.internal.reflect.DirectMethodHandleAccessor.invoke(DirectMethodHandleAccessor.java:103)
at java.base/java.lang.reflect.Method.invoke(Method.java:580)
at org.testng.internal.MethodInvocationHelper.invokeMethod(MethodInvocationHelper.java:133)
at org.testng.internal.MethodInvocationHelper.invokeMethodConsideringTimeout(MethodInvocationHelper.java:62)
at org.testng.internal.ConfigInvoker.invokeConfigurationMethod(ConfigInvoker.java:385)
at org.testng.internal.ConfigInvoker.invokeConfigurations(ConfigInvoker.java:321)
at org.testng.internal.TestMethodWorker.invokeBeforeClassMethods(TestMethodWorker.java:176)
at org.testng.internal.TestMethodWorker.run(TestMethodWorker.java:122)
at java.base/java.util.ArrayList.forEach(ArrayList.java:1596)
at org.testng.TestRunner.privateRun(TestRunner.java:794)
at org.testng.TestRunner.run(TestRunner.java:596)
at org.testng.SuiteRunner.runTest(SuiteRunner.java:377)
at org.testng.SuiteRunner.runSequentially(SuiteRunner.java:371)
at org.testng.SuiteRunner.privateRun(SuiteRunner.java:332)
at org.testng.SuiteRunner.run(SuiteRunner.java:276)
at org.testng.SuiteRunnerWorker.runSuite(SuiteRunnerWorker.java:53)
at org.testng.SuiteRunnerWorker.run(SuiteRunnerWorker.java:96)
at org.testng.TestNG.runSuitesSequentially(TestNG.java:1212)
at org.testng.TestNG.runSuitesLocally(TestNG.java:1134)
at org.testng.TestNG.runSuites(TestNG.java:1063)
at org.testng.TestNG.run(TestNG.java:1031)
at org.testng.remote.AbstractRemoteTestNG.run(AbstractRemoteTestNG.java:115)
at org.testng.remote.RemoteTestNG.initAndRun(RemoteTestNG.java:251)
at org.testng.remote.RemoteTestNG.main(RemoteTestNG.java:77)
]]>
    </error>
  </testcase> <!-- navigate_to_signUp_page -->
  <system-out/>
  <testcase classname="testcases.Android.DisposableDomain" name="Testcase_One" time="0.000">
    <skipped/>
  </testcase> <!-- Testcase_One -->
  <system-out/>
  <testcase classname="testcases.Android.DisposableDomain" name="Testcase_One" time="0.000">
    <skipped/>
  </testcase> <!-- Testcase_One -->
  <system-out/>
  <testcase classname="testcases.Android.DisposableDomain" name="Testcase_One" time="0.000">
    <skipped/>
  </testcase> <!-- Testcase_One -->
  <system-out/>
  <testcase classname="testcases.Android.DisposableDomain" name="Testcase_One" time="0.000">
    <skipped/>
  </testcase> <!-- Testcase_One -->
  <system-out/>
  <testcase classname="testcases.Android.DisposableDomain" name="Testcase_One" time="0.000">
    <skipped/>
  </testcase> <!-- Testcase_One -->
  <system-out/>
  <testcase classname="testcases.Android.DisposableDomain" name="Testcase_One" time="0.000">
    <skipped/>
  </testcase> <!-- Testcase_One -->
  <system-out/>
  <testcase classname="testcases.Android.DisposableDomain" name="Testcase_One" time="0.000">
    <skipped/>
  </testcase> <!-- Testcase_One -->
  <system-out/>
  <testcase classname="testcases.Android.DisposableDomain" name="Testcase_One" time="0.000">
    <skipped/>
  </testcase> <!-- Testcase_One -->
  <system-out/>
  <testcase classname="testcases.Android.DisposableDomain" name="Testcase_One" time="0.000">
    <skipped/>
  </testcase> <!-- Testcase_One -->
  <system-out/>
  <testcase classname="testcases.Android.DisposableDomain" name="Testcase_One" time="0.000">
    <skipped/>
  </testcase> <!-- Testcase_One -->
  <system-out/>
  <testcase classname="testcases.Android.DisposableDomain" name="Testcase_One" time="0.000">
    <skipped/>
  </testcase> <!-- Testcase_One -->
  <system-out/>
</testsuite> <!-- testcases.Android.DisposableDomain -->
