<?xml version="1.0" encoding="UTF-8"?>
<!-- Generated by org.testng.reporters.JUnitReportReporter -->
<testsuite hostname="ISW-221119-1086" failures="0" tests="6" name="testcases.Android.LoginTestCase" time="89.413" errors="0" timestamp="2023-12-26T07:39:52 WAT" skipped="0">
  <testcase classname="testcases.Android.LoginTestCase" name="Testcase_One" time="16.002"/>
  <system-out/>
  <testcase classname="testcases.Android.LoginTestCase" name="Testcase_Two" time="11.124"/>
  <system-out/>
  <testcase classname="testcases.Android.LoginTestCase" name="Testcase_Three" time="27.661"/>
  <system-out/>
  <testcase classname="testcases.Android.LoginTestCase" name="Testcase_Four" time="10.178"/>
  <system-out/>
  <testcase classname="testcases.Android.LoginTestCase" name="Testcase_Five" time="10.824"/>
  <system-out/>
  <testcase classname="testcases.Android.LoginTestCase" name="Testcase_Six" time="13.624"/>
  <system-out/>
</testsuite> <!-- testcases.Android.LoginTestCase -->
