<?xml version="1.0" encoding="UTF-8"?>
<!-- Generated by org.testng.reporters.JUnitReportReporter -->
<testsuite hostname="ISW-221119-1086" failures="0" tests="6" name="testcases.Android.Login" time="111.703" errors="0" timestamp="2024-01-10T08:11:54 WAT" skipped="0">
  <testcase classname="testcases.Android.Login" name="Testcase_One" time="13.613"/>
  <system-out/>
  <testcase classname="testcases.Android.Login" name="Testcase_Two" time="12.786"/>
  <system-out/>
  <testcase classname="testcases.Android.Login" name="Testcase_Three" time="43.257"/>
  <system-out/>
  <testcase classname="testcases.Android.Login" name="Testcase_Four" time="9.406"/>
  <system-out/>
  <testcase classname="testcases.Android.Login" name="Testcase_Five" time="11.494"/>
  <system-out/>
  <testcase classname="testcases.Android.Login" name="Testcase_Six" time="21.147"/>
  <system-out/>
</testsuite> <!-- testcases.Android.Login -->
