<?xml version="1.0" encoding="UTF-8"?>
<!-- Generated by org.testng.reporters.JUnitReportReporter -->
<testsuite hostname="ISW-221119-1086" failures="0" tests="8" name="testcases.Android.LoginTestCase" time="183.765" errors="0" timestamp="2023-10-19T13:09:00 WAT" skipped="0">
  <testcase classname="testcases.Android.LoginTestCase" name="Testcase_One" time="22.222"/>
  <testcase classname="testcases.Android.LoginTestCase" name="Testcase_Two" time="0.826"/>
  <testcase classname="testcases.Android.LoginTestCase" name="Testcase_Three" time="1.945"/>
  <testcase classname="testcases.Android.LoginTestCase" name="Testcase_Four" time="44.750"/>
  <testcase classname="testcases.Android.LoginTestCase" name="Testcase_Five" time="43.536"/>
  <testcase classname="testcases.Android.LoginTestCase" name="Testcase_Six" time="42.683"/>
  <testcase classname="testcases.Android.LoginTestCase" name="Testcase_Seven" time="3.051"/>
  <testcase classname="testcases.Android.LoginTestCase" name="Testcase_Eight" time="24.752"/>
</testsuite> <!-- testcases.Android.LoginTestCase -->
