<?xml version="1.0" encoding="UTF-8"?>
<!-- Generated by org.testng.reporters.JUnitReportReporter -->
<testsuite hostname="ISW-221119-1086" failures="0" tests="23" name="testcases.Android.DisposableDomain_QTM_2874" time="332.834" errors="0" timestamp="2023-10-19T13:09:00 WAT" skipped="0">
  <testcase classname="testcases.Android.DisposableDomain_QTM_2874" name="Testcase_One" time="14.839"/>
  <testcase classname="testcases.Android.DisposableDomain_QTM_2874" name="Testcase_One" time="14.404"/>
  <testcase classname="testcases.Android.DisposableDomain_QTM_2874" name="Testcase_One" time="14.292"/>
  <testcase classname="testcases.Android.DisposableDomain_QTM_2874" name="Testcase_One" time="15.188"/>
  <testcase classname="testcases.Android.DisposableDomain_QTM_2874" name="Testcase_One" time="14.349"/>
  <testcase classname="testcases.Android.DisposableDomain_QTM_2874" name="Testcase_One" time="14.478"/>
  <testcase classname="testcases.Android.DisposableDomain_QTM_2874" name="Testcase_One" time="14.561"/>
  <testcase classname="testcases.Android.DisposableDomain_QTM_2874" name="Testcase_One" time="14.370"/>
  <testcase classname="testcases.Android.DisposableDomain_QTM_2874" name="Testcase_One" time="15.449"/>
  <testcase classname="testcases.Android.DisposableDomain_QTM_2874" name="Testcase_One" time="14.393"/>
  <testcase classname="testcases.Android.DisposableDomain_QTM_2874" name="Testcase_One" time="14.743"/>
  <testcase classname="testcases.Android.DisposableDomain_QTM_2874" name="Testcase_One" time="14.375"/>
  <testcase classname="testcases.Android.DisposableDomain_QTM_2874" name="Testcase_One" time="15.636"/>
  <testcase classname="testcases.Android.DisposableDomain_QTM_2874" name="Testcase_One" time="14.709"/>
  <testcase classname="testcases.Android.DisposableDomain_QTM_2874" name="Testcase_One" time="15.110"/>
  <testcase classname="testcases.Android.DisposableDomain_QTM_2874" name="Testcase_One" time="14.383"/>
  <testcase classname="testcases.Android.DisposableDomain_QTM_2874" name="Testcase_One" time="14.397"/>
  <testcase classname="testcases.Android.DisposableDomain_QTM_2874" name="Testcase_One" time="14.546"/>
  <testcase classname="testcases.Android.DisposableDomain_QTM_2874" name="Testcase_One" time="14.422"/>
  <testcase classname="testcases.Android.DisposableDomain_QTM_2874" name="Testcase_One" time="14.711"/>
  <testcase classname="testcases.Android.DisposableDomain_QTM_2874" name="Testcase_One" time="14.449"/>
  <testcase classname="testcases.Android.DisposableDomain_QTM_2874" name="Testcase_One" time="14.560"/>
  <testcase classname="testcases.Android.DisposableDomain_QTM_2874" name="Testcase_Two" time="10.470"/>
</testsuite> <!-- testcases.Android.DisposableDomain_QTM_2874 -->
