<?xml version="1.0" encoding="UTF-8"?>
<testsuite xmlns:xsi="http://www.w3.org/2001/XMLSchema-instance" xsi:noNamespaceSchemaLocation="https://maven.apache.org/surefire/maven-surefire-plugin/xsd/surefire-test-report-3.0.xsd" version="3.0" name="TestSuite" time="571.166" tests="31" errors="0" skipped="0" failures="0">
  <properties>
    <property name="java.specification.version" value="21"/>
    <property name="sun.cpu.isalist" value="amd64"/>
    <property name="sun.jnu.encoding" value="Cp1252"/>
    <property name="java.class.path" value="C:\Users\daniel.ogagavworia\Documents\Quickteller_Mobile_Automation\target\test-classes;C:\Users\daniel.ogagavworia\Documents\Quickteller_Mobile_Automation\target\classes;C:\Users\daniel.ogagavworia\.m2\repository\org\seleniumhq\selenium\selenium-java\4.12.0\selenium-java-4.12.0.jar;C:\Users\daniel.ogagavworia\.m2\repository\org\seleniumhq\selenium\selenium-api\4.12.0\selenium-api-4.12.0.jar;C:\Users\daniel.ogagavworia\.m2\repository\org\seleniumhq\selenium\selenium-chrome-driver\4.12.0\selenium-chrome-driver-4.12.0.jar;C:\Users\daniel.ogagavworia\.m2\repository\com\google\auto\service\auto-service-annotations\1.1.1\auto-service-annotations-1.1.1.jar;C:\Users\daniel.ogagavworia\.m2\repository\com\google\guava\guava\32.1.2-jre\guava-32.1.2-jre.jar;C:\Users\daniel.ogagavworia\.m2\repository\com\google\guava\failureaccess\1.0.1\failureaccess-1.0.1.jar;C:\Users\daniel.ogagavworia\.m2\repository\com\google\guava\listenablefuture\9999.0-empty-to-avoid-conflict-with-guava\listenablefuture-9999.0-empty-to-avoid-conflict-with-guava.jar;C:\Users\daniel.ogagavworia\.m2\repository\com\google\code\findbugs\jsr305\3.0.2\jsr305-3.0.2.jar;C:\Users\daniel.ogagavworia\.m2\repository\org\checkerframework\checker-qual\3.33.0\checker-qual-3.33.0.jar;C:\Users\daniel.ogagavworia\.m2\repository\com\google\errorprone\error_prone_annotations\2.18.0\error_prone_annotations-2.18.0.jar;C:\Users\daniel.ogagavworia\.m2\repository\com\google\j2objc\j2objc-annotations\2.8\j2objc-annotations-2.8.jar;C:\Users\daniel.ogagavworia\.m2\repository\org\seleniumhq\selenium\selenium-chromium-driver\4.12.0\selenium-chromium-driver-4.12.0.jar;C:\Users\daniel.ogagavworia\.m2\repository\org\seleniumhq\selenium\selenium-json\4.12.0\selenium-json-4.12.0.jar;C:\Users\daniel.ogagavworia\.m2\repository\org\seleniumhq\selenium\selenium-manager\4.12.0\selenium-manager-4.12.0.jar;C:\Users\daniel.ogagavworia\.m2\repository\org\seleniumhq\selenium\selenium-devtools-v114\4.12.0\selenium-devtools-v114-4.12.0.jar;C:\Users\daniel.ogagavworia\.m2\repository\org\seleniumhq\selenium\selenium-devtools-v115\4.12.0\selenium-devtools-v115-4.12.0.jar;C:\Users\daniel.ogagavworia\.m2\repository\org\seleniumhq\selenium\selenium-devtools-v116\4.12.0\selenium-devtools-v116-4.12.0.jar;C:\Users\daniel.ogagavworia\.m2\repository\org\seleniumhq\selenium\selenium-devtools-v85\4.12.0\selenium-devtools-v85-4.12.0.jar;C:\Users\daniel.ogagavworia\.m2\repository\org\seleniumhq\selenium\selenium-edge-driver\4.12.0\selenium-edge-driver-4.12.0.jar;C:\Users\daniel.ogagavworia\.m2\repository\org\seleniumhq\selenium\selenium-firefox-driver\4.12.0\selenium-firefox-driver-4.12.0.jar;C:\Users\daniel.ogagavworia\.m2\repository\org\seleniumhq\selenium\selenium-http\4.12.0\selenium-http-4.12.0.jar;C:\Users\daniel.ogagavworia\.m2\repository\dev\failsafe\failsafe\3.3.2\failsafe-3.3.2.jar;C:\Users\daniel.ogagavworia\.m2\repository\org\seleniumhq\selenium\selenium-ie-driver\4.12.0\selenium-ie-driver-4.12.0.jar;C:\Users\daniel.ogagavworia\.m2\repository\org\seleniumhq\selenium\selenium-remote-driver\4.12.0\selenium-remote-driver-4.12.0.jar;C:\Users\daniel.ogagavworia\.m2\repository\io\netty\netty-buffer\4.1.96.Final\netty-buffer-4.1.96.Final.jar;C:\Users\daniel.ogagavworia\.m2\repository\io\netty\netty-codec-http\4.1.96.Final\netty-codec-http-4.1.96.Final.jar;C:\Users\daniel.ogagavworia\.m2\repository\io\netty\netty-codec\4.1.96.Final\netty-codec-4.1.96.Final.jar;C:\Users\daniel.ogagavworia\.m2\repository\io\netty\netty-handler\4.1.96.Final\netty-handler-4.1.96.Final.jar;C:\Users\daniel.ogagavworia\.m2\repository\io\netty\netty-common\4.1.96.Final\netty-common-4.1.96.Final.jar;C:\Users\daniel.ogagavworia\.m2\repository\io\netty\netty-transport-classes-epoll\4.1.96.Final\netty-transport-classes-epoll-4.1.96.Final.jar;C:\Users\daniel.ogagavworia\.m2\repository\io\netty\netty-transport-classes-kqueue\4.1.96.Final\netty-transport-classes-kqueue-4.1.96.Final.jar;C:\Users\daniel.ogagavworia\.m2\repository\io\netty\netty-transport-native-epoll\4.1.96.Final\netty-transport-native-epoll-4.1.96.Final.jar;C:\Users\daniel.ogagavworia\.m2\repository\io\netty\netty-transport-native-kqueue\4.1.96.Final\netty-transport-native-kqueue-4.1.96.Final.jar;C:\Users\daniel.ogagavworia\.m2\repository\io\netty\netty-transport-native-unix-common\4.1.96.Final\netty-transport-native-unix-common-4.1.96.Final.jar;C:\Users\daniel.ogagavworia\.m2\repository\io\netty\netty-transport\4.1.96.Final\netty-transport-4.1.96.Final.jar;C:\Users\daniel.ogagavworia\.m2\repository\io\netty\netty-resolver\4.1.96.Final\netty-resolver-4.1.96.Final.jar;C:\Users\daniel.ogagavworia\.m2\repository\io\opentelemetry\opentelemetry-api\1.28.0\opentelemetry-api-1.28.0.jar;C:\Users\daniel.ogagavworia\.m2\repository\io\opentelemetry\opentelemetry-context\1.28.0\opentelemetry-context-1.28.0.jar;C:\Users\daniel.ogagavworia\.m2\repository\io\opentelemetry\opentelemetry-exporter-logging\1.28.0\opentelemetry-exporter-logging-1.28.0.jar;C:\Users\daniel.ogagavworia\.m2\repository\io\opentelemetry\opentelemetry-sdk-metrics\1.28.0\opentelemetry-sdk-metrics-1.28.0.jar;C:\Users\daniel.ogagavworia\.m2\repository\io\opentelemetry\opentelemetry-extension-incubator\1.28.0-alpha\opentelemetry-extension-incubator-1.28.0-alpha.jar;C:\Users\daniel.ogagavworia\.m2\repository\io\opentelemetry\opentelemetry-sdk-logs\1.28.0\opentelemetry-sdk-logs-1.28.0.jar;C:\Users\daniel.ogagavworia\.m2\repository\io\opentelemetry\opentelemetry-sdk-common\1.28.0\opentelemetry-sdk-common-1.28.0.jar;C:\Users\daniel.ogagavworia\.m2\repository\io\opentelemetry\opentelemetry-sdk-extension-autoconfigure-spi\1.28.0\opentelemetry-sdk-extension-autoconfigure-spi-1.28.0.jar;C:\Users\daniel.ogagavworia\.m2\repository\io\opentelemetry\opentelemetry-sdk-extension-autoconfigure\1.28.0\opentelemetry-sdk-extension-autoconfigure-1.28.0.jar;C:\Users\daniel.ogagavworia\.m2\repository\io\opentelemetry\opentelemetry-api-events\1.28.0-alpha\opentelemetry-api-events-1.28.0-alpha.jar;C:\Users\daniel.ogagavworia\.m2\repository\io\opentelemetry\opentelemetry-sdk-trace\1.28.0\opentelemetry-sdk-trace-1.28.0.jar;C:\Users\daniel.ogagavworia\.m2\repository\io\opentelemetry\opentelemetry-sdk\1.28.0\opentelemetry-sdk-1.28.0.jar;C:\Users\daniel.ogagavworia\.m2\repository\io\opentelemetry\opentelemetry-semconv\1.28.0-alpha\opentelemetry-semconv-1.28.0-alpha.jar;C:\Users\daniel.ogagavworia\.m2\repository\net\bytebuddy\byte-buddy\1.14.5\byte-buddy-1.14.5.jar;C:\Users\daniel.ogagavworia\.m2\repository\org\asynchttpclient\async-http-client\2.12.3\async-http-client-2.12.3.jar;C:\Users\daniel.ogagavworia\.m2\repository\org\asynchttpclient\async-http-client-netty-utils\2.12.3\async-http-client-netty-utils-2.12.3.jar;C:\Users\daniel.ogagavworia\.m2\repository\io\netty\netty-codec-socks\4.1.60.Final\netty-codec-socks-4.1.60.Final.jar;C:\Users\daniel.ogagavworia\.m2\repository\io\netty\netty-handler-proxy\4.1.60.Final\netty-handler-proxy-4.1.60.Final.jar;C:\Users\daniel.ogagavworia\.m2\repository\io\netty\netty-transport-native-epoll\4.1.60.Final\netty-transport-native-epoll-4.1.60.Final-linux-x86_64.jar;C:\Users\daniel.ogagavworia\.m2\repository\io\netty\netty-transport-native-kqueue\4.1.60.Final\netty-transport-native-kqueue-4.1.60.Final-osx-x86_64.jar;C:\Users\daniel.ogagavworia\.m2\repository\com\typesafe\netty\netty-reactive-streams\2.0.4\netty-reactive-streams-2.0.4.jar;C:\Users\daniel.ogagavworia\.m2\repository\com\sun\activation\jakarta.activation\1.2.2\jakarta.activation-1.2.2.jar;C:\Users\daniel.ogagavworia\.m2\repository\org\seleniumhq\selenium\selenium-os\4.12.0\selenium-os-4.12.0.jar;C:\Users\daniel.ogagavworia\.m2\repository\org\apache\commons\commons-exec\1.3\commons-exec-1.3.jar;C:\Users\daniel.ogagavworia\.m2\repository\org\seleniumhq\selenium\selenium-safari-driver\4.12.0\selenium-safari-driver-4.12.0.jar;C:\Users\daniel.ogagavworia\.m2\repository\org\seleniumhq\selenium\selenium-support\4.12.0\selenium-support-4.12.0.jar;C:\Users\daniel.ogagavworia\.m2\repository\io\appium\java-client\8.5.1\java-client-8.5.1.jar;C:\Users\daniel.ogagavworia\.m2\repository\com\google\code\gson\gson\2.10.1\gson-2.10.1.jar;C:\Users\daniel.ogagavworia\.m2\repository\commons-validator\commons-validator\1.7\commons-validator-1.7.jar;C:\Users\daniel.ogagavworia\.m2\repository\commons-beanutils\commons-beanutils\1.9.4\commons-beanutils-1.9.4.jar;C:\Users\daniel.ogagavworia\.m2\repository\commons-digester\commons-digester\2.1\commons-digester-2.1.jar;C:\Users\daniel.ogagavworia\.m2\repository\commons-logging\commons-logging\1.2\commons-logging-1.2.jar;C:\Users\daniel.ogagavworia\.m2\repository\commons-collections\commons-collections\3.2.2\commons-collections-3.2.2.jar;C:\Users\daniel.ogagavworia\.m2\repository\org\apache\commons\commons-lang3\3.12.0\commons-lang3-3.12.0.jar;C:\Users\daniel.ogagavworia\.m2\repository\commons-io\commons-io\2.12.0\commons-io-2.12.0.jar;C:\Users\daniel.ogagavworia\.m2\repository\org\slf4j\slf4j-api\2.0.7\slf4j-api-2.0.7.jar;C:\Users\daniel.ogagavworia\.m2\repository\org\testng\testng\7.8.0\testng-7.8.0.jar;C:\Users\daniel.ogagavworia\.m2\repository\com\beust\jcommander\1.82\jcommander-1.82.jar;C:\Users\daniel.ogagavworia\.m2\repository\org\webjars\jquery\3.6.1\jquery-3.6.1.jar;C:\Users\daniel.ogagavworia\.m2\repository\com\aventstack\extentreports\5.1.1\extentreports-5.1.1.jar;C:\Users\daniel.ogagavworia\.m2\repository\io\reactivex\rxjava3\rxjava\3.1.6\rxjava-3.1.6.jar;C:\Users\daniel.ogagavworia\.m2\repository\org\reactivestreams\reactive-streams\1.0.4\reactive-streams-1.0.4.jar;C:\Users\daniel.ogagavworia\.m2\repository\org\freemarker\freemarker\2.3.32\freemarker-2.3.32.jar;C:\Users\daniel.ogagavworia\.m2\repository\org\projectlombok\lombok\1.18.26\lombok-1.18.26.jar;C:\Users\daniel.ogagavworia\.m2\repository\com\github\javafaker\javafaker\1.0.2\javafaker-1.0.2.jar;C:\Users\daniel.ogagavworia\.m2\repository\org\yaml\snakeyaml\1.23\snakeyaml-1.23-android.jar;C:\Users\daniel.ogagavworia\.m2\repository\com\github\mifmif\generex\1.0.2\generex-1.0.2.jar;C:\Users\daniel.ogagavworia\.m2\repository\dk\brics\automaton\automaton\1.11-8\automaton-1.11-8.jar;"/>
    <property name="java.vm.vendor" value="Oracle Corporation"/>
    <property name="sun.arch.data.model" value="64"/>
    <property name="user.variant" value=""/>
    <property name="java.vendor.url" value="https://java.oracle.com/"/>
    <property name="user.timezone" value="Africa/Lagos"/>
    <property name="user.country.format" value="NG"/>
    <property name="os.name" value="Windows 10"/>
    <property name="java.vm.specification.version" value="21"/>
    <property name="sun.java.launcher" value="SUN_STANDARD"/>
    <property name="user.country" value="GB"/>
    <property name="sun.boot.library.path" value="C:\Program Files\Java\jdk-21\bin"/>
    <property name="sun.java.command" value="C:\Users\daniel.ogagavworia\AppData\Local\Temp\surefire11542553473895791447\surefirebooter-20231019125928662_3.jar C:\Users\daniel.ogagavworia\AppData\Local\Temp\surefire11542553473895791447 2023-10-19T12-59-28_464-jvmRun1 surefire-20231019125928662_1tmp surefire_0-20231019125928662_2tmp"/>
    <property name="jdk.debug" value="release"/>
    <property name="surefire.test.class.path" value="C:\Users\daniel.ogagavworia\Documents\Quickteller_Mobile_Automation\target\test-classes;C:\Users\daniel.ogagavworia\Documents\Quickteller_Mobile_Automation\target\classes;C:\Users\daniel.ogagavworia\.m2\repository\org\seleniumhq\selenium\selenium-java\4.12.0\selenium-java-4.12.0.jar;C:\Users\daniel.ogagavworia\.m2\repository\org\seleniumhq\selenium\selenium-api\4.12.0\selenium-api-4.12.0.jar;C:\Users\daniel.ogagavworia\.m2\repository\org\seleniumhq\selenium\selenium-chrome-driver\4.12.0\selenium-chrome-driver-4.12.0.jar;C:\Users\daniel.ogagavworia\.m2\repository\com\google\auto\service\auto-service-annotations\1.1.1\auto-service-annotations-1.1.1.jar;C:\Users\daniel.ogagavworia\.m2\repository\com\google\guava\guava\32.1.2-jre\guava-32.1.2-jre.jar;C:\Users\daniel.ogagavworia\.m2\repository\com\google\guava\failureaccess\1.0.1\failureaccess-1.0.1.jar;C:\Users\daniel.ogagavworia\.m2\repository\com\google\guava\listenablefuture\9999.0-empty-to-avoid-conflict-with-guava\listenablefuture-9999.0-empty-to-avoid-conflict-with-guava.jar;C:\Users\daniel.ogagavworia\.m2\repository\com\google\code\findbugs\jsr305\3.0.2\jsr305-3.0.2.jar;C:\Users\daniel.ogagavworia\.m2\repository\org\checkerframework\checker-qual\3.33.0\checker-qual-3.33.0.jar;C:\Users\daniel.ogagavworia\.m2\repository\com\google\errorprone\error_prone_annotations\2.18.0\error_prone_annotations-2.18.0.jar;C:\Users\daniel.ogagavworia\.m2\repository\com\google\j2objc\j2objc-annotations\2.8\j2objc-annotations-2.8.jar;C:\Users\daniel.ogagavworia\.m2\repository\org\seleniumhq\selenium\selenium-chromium-driver\4.12.0\selenium-chromium-driver-4.12.0.jar;C:\Users\daniel.ogagavworia\.m2\repository\org\seleniumhq\selenium\selenium-json\4.12.0\selenium-json-4.12.0.jar;C:\Users\daniel.ogagavworia\.m2\repository\org\seleniumhq\selenium\selenium-manager\4.12.0\selenium-manager-4.12.0.jar;C:\Users\daniel.ogagavworia\.m2\repository\org\seleniumhq\selenium\selenium-devtools-v114\4.12.0\selenium-devtools-v114-4.12.0.jar;C:\Users\daniel.ogagavworia\.m2\repository\org\seleniumhq\selenium\selenium-devtools-v115\4.12.0\selenium-devtools-v115-4.12.0.jar;C:\Users\daniel.ogagavworia\.m2\repository\org\seleniumhq\selenium\selenium-devtools-v116\4.12.0\selenium-devtools-v116-4.12.0.jar;C:\Users\daniel.ogagavworia\.m2\repository\org\seleniumhq\selenium\selenium-devtools-v85\4.12.0\selenium-devtools-v85-4.12.0.jar;C:\Users\daniel.ogagavworia\.m2\repository\org\seleniumhq\selenium\selenium-edge-driver\4.12.0\selenium-edge-driver-4.12.0.jar;C:\Users\daniel.ogagavworia\.m2\repository\org\seleniumhq\selenium\selenium-firefox-driver\4.12.0\selenium-firefox-driver-4.12.0.jar;C:\Users\daniel.ogagavworia\.m2\repository\org\seleniumhq\selenium\selenium-http\4.12.0\selenium-http-4.12.0.jar;C:\Users\daniel.ogagavworia\.m2\repository\dev\failsafe\failsafe\3.3.2\failsafe-3.3.2.jar;C:\Users\daniel.ogagavworia\.m2\repository\org\seleniumhq\selenium\selenium-ie-driver\4.12.0\selenium-ie-driver-4.12.0.jar;C:\Users\daniel.ogagavworia\.m2\repository\org\seleniumhq\selenium\selenium-remote-driver\4.12.0\selenium-remote-driver-4.12.0.jar;C:\Users\daniel.ogagavworia\.m2\repository\io\netty\netty-buffer\4.1.96.Final\netty-buffer-4.1.96.Final.jar;C:\Users\daniel.ogagavworia\.m2\repository\io\netty\netty-codec-http\4.1.96.Final\netty-codec-http-4.1.96.Final.jar;C:\Users\daniel.ogagavworia\.m2\repository\io\netty\netty-codec\4.1.96.Final\netty-codec-4.1.96.Final.jar;C:\Users\daniel.ogagavworia\.m2\repository\io\netty\netty-handler\4.1.96.Final\netty-handler-4.1.96.Final.jar;C:\Users\daniel.ogagavworia\.m2\repository\io\netty\netty-common\4.1.96.Final\netty-common-4.1.96.Final.jar;C:\Users\daniel.ogagavworia\.m2\repository\io\netty\netty-transport-classes-epoll\4.1.96.Final\netty-transport-classes-epoll-4.1.96.Final.jar;C:\Users\daniel.ogagavworia\.m2\repository\io\netty\netty-transport-classes-kqueue\4.1.96.Final\netty-transport-classes-kqueue-4.1.96.Final.jar;C:\Users\daniel.ogagavworia\.m2\repository\io\netty\netty-transport-native-epoll\4.1.96.Final\netty-transport-native-epoll-4.1.96.Final.jar;C:\Users\daniel.ogagavworia\.m2\repository\io\netty\netty-transport-native-kqueue\4.1.96.Final\netty-transport-native-kqueue-4.1.96.Final.jar;C:\Users\daniel.ogagavworia\.m2\repository\io\netty\netty-transport-native-unix-common\4.1.96.Final\netty-transport-native-unix-common-4.1.96.Final.jar;C:\Users\daniel.ogagavworia\.m2\repository\io\netty\netty-transport\4.1.96.Final\netty-transport-4.1.96.Final.jar;C:\Users\daniel.ogagavworia\.m2\repository\io\netty\netty-resolver\4.1.96.Final\netty-resolver-4.1.96.Final.jar;C:\Users\daniel.ogagavworia\.m2\repository\io\opentelemetry\opentelemetry-api\1.28.0\opentelemetry-api-1.28.0.jar;C:\Users\daniel.ogagavworia\.m2\repository\io\opentelemetry\opentelemetry-context\1.28.0\opentelemetry-context-1.28.0.jar;C:\Users\daniel.ogagavworia\.m2\repository\io\opentelemetry\opentelemetry-exporter-logging\1.28.0\opentelemetry-exporter-logging-1.28.0.jar;C:\Users\daniel.ogagavworia\.m2\repository\io\opentelemetry\opentelemetry-sdk-metrics\1.28.0\opentelemetry-sdk-metrics-1.28.0.jar;C:\Users\daniel.ogagavworia\.m2\repository\io\opentelemetry\opentelemetry-extension-incubator\1.28.0-alpha\opentelemetry-extension-incubator-1.28.0-alpha.jar;C:\Users\daniel.ogagavworia\.m2\repository\io\opentelemetry\opentelemetry-sdk-logs\1.28.0\opentelemetry-sdk-logs-1.28.0.jar;C:\Users\daniel.ogagavworia\.m2\repository\io\opentelemetry\opentelemetry-sdk-common\1.28.0\opentelemetry-sdk-common-1.28.0.jar;C:\Users\daniel.ogagavworia\.m2\repository\io\opentelemetry\opentelemetry-sdk-extension-autoconfigure-spi\1.28.0\opentelemetry-sdk-extension-autoconfigure-spi-1.28.0.jar;C:\Users\daniel.ogagavworia\.m2\repository\io\opentelemetry\opentelemetry-sdk-extension-autoconfigure\1.28.0\opentelemetry-sdk-extension-autoconfigure-1.28.0.jar;C:\Users\daniel.ogagavworia\.m2\repository\io\opentelemetry\opentelemetry-api-events\1.28.0-alpha\opentelemetry-api-events-1.28.0-alpha.jar;C:\Users\daniel.ogagavworia\.m2\repository\io\opentelemetry\opentelemetry-sdk-trace\1.28.0\opentelemetry-sdk-trace-1.28.0.jar;C:\Users\daniel.ogagavworia\.m2\repository\io\opentelemetry\opentelemetry-sdk\1.28.0\opentelemetry-sdk-1.28.0.jar;C:\Users\daniel.ogagavworia\.m2\repository\io\opentelemetry\opentelemetry-semconv\1.28.0-alpha\opentelemetry-semconv-1.28.0-alpha.jar;C:\Users\daniel.ogagavworia\.m2\repository\net\bytebuddy\byte-buddy\1.14.5\byte-buddy-1.14.5.jar;C:\Users\daniel.ogagavworia\.m2\repository\org\asynchttpclient\async-http-client\2.12.3\async-http-client-2.12.3.jar;C:\Users\daniel.ogagavworia\.m2\repository\org\asynchttpclient\async-http-client-netty-utils\2.12.3\async-http-client-netty-utils-2.12.3.jar;C:\Users\daniel.ogagavworia\.m2\repository\io\netty\netty-codec-socks\4.1.60.Final\netty-codec-socks-4.1.60.Final.jar;C:\Users\daniel.ogagavworia\.m2\repository\io\netty\netty-handler-proxy\4.1.60.Final\netty-handler-proxy-4.1.60.Final.jar;C:\Users\daniel.ogagavworia\.m2\repository\io\netty\netty-transport-native-epoll\4.1.60.Final\netty-transport-native-epoll-4.1.60.Final-linux-x86_64.jar;C:\Users\daniel.ogagavworia\.m2\repository\io\netty\netty-transport-native-kqueue\4.1.60.Final\netty-transport-native-kqueue-4.1.60.Final-osx-x86_64.jar;C:\Users\daniel.ogagavworia\.m2\repository\com\typesafe\netty\netty-reactive-streams\2.0.4\netty-reactive-streams-2.0.4.jar;C:\Users\daniel.ogagavworia\.m2\repository\com\sun\activation\jakarta.activation\1.2.2\jakarta.activation-1.2.2.jar;C:\Users\daniel.ogagavworia\.m2\repository\org\seleniumhq\selenium\selenium-os\4.12.0\selenium-os-4.12.0.jar;C:\Users\daniel.ogagavworia\.m2\repository\org\apache\commons\commons-exec\1.3\commons-exec-1.3.jar;C:\Users\daniel.ogagavworia\.m2\repository\org\seleniumhq\selenium\selenium-safari-driver\4.12.0\selenium-safari-driver-4.12.0.jar;C:\Users\daniel.ogagavworia\.m2\repository\org\seleniumhq\selenium\selenium-support\4.12.0\selenium-support-4.12.0.jar;C:\Users\daniel.ogagavworia\.m2\repository\io\appium\java-client\8.5.1\java-client-8.5.1.jar;C:\Users\daniel.ogagavworia\.m2\repository\com\google\code\gson\gson\2.10.1\gson-2.10.1.jar;C:\Users\daniel.ogagavworia\.m2\repository\commons-validator\commons-validator\1.7\commons-validator-1.7.jar;C:\Users\daniel.ogagavworia\.m2\repository\commons-beanutils\commons-beanutils\1.9.4\commons-beanutils-1.9.4.jar;C:\Users\daniel.ogagavworia\.m2\repository\commons-digester\commons-digester\2.1\commons-digester-2.1.jar;C:\Users\daniel.ogagavworia\.m2\repository\commons-logging\commons-logging\1.2\commons-logging-1.2.jar;C:\Users\daniel.ogagavworia\.m2\repository\commons-collections\commons-collections\3.2.2\commons-collections-3.2.2.jar;C:\Users\daniel.ogagavworia\.m2\repository\org\apache\commons\commons-lang3\3.12.0\commons-lang3-3.12.0.jar;C:\Users\daniel.ogagavworia\.m2\repository\commons-io\commons-io\2.12.0\commons-io-2.12.0.jar;C:\Users\daniel.ogagavworia\.m2\repository\org\slf4j\slf4j-api\2.0.7\slf4j-api-2.0.7.jar;C:\Users\daniel.ogagavworia\.m2\repository\org\testng\testng\7.8.0\testng-7.8.0.jar;C:\Users\daniel.ogagavworia\.m2\repository\com\beust\jcommander\1.82\jcommander-1.82.jar;C:\Users\daniel.ogagavworia\.m2\repository\org\webjars\jquery\3.6.1\jquery-3.6.1.jar;C:\Users\daniel.ogagavworia\.m2\repository\com\aventstack\extentreports\5.1.1\extentreports-5.1.1.jar;C:\Users\daniel.ogagavworia\.m2\repository\io\reactivex\rxjava3\rxjava\3.1.6\rxjava-3.1.6.jar;C:\Users\daniel.ogagavworia\.m2\repository\org\reactivestreams\reactive-streams\1.0.4\reactive-streams-1.0.4.jar;C:\Users\daniel.ogagavworia\.m2\repository\org\freemarker\freemarker\2.3.32\freemarker-2.3.32.jar;C:\Users\daniel.ogagavworia\.m2\repository\org\projectlombok\lombok\1.18.26\lombok-1.18.26.jar;C:\Users\daniel.ogagavworia\.m2\repository\com\github\javafaker\javafaker\1.0.2\javafaker-1.0.2.jar;C:\Users\daniel.ogagavworia\.m2\repository\org\yaml\snakeyaml\1.23\snakeyaml-1.23-android.jar;C:\Users\daniel.ogagavworia\.m2\repository\com\github\mifmif\generex\1.0.2\generex-1.0.2.jar;C:\Users\daniel.ogagavworia\.m2\repository\dk\brics\automaton\automaton\1.11-8\automaton-1.11-8.jar;"/>
    <property name="sun.cpu.endian" value="little"/>
    <property name="user.home" value="C:\Users\daniel.ogagavworia"/>
    <property name="user.language" value="en"/>
    <property name="java.specification.vendor" value="Oracle Corporation"/>
    <property name="java.version.date" value="2023-09-19"/>
    <property name="java.home" value="C:\Program Files\Java\jdk-21"/>
    <property name="file.separator" value="\"/>
    <property name="basedir" value="C:\Users\daniel.ogagavworia\Documents\Quickteller_Mobile_Automation"/>
    <property name="java.vm.compressedOopsMode" value="Zero based"/>
    <property name="line.separator" value="&#10;"/>
    <property name="java.vm.specification.vendor" value="Oracle Corporation"/>
    <property name="java.specification.name" value="Java Platform API Specification"/>
    <property name="surefire.real.class.path" value="C:\Users\daniel.ogagavworia\AppData\Local\Temp\surefire11542553473895791447\surefirebooter-20231019125928662_3.jar"/>
    <property name="user.script" value=""/>
    <property name="sun.management.compiler" value="HotSpot 64-Bit Tiered Compilers"/>
    <property name="java.runtime.version" value="21+35-LTS-2513"/>
    <property name="user.name" value="Daniel.Ogagavworia"/>
    <property name="stdout.encoding" value="Cp1252"/>
    <property name="path.separator" value=";"/>
    <property name="os.version" value="10.0"/>
    <property name="java.runtime.name" value="Java(TM) SE Runtime Environment"/>
    <property name="file.encoding" value="UTF-8"/>
    <property name="java.vm.name" value="Java HotSpot(TM) 64-Bit Server VM"/>
    <property name="localRepository" value="C:\Users\daniel.ogagavworia\.m2\repository"/>
    <property name="java.vendor.url.bug" value="https://bugreport.java.com/bugreport/"/>
    <property name="java.io.tmpdir" value="C:\Users\DANIEL~1.OGA\AppData\Local\Temp\"/>
    <property name="java.version" value="21"/>
    <property name="user.dir" value="C:\Users\daniel.ogagavworia\Documents\Quickteller_Mobile_Automation"/>
    <property name="os.arch" value="amd64"/>
    <property name="java.vm.specification.name" value="Java Virtual Machine Specification"/>
    <property name="sun.os.patch.level" value=""/>
    <property name="native.encoding" value="Cp1252"/>
    <property name="java.library.path" value="C:\Program Files\Java\jdk-21\bin;C:\Windows\Sun\Java\bin;C:\Windows\system32;C:\Windows;C:\Program Files\Common Files\Oracle\Java\javapath;C:\Program Files\Java\jdk-21\bin;C:\Program Files (x86)\Common Files\Oracle\Java\javapath;C:\Python311\Scripts\;C:\Python311\;C:\Windows\system32;C:\Windows;C:\Windows\System32\Wbem;C:\Windows\System32\WindowsPowerShell\v1.0\;C:\Windows\System32\OpenSSH\;C:\Program Files (x86)\Microsoft SQL Server\150\DTS\Binn\;C:\Program Files\Azure Data Studio\bin;C:\Maven\apache-maven-3.9.4\bin;C:\ProgramData\chocolatey\bin;C:\Users\daniel.ogagavworia\Desktop\android-sdk\cmdline-tools\tools\bin;C:\Users\daniel.ogagavworia\Desktop\android-sdk\platform-tools;C:\Users\daniel.ogagavworia\Desktop\android-sdk\emulator;C:\Users\daniel.ogagavworia\Desktop\android-sdk\cmdline-tools\tools;C:\Users\daniel.ogagavworia\Desktop\android-sdk\platforms;C:\Program Files\Git\cmd;C:\Users\daniel.ogagavworia\AppData\Roaming\npm;C:\Program Files\nodejs\;C:\Users\daniel.ogagavworia\AppData\Local\Programs\Python\Launcher\;C:\Users\daniel.ogagavworia\AppData\Local\Programs\Python\Python311\Scripts\;C:\Users\daniel.ogagavworia\AppData\Local\Programs\Python\Python311\;C:\Users\daniel.ogagavworia\AppData\Local\Microsoft\WindowsApps;C:\Program Files\Azure Data Studio\bin;C:\Users\daniel.ogagavworia\AppData\Local\Programs\Microsoft VS Code\bin;C:\Users\daniel.ogagavworia\AppData\Roaming\npm;;."/>
    <property name="java.vm.info" value="mixed mode, sharing"/>
    <property name="stderr.encoding" value="Cp1252"/>
    <property name="java.vendor" value="Oracle Corporation"/>
    <property name="java.vm.version" value="21+35-LTS-2513"/>
    <property name="sun.io.unicode.encoding" value="UnicodeLittle"/>
    <property name="java.class.version" value="65.0"/>
  </properties>
  <testcase name="Testcase_One" classname="testcases.Android.LoginTestCase" time="22.238">
    <system-out><![CDATA[&amp#27;[35m[Appium]&amp#27;[39m Welcome to Appium v2.1.3
&amp#27;[35m[Appium]&amp#27;[39m Attempting to load driver uiautomator2...
[debug] &amp#27;[35m[Appium]&amp#27;[39m Requiring driver at C:\Users\daniel.ogagavworia\.appium\node_modules\appium-uiautomator2-driver
&amp#27;[35m[Appium]&amp#27;[39m Appium REST http interface listener started on http://0.0.0.0:4723
&amp#27;[35m[Appium]&amp#27;[39m You can provide the following URLs in your client code to connect to this server:
&amp#27;[35m[Appium]&amp#27;[39m 	http://192.168.56.1:4723/
&amp#27;[35m[Appium]&amp#27;[39m 	http://192.168.222.2:4723/
&amp#27;[35m[Appium]&amp#27;[39m 	http://192.168.48.2:4723/
&amp#27;[35m[Appium]&amp#27;[39m 	http://192.168.239.2:4723/
&amp#27;[35m[Appium]&amp#27;[39m 	http://192.168.136.2:4723/
&amp#27;[35m[Appium]&amp#27;[39m 	http://192.168.6.2:4723/
&amp#27;[35m[Appium]&amp#27;[39m 	http://192.168.12.2:4723/
&amp#27;[35m[Appium]&amp#27;[39m 	http://192.168.179.2:4723/
&amp#27;[35m[Appium]&amp#27;[39m 	http://192.168.114.2:4723/
&amp#27;[35m[Appium]&amp#27;[39m 	http://192.168.227.2:4723/
&amp#27;[35m[Appium]&amp#27;[39m 	http://192.168.88.2:4723/
&amp#27;[35m[Appium]&amp#27;[39m 	http://169.254.109.125:4723/
&amp#27;[35m[Appium]&amp#27;[39m 	http://169.254.64.15:4723/
&amp#27;[35m[Appium]&amp#27;[39m 	http://169.254.53.117:4723/
&amp#27;[35m[Appium]&amp#27;[39m 	http://169.254.80.104:4723/
&amp#27;[35m[Appium]&amp#27;[39m 	http://169.254.31.112:4723/
&amp#27;[35m[Appium]&amp#27;[39m 	http://192.168.115.1:4723/
&amp#27;[35m[Appium]&amp#27;[39m 	http://192.168.0.136:4723/
&amp#27;[35m[Appium]&amp#27;[39m 	http://127.0.0.1:4723/ (only accessible from the same host)
&amp#27;[35m[Appium]&amp#27;[39m Available drivers:
&amp#27;[35m[Appium]&amp#27;[39m   - uiautomator2@2.29.2 (automationName 'UiAutomator2')
&amp#27;[35m[Appium]&amp#27;[39m No plugins have been installed. Use the "appium plugin" command to install the one(s) you want to use.
&amp#27;[38;5;0m[HTTP]&amp#27;[0m &amp#27;[37m-->&amp#27;[39m &amp#27;[37mGET&amp#27;[39m &amp#27;[37m/status&amp#27;[39m
&amp#27;[38;5;0m[HTTP]&amp#27;[0m &amp#27;[90m{}&amp#27;[39m
[debug] &amp#27;[38;5;16m[AppiumDriver@10c8]&amp#27;[0m Calling AppiumDriver.getStatus() with args: []
[debug] &amp#27;[38;5;16m[AppiumDriver@10c8]&amp#27;[0m Responding to client with driver.getStatus() result: {"ready":true,"message":"The server is ready to accept new connections","build":{"version":"2.1.3"}}
&amp#27;[38;5;0m[HTTP]&amp#27;[0m &amp#27;[37m<-- GET /status &amp#27;[39m&amp#27;[32m200&amp#27;[39m &amp#27;[90m3 ms - 110&amp#27;[39m
&amp#27;[38;5;0m[HTTP]&amp#27;[0m &amp#27;[90m&amp#27;[39m
[debug] &amp#27;[38;5;0m[HTTP]&amp#27;[0m Request idempotency key: 0a010d41-8280-4b8b-b33b-ca19f4039706
&amp#27;[38;5;0m[HTTP]&amp#27;[0m &amp#27;[37m-->&amp#27;[39m &amp#27;[37mPOST&amp#27;[39m &amp#27;[37m/session&amp#27;[39m
&amp#27;[38;5;0m[HTTP]&amp#27;[0m &amp#27;[90m{"capabilities":{"firstMatch":[{}],"alwaysMatch":{"appium:app":"C:\\Users\\daniel.ogagavworia\\Documents\\Quickteller_Mobile_Automation//src//test//resources//APKS//flaggedDomain.apk","appium:automationName":"UIAutomator2","appium:deviceName":"Pixel","platformName":"ANDROID"}}}&amp#27;[39m
[debug] &amp#27;[38;5;16m[AppiumDriver@10c8]&amp#27;[0m Calling AppiumDriver.createSession() with args: [null,null,{"firstMatch":[{}],"alwaysMatch":{"appium:app":"C:\\Users\\daniel.ogagavworia\\Documents\\Quickteller_Mobile_Automation//src//test//resources//APKS//flaggedDomain.apk","appium:automationName":"UIAutomator2","appium:deviceName":"Pixel","platformName":"ANDROID"}}]
[debug] &amp#27;[38;5;16m[AppiumDriver@10c8]&amp#27;[0m Event 'newSessionRequested' logged at 1697716788535 (12:59:48 GMT+0100 (West Africa Standard Time))
&amp#27;[35m[Appium]&amp#27;[39m Attempting to find matching driver for automationName 'UIAutomator2' and platformName 'ANDROID'
&amp#27;[35m[Appium]&amp#27;[39m The 'uiautomator2' driver was installed and matched caps.
&amp#27;[35m[Appium]&amp#27;[39m Will require it at C:\Users\daniel.ogagavworia\.appium\node_modules\appium-uiautomator2-driver
[debug] &amp#27;[35m[Appium]&amp#27;[39m Requiring driver at C:\Users\daniel.ogagavworia\.appium\node_modules\appium-uiautomator2-driver
&amp#27;[38;5;16m[AppiumDriver@10c8]&amp#27;[0m Appium v2.1.3 creating new AndroidUiautomator2Driver (v2.29.2) session
&amp#27;[38;5;16m[AppiumDriver@10c8]&amp#27;[0m Checking BaseDriver versions for Appium and AndroidUiautomator2Driver
&amp#27;[38;5;16m[AppiumDriver@10c8]&amp#27;[0m Appium's BaseDriver version is 9.3.20
&amp#27;[38;5;16m[AppiumDriver@10c8]&amp#27;[0m AndroidUiautomator2Driver's BaseDriver version is 9.3.20
[debug] &amp#27;[38;5;32m[AndroidUiautomator2Driver@e47a]&amp#27;[0m Creating session with W3C capabilities: {
[debug] &amp#27;[38;5;32m[AndroidUiautomator2Driver@e47a]&amp#27;[0m   "alwaysMatch": {
[debug] &amp#27;[38;5;32m[AndroidUiautomator2Driver@e47a]&amp#27;[0m     "platformName": "ANDROID",
[debug] &amp#27;[38;5;32m[AndroidUiautomator2Driver@e47a]&amp#27;[0m     "appium:app": "C:\\Users\\daniel.ogagavworia\\Documents\\Quickteller_Mobile_Automation//src//test//resources//APKS//flaggedDomain.apk",
[debug] &amp#27;[38;5;32m[AndroidUiautomator2Driver@e47a]&amp#27;[0m     "appium:automationName": "UIAutomator2",
[debug] &amp#27;[38;5;32m[AndroidUiautomator2Driver@e47a]&amp#27;[0m     "appium:deviceName": "Pixel"
[debug] &amp#27;[38;5;32m[AndroidUiautomator2Driver@e47a]&amp#27;[0m   },
[debug] &amp#27;[38;5;32m[AndroidUiautomator2Driver@e47a]&amp#27;[0m   "firstMatch": [
[debug] &amp#27;[38;5;32m[AndroidUiautomator2Driver@e47a]&amp#27;[0m     {}
[debug] &amp#27;[38;5;32m[AndroidUiautomator2Driver@e47a]&amp#27;[0m   ]
[debug] &amp#27;[38;5;32m[AndroidUiautomator2Driver@e47a]&amp#27;[0m }
&amp#27;[38;5;32m[AndroidUiautomator2Driver@e47a]&amp#27;[0m The following capabilities were provided, but are not recognized by Appium:
&amp#27;[38;5;32m[AndroidUiautomator2Driver@e47a]&amp#27;[0m   deviceName
&amp#27;[38;5;32m[AndroidUiautomator2Driver@e47a (b74c386a)]&amp#27;[0m Session created with session id: b74c386a-bd63-4a4d-b13a-d366382f07b7
&amp#27;[38;5;48m[BaseDriver]&amp#27;[0m Using local app 'C:\Users\daniel.ogagavworia\Documents\Quickteller_Mobile_Automation//src//test//resources//APKS//flaggedDomain.apk'
[debug] &amp#27;[38;5;32m[AndroidUiautomator2Driver@e47a (b74c386a)]&amp#27;[0m Checking whether app is actually present
&amp#27;[38;5;64m[ADB]&amp#27;[0m Found 2 'build-tools' folders under 'C:\Users\daniel.ogagavworia\Desktop\android-sdk' (newest first):
&amp#27;[38;5;64m[ADB]&amp#27;[0m     C:/Users/daniel.ogagavworia/Desktop/android-sdk/build-tools/34.0.0
&amp#27;[38;5;64m[ADB]&amp#27;[0m     C:/Users/daniel.ogagavworia/Desktop/android-sdk/build-tools/30.0.3
&amp#27;[38;5;64m[ADB]&amp#27;[0m Using 'adb.exe' from 'C:\Users\daniel.ogagavworia\Desktop\android-sdk\platform-tools\adb.exe'
[debug] &amp#27;[38;5;64m[ADB]&amp#27;[0m Running 'C:\Users\daniel.ogagavworia\Desktop\android-sdk\platform-tools\adb.exe -P 5037 start-server'
&amp#27;[38;5;80m[AndroidDriver]&amp#27;[0m Retrieving device list
[debug] &amp#27;[38;5;64m[ADB]&amp#27;[0m Trying to find a connected android device
[debug] &amp#27;[38;5;64m[ADB]&amp#27;[0m Getting connected devices
[debug] &amp#27;[38;5;64m[ADB]&amp#27;[0m Connected devices: [{"udid":"emulator-5554","state":"device"}]
&amp#27;[38;5;80m[AndroidDriver]&amp#27;[0m Using device: emulator-5554
&amp#27;[38;5;64m[ADB]&amp#27;[0m Using 'adb.exe' from 'C:\Users\daniel.ogagavworia\Desktop\android-sdk\platform-tools\adb.exe'
[debug] &amp#27;[38;5;64m[ADB]&amp#27;[0m Running 'C:\Users\daniel.ogagavworia\Desktop\android-sdk\platform-tools\adb.exe -P 5037 start-server'
[debug] &amp#27;[38;5;64m[ADB]&amp#27;[0m Setting device id to emulator-5554
[debug] &amp#27;[38;5;64m[ADB]&amp#27;[0m Running 'C:\Users\daniel.ogagavworia\Desktop\android-sdk\platform-tools\adb.exe -P 5037 -s emulator-5554 shell getprop ro.build.version.sdk'
[debug] &amp#27;[38;5;64m[ADB]&amp#27;[0m Current device property 'ro.build.version.sdk': 33
&amp#27;[38;5;64m[ADB]&amp#27;[0m Getting device platform version
[debug] &amp#27;[38;5;64m[ADB]&amp#27;[0m Running 'C:\Users\daniel.ogagavworia\Desktop\android-sdk\platform-tools\adb.exe -P 5037 -s emulator-5554 shell getprop ro.build.version.release'
[debug] &amp#27;[38;5;64m[ADB]&amp#27;[0m Current device property 'ro.build.version.release': 13
[debug] &amp#27;[38;5;64m[ADB]&amp#27;[0m Device API level: 33
&amp#27;[38;5;32m[AndroidUiautomator2Driver@e47a (b74c386a)]&amp#27;[0m Relaxing hidden api policy
[debug] &amp#27;[38;5;64m[ADB]&amp#27;[0m Running 'C:\Users\daniel.ogagavworia\Desktop\android-sdk\platform-tools\adb.exe -P 5037 -s emulator-5554 shell 'settings put global hidden_api_policy_pre_p_apps 1;settings put global hidden_api_policy_p_apps 1;settings put global hidden_api_policy 1''
[debug] &amp#27;[38;5;80m[AndroidDriver]&amp#27;[0m Parsing package and activity from app manifest
&amp#27;[38;5;64m[ADB]&amp#27;[0m Package name: 'com.quickteller.app'
&amp#27;[38;5;64m[ADB]&amp#27;[0m Main activity name: 'com.quickteller.app.MainActivity'
[debug] &amp#27;[38;5;80m[AndroidDriver]&amp#27;[0m Parsed package and activity are: com.quickteller.app/com.quickteller.app.MainActivity
[debug] &amp#27;[38;5;64m[ADB]&amp#27;[0m Running 'C:\Users\daniel.ogagavworia\Desktop\android-sdk\platform-tools\adb.exe -P 5037 -s emulator-5554 wait-for-device'
[debug] &amp#27;[38;5;64m[ADB]&amp#27;[0m Running 'C:\Users\daniel.ogagavworia\Desktop\android-sdk\platform-tools\adb.exe -P 5037 -s emulator-5554 shell echo ping'
[debug] &amp#27;[38;5;80m[AndroidDriver]&amp#27;[0m Pushing settings apk to device...
[debug] &amp#27;[38;5;64m[ADB]&amp#27;[0m Getting package info for 'io.appium.settings'
[debug] &amp#27;[38;5;64m[ADB]&amp#27;[0m Running 'C:\Users\daniel.ogagavworia\Desktop\android-sdk\platform-tools\adb.exe -P 5037 -s emulator-5554 shell dumpsys package io.appium.settings'
[debug] &amp#27;[38;5;64m[ADB]&amp#27;[0m The version name of the installed 'io.appium.settings' is greater or equal to the application version name ('5.0.5' >= '5.0.5')
[debug] &amp#27;[38;5;64m[ADB]&amp#27;[0m There is no need to install/upgrade 'C:\Users\daniel.ogagavworia\.appium\node_modules\appium-uiautomator2-driver\node_modules\io.appium.settings\apks\settings_apk-debug.apk'
[debug] &amp#27;[38;5;64m[ADB]&amp#27;[0m Getting IDs of all 'io.appium.settings' processes
[debug] &amp#27;[38;5;64m[ADB]&amp#27;[0m Running 'C:\Users\daniel.ogagavworia\Desktop\android-sdk\platform-tools\adb.exe -P 5037 -s emulator-5554 shell 'pgrep --help; echo $?''
[debug] &amp#27;[38;5;64m[ADB]&amp#27;[0m Running 'C:\Users\daniel.ogagavworia\Desktop\android-sdk\platform-tools\adb.exe -P 5037 -s emulator-5554 shell pgrep -f \(\[\[:blank:\]\]\|\^\)io\.appium\.settings\(\[\[:blank:\]\]\|\$\)'
[debug] &amp#27;[38;5;80m[AndroidDriver]&amp#27;[0m io.appium.settings is already running. There is no need to reset its permissions.
[debug] &amp#27;[38;5;96m[Logcat]&amp#27;[0m Starting logs capture with command: C:\\Users\\daniel.ogagavworia\\Desktop\\android-sdk\\platform-tools\\adb.exe -P 5037 -s emulator-5554 logcat -v threadtime
[debug] &amp#27;[38;5;32m[AndroidUiautomator2Driver@e47a (b74c386a)]&amp#27;[0m Forwarding UiAutomator2 Server port 6790 to local port 8200
[debug] &amp#27;[38;5;64m[ADB]&amp#27;[0m Forwarding system: 8200 to device: 6790
[debug] &amp#27;[38;5;64m[ADB]&amp#27;[0m Running 'C:\Users\daniel.ogagavworia\Desktop\android-sdk\platform-tools\adb.exe -P 5037 -s emulator-5554 forward tcp:8200 tcp:6790'
[debug] &amp#27;[38;5;64m[ADB]&amp#27;[0m Checking app cert for C:\Users\daniel.ogagavworia\.appium\node_modules\appium-uiautomator2-driver\node_modules\appium-uiautomator2-server\apks\appium-uiautomator2-server-v5.12.2.apk
[debug] &amp#27;[38;5;64m[ADB]&amp#27;[0m Checking app cert for C:\Users\daniel.ogagavworia\.appium\node_modules\appium-uiautomator2-driver\node_modules\appium-uiautomator2-server\apks\appium-uiautomator2-server-debug-androidTest.apk
&amp#27;[38;5;64m[ADB]&amp#27;[0m Using 'apksigner.jar' from 'C:\Users\daniel.ogagavworia\Desktop\android-sdk\build-tools\34.0.0\lib\apksigner.jar'
[debug] &amp#27;[38;5;64m[ADB]&amp#27;[0m Starting apksigner: 'C:\\Program Files\\Java\\jdk-21\\bin\\java.exe' -Xmx1024M -Xss1m -jar C:\\Users\\daniel.ogagavworia\\Desktop\\android-sdk\\build-tools\\34.0.0\\lib\\apksigner.jar verify --print-certs C:\\Users\\daniel.ogagavworia\\.appium\\node_modules\\appium-uiautomator2-driver\\node_modules\\appium-uiautomator2-server\\apks\\appium-uiautomator2-server-debug-androidTest.apk
[debug] &amp#27;[38;5;64m[ADB]&amp#27;[0m Starting apksigner: 'C:\\Program Files\\Java\\jdk-21\\bin\\java.exe' -Xmx1024M -Xss1m -jar C:\\Users\\daniel.ogagavworia\\Desktop\\android-sdk\\build-tools\\34.0.0\\lib\\apksigner.jar verify --print-certs C:\\Users\\daniel.ogagavworia\\.appium\\node_modules\\appium-uiautomator2-driver\\node_modules\\appium-uiautomator2-server\\apks\\appium-uiautomator2-server-v5.12.2.apk
[debug] &amp#27;[38;5;64m[ADB]&amp#27;[0m apksigner stdout: Signer #1 certificate DN: EMAILADDRESS=android@android.com, CN=Android, OU=Android, O=Android, L=Mountain View, ST=California, C=US
[debug] &amp#27;[38;5;64m[ADB]&amp#27;[0m Signer #1 certificate SHA-256 digest: a40da80a59d170caa950cf15c18c454d47a39b26989d8b640ecd745ba71bf5dc
[debug] &amp#27;[38;5;64m[ADB]&amp#27;[0m Signer #1 certificate SHA-1 digest: 61ed377e85d386a8dfee6b864bd85b0bfaa5af81
[debug] &amp#27;[38;5;64m[ADB]&amp#27;[0m Signer #1 certificate MD5 digest: e89b158e4bcf988ebd09eb83f5378e87
[debug] &amp#27;[38;5;64m[ADB]&amp#27;[0m 
[debug] &amp#27;[38;5;64m[ADB]&amp#27;[0m sha256 hash did match for 'appium-uiautomator2-server-debug-androidTest.apk'
&amp#27;[38;5;64m[ADB]&amp#27;[0m 'C:\Users\daniel.ogagavworia\.appium\node_modules\appium-uiautomator2-driver\node_modules\appium-uiautomator2-server\apks\appium-uiautomator2-server-debug-androidTest.apk' is signed with the default certificate
[debug] &amp#27;[38;5;64m[ADB]&amp#27;[0m Getting install status for io.appium.uiautomator2.server.test
[debug] &amp#27;[38;5;64m[ADB]&amp#27;[0m Running 'C:\Users\daniel.ogagavworia\Desktop\android-sdk\platform-tools\adb.exe -P 5037 -s emulator-5554 shell pm path io.appium.uiautomator2.server.test'
[debug] &amp#27;[38;5;64m[ADB]&amp#27;[0m 'io.appium.uiautomator2.server.test' is installed
[debug] &amp#27;[38;5;64m[ADB]&amp#27;[0m apksigner stdout: Signer #1 certificate DN: EMAILADDRESS=android@android.com, CN=Android, OU=Android, O=Android, L=Mountain View, ST=California, C=US
[debug] &amp#27;[38;5;64m[ADB]&amp#27;[0m Signer #1 certificate SHA-256 digest: a40da80a59d170caa950cf15c18c454d47a39b26989d8b640ecd745ba71bf5dc
[debug] &amp#27;[38;5;64m[ADB]&amp#27;[0m Signer #1 certificate SHA-1 digest: 61ed377e85d386a8dfee6b864bd85b0bfaa5af81
[debug] &amp#27;[38;5;64m[ADB]&amp#27;[0m Signer #1 certificate MD5 digest: e89b158e4bcf988ebd09eb83f5378e87
[debug] &amp#27;[38;5;64m[ADB]&amp#27;[0m 
[debug] &amp#27;[38;5;64m[ADB]&amp#27;[0m sha256 hash did match for 'appium-uiautomator2-server-v5.12.2.apk'
&amp#27;[38;5;64m[ADB]&amp#27;[0m 'C:\Users\daniel.ogagavworia\.appium\node_modules\appium-uiautomator2-driver\node_modules\appium-uiautomator2-server\apks\appium-uiautomator2-server-v5.12.2.apk' is signed with the default certificate
[debug] &amp#27;[38;5;64m[ADB]&amp#27;[0m Getting package info for 'io.appium.uiautomator2.server'
[debug] &amp#27;[38;5;64m[ADB]&amp#27;[0m Running 'C:\Users\daniel.ogagavworia\Desktop\android-sdk\platform-tools\adb.exe -P 5037 -s emulator-5554 shell dumpsys package io.appium.uiautomator2.server'
[debug] &amp#27;[38;5;64m[ADB]&amp#27;[0m The version name of the installed 'io.appium.uiautomator2.server' is greater or equal to the application version name ('5.12.2' >= '5.12.2')
[debug] &amp#27;[38;5;32m[AndroidUiautomator2Driver@e47a (b74c386a)]&amp#27;[0m Server packages status: [{"wasSigned":true,"installState":"sameVersionInstalled","appPath":"C:\\Users\\daniel.ogagavworia\\.appium\\node_modules\\appium-uiautomator2-driver\\node_modules\\appium-uiautomator2-server\\apks\\appium-uiautomator2-server-v5.12.2.apk","appId":"io.appium.uiautomator2.server"},{"wasSigned":true,"installState":"sameVersionInstalled","appPath":"C:\\Users\\daniel.ogagavworia\\.appium\\node_modules\\appium-uiautomator2-driver\\node_modules\\appium-uiautomator2-server\\apks\\appium-uiautomator2-server-debug-androidTest.apk","appId":"io.appium.uiautomator2.server.test"}]
&amp#27;[38;5;32m[AndroidUiautomator2Driver@e47a (b74c386a)]&amp#27;[0m Server packages are not going to be (re)installed
[debug] &amp#27;[38;5;32m[AndroidUiautomator2Driver@e47a (b74c386a)]&amp#27;[0m Waiting up to 30000ms for services to be available
[debug] &amp#27;[38;5;64m[ADB]&amp#27;[0m Running 'C:\Users\daniel.ogagavworia\Desktop\android-sdk\platform-tools\adb.exe -P 5037 -s emulator-5554 shell pm list instrumentation'
[debug] &amp#27;[38;5;32m[AndroidUiautomator2Driver@e47a (b74c386a)]&amp#27;[0m Instrumentation target 'io.appium.uiautomator2.server.test/androidx.test.runner.AndroidJUnitRunner' is available
&amp#27;[38;5;64m[ADB]&amp#27;[0m Adding packages ["io.appium.settings","io.appium.uiautomator2.server","io.appium.uiautomator2.server.test"] to Doze whitelist
[debug] &amp#27;[38;5;64m[ADB]&amp#27;[0m Got the following command chunks to execute: [["dumpsys","deviceidle","whitelist","+io.appium.settings",";","dumpsys","deviceidle","whitelist","+io.appium.uiautomator2.server",";","dumpsys","deviceidle","whitelist","+io.appium.uiautomator2.server.test",";"]]
[debug] &amp#27;[38;5;64m[ADB]&amp#27;[0m Running 'C:\Users\daniel.ogagavworia\Desktop\android-sdk\platform-tools\adb.exe -P 5037 -s emulator-5554 shell dumpsys deviceidle whitelist +io.appium.settings ; dumpsys deviceidle whitelist +io.appium.uiautomator2.server ; dumpsys deviceidle whitelist +io.appium.uiautomator2.server.test ;'
[debug] &amp#27;[38;5;64m[ADB]&amp#27;[0m Checking app cert for C:\Users\daniel.ogagavworia\Documents\Quickteller_Mobile_Automation//src//test//resources//APKS//flaggedDomain.apk
[debug] &amp#27;[38;5;64m[ADB]&amp#27;[0m Starting apksigner: 'C:\\Program Files\\Java\\jdk-21\\bin\\java.exe' -Xmx1024M -Xss1m -jar C:\\Users\\daniel.ogagavworia\\Desktop\\android-sdk\\build-tools\\34.0.0\\lib\\apksigner.jar verify --print-certs C:\\Users\\daniel.ogagavworia\\Documents\\Quickteller_Mobile_Automation//src//test//resources//APKS//flaggedDomain.apk
[debug] &amp#27;[38;5;64m[ADB]&amp#27;[0m apksigner stdout: Signer #1 certificate DN: CN=Adewale Balogun, OU=Group Shared Technology, O=Interswitch Limited, L=Victoria Island, ST=Lagos, C=NG
[debug] &amp#27;[38;5;64m[ADB]&amp#27;[0m Signer #1 certificate SHA-256 digest: dd32553e5745dc39804f0817b37988460655efbeec8438815d0719d6f93114b3
[debug] &amp#27;[38;5;64m[ADB]&amp#27;[0m Signer #1 certificate SHA-1 digest: e6aad12b44c611ac9f6d471f916960f8e3acfd2c
[debug] &amp#27;[38;5;64m[ADB]&amp#27;[0m Signer #1 certificate MD5 digest: c4e49bc2ae98a76524251ee95ace564e
[debug] &amp#27;[38;5;64m[ADB]&amp#27;[0m 
&amp#27;[38;5;64m[ADB]&amp#27;[0m 'C:\Users\daniel.ogagavworia\Documents\Quickteller_Mobile_Automation//src//test//resources//APKS//flaggedDomain.apk' is signed with a non-default certificate
[debug] &amp#27;[38;5;64m[ADB]&amp#27;[0m Getting package info for 'com.quickteller.app'
[debug] &amp#27;[38;5;64m[ADB]&amp#27;[0m Running 'C:\Users\daniel.ogagavworia\Desktop\android-sdk\platform-tools\adb.exe -P 5037 -s emulator-5554 shell dumpsys package com.quickteller.app'
[debug] &amp#27;[38;5;64m[ADB]&amp#27;[0m The version name of the installed 'com.quickteller.app' is greater or equal to the application version name ('1.0.50' >= '1.0.50')
[debug] &amp#27;[38;5;64m[ADB]&amp#27;[0m There is no need to install/upgrade 'C:\Users\daniel.ogagavworia\Documents\Quickteller_Mobile_Automation//src//test//resources//APKS//flaggedDomain.apk'
&amp#27;[38;5;80m[AndroidDriver]&amp#27;[0m Performing fast reset on 'com.quickteller.app'
[debug] &amp#27;[38;5;64m[ADB]&amp#27;[0m Getting install status for com.quickteller.app
[debug] &amp#27;[38;5;64m[ADB]&amp#27;[0m Running 'C:\Users\daniel.ogagavworia\Desktop\android-sdk\platform-tools\adb.exe -P 5037 -s emulator-5554 shell pm path com.quickteller.app'
[debug] &amp#27;[38;5;64m[ADB]&amp#27;[0m 'com.quickteller.app' is installed
[debug] &amp#27;[38;5;64m[ADB]&amp#27;[0m Running 'C:\Users\daniel.ogagavworia\Desktop\android-sdk\platform-tools\adb.exe -P 5037 -s emulator-5554 shell am force-stop com.quickteller.app'
[debug] &amp#27;[38;5;64m[ADB]&amp#27;[0m Running 'C:\Users\daniel.ogagavworia\Desktop\android-sdk\platform-tools\adb.exe -P 5037 -s emulator-5554 shell pm clear com.quickteller.app'
[debug] &amp#27;[38;5;80m[AndroidDriver]&amp#27;[0m Performed fast reset on the installed 'com.quickteller.app' application (stop and clear)
[debug] &amp#27;[38;5;32m[AndroidUiautomator2Driver@e47a (b74c386a)]&amp#27;[0m Performing shallow cleanup of automation leftovers
[debug] &amp#27;[38;5;32m[AndroidUiautomator2Driver@e47a (b74c386a)]&amp#27;[0m No obsolete sessions have been detected (socket hang up)
[debug] &amp#27;[38;5;64m[ADB]&amp#27;[0m Running 'C:\Users\daniel.ogagavworia\Desktop\android-sdk\platform-tools\adb.exe -P 5037 -s emulator-5554 shell am force-stop io.appium.uiautomator2.server.test'
&amp#27;[38;5;32m[AndroidUiautomator2Driver@e47a (b74c386a)]&amp#27;[0m Starting UIAutomator2 server 5.12.2
&amp#27;[38;5;32m[AndroidUiautomator2Driver@e47a (b74c386a)]&amp#27;[0m Using UIAutomator2 server from 'C:\Users\daniel.ogagavworia\.appium\node_modules\appium-uiautomator2-driver\node_modules\appium-uiautomator2-server\apks\appium-uiautomator2-server-v5.12.2.apk' and test from 'C:\Users\daniel.ogagavworia\.appium\node_modules\appium-uiautomator2-driver\node_modules\appium-uiautomator2-server\apks\appium-uiautomator2-server-debug-androidTest.apk'
&amp#27;[38;5;32m[AndroidUiautomator2Driver@e47a (b74c386a)]&amp#27;[0m Waiting up to 30000ms for UiAutomator2 to be online...
[debug] &amp#27;[38;5;64m[ADB]&amp#27;[0m Creating ADB subprocess with args: ["-P","5037","-s","emulator-5554","shell","am","instrument","-w","-e","disableAnalytics",true,"io.appium.uiautomator2.server.test/androidx.test.runner.AndroidJUnitRunner"]
[debug] &amp#27;[38;5;32m[AndroidUiautomator2Driver@e47a (b74c386a)]&amp#27;[0m Matched '/status' to command name 'getStatus'
[debug] &amp#27;[38;5;32m[AndroidUiautomator2Driver@e47a (b74c386a)]&amp#27;[0m Proxying [GET /status] to [GET http://127.0.0.1:8200/status] with no body
&amp#27;[38;5;32m[AndroidUiautomator2Driver@e47a (b74c386a)]&amp#27;[0m socket hang up
[debug] &amp#27;[38;5;32m[AndroidUiautomator2Driver@e47a (b74c386a)]&amp#27;[0m Matched '/status' to command name 'getStatus'
[debug] &amp#27;[38;5;32m[AndroidUiautomator2Driver@e47a (b74c386a)]&amp#27;[0m Proxying [GET /status] to [GET http://127.0.0.1:8200/status] with no body
&amp#27;[38;5;32m[AndroidUiautomator2Driver@e47a (b74c386a)]&amp#27;[0m socket hang up
[debug] &amp#27;[38;5;32m[AndroidUiautomator2Driver@e47a (b74c386a)]&amp#27;[0m Matched '/status' to command name 'getStatus'
[debug] &amp#27;[38;5;32m[AndroidUiautomator2Driver@e47a (b74c386a)]&amp#27;[0m Proxying [GET /status] to [GET http://127.0.0.1:8200/status] with no body
&amp#27;[38;5;32m[AndroidUiautomator2Driver@e47a (b74c386a)]&amp#27;[0m socket hang up
[debug] &amp#27;[38;5;112m[Instrumentation]&amp#27;[0m io.appium.uiautomator2.server.test.AppiumUiAutomator2Server:
[debug] &amp#27;[38;5;32m[AndroidUiautomator2Driver@e47a (b74c386a)]&amp#27;[0m Matched '/status' to command name 'getStatus'
[debug] &amp#27;[38;5;32m[AndroidUiautomator2Driver@e47a (b74c386a)]&amp#27;[0m Proxying [GET /status] to [GET http://127.0.0.1:8200/status] with no body
&amp#27;[38;5;32m[AndroidUiautomator2Driver@e47a (b74c386a)]&amp#27;[0m socket hang up
[debug] &amp#27;[38;5;32m[AndroidUiautomator2Driver@e47a (b74c386a)]&amp#27;[0m Matched '/status' to command name 'getStatus'
[debug] &amp#27;[38;5;32m[AndroidUiautomator2Driver@e47a (b74c386a)]&amp#27;[0m Proxying [GET /status] to [GET http://127.0.0.1:8200/status] with no body
[debug] &amp#27;[38;5;32m[AndroidUiautomator2Driver@e47a (b74c386a)]&amp#27;[0m Got response with status 200: {"sessionId":"None","value":{"message":"UiAutomator2 Server is ready to accept commands","ready":true}}
[debug] &amp#27;[38;5;32m[AndroidUiautomator2Driver@e47a (b74c386a)]&amp#27;[0m The initialization of the instrumentation process took 4164ms
[debug] &amp#27;[38;5;32m[AndroidUiautomator2Driver@e47a (b74c386a)]&amp#27;[0m Matched '/session' to command name 'createSession'
[debug] &amp#27;[38;5;32m[AndroidUiautomator2Driver@e47a (b74c386a)]&amp#27;[0m Proxying [POST /session] to [POST http://127.0.0.1:8200/session] with body: {"capabilities":{"firstMatch":[{"platform":"LINUX","webStorageEnabled":false,"takesScreenshot":true,"javascriptEnabled":true,"databaseEnabled":false,"networkConnectionEnabled":true,"locationContextEnabled":false,"warnings":{},"desired":{"platformName":"ANDROID","app":"C:\\Users\\daniel.ogagavworia\\Documents\\Quickteller_Mobile_Automation//src//test//resources//APKS//flaggedDomain.apk","automationName":"UIAutomator2","deviceName":"Pixel"},"platformName":"ANDROID","app":"C:\\Users\\daniel.ogagavworia\\Documents\\Quickteller_Mobile_Automation//src//test//resources//APKS//flaggedDomain.apk","automationName":"UIAutomator2","deviceName":"emulator-5554","deviceUDID":"emulator-5554","appPackage":"com.quickteller.app"}],"alwaysMatch":{}}}
[debug] &amp#27;[38;5;32m[AndroidUiautomator2Driver@e47a (b74c386a)]&amp#27;[0m Got response with status 200: {"sessionId":"020492dc-88c2-4959-aa86-06e06cf23537","value":{"capabilities":{"firstMatch":[{"platform":"LINUX","webStorageEnabled":false,"takesScreenshot":true,"javascriptEnabled":true,"databaseEnabled":false,"networkConnectionEnabled":true,"locationContextEnabled":false,"warnings":{},"desired":{"platformName":"ANDROID","app":"C:\\Users\\daniel.ogagavworia\\Documents\\Quickteller_Mobile_Automation//src//test//resources//APKS//flaggedDomain.apk","automationName":"UIAutomator2","deviceName":"Pixel"},"platformName":"ANDROID","app":"C:\\Users\\daniel.ogagavworia\\Documents\\Quickteller_Mobile_Automation//src//test//resources//APKS//flaggedDomain.apk","automationName":"UIAutomator2","deviceName":"emulator-5554","deviceUDID":"emulator-5554","appPackage":"com.quickteller.app"}],"alwaysMatch":{}},"sessionId":"020492dc-88c2-4959-aa86-06e06cf23537"}}
&amp#27;[38;5;32m[AndroidUiautomator2Driver@e47a (b74c386a)]&amp#27;[0m Determined the downstream protocol as 'W3C'
[debug] &amp#27;[38;5;32m[AndroidUiautomator2Driver@e47a (b74c386a)]&amp#27;[0m Proxying [GET /appium/device/info] to [GET http://127.0.0.1:8200/session/020492dc-88c2-4959-aa86-06e06cf23537/appium/device/info] with no body
[debug] &amp#27;[38;5;32m[AndroidUiautomator2Driver@e47a (b74c386a)]&amp#27;[0m Got response with status 200: {"sessionId":"020492dc-88c2-4959-aa86-06e06cf23537","value":{"androidId":"b6946f634f9ed49e","apiVersion":"33","bluetooth":{"state":"ON"},"brand":"google","carrierName":"T-Mobile","displayDensity":420,"locale":"en_US","manufacturer":"Google","model":"sdk_gphone_x86_64","networks":[{"capabilities":{"SSID":null,"linkDownBandwidthKbps":30000,"linkUpstreamBandwidthKbps":12000,"networkCapabilities":"NET_CAPABILITY_NOT_METERED,NET_CAPABILITY_INTERNET,NET_CAPABILITY_NOT_RESTRICTED,NET_CAPABILITY_TRUSTED,NET_CAPABILITY_NOT_VPN,NET_CAPABILITY_VALIDATED,NET_CAPABILITY_NOT_ROAMING,NET_CAPABILITY_FOREGROUND,NET_CAPABILITY_NOT_CONGESTED,NET_CAPABILITY_NOT_SUSPENDED","signalStrength":-50,"transportTypes":"TRANSPORT_WIFI"},"detailedState":"CONNECTED","extraInfo":"","isAvailable":true,"isConnected":true,"isFailover":false,"isRoaming":false,"state":"CONNECTED","subtype":-1,"subtypeName":"","type":1,"typeName":"WIFI"},{"capabilities":{"SSID":null,"linkDownBandwidthKbps":4300,"linkUpstreamBandwidthKbps":1800,"networkCapabilit...
[debug] &amp#27;[38;5;64m[ADB]&amp#27;[0m Running 'C:\Users\daniel.ogagavworia\Desktop\android-sdk\platform-tools\adb.exe -P 5037 -s emulator-5554 shell dumpsys window'
&amp#27;[38;5;80m[AndroidDriver]&amp#27;[0m Screen already unlocked, doing nothing
&amp#27;[38;5;32m[AndroidUiautomator2Driver@e47a (b74c386a)]&amp#27;[0m Starting 'com.quickteller.app/com.quickteller.app.MainActivity and waiting for 'com.quickteller.app/com.quickteller.app.MainActivity'
[debug] &amp#27;[38;5;64m[ADB]&amp#27;[0m Running 'C:\Users\daniel.ogagavworia\Desktop\android-sdk\platform-tools\adb.exe -P 5037 -s emulator-5554 shell am start -W -n com.quickteller.app/com.quickteller.app.MainActivity -S -a android.intent.action.MAIN -c android.intent.category.LAUNCHER -f 0x10200000'
[debug] &amp#27;[38;5;64m[ADB]&amp#27;[0m Waiting up to 20000ms for activity matching pkg: 'com.quickteller.app' and activity: 'com.quickteller.app.MainActivity' to be focused
[debug] &amp#27;[38;5;64m[ADB]&amp#27;[0m Possible activities, to be checked: 'com.quickteller.app.MainActivity', 'com.quickteller.app.com.quickteller.app.MainActivity'
[debug] &amp#27;[38;5;64m[ADB]&amp#27;[0m Getting focused package and activity
[debug] &amp#27;[38;5;64m[ADB]&amp#27;[0m Running 'C:\Users\daniel.ogagavworia\Desktop\android-sdk\platform-tools\adb.exe -P 5037 -s emulator-5554 shell dumpsys window displays'
[debug] &amp#27;[38;5;64m[ADB]&amp#27;[0m Found package: 'com.quickteller.app' and fully qualified activity name : 'com.quickteller.app.MainActivity'
[debug] &amp#27;[38;5;32m[AndroidUiautomator2Driver@e47a (b74c386a)]&amp#27;[0m Proxying [GET /appium/device/pixel_ratio] to [GET http://127.0.0.1:8200/session/020492dc-88c2-4959-aa86-06e06cf23537/appium/device/pixel_ratio] with no body
[debug] &amp#27;[38;5;32m[AndroidUiautomator2Driver@e47a (b74c386a)]&amp#27;[0m Got response with status 200: {"sessionId":"020492dc-88c2-4959-aa86-06e06cf23537","value":2.625}
[debug] &amp#27;[38;5;32m[AndroidUiautomator2Driver@e47a (b74c386a)]&amp#27;[0m Matched '/appium/device/system_bars' to command name 'getSystemBars'
[debug] &amp#27;[38;5;32m[AndroidUiautomator2Driver@e47a (b74c386a)]&amp#27;[0m Proxying [GET /appium/device/system_bars] to [GET http://127.0.0.1:8200/session/020492dc-88c2-4959-aa86-06e06cf23537/appium/device/system_bars] with no body
[debug] &amp#27;[38;5;32m[AndroidUiautomator2Driver@e47a (b74c386a)]&amp#27;[0m Got response with status 200: {"sessionId":"020492dc-88c2-4959-aa86-06e06cf23537","value":{"statusBar":136}}
[debug] &amp#27;[38;5;32m[AndroidUiautomator2Driver@e47a (b74c386a)]&amp#27;[0m Matched '/window/current/size' to command name 'getWindowSize'
[debug] &amp#27;[38;5;32m[AndroidUiautomator2Driver@e47a (b74c386a)]&amp#27;[0m Proxying [GET /window/current/size] to [GET http://127.0.0.1:8200/session/020492dc-88c2-4959-aa86-06e06cf23537/window/current/size] with no body
[debug] &amp#27;[38;5;32m[AndroidUiautomator2Driver@e47a (b74c386a)]&amp#27;[0m Got response with status 200: {"sessionId":"020492dc-88c2-4959-aa86-06e06cf23537","value":{"height":2201,"width":1080}}
&amp#27;[38;5;16m[AppiumDriver@10c8]&amp#27;[0m New AndroidUiautomator2Driver session created successfully, session b74c386a-bd63-4a4d-b13a-d366382f07b7 added to master session list
[debug] &amp#27;[38;5;16m[AppiumDriver@10c8]&amp#27;[0m Event 'newSessionStarted' logged at 1697716801051 (13:00:01 GMT+0100 (West Africa Standard Time))
[debug] &amp#27;[38;5;32m[AndroidUiautomator2Driver@e47a (b74c386a)]&amp#27;[0m Cached the protocol value 'W3C' for the new session b74c386a-bd63-4a4d-b13a-d366382f07b7
[debug] &amp#27;[38;5;32m[AndroidUiautomator2Driver@e47a (b74c386a)]&amp#27;[0m Responding to client with driver.createSession() result: {"capabilities":{"platform":"LINUX","webStorageEnabled":false,"takesScreenshot":true,"javascriptEnabled":true,"databaseEnabled":false,"networkConnectionEnabled":true,"locationContextEnabled":false,"warnings":{},"desired":{"platformName":"ANDROID","app":"C:\\Users\\daniel.ogagavworia\\Documents\\Quickteller_Mobile_Automation//src//test//resources//APKS//flaggedDomain.apk","automationName":"UIAutomator2","deviceName":"Pixel"},"platformName":"ANDROID","app":"C:\\Users\\daniel.ogagavworia\\Documents\\Quickteller_Mobile_Automation//src//test//resources//APKS//flaggedDomain.apk","automationName":"UIAutomator2","deviceName":"emulator-5554","deviceUDID":"emulator-5554","appPackage":"com.quickteller.app","deviceApiLevel":33,"platformVersion":"13","deviceScreenSize":"1080x2400","deviceScreenDensity":420,"deviceModel":"sdk_gphone_x86_64","deviceManufacturer":"Google","pixelRatio":2.625,"statBarHeight":136,"viewportRect":{"left":0,"top":136,"width":1080,"height":2065}}}
&amp#27;[38;5;0m[HTTP]&amp#27;[0m &amp#27;[37m<-- POST /session &amp#27;[39m&amp#27;[32m200&amp#27;[39m &amp#27;[90m12518 ms - 1033&amp#27;[39m
&amp#27;[38;5;0m[HTTP]&amp#27;[0m &amp#27;[90m&amp#27;[39m
&amp#27;[38;5;0m[HTTP]&amp#27;[0m &amp#27;[37m-->&amp#27;[39m &amp#27;[37mPOST&amp#27;[39m &amp#27;[37m/session/b74c386a-bd63-4a4d-b13a-d366382f07b7/timeouts&amp#27;[39m
&amp#27;[38;5;0m[HTTP]&amp#27;[0m &amp#27;[90m{"implicit":20000}&amp#27;[39m
[debug] &amp#27;[38;5;32m[AndroidUiautomator2Driver@e47a (b74c386a)]&amp#27;[0m Calling AppiumDriver.timeouts() with args: [null,null,null,null,20000,"b74c386a-bd63-4a4d-b13a-d366382f07b7"]
[debug] &amp#27;[38;5;32m[AndroidUiautomator2Driver@e47a (b74c386a)]&amp#27;[0m W3C timeout argument: {"implicit":20000}}
[debug] &amp#27;[38;5;32m[AndroidUiautomator2Driver@e47a (b74c386a)]&amp#27;[0m Set implicit wait to 20000ms
[debug] &amp#27;[38;5;32m[AndroidUiautomator2Driver@e47a (b74c386a)]&amp#27;[0m Responding to client with driver.timeouts() result: null
&amp#27;[38;5;0m[HTTP]&amp#27;[0m &amp#27;[37m<-- POST /session/b74c386a-bd63-4a4d-b13a-d366382f07b7/timeouts &amp#27;[39m&amp#27;[32m200&amp#27;[39m &amp#27;[90m4 ms - 14&amp#27;[39m
&amp#27;[38;5;0m[HTTP]&amp#27;[0m &amp#27;[90m&amp#27;[39m
&amp#27;[38;5;0m[HTTP]&amp#27;[0m &amp#27;[37m-->&amp#27;[39m &amp#27;[37mPOST&amp#27;[39m &amp#27;[37m/session/b74c386a-bd63-4a4d-b13a-d366382f07b7/element&amp#27;[39m
&amp#27;[38;5;0m[HTTP]&amp#27;[0m &amp#27;[90m{"using":"xpath","value":"//android.widget.Button[@text='Allow']"}&amp#27;[39m
[debug] &amp#27;[38;5;32m[AndroidUiautomator2Driver@e47a (b74c386a)]&amp#27;[0m Calling AppiumDriver.findElement() with args: ["xpath","//android.widget.Button[@text='Allow']","b74c386a-bd63-4a4d-b13a-d366382f07b7"]
[debug] &amp#27;[38;5;32m[AndroidUiautomator2Driver@e47a (b74c386a)]&amp#27;[0m Valid locator strategies for this request: xpath, id, class name, accessibility id, css selector, -android uiautomator
[debug] &amp#27;[38;5;32m[AndroidUiautomator2Driver@e47a (b74c386a)]&amp#27;[0m Waiting up to 20000 ms for condition
[debug] &amp#27;[38;5;32m[AndroidUiautomator2Driver@e47a (b74c386a)]&amp#27;[0m Matched '/element' to command name 'findElement'
[debug] &amp#27;[38;5;32m[AndroidUiautomator2Driver@e47a (b74c386a)]&amp#27;[0m Proxying [POST /element] to [POST http://127.0.0.1:8200/session/020492dc-88c2-4959-aa86-06e06cf23537/element] with body: {"strategy":"xpath","selector":"//android.widget.Button[@text='Allow']","context":"","multiple":false}
&amp#27;[38;5;32m[AndroidUiautomator2Driver@e47a (b74c386a)]&amp#27;[0m Got response with status 404: {"sessionId":"020492dc-88c2-4959-aa86-06e06cf23537","value":{"error":"no such element","message":"An element could not be located on the page using the given search parameters","stacktrace":"io.appium.uiautomator2.common.exceptions.ElementNotFoundException: An element could not be located on the page using the given search parameters\n\tat io.appium.uiautomator2.utils.ElementLocationHelpers.findElement(ElementLocationHelpers.java:156)\n\tat io.appium.uiautomator2.handler.FindElement.safeHandle(FindElement.java:60)\n\tat io.appium.uiautomator2.handler.request.SafeRequestHandler.handle(SafeRequestHandler.java:59)\n\tat io.appium.uiautomator2.server.AppiumServlet.handleRequest(AppiumServlet.java:277)\n\tat io.appium.uiautomator2.server.AppiumServlet.handleHttpRequest(AppiumServlet.java:271)\n\tat io.appium.uiautomator2.http.ServerHandler.channelRead(ServerHandler.java:68)\n\tat io.netty.channel.AbstractChannelHandlerContext.invokeChannelRead(AbstractChannelHandlerContext.java:366)\n\tat io.netty.channel.Abstr...
[debug] &amp#27;[38;5;128m[W3C]&amp#27;[0m Matched W3C error code 'no such element' to NoSuchElementError
[debug] &amp#27;[38;5;32m[AndroidUiautomator2Driver@e47a (b74c386a)]&amp#27;[0m Waited for 2300 ms so far
[debug] &amp#27;[38;5;32m[AndroidUiautomator2Driver@e47a (b74c386a)]&amp#27;[0m Matched '/element' to command name 'findElement'
[debug] &amp#27;[38;5;32m[AndroidUiautomator2Driver@e47a (b74c386a)]&amp#27;[0m Proxying [POST /element] to [POST http://127.0.0.1:8200/session/020492dc-88c2-4959-aa86-06e06cf23537/element] with body: {"strategy":"xpath","selector":"//android.widget.Button[@text='Allow']","context":"","multiple":false}
&amp#27;[38;5;32m[AndroidUiautomator2Driver@e47a (b74c386a)]&amp#27;[0m Got response with status 404: {"sessionId":"020492dc-88c2-4959-aa86-06e06cf23537","value":{"error":"no such element","message":"An element could not be located on the page using the given search parameters","stacktrace":"io.appium.uiautomator2.common.exceptions.ElementNotFoundException: An element could not be located on the page using the given search parameters\n\tat io.appium.uiautomator2.utils.ElementLocationHelpers.findElement(ElementLocationHelpers.java:156)\n\tat io.appium.uiautomator2.handler.FindElement.safeHandle(FindElement.java:60)\n\tat io.appium.uiautomator2.handler.request.SafeRequestHandler.handle(SafeRequestHandler.java:59)\n\tat io.appium.uiautomator2.server.AppiumServlet.handleRequest(AppiumServlet.java:277)\n\tat io.appium.uiautomator2.server.AppiumServlet.handleHttpRequest(AppiumServlet.java:271)\n\tat io.appium.uiautomator2.http.ServerHandler.channelRead(ServerHandler.java:68)\n\tat io.netty.channel.AbstractChannelHandlerContext.invokeChannelRead(AbstractChannelHandlerContext.java:366)\n\tat io.netty.channel.Abstr...
[debug] &amp#27;[38;5;128m[W3C]&amp#27;[0m Matched W3C error code 'no such element' to NoSuchElementError
[debug] &amp#27;[38;5;32m[AndroidUiautomator2Driver@e47a (b74c386a)]&amp#27;[0m Waited for 2856 ms so far
[debug] &amp#27;[38;5;32m[AndroidUiautomator2Driver@e47a (b74c386a)]&amp#27;[0m Matched '/element' to command name 'findElement'
[debug] &amp#27;[38;5;32m[AndroidUiautomator2Driver@e47a (b74c386a)]&amp#27;[0m Proxying [POST /element] to [POST http://127.0.0.1:8200/session/020492dc-88c2-4959-aa86-06e06cf23537/element] with body: {"strategy":"xpath","selector":"//android.widget.Button[@text='Allow']","context":"","multiple":false}
&amp#27;[38;5;32m[AndroidUiautomator2Driver@e47a (b74c386a)]&amp#27;[0m Got response with status 404: {"sessionId":"020492dc-88c2-4959-aa86-06e06cf23537","value":{"error":"no such element","message":"An element could not be located on the page using the given search parameters","stacktrace":"io.appium.uiautomator2.common.exceptions.ElementNotFoundException: An element could not be located on the page using the given search parameters\n\tat io.appium.uiautomator2.utils.ElementLocationHelpers.findElement(ElementLocationHelpers.java:156)\n\tat io.appium.uiautomator2.handler.FindElement.safeHandle(FindElement.java:60)\n\tat io.appium.uiautomator2.handler.request.SafeRequestHandler.handle(SafeRequestHandler.java:59)\n\tat io.appium.uiautomator2.server.AppiumServlet.handleRequest(AppiumServlet.java:277)\n\tat io.appium.uiautomator2.server.AppiumServlet.handleHttpRequest(AppiumServlet.java:271)\n\tat io.appium.uiautomator2.http.ServerHandler.channelRead(ServerHandler.java:68)\n\tat io.netty.channel.AbstractChannelHandlerContext.invokeChannelRead(AbstractChannelHandlerContext.java:366)\n\tat io.netty.channel.Abstr...
[debug] &amp#27;[38;5;128m[W3C]&amp#27;[0m Matched W3C error code 'no such element' to NoSuchElementError
[debug] &amp#27;[38;5;32m[AndroidUiautomator2Driver@e47a (b74c386a)]&amp#27;[0m Waited for 3402 ms so far
[debug] &amp#27;[38;5;32m[AndroidUiautomator2Driver@e47a (b74c386a)]&amp#27;[0m Matched '/element' to command name 'findElement'
[debug] &amp#27;[38;5;32m[AndroidUiautomator2Driver@e47a (b74c386a)]&amp#27;[0m Proxying [POST /element] to [POST http://127.0.0.1:8200/session/020492dc-88c2-4959-aa86-06e06cf23537/element] with body: {"strategy":"xpath","selector":"//android.widget.Button[@text='Allow']","context":"","multiple":false}
&amp#27;[38;5;32m[AndroidUiautomator2Driver@e47a (b74c386a)]&amp#27;[0m Got response with status 404: {"sessionId":"020492dc-88c2-4959-aa86-06e06cf23537","value":{"error":"no such element","message":"An element could not be located on the page using the given search parameters","stacktrace":"io.appium.uiautomator2.common.exceptions.ElementNotFoundException: An element could not be located on the page using the given search parameters\n\tat io.appium.uiautomator2.utils.ElementLocationHelpers.findElement(ElementLocationHelpers.java:156)\n\tat io.appium.uiautomator2.handler.FindElement.safeHandle(FindElement.java:60)\n\tat io.appium.uiautomator2.handler.request.SafeRequestHandler.handle(SafeRequestHandler.java:59)\n\tat io.appium.uiautomator2.server.AppiumServlet.handleRequest(AppiumServlet.java:277)\n\tat io.appium.uiautomator2.server.AppiumServlet.handleHttpRequest(AppiumServlet.java:271)\n\tat io.appium.uiautomator2.http.ServerHandler.channelRead(ServerHandler.java:68)\n\tat io.netty.channel.AbstractChannelHandlerContext.invokeChannelRead(AbstractChannelHandlerContext.java:366)\n\tat io.netty.channel.Abstr...
[debug] &amp#27;[38;5;128m[W3C]&amp#27;[0m Matched W3C error code 'no such element' to NoSuchElementError
[debug] &amp#27;[38;5;32m[AndroidUiautomator2Driver@e47a (b74c386a)]&amp#27;[0m Waited for 3954 ms so far
[debug] &amp#27;[38;5;32m[AndroidUiautomator2Driver@e47a (b74c386a)]&amp#27;[0m Matched '/element' to command name 'findElement'
[debug] &amp#27;[38;5;32m[AndroidUiautomator2Driver@e47a (b74c386a)]&amp#27;[0m Proxying [POST /element] to [POST http://127.0.0.1:8200/session/020492dc-88c2-4959-aa86-06e06cf23537/element] with body: {"strategy":"xpath","selector":"//android.widget.Button[@text='Allow']","context":"","multiple":false}
&amp#27;[38;5;32m[AndroidUiautomator2Driver@e47a (b74c386a)]&amp#27;[0m Got response with status 404: {"sessionId":"020492dc-88c2-4959-aa86-06e06cf23537","value":{"error":"no such element","message":"An element could not be located on the page using the given search parameters","stacktrace":"io.appium.uiautomator2.common.exceptions.ElementNotFoundException: An element could not be located on the page using the given search parameters\n\tat io.appium.uiautomator2.utils.ElementLocationHelpers.findElement(ElementLocationHelpers.java:156)\n\tat io.appium.uiautomator2.handler.FindElement.safeHandle(FindElement.java:60)\n\tat io.appium.uiautomator2.handler.request.SafeRequestHandler.handle(SafeRequestHandler.java:59)\n\tat io.appium.uiautomator2.server.AppiumServlet.handleRequest(AppiumServlet.java:277)\n\tat io.appium.uiautomator2.server.AppiumServlet.handleHttpRequest(AppiumServlet.java:271)\n\tat io.appium.uiautomator2.http.ServerHandler.channelRead(ServerHandler.java:68)\n\tat io.netty.channel.AbstractChannelHandlerContext.invokeChannelRead(AbstractChannelHandlerContext.java:366)\n\tat io.netty.channel.Abstr...
[debug] &amp#27;[38;5;128m[W3C]&amp#27;[0m Matched W3C error code 'no such element' to NoSuchElementError
[debug] &amp#27;[38;5;32m[AndroidUiautomator2Driver@e47a (b74c386a)]&amp#27;[0m Waited for 4502 ms so far
[debug] &amp#27;[38;5;32m[AndroidUiautomator2Driver@e47a (b74c386a)]&amp#27;[0m Matched '/element' to command name 'findElement'
[debug] &amp#27;[38;5;32m[AndroidUiautomator2Driver@e47a (b74c386a)]&amp#27;[0m Proxying [POST /element] to [POST http://127.0.0.1:8200/session/020492dc-88c2-4959-aa86-06e06cf23537/element] with body: {"strategy":"xpath","selector":"//android.widget.Button[@text='Allow']","context":"","multiple":false}
&amp#27;[38;5;32m[AndroidUiautomator2Driver@e47a (b74c386a)]&amp#27;[0m Got response with status 404: {"sessionId":"020492dc-88c2-4959-aa86-06e06cf23537","value":{"error":"no such element","message":"An element could not be located on the page using the given search parameters","stacktrace":"io.appium.uiautomator2.common.exceptions.ElementNotFoundException: An element could not be located on the page using the given search parameters\n\tat io.appium.uiautomator2.utils.ElementLocationHelpers.findElement(ElementLocationHelpers.java:156)\n\tat io.appium.uiautomator2.handler.FindElement.safeHandle(FindElement.java:60)\n\tat io.appium.uiautomator2.handler.request.SafeRequestHandler.handle(SafeRequestHandler.java:59)\n\tat io.appium.uiautomator2.server.AppiumServlet.handleRequest(AppiumServlet.java:277)\n\tat io.appium.uiautomator2.server.AppiumServlet.handleHttpRequest(AppiumServlet.java:271)\n\tat io.appium.uiautomator2.http.ServerHandler.channelRead(ServerHandler.java:68)\n\tat io.netty.channel.AbstractChannelHandlerContext.invokeChannelRead(AbstractChannelHandlerContext.java:366)\n\tat io.netty.channel.Abstr...
[debug] &amp#27;[38;5;128m[W3C]&amp#27;[0m Matched W3C error code 'no such element' to NoSuchElementError
[debug] &amp#27;[38;5;32m[AndroidUiautomator2Driver@e47a (b74c386a)]&amp#27;[0m Waited for 5047 ms so far
[debug] &amp#27;[38;5;32m[AndroidUiautomator2Driver@e47a (b74c386a)]&amp#27;[0m Matched '/element' to command name 'findElement'
[debug] &amp#27;[38;5;32m[AndroidUiautomator2Driver@e47a (b74c386a)]&amp#27;[0m Proxying [POST /element] to [POST http://127.0.0.1:8200/session/020492dc-88c2-4959-aa86-06e06cf23537/element] with body: {"strategy":"xpath","selector":"//android.widget.Button[@text='Allow']","context":"","multiple":false}
&amp#27;[38;5;32m[AndroidUiautomator2Driver@e47a (b74c386a)]&amp#27;[0m Got response with status 404: {"sessionId":"020492dc-88c2-4959-aa86-06e06cf23537","value":{"error":"no such element","message":"An element could not be located on the page using the given search parameters","stacktrace":"io.appium.uiautomator2.common.exceptions.ElementNotFoundException: An element could not be located on the page using the given search parameters\n\tat io.appium.uiautomator2.utils.ElementLocationHelpers.findElement(ElementLocationHelpers.java:156)\n\tat io.appium.uiautomator2.handler.FindElement.safeHandle(FindElement.java:60)\n\tat io.appium.uiautomator2.handler.request.SafeRequestHandler.handle(SafeRequestHandler.java:59)\n\tat io.appium.uiautomator2.server.AppiumServlet.handleRequest(AppiumServlet.java:277)\n\tat io.appium.uiautomator2.server.AppiumServlet.handleHttpRequest(AppiumServlet.java:271)\n\tat io.appium.uiautomator2.http.ServerHandler.channelRead(ServerHandler.java:68)\n\tat io.netty.channel.AbstractChannelHandlerContext.invokeChannelRead(AbstractChannelHandlerContext.java:366)\n\tat io.netty.channel.Abstr...
[debug] &amp#27;[38;5;128m[W3C]&amp#27;[0m Matched W3C error code 'no such element' to NoSuchElementError
[debug] &amp#27;[38;5;32m[AndroidUiautomator2Driver@e47a (b74c386a)]&amp#27;[0m Waited for 5586 ms so far
[debug] &amp#27;[38;5;32m[AndroidUiautomator2Driver@e47a (b74c386a)]&amp#27;[0m Matched '/element' to command name 'findElement'
[debug] &amp#27;[38;5;32m[AndroidUiautomator2Driver@e47a (b74c386a)]&amp#27;[0m Proxying [POST /element] to [POST http://127.0.0.1:8200/session/020492dc-88c2-4959-aa86-06e06cf23537/element] with body: {"strategy":"xpath","selector":"//android.widget.Button[@text='Allow']","context":"","multiple":false}
&amp#27;[38;5;32m[AndroidUiautomator2Driver@e47a (b74c386a)]&amp#27;[0m Got response with status 404: {"sessionId":"020492dc-88c2-4959-aa86-06e06cf23537","value":{"error":"no such element","message":"An element could not be located on the page using the given search parameters","stacktrace":"io.appium.uiautomator2.common.exceptions.ElementNotFoundException: An element could not be located on the page using the given search parameters\n\tat io.appium.uiautomator2.utils.ElementLocationHelpers.findElement(ElementLocationHelpers.java:156)\n\tat io.appium.uiautomator2.handler.FindElement.safeHandle(FindElement.java:60)\n\tat io.appium.uiautomator2.handler.request.SafeRequestHandler.handle(SafeRequestHandler.java:59)\n\tat io.appium.uiautomator2.server.AppiumServlet.handleRequest(AppiumServlet.java:277)\n\tat io.appium.uiautomator2.server.AppiumServlet.handleHttpRequest(AppiumServlet.java:271)\n\tat io.appium.uiautomator2.http.ServerHandler.channelRead(ServerHandler.java:68)\n\tat io.netty.channel.AbstractChannelHandlerContext.invokeChannelRead(AbstractChannelHandlerContext.java:366)\n\tat io.netty.channel.Abstr...
[debug] &amp#27;[38;5;128m[W3C]&amp#27;[0m Matched W3C error code 'no such element' to NoSuchElementError
[debug] &amp#27;[38;5;32m[AndroidUiautomator2Driver@e47a (b74c386a)]&amp#27;[0m Waited for 6134 ms so far
[debug] &amp#27;[38;5;32m[AndroidUiautomator2Driver@e47a (b74c386a)]&amp#27;[0m Matched '/element' to command name 'findElement'
[debug] &amp#27;[38;5;32m[AndroidUiautomator2Driver@e47a (b74c386a)]&amp#27;[0m Proxying [POST /element] to [POST http://127.0.0.1:8200/session/020492dc-88c2-4959-aa86-06e06cf23537/element] with body: {"strategy":"xpath","selector":"//android.widget.Button[@text='Allow']","context":"","multiple":false}
&amp#27;[38;5;32m[AndroidUiautomator2Driver@e47a (b74c386a)]&amp#27;[0m Got response with status 404: {"sessionId":"020492dc-88c2-4959-aa86-06e06cf23537","value":{"error":"no such element","message":"An element could not be located on the page using the given search parameters","stacktrace":"io.appium.uiautomator2.common.exceptions.ElementNotFoundException: An element could not be located on the page using the given search parameters\n\tat io.appium.uiautomator2.utils.ElementLocationHelpers.findElement(ElementLocationHelpers.java:156)\n\tat io.appium.uiautomator2.handler.FindElement.safeHandle(FindElement.java:60)\n\tat io.appium.uiautomator2.handler.request.SafeRequestHandler.handle(SafeRequestHandler.java:59)\n\tat io.appium.uiautomator2.server.AppiumServlet.handleRequest(AppiumServlet.java:277)\n\tat io.appium.uiautomator2.server.AppiumServlet.handleHttpRequest(AppiumServlet.java:271)\n\tat io.appium.uiautomator2.http.ServerHandler.channelRead(ServerHandler.java:68)\n\tat io.netty.channel.AbstractChannelHandlerContext.invokeChannelRead(AbstractChannelHandlerContext.java:366)\n\tat io.netty.channel.Abstr...
[debug] &amp#27;[38;5;128m[W3C]&amp#27;[0m Matched W3C error code 'no such element' to NoSuchElementError
[debug] &amp#27;[38;5;32m[AndroidUiautomator2Driver@e47a (b74c386a)]&amp#27;[0m Waited for 6681 ms so far
[debug] &amp#27;[38;5;32m[AndroidUiautomator2Driver@e47a (b74c386a)]&amp#27;[0m Matched '/element' to command name 'findElement'
[debug] &amp#27;[38;5;32m[AndroidUiautomator2Driver@e47a (b74c386a)]&amp#27;[0m Proxying [POST /element] to [POST http://127.0.0.1:8200/session/020492dc-88c2-4959-aa86-06e06cf23537/element] with body: {"strategy":"xpath","selector":"//android.widget.Button[@text='Allow']","context":"","multiple":false}
&amp#27;[38;5;32m[AndroidUiautomator2Driver@e47a (b74c386a)]&amp#27;[0m Got response with status 404: {"sessionId":"020492dc-88c2-4959-aa86-06e06cf23537","value":{"error":"no such element","message":"An element could not be located on the page using the given search parameters","stacktrace":"io.appium.uiautomator2.common.exceptions.ElementNotFoundException: An element could not be located on the page using the given search parameters\n\tat io.appium.uiautomator2.utils.ElementLocationHelpers.findElement(ElementLocationHelpers.java:156)\n\tat io.appium.uiautomator2.handler.FindElement.safeHandle(FindElement.java:60)\n\tat io.appium.uiautomator2.handler.request.SafeRequestHandler.handle(SafeRequestHandler.java:59)\n\tat io.appium.uiautomator2.server.AppiumServlet.handleRequest(AppiumServlet.java:277)\n\tat io.appium.uiautomator2.server.AppiumServlet.handleHttpRequest(AppiumServlet.java:271)\n\tat io.appium.uiautomator2.http.ServerHandler.channelRead(ServerHandler.java:68)\n\tat io.netty.channel.AbstractChannelHandlerContext.invokeChannelRead(AbstractChannelHandlerContext.java:366)\n\tat io.netty.channel.Abstr...
[debug] &amp#27;[38;5;128m[W3C]&amp#27;[0m Matched W3C error code 'no such element' to NoSuchElementError
[debug] &amp#27;[38;5;32m[AndroidUiautomator2Driver@e47a (b74c386a)]&amp#27;[0m Waited for 7222 ms so far
[debug] &amp#27;[38;5;32m[AndroidUiautomator2Driver@e47a (b74c386a)]&amp#27;[0m Matched '/element' to command name 'findElement'
[debug] &amp#27;[38;5;32m[AndroidUiautomator2Driver@e47a (b74c386a)]&amp#27;[0m Proxying [POST /element] to [POST http://127.0.0.1:8200/session/020492dc-88c2-4959-aa86-06e06cf23537/element] with body: {"strategy":"xpath","selector":"//android.widget.Button[@text='Allow']","context":"","multiple":false}
&amp#27;[38;5;32m[AndroidUiautomator2Driver@e47a (b74c386a)]&amp#27;[0m Got response with status 404: {"sessionId":"020492dc-88c2-4959-aa86-06e06cf23537","value":{"error":"no such element","message":"An element could not be located on the page using the given search parameters","stacktrace":"io.appium.uiautomator2.common.exceptions.ElementNotFoundException: An element could not be located on the page using the given search parameters\n\tat io.appium.uiautomator2.utils.ElementLocationHelpers.findElement(ElementLocationHelpers.java:156)\n\tat io.appium.uiautomator2.handler.FindElement.safeHandle(FindElement.java:60)\n\tat io.appium.uiautomator2.handler.request.SafeRequestHandler.handle(SafeRequestHandler.java:59)\n\tat io.appium.uiautomator2.server.AppiumServlet.handleRequest(AppiumServlet.java:277)\n\tat io.appium.uiautomator2.server.AppiumServlet.handleHttpRequest(AppiumServlet.java:271)\n\tat io.appium.uiautomator2.http.ServerHandler.channelRead(ServerHandler.java:68)\n\tat io.netty.channel.AbstractChannelHandlerContext.invokeChannelRead(AbstractChannelHandlerContext.java:366)\n\tat io.netty.channel.Abstr...
[debug] &amp#27;[38;5;128m[W3C]&amp#27;[0m Matched W3C error code 'no such element' to NoSuchElementError
[debug] &amp#27;[38;5;32m[AndroidUiautomator2Driver@e47a (b74c386a)]&amp#27;[0m Waited for 7767 ms so far
[debug] &amp#27;[38;5;32m[AndroidUiautomator2Driver@e47a (b74c386a)]&amp#27;[0m Matched '/element' to command name 'findElement'
[debug] &amp#27;[38;5;32m[AndroidUiautomator2Driver@e47a (b74c386a)]&amp#27;[0m Proxying [POST /element] to [POST http://127.0.0.1:8200/session/020492dc-88c2-4959-aa86-06e06cf23537/element] with body: {"strategy":"xpath","selector":"//android.widget.Button[@text='Allow']","context":"","multiple":false}
&amp#27;[38;5;32m[AndroidUiautomator2Driver@e47a (b74c386a)]&amp#27;[0m Got response with status 404: {"sessionId":"020492dc-88c2-4959-aa86-06e06cf23537","value":{"error":"no such element","message":"An element could not be located on the page using the given search parameters","stacktrace":"io.appium.uiautomator2.common.exceptions.ElementNotFoundException: An element could not be located on the page using the given search parameters\n\tat io.appium.uiautomator2.utils.ElementLocationHelpers.findElement(ElementLocationHelpers.java:156)\n\tat io.appium.uiautomator2.handler.FindElement.safeHandle(FindElement.java:60)\n\tat io.appium.uiautomator2.handler.request.SafeRequestHandler.handle(SafeRequestHandler.java:59)\n\tat io.appium.uiautomator2.server.AppiumServlet.handleRequest(AppiumServlet.java:277)\n\tat io.appium.uiautomator2.server.AppiumServlet.handleHttpRequest(AppiumServlet.java:271)\n\tat io.appium.uiautomator2.http.ServerHandler.channelRead(ServerHandler.java:68)\n\tat io.netty.channel.AbstractChannelHandlerContext.invokeChannelRead(AbstractChannelHandlerContext.java:366)\n\tat io.netty.channel.Abstr...
[debug] &amp#27;[38;5;128m[W3C]&amp#27;[0m Matched W3C error code 'no such element' to NoSuchElementError
[debug] &amp#27;[38;5;32m[AndroidUiautomator2Driver@e47a (b74c386a)]&amp#27;[0m Waited for 8308 ms so far
[debug] &amp#27;[38;5;32m[AndroidUiautomator2Driver@e47a (b74c386a)]&amp#27;[0m Matched '/element' to command name 'findElement'
[debug] &amp#27;[38;5;32m[AndroidUiautomator2Driver@e47a (b74c386a)]&amp#27;[0m Proxying [POST /element] to [POST http://127.0.0.1:8200/session/020492dc-88c2-4959-aa86-06e06cf23537/element] with body: {"strategy":"xpath","selector":"//android.widget.Button[@text='Allow']","context":"","multiple":false}
&amp#27;[38;5;32m[AndroidUiautomator2Driver@e47a (b74c386a)]&amp#27;[0m Got response with status 404: {"sessionId":"020492dc-88c2-4959-aa86-06e06cf23537","value":{"error":"no such element","message":"An element could not be located on the page using the given search parameters","stacktrace":"io.appium.uiautomator2.common.exceptions.ElementNotFoundException: An element could not be located on the page using the given search parameters\n\tat io.appium.uiautomator2.utils.ElementLocationHelpers.findElement(ElementLocationHelpers.java:156)\n\tat io.appium.uiautomator2.handler.FindElement.safeHandle(FindElement.java:60)\n\tat io.appium.uiautomator2.handler.request.SafeRequestHandler.handle(SafeRequestHandler.java:59)\n\tat io.appium.uiautomator2.server.AppiumServlet.handleRequest(AppiumServlet.java:277)\n\tat io.appium.uiautomator2.server.AppiumServlet.handleHttpRequest(AppiumServlet.java:271)\n\tat io.appium.uiautomator2.http.ServerHandler.channelRead(ServerHandler.java:68)\n\tat io.netty.channel.AbstractChannelHandlerContext.invokeChannelRead(AbstractChannelHandlerContext.java:366)\n\tat io.netty.channel.Abstr...
[debug] &amp#27;[38;5;128m[W3C]&amp#27;[0m Matched W3C error code 'no such element' to NoSuchElementError
[debug] &amp#27;[38;5;32m[AndroidUiautomator2Driver@e47a (b74c386a)]&amp#27;[0m Waited for 8835 ms so far
[debug] &amp#27;[38;5;32m[AndroidUiautomator2Driver@e47a (b74c386a)]&amp#27;[0m Matched '/element' to command name 'findElement'
[debug] &amp#27;[38;5;32m[AndroidUiautomator2Driver@e47a (b74c386a)]&amp#27;[0m Proxying [POST /element] to [POST http://127.0.0.1:8200/session/020492dc-88c2-4959-aa86-06e06cf23537/element] with body: {"strategy":"xpath","selector":"//android.widget.Button[@text='Allow']","context":"","multiple":false}
&amp#27;[38;5;32m[AndroidUiautomator2Driver@e47a (b74c386a)]&amp#27;[0m Got response with status 404: {"sessionId":"020492dc-88c2-4959-aa86-06e06cf23537","value":{"error":"no such element","message":"An element could not be located on the page using the given search parameters","stacktrace":"io.appium.uiautomator2.common.exceptions.ElementNotFoundException: An element could not be located on the page using the given search parameters\n\tat io.appium.uiautomator2.utils.ElementLocationHelpers.findElement(ElementLocationHelpers.java:156)\n\tat io.appium.uiautomator2.handler.FindElement.safeHandle(FindElement.java:60)\n\tat io.appium.uiautomator2.handler.request.SafeRequestHandler.handle(SafeRequestHandler.java:59)\n\tat io.appium.uiautomator2.server.AppiumServlet.handleRequest(AppiumServlet.java:277)\n\tat io.appium.uiautomator2.server.AppiumServlet.handleHttpRequest(AppiumServlet.java:271)\n\tat io.appium.uiautomator2.http.ServerHandler.channelRead(ServerHandler.java:68)\n\tat io.netty.channel.AbstractChannelHandlerContext.invokeChannelRead(AbstractChannelHandlerContext.java:366)\n\tat io.netty.channel.Abstr...
[debug] &amp#27;[38;5;128m[W3C]&amp#27;[0m Matched W3C error code 'no such element' to NoSuchElementError
[debug] &amp#27;[38;5;32m[AndroidUiautomator2Driver@e47a (b74c386a)]&amp#27;[0m Waited for 9366 ms so far
[debug] &amp#27;[38;5;32m[AndroidUiautomator2Driver@e47a (b74c386a)]&amp#27;[0m Matched '/element' to command name 'findElement'
[debug] &amp#27;[38;5;32m[AndroidUiautomator2Driver@e47a (b74c386a)]&amp#27;[0m Proxying [POST /element] to [POST http://127.0.0.1:8200/session/020492dc-88c2-4959-aa86-06e06cf23537/element] with body: {"strategy":"xpath","selector":"//android.widget.Button[@text='Allow']","context":"","multiple":false}
&amp#27;[38;5;32m[AndroidUiautomator2Driver@e47a (b74c386a)]&amp#27;[0m Got response with status 404: {"sessionId":"020492dc-88c2-4959-aa86-06e06cf23537","value":{"error":"no such element","message":"An element could not be located on the page using the given search parameters","stacktrace":"io.appium.uiautomator2.common.exceptions.ElementNotFoundException: An element could not be located on the page using the given search parameters\n\tat io.appium.uiautomator2.utils.ElementLocationHelpers.findElement(ElementLocationHelpers.java:156)\n\tat io.appium.uiautomator2.handler.FindElement.safeHandle(FindElement.java:60)\n\tat io.appium.uiautomator2.handler.request.SafeRequestHandler.handle(SafeRequestHandler.java:59)\n\tat io.appium.uiautomator2.server.AppiumServlet.handleRequest(AppiumServlet.java:277)\n\tat io.appium.uiautomator2.server.AppiumServlet.handleHttpRequest(AppiumServlet.java:271)\n\tat io.appium.uiautomator2.http.ServerHandler.channelRead(ServerHandler.java:68)\n\tat io.netty.channel.AbstractChannelHandlerContext.invokeChannelRead(AbstractChannelHandlerContext.java:366)\n\tat io.netty.channel.Abstr...
[debug] &amp#27;[38;5;128m[W3C]&amp#27;[0m Matched W3C error code 'no such element' to NoSuchElementError
[debug] &amp#27;[38;5;32m[AndroidUiautomator2Driver@e47a (b74c386a)]&amp#27;[0m Waited for 9902 ms so far
[debug] &amp#27;[38;5;32m[AndroidUiautomator2Driver@e47a (b74c386a)]&amp#27;[0m Matched '/element' to command name 'findElement'
[debug] &amp#27;[38;5;32m[AndroidUiautomator2Driver@e47a (b74c386a)]&amp#27;[0m Proxying [POST /element] to [POST http://127.0.0.1:8200/session/020492dc-88c2-4959-aa86-06e06cf23537/element] with body: {"strategy":"xpath","selector":"//android.widget.Button[@text='Allow']","context":"","multiple":false}
&amp#27;[38;5;32m[AndroidUiautomator2Driver@e47a (b74c386a)]&amp#27;[0m Got response with status 404: {"sessionId":"020492dc-88c2-4959-aa86-06e06cf23537","value":{"error":"no such element","message":"An element could not be located on the page using the given search parameters","stacktrace":"io.appium.uiautomator2.common.exceptions.ElementNotFoundException: An element could not be located on the page using the given search parameters\n\tat io.appium.uiautomator2.utils.ElementLocationHelpers.findElement(ElementLocationHelpers.java:156)\n\tat io.appium.uiautomator2.handler.FindElement.safeHandle(FindElement.java:60)\n\tat io.appium.uiautomator2.handler.request.SafeRequestHandler.handle(SafeRequestHandler.java:59)\n\tat io.appium.uiautomator2.server.AppiumServlet.handleRequest(AppiumServlet.java:277)\n\tat io.appium.uiautomator2.server.AppiumServlet.handleHttpRequest(AppiumServlet.java:271)\n\tat io.appium.uiautomator2.http.ServerHandler.channelRead(ServerHandler.java:68)\n\tat io.netty.channel.AbstractChannelHandlerContext.invokeChannelRead(AbstractChannelHandlerContext.java:366)\n\tat io.netty.channel.Abstr...
[debug] &amp#27;[38;5;128m[W3C]&amp#27;[0m Matched W3C error code 'no such element' to NoSuchElementError
[debug] &amp#27;[38;5;32m[AndroidUiautomator2Driver@e47a (b74c386a)]&amp#27;[0m Waited for 10426 ms so far
[debug] &amp#27;[38;5;32m[AndroidUiautomator2Driver@e47a (b74c386a)]&amp#27;[0m Matched '/element' to command name 'findElement'
[debug] &amp#27;[38;5;32m[AndroidUiautomator2Driver@e47a (b74c386a)]&amp#27;[0m Proxying [POST /element] to [POST http://127.0.0.1:8200/session/020492dc-88c2-4959-aa86-06e06cf23537/element] with body: {"strategy":"xpath","selector":"//android.widget.Button[@text='Allow']","context":"","multiple":false}
&amp#27;[38;5;32m[AndroidUiautomator2Driver@e47a (b74c386a)]&amp#27;[0m Got response with status 404: {"sessionId":"020492dc-88c2-4959-aa86-06e06cf23537","value":{"error":"no such element","message":"An element could not be located on the page using the given search parameters","stacktrace":"io.appium.uiautomator2.common.exceptions.ElementNotFoundException: An element could not be located on the page using the given search parameters\n\tat io.appium.uiautomator2.utils.ElementLocationHelpers.findElement(ElementLocationHelpers.java:156)\n\tat io.appium.uiautomator2.handler.FindElement.safeHandle(FindElement.java:60)\n\tat io.appium.uiautomator2.handler.request.SafeRequestHandler.handle(SafeRequestHandler.java:59)\n\tat io.appium.uiautomator2.server.AppiumServlet.handleRequest(AppiumServlet.java:277)\n\tat io.appium.uiautomator2.server.AppiumServlet.handleHttpRequest(AppiumServlet.java:271)\n\tat io.appium.uiautomator2.http.ServerHandler.channelRead(ServerHandler.java:68)\n\tat io.netty.channel.AbstractChannelHandlerContext.invokeChannelRead(AbstractChannelHandlerContext.java:366)\n\tat io.netty.channel.Abstr...
[debug] &amp#27;[38;5;128m[W3C]&amp#27;[0m Matched W3C error code 'no such element' to NoSuchElementError
[debug] &amp#27;[38;5;32m[AndroidUiautomator2Driver@e47a (b74c386a)]&amp#27;[0m Waited for 10958 ms so far
[debug] &amp#27;[38;5;32m[AndroidUiautomator2Driver@e47a (b74c386a)]&amp#27;[0m Matched '/element' to command name 'findElement'
[debug] &amp#27;[38;5;32m[AndroidUiautomator2Driver@e47a (b74c386a)]&amp#27;[0m Proxying [POST /element] to [POST http://127.0.0.1:8200/session/020492dc-88c2-4959-aa86-06e06cf23537/element] with body: {"strategy":"xpath","selector":"//android.widget.Button[@text='Allow']","context":"","multiple":false}
&amp#27;[38;5;32m[AndroidUiautomator2Driver@e47a (b74c386a)]&amp#27;[0m Got response with status 404: {"sessionId":"020492dc-88c2-4959-aa86-06e06cf23537","value":{"error":"no such element","message":"An element could not be located on the page using the given search parameters","stacktrace":"io.appium.uiautomator2.common.exceptions.ElementNotFoundException: An element could not be located on the page using the given search parameters\n\tat io.appium.uiautomator2.utils.ElementLocationHelpers.findElement(ElementLocationHelpers.java:156)\n\tat io.appium.uiautomator2.handler.FindElement.safeHandle(FindElement.java:60)\n\tat io.appium.uiautomator2.handler.request.SafeRequestHandler.handle(SafeRequestHandler.java:59)\n\tat io.appium.uiautomator2.server.AppiumServlet.handleRequest(AppiumServlet.java:277)\n\tat io.appium.uiautomator2.server.AppiumServlet.handleHttpRequest(AppiumServlet.java:271)\n\tat io.appium.uiautomator2.http.ServerHandler.channelRead(ServerHandler.java:68)\n\tat io.netty.channel.AbstractChannelHandlerContext.invokeChannelRead(AbstractChannelHandlerContext.java:366)\n\tat io.netty.channel.Abstr...
[debug] &amp#27;[38;5;128m[W3C]&amp#27;[0m Matched W3C error code 'no such element' to NoSuchElementError
[debug] &amp#27;[38;5;32m[AndroidUiautomator2Driver@e47a (b74c386a)]&amp#27;[0m Waited for 11854 ms so far
[debug] &amp#27;[38;5;32m[AndroidUiautomator2Driver@e47a (b74c386a)]&amp#27;[0m Matched '/element' to command name 'findElement'
[debug] &amp#27;[38;5;32m[AndroidUiautomator2Driver@e47a (b74c386a)]&amp#27;[0m Proxying [POST /element] to [POST http://127.0.0.1:8200/session/020492dc-88c2-4959-aa86-06e06cf23537/element] with body: {"strategy":"xpath","selector":"//android.widget.Button[@text='Allow']","context":"","multiple":false}
&amp#27;[38;5;32m[AndroidUiautomator2Driver@e47a (b74c386a)]&amp#27;[0m Got response with status 404: {"sessionId":"020492dc-88c2-4959-aa86-06e06cf23537","value":{"error":"no such element","message":"An element could not be located on the page using the given search parameters","stacktrace":"io.appium.uiautomator2.common.exceptions.ElementNotFoundException: An element could not be located on the page using the given search parameters\n\tat io.appium.uiautomator2.utils.ElementLocationHelpers.findElement(ElementLocationHelpers.java:156)\n\tat io.appium.uiautomator2.handler.FindElement.safeHandle(FindElement.java:60)\n\tat io.appium.uiautomator2.handler.request.SafeRequestHandler.handle(SafeRequestHandler.java:59)\n\tat io.appium.uiautomator2.server.AppiumServlet.handleRequest(AppiumServlet.java:277)\n\tat io.appium.uiautomator2.server.AppiumServlet.handleHttpRequest(AppiumServlet.java:271)\n\tat io.appium.uiautomator2.http.ServerHandler.channelRead(ServerHandler.java:68)\n\tat io.netty.channel.AbstractChannelHandlerContext.invokeChannelRead(AbstractChannelHandlerContext.java:366)\n\tat io.netty.channel.Abstr...
[debug] &amp#27;[38;5;128m[W3C]&amp#27;[0m Matched W3C error code 'no such element' to NoSuchElementError
[debug] &amp#27;[38;5;32m[AndroidUiautomator2Driver@e47a (b74c386a)]&amp#27;[0m Waited for 12384 ms so far
[debug] &amp#27;[38;5;32m[AndroidUiautomator2Driver@e47a (b74c386a)]&amp#27;[0m Matched '/element' to command name 'findElement'
[debug] &amp#27;[38;5;32m[AndroidUiautomator2Driver@e47a (b74c386a)]&amp#27;[0m Proxying [POST /element] to [POST http://127.0.0.1:8200/session/020492dc-88c2-4959-aa86-06e06cf23537/element] with body: {"strategy":"xpath","selector":"//android.widget.Button[@text='Allow']","context":"","multiple":false}
&amp#27;[38;5;32m[AndroidUiautomator2Driver@e47a (b74c386a)]&amp#27;[0m Got response with status 404: {"sessionId":"020492dc-88c2-4959-aa86-06e06cf23537","value":{"error":"no such element","message":"An element could not be located on the page using the given search parameters","stacktrace":"io.appium.uiautomator2.common.exceptions.ElementNotFoundException: An element could not be located on the page using the given search parameters\n\tat io.appium.uiautomator2.utils.ElementLocationHelpers.findElement(ElementLocationHelpers.java:156)\n\tat io.appium.uiautomator2.handler.FindElement.safeHandle(FindElement.java:60)\n\tat io.appium.uiautomator2.handler.request.SafeRequestHandler.handle(SafeRequestHandler.java:59)\n\tat io.appium.uiautomator2.server.AppiumServlet.handleRequest(AppiumServlet.java:277)\n\tat io.appium.uiautomator2.server.AppiumServlet.handleHttpRequest(AppiumServlet.java:271)\n\tat io.appium.uiautomator2.http.ServerHandler.channelRead(ServerHandler.java:68)\n\tat io.netty.channel.AbstractChannelHandlerContext.invokeChannelRead(AbstractChannelHandlerContext.java:366)\n\tat io.netty.channel.Abstr...
[debug] &amp#27;[38;5;128m[W3C]&amp#27;[0m Matched W3C error code 'no such element' to NoSuchElementError
[debug] &amp#27;[38;5;32m[AndroidUiautomator2Driver@e47a (b74c386a)]&amp#27;[0m Waited for 12924 ms so far
[debug] &amp#27;[38;5;32m[AndroidUiautomator2Driver@e47a (b74c386a)]&amp#27;[0m Matched '/element' to command name 'findElement'
[debug] &amp#27;[38;5;32m[AndroidUiautomator2Driver@e47a (b74c386a)]&amp#27;[0m Proxying [POST /element] to [POST http://127.0.0.1:8200/session/020492dc-88c2-4959-aa86-06e06cf23537/element] with body: {"strategy":"xpath","selector":"//android.widget.Button[@text='Allow']","context":"","multiple":false}
&amp#27;[38;5;32m[AndroidUiautomator2Driver@e47a (b74c386a)]&amp#27;[0m Got response with status 404: {"sessionId":"020492dc-88c2-4959-aa86-06e06cf23537","value":{"error":"no such element","message":"An element could not be located on the page using the given search parameters","stacktrace":"io.appium.uiautomator2.common.exceptions.ElementNotFoundException: An element could not be located on the page using the given search parameters\n\tat io.appium.uiautomator2.utils.ElementLocationHelpers.findElement(ElementLocationHelpers.java:156)\n\tat io.appium.uiautomator2.handler.FindElement.safeHandle(FindElement.java:60)\n\tat io.appium.uiautomator2.handler.request.SafeRequestHandler.handle(SafeRequestHandler.java:59)\n\tat io.appium.uiautomator2.server.AppiumServlet.handleRequest(AppiumServlet.java:277)\n\tat io.appium.uiautomator2.server.AppiumServlet.handleHttpRequest(AppiumServlet.java:271)\n\tat io.appium.uiautomator2.http.ServerHandler.channelRead(ServerHandler.java:68)\n\tat io.netty.channel.AbstractChannelHandlerContext.invokeChannelRead(AbstractChannelHandlerContext.java:366)\n\tat io.netty.channel.Abstr...
[debug] &amp#27;[38;5;128m[W3C]&amp#27;[0m Matched W3C error code 'no such element' to NoSuchElementError
[debug] &amp#27;[38;5;32m[AndroidUiautomator2Driver@e47a (b74c386a)]&amp#27;[0m Waited for 13458 ms so far
[debug] &amp#27;[38;5;32m[AndroidUiautomator2Driver@e47a (b74c386a)]&amp#27;[0m Matched '/element' to command name 'findElement'
[debug] &amp#27;[38;5;32m[AndroidUiautomator2Driver@e47a (b74c386a)]&amp#27;[0m Proxying [POST /element] to [POST http://127.0.0.1:8200/session/020492dc-88c2-4959-aa86-06e06cf23537/element] with body: {"strategy":"xpath","selector":"//android.widget.Button[@text='Allow']","context":"","multiple":false}
&amp#27;[38;5;32m[AndroidUiautomator2Driver@e47a (b74c386a)]&amp#27;[0m Got response with status 404: {"sessionId":"020492dc-88c2-4959-aa86-06e06cf23537","value":{"error":"no such element","message":"An element could not be located on the page using the given search parameters","stacktrace":"io.appium.uiautomator2.common.exceptions.ElementNotFoundException: An element could not be located on the page using the given search parameters\n\tat io.appium.uiautomator2.utils.ElementLocationHelpers.findElement(ElementLocationHelpers.java:156)\n\tat io.appium.uiautomator2.handler.FindElement.safeHandle(FindElement.java:60)\n\tat io.appium.uiautomator2.handler.request.SafeRequestHandler.handle(SafeRequestHandler.java:59)\n\tat io.appium.uiautomator2.server.AppiumServlet.handleRequest(AppiumServlet.java:277)\n\tat io.appium.uiautomator2.server.AppiumServlet.handleHttpRequest(AppiumServlet.java:271)\n\tat io.appium.uiautomator2.http.ServerHandler.channelRead(ServerHandler.java:68)\n\tat io.netty.channel.AbstractChannelHandlerContext.invokeChannelRead(AbstractChannelHandlerContext.java:366)\n\tat io.netty.channel.Abstr...
[debug] &amp#27;[38;5;128m[W3C]&amp#27;[0m Matched W3C error code 'no such element' to NoSuchElementError
[debug] &amp#27;[38;5;32m[AndroidUiautomator2Driver@e47a (b74c386a)]&amp#27;[0m Waited for 13992 ms so far
[debug] &amp#27;[38;5;32m[AndroidUiautomator2Driver@e47a (b74c386a)]&amp#27;[0m Matched '/element' to command name 'findElement'
[debug] &amp#27;[38;5;32m[AndroidUiautomator2Driver@e47a (b74c386a)]&amp#27;[0m Proxying [POST /element] to [POST http://127.0.0.1:8200/session/020492dc-88c2-4959-aa86-06e06cf23537/element] with body: {"strategy":"xpath","selector":"//android.widget.Button[@text='Allow']","context":"","multiple":false}
&amp#27;[38;5;32m[AndroidUiautomator2Driver@e47a (b74c386a)]&amp#27;[0m Got response with status 404: {"sessionId":"020492dc-88c2-4959-aa86-06e06cf23537","value":{"error":"no such element","message":"An element could not be located on the page using the given search parameters","stacktrace":"io.appium.uiautomator2.common.exceptions.ElementNotFoundException: An element could not be located on the page using the given search parameters\n\tat io.appium.uiautomator2.utils.ElementLocationHelpers.findElement(ElementLocationHelpers.java:156)\n\tat io.appium.uiautomator2.handler.FindElement.safeHandle(FindElement.java:60)\n\tat io.appium.uiautomator2.handler.request.SafeRequestHandler.handle(SafeRequestHandler.java:59)\n\tat io.appium.uiautomator2.server.AppiumServlet.handleRequest(AppiumServlet.java:277)\n\tat io.appium.uiautomator2.server.AppiumServlet.handleHttpRequest(AppiumServlet.java:271)\n\tat io.appium.uiautomator2.http.ServerHandler.channelRead(ServerHandler.java:68)\n\tat io.netty.channel.AbstractChannelHandlerContext.invokeChannelRead(AbstractChannelHandlerContext.java:366)\n\tat io.netty.channel.Abstr...
[debug] &amp#27;[38;5;128m[W3C]&amp#27;[0m Matched W3C error code 'no such element' to NoSuchElementError
[debug] &amp#27;[38;5;32m[AndroidUiautomator2Driver@e47a (b74c386a)]&amp#27;[0m Waited for 14523 ms so far
[debug] &amp#27;[38;5;32m[AndroidUiautomator2Driver@e47a (b74c386a)]&amp#27;[0m Matched '/element' to command name 'findElement'
[debug] &amp#27;[38;5;32m[AndroidUiautomator2Driver@e47a (b74c386a)]&amp#27;[0m Proxying [POST /element] to [POST http://127.0.0.1:8200/session/020492dc-88c2-4959-aa86-06e06cf23537/element] with body: {"strategy":"xpath","selector":"//android.widget.Button[@text='Allow']","context":"","multiple":false}
&amp#27;[38;5;32m[AndroidUiautomator2Driver@e47a (b74c386a)]&amp#27;[0m Got response with status 404: {"sessionId":"020492dc-88c2-4959-aa86-06e06cf23537","value":{"error":"no such element","message":"An element could not be located on the page using the given search parameters","stacktrace":"io.appium.uiautomator2.common.exceptions.ElementNotFoundException: An element could not be located on the page using the given search parameters\n\tat io.appium.uiautomator2.utils.ElementLocationHelpers.findElement(ElementLocationHelpers.java:156)\n\tat io.appium.uiautomator2.handler.FindElement.safeHandle(FindElement.java:60)\n\tat io.appium.uiautomator2.handler.request.SafeRequestHandler.handle(SafeRequestHandler.java:59)\n\tat io.appium.uiautomator2.server.AppiumServlet.handleRequest(AppiumServlet.java:277)\n\tat io.appium.uiautomator2.server.AppiumServlet.handleHttpRequest(AppiumServlet.java:271)\n\tat io.appium.uiautomator2.http.ServerHandler.channelRead(ServerHandler.java:68)\n\tat io.netty.channel.AbstractChannelHandlerContext.invokeChannelRead(AbstractChannelHandlerContext.java:366)\n\tat io.netty.channel.Abstr...
[debug] &amp#27;[38;5;128m[W3C]&amp#27;[0m Matched W3C error code 'no such element' to NoSuchElementError
[debug] &amp#27;[38;5;32m[AndroidUiautomator2Driver@e47a (b74c386a)]&amp#27;[0m Waited for 15052 ms so far
[debug] &amp#27;[38;5;32m[AndroidUiautomator2Driver@e47a (b74c386a)]&amp#27;[0m Matched '/element' to command name 'findElement'
[debug] &amp#27;[38;5;32m[AndroidUiautomator2Driver@e47a (b74c386a)]&amp#27;[0m Proxying [POST /element] to [POST http://127.0.0.1:8200/session/020492dc-88c2-4959-aa86-06e06cf23537/element] with body: {"strategy":"xpath","selector":"//android.widget.Button[@text='Allow']","context":"","multiple":false}
&amp#27;[38;5;32m[AndroidUiautomator2Driver@e47a (b74c386a)]&amp#27;[0m Got response with status 404: {"sessionId":"020492dc-88c2-4959-aa86-06e06cf23537","value":{"error":"no such element","message":"An element could not be located on the page using the given search parameters","stacktrace":"io.appium.uiautomator2.common.exceptions.ElementNotFoundException: An element could not be located on the page using the given search parameters\n\tat io.appium.uiautomator2.utils.ElementLocationHelpers.findElement(ElementLocationHelpers.java:156)\n\tat io.appium.uiautomator2.handler.FindElement.safeHandle(FindElement.java:60)\n\tat io.appium.uiautomator2.handler.request.SafeRequestHandler.handle(SafeRequestHandler.java:59)\n\tat io.appium.uiautomator2.server.AppiumServlet.handleRequest(AppiumServlet.java:277)\n\tat io.appium.uiautomator2.server.AppiumServlet.handleHttpRequest(AppiumServlet.java:271)\n\tat io.appium.uiautomator2.http.ServerHandler.channelRead(ServerHandler.java:68)\n\tat io.netty.channel.AbstractChannelHandlerContext.invokeChannelRead(AbstractChannelHandlerContext.java:366)\n\tat io.netty.channel.Abstr...
[debug] &amp#27;[38;5;128m[W3C]&amp#27;[0m Matched W3C error code 'no such element' to NoSuchElementError
[debug] &amp#27;[38;5;32m[AndroidUiautomator2Driver@e47a (b74c386a)]&amp#27;[0m Waited for 15581 ms so far
[debug] &amp#27;[38;5;32m[AndroidUiautomator2Driver@e47a (b74c386a)]&amp#27;[0m Matched '/element' to command name 'findElement'
[debug] &amp#27;[38;5;32m[AndroidUiautomator2Driver@e47a (b74c386a)]&amp#27;[0m Proxying [POST /element] to [POST http://127.0.0.1:8200/session/020492dc-88c2-4959-aa86-06e06cf23537/element] with body: {"strategy":"xpath","selector":"//android.widget.Button[@text='Allow']","context":"","multiple":false}
&amp#27;[38;5;32m[AndroidUiautomator2Driver@e47a (b74c386a)]&amp#27;[0m Got response with status 404: {"sessionId":"020492dc-88c2-4959-aa86-06e06cf23537","value":{"error":"no such element","message":"An element could not be located on the page using the given search parameters","stacktrace":"io.appium.uiautomator2.common.exceptions.ElementNotFoundException: An element could not be located on the page using the given search parameters\n\tat io.appium.uiautomator2.utils.ElementLocationHelpers.findElement(ElementLocationHelpers.java:156)\n\tat io.appium.uiautomator2.handler.FindElement.safeHandle(FindElement.java:60)\n\tat io.appium.uiautomator2.handler.request.SafeRequestHandler.handle(SafeRequestHandler.java:59)\n\tat io.appium.uiautomator2.server.AppiumServlet.handleRequest(AppiumServlet.java:277)\n\tat io.appium.uiautomator2.server.AppiumServlet.handleHttpRequest(AppiumServlet.java:271)\n\tat io.appium.uiautomator2.http.ServerHandler.channelRead(ServerHandler.java:68)\n\tat io.netty.channel.AbstractChannelHandlerContext.invokeChannelRead(AbstractChannelHandlerContext.java:366)\n\tat io.netty.channel.Abstr...
[debug] &amp#27;[38;5;128m[W3C]&amp#27;[0m Matched W3C error code 'no such element' to NoSuchElementError
[debug] &amp#27;[38;5;32m[AndroidUiautomator2Driver@e47a (b74c386a)]&amp#27;[0m Waited for 16118 ms so far
[debug] &amp#27;[38;5;32m[AndroidUiautomator2Driver@e47a (b74c386a)]&amp#27;[0m Matched '/element' to command name 'findElement'
[debug] &amp#27;[38;5;32m[AndroidUiautomator2Driver@e47a (b74c386a)]&amp#27;[0m Proxying [POST /element] to [POST http://127.0.0.1:8200/session/020492dc-88c2-4959-aa86-06e06cf23537/element] with body: {"strategy":"xpath","selector":"//android.widget.Button[@text='Allow']","context":"","multiple":false}
&amp#27;[38;5;32m[AndroidUiautomator2Driver@e47a (b74c386a)]&amp#27;[0m Got response with status 404: {"sessionId":"020492dc-88c2-4959-aa86-06e06cf23537","value":{"error":"no such element","message":"An element could not be located on the page using the given search parameters","stacktrace":"io.appium.uiautomator2.common.exceptions.ElementNotFoundException: An element could not be located on the page using the given search parameters\n\tat io.appium.uiautomator2.utils.ElementLocationHelpers.findElement(ElementLocationHelpers.java:156)\n\tat io.appium.uiautomator2.handler.FindElement.safeHandle(FindElement.java:60)\n\tat io.appium.uiautomator2.handler.request.SafeRequestHandler.handle(SafeRequestHandler.java:59)\n\tat io.appium.uiautomator2.server.AppiumServlet.handleRequest(AppiumServlet.java:277)\n\tat io.appium.uiautomator2.server.AppiumServlet.handleHttpRequest(AppiumServlet.java:271)\n\tat io.appium.uiautomator2.http.ServerHandler.channelRead(ServerHandler.java:68)\n\tat io.netty.channel.AbstractChannelHandlerContext.invokeChannelRead(AbstractChannelHandlerContext.java:366)\n\tat io.netty.channel.Abstr...
[debug] &amp#27;[38;5;128m[W3C]&amp#27;[0m Matched W3C error code 'no such element' to NoSuchElementError
[debug] &amp#27;[38;5;32m[AndroidUiautomator2Driver@e47a (b74c386a)]&amp#27;[0m Waited for 16641 ms so far
[debug] &amp#27;[38;5;32m[AndroidUiautomator2Driver@e47a (b74c386a)]&amp#27;[0m Matched '/element' to command name 'findElement'
[debug] &amp#27;[38;5;32m[AndroidUiautomator2Driver@e47a (b74c386a)]&amp#27;[0m Proxying [POST /element] to [POST http://127.0.0.1:8200/session/020492dc-88c2-4959-aa86-06e06cf23537/element] with body: {"strategy":"xpath","selector":"//android.widget.Button[@text='Allow']","context":"","multiple":false}
&amp#27;[38;5;32m[AndroidUiautomator2Driver@e47a (b74c386a)]&amp#27;[0m Got response with status 404: {"sessionId":"020492dc-88c2-4959-aa86-06e06cf23537","value":{"error":"no such element","message":"An element could not be located on the page using the given search parameters","stacktrace":"io.appium.uiautomator2.common.exceptions.ElementNotFoundException: An element could not be located on the page using the given search parameters\n\tat io.appium.uiautomator2.utils.ElementLocationHelpers.findElement(ElementLocationHelpers.java:156)\n\tat io.appium.uiautomator2.handler.FindElement.safeHandle(FindElement.java:60)\n\tat io.appium.uiautomator2.handler.request.SafeRequestHandler.handle(SafeRequestHandler.java:59)\n\tat io.appium.uiautomator2.server.AppiumServlet.handleRequest(AppiumServlet.java:277)\n\tat io.appium.uiautomator2.server.AppiumServlet.handleHttpRequest(AppiumServlet.java:271)\n\tat io.appium.uiautomator2.http.ServerHandler.channelRead(ServerHandler.java:68)\n\tat io.netty.channel.AbstractChannelHandlerContext.invokeChannelRead(AbstractChannelHandlerContext.java:366)\n\tat io.netty.channel.Abstr...
[debug] &amp#27;[38;5;128m[W3C]&amp#27;[0m Matched W3C error code 'no such element' to NoSuchElementError
[debug] &amp#27;[38;5;32m[AndroidUiautomator2Driver@e47a (b74c386a)]&amp#27;[0m Waited for 17178 ms so far
[debug] &amp#27;[38;5;32m[AndroidUiautomator2Driver@e47a (b74c386a)]&amp#27;[0m Matched '/element' to command name 'findElement'
[debug] &amp#27;[38;5;32m[AndroidUiautomator2Driver@e47a (b74c386a)]&amp#27;[0m Proxying [POST /element] to [POST http://127.0.0.1:8200/session/020492dc-88c2-4959-aa86-06e06cf23537/element] with body: {"strategy":"xpath","selector":"//android.widget.Button[@text='Allow']","context":"","multiple":false}
&amp#27;[38;5;32m[AndroidUiautomator2Driver@e47a (b74c386a)]&amp#27;[0m Got response with status 404: {"sessionId":"020492dc-88c2-4959-aa86-06e06cf23537","value":{"error":"no such element","message":"An element could not be located on the page using the given search parameters","stacktrace":"io.appium.uiautomator2.common.exceptions.ElementNotFoundException: An element could not be located on the page using the given search parameters\n\tat io.appium.uiautomator2.utils.ElementLocationHelpers.findElement(ElementLocationHelpers.java:156)\n\tat io.appium.uiautomator2.handler.FindElement.safeHandle(FindElement.java:60)\n\tat io.appium.uiautomator2.handler.request.SafeRequestHandler.handle(SafeRequestHandler.java:59)\n\tat io.appium.uiautomator2.server.AppiumServlet.handleRequest(AppiumServlet.java:277)\n\tat io.appium.uiautomator2.server.AppiumServlet.handleHttpRequest(AppiumServlet.java:271)\n\tat io.appium.uiautomator2.http.ServerHandler.channelRead(ServerHandler.java:68)\n\tat io.netty.channel.AbstractChannelHandlerContext.invokeChannelRead(AbstractChannelHandlerContext.java:366)\n\tat io.netty.channel.Abstr...
[debug] &amp#27;[38;5;128m[W3C]&amp#27;[0m Matched W3C error code 'no such element' to NoSuchElementError
[debug] &amp#27;[38;5;32m[AndroidUiautomator2Driver@e47a (b74c386a)]&amp#27;[0m Waited for 17713 ms so far
[debug] &amp#27;[38;5;32m[AndroidUiautomator2Driver@e47a (b74c386a)]&amp#27;[0m Matched '/element' to command name 'findElement'
[debug] &amp#27;[38;5;32m[AndroidUiautomator2Driver@e47a (b74c386a)]&amp#27;[0m Proxying [POST /element] to [POST http://127.0.0.1:8200/session/020492dc-88c2-4959-aa86-06e06cf23537/element] with body: {"strategy":"xpath","selector":"//android.widget.Button[@text='Allow']","context":"","multiple":false}
&amp#27;[38;5;32m[AndroidUiautomator2Driver@e47a (b74c386a)]&amp#27;[0m Got response with status 404: {"sessionId":"020492dc-88c2-4959-aa86-06e06cf23537","value":{"error":"no such element","message":"An element could not be located on the page using the given search parameters","stacktrace":"io.appium.uiautomator2.common.exceptions.ElementNotFoundException: An element could not be located on the page using the given search parameters\n\tat io.appium.uiautomator2.utils.ElementLocationHelpers.findElement(ElementLocationHelpers.java:156)\n\tat io.appium.uiautomator2.handler.FindElement.safeHandle(FindElement.java:60)\n\tat io.appium.uiautomator2.handler.request.SafeRequestHandler.handle(SafeRequestHandler.java:59)\n\tat io.appium.uiautomator2.server.AppiumServlet.handleRequest(AppiumServlet.java:277)\n\tat io.appium.uiautomator2.server.AppiumServlet.handleHttpRequest(AppiumServlet.java:271)\n\tat io.appium.uiautomator2.http.ServerHandler.channelRead(ServerHandler.java:68)\n\tat io.netty.channel.AbstractChannelHandlerContext.invokeChannelRead(AbstractChannelHandlerContext.java:366)\n\tat io.netty.channel.Abstr...
[debug] &amp#27;[38;5;128m[W3C]&amp#27;[0m Matched W3C error code 'no such element' to NoSuchElementError
[debug] &amp#27;[38;5;32m[AndroidUiautomator2Driver@e47a (b74c386a)]&amp#27;[0m Waited for 18247 ms so far
[debug] &amp#27;[38;5;32m[AndroidUiautomator2Driver@e47a (b74c386a)]&amp#27;[0m Matched '/element' to command name 'findElement'
[debug] &amp#27;[38;5;32m[AndroidUiautomator2Driver@e47a (b74c386a)]&amp#27;[0m Proxying [POST /element] to [POST http://127.0.0.1:8200/session/020492dc-88c2-4959-aa86-06e06cf23537/element] with body: {"strategy":"xpath","selector":"//android.widget.Button[@text='Allow']","context":"","multiple":false}
&amp#27;[38;5;32m[AndroidUiautomator2Driver@e47a (b74c386a)]&amp#27;[0m Got response with status 404: {"sessionId":"020492dc-88c2-4959-aa86-06e06cf23537","value":{"error":"no such element","message":"An element could not be located on the page using the given search parameters","stacktrace":"io.appium.uiautomator2.common.exceptions.ElementNotFoundException: An element could not be located on the page using the given search parameters\n\tat io.appium.uiautomator2.utils.ElementLocationHelpers.findElement(ElementLocationHelpers.java:156)\n\tat io.appium.uiautomator2.handler.FindElement.safeHandle(FindElement.java:60)\n\tat io.appium.uiautomator2.handler.request.SafeRequestHandler.handle(SafeRequestHandler.java:59)\n\tat io.appium.uiautomator2.server.AppiumServlet.handleRequest(AppiumServlet.java:277)\n\tat io.appium.uiautomator2.server.AppiumServlet.handleHttpRequest(AppiumServlet.java:271)\n\tat io.appium.uiautomator2.http.ServerHandler.channelRead(ServerHandler.java:68)\n\tat io.netty.channel.AbstractChannelHandlerContext.invokeChannelRead(AbstractChannelHandlerContext.java:366)\n\tat io.netty.channel.Abstr...
[debug] &amp#27;[38;5;128m[W3C]&amp#27;[0m Matched W3C error code 'no such element' to NoSuchElementError
[debug] &amp#27;[38;5;32m[AndroidUiautomator2Driver@e47a (b74c386a)]&amp#27;[0m Waited for 18786 ms so far
[debug] &amp#27;[38;5;32m[AndroidUiautomator2Driver@e47a (b74c386a)]&amp#27;[0m Matched '/element' to command name 'findElement'
[debug] &amp#27;[38;5;32m[AndroidUiautomator2Driver@e47a (b74c386a)]&amp#27;[0m Proxying [POST /element] to [POST http://127.0.0.1:8200/session/020492dc-88c2-4959-aa86-06e06cf23537/element] with body: {"strategy":"xpath","selector":"//android.widget.Button[@text='Allow']","context":"","multiple":false}
&amp#27;[38;5;32m[AndroidUiautomator2Driver@e47a (b74c386a)]&amp#27;[0m Got response with status 404: {"sessionId":"020492dc-88c2-4959-aa86-06e06cf23537","value":{"error":"no such element","message":"An element could not be located on the page using the given search parameters","stacktrace":"io.appium.uiautomator2.common.exceptions.ElementNotFoundException: An element could not be located on the page using the given search parameters\n\tat io.appium.uiautomator2.utils.ElementLocationHelpers.findElement(ElementLocationHelpers.java:156)\n\tat io.appium.uiautomator2.handler.FindElement.safeHandle(FindElement.java:60)\n\tat io.appium.uiautomator2.handler.request.SafeRequestHandler.handle(SafeRequestHandler.java:59)\n\tat io.appium.uiautomator2.server.AppiumServlet.handleRequest(AppiumServlet.java:277)\n\tat io.appium.uiautomator2.server.AppiumServlet.handleHttpRequest(AppiumServlet.java:271)\n\tat io.appium.uiautomator2.http.ServerHandler.channelRead(ServerHandler.java:68)\n\tat io.netty.channel.AbstractChannelHandlerContext.invokeChannelRead(AbstractChannelHandlerContext.java:366)\n\tat io.netty.channel.Abstr...
[debug] &amp#27;[38;5;128m[W3C]&amp#27;[0m Matched W3C error code 'no such element' to NoSuchElementError
[debug] &amp#27;[38;5;32m[AndroidUiautomator2Driver@e47a (b74c386a)]&amp#27;[0m Waited for 19321 ms so far
[debug] &amp#27;[38;5;32m[AndroidUiautomator2Driver@e47a (b74c386a)]&amp#27;[0m Matched '/element' to command name 'findElement'
[debug] &amp#27;[38;5;32m[AndroidUiautomator2Driver@e47a (b74c386a)]&amp#27;[0m Proxying [POST /element] to [POST http://127.0.0.1:8200/session/020492dc-88c2-4959-aa86-06e06cf23537/element] with body: {"strategy":"xpath","selector":"//android.widget.Button[@text='Allow']","context":"","multiple":false}
&amp#27;[38;5;32m[AndroidUiautomator2Driver@e47a (b74c386a)]&amp#27;[0m Got response with status 404: {"sessionId":"020492dc-88c2-4959-aa86-06e06cf23537","value":{"error":"no such element","message":"An element could not be located on the page using the given search parameters","stacktrace":"io.appium.uiautomator2.common.exceptions.ElementNotFoundException: An element could not be located on the page using the given search parameters\n\tat io.appium.uiautomator2.utils.ElementLocationHelpers.findElement(ElementLocationHelpers.java:156)\n\tat io.appium.uiautomator2.handler.FindElement.safeHandle(FindElement.java:60)\n\tat io.appium.uiautomator2.handler.request.SafeRequestHandler.handle(SafeRequestHandler.java:59)\n\tat io.appium.uiautomator2.server.AppiumServlet.handleRequest(AppiumServlet.java:277)\n\tat io.appium.uiautomator2.server.AppiumServlet.handleHttpRequest(AppiumServlet.java:271)\n\tat io.appium.uiautomator2.http.ServerHandler.channelRead(ServerHandler.java:68)\n\tat io.netty.channel.AbstractChannelHandlerContext.invokeChannelRead(AbstractChannelHandlerContext.java:366)\n\tat io.netty.channel.Abstr...
[debug] &amp#27;[38;5;128m[W3C]&amp#27;[0m Matched W3C error code 'no such element' to NoSuchElementError
[debug] &amp#27;[38;5;32m[AndroidUiautomator2Driver@e47a (b74c386a)]&amp#27;[0m Waited for 19847 ms so far
[debug] &amp#27;[38;5;32m[AndroidUiautomator2Driver@e47a (b74c386a)]&amp#27;[0m Matched '/element' to command name 'findElement'
[debug] &amp#27;[38;5;32m[AndroidUiautomator2Driver@e47a (b74c386a)]&amp#27;[0m Proxying [POST /element] to [POST http://127.0.0.1:8200/session/020492dc-88c2-4959-aa86-06e06cf23537/element] with body: {"strategy":"xpath","selector":"//android.widget.Button[@text='Allow']","context":"","multiple":false}
&amp#27;[38;5;32m[AndroidUiautomator2Driver@e47a (b74c386a)]&amp#27;[0m Got response with status 404: {"sessionId":"020492dc-88c2-4959-aa86-06e06cf23537","value":{"error":"no such element","message":"An element could not be located on the page using the given search parameters","stacktrace":"io.appium.uiautomator2.common.exceptions.ElementNotFoundException: An element could not be located on the page using the given search parameters\n\tat io.appium.uiautomator2.utils.ElementLocationHelpers.findElement(ElementLocationHelpers.java:156)\n\tat io.appium.uiautomator2.handler.FindElement.safeHandle(FindElement.java:60)\n\tat io.appium.uiautomator2.handler.request.SafeRequestHandler.handle(SafeRequestHandler.java:59)\n\tat io.appium.uiautomator2.server.AppiumServlet.handleRequest(AppiumServlet.java:277)\n\tat io.appium.uiautomator2.server.AppiumServlet.handleHttpRequest(AppiumServlet.java:271)\n\tat io.appium.uiautomator2.http.ServerHandler.channelRead(ServerHandler.java:68)\n\tat io.netty.channel.AbstractChannelHandlerContext.invokeChannelRead(AbstractChannelHandlerContext.java:366)\n\tat io.netty.channel.Abstr...
[debug] &amp#27;[38;5;128m[W3C]&amp#27;[0m Matched W3C error code 'no such element' to NoSuchElementError
[debug] &amp#27;[38;5;32m[AndroidUiautomator2Driver@e47a (b74c386a)]&amp#27;[0m Encountered internal error running command: NoSuchElementError: An element could not be located on the page using the given search parameters.
[debug] &amp#27;[38;5;32m[AndroidUiautomator2Driver@e47a (b74c386a)]&amp#27;[0m     at AndroidUiautomator2Driver.findElOrEls (C:\Users\daniel.ogagavworia\.appium\node_modules\appium-uiautomator2-driver\node_modules\appium-android-driver\lib\commands\find.js:75:11)
[debug] &amp#27;[38;5;32m[AndroidUiautomator2Driver@e47a (b74c386a)]&amp#27;[0m     at processTicksAndRejections (node:internal/process/task_queues:95:5)
[debug] &amp#27;[38;5;32m[AndroidUiautomator2Driver@e47a (b74c386a)]&amp#27;[0m     at AndroidUiautomator2Driver.findElOrElsWithProcessing (C:\Users\daniel.ogagavworia\AppData\Roaming\npm\node_modules\appium\node_modules\@appium\base-driver\lib\basedriver\commands\find.ts:60:12)
[debug] &amp#27;[38;5;32m[AndroidUiautomator2Driver@e47a (b74c386a)]&amp#27;[0m     at AndroidUiautomator2Driver.findElement (C:\Users\daniel.ogagavworia\AppData\Roaming\npm\node_modules\appium\node_modules\@appium\base-driver\lib\basedriver\commands\find.ts:75:12)
&amp#27;[38;5;0m[HTTP]&amp#27;[0m &amp#27;[37m<-- POST /session/b74c386a-bd63-4a4d-b13a-d366382f07b7/element &amp#27;[39m&amp#27;[33m404&amp#27;[39m &amp#27;[90m20051 ms - 929&amp#27;[39m
&amp#27;[38;5;0m[HTTP]&amp#27;[0m &amp#27;[90m&amp#27;[39m
&amp#27;[38;5;0m[HTTP]&amp#27;[0m &amp#27;[37m-->&amp#27;[39m &amp#27;[37mPOST&amp#27;[39m &amp#27;[37m/session/b74c386a-bd63-4a4d-b13a-d366382f07b7/element&amp#27;[39m
&amp#27;[38;5;0m[HTTP]&amp#27;[0m &amp#27;[90m{"using":"xpath","value":"//android.widget.TextView[@text='SIGN IN']"}&amp#27;[39m
[debug] &amp#27;[38;5;32m[AndroidUiautomator2Driver@e47a (b74c386a)]&amp#27;[0m Calling AppiumDriver.findElement() with args: ["xpath","//android.widget.TextView[@text='SIGN IN']","b74c386a-bd63-4a4d-b13a-d366382f07b7"]
[debug] &amp#27;[38;5;32m[AndroidUiautomator2Driver@e47a (b74c386a)]&amp#27;[0m Valid locator strategies for this request: xpath, id, class name, accessibility id, css selector, -android uiautomator
[debug] &amp#27;[38;5;32m[AndroidUiautomator2Driver@e47a (b74c386a)]&amp#27;[0m Waiting up to 20000 ms for condition
[debug] &amp#27;[38;5;32m[AndroidUiautomator2Driver@e47a (b74c386a)]&amp#27;[0m Matched '/element' to command name 'findElement'
[debug] &amp#27;[38;5;32m[AndroidUiautomator2Driver@e47a (b74c386a)]&amp#27;[0m Proxying [POST /element] to [POST http://127.0.0.1:8200/session/020492dc-88c2-4959-aa86-06e06cf23537/element] with body: {"strategy":"xpath","selector":"//android.widget.TextView[@text='SIGN IN']","context":"","multiple":false}
[debug] &amp#27;[38;5;32m[AndroidUiautomator2Driver@e47a (b74c386a)]&amp#27;[0m Got response with status 200: {"sessionId":"020492dc-88c2-4959-aa86-06e06cf23537","value":{"ELEMENT":"00000000-0000-0021-ffff-ffff00000030","element-6066-11e4-a52e-4f735466cecf":"00000000-0000-0021-ffff-ffff00000030"}}
[debug] &amp#27;[38;5;32m[AndroidUiautomator2Driver@e47a (b74c386a)]&amp#27;[0m Responding to client with driver.findElement() result: {"element-6066-11e4-a52e-4f735466cecf":"00000000-0000-0021-ffff-ffff00000030","ELEMENT":"00000000-0000-0021-ffff-ffff00000030"}
&amp#27;[38;5;0m[HTTP]&amp#27;[0m &amp#27;[37m<-- POST /session/b74c386a-bd63-4a4d-b13a-d366382f07b7/element &amp#27;[39m&amp#27;[32m200&amp#27;[39m &amp#27;[90m41 ms - 137&amp#27;[39m
&amp#27;[38;5;0m[HTTP]&amp#27;[0m &amp#27;[90m&amp#27;[39m
&amp#27;[38;5;0m[HTTP]&amp#27;[0m &amp#27;[37m-->&amp#27;[39m &amp#27;[37mPOST&amp#27;[39m &amp#27;[37m/session/b74c386a-bd63-4a4d-b13a-d366382f07b7/element/00000000-0000-0021-ffff-ffff00000030/click&amp#27;[39m
&amp#27;[38;5;0m[HTTP]&amp#27;[0m &amp#27;[90m{"id":"00000000-0000-0021-ffff-ffff00000030"}&amp#27;[39m
[debug] &amp#27;[38;5;32m[AndroidUiautomator2Driver@e47a (b74c386a)]&amp#27;[0m Calling AppiumDriver.click() with args: ["00000000-0000-0021-ffff-ffff00000030","b74c386a-bd63-4a4d-b13a-d366382f07b7"]
[debug] &amp#27;[38;5;32m[AndroidUiautomator2Driver@e47a (b74c386a)]&amp#27;[0m Matched '/element/00000000-0000-0021-ffff-ffff00000030/click' to command name 'click'
[debug] &amp#27;[38;5;32m[AndroidUiautomator2Driver@e47a (b74c386a)]&amp#27;[0m Proxying [POST /element/00000000-0000-0021-ffff-ffff00000030/click] to [POST http://127.0.0.1:8200/session/020492dc-88c2-4959-aa86-06e06cf23537/element/00000000-0000-0021-ffff-ffff00000030/click] with body: {"element":"00000000-0000-0021-ffff-ffff00000030"}
[debug] &amp#27;[38;5;32m[AndroidUiautomator2Driver@e47a (b74c386a)]&amp#27;[0m Got response with status 200: {"sessionId":"020492dc-88c2-4959-aa86-06e06cf23537","value":null}
[debug] &amp#27;[38;5;32m[AndroidUiautomator2Driver@e47a (b74c386a)]&amp#27;[0m Responding to client with driver.click() result: null
&amp#27;[38;5;0m[HTTP]&amp#27;[0m &amp#27;[37m<-- POST /session/b74c386a-bd63-4a4d-b13a-d366382f07b7/element/00000000-0000-0021-ffff-ffff00000030/click &amp#27;[39m&amp#27;[32m200&amp#27;[39m &amp#27;[90m75 ms - 14&amp#27;[39m
&amp#27;[38;5;0m[HTTP]&amp#27;[0m &amp#27;[90m&amp#27;[39m
&amp#27;[38;5;0m[HTTP]&amp#27;[0m &amp#27;[37m-->&amp#27;[39m &amp#27;[37mPOST&amp#27;[39m &amp#27;[37m/session/b74c386a-bd63-4a4d-b13a-d366382f07b7/timeouts&amp#27;[39m
&amp#27;[38;5;0m[HTTP]&amp#27;[0m &amp#27;[90m{"implicit":20000}&amp#27;[39m
[debug] &amp#27;[38;5;32m[AndroidUiautomator2Driver@e47a (b74c386a)]&amp#27;[0m Calling AppiumDriver.timeouts() with args: [null,null,null,null,20000,"b74c386a-bd63-4a4d-b13a-d366382f07b7"]
[debug] &amp#27;[38;5;32m[AndroidUiautomator2Driver@e47a (b74c386a)]&amp#27;[0m W3C timeout argument: {"implicit":20000}}
[debug] &amp#27;[38;5;32m[AndroidUiautomator2Driver@e47a (b74c386a)]&amp#27;[0m Set implicit wait to 20000ms
[debug] &amp#27;[38;5;32m[AndroidUiautomator2Driver@e47a (b74c386a)]&amp#27;[0m Responding to client with driver.timeouts() result: null
&amp#27;[38;5;0m[HTTP]&amp#27;[0m &amp#27;[37m<-- POST /session/b74c386a-bd63-4a4d-b13a-d366382f07b7/timeouts &amp#27;[39m&amp#27;[32m200&amp#27;[39m &amp#27;[90m1 ms - 14&amp#27;[39m
&amp#27;[38;5;0m[HTTP]&amp#27;[0m &amp#27;[90m&amp#27;[39m
&amp#27;[38;5;0m[HTTP]&amp#27;[0m &amp#27;[37m-->&amp#27;[39m &amp#27;[37mPOST&amp#27;[39m &amp#27;[37m/session/b74c386a-bd63-4a4d-b13a-d366382f07b7/element&amp#27;[39m
&amp#27;[38;5;0m[HTTP]&amp#27;[0m &amp#27;[90m{"using":"xpath","value":"//android.widget.TextView[@text='LOGIN']"}&amp#27;[39m
[debug] &amp#27;[38;5;32m[AndroidUiautomator2Driver@e47a (b74c386a)]&amp#27;[0m Calling AppiumDriver.findElement() with args: ["xpath","//android.widget.TextView[@text='LOGIN']","b74c386a-bd63-4a4d-b13a-d366382f07b7"]
[debug] &amp#27;[38;5;32m[AndroidUiautomator2Driver@e47a (b74c386a)]&amp#27;[0m Valid locator strategies for this request: xpath, id, class name, accessibility id, css selector, -android uiautomator
[debug] &amp#27;[38;5;32m[AndroidUiautomator2Driver@e47a (b74c386a)]&amp#27;[0m Waiting up to 20000 ms for condition
[debug] &amp#27;[38;5;32m[AndroidUiautomator2Driver@e47a (b74c386a)]&amp#27;[0m Matched '/element' to command name 'findElement'
[debug] &amp#27;[38;5;32m[AndroidUiautomator2Driver@e47a (b74c386a)]&amp#27;[0m Proxying [POST /element] to [POST http://127.0.0.1:8200/session/020492dc-88c2-4959-aa86-06e06cf23537/element] with body: {"strategy":"xpath","selector":"//android.widget.TextView[@text='LOGIN']","context":"","multiple":false}
&amp#27;[38;5;32m[AndroidUiautomator2Driver@e47a (b74c386a)]&amp#27;[0m Got response with status 404: {"sessionId":"020492dc-88c2-4959-aa86-06e06cf23537","value":{"error":"no such element","message":"An element could not be located on the page using the given search parameters","stacktrace":"io.appium.uiautomator2.common.exceptions.ElementNotFoundException: An element could not be located on the page using the given search parameters\n\tat io.appium.uiautomator2.utils.ElementLocationHelpers.findElement(ElementLocationHelpers.java:156)\n\tat io.appium.uiautomator2.handler.FindElement.safeHandle(FindElement.java:60)\n\tat io.appium.uiautomator2.handler.request.SafeRequestHandler.handle(SafeRequestHandler.java:59)\n\tat io.appium.uiautomator2.server.AppiumServlet.handleRequest(AppiumServlet.java:277)\n\tat io.appium.uiautomator2.server.AppiumServlet.handleHttpRequest(AppiumServlet.java:271)\n\tat io.appium.uiautomator2.http.ServerHandler.channelRead(ServerHandler.java:68)\n\tat io.netty.channel.AbstractChannelHandlerContext.invokeChannelRead(AbstractChannelHandlerContext.java:366)\n\tat io.netty.channel.Abstr...
[debug] &amp#27;[38;5;128m[W3C]&amp#27;[0m Matched W3C error code 'no such element' to NoSuchElementError
[debug] &amp#27;[38;5;32m[AndroidUiautomator2Driver@e47a (b74c386a)]&amp#27;[0m Waited for 47 ms so far
[debug] &amp#27;[38;5;32m[AndroidUiautomator2Driver@e47a (b74c386a)]&amp#27;[0m Matched '/element' to command name 'findElement'
[debug] &amp#27;[38;5;32m[AndroidUiautomator2Driver@e47a (b74c386a)]&amp#27;[0m Proxying [POST /element] to [POST http://127.0.0.1:8200/session/020492dc-88c2-4959-aa86-06e06cf23537/element] with body: {"strategy":"xpath","selector":"//android.widget.TextView[@text='LOGIN']","context":"","multiple":false}
[debug] &amp#27;[38;5;32m[AndroidUiautomator2Driver@e47a (b74c386a)]&amp#27;[0m Got response with status 200: {"sessionId":"020492dc-88c2-4959-aa86-06e06cf23537","value":{"ELEMENT":"00000000-0000-0021-ffff-ffff0000004f","element-6066-11e4-a52e-4f735466cecf":"00000000-0000-0021-ffff-ffff0000004f"}}
[debug] &amp#27;[38;5;32m[AndroidUiautomator2Driver@e47a (b74c386a)]&amp#27;[0m Responding to client with driver.findElement() result: {"element-6066-11e4-a52e-4f735466cecf":"00000000-0000-0021-ffff-ffff0000004f","ELEMENT":"00000000-0000-0021-ffff-ffff0000004f"}
&amp#27;[38;5;0m[HTTP]&amp#27;[0m &amp#27;[37m<-- POST /session/b74c386a-bd63-4a4d-b13a-d366382f07b7/element &amp#27;[39m&amp#27;[32m200&amp#27;[39m &amp#27;[90m1092 ms - 137&amp#27;[39m
&amp#27;[38;5;0m[HTTP]&amp#27;[0m &amp#27;[90m&amp#27;[39m
&amp#27;[38;5;0m[HTTP]&amp#27;[0m &amp#27;[37m-->&amp#27;[39m &amp#27;[37mPOST&amp#27;[39m &amp#27;[37m/session/b74c386a-bd63-4a4d-b13a-d366382f07b7/element/00000000-0000-0021-ffff-ffff0000004f/click&amp#27;[39m
&amp#27;[38;5;0m[HTTP]&amp#27;[0m &amp#27;[90m{"id":"00000000-0000-0021-ffff-ffff0000004f"}&amp#27;[39m
[debug] &amp#27;[38;5;32m[AndroidUiautomator2Driver@e47a (b74c386a)]&amp#27;[0m Calling AppiumDriver.click() with args: ["00000000-0000-0021-ffff-ffff0000004f","b74c386a-bd63-4a4d-b13a-d366382f07b7"]
[debug] &amp#27;[38;5;32m[AndroidUiautomator2Driver@e47a (b74c386a)]&amp#27;[0m Matched '/element/00000000-0000-0021-ffff-ffff0000004f/click' to command name 'click'
[debug] &amp#27;[38;5;32m[AndroidUiautomator2Driver@e47a (b74c386a)]&amp#27;[0m Proxying [POST /element/00000000-0000-0021-ffff-ffff0000004f/click] to [POST http://127.0.0.1:8200/session/020492dc-88c2-4959-aa86-06e06cf23537/element/00000000-0000-0021-ffff-ffff0000004f/click] with body: {"element":"00000000-0000-0021-ffff-ffff0000004f"}
[debug] &amp#27;[38;5;32m[AndroidUiautomator2Driver@e47a (b74c386a)]&amp#27;[0m Got response with status 200: {"sessionId":"020492dc-88c2-4959-aa86-06e06cf23537","value":null}
[debug] &amp#27;[38;5;32m[AndroidUiautomator2Driver@e47a (b74c386a)]&amp#27;[0m Responding to client with driver.click() result: null
&amp#27;[38;5;0m[HTTP]&amp#27;[0m &amp#27;[37m<-- POST /session/b74c386a-bd63-4a4d-b13a-d366382f07b7/element/00000000-0000-0021-ffff-ffff0000004f/click &amp#27;[39m&amp#27;[32m200&amp#27;[39m &amp#27;[90m42 ms - 14&amp#27;[39m
&amp#27;[38;5;0m[HTTP]&amp#27;[0m &amp#27;[90m&amp#27;[39m
&amp#27;[38;5;0m[HTTP]&amp#27;[0m &amp#27;[37m-->&amp#27;[39m &amp#27;[37mPOST&amp#27;[39m &amp#27;[37m/session/b74c386a-bd63-4a4d-b13a-d366382f07b7/timeouts&amp#27;[39m
&amp#27;[38;5;0m[HTTP]&amp#27;[0m &amp#27;[90m{"implicit":20000}&amp#27;[39m
[debug] &amp#27;[38;5;32m[AndroidUiautomator2Driver@e47a (b74c386a)]&amp#27;[0m Calling AppiumDriver.timeouts() with args: [null,null,null,null,20000,"b74c386a-bd63-4a4d-b13a-d366382f07b7"]
[debug] &amp#27;[38;5;32m[AndroidUiautomator2Driver@e47a (b74c386a)]&amp#27;[0m W3C timeout argument: {"implicit":20000}}
[debug] &amp#27;[38;5;32m[AndroidUiautomator2Driver@e47a (b74c386a)]&amp#27;[0m Set implicit wait to 20000ms
[debug] &amp#27;[38;5;32m[AndroidUiautomator2Driver@e47a (b74c386a)]&amp#27;[0m Responding to client with driver.timeouts() result: null
&amp#27;[38;5;0m[HTTP]&amp#27;[0m &amp#27;[37m<-- POST /session/b74c386a-bd63-4a4d-b13a-d366382f07b7/timeouts &amp#27;[39m&amp#27;[32m200&amp#27;[39m &amp#27;[90m1 ms - 14&amp#27;[39m
&amp#27;[38;5;0m[HTTP]&amp#27;[0m &amp#27;[90m&amp#27;[39m
&amp#27;[38;5;0m[HTTP]&amp#27;[0m &amp#27;[37m-->&amp#27;[39m &amp#27;[37mPOST&amp#27;[39m &amp#27;[37m/session/b74c386a-bd63-4a4d-b13a-d366382f07b7/timeouts&amp#27;[39m
&amp#27;[38;5;0m[HTTP]&amp#27;[0m &amp#27;[90m{"implicit":20000}&amp#27;[39m
[debug] &amp#27;[38;5;32m[AndroidUiautomator2Driver@e47a (b74c386a)]&amp#27;[0m Calling AppiumDriver.timeouts() with args: [null,null,null,null,20000,"b74c386a-bd63-4a4d-b13a-d366382f07b7"]
[debug] &amp#27;[38;5;32m[AndroidUiautomator2Driver@e47a (b74c386a)]&amp#27;[0m W3C timeout argument: {"implicit":20000}}
[debug] &amp#27;[38;5;32m[AndroidUiautomator2Driver@e47a (b74c386a)]&amp#27;[0m Set implicit wait to 20000ms
[debug] &amp#27;[38;5;32m[AndroidUiautomator2Driver@e47a (b74c386a)]&amp#27;[0m Responding to client with driver.timeouts() result: null
&amp#27;[38;5;0m[HTTP]&amp#27;[0m &amp#27;[37m<-- POST /session/b74c386a-bd63-4a4d-b13a-d366382f07b7/timeouts &amp#27;[39m&amp#27;[32m200&amp#27;[39m &amp#27;[90m1 ms - 14&amp#27;[39m
&amp#27;[38;5;0m[HTTP]&amp#27;[0m &amp#27;[90m&amp#27;[39m
&amp#27;[38;5;0m[HTTP]&amp#27;[0m &amp#27;[37m-->&amp#27;[39m &amp#27;[37mPOST&amp#27;[39m &amp#27;[37m/session/b74c386a-bd63-4a4d-b13a-d366382f07b7/element&amp#27;[39m
&amp#27;[38;5;0m[HTTP]&amp#27;[0m &amp#27;[90m{"using":"xpath","value":"//android.widget.TextView[@index=4]"}&amp#27;[39m
[debug] &amp#27;[38;5;32m[AndroidUiautomator2Driver@e47a (b74c386a)]&amp#27;[0m Calling AppiumDriver.findElement() with args: ["xpath","//android.widget.TextView[@index=4]","b74c386a-bd63-4a4d-b13a-d366382f07b7"]
[debug] &amp#27;[38;5;32m[AndroidUiautomator2Driver@e47a (b74c386a)]&amp#27;[0m Valid locator strategies for this request: xpath, id, class name, accessibility id, css selector, -android uiautomator
[debug] &amp#27;[38;5;32m[AndroidUiautomator2Driver@e47a (b74c386a)]&amp#27;[0m Waiting up to 20000 ms for condition
[debug] &amp#27;[38;5;32m[AndroidUiautomator2Driver@e47a (b74c386a)]&amp#27;[0m Matched '/element' to command name 'findElement'
[debug] &amp#27;[38;5;32m[AndroidUiautomator2Driver@e47a (b74c386a)]&amp#27;[0m Proxying [POST /element] to [POST http://127.0.0.1:8200/session/020492dc-88c2-4959-aa86-06e06cf23537/element] with body: {"strategy":"xpath","selector":"//android.widget.TextView[@index=4]","context":"","multiple":false}
[debug] &amp#27;[38;5;32m[AndroidUiautomator2Driver@e47a (b74c386a)]&amp#27;[0m Got response with status 200: {"sessionId":"020492dc-88c2-4959-aa86-06e06cf23537","value":{"ELEMENT":"00000000-0000-0021-ffff-ffff00000047","element-6066-11e4-a52e-4f735466cecf":"00000000-0000-0021-ffff-ffff00000047"}}
[debug] &amp#27;[38;5;32m[AndroidUiautomator2Driver@e47a (b74c386a)]&amp#27;[0m Responding to client with driver.findElement() result: {"element-6066-11e4-a52e-4f735466cecf":"00000000-0000-0021-ffff-ffff00000047","ELEMENT":"00000000-0000-0021-ffff-ffff00000047"}
&amp#27;[38;5;0m[HTTP]&amp#27;[0m &amp#27;[37m<-- POST /session/b74c386a-bd63-4a4d-b13a-d366382f07b7/element &amp#27;[39m&amp#27;[32m200&amp#27;[39m &amp#27;[90m45 ms - 137&amp#27;[39m
&amp#27;[38;5;0m[HTTP]&amp#27;[0m &amp#27;[90m&amp#27;[39m
&amp#27;[38;5;0m[HTTP]&amp#27;[0m &amp#27;[37m-->&amp#27;[39m &amp#27;[37mGET&amp#27;[39m &amp#27;[37m/session/b74c386a-bd63-4a4d-b13a-d366382f07b7/element/00000000-0000-0021-ffff-ffff00000047/text&amp#27;[39m
&amp#27;[38;5;0m[HTTP]&amp#27;[0m &amp#27;[90m{}&amp#27;[39m
&amp#27;[38;5;32m[AndroidUiautomator2Driver@e47a (b74c386a)]&amp#27;[0m Driver proxy active, passing request on via HTTP proxy
[debug] &amp#27;[38;5;32m[AndroidUiautomator2Driver@e47a (b74c386a)]&amp#27;[0m Matched '/session/b74c386a-bd63-4a4d-b13a-d366382f07b7/element/00000000-0000-0021-ffff-ffff00000047/text' to command name 'getText'
[debug] &amp#27;[38;5;32m[AndroidUiautomator2Driver@e47a (b74c386a)]&amp#27;[0m Proxying [GET /session/b74c386a-bd63-4a4d-b13a-d366382f07b7/element/00000000-0000-0021-ffff-ffff00000047/text] to [GET http://127.0.0.1:8200/session/020492dc-88c2-4959-aa86-06e06cf23537/element/00000000-0000-0021-ffff-ffff00000047/text] with no body
[debug] &amp#27;[38;5;32m[AndroidUiautomator2Driver@e47a (b74c386a)]&amp#27;[0m Got response with status 200: {"sessionId":"020492dc-88c2-4959-aa86-06e06cf23537","value":"Please enter your email or mobile number"}
&amp#27;[38;5;32m[AndroidUiautomator2Driver@e47a (b74c386a)]&amp#27;[0m Replacing sessionId 020492dc-88c2-4959-aa86-06e06cf23537 with b74c386a-bd63-4a4d-b13a-d366382f07b7
&amp#27;[38;5;0m[HTTP]&amp#27;[0m &amp#27;[37m<-- GET /session/b74c386a-bd63-4a4d-b13a-d366382f07b7/element/00000000-0000-0021-ffff-ffff00000047/text &amp#27;[39m&amp#27;[32m200&amp#27;[39m &amp#27;[90m606 ms - 103&amp#27;[39m
&amp#27;[38;5;0m[HTTP]&amp#27;[0m &amp#27;[90m&amp#27;[39m
&amp#27;[38;5;0m[HTTP]&amp#27;[0m &amp#27;[37m-->&amp#27;[39m &amp#27;[37mPOST&amp#27;[39m &amp#27;[37m/session/b74c386a-bd63-4a4d-b13a-d366382f07b7/timeouts&amp#27;[39m
&amp#27;[38;5;0m[HTTP]&amp#27;[0m &amp#27;[90m{"implicit":20000}&amp#27;[39m
[debug] &amp#27;[38;5;32m[AndroidUiautomator2Driver@e47a (b74c386a)]&amp#27;[0m Calling AppiumDriver.timeouts() with args: [null,null,null,null,20000,"b74c386a-bd63-4a4d-b13a-d366382f07b7"]
[debug] &amp#27;[38;5;32m[AndroidUiautomator2Driver@e47a (b74c386a)]&amp#27;[0m W3C timeout argument: {"implicit":20000}}
[debug] &amp#27;[38;5;32m[AndroidUiautomator2Driver@e47a (b74c386a)]&amp#27;[0m Set implicit wait to 20000ms
[debug] &amp#27;[38;5;32m[AndroidUiautomator2Driver@e47a (b74c386a)]&amp#27;[0m Responding to client with driver.timeouts() result: null
&amp#27;[38;5;0m[HTTP]&amp#27;[0m &amp#27;[37m<-- POST /session/b74c386a-bd63-4a4d-b13a-d366382f07b7/timeouts &amp#27;[39m&amp#27;[32m200&amp#27;[39m &amp#27;[90m1 ms - 14&amp#27;[39m
&amp#27;[38;5;0m[HTTP]&amp#27;[0m &amp#27;[90m&amp#27;[39m
&amp#27;[38;5;0m[HTTP]&amp#27;[0m &amp#27;[37m-->&amp#27;[39m &amp#27;[37mPOST&amp#27;[39m &amp#27;[37m/session/b74c386a-bd63-4a4d-b13a-d366382f07b7/element&amp#27;[39m
&amp#27;[38;5;0m[HTTP]&amp#27;[0m &amp#27;[90m{"using":"xpath","value":"//android.widget.TextView[@index=7]"}&amp#27;[39m
[debug] &amp#27;[38;5;32m[AndroidUiautomator2Driver@e47a (b74c386a)]&amp#27;[0m Calling AppiumDriver.findElement() with args: ["xpath","//android.widget.TextView[@index=7]","b74c386a-bd63-4a4d-b13a-d366382f07b7"]
[debug] &amp#27;[38;5;32m[AndroidUiautomator2Driver@e47a (b74c386a)]&amp#27;[0m Valid locator strategies for this request: xpath, id, class name, accessibility id, css selector, -android uiautomator
[debug] &amp#27;[38;5;32m[AndroidUiautomator2Driver@e47a (b74c386a)]&amp#27;[0m Waiting up to 20000 ms for condition
[debug] &amp#27;[38;5;32m[AndroidUiautomator2Driver@e47a (b74c386a)]&amp#27;[0m Matched '/element' to command name 'findElement'
[debug] &amp#27;[38;5;32m[AndroidUiautomator2Driver@e47a (b74c386a)]&amp#27;[0m Proxying [POST /element] to [POST http://127.0.0.1:8200/session/020492dc-88c2-4959-aa86-06e06cf23537/element] with body: {"strategy":"xpath","selector":"//android.widget.TextView[@index=7]","context":"","multiple":false}
[debug] &amp#27;[38;5;32m[AndroidUiautomator2Driver@e47a (b74c386a)]&amp#27;[0m Got response with status 200: {"sessionId":"020492dc-88c2-4959-aa86-06e06cf23537","value":{"ELEMENT":"00000000-0000-0021-ffff-ffff0000004a","element-6066-11e4-a52e-4f735466cecf":"00000000-0000-0021-ffff-ffff0000004a"}}
[debug] &amp#27;[38;5;32m[AndroidUiautomator2Driver@e47a (b74c386a)]&amp#27;[0m Responding to client with driver.findElement() result: {"element-6066-11e4-a52e-4f735466cecf":"00000000-0000-0021-ffff-ffff0000004a","ELEMENT":"00000000-0000-0021-ffff-ffff0000004a"}
&amp#27;[38;5;0m[HTTP]&amp#27;[0m &amp#27;[37m<-- POST /session/b74c386a-bd63-4a4d-b13a-d366382f07b7/element &amp#27;[39m&amp#27;[32m200&amp#27;[39m &amp#27;[90m155 ms - 137&amp#27;[39m
&amp#27;[38;5;0m[HTTP]&amp#27;[0m &amp#27;[90m&amp#27;[39m
&amp#27;[38;5;0m[HTTP]&amp#27;[0m &amp#27;[37m-->&amp#27;[39m &amp#27;[37mGET&amp#27;[39m &amp#27;[37m/session/b74c386a-bd63-4a4d-b13a-d366382f07b7/element/00000000-0000-0021-ffff-ffff0000004a/text&amp#27;[39m
&amp#27;[38;5;0m[HTTP]&amp#27;[0m &amp#27;[90m{}&amp#27;[39m
&amp#27;[38;5;32m[AndroidUiautomator2Driver@e47a (b74c386a)]&amp#27;[0m Driver proxy active, passing request on via HTTP proxy
[debug] &amp#27;[38;5;32m[AndroidUiautomator2Driver@e47a (b74c386a)]&amp#27;[0m Matched '/session/b74c386a-bd63-4a4d-b13a-d366382f07b7/element/00000000-0000-0021-ffff-ffff0000004a/text' to command name 'getText'
[debug] &amp#27;[38;5;32m[AndroidUiautomator2Driver@e47a (b74c386a)]&amp#27;[0m Proxying [GET /session/b74c386a-bd63-4a4d-b13a-d366382f07b7/element/00000000-0000-0021-ffff-ffff0000004a/text] to [GET http://127.0.0.1:8200/session/020492dc-88c2-4959-aa86-06e06cf23537/element/00000000-0000-0021-ffff-ffff0000004a/text] with no body
[debug] &amp#27;[38;5;32m[AndroidUiautomator2Driver@e47a (b74c386a)]&amp#27;[0m Got response with status 200: {"sessionId":"020492dc-88c2-4959-aa86-06e06cf23537","value":"Please enter your password"}
&amp#27;[38;5;32m[AndroidUiautomator2Driver@e47a (b74c386a)]&amp#27;[0m Replacing sessionId 020492dc-88c2-4959-aa86-06e06cf23537 with b74c386a-bd63-4a4d-b13a-d366382f07b7
&amp#27;[38;5;0m[HTTP]&amp#27;[0m &amp#27;[37m<-- GET /session/b74c386a-bd63-4a4d-b13a-d366382f07b7/element/00000000-0000-0021-ffff-ffff0000004a/text &amp#27;[39m&amp#27;[32m200&amp#27;[39m &amp#27;[90m35 ms - 89&amp#27;[39m
&amp#27;[38;5;0m[HTTP]&amp#27;[0m &amp#27;[90m&amp#27;[39m
]]></system-out>
    <system-err><![CDATA[SLF4J: No SLF4J providers were found.
SLF4J: Defaulting to no-operation (NOP) logger implementation
SLF4J: See https://www.slf4j.org/codes.html#noProviders for further details.
]]></system-err>
  </testcase>
  <testcase name="Testcase_Two" classname="testcases.Android.LoginTestCase" time="0.813">
    <system-out><![CDATA[&amp#27;[38;5;0m[HTTP]&amp#27;[0m &amp#27;[37m-->&amp#27;[39m &amp#27;[37mPOST&amp#27;[39m &amp#27;[37m/session/b74c386a-bd63-4a4d-b13a-d366382f07b7/timeouts&amp#27;[39m
&amp#27;[38;5;0m[HTTP]&amp#27;[0m &amp#27;[90m{"implicit":20000}&amp#27;[39m
[debug] &amp#27;[38;5;32m[AndroidUiautomator2Driver@e47a (b74c386a)]&amp#27;[0m Calling AppiumDriver.timeouts() with args: [null,null,null,null,20000,"b74c386a-bd63-4a4d-b13a-d366382f07b7"]
[debug] &amp#27;[38;5;32m[AndroidUiautomator2Driver@e47a (b74c386a)]&amp#27;[0m W3C timeout argument: {"implicit":20000}}
[debug] &amp#27;[38;5;32m[AndroidUiautomator2Driver@e47a (b74c386a)]&amp#27;[0m Set implicit wait to 20000ms
[debug] &amp#27;[38;5;32m[AndroidUiautomator2Driver@e47a (b74c386a)]&amp#27;[0m Responding to client with driver.timeouts() result: null
&amp#27;[38;5;0m[HTTP]&amp#27;[0m &amp#27;[37m<-- POST /session/b74c386a-bd63-4a4d-b13a-d366382f07b7/timeouts &amp#27;[39m&amp#27;[32m200&amp#27;[39m &amp#27;[90m1 ms - 14&amp#27;[39m
&amp#27;[38;5;0m[HTTP]&amp#27;[0m &amp#27;[90m&amp#27;[39m
&amp#27;[38;5;0m[HTTP]&amp#27;[0m &amp#27;[37m-->&amp#27;[39m &amp#27;[37mPOST&amp#27;[39m &amp#27;[37m/session/b74c386a-bd63-4a4d-b13a-d366382f07b7/element&amp#27;[39m
&amp#27;[38;5;0m[HTTP]&amp#27;[0m &amp#27;[90m{"using":"xpath","value":"//android.widget.EditText[@index=3]"}&amp#27;[39m
[debug] &amp#27;[38;5;32m[AndroidUiautomator2Driver@e47a (b74c386a)]&amp#27;[0m Calling AppiumDriver.findElement() with args: ["xpath","//android.widget.EditText[@index=3]","b74c386a-bd63-4a4d-b13a-d366382f07b7"]
[debug] &amp#27;[38;5;32m[AndroidUiautomator2Driver@e47a (b74c386a)]&amp#27;[0m Valid locator strategies for this request: xpath, id, class name, accessibility id, css selector, -android uiautomator
[debug] &amp#27;[38;5;32m[AndroidUiautomator2Driver@e47a (b74c386a)]&amp#27;[0m Waiting up to 20000 ms for condition
[debug] &amp#27;[38;5;32m[AndroidUiautomator2Driver@e47a (b74c386a)]&amp#27;[0m Matched '/element' to command name 'findElement'
[debug] &amp#27;[38;5;32m[AndroidUiautomator2Driver@e47a (b74c386a)]&amp#27;[0m Proxying [POST /element] to [POST http://127.0.0.1:8200/session/020492dc-88c2-4959-aa86-06e06cf23537/element] with body: {"strategy":"xpath","selector":"//android.widget.EditText[@index=3]","context":"","multiple":false}
[debug] &amp#27;[38;5;32m[AndroidUiautomator2Driver@e47a (b74c386a)]&amp#27;[0m Got response with status 200: {"sessionId":"020492dc-88c2-4959-aa86-06e06cf23537","value":{"ELEMENT":"00000000-0000-0021-ffff-ffff00000046","element-6066-11e4-a52e-4f735466cecf":"00000000-0000-0021-ffff-ffff00000046"}}
[debug] &amp#27;[38;5;32m[AndroidUiautomator2Driver@e47a (b74c386a)]&amp#27;[0m Responding to client with driver.findElement() result: {"element-6066-11e4-a52e-4f735466cecf":"00000000-0000-0021-ffff-ffff00000046","ELEMENT":"00000000-0000-0021-ffff-ffff00000046"}
&amp#27;[38;5;0m[HTTP]&amp#27;[0m &amp#27;[37m<-- POST /session/b74c386a-bd63-4a4d-b13a-d366382f07b7/element &amp#27;[39m&amp#27;[32m200&amp#27;[39m &amp#27;[90m59 ms - 137&amp#27;[39m
&amp#27;[38;5;0m[HTTP]&amp#27;[0m &amp#27;[90m&amp#27;[39m
&amp#27;[38;5;0m[HTTP]&amp#27;[0m &amp#27;[37m-->&amp#27;[39m &amp#27;[37mPOST&amp#27;[39m &amp#27;[37m/session/b74c386a-bd63-4a4d-b13a-d366382f07b7/element/00000000-0000-0021-ffff-ffff00000046/value&amp#27;[39m
&amp#27;[38;5;0m[HTTP]&amp#27;[0m &amp#27;[90m{"id":"00000000-0000-0021-ffff-ffff00000046","text":"danielogagavworia@gmail.com","value":["d","a","n","i","e","l","o","g","a","g","a","v","w","o","r","i","a","@","g","m","a","i","l",".","c","o","m"]}&amp#27;[39m
[debug] &amp#27;[38;5;32m[AndroidUiautomator2Driver@e47a (b74c386a)]&amp#27;[0m Calling AppiumDriver.setValue() with args: [["d","a","n","i","e","l","o","g","a","g","a","v","w","o","r","i","a","@","g","m","a","i","l",".","c","o","m"],"00000000-0000-0021-ffff-ffff00000046","b74c386a-bd63-4a4d-b13a-d366382f07b7"]
[debug] &amp#27;[38;5;32m[AndroidUiautomator2Driver@e47a (b74c386a)]&amp#27;[0m Matched '/element/00000000-0000-0021-ffff-ffff00000046/value' to command name 'setValue'
[debug] &amp#27;[38;5;32m[AndroidUiautomator2Driver@e47a (b74c386a)]&amp#27;[0m Added 'value' property ["d","a","n","i","e","l","o","g","a","g","a","v","w","o","r","i","a","@","g","m","a","i","l",".","c","o","m"] to 'setValue' request body
[debug] &amp#27;[38;5;32m[AndroidUiautomator2Driver@e47a (b74c386a)]&amp#27;[0m Proxying [POST /element/00000000-0000-0021-ffff-ffff00000046/value] to [POST http://127.0.0.1:8200/session/020492dc-88c2-4959-aa86-06e06cf23537/element/00000000-0000-0021-ffff-ffff00000046/value] with body: {"elementId":"00000000-0000-0021-ffff-ffff00000046","text":"danielogagavworia@gmail.com","replace":false,"value":["d","a","n","i","e","l","o","g","a","g","a","v","w","o","r","i","a","@","g","m","a","i","l",".","c","o","m"]}
[debug] &amp#27;[38;5;32m[AndroidUiautomator2Driver@e47a (b74c386a)]&amp#27;[0m Got response with status 200: {"sessionId":"020492dc-88c2-4959-aa86-06e06cf23537","value":null}
[debug] &amp#27;[38;5;32m[AndroidUiautomator2Driver@e47a (b74c386a)]&amp#27;[0m Responding to client with driver.setValue() result: null
&amp#27;[38;5;0m[HTTP]&amp#27;[0m &amp#27;[37m<-- POST /session/b74c386a-bd63-4a4d-b13a-d366382f07b7/element/00000000-0000-0021-ffff-ffff00000046/value &amp#27;[39m&amp#27;[32m200&amp#27;[39m &amp#27;[90m16 ms - 14&amp#27;[39m
&amp#27;[38;5;0m[HTTP]&amp#27;[0m &amp#27;[90m&amp#27;[39m
&amp#27;[38;5;0m[HTTP]&amp#27;[0m &amp#27;[37m-->&amp#27;[39m &amp#27;[37mPOST&amp#27;[39m &amp#27;[37m/session/b74c386a-bd63-4a4d-b13a-d366382f07b7/element&amp#27;[39m
&amp#27;[38;5;0m[HTTP]&amp#27;[0m &amp#27;[90m{"using":"xpath","value":"//android.widget.TextView[@text='LOGIN']"}&amp#27;[39m
[debug] &amp#27;[38;5;32m[AndroidUiautomator2Driver@e47a (b74c386a)]&amp#27;[0m Calling AppiumDriver.findElement() with args: ["xpath","//android.widget.TextView[@text='LOGIN']","b74c386a-bd63-4a4d-b13a-d366382f07b7"]
[debug] &amp#27;[38;5;32m[AndroidUiautomator2Driver@e47a (b74c386a)]&amp#27;[0m Valid locator strategies for this request: xpath, id, class name, accessibility id, css selector, -android uiautomator
[debug] &amp#27;[38;5;32m[AndroidUiautomator2Driver@e47a (b74c386a)]&amp#27;[0m Waiting up to 20000 ms for condition
[debug] &amp#27;[38;5;32m[AndroidUiautomator2Driver@e47a (b74c386a)]&amp#27;[0m Matched '/element' to command name 'findElement'
[debug] &amp#27;[38;5;32m[AndroidUiautomator2Driver@e47a (b74c386a)]&amp#27;[0m Proxying [POST /element] to [POST http://127.0.0.1:8200/session/020492dc-88c2-4959-aa86-06e06cf23537/element] with body: {"strategy":"xpath","selector":"//android.widget.TextView[@text='LOGIN']","context":"","multiple":false}
[debug] &amp#27;[38;5;32m[AndroidUiautomator2Driver@e47a (b74c386a)]&amp#27;[0m Got response with status 200: {"sessionId":"020492dc-88c2-4959-aa86-06e06cf23537","value":{"ELEMENT":"00000000-0000-0021-ffff-ffff0000004f","element-6066-11e4-a52e-4f735466cecf":"00000000-0000-0021-ffff-ffff0000004f"}}
[debug] &amp#27;[38;5;32m[AndroidUiautomator2Driver@e47a (b74c386a)]&amp#27;[0m Responding to client with driver.findElement() result: {"element-6066-11e4-a52e-4f735466cecf":"00000000-0000-0021-ffff-ffff0000004f","ELEMENT":"00000000-0000-0021-ffff-ffff0000004f"}
&amp#27;[38;5;0m[HTTP]&amp#27;[0m &amp#27;[37m<-- POST /session/b74c386a-bd63-4a4d-b13a-d366382f07b7/element &amp#27;[39m&amp#27;[32m200&amp#27;[39m &amp#27;[90m621 ms - 137&amp#27;[39m
&amp#27;[38;5;0m[HTTP]&amp#27;[0m &amp#27;[90m&amp#27;[39m
&amp#27;[38;5;0m[HTTP]&amp#27;[0m &amp#27;[37m-->&amp#27;[39m &amp#27;[37mPOST&amp#27;[39m &amp#27;[37m/session/b74c386a-bd63-4a4d-b13a-d366382f07b7/element/00000000-0000-0021-ffff-ffff0000004f/click&amp#27;[39m
&amp#27;[38;5;0m[HTTP]&amp#27;[0m &amp#27;[90m{"id":"00000000-0000-0021-ffff-ffff0000004f"}&amp#27;[39m
[debug] &amp#27;[38;5;32m[AndroidUiautomator2Driver@e47a (b74c386a)]&amp#27;[0m Calling AppiumDriver.click() with args: ["00000000-0000-0021-ffff-ffff0000004f","b74c386a-bd63-4a4d-b13a-d366382f07b7"]
[debug] &amp#27;[38;5;32m[AndroidUiautomator2Driver@e47a (b74c386a)]&amp#27;[0m Matched '/element/00000000-0000-0021-ffff-ffff0000004f/click' to command name 'click'
[debug] &amp#27;[38;5;32m[AndroidUiautomator2Driver@e47a (b74c386a)]&amp#27;[0m Proxying [POST /element/00000000-0000-0021-ffff-ffff0000004f/click] to [POST http://127.0.0.1:8200/session/020492dc-88c2-4959-aa86-06e06cf23537/element/00000000-0000-0021-ffff-ffff0000004f/click] with body: {"element":"00000000-0000-0021-ffff-ffff0000004f"}
[debug] &amp#27;[38;5;32m[AndroidUiautomator2Driver@e47a (b74c386a)]&amp#27;[0m Got response with status 200: {"sessionId":"020492dc-88c2-4959-aa86-06e06cf23537","value":null}
[debug] &amp#27;[38;5;32m[AndroidUiautomator2Driver@e47a (b74c386a)]&amp#27;[0m Responding to client with driver.click() result: null
&amp#27;[38;5;0m[HTTP]&amp#27;[0m &amp#27;[37m<-- POST /session/b74c386a-bd63-4a4d-b13a-d366382f07b7/element/00000000-0000-0021-ffff-ffff0000004f/click &amp#27;[39m&amp#27;[32m200&amp#27;[39m &amp#27;[90m57 ms - 14&amp#27;[39m
&amp#27;[38;5;0m[HTTP]&amp#27;[0m &amp#27;[90m&amp#27;[39m
&amp#27;[38;5;0m[HTTP]&amp#27;[0m &amp#27;[37m-->&amp#27;[39m &amp#27;[37mPOST&amp#27;[39m &amp#27;[37m/session/b74c386a-bd63-4a4d-b13a-d366382f07b7/timeouts&amp#27;[39m
&amp#27;[38;5;0m[HTTP]&amp#27;[0m &amp#27;[90m{"implicit":20000}&amp#27;[39m
[debug] &amp#27;[38;5;32m[AndroidUiautomator2Driver@e47a (b74c386a)]&amp#27;[0m Calling AppiumDriver.timeouts() with args: [null,null,null,null,20000,"b74c386a-bd63-4a4d-b13a-d366382f07b7"]
[debug] &amp#27;[38;5;32m[AndroidUiautomator2Driver@e47a (b74c386a)]&amp#27;[0m W3C timeout argument: {"implicit":20000}}
[debug] &amp#27;[38;5;32m[AndroidUiautomator2Driver@e47a (b74c386a)]&amp#27;[0m Set implicit wait to 20000ms
[debug] &amp#27;[38;5;32m[AndroidUiautomator2Driver@e47a (b74c386a)]&amp#27;[0m Responding to client with driver.timeouts() result: null
&amp#27;[38;5;0m[HTTP]&amp#27;[0m &amp#27;[37m<-- POST /session/b74c386a-bd63-4a4d-b13a-d366382f07b7/timeouts &amp#27;[39m&amp#27;[32m200&amp#27;[39m &amp#27;[90m1 ms - 14&amp#27;[39m
&amp#27;[38;5;0m[HTTP]&amp#27;[0m &amp#27;[90m&amp#27;[39m
&amp#27;[38;5;0m[HTTP]&amp#27;[0m &amp#27;[37m-->&amp#27;[39m &amp#27;[37mPOST&amp#27;[39m &amp#27;[37m/session/b74c386a-bd63-4a4d-b13a-d366382f07b7/element&amp#27;[39m
&amp#27;[38;5;0m[HTTP]&amp#27;[0m &amp#27;[90m{"using":"xpath","value":"//android.widget.TextView[@index=7]"}&amp#27;[39m
[debug] &amp#27;[38;5;32m[AndroidUiautomator2Driver@e47a (b74c386a)]&amp#27;[0m Calling AppiumDriver.findElement() with args: ["xpath","//android.widget.TextView[@index=7]","b74c386a-bd63-4a4d-b13a-d366382f07b7"]
[debug] &amp#27;[38;5;32m[AndroidUiautomator2Driver@e47a (b74c386a)]&amp#27;[0m Valid locator strategies for this request: xpath, id, class name, accessibility id, css selector, -android uiautomator
[debug] &amp#27;[38;5;32m[AndroidUiautomator2Driver@e47a (b74c386a)]&amp#27;[0m Waiting up to 20000 ms for condition
[debug] &amp#27;[38;5;32m[AndroidUiautomator2Driver@e47a (b74c386a)]&amp#27;[0m Matched '/element' to command name 'findElement'
[debug] &amp#27;[38;5;32m[AndroidUiautomator2Driver@e47a (b74c386a)]&amp#27;[0m Proxying [POST /element] to [POST http://127.0.0.1:8200/session/020492dc-88c2-4959-aa86-06e06cf23537/element] with body: {"strategy":"xpath","selector":"//android.widget.TextView[@index=7]","context":"","multiple":false}
[debug] &amp#27;[38;5;32m[AndroidUiautomator2Driver@e47a (b74c386a)]&amp#27;[0m Got response with status 200: {"sessionId":"020492dc-88c2-4959-aa86-06e06cf23537","value":{"ELEMENT":"00000000-0000-0021-ffff-ffff0000004a","element-6066-11e4-a52e-4f735466cecf":"00000000-0000-0021-ffff-ffff0000004a"}}
[debug] &amp#27;[38;5;32m[AndroidUiautomator2Driver@e47a (b74c386a)]&amp#27;[0m Responding to client with driver.findElement() result: {"element-6066-11e4-a52e-4f735466cecf":"00000000-0000-0021-ffff-ffff0000004a","ELEMENT":"00000000-0000-0021-ffff-ffff0000004a"}
&amp#27;[38;5;0m[HTTP]&amp#27;[0m &amp#27;[37m<-- POST /session/b74c386a-bd63-4a4d-b13a-d366382f07b7/element &amp#27;[39m&amp#27;[32m200&amp#27;[39m &amp#27;[90m36 ms - 137&amp#27;[39m
&amp#27;[38;5;0m[HTTP]&amp#27;[0m &amp#27;[90m&amp#27;[39m
&amp#27;[38;5;0m[HTTP]&amp#27;[0m &amp#27;[37m-->&amp#27;[39m &amp#27;[37mGET&amp#27;[39m &amp#27;[37m/session/b74c386a-bd63-4a4d-b13a-d366382f07b7/element/00000000-0000-0021-ffff-ffff0000004a/text&amp#27;[39m
&amp#27;[38;5;0m[HTTP]&amp#27;[0m &amp#27;[90m{}&amp#27;[39m
&amp#27;[38;5;32m[AndroidUiautomator2Driver@e47a (b74c386a)]&amp#27;[0m Driver proxy active, passing request on via HTTP proxy
[debug] &amp#27;[38;5;32m[AndroidUiautomator2Driver@e47a (b74c386a)]&amp#27;[0m Matched '/session/b74c386a-bd63-4a4d-b13a-d366382f07b7/element/00000000-0000-0021-ffff-ffff0000004a/text' to command name 'getText'
[debug] &amp#27;[38;5;32m[AndroidUiautomator2Driver@e47a (b74c386a)]&amp#27;[0m Proxying [GET /session/b74c386a-bd63-4a4d-b13a-d366382f07b7/element/00000000-0000-0021-ffff-ffff0000004a/text] to [GET http://127.0.0.1:8200/session/020492dc-88c2-4959-aa86-06e06cf23537/element/00000000-0000-0021-ffff-ffff0000004a/text] with no body
[debug] &amp#27;[38;5;32m[AndroidUiautomator2Driver@e47a (b74c386a)]&amp#27;[0m Got response with status 200: {"sessionId":"020492dc-88c2-4959-aa86-06e06cf23537","value":"Please enter your password"}
&amp#27;[38;5;32m[AndroidUiautomator2Driver@e47a (b74c386a)]&amp#27;[0m Replacing sessionId 020492dc-88c2-4959-aa86-06e06cf23537 with b74c386a-bd63-4a4d-b13a-d366382f07b7
&amp#27;[38;5;0m[HTTP]&amp#27;[0m &amp#27;[37m<-- GET /session/b74c386a-bd63-4a4d-b13a-d366382f07b7/element/00000000-0000-0021-ffff-ffff0000004a/text &amp#27;[39m&amp#27;[32m200&amp#27;[39m &amp#27;[90m9 ms - 89&amp#27;[39m
&amp#27;[38;5;0m[HTTP]&amp#27;[0m &amp#27;[90m&amp#27;[39m
]]></system-out>
  </testcase>
  <testcase name="Testcase_Three" classname="testcases.Android.LoginTestCase" time="1.94">
    <system-out><![CDATA[&amp#27;[38;5;0m[HTTP]&amp#27;[0m &amp#27;[37m-->&amp#27;[39m &amp#27;[37mPOST&amp#27;[39m &amp#27;[37m/session/b74c386a-bd63-4a4d-b13a-d366382f07b7/timeouts&amp#27;[39m
&amp#27;[38;5;0m[HTTP]&amp#27;[0m &amp#27;[90m{"implicit":20000}&amp#27;[39m
[debug] &amp#27;[38;5;32m[AndroidUiautomator2Driver@e47a (b74c386a)]&amp#27;[0m Calling AppiumDriver.timeouts() with args: [null,null,null,null,20000,"b74c386a-bd63-4a4d-b13a-d366382f07b7"]
[debug] &amp#27;[38;5;32m[AndroidUiautomator2Driver@e47a (b74c386a)]&amp#27;[0m W3C timeout argument: {"implicit":20000}}
[debug] &amp#27;[38;5;32m[AndroidUiautomator2Driver@e47a (b74c386a)]&amp#27;[0m Set implicit wait to 20000ms
[debug] &amp#27;[38;5;32m[AndroidUiautomator2Driver@e47a (b74c386a)]&amp#27;[0m Responding to client with driver.timeouts() result: null
&amp#27;[38;5;0m[HTTP]&amp#27;[0m &amp#27;[37m<-- POST /session/b74c386a-bd63-4a4d-b13a-d366382f07b7/timeouts &amp#27;[39m&amp#27;[32m200&amp#27;[39m &amp#27;[90m1 ms - 14&amp#27;[39m
&amp#27;[38;5;0m[HTTP]&amp#27;[0m &amp#27;[90m&amp#27;[39m
&amp#27;[38;5;0m[HTTP]&amp#27;[0m &amp#27;[37m-->&amp#27;[39m &amp#27;[37mPOST&amp#27;[39m &amp#27;[37m/session/b74c386a-bd63-4a4d-b13a-d366382f07b7/element&amp#27;[39m
&amp#27;[38;5;0m[HTTP]&amp#27;[0m &amp#27;[90m{"using":"xpath","value":"//android.widget.EditText[@index=3]"}&amp#27;[39m
[debug] &amp#27;[38;5;32m[AndroidUiautomator2Driver@e47a (b74c386a)]&amp#27;[0m Calling AppiumDriver.findElement() with args: ["xpath","//android.widget.EditText[@index=3]","b74c386a-bd63-4a4d-b13a-d366382f07b7"]
[debug] &amp#27;[38;5;32m[AndroidUiautomator2Driver@e47a (b74c386a)]&amp#27;[0m Valid locator strategies for this request: xpath, id, class name, accessibility id, css selector, -android uiautomator
[debug] &amp#27;[38;5;32m[AndroidUiautomator2Driver@e47a (b74c386a)]&amp#27;[0m Waiting up to 20000 ms for condition
[debug] &amp#27;[38;5;32m[AndroidUiautomator2Driver@e47a (b74c386a)]&amp#27;[0m Matched '/element' to command name 'findElement'
[debug] &amp#27;[38;5;32m[AndroidUiautomator2Driver@e47a (b74c386a)]&amp#27;[0m Proxying [POST /element] to [POST http://127.0.0.1:8200/session/020492dc-88c2-4959-aa86-06e06cf23537/element] with body: {"strategy":"xpath","selector":"//android.widget.EditText[@index=3]","context":"","multiple":false}
[debug] &amp#27;[38;5;32m[AndroidUiautomator2Driver@e47a (b74c386a)]&amp#27;[0m Got response with status 200: {"sessionId":"020492dc-88c2-4959-aa86-06e06cf23537","value":{"ELEMENT":"00000000-0000-0021-ffff-ffff00000046","element-6066-11e4-a52e-4f735466cecf":"00000000-0000-0021-ffff-ffff00000046"}}
[debug] &amp#27;[38;5;32m[AndroidUiautomator2Driver@e47a (b74c386a)]&amp#27;[0m Responding to client with driver.findElement() result: {"element-6066-11e4-a52e-4f735466cecf":"00000000-0000-0021-ffff-ffff00000046","ELEMENT":"00000000-0000-0021-ffff-ffff00000046"}
&amp#27;[38;5;0m[HTTP]&amp#27;[0m &amp#27;[37m<-- POST /session/b74c386a-bd63-4a4d-b13a-d366382f07b7/element &amp#27;[39m&amp#27;[32m200&amp#27;[39m &amp#27;[90m36 ms - 137&amp#27;[39m
&amp#27;[38;5;0m[HTTP]&amp#27;[0m &amp#27;[90m&amp#27;[39m
&amp#27;[38;5;0m[HTTP]&amp#27;[0m &amp#27;[37m-->&amp#27;[39m &amp#27;[37mPOST&amp#27;[39m &amp#27;[37m/session/b74c386a-bd63-4a4d-b13a-d366382f07b7/element/00000000-0000-0021-ffff-ffff00000046/clear&amp#27;[39m
&amp#27;[38;5;0m[HTTP]&amp#27;[0m &amp#27;[90m{"id":"00000000-0000-0021-ffff-ffff00000046"}&amp#27;[39m
[debug] &amp#27;[38;5;32m[AndroidUiautomator2Driver@e47a (b74c386a)]&amp#27;[0m Calling AppiumDriver.clear() with args: ["00000000-0000-0021-ffff-ffff00000046","b74c386a-bd63-4a4d-b13a-d366382f07b7"]
[debug] &amp#27;[38;5;32m[AndroidUiautomator2Driver@e47a (b74c386a)]&amp#27;[0m Matched '/element/00000000-0000-0021-ffff-ffff00000046/clear' to command name 'clear'
[debug] &amp#27;[38;5;32m[AndroidUiautomator2Driver@e47a (b74c386a)]&amp#27;[0m Proxying [POST /element/00000000-0000-0021-ffff-ffff00000046/clear] to [POST http://127.0.0.1:8200/session/020492dc-88c2-4959-aa86-06e06cf23537/element/00000000-0000-0021-ffff-ffff00000046/clear] with body: {"elementId":"00000000-0000-0021-ffff-ffff00000046"}
[debug] &amp#27;[38;5;32m[AndroidUiautomator2Driver@e47a (b74c386a)]&amp#27;[0m Got response with status 200: {"sessionId":"020492dc-88c2-4959-aa86-06e06cf23537","value":null}
[debug] &amp#27;[38;5;32m[AndroidUiautomator2Driver@e47a (b74c386a)]&amp#27;[0m Responding to client with driver.clear() result: null
&amp#27;[38;5;0m[HTTP]&amp#27;[0m &amp#27;[37m<-- POST /session/b74c386a-bd63-4a4d-b13a-d366382f07b7/element/00000000-0000-0021-ffff-ffff00000046/clear &amp#27;[39m&amp#27;[32m200&amp#27;[39m &amp#27;[90m13 ms - 14&amp#27;[39m
&amp#27;[38;5;0m[HTTP]&amp#27;[0m &amp#27;[90m&amp#27;[39m
&amp#27;[38;5;0m[HTTP]&amp#27;[0m &amp#27;[37m-->&amp#27;[39m &amp#27;[37mPOST&amp#27;[39m &amp#27;[37m/session/b74c386a-bd63-4a4d-b13a-d366382f07b7/element&amp#27;[39m
&amp#27;[38;5;0m[HTTP]&amp#27;[0m &amp#27;[90m{"using":"xpath","value":"//android.widget.EditText[@index=6]"}&amp#27;[39m
[debug] &amp#27;[38;5;32m[AndroidUiautomator2Driver@e47a (b74c386a)]&amp#27;[0m Calling AppiumDriver.findElement() with args: ["xpath","//android.widget.EditText[@index=6]","b74c386a-bd63-4a4d-b13a-d366382f07b7"]
[debug] &amp#27;[38;5;32m[AndroidUiautomator2Driver@e47a (b74c386a)]&amp#27;[0m Valid locator strategies for this request: xpath, id, class name, accessibility id, css selector, -android uiautomator
[debug] &amp#27;[38;5;32m[AndroidUiautomator2Driver@e47a (b74c386a)]&amp#27;[0m Waiting up to 20000 ms for condition
[debug] &amp#27;[38;5;32m[AndroidUiautomator2Driver@e47a (b74c386a)]&amp#27;[0m Matched '/element' to command name 'findElement'
[debug] &amp#27;[38;5;32m[AndroidUiautomator2Driver@e47a (b74c386a)]&amp#27;[0m Proxying [POST /element] to [POST http://127.0.0.1:8200/session/020492dc-88c2-4959-aa86-06e06cf23537/element] with body: {"strategy":"xpath","selector":"//android.widget.EditText[@index=6]","context":"","multiple":false}
[debug] &amp#27;[38;5;32m[AndroidUiautomator2Driver@e47a (b74c386a)]&amp#27;[0m Got response with status 200: {"sessionId":"020492dc-88c2-4959-aa86-06e06cf23537","value":{"ELEMENT":"00000000-0000-0021-ffff-ffff00000049","element-6066-11e4-a52e-4f735466cecf":"00000000-0000-0021-ffff-ffff00000049"}}
[debug] &amp#27;[38;5;32m[AndroidUiautomator2Driver@e47a (b74c386a)]&amp#27;[0m Responding to client with driver.findElement() result: {"element-6066-11e4-a52e-4f735466cecf":"00000000-0000-0021-ffff-ffff00000049","ELEMENT":"00000000-0000-0021-ffff-ffff00000049"}
&amp#27;[38;5;0m[HTTP]&amp#27;[0m &amp#27;[37m<-- POST /session/b74c386a-bd63-4a4d-b13a-d366382f07b7/element &amp#27;[39m&amp#27;[32m200&amp#27;[39m &amp#27;[90m46 ms - 137&amp#27;[39m
&amp#27;[38;5;0m[HTTP]&amp#27;[0m &amp#27;[90m&amp#27;[39m
&amp#27;[38;5;0m[HTTP]&amp#27;[0m &amp#27;[37m-->&amp#27;[39m &amp#27;[37mPOST&amp#27;[39m &amp#27;[37m/session/b74c386a-bd63-4a4d-b13a-d366382f07b7/element/00000000-0000-0021-ffff-ffff00000049/value&amp#27;[39m
&amp#27;[38;5;0m[HTTP]&amp#27;[0m &amp#27;[90m{"id":"00000000-0000-0021-ffff-ffff00000049","text":"password","value":["p","a","s","s","w","o","r","d"]}&amp#27;[39m
[debug] &amp#27;[38;5;32m[AndroidUiautomator2Driver@e47a (b74c386a)]&amp#27;[0m Calling AppiumDriver.setValue() with args: [["p","a","s","s","w","o","r","d"],"00000000-0000-0021-ffff-ffff00000049","b74c386a-bd63-4a4d-b13a-d366382f07b7"]
[debug] &amp#27;[38;5;32m[AndroidUiautomator2Driver@e47a (b74c386a)]&amp#27;[0m Matched '/element/00000000-0000-0021-ffff-ffff00000049/value' to command name 'setValue'
[debug] &amp#27;[38;5;32m[AndroidUiautomator2Driver@e47a (b74c386a)]&amp#27;[0m Added 'value' property ["p","a","s","s","w","o","r","d"] to 'setValue' request body
[debug] &amp#27;[38;5;32m[AndroidUiautomator2Driver@e47a (b74c386a)]&amp#27;[0m Proxying [POST /element/00000000-0000-0021-ffff-ffff00000049/value] to [POST http://127.0.0.1:8200/session/020492dc-88c2-4959-aa86-06e06cf23537/element/00000000-0000-0021-ffff-ffff00000049/value] with body: {"elementId":"00000000-0000-0021-ffff-ffff00000049","text":"password","replace":false,"value":["p","a","s","s","w","o","r","d"]}
[debug] &amp#27;[38;5;32m[AndroidUiautomator2Driver@e47a (b74c386a)]&amp#27;[0m Got response with status 200: {"sessionId":"020492dc-88c2-4959-aa86-06e06cf23537","value":null}
[debug] &amp#27;[38;5;32m[AndroidUiautomator2Driver@e47a (b74c386a)]&amp#27;[0m Responding to client with driver.setValue() result: null
&amp#27;[38;5;0m[HTTP]&amp#27;[0m &amp#27;[37m<-- POST /session/b74c386a-bd63-4a4d-b13a-d366382f07b7/element/00000000-0000-0021-ffff-ffff00000049/value &amp#27;[39m&amp#27;[32m200&amp#27;[39m &amp#27;[90m486 ms - 14&amp#27;[39m
&amp#27;[38;5;0m[HTTP]&amp#27;[0m &amp#27;[90m&amp#27;[39m
&amp#27;[38;5;0m[HTTP]&amp#27;[0m &amp#27;[37m-->&amp#27;[39m &amp#27;[37mPOST&amp#27;[39m &amp#27;[37m/session/b74c386a-bd63-4a4d-b13a-d366382f07b7/element&amp#27;[39m
&amp#27;[38;5;0m[HTTP]&amp#27;[0m &amp#27;[90m{"using":"xpath","value":"//android.widget.TextView[@text='LOGIN']"}&amp#27;[39m
[debug] &amp#27;[38;5;32m[AndroidUiautomator2Driver@e47a (b74c386a)]&amp#27;[0m Calling AppiumDriver.findElement() with args: ["xpath","//android.widget.TextView[@text='LOGIN']","b74c386a-bd63-4a4d-b13a-d366382f07b7"]
[debug] &amp#27;[38;5;32m[AndroidUiautomator2Driver@e47a (b74c386a)]&amp#27;[0m Valid locator strategies for this request: xpath, id, class name, accessibility id, css selector, -android uiautomator
[debug] &amp#27;[38;5;32m[AndroidUiautomator2Driver@e47a (b74c386a)]&amp#27;[0m Waiting up to 20000 ms for condition
[debug] &amp#27;[38;5;32m[AndroidUiautomator2Driver@e47a (b74c386a)]&amp#27;[0m Matched '/element' to command name 'findElement'
[debug] &amp#27;[38;5;32m[AndroidUiautomator2Driver@e47a (b74c386a)]&amp#27;[0m Proxying [POST /element] to [POST http://127.0.0.1:8200/session/020492dc-88c2-4959-aa86-06e06cf23537/element] with body: {"strategy":"xpath","selector":"//android.widget.TextView[@text='LOGIN']","context":"","multiple":false}
[debug] &amp#27;[38;5;32m[AndroidUiautomator2Driver@e47a (b74c386a)]&amp#27;[0m Got response with status 200: {"sessionId":"020492dc-88c2-4959-aa86-06e06cf23537","value":{"ELEMENT":"00000000-0000-0021-ffff-ffff0000004f","element-6066-11e4-a52e-4f735466cecf":"00000000-0000-0021-ffff-ffff0000004f"}}
[debug] &amp#27;[38;5;32m[AndroidUiautomator2Driver@e47a (b74c386a)]&amp#27;[0m Responding to client with driver.findElement() result: {"element-6066-11e4-a52e-4f735466cecf":"00000000-0000-0021-ffff-ffff0000004f","ELEMENT":"00000000-0000-0021-ffff-ffff0000004f"}
&amp#27;[38;5;0m[HTTP]&amp#27;[0m &amp#27;[37m<-- POST /session/b74c386a-bd63-4a4d-b13a-d366382f07b7/element &amp#27;[39m&amp#27;[32m200&amp#27;[39m &amp#27;[90m623 ms - 137&amp#27;[39m
&amp#27;[38;5;0m[HTTP]&amp#27;[0m &amp#27;[90m&amp#27;[39m
&amp#27;[38;5;0m[HTTP]&amp#27;[0m &amp#27;[37m-->&amp#27;[39m &amp#27;[37mPOST&amp#27;[39m &amp#27;[37m/session/b74c386a-bd63-4a4d-b13a-d366382f07b7/element/00000000-0000-0021-ffff-ffff0000004f/click&amp#27;[39m
&amp#27;[38;5;0m[HTTP]&amp#27;[0m &amp#27;[90m{"id":"00000000-0000-0021-ffff-ffff0000004f"}&amp#27;[39m
[debug] &amp#27;[38;5;32m[AndroidUiautomator2Driver@e47a (b74c386a)]&amp#27;[0m Calling AppiumDriver.click() with args: ["00000000-0000-0021-ffff-ffff0000004f","b74c386a-bd63-4a4d-b13a-d366382f07b7"]
[debug] &amp#27;[38;5;32m[AndroidUiautomator2Driver@e47a (b74c386a)]&amp#27;[0m Matched '/element/00000000-0000-0021-ffff-ffff0000004f/click' to command name 'click'
[debug] &amp#27;[38;5;32m[AndroidUiautomator2Driver@e47a (b74c386a)]&amp#27;[0m Proxying [POST /element/00000000-0000-0021-ffff-ffff0000004f/click] to [POST http://127.0.0.1:8200/session/020492dc-88c2-4959-aa86-06e06cf23537/element/00000000-0000-0021-ffff-ffff0000004f/click] with body: {"element":"00000000-0000-0021-ffff-ffff0000004f"}
[debug] &amp#27;[38;5;32m[AndroidUiautomator2Driver@e47a (b74c386a)]&amp#27;[0m Got response with status 200: {"sessionId":"020492dc-88c2-4959-aa86-06e06cf23537","value":null}
[debug] &amp#27;[38;5;32m[AndroidUiautomator2Driver@e47a (b74c386a)]&amp#27;[0m Responding to client with driver.click() result: null
&amp#27;[38;5;0m[HTTP]&amp#27;[0m &amp#27;[37m<-- POST /session/b74c386a-bd63-4a4d-b13a-d366382f07b7/element/00000000-0000-0021-ffff-ffff0000004f/click &amp#27;[39m&amp#27;[32m200&amp#27;[39m &amp#27;[90m72 ms - 14&amp#27;[39m
&amp#27;[38;5;0m[HTTP]&amp#27;[0m &amp#27;[90m&amp#27;[39m
&amp#27;[38;5;0m[HTTP]&amp#27;[0m &amp#27;[37m-->&amp#27;[39m &amp#27;[37mPOST&amp#27;[39m &amp#27;[37m/session/b74c386a-bd63-4a4d-b13a-d366382f07b7/timeouts&amp#27;[39m
&amp#27;[38;5;0m[HTTP]&amp#27;[0m &amp#27;[90m{"implicit":20000}&amp#27;[39m
[debug] &amp#27;[38;5;32m[AndroidUiautomator2Driver@e47a (b74c386a)]&amp#27;[0m Calling AppiumDriver.timeouts() with args: [null,null,null,null,20000,"b74c386a-bd63-4a4d-b13a-d366382f07b7"]
[debug] &amp#27;[38;5;32m[AndroidUiautomator2Driver@e47a (b74c386a)]&amp#27;[0m W3C timeout argument: {"implicit":20000}}
[debug] &amp#27;[38;5;32m[AndroidUiautomator2Driver@e47a (b74c386a)]&amp#27;[0m Set implicit wait to 20000ms
[debug] &amp#27;[38;5;32m[AndroidUiautomator2Driver@e47a (b74c386a)]&amp#27;[0m Responding to client with driver.timeouts() result: null
&amp#27;[38;5;0m[HTTP]&amp#27;[0m &amp#27;[37m<-- POST /session/b74c386a-bd63-4a4d-b13a-d366382f07b7/timeouts &amp#27;[39m&amp#27;[32m200&amp#27;[39m &amp#27;[90m1 ms - 14&amp#27;[39m
&amp#27;[38;5;0m[HTTP]&amp#27;[0m &amp#27;[90m&amp#27;[39m
&amp#27;[38;5;0m[HTTP]&amp#27;[0m &amp#27;[37m-->&amp#27;[39m &amp#27;[37mPOST&amp#27;[39m &amp#27;[37m/session/b74c386a-bd63-4a4d-b13a-d366382f07b7/element&amp#27;[39m
&amp#27;[38;5;0m[HTTP]&amp#27;[0m &amp#27;[90m{"using":"xpath","value":"//android.widget.TextView[@index=4]"}&amp#27;[39m
[debug] &amp#27;[38;5;32m[AndroidUiautomator2Driver@e47a (b74c386a)]&amp#27;[0m Calling AppiumDriver.findElement() with args: ["xpath","//android.widget.TextView[@index=4]","b74c386a-bd63-4a4d-b13a-d366382f07b7"]
[debug] &amp#27;[38;5;32m[AndroidUiautomator2Driver@e47a (b74c386a)]&amp#27;[0m Valid locator strategies for this request: xpath, id, class name, accessibility id, css selector, -android uiautomator
[debug] &amp#27;[38;5;32m[AndroidUiautomator2Driver@e47a (b74c386a)]&amp#27;[0m Waiting up to 20000 ms for condition
[debug] &amp#27;[38;5;32m[AndroidUiautomator2Driver@e47a (b74c386a)]&amp#27;[0m Matched '/element' to command name 'findElement'
[debug] &amp#27;[38;5;32m[AndroidUiautomator2Driver@e47a (b74c386a)]&amp#27;[0m Proxying [POST /element] to [POST http://127.0.0.1:8200/session/020492dc-88c2-4959-aa86-06e06cf23537/element] with body: {"strategy":"xpath","selector":"//android.widget.TextView[@index=4]","context":"","multiple":false}
[debug] &amp#27;[38;5;32m[AndroidUiautomator2Driver@e47a (b74c386a)]&amp#27;[0m Got response with status 200: {"sessionId":"020492dc-88c2-4959-aa86-06e06cf23537","value":{"ELEMENT":"00000000-0000-0021-ffff-ffff00000047","element-6066-11e4-a52e-4f735466cecf":"00000000-0000-0021-ffff-ffff00000047"}}
[debug] &amp#27;[38;5;32m[AndroidUiautomator2Driver@e47a (b74c386a)]&amp#27;[0m Responding to client with driver.findElement() result: {"element-6066-11e4-a52e-4f735466cecf":"00000000-0000-0021-ffff-ffff00000047","ELEMENT":"00000000-0000-0021-ffff-ffff00000047"}
&amp#27;[38;5;0m[HTTP]&amp#27;[0m &amp#27;[37m<-- POST /session/b74c386a-bd63-4a4d-b13a-d366382f07b7/element &amp#27;[39m&amp#27;[32m200&amp#27;[39m &amp#27;[90m619 ms - 137&amp#27;[39m
&amp#27;[38;5;0m[HTTP]&amp#27;[0m &amp#27;[90m&amp#27;[39m
&amp#27;[38;5;0m[HTTP]&amp#27;[0m &amp#27;[37m-->&amp#27;[39m &amp#27;[37mGET&amp#27;[39m &amp#27;[37m/session/b74c386a-bd63-4a4d-b13a-d366382f07b7/element/00000000-0000-0021-ffff-ffff00000047/text&amp#27;[39m
&amp#27;[38;5;0m[HTTP]&amp#27;[0m &amp#27;[90m{}&amp#27;[39m
&amp#27;[38;5;32m[AndroidUiautomator2Driver@e47a (b74c386a)]&amp#27;[0m Driver proxy active, passing request on via HTTP proxy
[debug] &amp#27;[38;5;32m[AndroidUiautomator2Driver@e47a (b74c386a)]&amp#27;[0m Matched '/session/b74c386a-bd63-4a4d-b13a-d366382f07b7/element/00000000-0000-0021-ffff-ffff00000047/text' to command name 'getText'
[debug] &amp#27;[38;5;32m[AndroidUiautomator2Driver@e47a (b74c386a)]&amp#27;[0m Proxying [GET /session/b74c386a-bd63-4a4d-b13a-d366382f07b7/element/00000000-0000-0021-ffff-ffff00000047/text] to [GET http://127.0.0.1:8200/session/020492dc-88c2-4959-aa86-06e06cf23537/element/00000000-0000-0021-ffff-ffff00000047/text] with no body
[debug] &amp#27;[38;5;32m[AndroidUiautomator2Driver@e47a (b74c386a)]&amp#27;[0m Got response with status 200: {"sessionId":"020492dc-88c2-4959-aa86-06e06cf23537","value":"Please enter your email or mobile number"}
&amp#27;[38;5;32m[AndroidUiautomator2Driver@e47a (b74c386a)]&amp#27;[0m Replacing sessionId 020492dc-88c2-4959-aa86-06e06cf23537 with b74c386a-bd63-4a4d-b13a-d366382f07b7
&amp#27;[38;5;0m[HTTP]&amp#27;[0m &amp#27;[37m<-- GET /session/b74c386a-bd63-4a4d-b13a-d366382f07b7/element/00000000-0000-0021-ffff-ffff00000047/text &amp#27;[39m&amp#27;[32m200&amp#27;[39m &amp#27;[90m12 ms - 103&amp#27;[39m
&amp#27;[38;5;0m[HTTP]&amp#27;[0m &amp#27;[90m&amp#27;[39m
]]></system-out>
  </testcase>
  <testcase name="Testcase_Four" classname="testcases.Android.LoginTestCase" time="44.749">
    <system-out><![CDATA[&amp#27;[38;5;0m[HTTP]&amp#27;[0m &amp#27;[37m-->&amp#27;[39m &amp#27;[37mPOST&amp#27;[39m &amp#27;[37m/session/b74c386a-bd63-4a4d-b13a-d366382f07b7/timeouts&amp#27;[39m
&amp#27;[38;5;0m[HTTP]&amp#27;[0m &amp#27;[90m{"implicit":20000}&amp#27;[39m
[debug] &amp#27;[38;5;32m[AndroidUiautomator2Driver@e47a (b74c386a)]&amp#27;[0m Calling AppiumDriver.timeouts() with args: [null,null,null,null,20000,"b74c386a-bd63-4a4d-b13a-d366382f07b7"]
[debug] &amp#27;[38;5;32m[AndroidUiautomator2Driver@e47a (b74c386a)]&amp#27;[0m W3C timeout argument: {"implicit":20000}}
[debug] &amp#27;[38;5;32m[AndroidUiautomator2Driver@e47a (b74c386a)]&amp#27;[0m Set implicit wait to 20000ms
[debug] &amp#27;[38;5;32m[AndroidUiautomator2Driver@e47a (b74c386a)]&amp#27;[0m Responding to client with driver.timeouts() result: null
&amp#27;[38;5;0m[HTTP]&amp#27;[0m &amp#27;[37m<-- POST /session/b74c386a-bd63-4a4d-b13a-d366382f07b7/timeouts &amp#27;[39m&amp#27;[32m200&amp#27;[39m &amp#27;[90m1 ms - 14&amp#27;[39m
&amp#27;[38;5;0m[HTTP]&amp#27;[0m &amp#27;[90m&amp#27;[39m
&amp#27;[38;5;0m[HTTP]&amp#27;[0m &amp#27;[37m-->&amp#27;[39m &amp#27;[37mPOST&amp#27;[39m &amp#27;[37m/session/b74c386a-bd63-4a4d-b13a-d366382f07b7/element&amp#27;[39m
&amp#27;[38;5;0m[HTTP]&amp#27;[0m &amp#27;[90m{"using":"xpath","value":"//android.widget.EditText[@index=6]"}&amp#27;[39m
[debug] &amp#27;[38;5;32m[AndroidUiautomator2Driver@e47a (b74c386a)]&amp#27;[0m Calling AppiumDriver.findElement() with args: ["xpath","//android.widget.EditText[@index=6]","b74c386a-bd63-4a4d-b13a-d366382f07b7"]
[debug] &amp#27;[38;5;32m[AndroidUiautomator2Driver@e47a (b74c386a)]&amp#27;[0m Valid locator strategies for this request: xpath, id, class name, accessibility id, css selector, -android uiautomator
[debug] &amp#27;[38;5;32m[AndroidUiautomator2Driver@e47a (b74c386a)]&amp#27;[0m Waiting up to 20000 ms for condition
[debug] &amp#27;[38;5;32m[AndroidUiautomator2Driver@e47a (b74c386a)]&amp#27;[0m Matched '/element' to command name 'findElement'
[debug] &amp#27;[38;5;32m[AndroidUiautomator2Driver@e47a (b74c386a)]&amp#27;[0m Proxying [POST /element] to [POST http://127.0.0.1:8200/session/020492dc-88c2-4959-aa86-06e06cf23537/element] with body: {"strategy":"xpath","selector":"//android.widget.EditText[@index=6]","context":"","multiple":false}
[debug] &amp#27;[38;5;32m[AndroidUiautomator2Driver@e47a (b74c386a)]&amp#27;[0m Got response with status 200: {"sessionId":"020492dc-88c2-4959-aa86-06e06cf23537","value":{"ELEMENT":"00000000-0000-0021-ffff-ffff00000049","element-6066-11e4-a52e-4f735466cecf":"00000000-0000-0021-ffff-ffff00000049"}}
[debug] &amp#27;[38;5;32m[AndroidUiautomator2Driver@e47a (b74c386a)]&amp#27;[0m Responding to client with driver.findElement() result: {"element-6066-11e4-a52e-4f735466cecf":"00000000-0000-0021-ffff-ffff00000049","ELEMENT":"00000000-0000-0021-ffff-ffff00000049"}
&amp#27;[38;5;0m[HTTP]&amp#27;[0m &amp#27;[37m<-- POST /session/b74c386a-bd63-4a4d-b13a-d366382f07b7/element &amp#27;[39m&amp#27;[32m200&amp#27;[39m &amp#27;[90m37 ms - 137&amp#27;[39m
&amp#27;[38;5;0m[HTTP]&amp#27;[0m &amp#27;[90m&amp#27;[39m
&amp#27;[38;5;0m[HTTP]&amp#27;[0m &amp#27;[37m-->&amp#27;[39m &amp#27;[37mPOST&amp#27;[39m &amp#27;[37m/session/b74c386a-bd63-4a4d-b13a-d366382f07b7/element/00000000-0000-0021-ffff-ffff00000049/clear&amp#27;[39m
&amp#27;[38;5;0m[HTTP]&amp#27;[0m &amp#27;[90m{"id":"00000000-0000-0021-ffff-ffff00000049"}&amp#27;[39m
[debug] &amp#27;[38;5;32m[AndroidUiautomator2Driver@e47a (b74c386a)]&amp#27;[0m Calling AppiumDriver.clear() with args: ["00000000-0000-0021-ffff-ffff00000049","b74c386a-bd63-4a4d-b13a-d366382f07b7"]
[debug] &amp#27;[38;5;32m[AndroidUiautomator2Driver@e47a (b74c386a)]&amp#27;[0m Matched '/element/00000000-0000-0021-ffff-ffff00000049/clear' to command name 'clear'
[debug] &amp#27;[38;5;32m[AndroidUiautomator2Driver@e47a (b74c386a)]&amp#27;[0m Proxying [POST /element/00000000-0000-0021-ffff-ffff00000049/clear] to [POST http://127.0.0.1:8200/session/020492dc-88c2-4959-aa86-06e06cf23537/element/00000000-0000-0021-ffff-ffff00000049/clear] with body: {"elementId":"00000000-0000-0021-ffff-ffff00000049"}
[debug] &amp#27;[38;5;32m[AndroidUiautomator2Driver@e47a (b74c386a)]&amp#27;[0m Got response with status 200: {"sessionId":"020492dc-88c2-4959-aa86-06e06cf23537","value":null}
[debug] &amp#27;[38;5;32m[AndroidUiautomator2Driver@e47a (b74c386a)]&amp#27;[0m Responding to client with driver.clear() result: null
&amp#27;[38;5;0m[HTTP]&amp#27;[0m &amp#27;[37m<-- POST /session/b74c386a-bd63-4a4d-b13a-d366382f07b7/element/00000000-0000-0021-ffff-ffff00000049/clear &amp#27;[39m&amp#27;[32m200&amp#27;[39m &amp#27;[90m14 ms - 14&amp#27;[39m
&amp#27;[38;5;0m[HTTP]&amp#27;[0m &amp#27;[90m&amp#27;[39m
&amp#27;[38;5;0m[HTTP]&amp#27;[0m &amp#27;[37m-->&amp#27;[39m &amp#27;[37mPOST&amp#27;[39m &amp#27;[37m/session/b74c386a-bd63-4a4d-b13a-d366382f07b7/element&amp#27;[39m
&amp#27;[38;5;0m[HTTP]&amp#27;[0m &amp#27;[90m{"using":"xpath","value":"//android.widget.EditText[@index=3]"}&amp#27;[39m
[debug] &amp#27;[38;5;32m[AndroidUiautomator2Driver@e47a (b74c386a)]&amp#27;[0m Calling AppiumDriver.findElement() with args: ["xpath","//android.widget.EditText[@index=3]","b74c386a-bd63-4a4d-b13a-d366382f07b7"]
[debug] &amp#27;[38;5;32m[AndroidUiautomator2Driver@e47a (b74c386a)]&amp#27;[0m Valid locator strategies for this request: xpath, id, class name, accessibility id, css selector, -android uiautomator
[debug] &amp#27;[38;5;32m[AndroidUiautomator2Driver@e47a (b74c386a)]&amp#27;[0m Waiting up to 20000 ms for condition
[debug] &amp#27;[38;5;32m[AndroidUiautomator2Driver@e47a (b74c386a)]&amp#27;[0m Matched '/element' to command name 'findElement'
[debug] &amp#27;[38;5;32m[AndroidUiautomator2Driver@e47a (b74c386a)]&amp#27;[0m Proxying [POST /element] to [POST http://127.0.0.1:8200/session/020492dc-88c2-4959-aa86-06e06cf23537/element] with body: {"strategy":"xpath","selector":"//android.widget.EditText[@index=3]","context":"","multiple":false}
[debug] &amp#27;[38;5;32m[AndroidUiautomator2Driver@e47a (b74c386a)]&amp#27;[0m Got response with status 200: {"sessionId":"020492dc-88c2-4959-aa86-06e06cf23537","value":{"ELEMENT":"00000000-0000-0021-ffff-ffff00000046","element-6066-11e4-a52e-4f735466cecf":"00000000-0000-0021-ffff-ffff00000046"}}
[debug] &amp#27;[38;5;32m[AndroidUiautomator2Driver@e47a (b74c386a)]&amp#27;[0m Responding to client with driver.findElement() result: {"element-6066-11e4-a52e-4f735466cecf":"00000000-0000-0021-ffff-ffff00000046","ELEMENT":"00000000-0000-0021-ffff-ffff00000046"}
&amp#27;[38;5;0m[HTTP]&amp#27;[0m &amp#27;[37m<-- POST /session/b74c386a-bd63-4a4d-b13a-d366382f07b7/element &amp#27;[39m&amp#27;[32m200&amp#27;[39m &amp#27;[90m625 ms - 137&amp#27;[39m
&amp#27;[38;5;0m[HTTP]&amp#27;[0m &amp#27;[90m&amp#27;[39m
&amp#27;[38;5;0m[HTTP]&amp#27;[0m &amp#27;[37m-->&amp#27;[39m &amp#27;[37mPOST&amp#27;[39m &amp#27;[37m/session/b74c386a-bd63-4a4d-b13a-d366382f07b7/element/00000000-0000-0021-ffff-ffff00000046/value&amp#27;[39m
&amp#27;[38;5;0m[HTTP]&amp#27;[0m &amp#27;[90m{"id":"00000000-0000-0021-ffff-ffff00000046","text":"danielogagavworia@gmail.com","value":["d","a","n","i","e","l","o","g","a","g","a","v","w","o","r","i","a","@","g","m","a","i","l",".","c","o","m"]}&amp#27;[39m
[debug] &amp#27;[38;5;32m[AndroidUiautomator2Driver@e47a (b74c386a)]&amp#27;[0m Calling AppiumDriver.setValue() with args: [["d","a","n","i","e","l","o","g","a","g","a","v","w","o","r","i","a","@","g","m","a","i","l",".","c","o","m"],"00000000-0000-0021-ffff-ffff00000046","b74c386a-bd63-4a4d-b13a-d366382f07b7"]
[debug] &amp#27;[38;5;32m[AndroidUiautomator2Driver@e47a (b74c386a)]&amp#27;[0m Matched '/element/00000000-0000-0021-ffff-ffff00000046/value' to command name 'setValue'
[debug] &amp#27;[38;5;32m[AndroidUiautomator2Driver@e47a (b74c386a)]&amp#27;[0m Added 'value' property ["d","a","n","i","e","l","o","g","a","g","a","v","w","o","r","i","a","@","g","m","a","i","l",".","c","o","m"] to 'setValue' request body
[debug] &amp#27;[38;5;32m[AndroidUiautomator2Driver@e47a (b74c386a)]&amp#27;[0m Proxying [POST /element/00000000-0000-0021-ffff-ffff00000046/value] to [POST http://127.0.0.1:8200/session/020492dc-88c2-4959-aa86-06e06cf23537/element/00000000-0000-0021-ffff-ffff00000046/value] with body: {"elementId":"00000000-0000-0021-ffff-ffff00000046","text":"danielogagavworia@gmail.com","replace":false,"value":["d","a","n","i","e","l","o","g","a","g","a","v","w","o","r","i","a","@","g","m","a","i","l",".","c","o","m"]}
[debug] &amp#27;[38;5;32m[AndroidUiautomator2Driver@e47a (b74c386a)]&amp#27;[0m Got response with status 200: {"sessionId":"020492dc-88c2-4959-aa86-06e06cf23537","value":null}
[debug] &amp#27;[38;5;32m[AndroidUiautomator2Driver@e47a (b74c386a)]&amp#27;[0m Responding to client with driver.setValue() result: null
&amp#27;[38;5;0m[HTTP]&amp#27;[0m &amp#27;[37m<-- POST /session/b74c386a-bd63-4a4d-b13a-d366382f07b7/element/00000000-0000-0021-ffff-ffff00000046/value &amp#27;[39m&amp#27;[32m200&amp#27;[39m &amp#27;[90m15 ms - 14&amp#27;[39m
&amp#27;[38;5;0m[HTTP]&amp#27;[0m &amp#27;[90m&amp#27;[39m
&amp#27;[38;5;0m[HTTP]&amp#27;[0m &amp#27;[37m-->&amp#27;[39m &amp#27;[37mPOST&amp#27;[39m &amp#27;[37m/session/b74c386a-bd63-4a4d-b13a-d366382f07b7/element&amp#27;[39m
&amp#27;[38;5;0m[HTTP]&amp#27;[0m &amp#27;[90m{"using":"xpath","value":"//android.widget.EditText[@index=6]"}&amp#27;[39m
[debug] &amp#27;[38;5;32m[AndroidUiautomator2Driver@e47a (b74c386a)]&amp#27;[0m Calling AppiumDriver.findElement() with args: ["xpath","//android.widget.EditText[@index=6]","b74c386a-bd63-4a4d-b13a-d366382f07b7"]
[debug] &amp#27;[38;5;32m[AndroidUiautomator2Driver@e47a (b74c386a)]&amp#27;[0m Valid locator strategies for this request: xpath, id, class name, accessibility id, css selector, -android uiautomator
[debug] &amp#27;[38;5;32m[AndroidUiautomator2Driver@e47a (b74c386a)]&amp#27;[0m Waiting up to 20000 ms for condition
[debug] &amp#27;[38;5;32m[AndroidUiautomator2Driver@e47a (b74c386a)]&amp#27;[0m Matched '/element' to command name 'findElement'
[debug] &amp#27;[38;5;32m[AndroidUiautomator2Driver@e47a (b74c386a)]&amp#27;[0m Proxying [POST /element] to [POST http://127.0.0.1:8200/session/020492dc-88c2-4959-aa86-06e06cf23537/element] with body: {"strategy":"xpath","selector":"//android.widget.EditText[@index=6]","context":"","multiple":false}
[debug] &amp#27;[38;5;32m[AndroidUiautomator2Driver@e47a (b74c386a)]&amp#27;[0m Got response with status 200: {"sessionId":"020492dc-88c2-4959-aa86-06e06cf23537","value":{"ELEMENT":"00000000-0000-0021-ffff-ffff00000049","element-6066-11e4-a52e-4f735466cecf":"00000000-0000-0021-ffff-ffff00000049"}}
[debug] &amp#27;[38;5;32m[AndroidUiautomator2Driver@e47a (b74c386a)]&amp#27;[0m Responding to client with driver.findElement() result: {"element-6066-11e4-a52e-4f735466cecf":"00000000-0000-0021-ffff-ffff00000049","ELEMENT":"00000000-0000-0021-ffff-ffff00000049"}
&amp#27;[38;5;0m[HTTP]&amp#27;[0m &amp#27;[37m<-- POST /session/b74c386a-bd63-4a4d-b13a-d366382f07b7/element &amp#27;[39m&amp#27;[32m200&amp#27;[39m &amp#27;[90m40 ms - 137&amp#27;[39m
&amp#27;[38;5;0m[HTTP]&amp#27;[0m &amp#27;[90m&amp#27;[39m
&amp#27;[38;5;0m[HTTP]&amp#27;[0m &amp#27;[37m-->&amp#27;[39m &amp#27;[37mPOST&amp#27;[39m &amp#27;[37m/session/b74c386a-bd63-4a4d-b13a-d366382f07b7/element/00000000-0000-0021-ffff-ffff00000049/value&amp#27;[39m
&amp#27;[38;5;0m[HTTP]&amp#27;[0m &amp#27;[90m{"id":"00000000-0000-0021-ffff-ffff00000049","text":"inpassword","value":["i","n","p","a","s","s","w","o","r","d"]}&amp#27;[39m
[debug] &amp#27;[38;5;32m[AndroidUiautomator2Driver@e47a (b74c386a)]&amp#27;[0m Calling AppiumDriver.setValue() with args: [["i","n","p","a","s","s","w","o","r","d"],"00000000-0000-0021-ffff-ffff00000049","b74c386a-bd63-4a4d-b13a-d366382f07b7"]
[debug] &amp#27;[38;5;32m[AndroidUiautomator2Driver@e47a (b74c386a)]&amp#27;[0m Matched '/element/00000000-0000-0021-ffff-ffff00000049/value' to command name 'setValue'
[debug] &amp#27;[38;5;32m[AndroidUiautomator2Driver@e47a (b74c386a)]&amp#27;[0m Added 'value' property ["i","n","p","a","s","s","w","o","r","d"] to 'setValue' request body
[debug] &amp#27;[38;5;32m[AndroidUiautomator2Driver@e47a (b74c386a)]&amp#27;[0m Proxying [POST /element/00000000-0000-0021-ffff-ffff00000049/value] to [POST http://127.0.0.1:8200/session/020492dc-88c2-4959-aa86-06e06cf23537/element/00000000-0000-0021-ffff-ffff00000049/value] with body: {"elementId":"00000000-0000-0021-ffff-ffff00000049","text":"inpassword","replace":false,"value":["i","n","p","a","s","s","w","o","r","d"]}
[debug] &amp#27;[38;5;32m[AndroidUiautomator2Driver@e47a (b74c386a)]&amp#27;[0m Got response with status 200: {"sessionId":"020492dc-88c2-4959-aa86-06e06cf23537","value":null}
[debug] &amp#27;[38;5;32m[AndroidUiautomator2Driver@e47a (b74c386a)]&amp#27;[0m Responding to client with driver.setValue() result: null
&amp#27;[38;5;0m[HTTP]&amp#27;[0m &amp#27;[37m<-- POST /session/b74c386a-bd63-4a4d-b13a-d366382f07b7/element/00000000-0000-0021-ffff-ffff00000049/value &amp#27;[39m&amp#27;[32m200&amp#27;[39m &amp#27;[90m569 ms - 14&amp#27;[39m
&amp#27;[38;5;0m[HTTP]&amp#27;[0m &amp#27;[90m&amp#27;[39m
&amp#27;[38;5;0m[HTTP]&amp#27;[0m &amp#27;[37m-->&amp#27;[39m &amp#27;[37mPOST&amp#27;[39m &amp#27;[37m/session/b74c386a-bd63-4a4d-b13a-d366382f07b7/element&amp#27;[39m
&amp#27;[38;5;0m[HTTP]&amp#27;[0m &amp#27;[90m{"using":"xpath","value":"//android.widget.TextView[@text='LOGIN']"}&amp#27;[39m
[debug] &amp#27;[38;5;32m[AndroidUiautomator2Driver@e47a (b74c386a)]&amp#27;[0m Calling AppiumDriver.findElement() with args: ["xpath","//android.widget.TextView[@text='LOGIN']","b74c386a-bd63-4a4d-b13a-d366382f07b7"]
[debug] &amp#27;[38;5;32m[AndroidUiautomator2Driver@e47a (b74c386a)]&amp#27;[0m Valid locator strategies for this request: xpath, id, class name, accessibility id, css selector, -android uiautomator
[debug] &amp#27;[38;5;32m[AndroidUiautomator2Driver@e47a (b74c386a)]&amp#27;[0m Waiting up to 20000 ms for condition
[debug] &amp#27;[38;5;32m[AndroidUiautomator2Driver@e47a (b74c386a)]&amp#27;[0m Matched '/element' to command name 'findElement'
[debug] &amp#27;[38;5;32m[AndroidUiautomator2Driver@e47a (b74c386a)]&amp#27;[0m Proxying [POST /element] to [POST http://127.0.0.1:8200/session/020492dc-88c2-4959-aa86-06e06cf23537/element] with body: {"strategy":"xpath","selector":"//android.widget.TextView[@text='LOGIN']","context":"","multiple":false}
[debug] &amp#27;[38;5;32m[AndroidUiautomator2Driver@e47a (b74c386a)]&amp#27;[0m Got response with status 200: {"sessionId":"020492dc-88c2-4959-aa86-06e06cf23537","value":{"ELEMENT":"00000000-0000-0021-ffff-ffff0000004f","element-6066-11e4-a52e-4f735466cecf":"00000000-0000-0021-ffff-ffff0000004f"}}
[debug] &amp#27;[38;5;32m[AndroidUiautomator2Driver@e47a (b74c386a)]&amp#27;[0m Responding to client with driver.findElement() result: {"element-6066-11e4-a52e-4f735466cecf":"00000000-0000-0021-ffff-ffff0000004f","ELEMENT":"00000000-0000-0021-ffff-ffff0000004f"}
&amp#27;[38;5;0m[HTTP]&amp#27;[0m &amp#27;[37m<-- POST /session/b74c386a-bd63-4a4d-b13a-d366382f07b7/element &amp#27;[39m&amp#27;[32m200&amp#27;[39m &amp#27;[90m43 ms - 137&amp#27;[39m
&amp#27;[38;5;0m[HTTP]&amp#27;[0m &amp#27;[90m&amp#27;[39m
&amp#27;[38;5;0m[HTTP]&amp#27;[0m &amp#27;[37m-->&amp#27;[39m &amp#27;[37mPOST&amp#27;[39m &amp#27;[37m/session/b74c386a-bd63-4a4d-b13a-d366382f07b7/element/00000000-0000-0021-ffff-ffff0000004f/click&amp#27;[39m
&amp#27;[38;5;0m[HTTP]&amp#27;[0m &amp#27;[90m{"id":"00000000-0000-0021-ffff-ffff0000004f"}&amp#27;[39m
[debug] &amp#27;[38;5;32m[AndroidUiautomator2Driver@e47a (b74c386a)]&amp#27;[0m Calling AppiumDriver.click() with args: ["00000000-0000-0021-ffff-ffff0000004f","b74c386a-bd63-4a4d-b13a-d366382f07b7"]
[debug] &amp#27;[38;5;32m[AndroidUiautomator2Driver@e47a (b74c386a)]&amp#27;[0m Matched '/element/00000000-0000-0021-ffff-ffff0000004f/click' to command name 'click'
[debug] &amp#27;[38;5;32m[AndroidUiautomator2Driver@e47a (b74c386a)]&amp#27;[0m Proxying [POST /element/00000000-0000-0021-ffff-ffff0000004f/click] to [POST http://127.0.0.1:8200/session/020492dc-88c2-4959-aa86-06e06cf23537/element/00000000-0000-0021-ffff-ffff0000004f/click] with body: {"element":"00000000-0000-0021-ffff-ffff0000004f"}
[debug] &amp#27;[38;5;32m[AndroidUiautomator2Driver@e47a (b74c386a)]&amp#27;[0m Got response with status 200: {"sessionId":"020492dc-88c2-4959-aa86-06e06cf23537","value":null}
[debug] &amp#27;[38;5;32m[AndroidUiautomator2Driver@e47a (b74c386a)]&amp#27;[0m Responding to client with driver.click() result: null
&amp#27;[38;5;0m[HTTP]&amp#27;[0m &amp#27;[37m<-- POST /session/b74c386a-bd63-4a4d-b13a-d366382f07b7/element/00000000-0000-0021-ffff-ffff0000004f/click &amp#27;[39m&amp#27;[32m200&amp#27;[39m &amp#27;[90m597 ms - 14&amp#27;[39m
&amp#27;[38;5;0m[HTTP]&amp#27;[0m &amp#27;[90m&amp#27;[39m
&amp#27;[38;5;0m[HTTP]&amp#27;[0m &amp#27;[37m-->&amp#27;[39m &amp#27;[37mPOST&amp#27;[39m &amp#27;[37m/session/b74c386a-bd63-4a4d-b13a-d366382f07b7/timeouts&amp#27;[39m
&amp#27;[38;5;0m[HTTP]&amp#27;[0m &amp#27;[90m{"implicit":20000}&amp#27;[39m
[debug] &amp#27;[38;5;32m[AndroidUiautomator2Driver@e47a (b74c386a)]&amp#27;[0m Calling AppiumDriver.timeouts() with args: [null,null,null,null,20000,"b74c386a-bd63-4a4d-b13a-d366382f07b7"]
[debug] &amp#27;[38;5;32m[AndroidUiautomator2Driver@e47a (b74c386a)]&amp#27;[0m W3C timeout argument: {"implicit":20000}}
[debug] &amp#27;[38;5;32m[AndroidUiautomator2Driver@e47a (b74c386a)]&amp#27;[0m Set implicit wait to 20000ms
[debug] &amp#27;[38;5;32m[AndroidUiautomator2Driver@e47a (b74c386a)]&amp#27;[0m Responding to client with driver.timeouts() result: null
&amp#27;[38;5;0m[HTTP]&amp#27;[0m &amp#27;[37m<-- POST /session/b74c386a-bd63-4a4d-b13a-d366382f07b7/timeouts &amp#27;[39m&amp#27;[32m200&amp#27;[39m &amp#27;[90m1 ms - 14&amp#27;[39m
&amp#27;[38;5;0m[HTTP]&amp#27;[0m &amp#27;[90m&amp#27;[39m
&amp#27;[38;5;0m[HTTP]&amp#27;[0m &amp#27;[37m-->&amp#27;[39m &amp#27;[37mPOST&amp#27;[39m &amp#27;[37m/session/b74c386a-bd63-4a4d-b13a-d366382f07b7/element&amp#27;[39m
&amp#27;[38;5;0m[HTTP]&amp#27;[0m &amp#27;[90m{"using":"xpath","value":"//android.widget.TextView[@text='Invalid username/password']"}&amp#27;[39m
[debug] &amp#27;[38;5;32m[AndroidUiautomator2Driver@e47a (b74c386a)]&amp#27;[0m Calling AppiumDriver.findElement() with args: ["xpath","//android.widget.TextView[@text='Invalid username/password']","b74c386a-bd63-4a4d-b13a-d366382f07b7"]
[debug] &amp#27;[38;5;32m[AndroidUiautomator2Driver@e47a (b74c386a)]&amp#27;[0m Valid locator strategies for this request: xpath, id, class name, accessibility id, css selector, -android uiautomator
[debug] &amp#27;[38;5;32m[AndroidUiautomator2Driver@e47a (b74c386a)]&amp#27;[0m Waiting up to 20000 ms for condition
[debug] &amp#27;[38;5;32m[AndroidUiautomator2Driver@e47a (b74c386a)]&amp#27;[0m Matched '/element' to command name 'findElement'
[debug] &amp#27;[38;5;32m[AndroidUiautomator2Driver@e47a (b74c386a)]&amp#27;[0m Proxying [POST /element] to [POST http://127.0.0.1:8200/session/020492dc-88c2-4959-aa86-06e06cf23537/element] with body: {"strategy":"xpath","selector":"//android.widget.TextView[@text='Invalid username/password']","context":"","multiple":false}
&amp#27;[38;5;32m[AndroidUiautomator2Driver@e47a (b74c386a)]&amp#27;[0m Got response with status 404: {"sessionId":"020492dc-88c2-4959-aa86-06e06cf23537","value":{"error":"no such element","message":"An element could not be located on the page using the given search parameters","stacktrace":"io.appium.uiautomator2.common.exceptions.ElementNotFoundException: An element could not be located on the page using the given search parameters\n\tat io.appium.uiautomator2.utils.ElementLocationHelpers.findElement(ElementLocationHelpers.java:156)\n\tat io.appium.uiautomator2.handler.FindElement.safeHandle(FindElement.java:60)\n\tat io.appium.uiautomator2.handler.request.SafeRequestHandler.handle(SafeRequestHandler.java:59)\n\tat io.appium.uiautomator2.server.AppiumServlet.handleRequest(AppiumServlet.java:277)\n\tat io.appium.uiautomator2.server.AppiumServlet.handleHttpRequest(AppiumServlet.java:271)\n\tat io.appium.uiautomator2.http.ServerHandler.channelRead(ServerHandler.java:68)\n\tat io.netty.channel.AbstractChannelHandlerContext.invokeChannelRead(AbstractChannelHandlerContext.java:366)\n\tat io.netty.channel.Abstr...
[debug] &amp#27;[38;5;128m[W3C]&amp#27;[0m Matched W3C error code 'no such element' to NoSuchElementError
[debug] &amp#27;[38;5;32m[AndroidUiautomator2Driver@e47a (b74c386a)]&amp#27;[0m Waited for 671 ms so far
[debug] &amp#27;[38;5;32m[AndroidUiautomator2Driver@e47a (b74c386a)]&amp#27;[0m Matched '/element' to command name 'findElement'
[debug] &amp#27;[38;5;32m[AndroidUiautomator2Driver@e47a (b74c386a)]&amp#27;[0m Proxying [POST /element] to [POST http://127.0.0.1:8200/session/020492dc-88c2-4959-aa86-06e06cf23537/element] with body: {"strategy":"xpath","selector":"//android.widget.TextView[@text='Invalid username/password']","context":"","multiple":false}
&amp#27;[38;5;32m[AndroidUiautomator2Driver@e47a (b74c386a)]&amp#27;[0m Got response with status 404: {"sessionId":"020492dc-88c2-4959-aa86-06e06cf23537","value":{"error":"no such element","message":"An element could not be located on the page using the given search parameters","stacktrace":"io.appium.uiautomator2.common.exceptions.ElementNotFoundException: An element could not be located on the page using the given search parameters\n\tat io.appium.uiautomator2.utils.ElementLocationHelpers.findElement(ElementLocationHelpers.java:156)\n\tat io.appium.uiautomator2.handler.FindElement.safeHandle(FindElement.java:60)\n\tat io.appium.uiautomator2.handler.request.SafeRequestHandler.handle(SafeRequestHandler.java:59)\n\tat io.appium.uiautomator2.server.AppiumServlet.handleRequest(AppiumServlet.java:277)\n\tat io.appium.uiautomator2.server.AppiumServlet.handleHttpRequest(AppiumServlet.java:271)\n\tat io.appium.uiautomator2.http.ServerHandler.channelRead(ServerHandler.java:68)\n\tat io.netty.channel.AbstractChannelHandlerContext.invokeChannelRead(AbstractChannelHandlerContext.java:366)\n\tat io.netty.channel.Abstr...
[debug] &amp#27;[38;5;128m[W3C]&amp#27;[0m Matched W3C error code 'no such element' to NoSuchElementError
[debug] &amp#27;[38;5;32m[AndroidUiautomator2Driver@e47a (b74c386a)]&amp#27;[0m Waited for 1262 ms so far
[debug] &amp#27;[38;5;32m[AndroidUiautomator2Driver@e47a (b74c386a)]&amp#27;[0m Matched '/element' to command name 'findElement'
[debug] &amp#27;[38;5;32m[AndroidUiautomator2Driver@e47a (b74c386a)]&amp#27;[0m Proxying [POST /element] to [POST http://127.0.0.1:8200/session/020492dc-88c2-4959-aa86-06e06cf23537/element] with body: {"strategy":"xpath","selector":"//android.widget.TextView[@text='Invalid username/password']","context":"","multiple":false}
&amp#27;[38;5;32m[AndroidUiautomator2Driver@e47a (b74c386a)]&amp#27;[0m Got response with status 404: {"sessionId":"020492dc-88c2-4959-aa86-06e06cf23537","value":{"error":"no such element","message":"An element could not be located on the page using the given search parameters","stacktrace":"io.appium.uiautomator2.common.exceptions.ElementNotFoundException: An element could not be located on the page using the given search parameters\n\tat io.appium.uiautomator2.utils.ElementLocationHelpers.findElement(ElementLocationHelpers.java:156)\n\tat io.appium.uiautomator2.handler.FindElement.safeHandle(FindElement.java:60)\n\tat io.appium.uiautomator2.handler.request.SafeRequestHandler.handle(SafeRequestHandler.java:59)\n\tat io.appium.uiautomator2.server.AppiumServlet.handleRequest(AppiumServlet.java:277)\n\tat io.appium.uiautomator2.server.AppiumServlet.handleHttpRequest(AppiumServlet.java:271)\n\tat io.appium.uiautomator2.http.ServerHandler.channelRead(ServerHandler.java:68)\n\tat io.netty.channel.AbstractChannelHandlerContext.invokeChannelRead(AbstractChannelHandlerContext.java:366)\n\tat io.netty.channel.Abstr...
[debug] &amp#27;[38;5;128m[W3C]&amp#27;[0m Matched W3C error code 'no such element' to NoSuchElementError
[debug] &amp#27;[38;5;32m[AndroidUiautomator2Driver@e47a (b74c386a)]&amp#27;[0m Waited for 1813 ms so far
[debug] &amp#27;[38;5;32m[AndroidUiautomator2Driver@e47a (b74c386a)]&amp#27;[0m Matched '/element' to command name 'findElement'
[debug] &amp#27;[38;5;32m[AndroidUiautomator2Driver@e47a (b74c386a)]&amp#27;[0m Proxying [POST /element] to [POST http://127.0.0.1:8200/session/020492dc-88c2-4959-aa86-06e06cf23537/element] with body: {"strategy":"xpath","selector":"//android.widget.TextView[@text='Invalid username/password']","context":"","multiple":false}
&amp#27;[38;5;32m[AndroidUiautomator2Driver@e47a (b74c386a)]&amp#27;[0m Got response with status 404: {"sessionId":"020492dc-88c2-4959-aa86-06e06cf23537","value":{"error":"no such element","message":"An element could not be located on the page using the given search parameters","stacktrace":"io.appium.uiautomator2.common.exceptions.ElementNotFoundException: An element could not be located on the page using the given search parameters\n\tat io.appium.uiautomator2.utils.ElementLocationHelpers.findElement(ElementLocationHelpers.java:156)\n\tat io.appium.uiautomator2.handler.FindElement.safeHandle(FindElement.java:60)\n\tat io.appium.uiautomator2.handler.request.SafeRequestHandler.handle(SafeRequestHandler.java:59)\n\tat io.appium.uiautomator2.server.AppiumServlet.handleRequest(AppiumServlet.java:277)\n\tat io.appium.uiautomator2.server.AppiumServlet.handleHttpRequest(AppiumServlet.java:271)\n\tat io.appium.uiautomator2.http.ServerHandler.channelRead(ServerHandler.java:68)\n\tat io.netty.channel.AbstractChannelHandlerContext.invokeChannelRead(AbstractChannelHandlerContext.java:366)\n\tat io.netty.channel.Abstr...
[debug] &amp#27;[38;5;128m[W3C]&amp#27;[0m Matched W3C error code 'no such element' to NoSuchElementError
[debug] &amp#27;[38;5;32m[AndroidUiautomator2Driver@e47a (b74c386a)]&amp#27;[0m Waited for 2362 ms so far
[debug] &amp#27;[38;5;32m[AndroidUiautomator2Driver@e47a (b74c386a)]&amp#27;[0m Matched '/element' to command name 'findElement'
[debug] &amp#27;[38;5;32m[AndroidUiautomator2Driver@e47a (b74c386a)]&amp#27;[0m Proxying [POST /element] to [POST http://127.0.0.1:8200/session/020492dc-88c2-4959-aa86-06e06cf23537/element] with body: {"strategy":"xpath","selector":"//android.widget.TextView[@text='Invalid username/password']","context":"","multiple":false}
&amp#27;[38;5;32m[AndroidUiautomator2Driver@e47a (b74c386a)]&amp#27;[0m Got response with status 404: {"sessionId":"020492dc-88c2-4959-aa86-06e06cf23537","value":{"error":"no such element","message":"An element could not be located on the page using the given search parameters","stacktrace":"io.appium.uiautomator2.common.exceptions.ElementNotFoundException: An element could not be located on the page using the given search parameters\n\tat io.appium.uiautomator2.utils.ElementLocationHelpers.findElement(ElementLocationHelpers.java:156)\n\tat io.appium.uiautomator2.handler.FindElement.safeHandle(FindElement.java:60)\n\tat io.appium.uiautomator2.handler.request.SafeRequestHandler.handle(SafeRequestHandler.java:59)\n\tat io.appium.uiautomator2.server.AppiumServlet.handleRequest(AppiumServlet.java:277)\n\tat io.appium.uiautomator2.server.AppiumServlet.handleHttpRequest(AppiumServlet.java:271)\n\tat io.appium.uiautomator2.http.ServerHandler.channelRead(ServerHandler.java:68)\n\tat io.netty.channel.AbstractChannelHandlerContext.invokeChannelRead(AbstractChannelHandlerContext.java:366)\n\tat io.netty.channel.Abstr...
[debug] &amp#27;[38;5;128m[W3C]&amp#27;[0m Matched W3C error code 'no such element' to NoSuchElementError
[debug] &amp#27;[38;5;32m[AndroidUiautomator2Driver@e47a (b74c386a)]&amp#27;[0m Waited for 2930 ms so far
[debug] &amp#27;[38;5;32m[AndroidUiautomator2Driver@e47a (b74c386a)]&amp#27;[0m Matched '/element' to command name 'findElement'
[debug] &amp#27;[38;5;32m[AndroidUiautomator2Driver@e47a (b74c386a)]&amp#27;[0m Proxying [POST /element] to [POST http://127.0.0.1:8200/session/020492dc-88c2-4959-aa86-06e06cf23537/element] with body: {"strategy":"xpath","selector":"//android.widget.TextView[@text='Invalid username/password']","context":"","multiple":false}
&amp#27;[38;5;32m[AndroidUiautomator2Driver@e47a (b74c386a)]&amp#27;[0m Got response with status 404: {"sessionId":"020492dc-88c2-4959-aa86-06e06cf23537","value":{"error":"no such element","message":"An element could not be located on the page using the given search parameters","stacktrace":"io.appium.uiautomator2.common.exceptions.ElementNotFoundException: An element could not be located on the page using the given search parameters\n\tat io.appium.uiautomator2.utils.ElementLocationHelpers.findElement(ElementLocationHelpers.java:156)\n\tat io.appium.uiautomator2.handler.FindElement.safeHandle(FindElement.java:60)\n\tat io.appium.uiautomator2.handler.request.SafeRequestHandler.handle(SafeRequestHandler.java:59)\n\tat io.appium.uiautomator2.server.AppiumServlet.handleRequest(AppiumServlet.java:277)\n\tat io.appium.uiautomator2.server.AppiumServlet.handleHttpRequest(AppiumServlet.java:271)\n\tat io.appium.uiautomator2.http.ServerHandler.channelRead(ServerHandler.java:68)\n\tat io.netty.channel.AbstractChannelHandlerContext.invokeChannelRead(AbstractChannelHandlerContext.java:366)\n\tat io.netty.channel.Abstr...
[debug] &amp#27;[38;5;128m[W3C]&amp#27;[0m Matched W3C error code 'no such element' to NoSuchElementError
[debug] &amp#27;[38;5;32m[AndroidUiautomator2Driver@e47a (b74c386a)]&amp#27;[0m Waited for 3477 ms so far
[debug] &amp#27;[38;5;32m[AndroidUiautomator2Driver@e47a (b74c386a)]&amp#27;[0m Matched '/element' to command name 'findElement'
[debug] &amp#27;[38;5;32m[AndroidUiautomator2Driver@e47a (b74c386a)]&amp#27;[0m Proxying [POST /element] to [POST http://127.0.0.1:8200/session/020492dc-88c2-4959-aa86-06e06cf23537/element] with body: {"strategy":"xpath","selector":"//android.widget.TextView[@text='Invalid username/password']","context":"","multiple":false}
&amp#27;[38;5;32m[AndroidUiautomator2Driver@e47a (b74c386a)]&amp#27;[0m Got response with status 404: {"sessionId":"020492dc-88c2-4959-aa86-06e06cf23537","value":{"error":"no such element","message":"An element could not be located on the page using the given search parameters","stacktrace":"io.appium.uiautomator2.common.exceptions.ElementNotFoundException: An element could not be located on the page using the given search parameters\n\tat io.appium.uiautomator2.utils.ElementLocationHelpers.findElement(ElementLocationHelpers.java:156)\n\tat io.appium.uiautomator2.handler.FindElement.safeHandle(FindElement.java:60)\n\tat io.appium.uiautomator2.handler.request.SafeRequestHandler.handle(SafeRequestHandler.java:59)\n\tat io.appium.uiautomator2.server.AppiumServlet.handleRequest(AppiumServlet.java:277)\n\tat io.appium.uiautomator2.server.AppiumServlet.handleHttpRequest(AppiumServlet.java:271)\n\tat io.appium.uiautomator2.http.ServerHandler.channelRead(ServerHandler.java:68)\n\tat io.netty.channel.AbstractChannelHandlerContext.invokeChannelRead(AbstractChannelHandlerContext.java:366)\n\tat io.netty.channel.Abstr...
[debug] &amp#27;[38;5;128m[W3C]&amp#27;[0m Matched W3C error code 'no such element' to NoSuchElementError
[debug] &amp#27;[38;5;32m[AndroidUiautomator2Driver@e47a (b74c386a)]&amp#27;[0m Waited for 4014 ms so far
[debug] &amp#27;[38;5;32m[AndroidUiautomator2Driver@e47a (b74c386a)]&amp#27;[0m Matched '/element' to command name 'findElement'
[debug] &amp#27;[38;5;32m[AndroidUiautomator2Driver@e47a (b74c386a)]&amp#27;[0m Proxying [POST /element] to [POST http://127.0.0.1:8200/session/020492dc-88c2-4959-aa86-06e06cf23537/element] with body: {"strategy":"xpath","selector":"//android.widget.TextView[@text='Invalid username/password']","context":"","multiple":false}
&amp#27;[38;5;32m[AndroidUiautomator2Driver@e47a (b74c386a)]&amp#27;[0m Got response with status 404: {"sessionId":"020492dc-88c2-4959-aa86-06e06cf23537","value":{"error":"no such element","message":"An element could not be located on the page using the given search parameters","stacktrace":"io.appium.uiautomator2.common.exceptions.ElementNotFoundException: An element could not be located on the page using the given search parameters\n\tat io.appium.uiautomator2.utils.ElementLocationHelpers.findElement(ElementLocationHelpers.java:156)\n\tat io.appium.uiautomator2.handler.FindElement.safeHandle(FindElement.java:60)\n\tat io.appium.uiautomator2.handler.request.SafeRequestHandler.handle(SafeRequestHandler.java:59)\n\tat io.appium.uiautomator2.server.AppiumServlet.handleRequest(AppiumServlet.java:277)\n\tat io.appium.uiautomator2.server.AppiumServlet.handleHttpRequest(AppiumServlet.java:271)\n\tat io.appium.uiautomator2.http.ServerHandler.channelRead(ServerHandler.java:68)\n\tat io.netty.channel.AbstractChannelHandlerContext.invokeChannelRead(AbstractChannelHandlerContext.java:366)\n\tat io.netty.channel.Abstr...
[debug] &amp#27;[38;5;128m[W3C]&amp#27;[0m Matched W3C error code 'no such element' to NoSuchElementError
[debug] &amp#27;[38;5;32m[AndroidUiautomator2Driver@e47a (b74c386a)]&amp#27;[0m Waited for 4558 ms so far
[debug] &amp#27;[38;5;32m[AndroidUiautomator2Driver@e47a (b74c386a)]&amp#27;[0m Matched '/element' to command name 'findElement'
[debug] &amp#27;[38;5;32m[AndroidUiautomator2Driver@e47a (b74c386a)]&amp#27;[0m Proxying [POST /element] to [POST http://127.0.0.1:8200/session/020492dc-88c2-4959-aa86-06e06cf23537/element] with body: {"strategy":"xpath","selector":"//android.widget.TextView[@text='Invalid username/password']","context":"","multiple":false}
&amp#27;[38;5;32m[AndroidUiautomator2Driver@e47a (b74c386a)]&amp#27;[0m Got response with status 404: {"sessionId":"020492dc-88c2-4959-aa86-06e06cf23537","value":{"error":"no such element","message":"An element could not be located on the page using the given search parameters","stacktrace":"io.appium.uiautomator2.common.exceptions.ElementNotFoundException: An element could not be located on the page using the given search parameters\n\tat io.appium.uiautomator2.utils.ElementLocationHelpers.findElement(ElementLocationHelpers.java:156)\n\tat io.appium.uiautomator2.handler.FindElement.safeHandle(FindElement.java:60)\n\tat io.appium.uiautomator2.handler.request.SafeRequestHandler.handle(SafeRequestHandler.java:59)\n\tat io.appium.uiautomator2.server.AppiumServlet.handleRequest(AppiumServlet.java:277)\n\tat io.appium.uiautomator2.server.AppiumServlet.handleHttpRequest(AppiumServlet.java:271)\n\tat io.appium.uiautomator2.http.ServerHandler.channelRead(ServerHandler.java:68)\n\tat io.netty.channel.AbstractChannelHandlerContext.invokeChannelRead(AbstractChannelHandlerContext.java:366)\n\tat io.netty.channel.Abstr...
[debug] &amp#27;[38;5;128m[W3C]&amp#27;[0m Matched W3C error code 'no such element' to NoSuchElementError
[debug] &amp#27;[38;5;32m[AndroidUiautomator2Driver@e47a (b74c386a)]&amp#27;[0m Waited for 5094 ms so far
[debug] &amp#27;[38;5;32m[AndroidUiautomator2Driver@e47a (b74c386a)]&amp#27;[0m Matched '/element' to command name 'findElement'
[debug] &amp#27;[38;5;32m[AndroidUiautomator2Driver@e47a (b74c386a)]&amp#27;[0m Proxying [POST /element] to [POST http://127.0.0.1:8200/session/020492dc-88c2-4959-aa86-06e06cf23537/element] with body: {"strategy":"xpath","selector":"//android.widget.TextView[@text='Invalid username/password']","context":"","multiple":false}
&amp#27;[38;5;32m[AndroidUiautomator2Driver@e47a (b74c386a)]&amp#27;[0m Got response with status 404: {"sessionId":"020492dc-88c2-4959-aa86-06e06cf23537","value":{"error":"no such element","message":"An element could not be located on the page using the given search parameters","stacktrace":"io.appium.uiautomator2.common.exceptions.ElementNotFoundException: An element could not be located on the page using the given search parameters\n\tat io.appium.uiautomator2.utils.ElementLocationHelpers.findElement(ElementLocationHelpers.java:156)\n\tat io.appium.uiautomator2.handler.FindElement.safeHandle(FindElement.java:60)\n\tat io.appium.uiautomator2.handler.request.SafeRequestHandler.handle(SafeRequestHandler.java:59)\n\tat io.appium.uiautomator2.server.AppiumServlet.handleRequest(AppiumServlet.java:277)\n\tat io.appium.uiautomator2.server.AppiumServlet.handleHttpRequest(AppiumServlet.java:271)\n\tat io.appium.uiautomator2.http.ServerHandler.channelRead(ServerHandler.java:68)\n\tat io.netty.channel.AbstractChannelHandlerContext.invokeChannelRead(AbstractChannelHandlerContext.java:366)\n\tat io.netty.channel.Abstr...
[debug] &amp#27;[38;5;128m[W3C]&amp#27;[0m Matched W3C error code 'no such element' to NoSuchElementError
[debug] &amp#27;[38;5;32m[AndroidUiautomator2Driver@e47a (b74c386a)]&amp#27;[0m Waited for 5634 ms so far
&amp#27;[38;5;0m[HTTP]&amp#27;[0m &amp#27;[37m-->&amp#27;[39m &amp#27;[37mGET&amp#27;[39m &amp#27;[37m/session/d6c1cc38-6946-4747-89f8-56067f4364bb/timeouts&amp#27;[39m
&amp#27;[38;5;0m[HTTP]&amp#27;[0m &amp#27;[90m{}&amp#27;[39m
[debug] &amp#27;[38;5;16m[AppiumDriver@10c8]&amp#27;[0m Encountered internal error running command: NoSuchDriverError: A session is either terminated or not started
[debug] &amp#27;[38;5;16m[AppiumDriver@10c8]&amp#27;[0m     at asyncHandler (C:\Users\daniel.ogagavworia\AppData\Roaming\npm\node_modules\appium\node_modules\@appium\base-driver\lib\protocol\protocol.js:315:15)
[debug] &amp#27;[38;5;16m[AppiumDriver@10c8]&amp#27;[0m     at C:\Users\daniel.ogagavworia\AppData\Roaming\npm\node_modules\appium\node_modules\@appium\base-driver\lib\protocol\protocol.js:518:15
[debug] &amp#27;[38;5;16m[AppiumDriver@10c8]&amp#27;[0m     at Layer.handle [as handle_request] (C:\Users\daniel.ogagavworia\AppData\Roaming\npm\node_modules\appium\node_modules\express\lib\router\layer.js:95:5)
[debug] &amp#27;[38;5;16m[AppiumDriver@10c8]&amp#27;[0m     at next (C:\Users\daniel.ogagavworia\AppData\Roaming\npm\node_modules\appium\node_modules\express\lib\router\route.js:144:13)
[debug] &amp#27;[38;5;16m[AppiumDriver@10c8]&amp#27;[0m     at Route.dispatch (C:\Users\daniel.ogagavworia\AppData\Roaming\npm\node_modules\appium\node_modules\express\lib\router\route.js:114:3)
[debug] &amp#27;[38;5;16m[AppiumDriver@10c8]&amp#27;[0m     at Layer.handle [as handle_request] (C:\Users\daniel.ogagavworia\AppData\Roaming\npm\node_modules\appium\node_modules\express\lib\router\layer.js:95:5)
[debug] &amp#27;[38;5;16m[AppiumDriver@10c8]&amp#27;[0m     at C:\Users\daniel.ogagavworia\AppData\Roaming\npm\node_modules\appium\node_modules\express\lib\router\index.js:284:15
[debug] &amp#27;[38;5;16m[AppiumDriver@10c8]&amp#27;[0m     at param (C:\Users\daniel.ogagavworia\AppData\Roaming\npm\node_modules\appium\node_modules\express\lib\router\index.js:365:14)
[debug] &amp#27;[38;5;16m[AppiumDriver@10c8]&amp#27;[0m     at param (C:\Users\daniel.ogagavworia\AppData\Roaming\npm\node_modules\appium\node_modules\express\lib\router\index.js:376:14)
[debug] &amp#27;[38;5;16m[AppiumDriver@10c8]&amp#27;[0m     at Function.process_params (C:\Users\daniel.ogagavworia\AppData\Roaming\npm\node_modules\appium\node_modules\express\lib\router\index.js:421:3)
[debug] &amp#27;[38;5;16m[AppiumDriver@10c8]&amp#27;[0m     at next (C:\Users\daniel.ogagavworia\AppData\Roaming\npm\node_modules\appium\node_modules\express\lib\router\index.js:280:10)
[debug] &amp#27;[38;5;16m[AppiumDriver@10c8]&amp#27;[0m     at logger (C:\Users\daniel.ogagavworia\AppData\Roaming\npm\node_modules\appium\node_modules\morgan\index.js:144:5)
[debug] &amp#27;[38;5;16m[AppiumDriver@10c8]&amp#27;[0m     at Layer.handle [as handle_request] (C:\Users\daniel.ogagavworia\AppData\Roaming\npm\node_modules\appium\node_modules\express\lib\router\layer.js:95:5)
[debug] &amp#27;[38;5;16m[AppiumDriver@10c8]&amp#27;[0m     at trim_prefix (C:\Users\daniel.ogagavworia\AppData\Roaming\npm\node_modules\appium\node_modules\express\lib\router\index.js:328:13)
[debug] &amp#27;[38;5;16m[AppiumDriver@10c8]&amp#27;[0m     at C:\Users\daniel.ogagavworia\AppData\Roaming\npm\node_modules\appium\node_modules\express\lib\router\index.js:286:9
[debug] &amp#27;[38;5;16m[AppiumDriver@10c8]&amp#27;[0m     at Function.process_params (C:\Users\daniel.ogagavworia\AppData\Roaming\npm\node_modules\appium\node_modules\express\lib\router\index.js:346:12)
[debug] &amp#27;[38;5;16m[AppiumDriver@10c8]&amp#27;[0m     at next (C:\Users\daniel.ogagavworia\AppData\Roaming\npm\node_modules\appium\node_modules\express\lib\router\index.js:280:10)
[debug] &amp#27;[38;5;16m[AppiumDriver@10c8]&amp#27;[0m     at jsonParser (C:\Users\daniel.ogagavworia\AppData\Roaming\npm\node_modules\appium\node_modules\body-parser\lib\types\json.js:113:7)
[debug] &amp#27;[38;5;16m[AppiumDriver@10c8]&amp#27;[0m     at Layer.handle [as handle_request] (C:\Users\daniel.ogagavworia\AppData\Roaming\npm\node_modules\appium\node_modules\express\lib\router\layer.js:95:5)
[debug] &amp#27;[38;5;16m[AppiumDriver@10c8]&amp#27;[0m     at trim_prefix (C:\Users\daniel.ogagavworia\AppData\Roaming\npm\node_modules\appium\node_modules\express\lib\router\index.js:328:13)
[debug] &amp#27;[38;5;16m[AppiumDriver@10c8]&amp#27;[0m     at C:\Users\daniel.ogagavworia\AppData\Roaming\npm\node_modules\appium\node_modules\express\lib\router\index.js:286:9
[debug] &amp#27;[38;5;16m[AppiumDriver@10c8]&amp#27;[0m     at Function.process_params (C:\Users\daniel.ogagavworia\AppData\Roaming\npm\node_modules\appium\node_modules\express\lib\router\index.js:346:12)
&amp#27;[38;5;0m[HTTP]&amp#27;[0m &amp#27;[37m<-- GET /session/d6c1cc38-6946-4747-89f8-56067f4364bb/timeouts &amp#27;[39m&amp#27;[33m404&amp#27;[39m &amp#27;[90m20 ms - 3517&amp#27;[39m
&amp#27;[38;5;0m[HTTP]&amp#27;[0m &amp#27;[90m&amp#27;[39m
[debug] &amp#27;[38;5;32m[AndroidUiautomator2Driver@e47a (b74c386a)]&amp#27;[0m Matched '/element' to command name 'findElement'
[debug] &amp#27;[38;5;32m[AndroidUiautomator2Driver@e47a (b74c386a)]&amp#27;[0m Proxying [POST /element] to [POST http://127.0.0.1:8200/session/020492dc-88c2-4959-aa86-06e06cf23537/element] with body: {"strategy":"xpath","selector":"//android.widget.TextView[@text='Invalid username/password']","context":"","multiple":false}
&amp#27;[38;5;32m[AndroidUiautomator2Driver@e47a (b74c386a)]&amp#27;[0m Got response with status 404: {"sessionId":"020492dc-88c2-4959-aa86-06e06cf23537","value":{"error":"no such element","message":"An element could not be located on the page using the given search parameters","stacktrace":"io.appium.uiautomator2.common.exceptions.ElementNotFoundException: An element could not be located on the page using the given search parameters\n\tat io.appium.uiautomator2.utils.ElementLocationHelpers.findElement(ElementLocationHelpers.java:156)\n\tat io.appium.uiautomator2.handler.FindElement.safeHandle(FindElement.java:60)\n\tat io.appium.uiautomator2.handler.request.SafeRequestHandler.handle(SafeRequestHandler.java:59)\n\tat io.appium.uiautomator2.server.AppiumServlet.handleRequest(AppiumServlet.java:277)\n\tat io.appium.uiautomator2.server.AppiumServlet.handleHttpRequest(AppiumServlet.java:271)\n\tat io.appium.uiautomator2.http.ServerHandler.channelRead(ServerHandler.java:68)\n\tat io.netty.channel.AbstractChannelHandlerContext.invokeChannelRead(AbstractChannelHandlerContext.java:366)\n\tat io.netty.channel.Abstr...
[debug] &amp#27;[38;5;128m[W3C]&amp#27;[0m Matched W3C error code 'no such element' to NoSuchElementError
[debug] &amp#27;[38;5;32m[AndroidUiautomator2Driver@e47a (b74c386a)]&amp#27;[0m Waited for 6174 ms so far
[debug] &amp#27;[38;5;32m[AndroidUiautomator2Driver@e47a (b74c386a)]&amp#27;[0m Matched '/element' to command name 'findElement'
[debug] &amp#27;[38;5;32m[AndroidUiautomator2Driver@e47a (b74c386a)]&amp#27;[0m Proxying [POST /element] to [POST http://127.0.0.1:8200/session/020492dc-88c2-4959-aa86-06e06cf23537/element] with body: {"strategy":"xpath","selector":"//android.widget.TextView[@text='Invalid username/password']","context":"","multiple":false}
&amp#27;[38;5;32m[AndroidUiautomator2Driver@e47a (b74c386a)]&amp#27;[0m Got response with status 404: {"sessionId":"020492dc-88c2-4959-aa86-06e06cf23537","value":{"error":"no such element","message":"An element could not be located on the page using the given search parameters","stacktrace":"io.appium.uiautomator2.common.exceptions.ElementNotFoundException: An element could not be located on the page using the given search parameters\n\tat io.appium.uiautomator2.utils.ElementLocationHelpers.findElement(ElementLocationHelpers.java:156)\n\tat io.appium.uiautomator2.handler.FindElement.safeHandle(FindElement.java:60)\n\tat io.appium.uiautomator2.handler.request.SafeRequestHandler.handle(SafeRequestHandler.java:59)\n\tat io.appium.uiautomator2.server.AppiumServlet.handleRequest(AppiumServlet.java:277)\n\tat io.appium.uiautomator2.server.AppiumServlet.handleHttpRequest(AppiumServlet.java:271)\n\tat io.appium.uiautomator2.http.ServerHandler.channelRead(ServerHandler.java:68)\n\tat io.netty.channel.AbstractChannelHandlerContext.invokeChannelRead(AbstractChannelHandlerContext.java:366)\n\tat io.netty.channel.Abstr...
[debug] &amp#27;[38;5;128m[W3C]&amp#27;[0m Matched W3C error code 'no such element' to NoSuchElementError
[debug] &amp#27;[38;5;32m[AndroidUiautomator2Driver@e47a (b74c386a)]&amp#27;[0m Waited for 6990 ms so far
[debug] &amp#27;[38;5;32m[AndroidUiautomator2Driver@e47a (b74c386a)]&amp#27;[0m Matched '/element' to command name 'findElement'
[debug] &amp#27;[38;5;32m[AndroidUiautomator2Driver@e47a (b74c386a)]&amp#27;[0m Proxying [POST /element] to [POST http://127.0.0.1:8200/session/020492dc-88c2-4959-aa86-06e06cf23537/element] with body: {"strategy":"xpath","selector":"//android.widget.TextView[@text='Invalid username/password']","context":"","multiple":false}
[debug] &amp#27;[38;5;32m[AndroidUiautomator2Driver@e47a (b74c386a)]&amp#27;[0m Got response with status 200: {"sessionId":"020492dc-88c2-4959-aa86-06e06cf23537","value":{"ELEMENT":"00000000-0000-0021-ffff-ffff00000066","element-6066-11e4-a52e-4f735466cecf":"00000000-0000-0021-ffff-ffff00000066"}}
[debug] &amp#27;[38;5;32m[AndroidUiautomator2Driver@e47a (b74c386a)]&amp#27;[0m Responding to client with driver.findElement() result: {"element-6066-11e4-a52e-4f735466cecf":"00000000-0000-0021-ffff-ffff00000066","ELEMENT":"00000000-0000-0021-ffff-ffff00000066"}
&amp#27;[38;5;0m[HTTP]&amp#27;[0m &amp#27;[37m<-- POST /session/b74c386a-bd63-4a4d-b13a-d366382f07b7/element &amp#27;[39m&amp#27;[32m200&amp#27;[39m &amp#27;[90m7533 ms - 137&amp#27;[39m
&amp#27;[38;5;0m[HTTP]&amp#27;[0m &amp#27;[90m&amp#27;[39m
&amp#27;[38;5;0m[HTTP]&amp#27;[0m &amp#27;[37m-->&amp#27;[39m &amp#27;[37mGET&amp#27;[39m &amp#27;[37m/session/b74c386a-bd63-4a4d-b13a-d366382f07b7/element/00000000-0000-0021-ffff-ffff00000066/text&amp#27;[39m
&amp#27;[38;5;0m[HTTP]&amp#27;[0m &amp#27;[90m{}&amp#27;[39m
&amp#27;[38;5;32m[AndroidUiautomator2Driver@e47a (b74c386a)]&amp#27;[0m Driver proxy active, passing request on via HTTP proxy
[debug] &amp#27;[38;5;32m[AndroidUiautomator2Driver@e47a (b74c386a)]&amp#27;[0m Matched '/session/b74c386a-bd63-4a4d-b13a-d366382f07b7/element/00000000-0000-0021-ffff-ffff00000066/text' to command name 'getText'
[debug] &amp#27;[38;5;32m[AndroidUiautomator2Driver@e47a (b74c386a)]&amp#27;[0m Proxying [GET /session/b74c386a-bd63-4a4d-b13a-d366382f07b7/element/00000000-0000-0021-ffff-ffff00000066/text] to [GET http://127.0.0.1:8200/session/020492dc-88c2-4959-aa86-06e06cf23537/element/00000000-0000-0021-ffff-ffff00000066/text] with no body
[debug] &amp#27;[38;5;32m[AndroidUiautomator2Driver@e47a (b74c386a)]&amp#27;[0m Got response with status 200: {"sessionId":"020492dc-88c2-4959-aa86-06e06cf23537","value":"Invalid username/password"}
&amp#27;[38;5;32m[AndroidUiautomator2Driver@e47a (b74c386a)]&amp#27;[0m Replacing sessionId 020492dc-88c2-4959-aa86-06e06cf23537 with b74c386a-bd63-4a4d-b13a-d366382f07b7
&amp#27;[38;5;0m[HTTP]&amp#27;[0m &amp#27;[37m<-- GET /session/b74c386a-bd63-4a4d-b13a-d366382f07b7/element/00000000-0000-0021-ffff-ffff00000066/text &amp#27;[39m&amp#27;[32m200&amp#27;[39m &amp#27;[90m8 ms - 88&amp#27;[39m
&amp#27;[38;5;0m[HTTP]&amp#27;[0m &amp#27;[90m&amp#27;[39m
&amp#27;[38;5;0m[HTTP]&amp#27;[0m &amp#27;[37m-->&amp#27;[39m &amp#27;[37mPOST&amp#27;[39m &amp#27;[37m/session/b74c386a-bd63-4a4d-b13a-d366382f07b7/element&amp#27;[39m
&amp#27;[38;5;0m[HTTP]&amp#27;[0m &amp#27;[90m{"using":"xpath","value":"//android.widget.TextView[@text='Invalid username/password']"}&amp#27;[39m
[debug] &amp#27;[38;5;32m[AndroidUiautomator2Driver@e47a (b74c386a)]&amp#27;[0m Calling AppiumDriver.findElement() with args: ["xpath","//android.widget.TextView[@text='Invalid username/password']","b74c386a-bd63-4a4d-b13a-d366382f07b7"]
[debug] &amp#27;[38;5;32m[AndroidUiautomator2Driver@e47a (b74c386a)]&amp#27;[0m Valid locator strategies for this request: xpath, id, class name, accessibility id, css selector, -android uiautomator
[debug] &amp#27;[38;5;32m[AndroidUiautomator2Driver@e47a (b74c386a)]&amp#27;[0m Waiting up to 20000 ms for condition
[debug] &amp#27;[38;5;32m[AndroidUiautomator2Driver@e47a (b74c386a)]&amp#27;[0m Matched '/element' to command name 'findElement'
[debug] &amp#27;[38;5;32m[AndroidUiautomator2Driver@e47a (b74c386a)]&amp#27;[0m Proxying [POST /element] to [POST http://127.0.0.1:8200/session/020492dc-88c2-4959-aa86-06e06cf23537/element] with body: {"strategy":"xpath","selector":"//android.widget.TextView[@text='Invalid username/password']","context":"","multiple":false}
[debug] &amp#27;[38;5;32m[AndroidUiautomator2Driver@e47a (b74c386a)]&amp#27;[0m Got response with status 200: {"sessionId":"020492dc-88c2-4959-aa86-06e06cf23537","value":{"ELEMENT":"00000000-0000-0021-ffff-ffff00000066","element-6066-11e4-a52e-4f735466cecf":"00000000-0000-0021-ffff-ffff00000066"}}
[debug] &amp#27;[38;5;32m[AndroidUiautomator2Driver@e47a (b74c386a)]&amp#27;[0m Responding to client with driver.findElement() result: {"element-6066-11e4-a52e-4f735466cecf":"00000000-0000-0021-ffff-ffff00000066","ELEMENT":"00000000-0000-0021-ffff-ffff00000066"}
&amp#27;[38;5;0m[HTTP]&amp#27;[0m &amp#27;[37m<-- POST /session/b74c386a-bd63-4a4d-b13a-d366382f07b7/element &amp#27;[39m&amp#27;[32m200&amp#27;[39m &amp#27;[90m30 ms - 137&amp#27;[39m
&amp#27;[38;5;0m[HTTP]&amp#27;[0m &amp#27;[90m&amp#27;[39m
&amp#27;[38;5;0m[HTTP]&amp#27;[0m &amp#27;[37m-->&amp#27;[39m &amp#27;[37mGET&amp#27;[39m &amp#27;[37m/session/b74c386a-bd63-4a4d-b13a-d366382f07b7/element/00000000-0000-0021-ffff-ffff00000066/displayed&amp#27;[39m
&amp#27;[38;5;0m[HTTP]&amp#27;[0m &amp#27;[90m{}&amp#27;[39m
[debug] &amp#27;[38;5;32m[AndroidUiautomator2Driver@e47a (b74c386a)]&amp#27;[0m Calling AppiumDriver.elementDisplayed() with args: ["00000000-0000-0021-ffff-ffff00000066","b74c386a-bd63-4a4d-b13a-d366382f07b7"]
[debug] &amp#27;[38;5;32m[AndroidUiautomator2Driver@e47a (b74c386a)]&amp#27;[0m Matched '/element/00000000-0000-0021-ffff-ffff00000066/attribute/displayed' to command name 'getAttribute'
[debug] &amp#27;[38;5;32m[AndroidUiautomator2Driver@e47a (b74c386a)]&amp#27;[0m Proxying [GET /element/00000000-0000-0021-ffff-ffff00000066/attribute/displayed] to [GET http://127.0.0.1:8200/session/020492dc-88c2-4959-aa86-06e06cf23537/element/00000000-0000-0021-ffff-ffff00000066/attribute/displayed] with no body
[debug] &amp#27;[38;5;32m[AndroidUiautomator2Driver@e47a (b74c386a)]&amp#27;[0m Got response with status 200: {"sessionId":"020492dc-88c2-4959-aa86-06e06cf23537","value":"true"}
[debug] &amp#27;[38;5;32m[AndroidUiautomator2Driver@e47a (b74c386a)]&amp#27;[0m Responding to client with driver.elementDisplayed() result: true
&amp#27;[38;5;0m[HTTP]&amp#27;[0m &amp#27;[37m<-- GET /session/b74c386a-bd63-4a4d-b13a-d366382f07b7/element/00000000-0000-0021-ffff-ffff00000066/displayed &amp#27;[39m&amp#27;[32m200&amp#27;[39m &amp#27;[90m11 ms - 14&amp#27;[39m
&amp#27;[38;5;0m[HTTP]&amp#27;[0m &amp#27;[90m&amp#27;[39m
&amp#27;[38;5;0m[HTTP]&amp#27;[0m &amp#27;[37m-->&amp#27;[39m &amp#27;[37mPOST&amp#27;[39m &amp#27;[37m/session/b74c386a-bd63-4a4d-b13a-d366382f07b7/element&amp#27;[39m
&amp#27;[38;5;0m[HTTP]&amp#27;[0m &amp#27;[90m{"using":"xpath","value":"//android.widget.TextView[@text='Invalid username/password']"}&amp#27;[39m
[debug] &amp#27;[38;5;32m[AndroidUiautomator2Driver@e47a (b74c386a)]&amp#27;[0m Calling AppiumDriver.findElement() with args: ["xpath","//android.widget.TextView[@text='Invalid username/password']","b74c386a-bd63-4a4d-b13a-d366382f07b7"]
[debug] &amp#27;[38;5;32m[AndroidUiautomator2Driver@e47a (b74c386a)]&amp#27;[0m Valid locator strategies for this request: xpath, id, class name, accessibility id, css selector, -android uiautomator
[debug] &amp#27;[38;5;32m[AndroidUiautomator2Driver@e47a (b74c386a)]&amp#27;[0m Waiting up to 20000 ms for condition
[debug] &amp#27;[38;5;32m[AndroidUiautomator2Driver@e47a (b74c386a)]&amp#27;[0m Matched '/element' to command name 'findElement'
[debug] &amp#27;[38;5;32m[AndroidUiautomator2Driver@e47a (b74c386a)]&amp#27;[0m Proxying [POST /element] to [POST http://127.0.0.1:8200/session/020492dc-88c2-4959-aa86-06e06cf23537/element] with body: {"strategy":"xpath","selector":"//android.widget.TextView[@text='Invalid username/password']","context":"","multiple":false}
[debug] &amp#27;[38;5;32m[AndroidUiautomator2Driver@e47a (b74c386a)]&amp#27;[0m Got response with status 200: {"sessionId":"020492dc-88c2-4959-aa86-06e06cf23537","value":{"ELEMENT":"00000000-0000-0021-ffff-ffff00000066","element-6066-11e4-a52e-4f735466cecf":"00000000-0000-0021-ffff-ffff00000066"}}
[debug] &amp#27;[38;5;32m[AndroidUiautomator2Driver@e47a (b74c386a)]&amp#27;[0m Responding to client with driver.findElement() result: {"element-6066-11e4-a52e-4f735466cecf":"00000000-0000-0021-ffff-ffff00000066","ELEMENT":"00000000-0000-0021-ffff-ffff00000066"}
&amp#27;[38;5;0m[HTTP]&amp#27;[0m &amp#27;[37m<-- POST /session/b74c386a-bd63-4a4d-b13a-d366382f07b7/element &amp#27;[39m&amp#27;[32m200&amp#27;[39m &amp#27;[90m34 ms - 137&amp#27;[39m
&amp#27;[38;5;0m[HTTP]&amp#27;[0m &amp#27;[90m&amp#27;[39m
&amp#27;[38;5;0m[HTTP]&amp#27;[0m &amp#27;[37m-->&amp#27;[39m &amp#27;[37mGET&amp#27;[39m &amp#27;[37m/session/b74c386a-bd63-4a4d-b13a-d366382f07b7/element/00000000-0000-0021-ffff-ffff00000066/displayed&amp#27;[39m
&amp#27;[38;5;0m[HTTP]&amp#27;[0m &amp#27;[90m{}&amp#27;[39m
[debug] &amp#27;[38;5;32m[AndroidUiautomator2Driver@e47a (b74c386a)]&amp#27;[0m Calling AppiumDriver.elementDisplayed() with args: ["00000000-0000-0021-ffff-ffff00000066","b74c386a-bd63-4a4d-b13a-d366382f07b7"]
[debug] &amp#27;[38;5;32m[AndroidUiautomator2Driver@e47a (b74c386a)]&amp#27;[0m Matched '/element/00000000-0000-0021-ffff-ffff00000066/attribute/displayed' to command name 'getAttribute'
[debug] &amp#27;[38;5;32m[AndroidUiautomator2Driver@e47a (b74c386a)]&amp#27;[0m Proxying [GET /element/00000000-0000-0021-ffff-ffff00000066/attribute/displayed] to [GET http://127.0.0.1:8200/session/020492dc-88c2-4959-aa86-06e06cf23537/element/00000000-0000-0021-ffff-ffff00000066/attribute/displayed] with no body
[debug] &amp#27;[38;5;32m[AndroidUiautomator2Driver@e47a (b74c386a)]&amp#27;[0m Got response with status 200: {"sessionId":"020492dc-88c2-4959-aa86-06e06cf23537","value":"true"}
[debug] &amp#27;[38;5;32m[AndroidUiautomator2Driver@e47a (b74c386a)]&amp#27;[0m Responding to client with driver.elementDisplayed() result: true
&amp#27;[38;5;0m[HTTP]&amp#27;[0m &amp#27;[37m<-- GET /session/b74c386a-bd63-4a4d-b13a-d366382f07b7/element/00000000-0000-0021-ffff-ffff00000066/displayed &amp#27;[39m&amp#27;[32m200&amp#27;[39m &amp#27;[90m8 ms - 14&amp#27;[39m
&amp#27;[38;5;0m[HTTP]&amp#27;[0m &amp#27;[90m&amp#27;[39m
&amp#27;[38;5;0m[HTTP]&amp#27;[0m &amp#27;[37m-->&amp#27;[39m &amp#27;[37mPOST&amp#27;[39m &amp#27;[37m/session/b74c386a-bd63-4a4d-b13a-d366382f07b7/element&amp#27;[39m
&amp#27;[38;5;0m[HTTP]&amp#27;[0m &amp#27;[90m{"using":"xpath","value":"//android.widget.TextView[@text='Invalid username/password']"}&amp#27;[39m
[debug] &amp#27;[38;5;32m[AndroidUiautomator2Driver@e47a (b74c386a)]&amp#27;[0m Calling AppiumDriver.findElement() with args: ["xpath","//android.widget.TextView[@text='Invalid username/password']","b74c386a-bd63-4a4d-b13a-d366382f07b7"]
[debug] &amp#27;[38;5;32m[AndroidUiautomator2Driver@e47a (b74c386a)]&amp#27;[0m Valid locator strategies for this request: xpath, id, class name, accessibility id, css selector, -android uiautomator
[debug] &amp#27;[38;5;32m[AndroidUiautomator2Driver@e47a (b74c386a)]&amp#27;[0m Waiting up to 20000 ms for condition
[debug] &amp#27;[38;5;32m[AndroidUiautomator2Driver@e47a (b74c386a)]&amp#27;[0m Matched '/element' to command name 'findElement'
[debug] &amp#27;[38;5;32m[AndroidUiautomator2Driver@e47a (b74c386a)]&amp#27;[0m Proxying [POST /element] to [POST http://127.0.0.1:8200/session/020492dc-88c2-4959-aa86-06e06cf23537/element] with body: {"strategy":"xpath","selector":"//android.widget.TextView[@text='Invalid username/password']","context":"","multiple":false}
[debug] &amp#27;[38;5;32m[AndroidUiautomator2Driver@e47a (b74c386a)]&amp#27;[0m Got response with status 200: {"sessionId":"020492dc-88c2-4959-aa86-06e06cf23537","value":{"ELEMENT":"00000000-0000-0021-ffff-ffff00000066","element-6066-11e4-a52e-4f735466cecf":"00000000-0000-0021-ffff-ffff00000066"}}
[debug] &amp#27;[38;5;32m[AndroidUiautomator2Driver@e47a (b74c386a)]&amp#27;[0m Responding to client with driver.findElement() result: {"element-6066-11e4-a52e-4f735466cecf":"00000000-0000-0021-ffff-ffff00000066","ELEMENT":"00000000-0000-0021-ffff-ffff00000066"}
&amp#27;[38;5;0m[HTTP]&amp#27;[0m &amp#27;[37m<-- POST /session/b74c386a-bd63-4a4d-b13a-d366382f07b7/element &amp#27;[39m&amp#27;[32m200&amp#27;[39m &amp#27;[90m42 ms - 137&amp#27;[39m
&amp#27;[38;5;0m[HTTP]&amp#27;[0m &amp#27;[90m&amp#27;[39m
&amp#27;[38;5;0m[HTTP]&amp#27;[0m &amp#27;[37m-->&amp#27;[39m &amp#27;[37mGET&amp#27;[39m &amp#27;[37m/session/b74c386a-bd63-4a4d-b13a-d366382f07b7/element/00000000-0000-0021-ffff-ffff00000066/displayed&amp#27;[39m
&amp#27;[38;5;0m[HTTP]&amp#27;[0m &amp#27;[90m{}&amp#27;[39m
[debug] &amp#27;[38;5;32m[AndroidUiautomator2Driver@e47a (b74c386a)]&amp#27;[0m Calling AppiumDriver.elementDisplayed() with args: ["00000000-0000-0021-ffff-ffff00000066","b74c386a-bd63-4a4d-b13a-d366382f07b7"]
[debug] &amp#27;[38;5;32m[AndroidUiautomator2Driver@e47a (b74c386a)]&amp#27;[0m Matched '/element/00000000-0000-0021-ffff-ffff00000066/attribute/displayed' to command name 'getAttribute'
[debug] &amp#27;[38;5;32m[AndroidUiautomator2Driver@e47a (b74c386a)]&amp#27;[0m Proxying [GET /element/00000000-0000-0021-ffff-ffff00000066/attribute/displayed] to [GET http://127.0.0.1:8200/session/020492dc-88c2-4959-aa86-06e06cf23537/element/00000000-0000-0021-ffff-ffff00000066/attribute/displayed] with no body
[debug] &amp#27;[38;5;32m[AndroidUiautomator2Driver@e47a (b74c386a)]&amp#27;[0m Got response with status 200: {"sessionId":"020492dc-88c2-4959-aa86-06e06cf23537","value":"true"}
[debug] &amp#27;[38;5;32m[AndroidUiautomator2Driver@e47a (b74c386a)]&amp#27;[0m Responding to client with driver.elementDisplayed() result: true
&amp#27;[38;5;0m[HTTP]&amp#27;[0m &amp#27;[37m<-- GET /session/b74c386a-bd63-4a4d-b13a-d366382f07b7/element/00000000-0000-0021-ffff-ffff00000066/displayed &amp#27;[39m&amp#27;[32m200&amp#27;[39m &amp#27;[90m9 ms - 14&amp#27;[39m
&amp#27;[38;5;0m[HTTP]&amp#27;[0m &amp#27;[90m&amp#27;[39m
&amp#27;[38;5;0m[HTTP]&amp#27;[0m &amp#27;[37m-->&amp#27;[39m &amp#27;[37mPOST&amp#27;[39m &amp#27;[37m/session/b74c386a-bd63-4a4d-b13a-d366382f07b7/element&amp#27;[39m
&amp#27;[38;5;0m[HTTP]&amp#27;[0m &amp#27;[90m{"using":"xpath","value":"//android.widget.TextView[@text='Invalid username/password']"}&amp#27;[39m
[debug] &amp#27;[38;5;32m[AndroidUiautomator2Driver@e47a (b74c386a)]&amp#27;[0m Calling AppiumDriver.findElement() with args: ["xpath","//android.widget.TextView[@text='Invalid username/password']","b74c386a-bd63-4a4d-b13a-d366382f07b7"]
[debug] &amp#27;[38;5;32m[AndroidUiautomator2Driver@e47a (b74c386a)]&amp#27;[0m Valid locator strategies for this request: xpath, id, class name, accessibility id, css selector, -android uiautomator
[debug] &amp#27;[38;5;32m[AndroidUiautomator2Driver@e47a (b74c386a)]&amp#27;[0m Waiting up to 20000 ms for condition
[debug] &amp#27;[38;5;32m[AndroidUiautomator2Driver@e47a (b74c386a)]&amp#27;[0m Matched '/element' to command name 'findElement'
[debug] &amp#27;[38;5;32m[AndroidUiautomator2Driver@e47a (b74c386a)]&amp#27;[0m Proxying [POST /element] to [POST http://127.0.0.1:8200/session/020492dc-88c2-4959-aa86-06e06cf23537/element] with body: {"strategy":"xpath","selector":"//android.widget.TextView[@text='Invalid username/password']","context":"","multiple":false}
&amp#27;[38;5;32m[AndroidUiautomator2Driver@e47a (b74c386a)]&amp#27;[0m Got response with status 404: {"sessionId":"020492dc-88c2-4959-aa86-06e06cf23537","value":{"error":"no such element","message":"An element could not be located on the page using the given search parameters","stacktrace":"io.appium.uiautomator2.common.exceptions.ElementNotFoundException: An element could not be located on the page using the given search parameters\n\tat io.appium.uiautomator2.utils.ElementLocationHelpers.findElement(ElementLocationHelpers.java:156)\n\tat io.appium.uiautomator2.handler.FindElement.safeHandle(FindElement.java:60)\n\tat io.appium.uiautomator2.handler.request.SafeRequestHandler.handle(SafeRequestHandler.java:59)\n\tat io.appium.uiautomator2.server.AppiumServlet.handleRequest(AppiumServlet.java:277)\n\tat io.appium.uiautomator2.server.AppiumServlet.handleHttpRequest(AppiumServlet.java:271)\n\tat io.appium.uiautomator2.http.ServerHandler.channelRead(ServerHandler.java:68)\n\tat io.netty.channel.AbstractChannelHandlerContext.invokeChannelRead(AbstractChannelHandlerContext.java:366)\n\tat io.netty.channel.Abstr...
[debug] &amp#27;[38;5;128m[W3C]&amp#27;[0m Matched W3C error code 'no such element' to NoSuchElementError
[debug] &amp#27;[38;5;32m[AndroidUiautomator2Driver@e47a (b74c386a)]&amp#27;[0m Waited for 35 ms so far
[debug] &amp#27;[38;5;32m[AndroidUiautomator2Driver@e47a (b74c386a)]&amp#27;[0m Matched '/element' to command name 'findElement'
[debug] &amp#27;[38;5;32m[AndroidUiautomator2Driver@e47a (b74c386a)]&amp#27;[0m Proxying [POST /element] to [POST http://127.0.0.1:8200/session/020492dc-88c2-4959-aa86-06e06cf23537/element] with body: {"strategy":"xpath","selector":"//android.widget.TextView[@text='Invalid username/password']","context":"","multiple":false}
&amp#27;[38;5;32m[AndroidUiautomator2Driver@e47a (b74c386a)]&amp#27;[0m Got response with status 404: {"sessionId":"020492dc-88c2-4959-aa86-06e06cf23537","value":{"error":"no such element","message":"An element could not be located on the page using the given search parameters","stacktrace":"io.appium.uiautomator2.common.exceptions.ElementNotFoundException: An element could not be located on the page using the given search parameters\n\tat io.appium.uiautomator2.utils.ElementLocationHelpers.findElement(ElementLocationHelpers.java:156)\n\tat io.appium.uiautomator2.handler.FindElement.safeHandle(FindElement.java:60)\n\tat io.appium.uiautomator2.handler.request.SafeRequestHandler.handle(SafeRequestHandler.java:59)\n\tat io.appium.uiautomator2.server.AppiumServlet.handleRequest(AppiumServlet.java:277)\n\tat io.appium.uiautomator2.server.AppiumServlet.handleHttpRequest(AppiumServlet.java:271)\n\tat io.appium.uiautomator2.http.ServerHandler.channelRead(ServerHandler.java:68)\n\tat io.netty.channel.AbstractChannelHandlerContext.invokeChannelRead(AbstractChannelHandlerContext.java:366)\n\tat io.netty.channel.Abstr...
[debug] &amp#27;[38;5;128m[W3C]&amp#27;[0m Matched W3C error code 'no such element' to NoSuchElementError
[debug] &amp#27;[38;5;32m[AndroidUiautomator2Driver@e47a (b74c386a)]&amp#27;[0m Waited for 572 ms so far
[debug] &amp#27;[38;5;32m[AndroidUiautomator2Driver@e47a (b74c386a)]&amp#27;[0m Matched '/element' to command name 'findElement'
[debug] &amp#27;[38;5;32m[AndroidUiautomator2Driver@e47a (b74c386a)]&amp#27;[0m Proxying [POST /element] to [POST http://127.0.0.1:8200/session/020492dc-88c2-4959-aa86-06e06cf23537/element] with body: {"strategy":"xpath","selector":"//android.widget.TextView[@text='Invalid username/password']","context":"","multiple":false}
&amp#27;[38;5;32m[AndroidUiautomator2Driver@e47a (b74c386a)]&amp#27;[0m Got response with status 404: {"sessionId":"020492dc-88c2-4959-aa86-06e06cf23537","value":{"error":"no such element","message":"An element could not be located on the page using the given search parameters","stacktrace":"io.appium.uiautomator2.common.exceptions.ElementNotFoundException: An element could not be located on the page using the given search parameters\n\tat io.appium.uiautomator2.utils.ElementLocationHelpers.findElement(ElementLocationHelpers.java:156)\n\tat io.appium.uiautomator2.handler.FindElement.safeHandle(FindElement.java:60)\n\tat io.appium.uiautomator2.handler.request.SafeRequestHandler.handle(SafeRequestHandler.java:59)\n\tat io.appium.uiautomator2.server.AppiumServlet.handleRequest(AppiumServlet.java:277)\n\tat io.appium.uiautomator2.server.AppiumServlet.handleHttpRequest(AppiumServlet.java:271)\n\tat io.appium.uiautomator2.http.ServerHandler.channelRead(ServerHandler.java:68)\n\tat io.netty.channel.AbstractChannelHandlerContext.invokeChannelRead(AbstractChannelHandlerContext.java:366)\n\tat io.netty.channel.Abstr...
[debug] &amp#27;[38;5;128m[W3C]&amp#27;[0m Matched W3C error code 'no such element' to NoSuchElementError
[debug] &amp#27;[38;5;32m[AndroidUiautomator2Driver@e47a (b74c386a)]&amp#27;[0m Waited for 1122 ms so far
[debug] &amp#27;[38;5;32m[AndroidUiautomator2Driver@e47a (b74c386a)]&amp#27;[0m Matched '/element' to command name 'findElement'
[debug] &amp#27;[38;5;32m[AndroidUiautomator2Driver@e47a (b74c386a)]&amp#27;[0m Proxying [POST /element] to [POST http://127.0.0.1:8200/session/020492dc-88c2-4959-aa86-06e06cf23537/element] with body: {"strategy":"xpath","selector":"//android.widget.TextView[@text='Invalid username/password']","context":"","multiple":false}
&amp#27;[38;5;32m[AndroidUiautomator2Driver@e47a (b74c386a)]&amp#27;[0m Got response with status 404: {"sessionId":"020492dc-88c2-4959-aa86-06e06cf23537","value":{"error":"no such element","message":"An element could not be located on the page using the given search parameters","stacktrace":"io.appium.uiautomator2.common.exceptions.ElementNotFoundException: An element could not be located on the page using the given search parameters\n\tat io.appium.uiautomator2.utils.ElementLocationHelpers.findElement(ElementLocationHelpers.java:156)\n\tat io.appium.uiautomator2.handler.FindElement.safeHandle(FindElement.java:60)\n\tat io.appium.uiautomator2.handler.request.SafeRequestHandler.handle(SafeRequestHandler.java:59)\n\tat io.appium.uiautomator2.server.AppiumServlet.handleRequest(AppiumServlet.java:277)\n\tat io.appium.uiautomator2.server.AppiumServlet.handleHttpRequest(AppiumServlet.java:271)\n\tat io.appium.uiautomator2.http.ServerHandler.channelRead(ServerHandler.java:68)\n\tat io.netty.channel.AbstractChannelHandlerContext.invokeChannelRead(AbstractChannelHandlerContext.java:366)\n\tat io.netty.channel.Abstr...
[debug] &amp#27;[38;5;128m[W3C]&amp#27;[0m Matched W3C error code 'no such element' to NoSuchElementError
[debug] &amp#27;[38;5;32m[AndroidUiautomator2Driver@e47a (b74c386a)]&amp#27;[0m Waited for 1679 ms so far
[debug] &amp#27;[38;5;32m[AndroidUiautomator2Driver@e47a (b74c386a)]&amp#27;[0m Matched '/element' to command name 'findElement'
[debug] &amp#27;[38;5;32m[AndroidUiautomator2Driver@e47a (b74c386a)]&amp#27;[0m Proxying [POST /element] to [POST http://127.0.0.1:8200/session/020492dc-88c2-4959-aa86-06e06cf23537/element] with body: {"strategy":"xpath","selector":"//android.widget.TextView[@text='Invalid username/password']","context":"","multiple":false}
&amp#27;[38;5;32m[AndroidUiautomator2Driver@e47a (b74c386a)]&amp#27;[0m Got response with status 404: {"sessionId":"020492dc-88c2-4959-aa86-06e06cf23537","value":{"error":"no such element","message":"An element could not be located on the page using the given search parameters","stacktrace":"io.appium.uiautomator2.common.exceptions.ElementNotFoundException: An element could not be located on the page using the given search parameters\n\tat io.appium.uiautomator2.utils.ElementLocationHelpers.findElement(ElementLocationHelpers.java:156)\n\tat io.appium.uiautomator2.handler.FindElement.safeHandle(FindElement.java:60)\n\tat io.appium.uiautomator2.handler.request.SafeRequestHandler.handle(SafeRequestHandler.java:59)\n\tat io.appium.uiautomator2.server.AppiumServlet.handleRequest(AppiumServlet.java:277)\n\tat io.appium.uiautomator2.server.AppiumServlet.handleHttpRequest(AppiumServlet.java:271)\n\tat io.appium.uiautomator2.http.ServerHandler.channelRead(ServerHandler.java:68)\n\tat io.netty.channel.AbstractChannelHandlerContext.invokeChannelRead(AbstractChannelHandlerContext.java:366)\n\tat io.netty.channel.Abstr...
[debug] &amp#27;[38;5;128m[W3C]&amp#27;[0m Matched W3C error code 'no such element' to NoSuchElementError
[debug] &amp#27;[38;5;32m[AndroidUiautomator2Driver@e47a (b74c386a)]&amp#27;[0m Waited for 2224 ms so far
[debug] &amp#27;[38;5;32m[AndroidUiautomator2Driver@e47a (b74c386a)]&amp#27;[0m Matched '/element' to command name 'findElement'
[debug] &amp#27;[38;5;32m[AndroidUiautomator2Driver@e47a (b74c386a)]&amp#27;[0m Proxying [POST /element] to [POST http://127.0.0.1:8200/session/020492dc-88c2-4959-aa86-06e06cf23537/element] with body: {"strategy":"xpath","selector":"//android.widget.TextView[@text='Invalid username/password']","context":"","multiple":false}
&amp#27;[38;5;32m[AndroidUiautomator2Driver@e47a (b74c386a)]&amp#27;[0m Got response with status 404: {"sessionId":"020492dc-88c2-4959-aa86-06e06cf23537","value":{"error":"no such element","message":"An element could not be located on the page using the given search parameters","stacktrace":"io.appium.uiautomator2.common.exceptions.ElementNotFoundException: An element could not be located on the page using the given search parameters\n\tat io.appium.uiautomator2.utils.ElementLocationHelpers.findElement(ElementLocationHelpers.java:156)\n\tat io.appium.uiautomator2.handler.FindElement.safeHandle(FindElement.java:60)\n\tat io.appium.uiautomator2.handler.request.SafeRequestHandler.handle(SafeRequestHandler.java:59)\n\tat io.appium.uiautomator2.server.AppiumServlet.handleRequest(AppiumServlet.java:277)\n\tat io.appium.uiautomator2.server.AppiumServlet.handleHttpRequest(AppiumServlet.java:271)\n\tat io.appium.uiautomator2.http.ServerHandler.channelRead(ServerHandler.java:68)\n\tat io.netty.channel.AbstractChannelHandlerContext.invokeChannelRead(AbstractChannelHandlerContext.java:366)\n\tat io.netty.channel.Abstr...
[debug] &amp#27;[38;5;128m[W3C]&amp#27;[0m Matched W3C error code 'no such element' to NoSuchElementError
[debug] &amp#27;[38;5;32m[AndroidUiautomator2Driver@e47a (b74c386a)]&amp#27;[0m Waited for 2766 ms so far
[debug] &amp#27;[38;5;32m[AndroidUiautomator2Driver@e47a (b74c386a)]&amp#27;[0m Matched '/element' to command name 'findElement'
[debug] &amp#27;[38;5;32m[AndroidUiautomator2Driver@e47a (b74c386a)]&amp#27;[0m Proxying [POST /element] to [POST http://127.0.0.1:8200/session/020492dc-88c2-4959-aa86-06e06cf23537/element] with body: {"strategy":"xpath","selector":"//android.widget.TextView[@text='Invalid username/password']","context":"","multiple":false}
&amp#27;[38;5;32m[AndroidUiautomator2Driver@e47a (b74c386a)]&amp#27;[0m Got response with status 404: {"sessionId":"020492dc-88c2-4959-aa86-06e06cf23537","value":{"error":"no such element","message":"An element could not be located on the page using the given search parameters","stacktrace":"io.appium.uiautomator2.common.exceptions.ElementNotFoundException: An element could not be located on the page using the given search parameters\n\tat io.appium.uiautomator2.utils.ElementLocationHelpers.findElement(ElementLocationHelpers.java:156)\n\tat io.appium.uiautomator2.handler.FindElement.safeHandle(FindElement.java:60)\n\tat io.appium.uiautomator2.handler.request.SafeRequestHandler.handle(SafeRequestHandler.java:59)\n\tat io.appium.uiautomator2.server.AppiumServlet.handleRequest(AppiumServlet.java:277)\n\tat io.appium.uiautomator2.server.AppiumServlet.handleHttpRequest(AppiumServlet.java:271)\n\tat io.appium.uiautomator2.http.ServerHandler.channelRead(ServerHandler.java:68)\n\tat io.netty.channel.AbstractChannelHandlerContext.invokeChannelRead(AbstractChannelHandlerContext.java:366)\n\tat io.netty.channel.Abstr...
[debug] &amp#27;[38;5;128m[W3C]&amp#27;[0m Matched W3C error code 'no such element' to NoSuchElementError
[debug] &amp#27;[38;5;32m[AndroidUiautomator2Driver@e47a (b74c386a)]&amp#27;[0m Waited for 3296 ms so far
[debug] &amp#27;[38;5;32m[AndroidUiautomator2Driver@e47a (b74c386a)]&amp#27;[0m Matched '/element' to command name 'findElement'
[debug] &amp#27;[38;5;32m[AndroidUiautomator2Driver@e47a (b74c386a)]&amp#27;[0m Proxying [POST /element] to [POST http://127.0.0.1:8200/session/020492dc-88c2-4959-aa86-06e06cf23537/element] with body: {"strategy":"xpath","selector":"//android.widget.TextView[@text='Invalid username/password']","context":"","multiple":false}
&amp#27;[38;5;32m[AndroidUiautomator2Driver@e47a (b74c386a)]&amp#27;[0m Got response with status 404: {"sessionId":"020492dc-88c2-4959-aa86-06e06cf23537","value":{"error":"no such element","message":"An element could not be located on the page using the given search parameters","stacktrace":"io.appium.uiautomator2.common.exceptions.ElementNotFoundException: An element could not be located on the page using the given search parameters\n\tat io.appium.uiautomator2.utils.ElementLocationHelpers.findElement(ElementLocationHelpers.java:156)\n\tat io.appium.uiautomator2.handler.FindElement.safeHandle(FindElement.java:60)\n\tat io.appium.uiautomator2.handler.request.SafeRequestHandler.handle(SafeRequestHandler.java:59)\n\tat io.appium.uiautomator2.server.AppiumServlet.handleRequest(AppiumServlet.java:277)\n\tat io.appium.uiautomator2.server.AppiumServlet.handleHttpRequest(AppiumServlet.java:271)\n\tat io.appium.uiautomator2.http.ServerHandler.channelRead(ServerHandler.java:68)\n\tat io.netty.channel.AbstractChannelHandlerContext.invokeChannelRead(AbstractChannelHandlerContext.java:366)\n\tat io.netty.channel.Abstr...
[debug] &amp#27;[38;5;128m[W3C]&amp#27;[0m Matched W3C error code 'no such element' to NoSuchElementError
[debug] &amp#27;[38;5;32m[AndroidUiautomator2Driver@e47a (b74c386a)]&amp#27;[0m Waited for 3830 ms so far
[debug] &amp#27;[38;5;32m[AndroidUiautomator2Driver@e47a (b74c386a)]&amp#27;[0m Matched '/element' to command name 'findElement'
[debug] &amp#27;[38;5;32m[AndroidUiautomator2Driver@e47a (b74c386a)]&amp#27;[0m Proxying [POST /element] to [POST http://127.0.0.1:8200/session/020492dc-88c2-4959-aa86-06e06cf23537/element] with body: {"strategy":"xpath","selector":"//android.widget.TextView[@text='Invalid username/password']","context":"","multiple":false}
&amp#27;[38;5;32m[AndroidUiautomator2Driver@e47a (b74c386a)]&amp#27;[0m Got response with status 404: {"sessionId":"020492dc-88c2-4959-aa86-06e06cf23537","value":{"error":"no such element","message":"An element could not be located on the page using the given search parameters","stacktrace":"io.appium.uiautomator2.common.exceptions.ElementNotFoundException: An element could not be located on the page using the given search parameters\n\tat io.appium.uiautomator2.utils.ElementLocationHelpers.findElement(ElementLocationHelpers.java:156)\n\tat io.appium.uiautomator2.handler.FindElement.safeHandle(FindElement.java:60)\n\tat io.appium.uiautomator2.handler.request.SafeRequestHandler.handle(SafeRequestHandler.java:59)\n\tat io.appium.uiautomator2.server.AppiumServlet.handleRequest(AppiumServlet.java:277)\n\tat io.appium.uiautomator2.server.AppiumServlet.handleHttpRequest(AppiumServlet.java:271)\n\tat io.appium.uiautomator2.http.ServerHandler.channelRead(ServerHandler.java:68)\n\tat io.netty.channel.AbstractChannelHandlerContext.invokeChannelRead(AbstractChannelHandlerContext.java:366)\n\tat io.netty.channel.Abstr...
[debug] &amp#27;[38;5;128m[W3C]&amp#27;[0m Matched W3C error code 'no such element' to NoSuchElementError
[debug] &amp#27;[38;5;32m[AndroidUiautomator2Driver@e47a (b74c386a)]&amp#27;[0m Waited for 4377 ms so far
[debug] &amp#27;[38;5;32m[AndroidUiautomator2Driver@e47a (b74c386a)]&amp#27;[0m Matched '/element' to command name 'findElement'
[debug] &amp#27;[38;5;32m[AndroidUiautomator2Driver@e47a (b74c386a)]&amp#27;[0m Proxying [POST /element] to [POST http://127.0.0.1:8200/session/020492dc-88c2-4959-aa86-06e06cf23537/element] with body: {"strategy":"xpath","selector":"//android.widget.TextView[@text='Invalid username/password']","context":"","multiple":false}
&amp#27;[38;5;32m[AndroidUiautomator2Driver@e47a (b74c386a)]&amp#27;[0m Got response with status 404: {"sessionId":"020492dc-88c2-4959-aa86-06e06cf23537","value":{"error":"no such element","message":"An element could not be located on the page using the given search parameters","stacktrace":"io.appium.uiautomator2.common.exceptions.ElementNotFoundException: An element could not be located on the page using the given search parameters\n\tat io.appium.uiautomator2.utils.ElementLocationHelpers.findElement(ElementLocationHelpers.java:156)\n\tat io.appium.uiautomator2.handler.FindElement.safeHandle(FindElement.java:60)\n\tat io.appium.uiautomator2.handler.request.SafeRequestHandler.handle(SafeRequestHandler.java:59)\n\tat io.appium.uiautomator2.server.AppiumServlet.handleRequest(AppiumServlet.java:277)\n\tat io.appium.uiautomator2.server.AppiumServlet.handleHttpRequest(AppiumServlet.java:271)\n\tat io.appium.uiautomator2.http.ServerHandler.channelRead(ServerHandler.java:68)\n\tat io.netty.channel.AbstractChannelHandlerContext.invokeChannelRead(AbstractChannelHandlerContext.java:366)\n\tat io.netty.channel.Abstr...
[debug] &amp#27;[38;5;128m[W3C]&amp#27;[0m Matched W3C error code 'no such element' to NoSuchElementError
[debug] &amp#27;[38;5;32m[AndroidUiautomator2Driver@e47a (b74c386a)]&amp#27;[0m Waited for 4914 ms so far
[debug] &amp#27;[38;5;32m[AndroidUiautomator2Driver@e47a (b74c386a)]&amp#27;[0m Matched '/element' to command name 'findElement'
[debug] &amp#27;[38;5;32m[AndroidUiautomator2Driver@e47a (b74c386a)]&amp#27;[0m Proxying [POST /element] to [POST http://127.0.0.1:8200/session/020492dc-88c2-4959-aa86-06e06cf23537/element] with body: {"strategy":"xpath","selector":"//android.widget.TextView[@text='Invalid username/password']","context":"","multiple":false}
&amp#27;[38;5;32m[AndroidUiautomator2Driver@e47a (b74c386a)]&amp#27;[0m Got response with status 404: {"sessionId":"020492dc-88c2-4959-aa86-06e06cf23537","value":{"error":"no such element","message":"An element could not be located on the page using the given search parameters","stacktrace":"io.appium.uiautomator2.common.exceptions.ElementNotFoundException: An element could not be located on the page using the given search parameters\n\tat io.appium.uiautomator2.utils.ElementLocationHelpers.findElement(ElementLocationHelpers.java:156)\n\tat io.appium.uiautomator2.handler.FindElement.safeHandle(FindElement.java:60)\n\tat io.appium.uiautomator2.handler.request.SafeRequestHandler.handle(SafeRequestHandler.java:59)\n\tat io.appium.uiautomator2.server.AppiumServlet.handleRequest(AppiumServlet.java:277)\n\tat io.appium.uiautomator2.server.AppiumServlet.handleHttpRequest(AppiumServlet.java:271)\n\tat io.appium.uiautomator2.http.ServerHandler.channelRead(ServerHandler.java:68)\n\tat io.netty.channel.AbstractChannelHandlerContext.invokeChannelRead(AbstractChannelHandlerContext.java:366)\n\tat io.netty.channel.Abstr...
[debug] &amp#27;[38;5;128m[W3C]&amp#27;[0m Matched W3C error code 'no such element' to NoSuchElementError
[debug] &amp#27;[38;5;32m[AndroidUiautomator2Driver@e47a (b74c386a)]&amp#27;[0m Waited for 5455 ms so far
[debug] &amp#27;[38;5;32m[AndroidUiautomator2Driver@e47a (b74c386a)]&amp#27;[0m Matched '/element' to command name 'findElement'
[debug] &amp#27;[38;5;32m[AndroidUiautomator2Driver@e47a (b74c386a)]&amp#27;[0m Proxying [POST /element] to [POST http://127.0.0.1:8200/session/020492dc-88c2-4959-aa86-06e06cf23537/element] with body: {"strategy":"xpath","selector":"//android.widget.TextView[@text='Invalid username/password']","context":"","multiple":false}
&amp#27;[38;5;32m[AndroidUiautomator2Driver@e47a (b74c386a)]&amp#27;[0m Got response with status 404: {"sessionId":"020492dc-88c2-4959-aa86-06e06cf23537","value":{"error":"no such element","message":"An element could not be located on the page using the given search parameters","stacktrace":"io.appium.uiautomator2.common.exceptions.ElementNotFoundException: An element could not be located on the page using the given search parameters\n\tat io.appium.uiautomator2.utils.ElementLocationHelpers.findElement(ElementLocationHelpers.java:156)\n\tat io.appium.uiautomator2.handler.FindElement.safeHandle(FindElement.java:60)\n\tat io.appium.uiautomator2.handler.request.SafeRequestHandler.handle(SafeRequestHandler.java:59)\n\tat io.appium.uiautomator2.server.AppiumServlet.handleRequest(AppiumServlet.java:277)\n\tat io.appium.uiautomator2.server.AppiumServlet.handleHttpRequest(AppiumServlet.java:271)\n\tat io.appium.uiautomator2.http.ServerHandler.channelRead(ServerHandler.java:68)\n\tat io.netty.channel.AbstractChannelHandlerContext.invokeChannelRead(AbstractChannelHandlerContext.java:366)\n\tat io.netty.channel.Abstr...
[debug] &amp#27;[38;5;128m[W3C]&amp#27;[0m Matched W3C error code 'no such element' to NoSuchElementError
[debug] &amp#27;[38;5;32m[AndroidUiautomator2Driver@e47a (b74c386a)]&amp#27;[0m Waited for 5998 ms so far
[debug] &amp#27;[38;5;32m[AndroidUiautomator2Driver@e47a (b74c386a)]&amp#27;[0m Matched '/element' to command name 'findElement'
[debug] &amp#27;[38;5;32m[AndroidUiautomator2Driver@e47a (b74c386a)]&amp#27;[0m Proxying [POST /element] to [POST http://127.0.0.1:8200/session/020492dc-88c2-4959-aa86-06e06cf23537/element] with body: {"strategy":"xpath","selector":"//android.widget.TextView[@text='Invalid username/password']","context":"","multiple":false}
&amp#27;[38;5;32m[AndroidUiautomator2Driver@e47a (b74c386a)]&amp#27;[0m Got response with status 404: {"sessionId":"020492dc-88c2-4959-aa86-06e06cf23537","value":{"error":"no such element","message":"An element could not be located on the page using the given search parameters","stacktrace":"io.appium.uiautomator2.common.exceptions.ElementNotFoundException: An element could not be located on the page using the given search parameters\n\tat io.appium.uiautomator2.utils.ElementLocationHelpers.findElement(ElementLocationHelpers.java:156)\n\tat io.appium.uiautomator2.handler.FindElement.safeHandle(FindElement.java:60)\n\tat io.appium.uiautomator2.handler.request.SafeRequestHandler.handle(SafeRequestHandler.java:59)\n\tat io.appium.uiautomator2.server.AppiumServlet.handleRequest(AppiumServlet.java:277)\n\tat io.appium.uiautomator2.server.AppiumServlet.handleHttpRequest(AppiumServlet.java:271)\n\tat io.appium.uiautomator2.http.ServerHandler.channelRead(ServerHandler.java:68)\n\tat io.netty.channel.AbstractChannelHandlerContext.invokeChannelRead(AbstractChannelHandlerContext.java:366)\n\tat io.netty.channel.Abstr...
[debug] &amp#27;[38;5;128m[W3C]&amp#27;[0m Matched W3C error code 'no such element' to NoSuchElementError
[debug] &amp#27;[38;5;32m[AndroidUiautomator2Driver@e47a (b74c386a)]&amp#27;[0m Waited for 6533 ms so far
[debug] &amp#27;[38;5;32m[AndroidUiautomator2Driver@e47a (b74c386a)]&amp#27;[0m Matched '/element' to command name 'findElement'
[debug] &amp#27;[38;5;32m[AndroidUiautomator2Driver@e47a (b74c386a)]&amp#27;[0m Proxying [POST /element] to [POST http://127.0.0.1:8200/session/020492dc-88c2-4959-aa86-06e06cf23537/element] with body: {"strategy":"xpath","selector":"//android.widget.TextView[@text='Invalid username/password']","context":"","multiple":false}
&amp#27;[38;5;32m[AndroidUiautomator2Driver@e47a (b74c386a)]&amp#27;[0m Got response with status 404: {"sessionId":"020492dc-88c2-4959-aa86-06e06cf23537","value":{"error":"no such element","message":"An element could not be located on the page using the given search parameters","stacktrace":"io.appium.uiautomator2.common.exceptions.ElementNotFoundException: An element could not be located on the page using the given search parameters\n\tat io.appium.uiautomator2.utils.ElementLocationHelpers.findElement(ElementLocationHelpers.java:156)\n\tat io.appium.uiautomator2.handler.FindElement.safeHandle(FindElement.java:60)\n\tat io.appium.uiautomator2.handler.request.SafeRequestHandler.handle(SafeRequestHandler.java:59)\n\tat io.appium.uiautomator2.server.AppiumServlet.handleRequest(AppiumServlet.java:277)\n\tat io.appium.uiautomator2.server.AppiumServlet.handleHttpRequest(AppiumServlet.java:271)\n\tat io.appium.uiautomator2.http.ServerHandler.channelRead(ServerHandler.java:68)\n\tat io.netty.channel.AbstractChannelHandlerContext.invokeChannelRead(AbstractChannelHandlerContext.java:366)\n\tat io.netty.channel.Abstr...
[debug] &amp#27;[38;5;128m[W3C]&amp#27;[0m Matched W3C error code 'no such element' to NoSuchElementError
[debug] &amp#27;[38;5;32m[AndroidUiautomator2Driver@e47a (b74c386a)]&amp#27;[0m Waited for 7064 ms so far
[debug] &amp#27;[38;5;32m[AndroidUiautomator2Driver@e47a (b74c386a)]&amp#27;[0m Matched '/element' to command name 'findElement'
[debug] &amp#27;[38;5;32m[AndroidUiautomator2Driver@e47a (b74c386a)]&amp#27;[0m Proxying [POST /element] to [POST http://127.0.0.1:8200/session/020492dc-88c2-4959-aa86-06e06cf23537/element] with body: {"strategy":"xpath","selector":"//android.widget.TextView[@text='Invalid username/password']","context":"","multiple":false}
&amp#27;[38;5;32m[AndroidUiautomator2Driver@e47a (b74c386a)]&amp#27;[0m Got response with status 404: {"sessionId":"020492dc-88c2-4959-aa86-06e06cf23537","value":{"error":"no such element","message":"An element could not be located on the page using the given search parameters","stacktrace":"io.appium.uiautomator2.common.exceptions.ElementNotFoundException: An element could not be located on the page using the given search parameters\n\tat io.appium.uiautomator2.utils.ElementLocationHelpers.findElement(ElementLocationHelpers.java:156)\n\tat io.appium.uiautomator2.handler.FindElement.safeHandle(FindElement.java:60)\n\tat io.appium.uiautomator2.handler.request.SafeRequestHandler.handle(SafeRequestHandler.java:59)\n\tat io.appium.uiautomator2.server.AppiumServlet.handleRequest(AppiumServlet.java:277)\n\tat io.appium.uiautomator2.server.AppiumServlet.handleHttpRequest(AppiumServlet.java:271)\n\tat io.appium.uiautomator2.http.ServerHandler.channelRead(ServerHandler.java:68)\n\tat io.netty.channel.AbstractChannelHandlerContext.invokeChannelRead(AbstractChannelHandlerContext.java:366)\n\tat io.netty.channel.Abstr...
[debug] &amp#27;[38;5;128m[W3C]&amp#27;[0m Matched W3C error code 'no such element' to NoSuchElementError
[debug] &amp#27;[38;5;32m[AndroidUiautomator2Driver@e47a (b74c386a)]&amp#27;[0m Waited for 7609 ms so far
[debug] &amp#27;[38;5;32m[AndroidUiautomator2Driver@e47a (b74c386a)]&amp#27;[0m Matched '/element' to command name 'findElement'
[debug] &amp#27;[38;5;32m[AndroidUiautomator2Driver@e47a (b74c386a)]&amp#27;[0m Proxying [POST /element] to [POST http://127.0.0.1:8200/session/020492dc-88c2-4959-aa86-06e06cf23537/element] with body: {"strategy":"xpath","selector":"//android.widget.TextView[@text='Invalid username/password']","context":"","multiple":false}
&amp#27;[38;5;32m[AndroidUiautomator2Driver@e47a (b74c386a)]&amp#27;[0m Got response with status 404: {"sessionId":"020492dc-88c2-4959-aa86-06e06cf23537","value":{"error":"no such element","message":"An element could not be located on the page using the given search parameters","stacktrace":"io.appium.uiautomator2.common.exceptions.ElementNotFoundException: An element could not be located on the page using the given search parameters\n\tat io.appium.uiautomator2.utils.ElementLocationHelpers.findElement(ElementLocationHelpers.java:156)\n\tat io.appium.uiautomator2.handler.FindElement.safeHandle(FindElement.java:60)\n\tat io.appium.uiautomator2.handler.request.SafeRequestHandler.handle(SafeRequestHandler.java:59)\n\tat io.appium.uiautomator2.server.AppiumServlet.handleRequest(AppiumServlet.java:277)\n\tat io.appium.uiautomator2.server.AppiumServlet.handleHttpRequest(AppiumServlet.java:271)\n\tat io.appium.uiautomator2.http.ServerHandler.channelRead(ServerHandler.java:68)\n\tat io.netty.channel.AbstractChannelHandlerContext.invokeChannelRead(AbstractChannelHandlerContext.java:366)\n\tat io.netty.channel.Abstr...
[debug] &amp#27;[38;5;128m[W3C]&amp#27;[0m Matched W3C error code 'no such element' to NoSuchElementError
[debug] &amp#27;[38;5;32m[AndroidUiautomator2Driver@e47a (b74c386a)]&amp#27;[0m Waited for 8153 ms so far
[debug] &amp#27;[38;5;32m[AndroidUiautomator2Driver@e47a (b74c386a)]&amp#27;[0m Matched '/element' to command name 'findElement'
[debug] &amp#27;[38;5;32m[AndroidUiautomator2Driver@e47a (b74c386a)]&amp#27;[0m Proxying [POST /element] to [POST http://127.0.0.1:8200/session/020492dc-88c2-4959-aa86-06e06cf23537/element] with body: {"strategy":"xpath","selector":"//android.widget.TextView[@text='Invalid username/password']","context":"","multiple":false}
&amp#27;[38;5;32m[AndroidUiautomator2Driver@e47a (b74c386a)]&amp#27;[0m Got response with status 404: {"sessionId":"020492dc-88c2-4959-aa86-06e06cf23537","value":{"error":"no such element","message":"An element could not be located on the page using the given search parameters","stacktrace":"io.appium.uiautomator2.common.exceptions.ElementNotFoundException: An element could not be located on the page using the given search parameters\n\tat io.appium.uiautomator2.utils.ElementLocationHelpers.findElement(ElementLocationHelpers.java:156)\n\tat io.appium.uiautomator2.handler.FindElement.safeHandle(FindElement.java:60)\n\tat io.appium.uiautomator2.handler.request.SafeRequestHandler.handle(SafeRequestHandler.java:59)\n\tat io.appium.uiautomator2.server.AppiumServlet.handleRequest(AppiumServlet.java:277)\n\tat io.appium.uiautomator2.server.AppiumServlet.handleHttpRequest(AppiumServlet.java:271)\n\tat io.appium.uiautomator2.http.ServerHandler.channelRead(ServerHandler.java:68)\n\tat io.netty.channel.AbstractChannelHandlerContext.invokeChannelRead(AbstractChannelHandlerContext.java:366)\n\tat io.netty.channel.Abstr...
[debug] &amp#27;[38;5;128m[W3C]&amp#27;[0m Matched W3C error code 'no such element' to NoSuchElementError
[debug] &amp#27;[38;5;32m[AndroidUiautomator2Driver@e47a (b74c386a)]&amp#27;[0m Waited for 8695 ms so far
[debug] &amp#27;[38;5;32m[AndroidUiautomator2Driver@e47a (b74c386a)]&amp#27;[0m Matched '/element' to command name 'findElement'
[debug] &amp#27;[38;5;32m[AndroidUiautomator2Driver@e47a (b74c386a)]&amp#27;[0m Proxying [POST /element] to [POST http://127.0.0.1:8200/session/020492dc-88c2-4959-aa86-06e06cf23537/element] with body: {"strategy":"xpath","selector":"//android.widget.TextView[@text='Invalid username/password']","context":"","multiple":false}
&amp#27;[38;5;32m[AndroidUiautomator2Driver@e47a (b74c386a)]&amp#27;[0m Got response with status 404: {"sessionId":"020492dc-88c2-4959-aa86-06e06cf23537","value":{"error":"no such element","message":"An element could not be located on the page using the given search parameters","stacktrace":"io.appium.uiautomator2.common.exceptions.ElementNotFoundException: An element could not be located on the page using the given search parameters\n\tat io.appium.uiautomator2.utils.ElementLocationHelpers.findElement(ElementLocationHelpers.java:156)\n\tat io.appium.uiautomator2.handler.FindElement.safeHandle(FindElement.java:60)\n\tat io.appium.uiautomator2.handler.request.SafeRequestHandler.handle(SafeRequestHandler.java:59)\n\tat io.appium.uiautomator2.server.AppiumServlet.handleRequest(AppiumServlet.java:277)\n\tat io.appium.uiautomator2.server.AppiumServlet.handleHttpRequest(AppiumServlet.java:271)\n\tat io.appium.uiautomator2.http.ServerHandler.channelRead(ServerHandler.java:68)\n\tat io.netty.channel.AbstractChannelHandlerContext.invokeChannelRead(AbstractChannelHandlerContext.java:366)\n\tat io.netty.channel.Abstr...
[debug] &amp#27;[38;5;128m[W3C]&amp#27;[0m Matched W3C error code 'no such element' to NoSuchElementError
[debug] &amp#27;[38;5;32m[AndroidUiautomator2Driver@e47a (b74c386a)]&amp#27;[0m Waited for 9221 ms so far
[debug] &amp#27;[38;5;32m[AndroidUiautomator2Driver@e47a (b74c386a)]&amp#27;[0m Matched '/element' to command name 'findElement'
[debug] &amp#27;[38;5;32m[AndroidUiautomator2Driver@e47a (b74c386a)]&amp#27;[0m Proxying [POST /element] to [POST http://127.0.0.1:8200/session/020492dc-88c2-4959-aa86-06e06cf23537/element] with body: {"strategy":"xpath","selector":"//android.widget.TextView[@text='Invalid username/password']","context":"","multiple":false}
&amp#27;[38;5;32m[AndroidUiautomator2Driver@e47a (b74c386a)]&amp#27;[0m Got response with status 404: {"sessionId":"020492dc-88c2-4959-aa86-06e06cf23537","value":{"error":"no such element","message":"An element could not be located on the page using the given search parameters","stacktrace":"io.appium.uiautomator2.common.exceptions.ElementNotFoundException: An element could not be located on the page using the given search parameters\n\tat io.appium.uiautomator2.utils.ElementLocationHelpers.findElement(ElementLocationHelpers.java:156)\n\tat io.appium.uiautomator2.handler.FindElement.safeHandle(FindElement.java:60)\n\tat io.appium.uiautomator2.handler.request.SafeRequestHandler.handle(SafeRequestHandler.java:59)\n\tat io.appium.uiautomator2.server.AppiumServlet.handleRequest(AppiumServlet.java:277)\n\tat io.appium.uiautomator2.server.AppiumServlet.handleHttpRequest(AppiumServlet.java:271)\n\tat io.appium.uiautomator2.http.ServerHandler.channelRead(ServerHandler.java:68)\n\tat io.netty.channel.AbstractChannelHandlerContext.invokeChannelRead(AbstractChannelHandlerContext.java:366)\n\tat io.netty.channel.Abstr...
[debug] &amp#27;[38;5;128m[W3C]&amp#27;[0m Matched W3C error code 'no such element' to NoSuchElementError
[debug] &amp#27;[38;5;32m[AndroidUiautomator2Driver@e47a (b74c386a)]&amp#27;[0m Waited for 9747 ms so far
[debug] &amp#27;[38;5;32m[AndroidUiautomator2Driver@e47a (b74c386a)]&amp#27;[0m Matched '/element' to command name 'findElement'
[debug] &amp#27;[38;5;32m[AndroidUiautomator2Driver@e47a (b74c386a)]&amp#27;[0m Proxying [POST /element] to [POST http://127.0.0.1:8200/session/020492dc-88c2-4959-aa86-06e06cf23537/element] with body: {"strategy":"xpath","selector":"//android.widget.TextView[@text='Invalid username/password']","context":"","multiple":false}
&amp#27;[38;5;32m[AndroidUiautomator2Driver@e47a (b74c386a)]&amp#27;[0m Got response with status 404: {"sessionId":"020492dc-88c2-4959-aa86-06e06cf23537","value":{"error":"no such element","message":"An element could not be located on the page using the given search parameters","stacktrace":"io.appium.uiautomator2.common.exceptions.ElementNotFoundException: An element could not be located on the page using the given search parameters\n\tat io.appium.uiautomator2.utils.ElementLocationHelpers.findElement(ElementLocationHelpers.java:156)\n\tat io.appium.uiautomator2.handler.FindElement.safeHandle(FindElement.java:60)\n\tat io.appium.uiautomator2.handler.request.SafeRequestHandler.handle(SafeRequestHandler.java:59)\n\tat io.appium.uiautomator2.server.AppiumServlet.handleRequest(AppiumServlet.java:277)\n\tat io.appium.uiautomator2.server.AppiumServlet.handleHttpRequest(AppiumServlet.java:271)\n\tat io.appium.uiautomator2.http.ServerHandler.channelRead(ServerHandler.java:68)\n\tat io.netty.channel.AbstractChannelHandlerContext.invokeChannelRead(AbstractChannelHandlerContext.java:366)\n\tat io.netty.channel.Abstr...
[debug] &amp#27;[38;5;128m[W3C]&amp#27;[0m Matched W3C error code 'no such element' to NoSuchElementError
[debug] &amp#27;[38;5;32m[AndroidUiautomator2Driver@e47a (b74c386a)]&amp#27;[0m Waited for 10299 ms so far
[debug] &amp#27;[38;5;32m[AndroidUiautomator2Driver@e47a (b74c386a)]&amp#27;[0m Matched '/element' to command name 'findElement'
[debug] &amp#27;[38;5;32m[AndroidUiautomator2Driver@e47a (b74c386a)]&amp#27;[0m Proxying [POST /element] to [POST http://127.0.0.1:8200/session/020492dc-88c2-4959-aa86-06e06cf23537/element] with body: {"strategy":"xpath","selector":"//android.widget.TextView[@text='Invalid username/password']","context":"","multiple":false}
&amp#27;[38;5;32m[AndroidUiautomator2Driver@e47a (b74c386a)]&amp#27;[0m Got response with status 404: {"sessionId":"020492dc-88c2-4959-aa86-06e06cf23537","value":{"error":"no such element","message":"An element could not be located on the page using the given search parameters","stacktrace":"io.appium.uiautomator2.common.exceptions.ElementNotFoundException: An element could not be located on the page using the given search parameters\n\tat io.appium.uiautomator2.utils.ElementLocationHelpers.findElement(ElementLocationHelpers.java:156)\n\tat io.appium.uiautomator2.handler.FindElement.safeHandle(FindElement.java:60)\n\tat io.appium.uiautomator2.handler.request.SafeRequestHandler.handle(SafeRequestHandler.java:59)\n\tat io.appium.uiautomator2.server.AppiumServlet.handleRequest(AppiumServlet.java:277)\n\tat io.appium.uiautomator2.server.AppiumServlet.handleHttpRequest(AppiumServlet.java:271)\n\tat io.appium.uiautomator2.http.ServerHandler.channelRead(ServerHandler.java:68)\n\tat io.netty.channel.AbstractChannelHandlerContext.invokeChannelRead(AbstractChannelHandlerContext.java:366)\n\tat io.netty.channel.Abstr...
[debug] &amp#27;[38;5;128m[W3C]&amp#27;[0m Matched W3C error code 'no such element' to NoSuchElementError
[debug] &amp#27;[38;5;32m[AndroidUiautomator2Driver@e47a (b74c386a)]&amp#27;[0m Waited for 11023 ms so far
[debug] &amp#27;[38;5;32m[AndroidUiautomator2Driver@e47a (b74c386a)]&amp#27;[0m Matched '/element' to command name 'findElement'
[debug] &amp#27;[38;5;32m[AndroidUiautomator2Driver@e47a (b74c386a)]&amp#27;[0m Proxying [POST /element] to [POST http://127.0.0.1:8200/session/020492dc-88c2-4959-aa86-06e06cf23537/element] with body: {"strategy":"xpath","selector":"//android.widget.TextView[@text='Invalid username/password']","context":"","multiple":false}
&amp#27;[38;5;32m[AndroidUiautomator2Driver@e47a (b74c386a)]&amp#27;[0m Got response with status 404: {"sessionId":"020492dc-88c2-4959-aa86-06e06cf23537","value":{"error":"no such element","message":"An element could not be located on the page using the given search parameters","stacktrace":"io.appium.uiautomator2.common.exceptions.ElementNotFoundException: An element could not be located on the page using the given search parameters\n\tat io.appium.uiautomator2.utils.ElementLocationHelpers.findElement(ElementLocationHelpers.java:156)\n\tat io.appium.uiautomator2.handler.FindElement.safeHandle(FindElement.java:60)\n\tat io.appium.uiautomator2.handler.request.SafeRequestHandler.handle(SafeRequestHandler.java:59)\n\tat io.appium.uiautomator2.server.AppiumServlet.handleRequest(AppiumServlet.java:277)\n\tat io.appium.uiautomator2.server.AppiumServlet.handleHttpRequest(AppiumServlet.java:271)\n\tat io.appium.uiautomator2.http.ServerHandler.channelRead(ServerHandler.java:68)\n\tat io.netty.channel.AbstractChannelHandlerContext.invokeChannelRead(AbstractChannelHandlerContext.java:366)\n\tat io.netty.channel.Abstr...
[debug] &amp#27;[38;5;128m[W3C]&amp#27;[0m Matched W3C error code 'no such element' to NoSuchElementError
[debug] &amp#27;[38;5;32m[AndroidUiautomator2Driver@e47a (b74c386a)]&amp#27;[0m Waited for 11559 ms so far
[debug] &amp#27;[38;5;32m[AndroidUiautomator2Driver@e47a (b74c386a)]&amp#27;[0m Matched '/element' to command name 'findElement'
[debug] &amp#27;[38;5;32m[AndroidUiautomator2Driver@e47a (b74c386a)]&amp#27;[0m Proxying [POST /element] to [POST http://127.0.0.1:8200/session/020492dc-88c2-4959-aa86-06e06cf23537/element] with body: {"strategy":"xpath","selector":"//android.widget.TextView[@text='Invalid username/password']","context":"","multiple":false}
&amp#27;[38;5;32m[AndroidUiautomator2Driver@e47a (b74c386a)]&amp#27;[0m Got response with status 404: {"sessionId":"020492dc-88c2-4959-aa86-06e06cf23537","value":{"error":"no such element","message":"An element could not be located on the page using the given search parameters","stacktrace":"io.appium.uiautomator2.common.exceptions.ElementNotFoundException: An element could not be located on the page using the given search parameters\n\tat io.appium.uiautomator2.utils.ElementLocationHelpers.findElement(ElementLocationHelpers.java:156)\n\tat io.appium.uiautomator2.handler.FindElement.safeHandle(FindElement.java:60)\n\tat io.appium.uiautomator2.handler.request.SafeRequestHandler.handle(SafeRequestHandler.java:59)\n\tat io.appium.uiautomator2.server.AppiumServlet.handleRequest(AppiumServlet.java:277)\n\tat io.appium.uiautomator2.server.AppiumServlet.handleHttpRequest(AppiumServlet.java:271)\n\tat io.appium.uiautomator2.http.ServerHandler.channelRead(ServerHandler.java:68)\n\tat io.netty.channel.AbstractChannelHandlerContext.invokeChannelRead(AbstractChannelHandlerContext.java:366)\n\tat io.netty.channel.Abstr...
[debug] &amp#27;[38;5;128m[W3C]&amp#27;[0m Matched W3C error code 'no such element' to NoSuchElementError
[debug] &amp#27;[38;5;32m[AndroidUiautomator2Driver@e47a (b74c386a)]&amp#27;[0m Waited for 12087 ms so far
[debug] &amp#27;[38;5;32m[AndroidUiautomator2Driver@e47a (b74c386a)]&amp#27;[0m Matched '/element' to command name 'findElement'
[debug] &amp#27;[38;5;32m[AndroidUiautomator2Driver@e47a (b74c386a)]&amp#27;[0m Proxying [POST /element] to [POST http://127.0.0.1:8200/session/020492dc-88c2-4959-aa86-06e06cf23537/element] with body: {"strategy":"xpath","selector":"//android.widget.TextView[@text='Invalid username/password']","context":"","multiple":false}
&amp#27;[38;5;32m[AndroidUiautomator2Driver@e47a (b74c386a)]&amp#27;[0m Got response with status 404: {"sessionId":"020492dc-88c2-4959-aa86-06e06cf23537","value":{"error":"no such element","message":"An element could not be located on the page using the given search parameters","stacktrace":"io.appium.uiautomator2.common.exceptions.ElementNotFoundException: An element could not be located on the page using the given search parameters\n\tat io.appium.uiautomator2.utils.ElementLocationHelpers.findElement(ElementLocationHelpers.java:156)\n\tat io.appium.uiautomator2.handler.FindElement.safeHandle(FindElement.java:60)\n\tat io.appium.uiautomator2.handler.request.SafeRequestHandler.handle(SafeRequestHandler.java:59)\n\tat io.appium.uiautomator2.server.AppiumServlet.handleRequest(AppiumServlet.java:277)\n\tat io.appium.uiautomator2.server.AppiumServlet.handleHttpRequest(AppiumServlet.java:271)\n\tat io.appium.uiautomator2.http.ServerHandler.channelRead(ServerHandler.java:68)\n\tat io.netty.channel.AbstractChannelHandlerContext.invokeChannelRead(AbstractChannelHandlerContext.java:366)\n\tat io.netty.channel.Abstr...
[debug] &amp#27;[38;5;128m[W3C]&amp#27;[0m Matched W3C error code 'no such element' to NoSuchElementError
[debug] &amp#27;[38;5;32m[AndroidUiautomator2Driver@e47a (b74c386a)]&amp#27;[0m Waited for 12624 ms so far
[debug] &amp#27;[38;5;32m[AndroidUiautomator2Driver@e47a (b74c386a)]&amp#27;[0m Matched '/element' to command name 'findElement'
[debug] &amp#27;[38;5;32m[AndroidUiautomator2Driver@e47a (b74c386a)]&amp#27;[0m Proxying [POST /element] to [POST http://127.0.0.1:8200/session/020492dc-88c2-4959-aa86-06e06cf23537/element] with body: {"strategy":"xpath","selector":"//android.widget.TextView[@text='Invalid username/password']","context":"","multiple":false}
&amp#27;[38;5;32m[AndroidUiautomator2Driver@e47a (b74c386a)]&amp#27;[0m Got response with status 404: {"sessionId":"020492dc-88c2-4959-aa86-06e06cf23537","value":{"error":"no such element","message":"An element could not be located on the page using the given search parameters","stacktrace":"io.appium.uiautomator2.common.exceptions.ElementNotFoundException: An element could not be located on the page using the given search parameters\n\tat io.appium.uiautomator2.utils.ElementLocationHelpers.findElement(ElementLocationHelpers.java:156)\n\tat io.appium.uiautomator2.handler.FindElement.safeHandle(FindElement.java:60)\n\tat io.appium.uiautomator2.handler.request.SafeRequestHandler.handle(SafeRequestHandler.java:59)\n\tat io.appium.uiautomator2.server.AppiumServlet.handleRequest(AppiumServlet.java:277)\n\tat io.appium.uiautomator2.server.AppiumServlet.handleHttpRequest(AppiumServlet.java:271)\n\tat io.appium.uiautomator2.http.ServerHandler.channelRead(ServerHandler.java:68)\n\tat io.netty.channel.AbstractChannelHandlerContext.invokeChannelRead(AbstractChannelHandlerContext.java:366)\n\tat io.netty.channel.Abstr...
[debug] &amp#27;[38;5;128m[W3C]&amp#27;[0m Matched W3C error code 'no such element' to NoSuchElementError
[debug] &amp#27;[38;5;32m[AndroidUiautomator2Driver@e47a (b74c386a)]&amp#27;[0m Waited for 13153 ms so far
[debug] &amp#27;[38;5;32m[AndroidUiautomator2Driver@e47a (b74c386a)]&amp#27;[0m Matched '/element' to command name 'findElement'
[debug] &amp#27;[38;5;32m[AndroidUiautomator2Driver@e47a (b74c386a)]&amp#27;[0m Proxying [POST /element] to [POST http://127.0.0.1:8200/session/020492dc-88c2-4959-aa86-06e06cf23537/element] with body: {"strategy":"xpath","selector":"//android.widget.TextView[@text='Invalid username/password']","context":"","multiple":false}
&amp#27;[38;5;32m[AndroidUiautomator2Driver@e47a (b74c386a)]&amp#27;[0m Got response with status 404: {"sessionId":"020492dc-88c2-4959-aa86-06e06cf23537","value":{"error":"no such element","message":"An element could not be located on the page using the given search parameters","stacktrace":"io.appium.uiautomator2.common.exceptions.ElementNotFoundException: An element could not be located on the page using the given search parameters\n\tat io.appium.uiautomator2.utils.ElementLocationHelpers.findElement(ElementLocationHelpers.java:156)\n\tat io.appium.uiautomator2.handler.FindElement.safeHandle(FindElement.java:60)\n\tat io.appium.uiautomator2.handler.request.SafeRequestHandler.handle(SafeRequestHandler.java:59)\n\tat io.appium.uiautomator2.server.AppiumServlet.handleRequest(AppiumServlet.java:277)\n\tat io.appium.uiautomator2.server.AppiumServlet.handleHttpRequest(AppiumServlet.java:271)\n\tat io.appium.uiautomator2.http.ServerHandler.channelRead(ServerHandler.java:68)\n\tat io.netty.channel.AbstractChannelHandlerContext.invokeChannelRead(AbstractChannelHandlerContext.java:366)\n\tat io.netty.channel.Abstr...
[debug] &amp#27;[38;5;128m[W3C]&amp#27;[0m Matched W3C error code 'no such element' to NoSuchElementError
[debug] &amp#27;[38;5;32m[AndroidUiautomator2Driver@e47a (b74c386a)]&amp#27;[0m Waited for 13680 ms so far
[debug] &amp#27;[38;5;32m[AndroidUiautomator2Driver@e47a (b74c386a)]&amp#27;[0m Matched '/element' to command name 'findElement'
[debug] &amp#27;[38;5;32m[AndroidUiautomator2Driver@e47a (b74c386a)]&amp#27;[0m Proxying [POST /element] to [POST http://127.0.0.1:8200/session/020492dc-88c2-4959-aa86-06e06cf23537/element] with body: {"strategy":"xpath","selector":"//android.widget.TextView[@text='Invalid username/password']","context":"","multiple":false}
&amp#27;[38;5;32m[AndroidUiautomator2Driver@e47a (b74c386a)]&amp#27;[0m Got response with status 404: {"sessionId":"020492dc-88c2-4959-aa86-06e06cf23537","value":{"error":"no such element","message":"An element could not be located on the page using the given search parameters","stacktrace":"io.appium.uiautomator2.common.exceptions.ElementNotFoundException: An element could not be located on the page using the given search parameters\n\tat io.appium.uiautomator2.utils.ElementLocationHelpers.findElement(ElementLocationHelpers.java:156)\n\tat io.appium.uiautomator2.handler.FindElement.safeHandle(FindElement.java:60)\n\tat io.appium.uiautomator2.handler.request.SafeRequestHandler.handle(SafeRequestHandler.java:59)\n\tat io.appium.uiautomator2.server.AppiumServlet.handleRequest(AppiumServlet.java:277)\n\tat io.appium.uiautomator2.server.AppiumServlet.handleHttpRequest(AppiumServlet.java:271)\n\tat io.appium.uiautomator2.http.ServerHandler.channelRead(ServerHandler.java:68)\n\tat io.netty.channel.AbstractChannelHandlerContext.invokeChannelRead(AbstractChannelHandlerContext.java:366)\n\tat io.netty.channel.Abstr...
[debug] &amp#27;[38;5;128m[W3C]&amp#27;[0m Matched W3C error code 'no such element' to NoSuchElementError
[debug] &amp#27;[38;5;32m[AndroidUiautomator2Driver@e47a (b74c386a)]&amp#27;[0m Waited for 14222 ms so far
[debug] &amp#27;[38;5;32m[AndroidUiautomator2Driver@e47a (b74c386a)]&amp#27;[0m Matched '/element' to command name 'findElement'
[debug] &amp#27;[38;5;32m[AndroidUiautomator2Driver@e47a (b74c386a)]&amp#27;[0m Proxying [POST /element] to [POST http://127.0.0.1:8200/session/020492dc-88c2-4959-aa86-06e06cf23537/element] with body: {"strategy":"xpath","selector":"//android.widget.TextView[@text='Invalid username/password']","context":"","multiple":false}
&amp#27;[38;5;32m[AndroidUiautomator2Driver@e47a (b74c386a)]&amp#27;[0m Got response with status 404: {"sessionId":"020492dc-88c2-4959-aa86-06e06cf23537","value":{"error":"no such element","message":"An element could not be located on the page using the given search parameters","stacktrace":"io.appium.uiautomator2.common.exceptions.ElementNotFoundException: An element could not be located on the page using the given search parameters\n\tat io.appium.uiautomator2.utils.ElementLocationHelpers.findElement(ElementLocationHelpers.java:156)\n\tat io.appium.uiautomator2.handler.FindElement.safeHandle(FindElement.java:60)\n\tat io.appium.uiautomator2.handler.request.SafeRequestHandler.handle(SafeRequestHandler.java:59)\n\tat io.appium.uiautomator2.server.AppiumServlet.handleRequest(AppiumServlet.java:277)\n\tat io.appium.uiautomator2.server.AppiumServlet.handleHttpRequest(AppiumServlet.java:271)\n\tat io.appium.uiautomator2.http.ServerHandler.channelRead(ServerHandler.java:68)\n\tat io.netty.channel.AbstractChannelHandlerContext.invokeChannelRead(AbstractChannelHandlerContext.java:366)\n\tat io.netty.channel.Abstr...
[debug] &amp#27;[38;5;128m[W3C]&amp#27;[0m Matched W3C error code 'no such element' to NoSuchElementError
[debug] &amp#27;[38;5;32m[AndroidUiautomator2Driver@e47a (b74c386a)]&amp#27;[0m Waited for 14768 ms so far
[debug] &amp#27;[38;5;32m[AndroidUiautomator2Driver@e47a (b74c386a)]&amp#27;[0m Matched '/element' to command name 'findElement'
[debug] &amp#27;[38;5;32m[AndroidUiautomator2Driver@e47a (b74c386a)]&amp#27;[0m Proxying [POST /element] to [POST http://127.0.0.1:8200/session/020492dc-88c2-4959-aa86-06e06cf23537/element] with body: {"strategy":"xpath","selector":"//android.widget.TextView[@text='Invalid username/password']","context":"","multiple":false}
&amp#27;[38;5;32m[AndroidUiautomator2Driver@e47a (b74c386a)]&amp#27;[0m Got response with status 404: {"sessionId":"020492dc-88c2-4959-aa86-06e06cf23537","value":{"error":"no such element","message":"An element could not be located on the page using the given search parameters","stacktrace":"io.appium.uiautomator2.common.exceptions.ElementNotFoundException: An element could not be located on the page using the given search parameters\n\tat io.appium.uiautomator2.utils.ElementLocationHelpers.findElement(ElementLocationHelpers.java:156)\n\tat io.appium.uiautomator2.handler.FindElement.safeHandle(FindElement.java:60)\n\tat io.appium.uiautomator2.handler.request.SafeRequestHandler.handle(SafeRequestHandler.java:59)\n\tat io.appium.uiautomator2.server.AppiumServlet.handleRequest(AppiumServlet.java:277)\n\tat io.appium.uiautomator2.server.AppiumServlet.handleHttpRequest(AppiumServlet.java:271)\n\tat io.appium.uiautomator2.http.ServerHandler.channelRead(ServerHandler.java:68)\n\tat io.netty.channel.AbstractChannelHandlerContext.invokeChannelRead(AbstractChannelHandlerContext.java:366)\n\tat io.netty.channel.Abstr...
[debug] &amp#27;[38;5;128m[W3C]&amp#27;[0m Matched W3C error code 'no such element' to NoSuchElementError
[debug] &amp#27;[38;5;32m[AndroidUiautomator2Driver@e47a (b74c386a)]&amp#27;[0m Waited for 15301 ms so far
[debug] &amp#27;[38;5;32m[AndroidUiautomator2Driver@e47a (b74c386a)]&amp#27;[0m Matched '/element' to command name 'findElement'
[debug] &amp#27;[38;5;32m[AndroidUiautomator2Driver@e47a (b74c386a)]&amp#27;[0m Proxying [POST /element] to [POST http://127.0.0.1:8200/session/020492dc-88c2-4959-aa86-06e06cf23537/element] with body: {"strategy":"xpath","selector":"//android.widget.TextView[@text='Invalid username/password']","context":"","multiple":false}
&amp#27;[38;5;32m[AndroidUiautomator2Driver@e47a (b74c386a)]&amp#27;[0m Got response with status 404: {"sessionId":"020492dc-88c2-4959-aa86-06e06cf23537","value":{"error":"no such element","message":"An element could not be located on the page using the given search parameters","stacktrace":"io.appium.uiautomator2.common.exceptions.ElementNotFoundException: An element could not be located on the page using the given search parameters\n\tat io.appium.uiautomator2.utils.ElementLocationHelpers.findElement(ElementLocationHelpers.java:156)\n\tat io.appium.uiautomator2.handler.FindElement.safeHandle(FindElement.java:60)\n\tat io.appium.uiautomator2.handler.request.SafeRequestHandler.handle(SafeRequestHandler.java:59)\n\tat io.appium.uiautomator2.server.AppiumServlet.handleRequest(AppiumServlet.java:277)\n\tat io.appium.uiautomator2.server.AppiumServlet.handleHttpRequest(AppiumServlet.java:271)\n\tat io.appium.uiautomator2.http.ServerHandler.channelRead(ServerHandler.java:68)\n\tat io.netty.channel.AbstractChannelHandlerContext.invokeChannelRead(AbstractChannelHandlerContext.java:366)\n\tat io.netty.channel.Abstr...
[debug] &amp#27;[38;5;128m[W3C]&amp#27;[0m Matched W3C error code 'no such element' to NoSuchElementError
[debug] &amp#27;[38;5;32m[AndroidUiautomator2Driver@e47a (b74c386a)]&amp#27;[0m Waited for 15858 ms so far
[debug] &amp#27;[38;5;32m[AndroidUiautomator2Driver@e47a (b74c386a)]&amp#27;[0m Matched '/element' to command name 'findElement'
[debug] &amp#27;[38;5;32m[AndroidUiautomator2Driver@e47a (b74c386a)]&amp#27;[0m Proxying [POST /element] to [POST http://127.0.0.1:8200/session/020492dc-88c2-4959-aa86-06e06cf23537/element] with body: {"strategy":"xpath","selector":"//android.widget.TextView[@text='Invalid username/password']","context":"","multiple":false}
&amp#27;[38;5;32m[AndroidUiautomator2Driver@e47a (b74c386a)]&amp#27;[0m Got response with status 404: {"sessionId":"020492dc-88c2-4959-aa86-06e06cf23537","value":{"error":"no such element","message":"An element could not be located on the page using the given search parameters","stacktrace":"io.appium.uiautomator2.common.exceptions.ElementNotFoundException: An element could not be located on the page using the given search parameters\n\tat io.appium.uiautomator2.utils.ElementLocationHelpers.findElement(ElementLocationHelpers.java:156)\n\tat io.appium.uiautomator2.handler.FindElement.safeHandle(FindElement.java:60)\n\tat io.appium.uiautomator2.handler.request.SafeRequestHandler.handle(SafeRequestHandler.java:59)\n\tat io.appium.uiautomator2.server.AppiumServlet.handleRequest(AppiumServlet.java:277)\n\tat io.appium.uiautomator2.server.AppiumServlet.handleHttpRequest(AppiumServlet.java:271)\n\tat io.appium.uiautomator2.http.ServerHandler.channelRead(ServerHandler.java:68)\n\tat io.netty.channel.AbstractChannelHandlerContext.invokeChannelRead(AbstractChannelHandlerContext.java:366)\n\tat io.netty.channel.Abstr...
[debug] &amp#27;[38;5;128m[W3C]&amp#27;[0m Matched W3C error code 'no such element' to NoSuchElementError
[debug] &amp#27;[38;5;32m[AndroidUiautomator2Driver@e47a (b74c386a)]&amp#27;[0m Waited for 16396 ms so far
[debug] &amp#27;[38;5;32m[AndroidUiautomator2Driver@e47a (b74c386a)]&amp#27;[0m Matched '/element' to command name 'findElement'
[debug] &amp#27;[38;5;32m[AndroidUiautomator2Driver@e47a (b74c386a)]&amp#27;[0m Proxying [POST /element] to [POST http://127.0.0.1:8200/session/020492dc-88c2-4959-aa86-06e06cf23537/element] with body: {"strategy":"xpath","selector":"//android.widget.TextView[@text='Invalid username/password']","context":"","multiple":false}
&amp#27;[38;5;32m[AndroidUiautomator2Driver@e47a (b74c386a)]&amp#27;[0m Got response with status 404: {"sessionId":"020492dc-88c2-4959-aa86-06e06cf23537","value":{"error":"no such element","message":"An element could not be located on the page using the given search parameters","stacktrace":"io.appium.uiautomator2.common.exceptions.ElementNotFoundException: An element could not be located on the page using the given search parameters\n\tat io.appium.uiautomator2.utils.ElementLocationHelpers.findElement(ElementLocationHelpers.java:156)\n\tat io.appium.uiautomator2.handler.FindElement.safeHandle(FindElement.java:60)\n\tat io.appium.uiautomator2.handler.request.SafeRequestHandler.handle(SafeRequestHandler.java:59)\n\tat io.appium.uiautomator2.server.AppiumServlet.handleRequest(AppiumServlet.java:277)\n\tat io.appium.uiautomator2.server.AppiumServlet.handleHttpRequest(AppiumServlet.java:271)\n\tat io.appium.uiautomator2.http.ServerHandler.channelRead(ServerHandler.java:68)\n\tat io.netty.channel.AbstractChannelHandlerContext.invokeChannelRead(AbstractChannelHandlerContext.java:366)\n\tat io.netty.channel.Abstr...
[debug] &amp#27;[38;5;128m[W3C]&amp#27;[0m Matched W3C error code 'no such element' to NoSuchElementError
[debug] &amp#27;[38;5;32m[AndroidUiautomator2Driver@e47a (b74c386a)]&amp#27;[0m Waited for 16935 ms so far
[debug] &amp#27;[38;5;32m[AndroidUiautomator2Driver@e47a (b74c386a)]&amp#27;[0m Matched '/element' to command name 'findElement'
[debug] &amp#27;[38;5;32m[AndroidUiautomator2Driver@e47a (b74c386a)]&amp#27;[0m Proxying [POST /element] to [POST http://127.0.0.1:8200/session/020492dc-88c2-4959-aa86-06e06cf23537/element] with body: {"strategy":"xpath","selector":"//android.widget.TextView[@text='Invalid username/password']","context":"","multiple":false}
&amp#27;[38;5;32m[AndroidUiautomator2Driver@e47a (b74c386a)]&amp#27;[0m Got response with status 404: {"sessionId":"020492dc-88c2-4959-aa86-06e06cf23537","value":{"error":"no such element","message":"An element could not be located on the page using the given search parameters","stacktrace":"io.appium.uiautomator2.common.exceptions.ElementNotFoundException: An element could not be located on the page using the given search parameters\n\tat io.appium.uiautomator2.utils.ElementLocationHelpers.findElement(ElementLocationHelpers.java:156)\n\tat io.appium.uiautomator2.handler.FindElement.safeHandle(FindElement.java:60)\n\tat io.appium.uiautomator2.handler.request.SafeRequestHandler.handle(SafeRequestHandler.java:59)\n\tat io.appium.uiautomator2.server.AppiumServlet.handleRequest(AppiumServlet.java:277)\n\tat io.appium.uiautomator2.server.AppiumServlet.handleHttpRequest(AppiumServlet.java:271)\n\tat io.appium.uiautomator2.http.ServerHandler.channelRead(ServerHandler.java:68)\n\tat io.netty.channel.AbstractChannelHandlerContext.invokeChannelRead(AbstractChannelHandlerContext.java:366)\n\tat io.netty.channel.Abstr...
[debug] &amp#27;[38;5;128m[W3C]&amp#27;[0m Matched W3C error code 'no such element' to NoSuchElementError
[debug] &amp#27;[38;5;32m[AndroidUiautomator2Driver@e47a (b74c386a)]&amp#27;[0m Waited for 17469 ms so far
[debug] &amp#27;[38;5;32m[AndroidUiautomator2Driver@e47a (b74c386a)]&amp#27;[0m Matched '/element' to command name 'findElement'
[debug] &amp#27;[38;5;32m[AndroidUiautomator2Driver@e47a (b74c386a)]&amp#27;[0m Proxying [POST /element] to [POST http://127.0.0.1:8200/session/020492dc-88c2-4959-aa86-06e06cf23537/element] with body: {"strategy":"xpath","selector":"//android.widget.TextView[@text='Invalid username/password']","context":"","multiple":false}
&amp#27;[38;5;32m[AndroidUiautomator2Driver@e47a (b74c386a)]&amp#27;[0m Got response with status 404: {"sessionId":"020492dc-88c2-4959-aa86-06e06cf23537","value":{"error":"no such element","message":"An element could not be located on the page using the given search parameters","stacktrace":"io.appium.uiautomator2.common.exceptions.ElementNotFoundException: An element could not be located on the page using the given search parameters\n\tat io.appium.uiautomator2.utils.ElementLocationHelpers.findElement(ElementLocationHelpers.java:156)\n\tat io.appium.uiautomator2.handler.FindElement.safeHandle(FindElement.java:60)\n\tat io.appium.uiautomator2.handler.request.SafeRequestHandler.handle(SafeRequestHandler.java:59)\n\tat io.appium.uiautomator2.server.AppiumServlet.handleRequest(AppiumServlet.java:277)\n\tat io.appium.uiautomator2.server.AppiumServlet.handleHttpRequest(AppiumServlet.java:271)\n\tat io.appium.uiautomator2.http.ServerHandler.channelRead(ServerHandler.java:68)\n\tat io.netty.channel.AbstractChannelHandlerContext.invokeChannelRead(AbstractChannelHandlerContext.java:366)\n\tat io.netty.channel.Abstr...
[debug] &amp#27;[38;5;128m[W3C]&amp#27;[0m Matched W3C error code 'no such element' to NoSuchElementError
[debug] &amp#27;[38;5;32m[AndroidUiautomator2Driver@e47a (b74c386a)]&amp#27;[0m Waited for 18004 ms so far
[debug] &amp#27;[38;5;32m[AndroidUiautomator2Driver@e47a (b74c386a)]&amp#27;[0m Matched '/element' to command name 'findElement'
[debug] &amp#27;[38;5;32m[AndroidUiautomator2Driver@e47a (b74c386a)]&amp#27;[0m Proxying [POST /element] to [POST http://127.0.0.1:8200/session/020492dc-88c2-4959-aa86-06e06cf23537/element] with body: {"strategy":"xpath","selector":"//android.widget.TextView[@text='Invalid username/password']","context":"","multiple":false}
&amp#27;[38;5;32m[AndroidUiautomator2Driver@e47a (b74c386a)]&amp#27;[0m Got response with status 404: {"sessionId":"020492dc-88c2-4959-aa86-06e06cf23537","value":{"error":"no such element","message":"An element could not be located on the page using the given search parameters","stacktrace":"io.appium.uiautomator2.common.exceptions.ElementNotFoundException: An element could not be located on the page using the given search parameters\n\tat io.appium.uiautomator2.utils.ElementLocationHelpers.findElement(ElementLocationHelpers.java:156)\n\tat io.appium.uiautomator2.handler.FindElement.safeHandle(FindElement.java:60)\n\tat io.appium.uiautomator2.handler.request.SafeRequestHandler.handle(SafeRequestHandler.java:59)\n\tat io.appium.uiautomator2.server.AppiumServlet.handleRequest(AppiumServlet.java:277)\n\tat io.appium.uiautomator2.server.AppiumServlet.handleHttpRequest(AppiumServlet.java:271)\n\tat io.appium.uiautomator2.http.ServerHandler.channelRead(ServerHandler.java:68)\n\tat io.netty.channel.AbstractChannelHandlerContext.invokeChannelRead(AbstractChannelHandlerContext.java:366)\n\tat io.netty.channel.Abstr...
[debug] &amp#27;[38;5;128m[W3C]&amp#27;[0m Matched W3C error code 'no such element' to NoSuchElementError
[debug] &amp#27;[38;5;32m[AndroidUiautomator2Driver@e47a (b74c386a)]&amp#27;[0m Waited for 18540 ms so far
[debug] &amp#27;[38;5;32m[AndroidUiautomator2Driver@e47a (b74c386a)]&amp#27;[0m Matched '/element' to command name 'findElement'
[debug] &amp#27;[38;5;32m[AndroidUiautomator2Driver@e47a (b74c386a)]&amp#27;[0m Proxying [POST /element] to [POST http://127.0.0.1:8200/session/020492dc-88c2-4959-aa86-06e06cf23537/element] with body: {"strategy":"xpath","selector":"//android.widget.TextView[@text='Invalid username/password']","context":"","multiple":false}
&amp#27;[38;5;32m[AndroidUiautomator2Driver@e47a (b74c386a)]&amp#27;[0m Got response with status 404: {"sessionId":"020492dc-88c2-4959-aa86-06e06cf23537","value":{"error":"no such element","message":"An element could not be located on the page using the given search parameters","stacktrace":"io.appium.uiautomator2.common.exceptions.ElementNotFoundException: An element could not be located on the page using the given search parameters\n\tat io.appium.uiautomator2.utils.ElementLocationHelpers.findElement(ElementLocationHelpers.java:156)\n\tat io.appium.uiautomator2.handler.FindElement.safeHandle(FindElement.java:60)\n\tat io.appium.uiautomator2.handler.request.SafeRequestHandler.handle(SafeRequestHandler.java:59)\n\tat io.appium.uiautomator2.server.AppiumServlet.handleRequest(AppiumServlet.java:277)\n\tat io.appium.uiautomator2.server.AppiumServlet.handleHttpRequest(AppiumServlet.java:271)\n\tat io.appium.uiautomator2.http.ServerHandler.channelRead(ServerHandler.java:68)\n\tat io.netty.channel.AbstractChannelHandlerContext.invokeChannelRead(AbstractChannelHandlerContext.java:366)\n\tat io.netty.channel.Abstr...
[debug] &amp#27;[38;5;128m[W3C]&amp#27;[0m Matched W3C error code 'no such element' to NoSuchElementError
[debug] &amp#27;[38;5;32m[AndroidUiautomator2Driver@e47a (b74c386a)]&amp#27;[0m Waited for 19071 ms so far
[debug] &amp#27;[38;5;32m[AndroidUiautomator2Driver@e47a (b74c386a)]&amp#27;[0m Matched '/element' to command name 'findElement'
[debug] &amp#27;[38;5;32m[AndroidUiautomator2Driver@e47a (b74c386a)]&amp#27;[0m Proxying [POST /element] to [POST http://127.0.0.1:8200/session/020492dc-88c2-4959-aa86-06e06cf23537/element] with body: {"strategy":"xpath","selector":"//android.widget.TextView[@text='Invalid username/password']","context":"","multiple":false}
&amp#27;[38;5;32m[AndroidUiautomator2Driver@e47a (b74c386a)]&amp#27;[0m Got response with status 404: {"sessionId":"020492dc-88c2-4959-aa86-06e06cf23537","value":{"error":"no such element","message":"An element could not be located on the page using the given search parameters","stacktrace":"io.appium.uiautomator2.common.exceptions.ElementNotFoundException: An element could not be located on the page using the given search parameters\n\tat io.appium.uiautomator2.utils.ElementLocationHelpers.findElement(ElementLocationHelpers.java:156)\n\tat io.appium.uiautomator2.handler.FindElement.safeHandle(FindElement.java:60)\n\tat io.appium.uiautomator2.handler.request.SafeRequestHandler.handle(SafeRequestHandler.java:59)\n\tat io.appium.uiautomator2.server.AppiumServlet.handleRequest(AppiumServlet.java:277)\n\tat io.appium.uiautomator2.server.AppiumServlet.handleHttpRequest(AppiumServlet.java:271)\n\tat io.appium.uiautomator2.http.ServerHandler.channelRead(ServerHandler.java:68)\n\tat io.netty.channel.AbstractChannelHandlerContext.invokeChannelRead(AbstractChannelHandlerContext.java:366)\n\tat io.netty.channel.Abstr...
[debug] &amp#27;[38;5;128m[W3C]&amp#27;[0m Matched W3C error code 'no such element' to NoSuchElementError
[debug] &amp#27;[38;5;32m[AndroidUiautomator2Driver@e47a (b74c386a)]&amp#27;[0m Waited for 19605 ms so far
[debug] &amp#27;[38;5;32m[AndroidUiautomator2Driver@e47a (b74c386a)]&amp#27;[0m Matched '/element' to command name 'findElement'
[debug] &amp#27;[38;5;32m[AndroidUiautomator2Driver@e47a (b74c386a)]&amp#27;[0m Proxying [POST /element] to [POST http://127.0.0.1:8200/session/020492dc-88c2-4959-aa86-06e06cf23537/element] with body: {"strategy":"xpath","selector":"//android.widget.TextView[@text='Invalid username/password']","context":"","multiple":false}
&amp#27;[38;5;32m[AndroidUiautomator2Driver@e47a (b74c386a)]&amp#27;[0m Got response with status 404: {"sessionId":"020492dc-88c2-4959-aa86-06e06cf23537","value":{"error":"no such element","message":"An element could not be located on the page using the given search parameters","stacktrace":"io.appium.uiautomator2.common.exceptions.ElementNotFoundException: An element could not be located on the page using the given search parameters\n\tat io.appium.uiautomator2.utils.ElementLocationHelpers.findElement(ElementLocationHelpers.java:156)\n\tat io.appium.uiautomator2.handler.FindElement.safeHandle(FindElement.java:60)\n\tat io.appium.uiautomator2.handler.request.SafeRequestHandler.handle(SafeRequestHandler.java:59)\n\tat io.appium.uiautomator2.server.AppiumServlet.handleRequest(AppiumServlet.java:277)\n\tat io.appium.uiautomator2.server.AppiumServlet.handleHttpRequest(AppiumServlet.java:271)\n\tat io.appium.uiautomator2.http.ServerHandler.channelRead(ServerHandler.java:68)\n\tat io.netty.channel.AbstractChannelHandlerContext.invokeChannelRead(AbstractChannelHandlerContext.java:366)\n\tat io.netty.channel.Abstr...
[debug] &amp#27;[38;5;128m[W3C]&amp#27;[0m Matched W3C error code 'no such element' to NoSuchElementError
[debug] &amp#27;[38;5;32m[AndroidUiautomator2Driver@e47a (b74c386a)]&amp#27;[0m Encountered internal error running command: NoSuchElementError: An element could not be located on the page using the given search parameters.
[debug] &amp#27;[38;5;32m[AndroidUiautomator2Driver@e47a (b74c386a)]&amp#27;[0m     at AndroidUiautomator2Driver.findElOrEls (C:\Users\daniel.ogagavworia\.appium\node_modules\appium-uiautomator2-driver\node_modules\appium-android-driver\lib\commands\find.js:75:11)
[debug] &amp#27;[38;5;32m[AndroidUiautomator2Driver@e47a (b74c386a)]&amp#27;[0m     at processTicksAndRejections (node:internal/process/task_queues:95:5)
[debug] &amp#27;[38;5;32m[AndroidUiautomator2Driver@e47a (b74c386a)]&amp#27;[0m     at AndroidUiautomator2Driver.findElOrElsWithProcessing (C:\Users\daniel.ogagavworia\AppData\Roaming\npm\node_modules\appium\node_modules\@appium\base-driver\lib\basedriver\commands\find.ts:60:12)
[debug] &amp#27;[38;5;32m[AndroidUiautomator2Driver@e47a (b74c386a)]&amp#27;[0m     at AndroidUiautomator2Driver.findElement (C:\Users\daniel.ogagavworia\AppData\Roaming\npm\node_modules\appium\node_modules\@appium\base-driver\lib\basedriver\commands\find.ts:75:12)
&amp#27;[38;5;0m[HTTP]&amp#27;[0m &amp#27;[37m<-- POST /session/b74c386a-bd63-4a4d-b13a-d366382f07b7/element &amp#27;[39m&amp#27;[33m404&amp#27;[39m &amp#27;[90m20045 ms - 929&amp#27;[39m
&amp#27;[38;5;0m[HTTP]&amp#27;[0m &amp#27;[90m&amp#27;[39m
]]></system-out>
  </testcase>
  <testcase name="Testcase_Five" classname="testcases.Android.LoginTestCase" time="43.532">
    <system-out><![CDATA[&amp#27;[38;5;0m[HTTP]&amp#27;[0m &amp#27;[37m-->&amp#27;[39m &amp#27;[37mPOST&amp#27;[39m &amp#27;[37m/session/b74c386a-bd63-4a4d-b13a-d366382f07b7/timeouts&amp#27;[39m
&amp#27;[38;5;0m[HTTP]&amp#27;[0m &amp#27;[90m{"implicit":20000}&amp#27;[39m
[debug] &amp#27;[38;5;32m[AndroidUiautomator2Driver@e47a (b74c386a)]&amp#27;[0m Calling AppiumDriver.timeouts() with args: [null,null,null,null,20000,"b74c386a-bd63-4a4d-b13a-d366382f07b7"]
[debug] &amp#27;[38;5;32m[AndroidUiautomator2Driver@e47a (b74c386a)]&amp#27;[0m W3C timeout argument: {"implicit":20000}}
[debug] &amp#27;[38;5;32m[AndroidUiautomator2Driver@e47a (b74c386a)]&amp#27;[0m Set implicit wait to 20000ms
[debug] &amp#27;[38;5;32m[AndroidUiautomator2Driver@e47a (b74c386a)]&amp#27;[0m Responding to client with driver.timeouts() result: null
&amp#27;[38;5;0m[HTTP]&amp#27;[0m &amp#27;[37m<-- POST /session/b74c386a-bd63-4a4d-b13a-d366382f07b7/timeouts &amp#27;[39m&amp#27;[32m200&amp#27;[39m &amp#27;[90m1 ms - 14&amp#27;[39m
&amp#27;[38;5;0m[HTTP]&amp#27;[0m &amp#27;[90m&amp#27;[39m
&amp#27;[38;5;0m[HTTP]&amp#27;[0m &amp#27;[37m-->&amp#27;[39m &amp#27;[37mPOST&amp#27;[39m &amp#27;[37m/session/b74c386a-bd63-4a4d-b13a-d366382f07b7/element&amp#27;[39m
&amp#27;[38;5;0m[HTTP]&amp#27;[0m &amp#27;[90m{"using":"xpath","value":"//android.widget.EditText[@index=3]"}&amp#27;[39m
[debug] &amp#27;[38;5;32m[AndroidUiautomator2Driver@e47a (b74c386a)]&amp#27;[0m Calling AppiumDriver.findElement() with args: ["xpath","//android.widget.EditText[@index=3]","b74c386a-bd63-4a4d-b13a-d366382f07b7"]
[debug] &amp#27;[38;5;32m[AndroidUiautomator2Driver@e47a (b74c386a)]&amp#27;[0m Valid locator strategies for this request: xpath, id, class name, accessibility id, css selector, -android uiautomator
[debug] &amp#27;[38;5;32m[AndroidUiautomator2Driver@e47a (b74c386a)]&amp#27;[0m Waiting up to 20000 ms for condition
[debug] &amp#27;[38;5;32m[AndroidUiautomator2Driver@e47a (b74c386a)]&amp#27;[0m Matched '/element' to command name 'findElement'
[debug] &amp#27;[38;5;32m[AndroidUiautomator2Driver@e47a (b74c386a)]&amp#27;[0m Proxying [POST /element] to [POST http://127.0.0.1:8200/session/020492dc-88c2-4959-aa86-06e06cf23537/element] with body: {"strategy":"xpath","selector":"//android.widget.EditText[@index=3]","context":"","multiple":false}
[debug] &amp#27;[38;5;32m[AndroidUiautomator2Driver@e47a (b74c386a)]&amp#27;[0m Got response with status 200: {"sessionId":"020492dc-88c2-4959-aa86-06e06cf23537","value":{"ELEMENT":"00000000-0000-0021-ffff-ffff00000046","element-6066-11e4-a52e-4f735466cecf":"00000000-0000-0021-ffff-ffff00000046"}}
[debug] &amp#27;[38;5;32m[AndroidUiautomator2Driver@e47a (b74c386a)]&amp#27;[0m Responding to client with driver.findElement() result: {"element-6066-11e4-a52e-4f735466cecf":"00000000-0000-0021-ffff-ffff00000046","ELEMENT":"00000000-0000-0021-ffff-ffff00000046"}
&amp#27;[38;5;0m[HTTP]&amp#27;[0m &amp#27;[37m<-- POST /session/b74c386a-bd63-4a4d-b13a-d366382f07b7/element &amp#27;[39m&amp#27;[32m200&amp#27;[39m &amp#27;[90m34 ms - 137&amp#27;[39m
&amp#27;[38;5;0m[HTTP]&amp#27;[0m &amp#27;[90m&amp#27;[39m
&amp#27;[38;5;0m[HTTP]&amp#27;[0m &amp#27;[37m-->&amp#27;[39m &amp#27;[37mPOST&amp#27;[39m &amp#27;[37m/session/b74c386a-bd63-4a4d-b13a-d366382f07b7/element/00000000-0000-0021-ffff-ffff00000046/clear&amp#27;[39m
&amp#27;[38;5;0m[HTTP]&amp#27;[0m &amp#27;[90m{"id":"00000000-0000-0021-ffff-ffff00000046"}&amp#27;[39m
[debug] &amp#27;[38;5;32m[AndroidUiautomator2Driver@e47a (b74c386a)]&amp#27;[0m Calling AppiumDriver.clear() with args: ["00000000-0000-0021-ffff-ffff00000046","b74c386a-bd63-4a4d-b13a-d366382f07b7"]
[debug] &amp#27;[38;5;32m[AndroidUiautomator2Driver@e47a (b74c386a)]&amp#27;[0m Matched '/element/00000000-0000-0021-ffff-ffff00000046/clear' to command name 'clear'
[debug] &amp#27;[38;5;32m[AndroidUiautomator2Driver@e47a (b74c386a)]&amp#27;[0m Proxying [POST /element/00000000-0000-0021-ffff-ffff00000046/clear] to [POST http://127.0.0.1:8200/session/020492dc-88c2-4959-aa86-06e06cf23537/element/00000000-0000-0021-ffff-ffff00000046/clear] with body: {"elementId":"00000000-0000-0021-ffff-ffff00000046"}
[debug] &amp#27;[38;5;32m[AndroidUiautomator2Driver@e47a (b74c386a)]&amp#27;[0m Got response with status 200: {"sessionId":"020492dc-88c2-4959-aa86-06e06cf23537","value":null}
[debug] &amp#27;[38;5;32m[AndroidUiautomator2Driver@e47a (b74c386a)]&amp#27;[0m Responding to client with driver.clear() result: null
&amp#27;[38;5;0m[HTTP]&amp#27;[0m &amp#27;[37m<-- POST /session/b74c386a-bd63-4a4d-b13a-d366382f07b7/element/00000000-0000-0021-ffff-ffff00000046/clear &amp#27;[39m&amp#27;[32m200&amp#27;[39m &amp#27;[90m14 ms - 14&amp#27;[39m
&amp#27;[38;5;0m[HTTP]&amp#27;[0m &amp#27;[90m&amp#27;[39m
&amp#27;[38;5;0m[HTTP]&amp#27;[0m &amp#27;[37m-->&amp#27;[39m &amp#27;[37mPOST&amp#27;[39m &amp#27;[37m/session/b74c386a-bd63-4a4d-b13a-d366382f07b7/element&amp#27;[39m
&amp#27;[38;5;0m[HTTP]&amp#27;[0m &amp#27;[90m{"using":"xpath","value":"//android.widget.EditText[@index=6]"}&amp#27;[39m
[debug] &amp#27;[38;5;32m[AndroidUiautomator2Driver@e47a (b74c386a)]&amp#27;[0m Calling AppiumDriver.findElement() with args: ["xpath","//android.widget.EditText[@index=6]","b74c386a-bd63-4a4d-b13a-d366382f07b7"]
[debug] &amp#27;[38;5;32m[AndroidUiautomator2Driver@e47a (b74c386a)]&amp#27;[0m Valid locator strategies for this request: xpath, id, class name, accessibility id, css selector, -android uiautomator
[debug] &amp#27;[38;5;32m[AndroidUiautomator2Driver@e47a (b74c386a)]&amp#27;[0m Waiting up to 20000 ms for condition
[debug] &amp#27;[38;5;32m[AndroidUiautomator2Driver@e47a (b74c386a)]&amp#27;[0m Matched '/element' to command name 'findElement'
[debug] &amp#27;[38;5;32m[AndroidUiautomator2Driver@e47a (b74c386a)]&amp#27;[0m Proxying [POST /element] to [POST http://127.0.0.1:8200/session/020492dc-88c2-4959-aa86-06e06cf23537/element] with body: {"strategy":"xpath","selector":"//android.widget.EditText[@index=6]","context":"","multiple":false}
[debug] &amp#27;[38;5;32m[AndroidUiautomator2Driver@e47a (b74c386a)]&amp#27;[0m Got response with status 200: {"sessionId":"020492dc-88c2-4959-aa86-06e06cf23537","value":{"ELEMENT":"00000000-0000-0021-ffff-ffff00000049","element-6066-11e4-a52e-4f735466cecf":"00000000-0000-0021-ffff-ffff00000049"}}
[debug] &amp#27;[38;5;32m[AndroidUiautomator2Driver@e47a (b74c386a)]&amp#27;[0m Responding to client with driver.findElement() result: {"element-6066-11e4-a52e-4f735466cecf":"00000000-0000-0021-ffff-ffff00000049","ELEMENT":"00000000-0000-0021-ffff-ffff00000049"}
&amp#27;[38;5;0m[HTTP]&amp#27;[0m &amp#27;[37m<-- POST /session/b74c386a-bd63-4a4d-b13a-d366382f07b7/element &amp#27;[39m&amp#27;[32m200&amp#27;[39m &amp#27;[90m568 ms - 137&amp#27;[39m
&amp#27;[38;5;0m[HTTP]&amp#27;[0m &amp#27;[90m&amp#27;[39m
&amp#27;[38;5;0m[HTTP]&amp#27;[0m &amp#27;[37m-->&amp#27;[39m &amp#27;[37mPOST&amp#27;[39m &amp#27;[37m/session/b74c386a-bd63-4a4d-b13a-d366382f07b7/element/00000000-0000-0021-ffff-ffff00000049/clear&amp#27;[39m
&amp#27;[38;5;0m[HTTP]&amp#27;[0m &amp#27;[90m{"id":"00000000-0000-0021-ffff-ffff00000049"}&amp#27;[39m
[debug] &amp#27;[38;5;32m[AndroidUiautomator2Driver@e47a (b74c386a)]&amp#27;[0m Calling AppiumDriver.clear() with args: ["00000000-0000-0021-ffff-ffff00000049","b74c386a-bd63-4a4d-b13a-d366382f07b7"]
[debug] &amp#27;[38;5;32m[AndroidUiautomator2Driver@e47a (b74c386a)]&amp#27;[0m Matched '/element/00000000-0000-0021-ffff-ffff00000049/clear' to command name 'clear'
[debug] &amp#27;[38;5;32m[AndroidUiautomator2Driver@e47a (b74c386a)]&amp#27;[0m Proxying [POST /element/00000000-0000-0021-ffff-ffff00000049/clear] to [POST http://127.0.0.1:8200/session/020492dc-88c2-4959-aa86-06e06cf23537/element/00000000-0000-0021-ffff-ffff00000049/clear] with body: {"elementId":"00000000-0000-0021-ffff-ffff00000049"}
[debug] &amp#27;[38;5;32m[AndroidUiautomator2Driver@e47a (b74c386a)]&amp#27;[0m Got response with status 200: {"sessionId":"020492dc-88c2-4959-aa86-06e06cf23537","value":null}
[debug] &amp#27;[38;5;32m[AndroidUiautomator2Driver@e47a (b74c386a)]&amp#27;[0m Responding to client with driver.clear() result: null
&amp#27;[38;5;0m[HTTP]&amp#27;[0m &amp#27;[37m<-- POST /session/b74c386a-bd63-4a4d-b13a-d366382f07b7/element/00000000-0000-0021-ffff-ffff00000049/clear &amp#27;[39m&amp#27;[32m200&amp#27;[39m &amp#27;[90m11 ms - 14&amp#27;[39m
&amp#27;[38;5;0m[HTTP]&amp#27;[0m &amp#27;[90m&amp#27;[39m
&amp#27;[38;5;0m[HTTP]&amp#27;[0m &amp#27;[37m-->&amp#27;[39m &amp#27;[37mPOST&amp#27;[39m &amp#27;[37m/session/b74c386a-bd63-4a4d-b13a-d366382f07b7/element&amp#27;[39m
&amp#27;[38;5;0m[HTTP]&amp#27;[0m &amp#27;[90m{"using":"xpath","value":"//android.widget.EditText[@index=3]"}&amp#27;[39m
[debug] &amp#27;[38;5;32m[AndroidUiautomator2Driver@e47a (b74c386a)]&amp#27;[0m Calling AppiumDriver.findElement() with args: ["xpath","//android.widget.EditText[@index=3]","b74c386a-bd63-4a4d-b13a-d366382f07b7"]
[debug] &amp#27;[38;5;32m[AndroidUiautomator2Driver@e47a (b74c386a)]&amp#27;[0m Valid locator strategies for this request: xpath, id, class name, accessibility id, css selector, -android uiautomator
[debug] &amp#27;[38;5;32m[AndroidUiautomator2Driver@e47a (b74c386a)]&amp#27;[0m Waiting up to 20000 ms for condition
[debug] &amp#27;[38;5;32m[AndroidUiautomator2Driver@e47a (b74c386a)]&amp#27;[0m Matched '/element' to command name 'findElement'
[debug] &amp#27;[38;5;32m[AndroidUiautomator2Driver@e47a (b74c386a)]&amp#27;[0m Proxying [POST /element] to [POST http://127.0.0.1:8200/session/020492dc-88c2-4959-aa86-06e06cf23537/element] with body: {"strategy":"xpath","selector":"//android.widget.EditText[@index=3]","context":"","multiple":false}
[debug] &amp#27;[38;5;32m[AndroidUiautomator2Driver@e47a (b74c386a)]&amp#27;[0m Got response with status 200: {"sessionId":"020492dc-88c2-4959-aa86-06e06cf23537","value":{"ELEMENT":"00000000-0000-0021-ffff-ffff00000046","element-6066-11e4-a52e-4f735466cecf":"00000000-0000-0021-ffff-ffff00000046"}}
[debug] &amp#27;[38;5;32m[AndroidUiautomator2Driver@e47a (b74c386a)]&amp#27;[0m Responding to client with driver.findElement() result: {"element-6066-11e4-a52e-4f735466cecf":"00000000-0000-0021-ffff-ffff00000046","ELEMENT":"00000000-0000-0021-ffff-ffff00000046"}
&amp#27;[38;5;0m[HTTP]&amp#27;[0m &amp#27;[37m<-- POST /session/b74c386a-bd63-4a4d-b13a-d366382f07b7/element &amp#27;[39m&amp#27;[32m200&amp#27;[39m &amp#27;[90m623 ms - 137&amp#27;[39m
&amp#27;[38;5;0m[HTTP]&amp#27;[0m &amp#27;[90m&amp#27;[39m
&amp#27;[38;5;0m[HTTP]&amp#27;[0m &amp#27;[37m-->&amp#27;[39m &amp#27;[37mPOST&amp#27;[39m &amp#27;[37m/session/b74c386a-bd63-4a4d-b13a-d366382f07b7/element/00000000-0000-0021-ffff-ffff00000046/value&amp#27;[39m
&amp#27;[38;5;0m[HTTP]&amp#27;[0m &amp#27;[90m{"id":"00000000-0000-0021-ffff-ffff00000046","text":"danielogavworia@gmail.com","value":["d","a","n","i","e","l","o","g","a","v","w","o","r","i","a","@","g","m","a","i","l",".","c","o","m"]}&amp#27;[39m
[debug] &amp#27;[38;5;32m[AndroidUiautomator2Driver@e47a (b74c386a)]&amp#27;[0m Calling AppiumDriver.setValue() with args: [["d","a","n","i","e","l","o","g","a","v","w","o","r","i","a","@","g","m","a","i","l",".","c","o","m"],"00000000-0000-0021-ffff-ffff00000046","b74c386a-bd63-4a4d-b13a-d366382f07b7"]
[debug] &amp#27;[38;5;32m[AndroidUiautomator2Driver@e47a (b74c386a)]&amp#27;[0m Matched '/element/00000000-0000-0021-ffff-ffff00000046/value' to command name 'setValue'
[debug] &amp#27;[38;5;32m[AndroidUiautomator2Driver@e47a (b74c386a)]&amp#27;[0m Added 'value' property ["d","a","n","i","e","l","o","g","a","v","w","o","r","i","a","@","g","m","a","i","l",".","c","o","m"] to 'setValue' request body
[debug] &amp#27;[38;5;32m[AndroidUiautomator2Driver@e47a (b74c386a)]&amp#27;[0m Proxying [POST /element/00000000-0000-0021-ffff-ffff00000046/value] to [POST http://127.0.0.1:8200/session/020492dc-88c2-4959-aa86-06e06cf23537/element/00000000-0000-0021-ffff-ffff00000046/value] with body: {"elementId":"00000000-0000-0021-ffff-ffff00000046","text":"danielogavworia@gmail.com","replace":false,"value":["d","a","n","i","e","l","o","g","a","v","w","o","r","i","a","@","g","m","a","i","l",".","c","o","m"]}
[debug] &amp#27;[38;5;32m[AndroidUiautomator2Driver@e47a (b74c386a)]&amp#27;[0m Got response with status 200: {"sessionId":"020492dc-88c2-4959-aa86-06e06cf23537","value":null}
[debug] &amp#27;[38;5;32m[AndroidUiautomator2Driver@e47a (b74c386a)]&amp#27;[0m Responding to client with driver.setValue() result: null
&amp#27;[38;5;0m[HTTP]&amp#27;[0m &amp#27;[37m<-- POST /session/b74c386a-bd63-4a4d-b13a-d366382f07b7/element/00000000-0000-0021-ffff-ffff00000046/value &amp#27;[39m&amp#27;[32m200&amp#27;[39m &amp#27;[90m14 ms - 14&amp#27;[39m
&amp#27;[38;5;0m[HTTP]&amp#27;[0m &amp#27;[90m&amp#27;[39m
&amp#27;[38;5;0m[HTTP]&amp#27;[0m &amp#27;[37m-->&amp#27;[39m &amp#27;[37mPOST&amp#27;[39m &amp#27;[37m/session/b74c386a-bd63-4a4d-b13a-d366382f07b7/element&amp#27;[39m
&amp#27;[38;5;0m[HTTP]&amp#27;[0m &amp#27;[90m{"using":"xpath","value":"//android.widget.EditText[@index=6]"}&amp#27;[39m
[debug] &amp#27;[38;5;32m[AndroidUiautomator2Driver@e47a (b74c386a)]&amp#27;[0m Calling AppiumDriver.findElement() with args: ["xpath","//android.widget.EditText[@index=6]","b74c386a-bd63-4a4d-b13a-d366382f07b7"]
[debug] &amp#27;[38;5;32m[AndroidUiautomator2Driver@e47a (b74c386a)]&amp#27;[0m Valid locator strategies for this request: xpath, id, class name, accessibility id, css selector, -android uiautomator
[debug] &amp#27;[38;5;32m[AndroidUiautomator2Driver@e47a (b74c386a)]&amp#27;[0m Waiting up to 20000 ms for condition
[debug] &amp#27;[38;5;32m[AndroidUiautomator2Driver@e47a (b74c386a)]&amp#27;[0m Matched '/element' to command name 'findElement'
[debug] &amp#27;[38;5;32m[AndroidUiautomator2Driver@e47a (b74c386a)]&amp#27;[0m Proxying [POST /element] to [POST http://127.0.0.1:8200/session/020492dc-88c2-4959-aa86-06e06cf23537/element] with body: {"strategy":"xpath","selector":"//android.widget.EditText[@index=6]","context":"","multiple":false}
[debug] &amp#27;[38;5;32m[AndroidUiautomator2Driver@e47a (b74c386a)]&amp#27;[0m Got response with status 200: {"sessionId":"020492dc-88c2-4959-aa86-06e06cf23537","value":{"ELEMENT":"00000000-0000-0021-ffff-ffff00000049","element-6066-11e4-a52e-4f735466cecf":"00000000-0000-0021-ffff-ffff00000049"}}
[debug] &amp#27;[38;5;32m[AndroidUiautomator2Driver@e47a (b74c386a)]&amp#27;[0m Responding to client with driver.findElement() result: {"element-6066-11e4-a52e-4f735466cecf":"00000000-0000-0021-ffff-ffff00000049","ELEMENT":"00000000-0000-0021-ffff-ffff00000049"}
&amp#27;[38;5;0m[HTTP]&amp#27;[0m &amp#27;[37m<-- POST /session/b74c386a-bd63-4a4d-b13a-d366382f07b7/element &amp#27;[39m&amp#27;[32m200&amp#27;[39m &amp#27;[90m43 ms - 137&amp#27;[39m
&amp#27;[38;5;0m[HTTP]&amp#27;[0m &amp#27;[90m&amp#27;[39m
&amp#27;[38;5;0m[HTTP]&amp#27;[0m &amp#27;[37m-->&amp#27;[39m &amp#27;[37mPOST&amp#27;[39m &amp#27;[37m/session/b74c386a-bd63-4a4d-b13a-d366382f07b7/element/00000000-0000-0021-ffff-ffff00000049/value&amp#27;[39m
&amp#27;[38;5;0m[HTTP]&amp#27;[0m &amp#27;[90m{"id":"00000000-0000-0021-ffff-ffff00000049","text":"password","value":["p","a","s","s","w","o","r","d"]}&amp#27;[39m
[debug] &amp#27;[38;5;32m[AndroidUiautomator2Driver@e47a (b74c386a)]&amp#27;[0m Calling AppiumDriver.setValue() with args: [["p","a","s","s","w","o","r","d"],"00000000-0000-0021-ffff-ffff00000049","b74c386a-bd63-4a4d-b13a-d366382f07b7"]
[debug] &amp#27;[38;5;32m[AndroidUiautomator2Driver@e47a (b74c386a)]&amp#27;[0m Matched '/element/00000000-0000-0021-ffff-ffff00000049/value' to command name 'setValue'
[debug] &amp#27;[38;5;32m[AndroidUiautomator2Driver@e47a (b74c386a)]&amp#27;[0m Added 'value' property ["p","a","s","s","w","o","r","d"] to 'setValue' request body
[debug] &amp#27;[38;5;32m[AndroidUiautomator2Driver@e47a (b74c386a)]&amp#27;[0m Proxying [POST /element/00000000-0000-0021-ffff-ffff00000049/value] to [POST http://127.0.0.1:8200/session/020492dc-88c2-4959-aa86-06e06cf23537/element/00000000-0000-0021-ffff-ffff00000049/value] with body: {"elementId":"00000000-0000-0021-ffff-ffff00000049","text":"password","replace":false,"value":["p","a","s","s","w","o","r","d"]}
[debug] &amp#27;[38;5;32m[AndroidUiautomator2Driver@e47a (b74c386a)]&amp#27;[0m Got response with status 200: {"sessionId":"020492dc-88c2-4959-aa86-06e06cf23537","value":null}
[debug] &amp#27;[38;5;32m[AndroidUiautomator2Driver@e47a (b74c386a)]&amp#27;[0m Responding to client with driver.setValue() result: null
&amp#27;[38;5;0m[HTTP]&amp#27;[0m &amp#27;[37m<-- POST /session/b74c386a-bd63-4a4d-b13a-d366382f07b7/element/00000000-0000-0021-ffff-ffff00000049/value &amp#27;[39m&amp#27;[32m200&amp#27;[39m &amp#27;[90m463 ms - 14&amp#27;[39m
&amp#27;[38;5;0m[HTTP]&amp#27;[0m &amp#27;[90m&amp#27;[39m
&amp#27;[38;5;0m[HTTP]&amp#27;[0m &amp#27;[37m-->&amp#27;[39m &amp#27;[37mPOST&amp#27;[39m &amp#27;[37m/session/b74c386a-bd63-4a4d-b13a-d366382f07b7/element&amp#27;[39m
&amp#27;[38;5;0m[HTTP]&amp#27;[0m &amp#27;[90m{"using":"xpath","value":"//android.widget.TextView[@text='LOGIN']"}&amp#27;[39m
[debug] &amp#27;[38;5;32m[AndroidUiautomator2Driver@e47a (b74c386a)]&amp#27;[0m Calling AppiumDriver.findElement() with args: ["xpath","//android.widget.TextView[@text='LOGIN']","b74c386a-bd63-4a4d-b13a-d366382f07b7"]
[debug] &amp#27;[38;5;32m[AndroidUiautomator2Driver@e47a (b74c386a)]&amp#27;[0m Valid locator strategies for this request: xpath, id, class name, accessibility id, css selector, -android uiautomator
[debug] &amp#27;[38;5;32m[AndroidUiautomator2Driver@e47a (b74c386a)]&amp#27;[0m Waiting up to 20000 ms for condition
[debug] &amp#27;[38;5;32m[AndroidUiautomator2Driver@e47a (b74c386a)]&amp#27;[0m Matched '/element' to command name 'findElement'
[debug] &amp#27;[38;5;32m[AndroidUiautomator2Driver@e47a (b74c386a)]&amp#27;[0m Proxying [POST /element] to [POST http://127.0.0.1:8200/session/020492dc-88c2-4959-aa86-06e06cf23537/element] with body: {"strategy":"xpath","selector":"//android.widget.TextView[@text='LOGIN']","context":"","multiple":false}
[debug] &amp#27;[38;5;32m[AndroidUiautomator2Driver@e47a (b74c386a)]&amp#27;[0m Got response with status 200: {"sessionId":"020492dc-88c2-4959-aa86-06e06cf23537","value":{"ELEMENT":"00000000-0000-0021-ffff-ffff00000067","element-6066-11e4-a52e-4f735466cecf":"00000000-0000-0021-ffff-ffff00000067"}}
[debug] &amp#27;[38;5;32m[AndroidUiautomator2Driver@e47a (b74c386a)]&amp#27;[0m Responding to client with driver.findElement() result: {"element-6066-11e4-a52e-4f735466cecf":"00000000-0000-0021-ffff-ffff00000067","ELEMENT":"00000000-0000-0021-ffff-ffff00000067"}
&amp#27;[38;5;0m[HTTP]&amp#27;[0m &amp#27;[37m<-- POST /session/b74c386a-bd63-4a4d-b13a-d366382f07b7/element &amp#27;[39m&amp#27;[32m200&amp#27;[39m &amp#27;[90m615 ms - 137&amp#27;[39m
&amp#27;[38;5;0m[HTTP]&amp#27;[0m &amp#27;[90m&amp#27;[39m
&amp#27;[38;5;0m[HTTP]&amp#27;[0m &amp#27;[37m-->&amp#27;[39m &amp#27;[37mPOST&amp#27;[39m &amp#27;[37m/session/b74c386a-bd63-4a4d-b13a-d366382f07b7/element/00000000-0000-0021-ffff-ffff00000067/click&amp#27;[39m
&amp#27;[38;5;0m[HTTP]&amp#27;[0m &amp#27;[90m{"id":"00000000-0000-0021-ffff-ffff00000067"}&amp#27;[39m
[debug] &amp#27;[38;5;32m[AndroidUiautomator2Driver@e47a (b74c386a)]&amp#27;[0m Calling AppiumDriver.click() with args: ["00000000-0000-0021-ffff-ffff00000067","b74c386a-bd63-4a4d-b13a-d366382f07b7"]
[debug] &amp#27;[38;5;32m[AndroidUiautomator2Driver@e47a (b74c386a)]&amp#27;[0m Matched '/element/00000000-0000-0021-ffff-ffff00000067/click' to command name 'click'
[debug] &amp#27;[38;5;32m[AndroidUiautomator2Driver@e47a (b74c386a)]&amp#27;[0m Proxying [POST /element/00000000-0000-0021-ffff-ffff00000067/click] to [POST http://127.0.0.1:8200/session/020492dc-88c2-4959-aa86-06e06cf23537/element/00000000-0000-0021-ffff-ffff00000067/click] with body: {"element":"00000000-0000-0021-ffff-ffff00000067"}
[debug] &amp#27;[38;5;32m[AndroidUiautomator2Driver@e47a (b74c386a)]&amp#27;[0m Got response with status 200: {"sessionId":"020492dc-88c2-4959-aa86-06e06cf23537","value":null}
[debug] &amp#27;[38;5;32m[AndroidUiautomator2Driver@e47a (b74c386a)]&amp#27;[0m Responding to client with driver.click() result: null
&amp#27;[38;5;0m[HTTP]&amp#27;[0m &amp#27;[37m<-- POST /session/b74c386a-bd63-4a4d-b13a-d366382f07b7/element/00000000-0000-0021-ffff-ffff00000067/click &amp#27;[39m&amp#27;[32m200&amp#27;[39m &amp#27;[90m53 ms - 14&amp#27;[39m
&amp#27;[38;5;0m[HTTP]&amp#27;[0m &amp#27;[90m&amp#27;[39m
&amp#27;[38;5;0m[HTTP]&amp#27;[0m &amp#27;[37m-->&amp#27;[39m &amp#27;[37mPOST&amp#27;[39m &amp#27;[37m/session/b74c386a-bd63-4a4d-b13a-d366382f07b7/timeouts&amp#27;[39m
&amp#27;[38;5;0m[HTTP]&amp#27;[0m &amp#27;[90m{"implicit":20000}&amp#27;[39m
[debug] &amp#27;[38;5;32m[AndroidUiautomator2Driver@e47a (b74c386a)]&amp#27;[0m Calling AppiumDriver.timeouts() with args: [null,null,null,null,20000,"b74c386a-bd63-4a4d-b13a-d366382f07b7"]
[debug] &amp#27;[38;5;32m[AndroidUiautomator2Driver@e47a (b74c386a)]&amp#27;[0m W3C timeout argument: {"implicit":20000}}
[debug] &amp#27;[38;5;32m[AndroidUiautomator2Driver@e47a (b74c386a)]&amp#27;[0m Set implicit wait to 20000ms
[debug] &amp#27;[38;5;32m[AndroidUiautomator2Driver@e47a (b74c386a)]&amp#27;[0m Responding to client with driver.timeouts() result: null
&amp#27;[38;5;0m[HTTP]&amp#27;[0m &amp#27;[37m<-- POST /session/b74c386a-bd63-4a4d-b13a-d366382f07b7/timeouts &amp#27;[39m&amp#27;[32m200&amp#27;[39m &amp#27;[90m1 ms - 14&amp#27;[39m
&amp#27;[38;5;0m[HTTP]&amp#27;[0m &amp#27;[90m&amp#27;[39m
&amp#27;[38;5;0m[HTTP]&amp#27;[0m &amp#27;[37m-->&amp#27;[39m &amp#27;[37mPOST&amp#27;[39m &amp#27;[37m/session/b74c386a-bd63-4a4d-b13a-d366382f07b7/element&amp#27;[39m
&amp#27;[38;5;0m[HTTP]&amp#27;[0m &amp#27;[90m{"using":"xpath","value":"//android.widget.TextView[@text='Invalid username/password']"}&amp#27;[39m
[debug] &amp#27;[38;5;32m[AndroidUiautomator2Driver@e47a (b74c386a)]&amp#27;[0m Calling AppiumDriver.findElement() with args: ["xpath","//android.widget.TextView[@text='Invalid username/password']","b74c386a-bd63-4a4d-b13a-d366382f07b7"]
[debug] &amp#27;[38;5;32m[AndroidUiautomator2Driver@e47a (b74c386a)]&amp#27;[0m Valid locator strategies for this request: xpath, id, class name, accessibility id, css selector, -android uiautomator
[debug] &amp#27;[38;5;32m[AndroidUiautomator2Driver@e47a (b74c386a)]&amp#27;[0m Waiting up to 20000 ms for condition
[debug] &amp#27;[38;5;32m[AndroidUiautomator2Driver@e47a (b74c386a)]&amp#27;[0m Matched '/element' to command name 'findElement'
[debug] &amp#27;[38;5;32m[AndroidUiautomator2Driver@e47a (b74c386a)]&amp#27;[0m Proxying [POST /element] to [POST http://127.0.0.1:8200/session/020492dc-88c2-4959-aa86-06e06cf23537/element] with body: {"strategy":"xpath","selector":"//android.widget.TextView[@text='Invalid username/password']","context":"","multiple":false}
&amp#27;[38;5;32m[AndroidUiautomator2Driver@e47a (b74c386a)]&amp#27;[0m Got response with status 404: {"sessionId":"020492dc-88c2-4959-aa86-06e06cf23537","value":{"error":"no such element","message":"An element could not be located on the page using the given search parameters","stacktrace":"io.appium.uiautomator2.common.exceptions.ElementNotFoundException: An element could not be located on the page using the given search parameters\n\tat io.appium.uiautomator2.utils.ElementLocationHelpers.findElement(ElementLocationHelpers.java:156)\n\tat io.appium.uiautomator2.handler.FindElement.safeHandle(FindElement.java:60)\n\tat io.appium.uiautomator2.handler.request.SafeRequestHandler.handle(SafeRequestHandler.java:59)\n\tat io.appium.uiautomator2.server.AppiumServlet.handleRequest(AppiumServlet.java:277)\n\tat io.appium.uiautomator2.server.AppiumServlet.handleHttpRequest(AppiumServlet.java:271)\n\tat io.appium.uiautomator2.http.ServerHandler.channelRead(ServerHandler.java:68)\n\tat io.netty.channel.AbstractChannelHandlerContext.invokeChannelRead(AbstractChannelHandlerContext.java:366)\n\tat io.netty.channel.Abstr...
[debug] &amp#27;[38;5;128m[W3C]&amp#27;[0m Matched W3C error code 'no such element' to NoSuchElementError
[debug] &amp#27;[38;5;32m[AndroidUiautomator2Driver@e47a (b74c386a)]&amp#27;[0m Waited for 628 ms so far
[debug] &amp#27;[38;5;32m[AndroidUiautomator2Driver@e47a (b74c386a)]&amp#27;[0m Matched '/element' to command name 'findElement'
[debug] &amp#27;[38;5;32m[AndroidUiautomator2Driver@e47a (b74c386a)]&amp#27;[0m Proxying [POST /element] to [POST http://127.0.0.1:8200/session/020492dc-88c2-4959-aa86-06e06cf23537/element] with body: {"strategy":"xpath","selector":"//android.widget.TextView[@text='Invalid username/password']","context":"","multiple":false}
&amp#27;[38;5;32m[AndroidUiautomator2Driver@e47a (b74c386a)]&amp#27;[0m Got response with status 404: {"sessionId":"020492dc-88c2-4959-aa86-06e06cf23537","value":{"error":"no such element","message":"An element could not be located on the page using the given search parameters","stacktrace":"io.appium.uiautomator2.common.exceptions.ElementNotFoundException: An element could not be located on the page using the given search parameters\n\tat io.appium.uiautomator2.utils.ElementLocationHelpers.findElement(ElementLocationHelpers.java:156)\n\tat io.appium.uiautomator2.handler.FindElement.safeHandle(FindElement.java:60)\n\tat io.appium.uiautomator2.handler.request.SafeRequestHandler.handle(SafeRequestHandler.java:59)\n\tat io.appium.uiautomator2.server.AppiumServlet.handleRequest(AppiumServlet.java:277)\n\tat io.appium.uiautomator2.server.AppiumServlet.handleHttpRequest(AppiumServlet.java:271)\n\tat io.appium.uiautomator2.http.ServerHandler.channelRead(ServerHandler.java:68)\n\tat io.netty.channel.AbstractChannelHandlerContext.invokeChannelRead(AbstractChannelHandlerContext.java:366)\n\tat io.netty.channel.Abstr...
[debug] &amp#27;[38;5;128m[W3C]&amp#27;[0m Matched W3C error code 'no such element' to NoSuchElementError
[debug] &amp#27;[38;5;32m[AndroidUiautomator2Driver@e47a (b74c386a)]&amp#27;[0m Waited for 1166 ms so far
[debug] &amp#27;[38;5;32m[AndroidUiautomator2Driver@e47a (b74c386a)]&amp#27;[0m Matched '/element' to command name 'findElement'
[debug] &amp#27;[38;5;32m[AndroidUiautomator2Driver@e47a (b74c386a)]&amp#27;[0m Proxying [POST /element] to [POST http://127.0.0.1:8200/session/020492dc-88c2-4959-aa86-06e06cf23537/element] with body: {"strategy":"xpath","selector":"//android.widget.TextView[@text='Invalid username/password']","context":"","multiple":false}
&amp#27;[38;5;32m[AndroidUiautomator2Driver@e47a (b74c386a)]&amp#27;[0m Got response with status 404: {"sessionId":"020492dc-88c2-4959-aa86-06e06cf23537","value":{"error":"no such element","message":"An element could not be located on the page using the given search parameters","stacktrace":"io.appium.uiautomator2.common.exceptions.ElementNotFoundException: An element could not be located on the page using the given search parameters\n\tat io.appium.uiautomator2.utils.ElementLocationHelpers.findElement(ElementLocationHelpers.java:156)\n\tat io.appium.uiautomator2.handler.FindElement.safeHandle(FindElement.java:60)\n\tat io.appium.uiautomator2.handler.request.SafeRequestHandler.handle(SafeRequestHandler.java:59)\n\tat io.appium.uiautomator2.server.AppiumServlet.handleRequest(AppiumServlet.java:277)\n\tat io.appium.uiautomator2.server.AppiumServlet.handleHttpRequest(AppiumServlet.java:271)\n\tat io.appium.uiautomator2.http.ServerHandler.channelRead(ServerHandler.java:68)\n\tat io.netty.channel.AbstractChannelHandlerContext.invokeChannelRead(AbstractChannelHandlerContext.java:366)\n\tat io.netty.channel.Abstr...
[debug] &amp#27;[38;5;128m[W3C]&amp#27;[0m Matched W3C error code 'no such element' to NoSuchElementError
[debug] &amp#27;[38;5;32m[AndroidUiautomator2Driver@e47a (b74c386a)]&amp#27;[0m Waited for 1702 ms so far
[debug] &amp#27;[38;5;32m[AndroidUiautomator2Driver@e47a (b74c386a)]&amp#27;[0m Matched '/element' to command name 'findElement'
[debug] &amp#27;[38;5;32m[AndroidUiautomator2Driver@e47a (b74c386a)]&amp#27;[0m Proxying [POST /element] to [POST http://127.0.0.1:8200/session/020492dc-88c2-4959-aa86-06e06cf23537/element] with body: {"strategy":"xpath","selector":"//android.widget.TextView[@text='Invalid username/password']","context":"","multiple":false}
&amp#27;[38;5;32m[AndroidUiautomator2Driver@e47a (b74c386a)]&amp#27;[0m Got response with status 404: {"sessionId":"020492dc-88c2-4959-aa86-06e06cf23537","value":{"error":"no such element","message":"An element could not be located on the page using the given search parameters","stacktrace":"io.appium.uiautomator2.common.exceptions.ElementNotFoundException: An element could not be located on the page using the given search parameters\n\tat io.appium.uiautomator2.utils.ElementLocationHelpers.findElement(ElementLocationHelpers.java:156)\n\tat io.appium.uiautomator2.handler.FindElement.safeHandle(FindElement.java:60)\n\tat io.appium.uiautomator2.handler.request.SafeRequestHandler.handle(SafeRequestHandler.java:59)\n\tat io.appium.uiautomator2.server.AppiumServlet.handleRequest(AppiumServlet.java:277)\n\tat io.appium.uiautomator2.server.AppiumServlet.handleHttpRequest(AppiumServlet.java:271)\n\tat io.appium.uiautomator2.http.ServerHandler.channelRead(ServerHandler.java:68)\n\tat io.netty.channel.AbstractChannelHandlerContext.invokeChannelRead(AbstractChannelHandlerContext.java:366)\n\tat io.netty.channel.Abstr...
[debug] &amp#27;[38;5;128m[W3C]&amp#27;[0m Matched W3C error code 'no such element' to NoSuchElementError
[debug] &amp#27;[38;5;32m[AndroidUiautomator2Driver@e47a (b74c386a)]&amp#27;[0m Waited for 2239 ms so far
[debug] &amp#27;[38;5;32m[AndroidUiautomator2Driver@e47a (b74c386a)]&amp#27;[0m Matched '/element' to command name 'findElement'
[debug] &amp#27;[38;5;32m[AndroidUiautomator2Driver@e47a (b74c386a)]&amp#27;[0m Proxying [POST /element] to [POST http://127.0.0.1:8200/session/020492dc-88c2-4959-aa86-06e06cf23537/element] with body: {"strategy":"xpath","selector":"//android.widget.TextView[@text='Invalid username/password']","context":"","multiple":false}
&amp#27;[38;5;32m[AndroidUiautomator2Driver@e47a (b74c386a)]&amp#27;[0m Got response with status 404: {"sessionId":"020492dc-88c2-4959-aa86-06e06cf23537","value":{"error":"no such element","message":"An element could not be located on the page using the given search parameters","stacktrace":"io.appium.uiautomator2.common.exceptions.ElementNotFoundException: An element could not be located on the page using the given search parameters\n\tat io.appium.uiautomator2.utils.ElementLocationHelpers.findElement(ElementLocationHelpers.java:156)\n\tat io.appium.uiautomator2.handler.FindElement.safeHandle(FindElement.java:60)\n\tat io.appium.uiautomator2.handler.request.SafeRequestHandler.handle(SafeRequestHandler.java:59)\n\tat io.appium.uiautomator2.server.AppiumServlet.handleRequest(AppiumServlet.java:277)\n\tat io.appium.uiautomator2.server.AppiumServlet.handleHttpRequest(AppiumServlet.java:271)\n\tat io.appium.uiautomator2.http.ServerHandler.channelRead(ServerHandler.java:68)\n\tat io.netty.channel.AbstractChannelHandlerContext.invokeChannelRead(AbstractChannelHandlerContext.java:366)\n\tat io.netty.channel.Abstr...
[debug] &amp#27;[38;5;128m[W3C]&amp#27;[0m Matched W3C error code 'no such element' to NoSuchElementError
[debug] &amp#27;[38;5;32m[AndroidUiautomator2Driver@e47a (b74c386a)]&amp#27;[0m Waited for 2789 ms so far
[debug] &amp#27;[38;5;32m[AndroidUiautomator2Driver@e47a (b74c386a)]&amp#27;[0m Matched '/element' to command name 'findElement'
[debug] &amp#27;[38;5;32m[AndroidUiautomator2Driver@e47a (b74c386a)]&amp#27;[0m Proxying [POST /element] to [POST http://127.0.0.1:8200/session/020492dc-88c2-4959-aa86-06e06cf23537/element] with body: {"strategy":"xpath","selector":"//android.widget.TextView[@text='Invalid username/password']","context":"","multiple":false}
&amp#27;[38;5;32m[AndroidUiautomator2Driver@e47a (b74c386a)]&amp#27;[0m Got response with status 404: {"sessionId":"020492dc-88c2-4959-aa86-06e06cf23537","value":{"error":"no such element","message":"An element could not be located on the page using the given search parameters","stacktrace":"io.appium.uiautomator2.common.exceptions.ElementNotFoundException: An element could not be located on the page using the given search parameters\n\tat io.appium.uiautomator2.utils.ElementLocationHelpers.findElement(ElementLocationHelpers.java:156)\n\tat io.appium.uiautomator2.handler.FindElement.safeHandle(FindElement.java:60)\n\tat io.appium.uiautomator2.handler.request.SafeRequestHandler.handle(SafeRequestHandler.java:59)\n\tat io.appium.uiautomator2.server.AppiumServlet.handleRequest(AppiumServlet.java:277)\n\tat io.appium.uiautomator2.server.AppiumServlet.handleHttpRequest(AppiumServlet.java:271)\n\tat io.appium.uiautomator2.http.ServerHandler.channelRead(ServerHandler.java:68)\n\tat io.netty.channel.AbstractChannelHandlerContext.invokeChannelRead(AbstractChannelHandlerContext.java:366)\n\tat io.netty.channel.Abstr...
[debug] &amp#27;[38;5;128m[W3C]&amp#27;[0m Matched W3C error code 'no such element' to NoSuchElementError
[debug] &amp#27;[38;5;32m[AndroidUiautomator2Driver@e47a (b74c386a)]&amp#27;[0m Waited for 3357 ms so far
[debug] &amp#27;[38;5;32m[AndroidUiautomator2Driver@e47a (b74c386a)]&amp#27;[0m Matched '/element' to command name 'findElement'
[debug] &amp#27;[38;5;32m[AndroidUiautomator2Driver@e47a (b74c386a)]&amp#27;[0m Proxying [POST /element] to [POST http://127.0.0.1:8200/session/020492dc-88c2-4959-aa86-06e06cf23537/element] with body: {"strategy":"xpath","selector":"//android.widget.TextView[@text='Invalid username/password']","context":"","multiple":false}
&amp#27;[38;5;32m[AndroidUiautomator2Driver@e47a (b74c386a)]&amp#27;[0m Got response with status 404: {"sessionId":"020492dc-88c2-4959-aa86-06e06cf23537","value":{"error":"no such element","message":"An element could not be located on the page using the given search parameters","stacktrace":"io.appium.uiautomator2.common.exceptions.ElementNotFoundException: An element could not be located on the page using the given search parameters\n\tat io.appium.uiautomator2.utils.ElementLocationHelpers.findElement(ElementLocationHelpers.java:156)\n\tat io.appium.uiautomator2.handler.FindElement.safeHandle(FindElement.java:60)\n\tat io.appium.uiautomator2.handler.request.SafeRequestHandler.handle(SafeRequestHandler.java:59)\n\tat io.appium.uiautomator2.server.AppiumServlet.handleRequest(AppiumServlet.java:277)\n\tat io.appium.uiautomator2.server.AppiumServlet.handleHttpRequest(AppiumServlet.java:271)\n\tat io.appium.uiautomator2.http.ServerHandler.channelRead(ServerHandler.java:68)\n\tat io.netty.channel.AbstractChannelHandlerContext.invokeChannelRead(AbstractChannelHandlerContext.java:366)\n\tat io.netty.channel.Abstr...
[debug] &amp#27;[38;5;128m[W3C]&amp#27;[0m Matched W3C error code 'no such element' to NoSuchElementError
[debug] &amp#27;[38;5;32m[AndroidUiautomator2Driver@e47a (b74c386a)]&amp#27;[0m Waited for 3920 ms so far
[debug] &amp#27;[38;5;32m[AndroidUiautomator2Driver@e47a (b74c386a)]&amp#27;[0m Matched '/element' to command name 'findElement'
[debug] &amp#27;[38;5;32m[AndroidUiautomator2Driver@e47a (b74c386a)]&amp#27;[0m Proxying [POST /element] to [POST http://127.0.0.1:8200/session/020492dc-88c2-4959-aa86-06e06cf23537/element] with body: {"strategy":"xpath","selector":"//android.widget.TextView[@text='Invalid username/password']","context":"","multiple":false}
&amp#27;[38;5;32m[AndroidUiautomator2Driver@e47a (b74c386a)]&amp#27;[0m Got response with status 404: {"sessionId":"020492dc-88c2-4959-aa86-06e06cf23537","value":{"error":"no such element","message":"An element could not be located on the page using the given search parameters","stacktrace":"io.appium.uiautomator2.common.exceptions.ElementNotFoundException: An element could not be located on the page using the given search parameters\n\tat io.appium.uiautomator2.utils.ElementLocationHelpers.findElement(ElementLocationHelpers.java:156)\n\tat io.appium.uiautomator2.handler.FindElement.safeHandle(FindElement.java:60)\n\tat io.appium.uiautomator2.handler.request.SafeRequestHandler.handle(SafeRequestHandler.java:59)\n\tat io.appium.uiautomator2.server.AppiumServlet.handleRequest(AppiumServlet.java:277)\n\tat io.appium.uiautomator2.server.AppiumServlet.handleHttpRequest(AppiumServlet.java:271)\n\tat io.appium.uiautomator2.http.ServerHandler.channelRead(ServerHandler.java:68)\n\tat io.netty.channel.AbstractChannelHandlerContext.invokeChannelRead(AbstractChannelHandlerContext.java:366)\n\tat io.netty.channel.Abstr...
[debug] &amp#27;[38;5;128m[W3C]&amp#27;[0m Matched W3C error code 'no such element' to NoSuchElementError
[debug] &amp#27;[38;5;32m[AndroidUiautomator2Driver@e47a (b74c386a)]&amp#27;[0m Waited for 4470 ms so far
[debug] &amp#27;[38;5;32m[AndroidUiautomator2Driver@e47a (b74c386a)]&amp#27;[0m Matched '/element' to command name 'findElement'
[debug] &amp#27;[38;5;32m[AndroidUiautomator2Driver@e47a (b74c386a)]&amp#27;[0m Proxying [POST /element] to [POST http://127.0.0.1:8200/session/020492dc-88c2-4959-aa86-06e06cf23537/element] with body: {"strategy":"xpath","selector":"//android.widget.TextView[@text='Invalid username/password']","context":"","multiple":false}
&amp#27;[38;5;32m[AndroidUiautomator2Driver@e47a (b74c386a)]&amp#27;[0m Got response with status 404: {"sessionId":"020492dc-88c2-4959-aa86-06e06cf23537","value":{"error":"no such element","message":"An element could not be located on the page using the given search parameters","stacktrace":"io.appium.uiautomator2.common.exceptions.ElementNotFoundException: An element could not be located on the page using the given search parameters\n\tat io.appium.uiautomator2.utils.ElementLocationHelpers.findElement(ElementLocationHelpers.java:156)\n\tat io.appium.uiautomator2.handler.FindElement.safeHandle(FindElement.java:60)\n\tat io.appium.uiautomator2.handler.request.SafeRequestHandler.handle(SafeRequestHandler.java:59)\n\tat io.appium.uiautomator2.server.AppiumServlet.handleRequest(AppiumServlet.java:277)\n\tat io.appium.uiautomator2.server.AppiumServlet.handleHttpRequest(AppiumServlet.java:271)\n\tat io.appium.uiautomator2.http.ServerHandler.channelRead(ServerHandler.java:68)\n\tat io.netty.channel.AbstractChannelHandlerContext.invokeChannelRead(AbstractChannelHandlerContext.java:366)\n\tat io.netty.channel.Abstr...
[debug] &amp#27;[38;5;128m[W3C]&amp#27;[0m Matched W3C error code 'no such element' to NoSuchElementError
[debug] &amp#27;[38;5;32m[AndroidUiautomator2Driver@e47a (b74c386a)]&amp#27;[0m Waited for 5007 ms so far
[debug] &amp#27;[38;5;32m[AndroidUiautomator2Driver@e47a (b74c386a)]&amp#27;[0m Matched '/element' to command name 'findElement'
[debug] &amp#27;[38;5;32m[AndroidUiautomator2Driver@e47a (b74c386a)]&amp#27;[0m Proxying [POST /element] to [POST http://127.0.0.1:8200/session/020492dc-88c2-4959-aa86-06e06cf23537/element] with body: {"strategy":"xpath","selector":"//android.widget.TextView[@text='Invalid username/password']","context":"","multiple":false}
[debug] &amp#27;[38;5;32m[AndroidUiautomator2Driver@e47a (b74c386a)]&amp#27;[0m Got response with status 200: {"sessionId":"020492dc-88c2-4959-aa86-06e06cf23537","value":{"ELEMENT":"00000000-0000-0021-ffff-ffff00000075","element-6066-11e4-a52e-4f735466cecf":"00000000-0000-0021-ffff-ffff00000075"}}
[debug] &amp#27;[38;5;32m[AndroidUiautomator2Driver@e47a (b74c386a)]&amp#27;[0m Responding to client with driver.findElement() result: {"element-6066-11e4-a52e-4f735466cecf":"00000000-0000-0021-ffff-ffff00000075","ELEMENT":"00000000-0000-0021-ffff-ffff00000075"}
&amp#27;[38;5;0m[HTTP]&amp#27;[0m &amp#27;[37m<-- POST /session/b74c386a-bd63-4a4d-b13a-d366382f07b7/element &amp#27;[39m&amp#27;[32m200&amp#27;[39m &amp#27;[90m5817 ms - 137&amp#27;[39m
&amp#27;[38;5;0m[HTTP]&amp#27;[0m &amp#27;[90m&amp#27;[39m
&amp#27;[38;5;0m[HTTP]&amp#27;[0m &amp#27;[37m-->&amp#27;[39m &amp#27;[37mGET&amp#27;[39m &amp#27;[37m/session/b74c386a-bd63-4a4d-b13a-d366382f07b7/element/00000000-0000-0021-ffff-ffff00000075/text&amp#27;[39m
&amp#27;[38;5;0m[HTTP]&amp#27;[0m &amp#27;[90m{}&amp#27;[39m
&amp#27;[38;5;32m[AndroidUiautomator2Driver@e47a (b74c386a)]&amp#27;[0m Driver proxy active, passing request on via HTTP proxy
[debug] &amp#27;[38;5;32m[AndroidUiautomator2Driver@e47a (b74c386a)]&amp#27;[0m Matched '/session/b74c386a-bd63-4a4d-b13a-d366382f07b7/element/00000000-0000-0021-ffff-ffff00000075/text' to command name 'getText'
[debug] &amp#27;[38;5;32m[AndroidUiautomator2Driver@e47a (b74c386a)]&amp#27;[0m Proxying [GET /session/b74c386a-bd63-4a4d-b13a-d366382f07b7/element/00000000-0000-0021-ffff-ffff00000075/text] to [GET http://127.0.0.1:8200/session/020492dc-88c2-4959-aa86-06e06cf23537/element/00000000-0000-0021-ffff-ffff00000075/text] with no body
[debug] &amp#27;[38;5;32m[AndroidUiautomator2Driver@e47a (b74c386a)]&amp#27;[0m Got response with status 200: {"sessionId":"020492dc-88c2-4959-aa86-06e06cf23537","value":"Invalid username/password"}
&amp#27;[38;5;32m[AndroidUiautomator2Driver@e47a (b74c386a)]&amp#27;[0m Replacing sessionId 020492dc-88c2-4959-aa86-06e06cf23537 with b74c386a-bd63-4a4d-b13a-d366382f07b7
&amp#27;[38;5;0m[HTTP]&amp#27;[0m &amp#27;[37m<-- GET /session/b74c386a-bd63-4a4d-b13a-d366382f07b7/element/00000000-0000-0021-ffff-ffff00000075/text &amp#27;[39m&amp#27;[32m200&amp#27;[39m &amp#27;[90m13 ms - 88&amp#27;[39m
&amp#27;[38;5;0m[HTTP]&amp#27;[0m &amp#27;[90m&amp#27;[39m
&amp#27;[38;5;0m[HTTP]&amp#27;[0m &amp#27;[37m-->&amp#27;[39m &amp#27;[37mPOST&amp#27;[39m &amp#27;[37m/session/b74c386a-bd63-4a4d-b13a-d366382f07b7/element&amp#27;[39m
&amp#27;[38;5;0m[HTTP]&amp#27;[0m &amp#27;[90m{"using":"xpath","value":"//android.widget.TextView[@text='Invalid username/password']"}&amp#27;[39m
[debug] &amp#27;[38;5;32m[AndroidUiautomator2Driver@e47a (b74c386a)]&amp#27;[0m Calling AppiumDriver.findElement() with args: ["xpath","//android.widget.TextView[@text='Invalid username/password']","b74c386a-bd63-4a4d-b13a-d366382f07b7"]
[debug] &amp#27;[38;5;32m[AndroidUiautomator2Driver@e47a (b74c386a)]&amp#27;[0m Valid locator strategies for this request: xpath, id, class name, accessibility id, css selector, -android uiautomator
[debug] &amp#27;[38;5;32m[AndroidUiautomator2Driver@e47a (b74c386a)]&amp#27;[0m Waiting up to 20000 ms for condition
[debug] &amp#27;[38;5;32m[AndroidUiautomator2Driver@e47a (b74c386a)]&amp#27;[0m Matched '/element' to command name 'findElement'
[debug] &amp#27;[38;5;32m[AndroidUiautomator2Driver@e47a (b74c386a)]&amp#27;[0m Proxying [POST /element] to [POST http://127.0.0.1:8200/session/020492dc-88c2-4959-aa86-06e06cf23537/element] with body: {"strategy":"xpath","selector":"//android.widget.TextView[@text='Invalid username/password']","context":"","multiple":false}
[debug] &amp#27;[38;5;32m[AndroidUiautomator2Driver@e47a (b74c386a)]&amp#27;[0m Got response with status 200: {"sessionId":"020492dc-88c2-4959-aa86-06e06cf23537","value":{"ELEMENT":"00000000-0000-0021-ffff-ffff00000075","element-6066-11e4-a52e-4f735466cecf":"00000000-0000-0021-ffff-ffff00000075"}}
[debug] &amp#27;[38;5;32m[AndroidUiautomator2Driver@e47a (b74c386a)]&amp#27;[0m Responding to client with driver.findElement() result: {"element-6066-11e4-a52e-4f735466cecf":"00000000-0000-0021-ffff-ffff00000075","ELEMENT":"00000000-0000-0021-ffff-ffff00000075"}
&amp#27;[38;5;0m[HTTP]&amp#27;[0m &amp#27;[37m<-- POST /session/b74c386a-bd63-4a4d-b13a-d366382f07b7/element &amp#27;[39m&amp#27;[32m200&amp#27;[39m &amp#27;[90m47 ms - 137&amp#27;[39m
&amp#27;[38;5;0m[HTTP]&amp#27;[0m &amp#27;[90m&amp#27;[39m
&amp#27;[38;5;0m[HTTP]&amp#27;[0m &amp#27;[37m-->&amp#27;[39m &amp#27;[37mGET&amp#27;[39m &amp#27;[37m/session/b74c386a-bd63-4a4d-b13a-d366382f07b7/element/00000000-0000-0021-ffff-ffff00000075/displayed&amp#27;[39m
&amp#27;[38;5;0m[HTTP]&amp#27;[0m &amp#27;[90m{}&amp#27;[39m
[debug] &amp#27;[38;5;32m[AndroidUiautomator2Driver@e47a (b74c386a)]&amp#27;[0m Calling AppiumDriver.elementDisplayed() with args: ["00000000-0000-0021-ffff-ffff00000075","b74c386a-bd63-4a4d-b13a-d366382f07b7"]
[debug] &amp#27;[38;5;32m[AndroidUiautomator2Driver@e47a (b74c386a)]&amp#27;[0m Matched '/element/00000000-0000-0021-ffff-ffff00000075/attribute/displayed' to command name 'getAttribute'
[debug] &amp#27;[38;5;32m[AndroidUiautomator2Driver@e47a (b74c386a)]&amp#27;[0m Proxying [GET /element/00000000-0000-0021-ffff-ffff00000075/attribute/displayed] to [GET http://127.0.0.1:8200/session/020492dc-88c2-4959-aa86-06e06cf23537/element/00000000-0000-0021-ffff-ffff00000075/attribute/displayed] with no body
[debug] &amp#27;[38;5;32m[AndroidUiautomator2Driver@e47a (b74c386a)]&amp#27;[0m Got response with status 200: {"sessionId":"020492dc-88c2-4959-aa86-06e06cf23537","value":"true"}
[debug] &amp#27;[38;5;32m[AndroidUiautomator2Driver@e47a (b74c386a)]&amp#27;[0m Responding to client with driver.elementDisplayed() result: true
&amp#27;[38;5;0m[HTTP]&amp#27;[0m &amp#27;[37m<-- GET /session/b74c386a-bd63-4a4d-b13a-d366382f07b7/element/00000000-0000-0021-ffff-ffff00000075/displayed &amp#27;[39m&amp#27;[32m200&amp#27;[39m &amp#27;[90m13 ms - 14&amp#27;[39m
&amp#27;[38;5;0m[HTTP]&amp#27;[0m &amp#27;[90m&amp#27;[39m
&amp#27;[38;5;0m[HTTP]&amp#27;[0m &amp#27;[37m-->&amp#27;[39m &amp#27;[37mPOST&amp#27;[39m &amp#27;[37m/session/b74c386a-bd63-4a4d-b13a-d366382f07b7/element&amp#27;[39m
&amp#27;[38;5;0m[HTTP]&amp#27;[0m &amp#27;[90m{"using":"xpath","value":"//android.widget.TextView[@text='Invalid username/password']"}&amp#27;[39m
[debug] &amp#27;[38;5;32m[AndroidUiautomator2Driver@e47a (b74c386a)]&amp#27;[0m Calling AppiumDriver.findElement() with args: ["xpath","//android.widget.TextView[@text='Invalid username/password']","b74c386a-bd63-4a4d-b13a-d366382f07b7"]
[debug] &amp#27;[38;5;32m[AndroidUiautomator2Driver@e47a (b74c386a)]&amp#27;[0m Valid locator strategies for this request: xpath, id, class name, accessibility id, css selector, -android uiautomator
[debug] &amp#27;[38;5;32m[AndroidUiautomator2Driver@e47a (b74c386a)]&amp#27;[0m Waiting up to 20000 ms for condition
[debug] &amp#27;[38;5;32m[AndroidUiautomator2Driver@e47a (b74c386a)]&amp#27;[0m Matched '/element' to command name 'findElement'
[debug] &amp#27;[38;5;32m[AndroidUiautomator2Driver@e47a (b74c386a)]&amp#27;[0m Proxying [POST /element] to [POST http://127.0.0.1:8200/session/020492dc-88c2-4959-aa86-06e06cf23537/element] with body: {"strategy":"xpath","selector":"//android.widget.TextView[@text='Invalid username/password']","context":"","multiple":false}
[debug] &amp#27;[38;5;32m[AndroidUiautomator2Driver@e47a (b74c386a)]&amp#27;[0m Got response with status 200: {"sessionId":"020492dc-88c2-4959-aa86-06e06cf23537","value":{"ELEMENT":"00000000-0000-0021-ffff-ffff00000075","element-6066-11e4-a52e-4f735466cecf":"00000000-0000-0021-ffff-ffff00000075"}}
[debug] &amp#27;[38;5;32m[AndroidUiautomator2Driver@e47a (b74c386a)]&amp#27;[0m Responding to client with driver.findElement() result: {"element-6066-11e4-a52e-4f735466cecf":"00000000-0000-0021-ffff-ffff00000075","ELEMENT":"00000000-0000-0021-ffff-ffff00000075"}
&amp#27;[38;5;0m[HTTP]&amp#27;[0m &amp#27;[37m<-- POST /session/b74c386a-bd63-4a4d-b13a-d366382f07b7/element &amp#27;[39m&amp#27;[32m200&amp#27;[39m &amp#27;[90m35 ms - 137&amp#27;[39m
&amp#27;[38;5;0m[HTTP]&amp#27;[0m &amp#27;[90m&amp#27;[39m
&amp#27;[38;5;0m[HTTP]&amp#27;[0m &amp#27;[37m-->&amp#27;[39m &amp#27;[37mGET&amp#27;[39m &amp#27;[37m/session/b74c386a-bd63-4a4d-b13a-d366382f07b7/element/00000000-0000-0021-ffff-ffff00000075/displayed&amp#27;[39m
&amp#27;[38;5;0m[HTTP]&amp#27;[0m &amp#27;[90m{}&amp#27;[39m
[debug] &amp#27;[38;5;32m[AndroidUiautomator2Driver@e47a (b74c386a)]&amp#27;[0m Calling AppiumDriver.elementDisplayed() with args: ["00000000-0000-0021-ffff-ffff00000075","b74c386a-bd63-4a4d-b13a-d366382f07b7"]
[debug] &amp#27;[38;5;32m[AndroidUiautomator2Driver@e47a (b74c386a)]&amp#27;[0m Matched '/element/00000000-0000-0021-ffff-ffff00000075/attribute/displayed' to command name 'getAttribute'
[debug] &amp#27;[38;5;32m[AndroidUiautomator2Driver@e47a (b74c386a)]&amp#27;[0m Proxying [GET /element/00000000-0000-0021-ffff-ffff00000075/attribute/displayed] to [GET http://127.0.0.1:8200/session/020492dc-88c2-4959-aa86-06e06cf23537/element/00000000-0000-0021-ffff-ffff00000075/attribute/displayed] with no body
[debug] &amp#27;[38;5;32m[AndroidUiautomator2Driver@e47a (b74c386a)]&amp#27;[0m Got response with status 200: {"sessionId":"020492dc-88c2-4959-aa86-06e06cf23537","value":"true"}
[debug] &amp#27;[38;5;32m[AndroidUiautomator2Driver@e47a (b74c386a)]&amp#27;[0m Responding to client with driver.elementDisplayed() result: true
&amp#27;[38;5;0m[HTTP]&amp#27;[0m &amp#27;[37m<-- GET /session/b74c386a-bd63-4a4d-b13a-d366382f07b7/element/00000000-0000-0021-ffff-ffff00000075/displayed &amp#27;[39m&amp#27;[32m200&amp#27;[39m &amp#27;[90m9 ms - 14&amp#27;[39m
&amp#27;[38;5;0m[HTTP]&amp#27;[0m &amp#27;[90m&amp#27;[39m
&amp#27;[38;5;0m[HTTP]&amp#27;[0m &amp#27;[37m-->&amp#27;[39m &amp#27;[37mPOST&amp#27;[39m &amp#27;[37m/session/b74c386a-bd63-4a4d-b13a-d366382f07b7/element&amp#27;[39m
&amp#27;[38;5;0m[HTTP]&amp#27;[0m &amp#27;[90m{"using":"xpath","value":"//android.widget.TextView[@text='Invalid username/password']"}&amp#27;[39m
[debug] &amp#27;[38;5;32m[AndroidUiautomator2Driver@e47a (b74c386a)]&amp#27;[0m Calling AppiumDriver.findElement() with args: ["xpath","//android.widget.TextView[@text='Invalid username/password']","b74c386a-bd63-4a4d-b13a-d366382f07b7"]
[debug] &amp#27;[38;5;32m[AndroidUiautomator2Driver@e47a (b74c386a)]&amp#27;[0m Valid locator strategies for this request: xpath, id, class name, accessibility id, css selector, -android uiautomator
[debug] &amp#27;[38;5;32m[AndroidUiautomator2Driver@e47a (b74c386a)]&amp#27;[0m Waiting up to 20000 ms for condition
[debug] &amp#27;[38;5;32m[AndroidUiautomator2Driver@e47a (b74c386a)]&amp#27;[0m Matched '/element' to command name 'findElement'
[debug] &amp#27;[38;5;32m[AndroidUiautomator2Driver@e47a (b74c386a)]&amp#27;[0m Proxying [POST /element] to [POST http://127.0.0.1:8200/session/020492dc-88c2-4959-aa86-06e06cf23537/element] with body: {"strategy":"xpath","selector":"//android.widget.TextView[@text='Invalid username/password']","context":"","multiple":false}
[debug] &amp#27;[38;5;32m[AndroidUiautomator2Driver@e47a (b74c386a)]&amp#27;[0m Got response with status 200: {"sessionId":"020492dc-88c2-4959-aa86-06e06cf23537","value":{"ELEMENT":"00000000-0000-0021-ffff-ffff00000075","element-6066-11e4-a52e-4f735466cecf":"00000000-0000-0021-ffff-ffff00000075"}}
[debug] &amp#27;[38;5;32m[AndroidUiautomator2Driver@e47a (b74c386a)]&amp#27;[0m Responding to client with driver.findElement() result: {"element-6066-11e4-a52e-4f735466cecf":"00000000-0000-0021-ffff-ffff00000075","ELEMENT":"00000000-0000-0021-ffff-ffff00000075"}
&amp#27;[38;5;0m[HTTP]&amp#27;[0m &amp#27;[37m<-- POST /session/b74c386a-bd63-4a4d-b13a-d366382f07b7/element &amp#27;[39m&amp#27;[32m200&amp#27;[39m &amp#27;[90m36 ms - 137&amp#27;[39m
&amp#27;[38;5;0m[HTTP]&amp#27;[0m &amp#27;[90m&amp#27;[39m
&amp#27;[38;5;0m[HTTP]&amp#27;[0m &amp#27;[37m-->&amp#27;[39m &amp#27;[37mGET&amp#27;[39m &amp#27;[37m/session/b74c386a-bd63-4a4d-b13a-d366382f07b7/element/00000000-0000-0021-ffff-ffff00000075/displayed&amp#27;[39m
&amp#27;[38;5;0m[HTTP]&amp#27;[0m &amp#27;[90m{}&amp#27;[39m
[debug] &amp#27;[38;5;32m[AndroidUiautomator2Driver@e47a (b74c386a)]&amp#27;[0m Calling AppiumDriver.elementDisplayed() with args: ["00000000-0000-0021-ffff-ffff00000075","b74c386a-bd63-4a4d-b13a-d366382f07b7"]
[debug] &amp#27;[38;5;32m[AndroidUiautomator2Driver@e47a (b74c386a)]&amp#27;[0m Matched '/element/00000000-0000-0021-ffff-ffff00000075/attribute/displayed' to command name 'getAttribute'
[debug] &amp#27;[38;5;32m[AndroidUiautomator2Driver@e47a (b74c386a)]&amp#27;[0m Proxying [GET /element/00000000-0000-0021-ffff-ffff00000075/attribute/displayed] to [GET http://127.0.0.1:8200/session/020492dc-88c2-4959-aa86-06e06cf23537/element/00000000-0000-0021-ffff-ffff00000075/attribute/displayed] with no body
[debug] &amp#27;[38;5;32m[AndroidUiautomator2Driver@e47a (b74c386a)]&amp#27;[0m Got response with status 200: {"sessionId":"020492dc-88c2-4959-aa86-06e06cf23537","value":"true"}
[debug] &amp#27;[38;5;32m[AndroidUiautomator2Driver@e47a (b74c386a)]&amp#27;[0m Responding to client with driver.elementDisplayed() result: true
&amp#27;[38;5;0m[HTTP]&amp#27;[0m &amp#27;[37m<-- GET /session/b74c386a-bd63-4a4d-b13a-d366382f07b7/element/00000000-0000-0021-ffff-ffff00000075/displayed &amp#27;[39m&amp#27;[32m200&amp#27;[39m &amp#27;[90m9 ms - 14&amp#27;[39m
&amp#27;[38;5;0m[HTTP]&amp#27;[0m &amp#27;[90m&amp#27;[39m
&amp#27;[38;5;0m[HTTP]&amp#27;[0m &amp#27;[37m-->&amp#27;[39m &amp#27;[37mGET&amp#27;[39m &amp#27;[37m/session/d6c1cc38-6946-4747-89f8-56067f4364bb/timeouts&amp#27;[39m
&amp#27;[38;5;0m[HTTP]&amp#27;[0m &amp#27;[90m{}&amp#27;[39m
[debug] &amp#27;[38;5;16m[AppiumDriver@10c8]&amp#27;[0m Encountered internal error running command: NoSuchDriverError: A session is either terminated or not started
[debug] &amp#27;[38;5;16m[AppiumDriver@10c8]&amp#27;[0m     at asyncHandler (C:\Users\daniel.ogagavworia\AppData\Roaming\npm\node_modules\appium\node_modules\@appium\base-driver\lib\protocol\protocol.js:315:15)
[debug] &amp#27;[38;5;16m[AppiumDriver@10c8]&amp#27;[0m     at C:\Users\daniel.ogagavworia\AppData\Roaming\npm\node_modules\appium\node_modules\@appium\base-driver\lib\protocol\protocol.js:518:15
[debug] &amp#27;[38;5;16m[AppiumDriver@10c8]&amp#27;[0m     at Layer.handle [as handle_request] (C:\Users\daniel.ogagavworia\AppData\Roaming\npm\node_modules\appium\node_modules\express\lib\router\layer.js:95:5)
[debug] &amp#27;[38;5;16m[AppiumDriver@10c8]&amp#27;[0m     at next (C:\Users\daniel.ogagavworia\AppData\Roaming\npm\node_modules\appium\node_modules\express\lib\router\route.js:144:13)
[debug] &amp#27;[38;5;16m[AppiumDriver@10c8]&amp#27;[0m     at Route.dispatch (C:\Users\daniel.ogagavworia\AppData\Roaming\npm\node_modules\appium\node_modules\express\lib\router\route.js:114:3)
[debug] &amp#27;[38;5;16m[AppiumDriver@10c8]&amp#27;[0m     at Layer.handle [as handle_request] (C:\Users\daniel.ogagavworia\AppData\Roaming\npm\node_modules\appium\node_modules\express\lib\router\layer.js:95:5)
[debug] &amp#27;[38;5;16m[AppiumDriver@10c8]&amp#27;[0m     at C:\Users\daniel.ogagavworia\AppData\Roaming\npm\node_modules\appium\node_modules\express\lib\router\index.js:284:15
[debug] &amp#27;[38;5;16m[AppiumDriver@10c8]&amp#27;[0m     at param (C:\Users\daniel.ogagavworia\AppData\Roaming\npm\node_modules\appium\node_modules\express\lib\router\index.js:365:14)
[debug] &amp#27;[38;5;16m[AppiumDriver@10c8]&amp#27;[0m     at param (C:\Users\daniel.ogagavworia\AppData\Roaming\npm\node_modules\appium\node_modules\express\lib\router\index.js:376:14)
[debug] &amp#27;[38;5;16m[AppiumDriver@10c8]&amp#27;[0m     at Function.process_params (C:\Users\daniel.ogagavworia\AppData\Roaming\npm\node_modules\appium\node_modules\express\lib\router\index.js:421:3)
[debug] &amp#27;[38;5;16m[AppiumDriver@10c8]&amp#27;[0m     at next (C:\Users\daniel.ogagavworia\AppData\Roaming\npm\node_modules\appium\node_modules\express\lib\router\index.js:280:10)
[debug] &amp#27;[38;5;16m[AppiumDriver@10c8]&amp#27;[0m     at logger (C:\Users\daniel.ogagavworia\AppData\Roaming\npm\node_modules\appium\node_modules\morgan\index.js:144:5)
[debug] &amp#27;[38;5;16m[AppiumDriver@10c8]&amp#27;[0m     at Layer.handle [as handle_request] (C:\Users\daniel.ogagavworia\AppData\Roaming\npm\node_modules\appium\node_modules\express\lib\router\layer.js:95:5)
[debug] &amp#27;[38;5;16m[AppiumDriver@10c8]&amp#27;[0m     at trim_prefix (C:\Users\daniel.ogagavworia\AppData\Roaming\npm\node_modules\appium\node_modules\express\lib\router\index.js:328:13)
[debug] &amp#27;[38;5;16m[AppiumDriver@10c8]&amp#27;[0m     at C:\Users\daniel.ogagavworia\AppData\Roaming\npm\node_modules\appium\node_modules\express\lib\router\index.js:286:9
[debug] &amp#27;[38;5;16m[AppiumDriver@10c8]&amp#27;[0m     at Function.process_params (C:\Users\daniel.ogagavworia\AppData\Roaming\npm\node_modules\appium\node_modules\express\lib\router\index.js:346:12)
[debug] &amp#27;[38;5;16m[AppiumDriver@10c8]&amp#27;[0m     at next (C:\Users\daniel.ogagavworia\AppData\Roaming\npm\node_modules\appium\node_modules\express\lib\router\index.js:280:10)
[debug] &amp#27;[38;5;16m[AppiumDriver@10c8]&amp#27;[0m     at jsonParser (C:\Users\daniel.ogagavworia\AppData\Roaming\npm\node_modules\appium\node_modules\body-parser\lib\types\json.js:113:7)
[debug] &amp#27;[38;5;16m[AppiumDriver@10c8]&amp#27;[0m     at Layer.handle [as handle_request] (C:\Users\daniel.ogagavworia\AppData\Roaming\npm\node_modules\appium\node_modules\express\lib\router\layer.js:95:5)
[debug] &amp#27;[38;5;16m[AppiumDriver@10c8]&amp#27;[0m     at trim_prefix (C:\Users\daniel.ogagavworia\AppData\Roaming\npm\node_modules\appium\node_modules\express\lib\router\index.js:328:13)
[debug] &amp#27;[38;5;16m[AppiumDriver@10c8]&amp#27;[0m     at C:\Users\daniel.ogagavworia\AppData\Roaming\npm\node_modules\appium\node_modules\express\lib\router\index.js:286:9
[debug] &amp#27;[38;5;16m[AppiumDriver@10c8]&amp#27;[0m     at Function.process_params (C:\Users\daniel.ogagavworia\AppData\Roaming\npm\node_modules\appium\node_modules\express\lib\router\index.js:346:12)
&amp#27;[38;5;0m[HTTP]&amp#27;[0m &amp#27;[37m<-- GET /session/d6c1cc38-6946-4747-89f8-56067f4364bb/timeouts &amp#27;[39m&amp#27;[33m404&amp#27;[39m &amp#27;[90m2 ms - 3517&amp#27;[39m
&amp#27;[38;5;0m[HTTP]&amp#27;[0m &amp#27;[90m&amp#27;[39m
&amp#27;[38;5;0m[HTTP]&amp#27;[0m &amp#27;[37m-->&amp#27;[39m &amp#27;[37mPOST&amp#27;[39m &amp#27;[37m/session/b74c386a-bd63-4a4d-b13a-d366382f07b7/element&amp#27;[39m
&amp#27;[38;5;0m[HTTP]&amp#27;[0m &amp#27;[90m{"using":"xpath","value":"//android.widget.TextView[@text='Invalid username/password']"}&amp#27;[39m
[debug] &amp#27;[38;5;32m[AndroidUiautomator2Driver@e47a (b74c386a)]&amp#27;[0m Calling AppiumDriver.findElement() with args: ["xpath","//android.widget.TextView[@text='Invalid username/password']","b74c386a-bd63-4a4d-b13a-d366382f07b7"]
[debug] &amp#27;[38;5;32m[AndroidUiautomator2Driver@e47a (b74c386a)]&amp#27;[0m Valid locator strategies for this request: xpath, id, class name, accessibility id, css selector, -android uiautomator
[debug] &amp#27;[38;5;32m[AndroidUiautomator2Driver@e47a (b74c386a)]&amp#27;[0m Waiting up to 20000 ms for condition
[debug] &amp#27;[38;5;32m[AndroidUiautomator2Driver@e47a (b74c386a)]&amp#27;[0m Matched '/element' to command name 'findElement'
[debug] &amp#27;[38;5;32m[AndroidUiautomator2Driver@e47a (b74c386a)]&amp#27;[0m Proxying [POST /element] to [POST http://127.0.0.1:8200/session/020492dc-88c2-4959-aa86-06e06cf23537/element] with body: {"strategy":"xpath","selector":"//android.widget.TextView[@text='Invalid username/password']","context":"","multiple":false}
&amp#27;[38;5;32m[AndroidUiautomator2Driver@e47a (b74c386a)]&amp#27;[0m Got response with status 404: {"sessionId":"020492dc-88c2-4959-aa86-06e06cf23537","value":{"error":"no such element","message":"An element could not be located on the page using the given search parameters","stacktrace":"io.appium.uiautomator2.common.exceptions.ElementNotFoundException: An element could not be located on the page using the given search parameters\n\tat io.appium.uiautomator2.utils.ElementLocationHelpers.findElement(ElementLocationHelpers.java:156)\n\tat io.appium.uiautomator2.handler.FindElement.safeHandle(FindElement.java:60)\n\tat io.appium.uiautomator2.handler.request.SafeRequestHandler.handle(SafeRequestHandler.java:59)\n\tat io.appium.uiautomator2.server.AppiumServlet.handleRequest(AppiumServlet.java:277)\n\tat io.appium.uiautomator2.server.AppiumServlet.handleHttpRequest(AppiumServlet.java:271)\n\tat io.appium.uiautomator2.http.ServerHandler.channelRead(ServerHandler.java:68)\n\tat io.netty.channel.AbstractChannelHandlerContext.invokeChannelRead(AbstractChannelHandlerContext.java:366)\n\tat io.netty.channel.Abstr...
[debug] &amp#27;[38;5;128m[W3C]&amp#27;[0m Matched W3C error code 'no such element' to NoSuchElementError
[debug] &amp#27;[38;5;32m[AndroidUiautomator2Driver@e47a (b74c386a)]&amp#27;[0m Waited for 37 ms so far
[debug] &amp#27;[38;5;32m[AndroidUiautomator2Driver@e47a (b74c386a)]&amp#27;[0m Matched '/element' to command name 'findElement'
[debug] &amp#27;[38;5;32m[AndroidUiautomator2Driver@e47a (b74c386a)]&amp#27;[0m Proxying [POST /element] to [POST http://127.0.0.1:8200/session/020492dc-88c2-4959-aa86-06e06cf23537/element] with body: {"strategy":"xpath","selector":"//android.widget.TextView[@text='Invalid username/password']","context":"","multiple":false}
&amp#27;[38;5;32m[AndroidUiautomator2Driver@e47a (b74c386a)]&amp#27;[0m Got response with status 404: {"sessionId":"020492dc-88c2-4959-aa86-06e06cf23537","value":{"error":"no such element","message":"An element could not be located on the page using the given search parameters","stacktrace":"io.appium.uiautomator2.common.exceptions.ElementNotFoundException: An element could not be located on the page using the given search parameters\n\tat io.appium.uiautomator2.utils.ElementLocationHelpers.findElement(ElementLocationHelpers.java:156)\n\tat io.appium.uiautomator2.handler.FindElement.safeHandle(FindElement.java:60)\n\tat io.appium.uiautomator2.handler.request.SafeRequestHandler.handle(SafeRequestHandler.java:59)\n\tat io.appium.uiautomator2.server.AppiumServlet.handleRequest(AppiumServlet.java:277)\n\tat io.appium.uiautomator2.server.AppiumServlet.handleHttpRequest(AppiumServlet.java:271)\n\tat io.appium.uiautomator2.http.ServerHandler.channelRead(ServerHandler.java:68)\n\tat io.netty.channel.AbstractChannelHandlerContext.invokeChannelRead(AbstractChannelHandlerContext.java:366)\n\tat io.netty.channel.Abstr...
[debug] &amp#27;[38;5;128m[W3C]&amp#27;[0m Matched W3C error code 'no such element' to NoSuchElementError
[debug] &amp#27;[38;5;32m[AndroidUiautomator2Driver@e47a (b74c386a)]&amp#27;[0m Waited for 582 ms so far
[debug] &amp#27;[38;5;32m[AndroidUiautomator2Driver@e47a (b74c386a)]&amp#27;[0m Matched '/element' to command name 'findElement'
[debug] &amp#27;[38;5;32m[AndroidUiautomator2Driver@e47a (b74c386a)]&amp#27;[0m Proxying [POST /element] to [POST http://127.0.0.1:8200/session/020492dc-88c2-4959-aa86-06e06cf23537/element] with body: {"strategy":"xpath","selector":"//android.widget.TextView[@text='Invalid username/password']","context":"","multiple":false}
&amp#27;[38;5;32m[AndroidUiautomator2Driver@e47a (b74c386a)]&amp#27;[0m Got response with status 404: {"sessionId":"020492dc-88c2-4959-aa86-06e06cf23537","value":{"error":"no such element","message":"An element could not be located on the page using the given search parameters","stacktrace":"io.appium.uiautomator2.common.exceptions.ElementNotFoundException: An element could not be located on the page using the given search parameters\n\tat io.appium.uiautomator2.utils.ElementLocationHelpers.findElement(ElementLocationHelpers.java:156)\n\tat io.appium.uiautomator2.handler.FindElement.safeHandle(FindElement.java:60)\n\tat io.appium.uiautomator2.handler.request.SafeRequestHandler.handle(SafeRequestHandler.java:59)\n\tat io.appium.uiautomator2.server.AppiumServlet.handleRequest(AppiumServlet.java:277)\n\tat io.appium.uiautomator2.server.AppiumServlet.handleHttpRequest(AppiumServlet.java:271)\n\tat io.appium.uiautomator2.http.ServerHandler.channelRead(ServerHandler.java:68)\n\tat io.netty.channel.AbstractChannelHandlerContext.invokeChannelRead(AbstractChannelHandlerContext.java:366)\n\tat io.netty.channel.Abstr...
[debug] &amp#27;[38;5;128m[W3C]&amp#27;[0m Matched W3C error code 'no such element' to NoSuchElementError
[debug] &amp#27;[38;5;32m[AndroidUiautomator2Driver@e47a (b74c386a)]&amp#27;[0m Waited for 1120 ms so far
[debug] &amp#27;[38;5;32m[AndroidUiautomator2Driver@e47a (b74c386a)]&amp#27;[0m Matched '/element' to command name 'findElement'
[debug] &amp#27;[38;5;32m[AndroidUiautomator2Driver@e47a (b74c386a)]&amp#27;[0m Proxying [POST /element] to [POST http://127.0.0.1:8200/session/020492dc-88c2-4959-aa86-06e06cf23537/element] with body: {"strategy":"xpath","selector":"//android.widget.TextView[@text='Invalid username/password']","context":"","multiple":false}
&amp#27;[38;5;32m[AndroidUiautomator2Driver@e47a (b74c386a)]&amp#27;[0m Got response with status 404: {"sessionId":"020492dc-88c2-4959-aa86-06e06cf23537","value":{"error":"no such element","message":"An element could not be located on the page using the given search parameters","stacktrace":"io.appium.uiautomator2.common.exceptions.ElementNotFoundException: An element could not be located on the page using the given search parameters\n\tat io.appium.uiautomator2.utils.ElementLocationHelpers.findElement(ElementLocationHelpers.java:156)\n\tat io.appium.uiautomator2.handler.FindElement.safeHandle(FindElement.java:60)\n\tat io.appium.uiautomator2.handler.request.SafeRequestHandler.handle(SafeRequestHandler.java:59)\n\tat io.appium.uiautomator2.server.AppiumServlet.handleRequest(AppiumServlet.java:277)\n\tat io.appium.uiautomator2.server.AppiumServlet.handleHttpRequest(AppiumServlet.java:271)\n\tat io.appium.uiautomator2.http.ServerHandler.channelRead(ServerHandler.java:68)\n\tat io.netty.channel.AbstractChannelHandlerContext.invokeChannelRead(AbstractChannelHandlerContext.java:366)\n\tat io.netty.channel.Abstr...
[debug] &amp#27;[38;5;128m[W3C]&amp#27;[0m Matched W3C error code 'no such element' to NoSuchElementError
[debug] &amp#27;[38;5;32m[AndroidUiautomator2Driver@e47a (b74c386a)]&amp#27;[0m Waited for 1657 ms so far
[debug] &amp#27;[38;5;32m[AndroidUiautomator2Driver@e47a (b74c386a)]&amp#27;[0m Matched '/element' to command name 'findElement'
[debug] &amp#27;[38;5;32m[AndroidUiautomator2Driver@e47a (b74c386a)]&amp#27;[0m Proxying [POST /element] to [POST http://127.0.0.1:8200/session/020492dc-88c2-4959-aa86-06e06cf23537/element] with body: {"strategy":"xpath","selector":"//android.widget.TextView[@text='Invalid username/password']","context":"","multiple":false}
&amp#27;[38;5;32m[AndroidUiautomator2Driver@e47a (b74c386a)]&amp#27;[0m Got response with status 404: {"sessionId":"020492dc-88c2-4959-aa86-06e06cf23537","value":{"error":"no such element","message":"An element could not be located on the page using the given search parameters","stacktrace":"io.appium.uiautomator2.common.exceptions.ElementNotFoundException: An element could not be located on the page using the given search parameters\n\tat io.appium.uiautomator2.utils.ElementLocationHelpers.findElement(ElementLocationHelpers.java:156)\n\tat io.appium.uiautomator2.handler.FindElement.safeHandle(FindElement.java:60)\n\tat io.appium.uiautomator2.handler.request.SafeRequestHandler.handle(SafeRequestHandler.java:59)\n\tat io.appium.uiautomator2.server.AppiumServlet.handleRequest(AppiumServlet.java:277)\n\tat io.appium.uiautomator2.server.AppiumServlet.handleHttpRequest(AppiumServlet.java:271)\n\tat io.appium.uiautomator2.http.ServerHandler.channelRead(ServerHandler.java:68)\n\tat io.netty.channel.AbstractChannelHandlerContext.invokeChannelRead(AbstractChannelHandlerContext.java:366)\n\tat io.netty.channel.Abstr...
[debug] &amp#27;[38;5;128m[W3C]&amp#27;[0m Matched W3C error code 'no such element' to NoSuchElementError
[debug] &amp#27;[38;5;32m[AndroidUiautomator2Driver@e47a (b74c386a)]&amp#27;[0m Waited for 2193 ms so far
[debug] &amp#27;[38;5;32m[AndroidUiautomator2Driver@e47a (b74c386a)]&amp#27;[0m Matched '/element' to command name 'findElement'
[debug] &amp#27;[38;5;32m[AndroidUiautomator2Driver@e47a (b74c386a)]&amp#27;[0m Proxying [POST /element] to [POST http://127.0.0.1:8200/session/020492dc-88c2-4959-aa86-06e06cf23537/element] with body: {"strategy":"xpath","selector":"//android.widget.TextView[@text='Invalid username/password']","context":"","multiple":false}
&amp#27;[38;5;32m[AndroidUiautomator2Driver@e47a (b74c386a)]&amp#27;[0m Got response with status 404: {"sessionId":"020492dc-88c2-4959-aa86-06e06cf23537","value":{"error":"no such element","message":"An element could not be located on the page using the given search parameters","stacktrace":"io.appium.uiautomator2.common.exceptions.ElementNotFoundException: An element could not be located on the page using the given search parameters\n\tat io.appium.uiautomator2.utils.ElementLocationHelpers.findElement(ElementLocationHelpers.java:156)\n\tat io.appium.uiautomator2.handler.FindElement.safeHandle(FindElement.java:60)\n\tat io.appium.uiautomator2.handler.request.SafeRequestHandler.handle(SafeRequestHandler.java:59)\n\tat io.appium.uiautomator2.server.AppiumServlet.handleRequest(AppiumServlet.java:277)\n\tat io.appium.uiautomator2.server.AppiumServlet.handleHttpRequest(AppiumServlet.java:271)\n\tat io.appium.uiautomator2.http.ServerHandler.channelRead(ServerHandler.java:68)\n\tat io.netty.channel.AbstractChannelHandlerContext.invokeChannelRead(AbstractChannelHandlerContext.java:366)\n\tat io.netty.channel.Abstr...
[debug] &amp#27;[38;5;128m[W3C]&amp#27;[0m Matched W3C error code 'no such element' to NoSuchElementError
[debug] &amp#27;[38;5;32m[AndroidUiautomator2Driver@e47a (b74c386a)]&amp#27;[0m Waited for 2744 ms so far
[debug] &amp#27;[38;5;32m[AndroidUiautomator2Driver@e47a (b74c386a)]&amp#27;[0m Matched '/element' to command name 'findElement'
[debug] &amp#27;[38;5;32m[AndroidUiautomator2Driver@e47a (b74c386a)]&amp#27;[0m Proxying [POST /element] to [POST http://127.0.0.1:8200/session/020492dc-88c2-4959-aa86-06e06cf23537/element] with body: {"strategy":"xpath","selector":"//android.widget.TextView[@text='Invalid username/password']","context":"","multiple":false}
&amp#27;[38;5;32m[AndroidUiautomator2Driver@e47a (b74c386a)]&amp#27;[0m Got response with status 404: {"sessionId":"020492dc-88c2-4959-aa86-06e06cf23537","value":{"error":"no such element","message":"An element could not be located on the page using the given search parameters","stacktrace":"io.appium.uiautomator2.common.exceptions.ElementNotFoundException: An element could not be located on the page using the given search parameters\n\tat io.appium.uiautomator2.utils.ElementLocationHelpers.findElement(ElementLocationHelpers.java:156)\n\tat io.appium.uiautomator2.handler.FindElement.safeHandle(FindElement.java:60)\n\tat io.appium.uiautomator2.handler.request.SafeRequestHandler.handle(SafeRequestHandler.java:59)\n\tat io.appium.uiautomator2.server.AppiumServlet.handleRequest(AppiumServlet.java:277)\n\tat io.appium.uiautomator2.server.AppiumServlet.handleHttpRequest(AppiumServlet.java:271)\n\tat io.appium.uiautomator2.http.ServerHandler.channelRead(ServerHandler.java:68)\n\tat io.netty.channel.AbstractChannelHandlerContext.invokeChannelRead(AbstractChannelHandlerContext.java:366)\n\tat io.netty.channel.Abstr...
[debug] &amp#27;[38;5;128m[W3C]&amp#27;[0m Matched W3C error code 'no such element' to NoSuchElementError
[debug] &amp#27;[38;5;32m[AndroidUiautomator2Driver@e47a (b74c386a)]&amp#27;[0m Waited for 3285 ms so far
[debug] &amp#27;[38;5;32m[AndroidUiautomator2Driver@e47a (b74c386a)]&amp#27;[0m Matched '/element' to command name 'findElement'
[debug] &amp#27;[38;5;32m[AndroidUiautomator2Driver@e47a (b74c386a)]&amp#27;[0m Proxying [POST /element] to [POST http://127.0.0.1:8200/session/020492dc-88c2-4959-aa86-06e06cf23537/element] with body: {"strategy":"xpath","selector":"//android.widget.TextView[@text='Invalid username/password']","context":"","multiple":false}
&amp#27;[38;5;32m[AndroidUiautomator2Driver@e47a (b74c386a)]&amp#27;[0m Got response with status 404: {"sessionId":"020492dc-88c2-4959-aa86-06e06cf23537","value":{"error":"no such element","message":"An element could not be located on the page using the given search parameters","stacktrace":"io.appium.uiautomator2.common.exceptions.ElementNotFoundException: An element could not be located on the page using the given search parameters\n\tat io.appium.uiautomator2.utils.ElementLocationHelpers.findElement(ElementLocationHelpers.java:156)\n\tat io.appium.uiautomator2.handler.FindElement.safeHandle(FindElement.java:60)\n\tat io.appium.uiautomator2.handler.request.SafeRequestHandler.handle(SafeRequestHandler.java:59)\n\tat io.appium.uiautomator2.server.AppiumServlet.handleRequest(AppiumServlet.java:277)\n\tat io.appium.uiautomator2.server.AppiumServlet.handleHttpRequest(AppiumServlet.java:271)\n\tat io.appium.uiautomator2.http.ServerHandler.channelRead(ServerHandler.java:68)\n\tat io.netty.channel.AbstractChannelHandlerContext.invokeChannelRead(AbstractChannelHandlerContext.java:366)\n\tat io.netty.channel.Abstr...
[debug] &amp#27;[38;5;128m[W3C]&amp#27;[0m Matched W3C error code 'no such element' to NoSuchElementError
[debug] &amp#27;[38;5;32m[AndroidUiautomator2Driver@e47a (b74c386a)]&amp#27;[0m Waited for 3826 ms so far
[debug] &amp#27;[38;5;32m[AndroidUiautomator2Driver@e47a (b74c386a)]&amp#27;[0m Matched '/element' to command name 'findElement'
[debug] &amp#27;[38;5;32m[AndroidUiautomator2Driver@e47a (b74c386a)]&amp#27;[0m Proxying [POST /element] to [POST http://127.0.0.1:8200/session/020492dc-88c2-4959-aa86-06e06cf23537/element] with body: {"strategy":"xpath","selector":"//android.widget.TextView[@text='Invalid username/password']","context":"","multiple":false}
&amp#27;[38;5;32m[AndroidUiautomator2Driver@e47a (b74c386a)]&amp#27;[0m Got response with status 404: {"sessionId":"020492dc-88c2-4959-aa86-06e06cf23537","value":{"error":"no such element","message":"An element could not be located on the page using the given search parameters","stacktrace":"io.appium.uiautomator2.common.exceptions.ElementNotFoundException: An element could not be located on the page using the given search parameters\n\tat io.appium.uiautomator2.utils.ElementLocationHelpers.findElement(ElementLocationHelpers.java:156)\n\tat io.appium.uiautomator2.handler.FindElement.safeHandle(FindElement.java:60)\n\tat io.appium.uiautomator2.handler.request.SafeRequestHandler.handle(SafeRequestHandler.java:59)\n\tat io.appium.uiautomator2.server.AppiumServlet.handleRequest(AppiumServlet.java:277)\n\tat io.appium.uiautomator2.server.AppiumServlet.handleHttpRequest(AppiumServlet.java:271)\n\tat io.appium.uiautomator2.http.ServerHandler.channelRead(ServerHandler.java:68)\n\tat io.netty.channel.AbstractChannelHandlerContext.invokeChannelRead(AbstractChannelHandlerContext.java:366)\n\tat io.netty.channel.Abstr...
[debug] &amp#27;[38;5;128m[W3C]&amp#27;[0m Matched W3C error code 'no such element' to NoSuchElementError
[debug] &amp#27;[38;5;32m[AndroidUiautomator2Driver@e47a (b74c386a)]&amp#27;[0m Waited for 4369 ms so far
[debug] &amp#27;[38;5;32m[AndroidUiautomator2Driver@e47a (b74c386a)]&amp#27;[0m Matched '/element' to command name 'findElement'
[debug] &amp#27;[38;5;32m[AndroidUiautomator2Driver@e47a (b74c386a)]&amp#27;[0m Proxying [POST /element] to [POST http://127.0.0.1:8200/session/020492dc-88c2-4959-aa86-06e06cf23537/element] with body: {"strategy":"xpath","selector":"//android.widget.TextView[@text='Invalid username/password']","context":"","multiple":false}
&amp#27;[38;5;32m[AndroidUiautomator2Driver@e47a (b74c386a)]&amp#27;[0m Got response with status 404: {"sessionId":"020492dc-88c2-4959-aa86-06e06cf23537","value":{"error":"no such element","message":"An element could not be located on the page using the given search parameters","stacktrace":"io.appium.uiautomator2.common.exceptions.ElementNotFoundException: An element could not be located on the page using the given search parameters\n\tat io.appium.uiautomator2.utils.ElementLocationHelpers.findElement(ElementLocationHelpers.java:156)\n\tat io.appium.uiautomator2.handler.FindElement.safeHandle(FindElement.java:60)\n\tat io.appium.uiautomator2.handler.request.SafeRequestHandler.handle(SafeRequestHandler.java:59)\n\tat io.appium.uiautomator2.server.AppiumServlet.handleRequest(AppiumServlet.java:277)\n\tat io.appium.uiautomator2.server.AppiumServlet.handleHttpRequest(AppiumServlet.java:271)\n\tat io.appium.uiautomator2.http.ServerHandler.channelRead(ServerHandler.java:68)\n\tat io.netty.channel.AbstractChannelHandlerContext.invokeChannelRead(AbstractChannelHandlerContext.java:366)\n\tat io.netty.channel.Abstr...
[debug] &amp#27;[38;5;128m[W3C]&amp#27;[0m Matched W3C error code 'no such element' to NoSuchElementError
[debug] &amp#27;[38;5;32m[AndroidUiautomator2Driver@e47a (b74c386a)]&amp#27;[0m Waited for 4903 ms so far
[debug] &amp#27;[38;5;32m[AndroidUiautomator2Driver@e47a (b74c386a)]&amp#27;[0m Matched '/element' to command name 'findElement'
[debug] &amp#27;[38;5;32m[AndroidUiautomator2Driver@e47a (b74c386a)]&amp#27;[0m Proxying [POST /element] to [POST http://127.0.0.1:8200/session/020492dc-88c2-4959-aa86-06e06cf23537/element] with body: {"strategy":"xpath","selector":"//android.widget.TextView[@text='Invalid username/password']","context":"","multiple":false}
&amp#27;[38;5;32m[AndroidUiautomator2Driver@e47a (b74c386a)]&amp#27;[0m Got response with status 404: {"sessionId":"020492dc-88c2-4959-aa86-06e06cf23537","value":{"error":"no such element","message":"An element could not be located on the page using the given search parameters","stacktrace":"io.appium.uiautomator2.common.exceptions.ElementNotFoundException: An element could not be located on the page using the given search parameters\n\tat io.appium.uiautomator2.utils.ElementLocationHelpers.findElement(ElementLocationHelpers.java:156)\n\tat io.appium.uiautomator2.handler.FindElement.safeHandle(FindElement.java:60)\n\tat io.appium.uiautomator2.handler.request.SafeRequestHandler.handle(SafeRequestHandler.java:59)\n\tat io.appium.uiautomator2.server.AppiumServlet.handleRequest(AppiumServlet.java:277)\n\tat io.appium.uiautomator2.server.AppiumServlet.handleHttpRequest(AppiumServlet.java:271)\n\tat io.appium.uiautomator2.http.ServerHandler.channelRead(ServerHandler.java:68)\n\tat io.netty.channel.AbstractChannelHandlerContext.invokeChannelRead(AbstractChannelHandlerContext.java:366)\n\tat io.netty.channel.Abstr...
[debug] &amp#27;[38;5;128m[W3C]&amp#27;[0m Matched W3C error code 'no such element' to NoSuchElementError
[debug] &amp#27;[38;5;32m[AndroidUiautomator2Driver@e47a (b74c386a)]&amp#27;[0m Waited for 5447 ms so far
[debug] &amp#27;[38;5;32m[AndroidUiautomator2Driver@e47a (b74c386a)]&amp#27;[0m Matched '/element' to command name 'findElement'
[debug] &amp#27;[38;5;32m[AndroidUiautomator2Driver@e47a (b74c386a)]&amp#27;[0m Proxying [POST /element] to [POST http://127.0.0.1:8200/session/020492dc-88c2-4959-aa86-06e06cf23537/element] with body: {"strategy":"xpath","selector":"//android.widget.TextView[@text='Invalid username/password']","context":"","multiple":false}
&amp#27;[38;5;32m[AndroidUiautomator2Driver@e47a (b74c386a)]&amp#27;[0m Got response with status 404: {"sessionId":"020492dc-88c2-4959-aa86-06e06cf23537","value":{"error":"no such element","message":"An element could not be located on the page using the given search parameters","stacktrace":"io.appium.uiautomator2.common.exceptions.ElementNotFoundException: An element could not be located on the page using the given search parameters\n\tat io.appium.uiautomator2.utils.ElementLocationHelpers.findElement(ElementLocationHelpers.java:156)\n\tat io.appium.uiautomator2.handler.FindElement.safeHandle(FindElement.java:60)\n\tat io.appium.uiautomator2.handler.request.SafeRequestHandler.handle(SafeRequestHandler.java:59)\n\tat io.appium.uiautomator2.server.AppiumServlet.handleRequest(AppiumServlet.java:277)\n\tat io.appium.uiautomator2.server.AppiumServlet.handleHttpRequest(AppiumServlet.java:271)\n\tat io.appium.uiautomator2.http.ServerHandler.channelRead(ServerHandler.java:68)\n\tat io.netty.channel.AbstractChannelHandlerContext.invokeChannelRead(AbstractChannelHandlerContext.java:366)\n\tat io.netty.channel.Abstr...
[debug] &amp#27;[38;5;128m[W3C]&amp#27;[0m Matched W3C error code 'no such element' to NoSuchElementError
[debug] &amp#27;[38;5;32m[AndroidUiautomator2Driver@e47a (b74c386a)]&amp#27;[0m Waited for 5991 ms so far
[debug] &amp#27;[38;5;32m[AndroidUiautomator2Driver@e47a (b74c386a)]&amp#27;[0m Matched '/element' to command name 'findElement'
[debug] &amp#27;[38;5;32m[AndroidUiautomator2Driver@e47a (b74c386a)]&amp#27;[0m Proxying [POST /element] to [POST http://127.0.0.1:8200/session/020492dc-88c2-4959-aa86-06e06cf23537/element] with body: {"strategy":"xpath","selector":"//android.widget.TextView[@text='Invalid username/password']","context":"","multiple":false}
&amp#27;[38;5;32m[AndroidUiautomator2Driver@e47a (b74c386a)]&amp#27;[0m Got response with status 404: {"sessionId":"020492dc-88c2-4959-aa86-06e06cf23537","value":{"error":"no such element","message":"An element could not be located on the page using the given search parameters","stacktrace":"io.appium.uiautomator2.common.exceptions.ElementNotFoundException: An element could not be located on the page using the given search parameters\n\tat io.appium.uiautomator2.utils.ElementLocationHelpers.findElement(ElementLocationHelpers.java:156)\n\tat io.appium.uiautomator2.handler.FindElement.safeHandle(FindElement.java:60)\n\tat io.appium.uiautomator2.handler.request.SafeRequestHandler.handle(SafeRequestHandler.java:59)\n\tat io.appium.uiautomator2.server.AppiumServlet.handleRequest(AppiumServlet.java:277)\n\tat io.appium.uiautomator2.server.AppiumServlet.handleHttpRequest(AppiumServlet.java:271)\n\tat io.appium.uiautomator2.http.ServerHandler.channelRead(ServerHandler.java:68)\n\tat io.netty.channel.AbstractChannelHandlerContext.invokeChannelRead(AbstractChannelHandlerContext.java:366)\n\tat io.netty.channel.Abstr...
[debug] &amp#27;[38;5;128m[W3C]&amp#27;[0m Matched W3C error code 'no such element' to NoSuchElementError
[debug] &amp#27;[38;5;32m[AndroidUiautomator2Driver@e47a (b74c386a)]&amp#27;[0m Waited for 6532 ms so far
[debug] &amp#27;[38;5;32m[AndroidUiautomator2Driver@e47a (b74c386a)]&amp#27;[0m Matched '/element' to command name 'findElement'
[debug] &amp#27;[38;5;32m[AndroidUiautomator2Driver@e47a (b74c386a)]&amp#27;[0m Proxying [POST /element] to [POST http://127.0.0.1:8200/session/020492dc-88c2-4959-aa86-06e06cf23537/element] with body: {"strategy":"xpath","selector":"//android.widget.TextView[@text='Invalid username/password']","context":"","multiple":false}
&amp#27;[38;5;32m[AndroidUiautomator2Driver@e47a (b74c386a)]&amp#27;[0m Got response with status 404: {"sessionId":"020492dc-88c2-4959-aa86-06e06cf23537","value":{"error":"no such element","message":"An element could not be located on the page using the given search parameters","stacktrace":"io.appium.uiautomator2.common.exceptions.ElementNotFoundException: An element could not be located on the page using the given search parameters\n\tat io.appium.uiautomator2.utils.ElementLocationHelpers.findElement(ElementLocationHelpers.java:156)\n\tat io.appium.uiautomator2.handler.FindElement.safeHandle(FindElement.java:60)\n\tat io.appium.uiautomator2.handler.request.SafeRequestHandler.handle(SafeRequestHandler.java:59)\n\tat io.appium.uiautomator2.server.AppiumServlet.handleRequest(AppiumServlet.java:277)\n\tat io.appium.uiautomator2.server.AppiumServlet.handleHttpRequest(AppiumServlet.java:271)\n\tat io.appium.uiautomator2.http.ServerHandler.channelRead(ServerHandler.java:68)\n\tat io.netty.channel.AbstractChannelHandlerContext.invokeChannelRead(AbstractChannelHandlerContext.java:366)\n\tat io.netty.channel.Abstr...
[debug] &amp#27;[38;5;128m[W3C]&amp#27;[0m Matched W3C error code 'no such element' to NoSuchElementError
[debug] &amp#27;[38;5;32m[AndroidUiautomator2Driver@e47a (b74c386a)]&amp#27;[0m Waited for 7075 ms so far
[debug] &amp#27;[38;5;32m[AndroidUiautomator2Driver@e47a (b74c386a)]&amp#27;[0m Matched '/element' to command name 'findElement'
[debug] &amp#27;[38;5;32m[AndroidUiautomator2Driver@e47a (b74c386a)]&amp#27;[0m Proxying [POST /element] to [POST http://127.0.0.1:8200/session/020492dc-88c2-4959-aa86-06e06cf23537/element] with body: {"strategy":"xpath","selector":"//android.widget.TextView[@text='Invalid username/password']","context":"","multiple":false}
&amp#27;[38;5;32m[AndroidUiautomator2Driver@e47a (b74c386a)]&amp#27;[0m Got response with status 404: {"sessionId":"020492dc-88c2-4959-aa86-06e06cf23537","value":{"error":"no such element","message":"An element could not be located on the page using the given search parameters","stacktrace":"io.appium.uiautomator2.common.exceptions.ElementNotFoundException: An element could not be located on the page using the given search parameters\n\tat io.appium.uiautomator2.utils.ElementLocationHelpers.findElement(ElementLocationHelpers.java:156)\n\tat io.appium.uiautomator2.handler.FindElement.safeHandle(FindElement.java:60)\n\tat io.appium.uiautomator2.handler.request.SafeRequestHandler.handle(SafeRequestHandler.java:59)\n\tat io.appium.uiautomator2.server.AppiumServlet.handleRequest(AppiumServlet.java:277)\n\tat io.appium.uiautomator2.server.AppiumServlet.handleHttpRequest(AppiumServlet.java:271)\n\tat io.appium.uiautomator2.http.ServerHandler.channelRead(ServerHandler.java:68)\n\tat io.netty.channel.AbstractChannelHandlerContext.invokeChannelRead(AbstractChannelHandlerContext.java:366)\n\tat io.netty.channel.Abstr...
[debug] &amp#27;[38;5;128m[W3C]&amp#27;[0m Matched W3C error code 'no such element' to NoSuchElementError
[debug] &amp#27;[38;5;32m[AndroidUiautomator2Driver@e47a (b74c386a)]&amp#27;[0m Waited for 7602 ms so far
[debug] &amp#27;[38;5;32m[AndroidUiautomator2Driver@e47a (b74c386a)]&amp#27;[0m Matched '/element' to command name 'findElement'
[debug] &amp#27;[38;5;32m[AndroidUiautomator2Driver@e47a (b74c386a)]&amp#27;[0m Proxying [POST /element] to [POST http://127.0.0.1:8200/session/020492dc-88c2-4959-aa86-06e06cf23537/element] with body: {"strategy":"xpath","selector":"//android.widget.TextView[@text='Invalid username/password']","context":"","multiple":false}
&amp#27;[38;5;32m[AndroidUiautomator2Driver@e47a (b74c386a)]&amp#27;[0m Got response with status 404: {"sessionId":"020492dc-88c2-4959-aa86-06e06cf23537","value":{"error":"no such element","message":"An element could not be located on the page using the given search parameters","stacktrace":"io.appium.uiautomator2.common.exceptions.ElementNotFoundException: An element could not be located on the page using the given search parameters\n\tat io.appium.uiautomator2.utils.ElementLocationHelpers.findElement(ElementLocationHelpers.java:156)\n\tat io.appium.uiautomator2.handler.FindElement.safeHandle(FindElement.java:60)\n\tat io.appium.uiautomator2.handler.request.SafeRequestHandler.handle(SafeRequestHandler.java:59)\n\tat io.appium.uiautomator2.server.AppiumServlet.handleRequest(AppiumServlet.java:277)\n\tat io.appium.uiautomator2.server.AppiumServlet.handleHttpRequest(AppiumServlet.java:271)\n\tat io.appium.uiautomator2.http.ServerHandler.channelRead(ServerHandler.java:68)\n\tat io.netty.channel.AbstractChannelHandlerContext.invokeChannelRead(AbstractChannelHandlerContext.java:366)\n\tat io.netty.channel.Abstr...
[debug] &amp#27;[38;5;128m[W3C]&amp#27;[0m Matched W3C error code 'no such element' to NoSuchElementError
[debug] &amp#27;[38;5;32m[AndroidUiautomator2Driver@e47a (b74c386a)]&amp#27;[0m Waited for 8132 ms so far
[debug] &amp#27;[38;5;32m[AndroidUiautomator2Driver@e47a (b74c386a)]&amp#27;[0m Matched '/element' to command name 'findElement'
[debug] &amp#27;[38;5;32m[AndroidUiautomator2Driver@e47a (b74c386a)]&amp#27;[0m Proxying [POST /element] to [POST http://127.0.0.1:8200/session/020492dc-88c2-4959-aa86-06e06cf23537/element] with body: {"strategy":"xpath","selector":"//android.widget.TextView[@text='Invalid username/password']","context":"","multiple":false}
&amp#27;[38;5;32m[AndroidUiautomator2Driver@e47a (b74c386a)]&amp#27;[0m Got response with status 404: {"sessionId":"020492dc-88c2-4959-aa86-06e06cf23537","value":{"error":"no such element","message":"An element could not be located on the page using the given search parameters","stacktrace":"io.appium.uiautomator2.common.exceptions.ElementNotFoundException: An element could not be located on the page using the given search parameters\n\tat io.appium.uiautomator2.utils.ElementLocationHelpers.findElement(ElementLocationHelpers.java:156)\n\tat io.appium.uiautomator2.handler.FindElement.safeHandle(FindElement.java:60)\n\tat io.appium.uiautomator2.handler.request.SafeRequestHandler.handle(SafeRequestHandler.java:59)\n\tat io.appium.uiautomator2.server.AppiumServlet.handleRequest(AppiumServlet.java:277)\n\tat io.appium.uiautomator2.server.AppiumServlet.handleHttpRequest(AppiumServlet.java:271)\n\tat io.appium.uiautomator2.http.ServerHandler.channelRead(ServerHandler.java:68)\n\tat io.netty.channel.AbstractChannelHandlerContext.invokeChannelRead(AbstractChannelHandlerContext.java:366)\n\tat io.netty.channel.Abstr...
[debug] &amp#27;[38;5;128m[W3C]&amp#27;[0m Matched W3C error code 'no such element' to NoSuchElementError
[debug] &amp#27;[38;5;32m[AndroidUiautomator2Driver@e47a (b74c386a)]&amp#27;[0m Waited for 8666 ms so far
[debug] &amp#27;[38;5;32m[AndroidUiautomator2Driver@e47a (b74c386a)]&amp#27;[0m Matched '/element' to command name 'findElement'
[debug] &amp#27;[38;5;32m[AndroidUiautomator2Driver@e47a (b74c386a)]&amp#27;[0m Proxying [POST /element] to [POST http://127.0.0.1:8200/session/020492dc-88c2-4959-aa86-06e06cf23537/element] with body: {"strategy":"xpath","selector":"//android.widget.TextView[@text='Invalid username/password']","context":"","multiple":false}
&amp#27;[38;5;32m[AndroidUiautomator2Driver@e47a (b74c386a)]&amp#27;[0m Got response with status 404: {"sessionId":"020492dc-88c2-4959-aa86-06e06cf23537","value":{"error":"no such element","message":"An element could not be located on the page using the given search parameters","stacktrace":"io.appium.uiautomator2.common.exceptions.ElementNotFoundException: An element could not be located on the page using the given search parameters\n\tat io.appium.uiautomator2.utils.ElementLocationHelpers.findElement(ElementLocationHelpers.java:156)\n\tat io.appium.uiautomator2.handler.FindElement.safeHandle(FindElement.java:60)\n\tat io.appium.uiautomator2.handler.request.SafeRequestHandler.handle(SafeRequestHandler.java:59)\n\tat io.appium.uiautomator2.server.AppiumServlet.handleRequest(AppiumServlet.java:277)\n\tat io.appium.uiautomator2.server.AppiumServlet.handleHttpRequest(AppiumServlet.java:271)\n\tat io.appium.uiautomator2.http.ServerHandler.channelRead(ServerHandler.java:68)\n\tat io.netty.channel.AbstractChannelHandlerContext.invokeChannelRead(AbstractChannelHandlerContext.java:366)\n\tat io.netty.channel.Abstr...
[debug] &amp#27;[38;5;128m[W3C]&amp#27;[0m Matched W3C error code 'no such element' to NoSuchElementError
[debug] &amp#27;[38;5;32m[AndroidUiautomator2Driver@e47a (b74c386a)]&amp#27;[0m Waited for 9191 ms so far
[debug] &amp#27;[38;5;32m[AndroidUiautomator2Driver@e47a (b74c386a)]&amp#27;[0m Matched '/element' to command name 'findElement'
[debug] &amp#27;[38;5;32m[AndroidUiautomator2Driver@e47a (b74c386a)]&amp#27;[0m Proxying [POST /element] to [POST http://127.0.0.1:8200/session/020492dc-88c2-4959-aa86-06e06cf23537/element] with body: {"strategy":"xpath","selector":"//android.widget.TextView[@text='Invalid username/password']","context":"","multiple":false}
&amp#27;[38;5;32m[AndroidUiautomator2Driver@e47a (b74c386a)]&amp#27;[0m Got response with status 404: {"sessionId":"020492dc-88c2-4959-aa86-06e06cf23537","value":{"error":"no such element","message":"An element could not be located on the page using the given search parameters","stacktrace":"io.appium.uiautomator2.common.exceptions.ElementNotFoundException: An element could not be located on the page using the given search parameters\n\tat io.appium.uiautomator2.utils.ElementLocationHelpers.findElement(ElementLocationHelpers.java:156)\n\tat io.appium.uiautomator2.handler.FindElement.safeHandle(FindElement.java:60)\n\tat io.appium.uiautomator2.handler.request.SafeRequestHandler.handle(SafeRequestHandler.java:59)\n\tat io.appium.uiautomator2.server.AppiumServlet.handleRequest(AppiumServlet.java:277)\n\tat io.appium.uiautomator2.server.AppiumServlet.handleHttpRequest(AppiumServlet.java:271)\n\tat io.appium.uiautomator2.http.ServerHandler.channelRead(ServerHandler.java:68)\n\tat io.netty.channel.AbstractChannelHandlerContext.invokeChannelRead(AbstractChannelHandlerContext.java:366)\n\tat io.netty.channel.Abstr...
[debug] &amp#27;[38;5;128m[W3C]&amp#27;[0m Matched W3C error code 'no such element' to NoSuchElementError
[debug] &amp#27;[38;5;32m[AndroidUiautomator2Driver@e47a (b74c386a)]&amp#27;[0m Waited for 9724 ms so far
[debug] &amp#27;[38;5;32m[AndroidUiautomator2Driver@e47a (b74c386a)]&amp#27;[0m Matched '/element' to command name 'findElement'
[debug] &amp#27;[38;5;32m[AndroidUiautomator2Driver@e47a (b74c386a)]&amp#27;[0m Proxying [POST /element] to [POST http://127.0.0.1:8200/session/020492dc-88c2-4959-aa86-06e06cf23537/element] with body: {"strategy":"xpath","selector":"//android.widget.TextView[@text='Invalid username/password']","context":"","multiple":false}
&amp#27;[38;5;32m[AndroidUiautomator2Driver@e47a (b74c386a)]&amp#27;[0m Got response with status 404: {"sessionId":"020492dc-88c2-4959-aa86-06e06cf23537","value":{"error":"no such element","message":"An element could not be located on the page using the given search parameters","stacktrace":"io.appium.uiautomator2.common.exceptions.ElementNotFoundException: An element could not be located on the page using the given search parameters\n\tat io.appium.uiautomator2.utils.ElementLocationHelpers.findElement(ElementLocationHelpers.java:156)\n\tat io.appium.uiautomator2.handler.FindElement.safeHandle(FindElement.java:60)\n\tat io.appium.uiautomator2.handler.request.SafeRequestHandler.handle(SafeRequestHandler.java:59)\n\tat io.appium.uiautomator2.server.AppiumServlet.handleRequest(AppiumServlet.java:277)\n\tat io.appium.uiautomator2.server.AppiumServlet.handleHttpRequest(AppiumServlet.java:271)\n\tat io.appium.uiautomator2.http.ServerHandler.channelRead(ServerHandler.java:68)\n\tat io.netty.channel.AbstractChannelHandlerContext.invokeChannelRead(AbstractChannelHandlerContext.java:366)\n\tat io.netty.channel.Abstr...
[debug] &amp#27;[38;5;128m[W3C]&amp#27;[0m Matched W3C error code 'no such element' to NoSuchElementError
[debug] &amp#27;[38;5;32m[AndroidUiautomator2Driver@e47a (b74c386a)]&amp#27;[0m Waited for 10252 ms so far
[debug] &amp#27;[38;5;32m[AndroidUiautomator2Driver@e47a (b74c386a)]&amp#27;[0m Matched '/element' to command name 'findElement'
[debug] &amp#27;[38;5;32m[AndroidUiautomator2Driver@e47a (b74c386a)]&amp#27;[0m Proxying [POST /element] to [POST http://127.0.0.1:8200/session/020492dc-88c2-4959-aa86-06e06cf23537/element] with body: {"strategy":"xpath","selector":"//android.widget.TextView[@text='Invalid username/password']","context":"","multiple":false}
&amp#27;[38;5;32m[AndroidUiautomator2Driver@e47a (b74c386a)]&amp#27;[0m Got response with status 404: {"sessionId":"020492dc-88c2-4959-aa86-06e06cf23537","value":{"error":"no such element","message":"An element could not be located on the page using the given search parameters","stacktrace":"io.appium.uiautomator2.common.exceptions.ElementNotFoundException: An element could not be located on the page using the given search parameters\n\tat io.appium.uiautomator2.utils.ElementLocationHelpers.findElement(ElementLocationHelpers.java:156)\n\tat io.appium.uiautomator2.handler.FindElement.safeHandle(FindElement.java:60)\n\tat io.appium.uiautomator2.handler.request.SafeRequestHandler.handle(SafeRequestHandler.java:59)\n\tat io.appium.uiautomator2.server.AppiumServlet.handleRequest(AppiumServlet.java:277)\n\tat io.appium.uiautomator2.server.AppiumServlet.handleHttpRequest(AppiumServlet.java:271)\n\tat io.appium.uiautomator2.http.ServerHandler.channelRead(ServerHandler.java:68)\n\tat io.netty.channel.AbstractChannelHandlerContext.invokeChannelRead(AbstractChannelHandlerContext.java:366)\n\tat io.netty.channel.Abstr...
[debug] &amp#27;[38;5;128m[W3C]&amp#27;[0m Matched W3C error code 'no such element' to NoSuchElementError
[debug] &amp#27;[38;5;32m[AndroidUiautomator2Driver@e47a (b74c386a)]&amp#27;[0m Waited for 10786 ms so far
[debug] &amp#27;[38;5;32m[AndroidUiautomator2Driver@e47a (b74c386a)]&amp#27;[0m Matched '/element' to command name 'findElement'
[debug] &amp#27;[38;5;32m[AndroidUiautomator2Driver@e47a (b74c386a)]&amp#27;[0m Proxying [POST /element] to [POST http://127.0.0.1:8200/session/020492dc-88c2-4959-aa86-06e06cf23537/element] with body: {"strategy":"xpath","selector":"//android.widget.TextView[@text='Invalid username/password']","context":"","multiple":false}
&amp#27;[38;5;32m[AndroidUiautomator2Driver@e47a (b74c386a)]&amp#27;[0m Got response with status 404: {"sessionId":"020492dc-88c2-4959-aa86-06e06cf23537","value":{"error":"no such element","message":"An element could not be located on the page using the given search parameters","stacktrace":"io.appium.uiautomator2.common.exceptions.ElementNotFoundException: An element could not be located on the page using the given search parameters\n\tat io.appium.uiautomator2.utils.ElementLocationHelpers.findElement(ElementLocationHelpers.java:156)\n\tat io.appium.uiautomator2.handler.FindElement.safeHandle(FindElement.java:60)\n\tat io.appium.uiautomator2.handler.request.SafeRequestHandler.handle(SafeRequestHandler.java:59)\n\tat io.appium.uiautomator2.server.AppiumServlet.handleRequest(AppiumServlet.java:277)\n\tat io.appium.uiautomator2.server.AppiumServlet.handleHttpRequest(AppiumServlet.java:271)\n\tat io.appium.uiautomator2.http.ServerHandler.channelRead(ServerHandler.java:68)\n\tat io.netty.channel.AbstractChannelHandlerContext.invokeChannelRead(AbstractChannelHandlerContext.java:366)\n\tat io.netty.channel.Abstr...
[debug] &amp#27;[38;5;128m[W3C]&amp#27;[0m Matched W3C error code 'no such element' to NoSuchElementError
[debug] &amp#27;[38;5;32m[AndroidUiautomator2Driver@e47a (b74c386a)]&amp#27;[0m Waited for 11321 ms so far
[debug] &amp#27;[38;5;32m[AndroidUiautomator2Driver@e47a (b74c386a)]&amp#27;[0m Matched '/element' to command name 'findElement'
[debug] &amp#27;[38;5;32m[AndroidUiautomator2Driver@e47a (b74c386a)]&amp#27;[0m Proxying [POST /element] to [POST http://127.0.0.1:8200/session/020492dc-88c2-4959-aa86-06e06cf23537/element] with body: {"strategy":"xpath","selector":"//android.widget.TextView[@text='Invalid username/password']","context":"","multiple":false}
&amp#27;[38;5;32m[AndroidUiautomator2Driver@e47a (b74c386a)]&amp#27;[0m Got response with status 404: {"sessionId":"020492dc-88c2-4959-aa86-06e06cf23537","value":{"error":"no such element","message":"An element could not be located on the page using the given search parameters","stacktrace":"io.appium.uiautomator2.common.exceptions.ElementNotFoundException: An element could not be located on the page using the given search parameters\n\tat io.appium.uiautomator2.utils.ElementLocationHelpers.findElement(ElementLocationHelpers.java:156)\n\tat io.appium.uiautomator2.handler.FindElement.safeHandle(FindElement.java:60)\n\tat io.appium.uiautomator2.handler.request.SafeRequestHandler.handle(SafeRequestHandler.java:59)\n\tat io.appium.uiautomator2.server.AppiumServlet.handleRequest(AppiumServlet.java:277)\n\tat io.appium.uiautomator2.server.AppiumServlet.handleHttpRequest(AppiumServlet.java:271)\n\tat io.appium.uiautomator2.http.ServerHandler.channelRead(ServerHandler.java:68)\n\tat io.netty.channel.AbstractChannelHandlerContext.invokeChannelRead(AbstractChannelHandlerContext.java:366)\n\tat io.netty.channel.Abstr...
[debug] &amp#27;[38;5;128m[W3C]&amp#27;[0m Matched W3C error code 'no such element' to NoSuchElementError
[debug] &amp#27;[38;5;32m[AndroidUiautomator2Driver@e47a (b74c386a)]&amp#27;[0m Waited for 11852 ms so far
[debug] &amp#27;[38;5;32m[AndroidUiautomator2Driver@e47a (b74c386a)]&amp#27;[0m Matched '/element' to command name 'findElement'
[debug] &amp#27;[38;5;32m[AndroidUiautomator2Driver@e47a (b74c386a)]&amp#27;[0m Proxying [POST /element] to [POST http://127.0.0.1:8200/session/020492dc-88c2-4959-aa86-06e06cf23537/element] with body: {"strategy":"xpath","selector":"//android.widget.TextView[@text='Invalid username/password']","context":"","multiple":false}
&amp#27;[38;5;32m[AndroidUiautomator2Driver@e47a (b74c386a)]&amp#27;[0m Got response with status 404: {"sessionId":"020492dc-88c2-4959-aa86-06e06cf23537","value":{"error":"no such element","message":"An element could not be located on the page using the given search parameters","stacktrace":"io.appium.uiautomator2.common.exceptions.ElementNotFoundException: An element could not be located on the page using the given search parameters\n\tat io.appium.uiautomator2.utils.ElementLocationHelpers.findElement(ElementLocationHelpers.java:156)\n\tat io.appium.uiautomator2.handler.FindElement.safeHandle(FindElement.java:60)\n\tat io.appium.uiautomator2.handler.request.SafeRequestHandler.handle(SafeRequestHandler.java:59)\n\tat io.appium.uiautomator2.server.AppiumServlet.handleRequest(AppiumServlet.java:277)\n\tat io.appium.uiautomator2.server.AppiumServlet.handleHttpRequest(AppiumServlet.java:271)\n\tat io.appium.uiautomator2.http.ServerHandler.channelRead(ServerHandler.java:68)\n\tat io.netty.channel.AbstractChannelHandlerContext.invokeChannelRead(AbstractChannelHandlerContext.java:366)\n\tat io.netty.channel.Abstr...
[debug] &amp#27;[38;5;128m[W3C]&amp#27;[0m Matched W3C error code 'no such element' to NoSuchElementError
[debug] &amp#27;[38;5;32m[AndroidUiautomator2Driver@e47a (b74c386a)]&amp#27;[0m Waited for 12384 ms so far
[debug] &amp#27;[38;5;32m[AndroidUiautomator2Driver@e47a (b74c386a)]&amp#27;[0m Matched '/element' to command name 'findElement'
[debug] &amp#27;[38;5;32m[AndroidUiautomator2Driver@e47a (b74c386a)]&amp#27;[0m Proxying [POST /element] to [POST http://127.0.0.1:8200/session/020492dc-88c2-4959-aa86-06e06cf23537/element] with body: {"strategy":"xpath","selector":"//android.widget.TextView[@text='Invalid username/password']","context":"","multiple":false}
&amp#27;[38;5;32m[AndroidUiautomator2Driver@e47a (b74c386a)]&amp#27;[0m Got response with status 404: {"sessionId":"020492dc-88c2-4959-aa86-06e06cf23537","value":{"error":"no such element","message":"An element could not be located on the page using the given search parameters","stacktrace":"io.appium.uiautomator2.common.exceptions.ElementNotFoundException: An element could not be located on the page using the given search parameters\n\tat io.appium.uiautomator2.utils.ElementLocationHelpers.findElement(ElementLocationHelpers.java:156)\n\tat io.appium.uiautomator2.handler.FindElement.safeHandle(FindElement.java:60)\n\tat io.appium.uiautomator2.handler.request.SafeRequestHandler.handle(SafeRequestHandler.java:59)\n\tat io.appium.uiautomator2.server.AppiumServlet.handleRequest(AppiumServlet.java:277)\n\tat io.appium.uiautomator2.server.AppiumServlet.handleHttpRequest(AppiumServlet.java:271)\n\tat io.appium.uiautomator2.http.ServerHandler.channelRead(ServerHandler.java:68)\n\tat io.netty.channel.AbstractChannelHandlerContext.invokeChannelRead(AbstractChannelHandlerContext.java:366)\n\tat io.netty.channel.Abstr...
[debug] &amp#27;[38;5;128m[W3C]&amp#27;[0m Matched W3C error code 'no such element' to NoSuchElementError
[debug] &amp#27;[38;5;32m[AndroidUiautomator2Driver@e47a (b74c386a)]&amp#27;[0m Waited for 12928 ms so far
[debug] &amp#27;[38;5;32m[AndroidUiautomator2Driver@e47a (b74c386a)]&amp#27;[0m Matched '/element' to command name 'findElement'
[debug] &amp#27;[38;5;32m[AndroidUiautomator2Driver@e47a (b74c386a)]&amp#27;[0m Proxying [POST /element] to [POST http://127.0.0.1:8200/session/020492dc-88c2-4959-aa86-06e06cf23537/element] with body: {"strategy":"xpath","selector":"//android.widget.TextView[@text='Invalid username/password']","context":"","multiple":false}
&amp#27;[38;5;32m[AndroidUiautomator2Driver@e47a (b74c386a)]&amp#27;[0m Got response with status 404: {"sessionId":"020492dc-88c2-4959-aa86-06e06cf23537","value":{"error":"no such element","message":"An element could not be located on the page using the given search parameters","stacktrace":"io.appium.uiautomator2.common.exceptions.ElementNotFoundException: An element could not be located on the page using the given search parameters\n\tat io.appium.uiautomator2.utils.ElementLocationHelpers.findElement(ElementLocationHelpers.java:156)\n\tat io.appium.uiautomator2.handler.FindElement.safeHandle(FindElement.java:60)\n\tat io.appium.uiautomator2.handler.request.SafeRequestHandler.handle(SafeRequestHandler.java:59)\n\tat io.appium.uiautomator2.server.AppiumServlet.handleRequest(AppiumServlet.java:277)\n\tat io.appium.uiautomator2.server.AppiumServlet.handleHttpRequest(AppiumServlet.java:271)\n\tat io.appium.uiautomator2.http.ServerHandler.channelRead(ServerHandler.java:68)\n\tat io.netty.channel.AbstractChannelHandlerContext.invokeChannelRead(AbstractChannelHandlerContext.java:366)\n\tat io.netty.channel.Abstr...
[debug] &amp#27;[38;5;128m[W3C]&amp#27;[0m Matched W3C error code 'no such element' to NoSuchElementError
[debug] &amp#27;[38;5;32m[AndroidUiautomator2Driver@e47a (b74c386a)]&amp#27;[0m Waited for 13452 ms so far
[debug] &amp#27;[38;5;32m[AndroidUiautomator2Driver@e47a (b74c386a)]&amp#27;[0m Matched '/element' to command name 'findElement'
[debug] &amp#27;[38;5;32m[AndroidUiautomator2Driver@e47a (b74c386a)]&amp#27;[0m Proxying [POST /element] to [POST http://127.0.0.1:8200/session/020492dc-88c2-4959-aa86-06e06cf23537/element] with body: {"strategy":"xpath","selector":"//android.widget.TextView[@text='Invalid username/password']","context":"","multiple":false}
&amp#27;[38;5;32m[AndroidUiautomator2Driver@e47a (b74c386a)]&amp#27;[0m Got response with status 404: {"sessionId":"020492dc-88c2-4959-aa86-06e06cf23537","value":{"error":"no such element","message":"An element could not be located on the page using the given search parameters","stacktrace":"io.appium.uiautomator2.common.exceptions.ElementNotFoundException: An element could not be located on the page using the given search parameters\n\tat io.appium.uiautomator2.utils.ElementLocationHelpers.findElement(ElementLocationHelpers.java:156)\n\tat io.appium.uiautomator2.handler.FindElement.safeHandle(FindElement.java:60)\n\tat io.appium.uiautomator2.handler.request.SafeRequestHandler.handle(SafeRequestHandler.java:59)\n\tat io.appium.uiautomator2.server.AppiumServlet.handleRequest(AppiumServlet.java:277)\n\tat io.appium.uiautomator2.server.AppiumServlet.handleHttpRequest(AppiumServlet.java:271)\n\tat io.appium.uiautomator2.http.ServerHandler.channelRead(ServerHandler.java:68)\n\tat io.netty.channel.AbstractChannelHandlerContext.invokeChannelRead(AbstractChannelHandlerContext.java:366)\n\tat io.netty.channel.Abstr...
[debug] &amp#27;[38;5;128m[W3C]&amp#27;[0m Matched W3C error code 'no such element' to NoSuchElementError
[debug] &amp#27;[38;5;32m[AndroidUiautomator2Driver@e47a (b74c386a)]&amp#27;[0m Waited for 13984 ms so far
[debug] &amp#27;[38;5;32m[AndroidUiautomator2Driver@e47a (b74c386a)]&amp#27;[0m Matched '/element' to command name 'findElement'
[debug] &amp#27;[38;5;32m[AndroidUiautomator2Driver@e47a (b74c386a)]&amp#27;[0m Proxying [POST /element] to [POST http://127.0.0.1:8200/session/020492dc-88c2-4959-aa86-06e06cf23537/element] with body: {"strategy":"xpath","selector":"//android.widget.TextView[@text='Invalid username/password']","context":"","multiple":false}
&amp#27;[38;5;32m[AndroidUiautomator2Driver@e47a (b74c386a)]&amp#27;[0m Got response with status 404: {"sessionId":"020492dc-88c2-4959-aa86-06e06cf23537","value":{"error":"no such element","message":"An element could not be located on the page using the given search parameters","stacktrace":"io.appium.uiautomator2.common.exceptions.ElementNotFoundException: An element could not be located on the page using the given search parameters\n\tat io.appium.uiautomator2.utils.ElementLocationHelpers.findElement(ElementLocationHelpers.java:156)\n\tat io.appium.uiautomator2.handler.FindElement.safeHandle(FindElement.java:60)\n\tat io.appium.uiautomator2.handler.request.SafeRequestHandler.handle(SafeRequestHandler.java:59)\n\tat io.appium.uiautomator2.server.AppiumServlet.handleRequest(AppiumServlet.java:277)\n\tat io.appium.uiautomator2.server.AppiumServlet.handleHttpRequest(AppiumServlet.java:271)\n\tat io.appium.uiautomator2.http.ServerHandler.channelRead(ServerHandler.java:68)\n\tat io.netty.channel.AbstractChannelHandlerContext.invokeChannelRead(AbstractChannelHandlerContext.java:366)\n\tat io.netty.channel.Abstr...
[debug] &amp#27;[38;5;128m[W3C]&amp#27;[0m Matched W3C error code 'no such element' to NoSuchElementError
[debug] &amp#27;[38;5;32m[AndroidUiautomator2Driver@e47a (b74c386a)]&amp#27;[0m Waited for 14520 ms so far
[debug] &amp#27;[38;5;32m[AndroidUiautomator2Driver@e47a (b74c386a)]&amp#27;[0m Matched '/element' to command name 'findElement'
[debug] &amp#27;[38;5;32m[AndroidUiautomator2Driver@e47a (b74c386a)]&amp#27;[0m Proxying [POST /element] to [POST http://127.0.0.1:8200/session/020492dc-88c2-4959-aa86-06e06cf23537/element] with body: {"strategy":"xpath","selector":"//android.widget.TextView[@text='Invalid username/password']","context":"","multiple":false}
&amp#27;[38;5;32m[AndroidUiautomator2Driver@e47a (b74c386a)]&amp#27;[0m Got response with status 404: {"sessionId":"020492dc-88c2-4959-aa86-06e06cf23537","value":{"error":"no such element","message":"An element could not be located on the page using the given search parameters","stacktrace":"io.appium.uiautomator2.common.exceptions.ElementNotFoundException: An element could not be located on the page using the given search parameters\n\tat io.appium.uiautomator2.utils.ElementLocationHelpers.findElement(ElementLocationHelpers.java:156)\n\tat io.appium.uiautomator2.handler.FindElement.safeHandle(FindElement.java:60)\n\tat io.appium.uiautomator2.handler.request.SafeRequestHandler.handle(SafeRequestHandler.java:59)\n\tat io.appium.uiautomator2.server.AppiumServlet.handleRequest(AppiumServlet.java:277)\n\tat io.appium.uiautomator2.server.AppiumServlet.handleHttpRequest(AppiumServlet.java:271)\n\tat io.appium.uiautomator2.http.ServerHandler.channelRead(ServerHandler.java:68)\n\tat io.netty.channel.AbstractChannelHandlerContext.invokeChannelRead(AbstractChannelHandlerContext.java:366)\n\tat io.netty.channel.Abstr...
[debug] &amp#27;[38;5;128m[W3C]&amp#27;[0m Matched W3C error code 'no such element' to NoSuchElementError
[debug] &amp#27;[38;5;32m[AndroidUiautomator2Driver@e47a (b74c386a)]&amp#27;[0m Waited for 15059 ms so far
[debug] &amp#27;[38;5;32m[AndroidUiautomator2Driver@e47a (b74c386a)]&amp#27;[0m Matched '/element' to command name 'findElement'
[debug] &amp#27;[38;5;32m[AndroidUiautomator2Driver@e47a (b74c386a)]&amp#27;[0m Proxying [POST /element] to [POST http://127.0.0.1:8200/session/020492dc-88c2-4959-aa86-06e06cf23537/element] with body: {"strategy":"xpath","selector":"//android.widget.TextView[@text='Invalid username/password']","context":"","multiple":false}
&amp#27;[38;5;32m[AndroidUiautomator2Driver@e47a (b74c386a)]&amp#27;[0m Got response with status 404: {"sessionId":"020492dc-88c2-4959-aa86-06e06cf23537","value":{"error":"no such element","message":"An element could not be located on the page using the given search parameters","stacktrace":"io.appium.uiautomator2.common.exceptions.ElementNotFoundException: An element could not be located on the page using the given search parameters\n\tat io.appium.uiautomator2.utils.ElementLocationHelpers.findElement(ElementLocationHelpers.java:156)\n\tat io.appium.uiautomator2.handler.FindElement.safeHandle(FindElement.java:60)\n\tat io.appium.uiautomator2.handler.request.SafeRequestHandler.handle(SafeRequestHandler.java:59)\n\tat io.appium.uiautomator2.server.AppiumServlet.handleRequest(AppiumServlet.java:277)\n\tat io.appium.uiautomator2.server.AppiumServlet.handleHttpRequest(AppiumServlet.java:271)\n\tat io.appium.uiautomator2.http.ServerHandler.channelRead(ServerHandler.java:68)\n\tat io.netty.channel.AbstractChannelHandlerContext.invokeChannelRead(AbstractChannelHandlerContext.java:366)\n\tat io.netty.channel.Abstr...
[debug] &amp#27;[38;5;128m[W3C]&amp#27;[0m Matched W3C error code 'no such element' to NoSuchElementError
[debug] &amp#27;[38;5;32m[AndroidUiautomator2Driver@e47a (b74c386a)]&amp#27;[0m Waited for 15593 ms so far
[debug] &amp#27;[38;5;32m[AndroidUiautomator2Driver@e47a (b74c386a)]&amp#27;[0m Matched '/element' to command name 'findElement'
[debug] &amp#27;[38;5;32m[AndroidUiautomator2Driver@e47a (b74c386a)]&amp#27;[0m Proxying [POST /element] to [POST http://127.0.0.1:8200/session/020492dc-88c2-4959-aa86-06e06cf23537/element] with body: {"strategy":"xpath","selector":"//android.widget.TextView[@text='Invalid username/password']","context":"","multiple":false}
&amp#27;[38;5;32m[AndroidUiautomator2Driver@e47a (b74c386a)]&amp#27;[0m Got response with status 404: {"sessionId":"020492dc-88c2-4959-aa86-06e06cf23537","value":{"error":"no such element","message":"An element could not be located on the page using the given search parameters","stacktrace":"io.appium.uiautomator2.common.exceptions.ElementNotFoundException: An element could not be located on the page using the given search parameters\n\tat io.appium.uiautomator2.utils.ElementLocationHelpers.findElement(ElementLocationHelpers.java:156)\n\tat io.appium.uiautomator2.handler.FindElement.safeHandle(FindElement.java:60)\n\tat io.appium.uiautomator2.handler.request.SafeRequestHandler.handle(SafeRequestHandler.java:59)\n\tat io.appium.uiautomator2.server.AppiumServlet.handleRequest(AppiumServlet.java:277)\n\tat io.appium.uiautomator2.server.AppiumServlet.handleHttpRequest(AppiumServlet.java:271)\n\tat io.appium.uiautomator2.http.ServerHandler.channelRead(ServerHandler.java:68)\n\tat io.netty.channel.AbstractChannelHandlerContext.invokeChannelRead(AbstractChannelHandlerContext.java:366)\n\tat io.netty.channel.Abstr...
[debug] &amp#27;[38;5;128m[W3C]&amp#27;[0m Matched W3C error code 'no such element' to NoSuchElementError
[debug] &amp#27;[38;5;32m[AndroidUiautomator2Driver@e47a (b74c386a)]&amp#27;[0m Waited for 16126 ms so far
[debug] &amp#27;[38;5;32m[AndroidUiautomator2Driver@e47a (b74c386a)]&amp#27;[0m Matched '/element' to command name 'findElement'
[debug] &amp#27;[38;5;32m[AndroidUiautomator2Driver@e47a (b74c386a)]&amp#27;[0m Proxying [POST /element] to [POST http://127.0.0.1:8200/session/020492dc-88c2-4959-aa86-06e06cf23537/element] with body: {"strategy":"xpath","selector":"//android.widget.TextView[@text='Invalid username/password']","context":"","multiple":false}
&amp#27;[38;5;32m[AndroidUiautomator2Driver@e47a (b74c386a)]&amp#27;[0m Got response with status 404: {"sessionId":"020492dc-88c2-4959-aa86-06e06cf23537","value":{"error":"no such element","message":"An element could not be located on the page using the given search parameters","stacktrace":"io.appium.uiautomator2.common.exceptions.ElementNotFoundException: An element could not be located on the page using the given search parameters\n\tat io.appium.uiautomator2.utils.ElementLocationHelpers.findElement(ElementLocationHelpers.java:156)\n\tat io.appium.uiautomator2.handler.FindElement.safeHandle(FindElement.java:60)\n\tat io.appium.uiautomator2.handler.request.SafeRequestHandler.handle(SafeRequestHandler.java:59)\n\tat io.appium.uiautomator2.server.AppiumServlet.handleRequest(AppiumServlet.java:277)\n\tat io.appium.uiautomator2.server.AppiumServlet.handleHttpRequest(AppiumServlet.java:271)\n\tat io.appium.uiautomator2.http.ServerHandler.channelRead(ServerHandler.java:68)\n\tat io.netty.channel.AbstractChannelHandlerContext.invokeChannelRead(AbstractChannelHandlerContext.java:366)\n\tat io.netty.channel.Abstr...
[debug] &amp#27;[38;5;128m[W3C]&amp#27;[0m Matched W3C error code 'no such element' to NoSuchElementError
[debug] &amp#27;[38;5;32m[AndroidUiautomator2Driver@e47a (b74c386a)]&amp#27;[0m Waited for 16659 ms so far
[debug] &amp#27;[38;5;32m[AndroidUiautomator2Driver@e47a (b74c386a)]&amp#27;[0m Matched '/element' to command name 'findElement'
[debug] &amp#27;[38;5;32m[AndroidUiautomator2Driver@e47a (b74c386a)]&amp#27;[0m Proxying [POST /element] to [POST http://127.0.0.1:8200/session/020492dc-88c2-4959-aa86-06e06cf23537/element] with body: {"strategy":"xpath","selector":"//android.widget.TextView[@text='Invalid username/password']","context":"","multiple":false}
&amp#27;[38;5;32m[AndroidUiautomator2Driver@e47a (b74c386a)]&amp#27;[0m Got response with status 404: {"sessionId":"020492dc-88c2-4959-aa86-06e06cf23537","value":{"error":"no such element","message":"An element could not be located on the page using the given search parameters","stacktrace":"io.appium.uiautomator2.common.exceptions.ElementNotFoundException: An element could not be located on the page using the given search parameters\n\tat io.appium.uiautomator2.utils.ElementLocationHelpers.findElement(ElementLocationHelpers.java:156)\n\tat io.appium.uiautomator2.handler.FindElement.safeHandle(FindElement.java:60)\n\tat io.appium.uiautomator2.handler.request.SafeRequestHandler.handle(SafeRequestHandler.java:59)\n\tat io.appium.uiautomator2.server.AppiumServlet.handleRequest(AppiumServlet.java:277)\n\tat io.appium.uiautomator2.server.AppiumServlet.handleHttpRequest(AppiumServlet.java:271)\n\tat io.appium.uiautomator2.http.ServerHandler.channelRead(ServerHandler.java:68)\n\tat io.netty.channel.AbstractChannelHandlerContext.invokeChannelRead(AbstractChannelHandlerContext.java:366)\n\tat io.netty.channel.Abstr...
[debug] &amp#27;[38;5;128m[W3C]&amp#27;[0m Matched W3C error code 'no such element' to NoSuchElementError
[debug] &amp#27;[38;5;32m[AndroidUiautomator2Driver@e47a (b74c386a)]&amp#27;[0m Waited for 17206 ms so far
[debug] &amp#27;[38;5;32m[AndroidUiautomator2Driver@e47a (b74c386a)]&amp#27;[0m Matched '/element' to command name 'findElement'
[debug] &amp#27;[38;5;32m[AndroidUiautomator2Driver@e47a (b74c386a)]&amp#27;[0m Proxying [POST /element] to [POST http://127.0.0.1:8200/session/020492dc-88c2-4959-aa86-06e06cf23537/element] with body: {"strategy":"xpath","selector":"//android.widget.TextView[@text='Invalid username/password']","context":"","multiple":false}
&amp#27;[38;5;32m[AndroidUiautomator2Driver@e47a (b74c386a)]&amp#27;[0m Got response with status 404: {"sessionId":"020492dc-88c2-4959-aa86-06e06cf23537","value":{"error":"no such element","message":"An element could not be located on the page using the given search parameters","stacktrace":"io.appium.uiautomator2.common.exceptions.ElementNotFoundException: An element could not be located on the page using the given search parameters\n\tat io.appium.uiautomator2.utils.ElementLocationHelpers.findElement(ElementLocationHelpers.java:156)\n\tat io.appium.uiautomator2.handler.FindElement.safeHandle(FindElement.java:60)\n\tat io.appium.uiautomator2.handler.request.SafeRequestHandler.handle(SafeRequestHandler.java:59)\n\tat io.appium.uiautomator2.server.AppiumServlet.handleRequest(AppiumServlet.java:277)\n\tat io.appium.uiautomator2.server.AppiumServlet.handleHttpRequest(AppiumServlet.java:271)\n\tat io.appium.uiautomator2.http.ServerHandler.channelRead(ServerHandler.java:68)\n\tat io.netty.channel.AbstractChannelHandlerContext.invokeChannelRead(AbstractChannelHandlerContext.java:366)\n\tat io.netty.channel.Abstr...
[debug] &amp#27;[38;5;128m[W3C]&amp#27;[0m Matched W3C error code 'no such element' to NoSuchElementError
[debug] &amp#27;[38;5;32m[AndroidUiautomator2Driver@e47a (b74c386a)]&amp#27;[0m Waited for 17743 ms so far
[debug] &amp#27;[38;5;32m[AndroidUiautomator2Driver@e47a (b74c386a)]&amp#27;[0m Matched '/element' to command name 'findElement'
[debug] &amp#27;[38;5;32m[AndroidUiautomator2Driver@e47a (b74c386a)]&amp#27;[0m Proxying [POST /element] to [POST http://127.0.0.1:8200/session/020492dc-88c2-4959-aa86-06e06cf23537/element] with body: {"strategy":"xpath","selector":"//android.widget.TextView[@text='Invalid username/password']","context":"","multiple":false}
&amp#27;[38;5;32m[AndroidUiautomator2Driver@e47a (b74c386a)]&amp#27;[0m Got response with status 404: {"sessionId":"020492dc-88c2-4959-aa86-06e06cf23537","value":{"error":"no such element","message":"An element could not be located on the page using the given search parameters","stacktrace":"io.appium.uiautomator2.common.exceptions.ElementNotFoundException: An element could not be located on the page using the given search parameters\n\tat io.appium.uiautomator2.utils.ElementLocationHelpers.findElement(ElementLocationHelpers.java:156)\n\tat io.appium.uiautomator2.handler.FindElement.safeHandle(FindElement.java:60)\n\tat io.appium.uiautomator2.handler.request.SafeRequestHandler.handle(SafeRequestHandler.java:59)\n\tat io.appium.uiautomator2.server.AppiumServlet.handleRequest(AppiumServlet.java:277)\n\tat io.appium.uiautomator2.server.AppiumServlet.handleHttpRequest(AppiumServlet.java:271)\n\tat io.appium.uiautomator2.http.ServerHandler.channelRead(ServerHandler.java:68)\n\tat io.netty.channel.AbstractChannelHandlerContext.invokeChannelRead(AbstractChannelHandlerContext.java:366)\n\tat io.netty.channel.Abstr...
[debug] &amp#27;[38;5;128m[W3C]&amp#27;[0m Matched W3C error code 'no such element' to NoSuchElementError
[debug] &amp#27;[38;5;32m[AndroidUiautomator2Driver@e47a (b74c386a)]&amp#27;[0m Waited for 18613 ms so far
[debug] &amp#27;[38;5;32m[AndroidUiautomator2Driver@e47a (b74c386a)]&amp#27;[0m Matched '/element' to command name 'findElement'
[debug] &amp#27;[38;5;32m[AndroidUiautomator2Driver@e47a (b74c386a)]&amp#27;[0m Proxying [POST /element] to [POST http://127.0.0.1:8200/session/020492dc-88c2-4959-aa86-06e06cf23537/element] with body: {"strategy":"xpath","selector":"//android.widget.TextView[@text='Invalid username/password']","context":"","multiple":false}
&amp#27;[38;5;32m[AndroidUiautomator2Driver@e47a (b74c386a)]&amp#27;[0m Got response with status 404: {"sessionId":"020492dc-88c2-4959-aa86-06e06cf23537","value":{"error":"no such element","message":"An element could not be located on the page using the given search parameters","stacktrace":"io.appium.uiautomator2.common.exceptions.ElementNotFoundException: An element could not be located on the page using the given search parameters\n\tat io.appium.uiautomator2.utils.ElementLocationHelpers.findElement(ElementLocationHelpers.java:156)\n\tat io.appium.uiautomator2.handler.FindElement.safeHandle(FindElement.java:60)\n\tat io.appium.uiautomator2.handler.request.SafeRequestHandler.handle(SafeRequestHandler.java:59)\n\tat io.appium.uiautomator2.server.AppiumServlet.handleRequest(AppiumServlet.java:277)\n\tat io.appium.uiautomator2.server.AppiumServlet.handleHttpRequest(AppiumServlet.java:271)\n\tat io.appium.uiautomator2.http.ServerHandler.channelRead(ServerHandler.java:68)\n\tat io.netty.channel.AbstractChannelHandlerContext.invokeChannelRead(AbstractChannelHandlerContext.java:366)\n\tat io.netty.channel.Abstr...
[debug] &amp#27;[38;5;128m[W3C]&amp#27;[0m Matched W3C error code 'no such element' to NoSuchElementError
[debug] &amp#27;[38;5;32m[AndroidUiautomator2Driver@e47a (b74c386a)]&amp#27;[0m Waited for 19151 ms so far
[debug] &amp#27;[38;5;32m[AndroidUiautomator2Driver@e47a (b74c386a)]&amp#27;[0m Matched '/element' to command name 'findElement'
[debug] &amp#27;[38;5;32m[AndroidUiautomator2Driver@e47a (b74c386a)]&amp#27;[0m Proxying [POST /element] to [POST http://127.0.0.1:8200/session/020492dc-88c2-4959-aa86-06e06cf23537/element] with body: {"strategy":"xpath","selector":"//android.widget.TextView[@text='Invalid username/password']","context":"","multiple":false}
&amp#27;[38;5;32m[AndroidUiautomator2Driver@e47a (b74c386a)]&amp#27;[0m Got response with status 404: {"sessionId":"020492dc-88c2-4959-aa86-06e06cf23537","value":{"error":"no such element","message":"An element could not be located on the page using the given search parameters","stacktrace":"io.appium.uiautomator2.common.exceptions.ElementNotFoundException: An element could not be located on the page using the given search parameters\n\tat io.appium.uiautomator2.utils.ElementLocationHelpers.findElement(ElementLocationHelpers.java:156)\n\tat io.appium.uiautomator2.handler.FindElement.safeHandle(FindElement.java:60)\n\tat io.appium.uiautomator2.handler.request.SafeRequestHandler.handle(SafeRequestHandler.java:59)\n\tat io.appium.uiautomator2.server.AppiumServlet.handleRequest(AppiumServlet.java:277)\n\tat io.appium.uiautomator2.server.AppiumServlet.handleHttpRequest(AppiumServlet.java:271)\n\tat io.appium.uiautomator2.http.ServerHandler.channelRead(ServerHandler.java:68)\n\tat io.netty.channel.AbstractChannelHandlerContext.invokeChannelRead(AbstractChannelHandlerContext.java:366)\n\tat io.netty.channel.Abstr...
[debug] &amp#27;[38;5;128m[W3C]&amp#27;[0m Matched W3C error code 'no such element' to NoSuchElementError
[debug] &amp#27;[38;5;32m[AndroidUiautomator2Driver@e47a (b74c386a)]&amp#27;[0m Waited for 19688 ms so far
[debug] &amp#27;[38;5;32m[AndroidUiautomator2Driver@e47a (b74c386a)]&amp#27;[0m Matched '/element' to command name 'findElement'
[debug] &amp#27;[38;5;32m[AndroidUiautomator2Driver@e47a (b74c386a)]&amp#27;[0m Proxying [POST /element] to [POST http://127.0.0.1:8200/session/020492dc-88c2-4959-aa86-06e06cf23537/element] with body: {"strategy":"xpath","selector":"//android.widget.TextView[@text='Invalid username/password']","context":"","multiple":false}
&amp#27;[38;5;32m[AndroidUiautomator2Driver@e47a (b74c386a)]&amp#27;[0m Got response with status 404: {"sessionId":"020492dc-88c2-4959-aa86-06e06cf23537","value":{"error":"no such element","message":"An element could not be located on the page using the given search parameters","stacktrace":"io.appium.uiautomator2.common.exceptions.ElementNotFoundException: An element could not be located on the page using the given search parameters\n\tat io.appium.uiautomator2.utils.ElementLocationHelpers.findElement(ElementLocationHelpers.java:156)\n\tat io.appium.uiautomator2.handler.FindElement.safeHandle(FindElement.java:60)\n\tat io.appium.uiautomator2.handler.request.SafeRequestHandler.handle(SafeRequestHandler.java:59)\n\tat io.appium.uiautomator2.server.AppiumServlet.handleRequest(AppiumServlet.java:277)\n\tat io.appium.uiautomator2.server.AppiumServlet.handleHttpRequest(AppiumServlet.java:271)\n\tat io.appium.uiautomator2.http.ServerHandler.channelRead(ServerHandler.java:68)\n\tat io.netty.channel.AbstractChannelHandlerContext.invokeChannelRead(AbstractChannelHandlerContext.java:366)\n\tat io.netty.channel.Abstr...
[debug] &amp#27;[38;5;128m[W3C]&amp#27;[0m Matched W3C error code 'no such element' to NoSuchElementError
[debug] &amp#27;[38;5;32m[AndroidUiautomator2Driver@e47a (b74c386a)]&amp#27;[0m Encountered internal error running command: NoSuchElementError: An element could not be located on the page using the given search parameters.
[debug] &amp#27;[38;5;32m[AndroidUiautomator2Driver@e47a (b74c386a)]&amp#27;[0m     at AndroidUiautomator2Driver.findElOrEls (C:\Users\daniel.ogagavworia\.appium\node_modules\appium-uiautomator2-driver\node_modules\appium-android-driver\lib\commands\find.js:75:11)
[debug] &amp#27;[38;5;32m[AndroidUiautomator2Driver@e47a (b74c386a)]&amp#27;[0m     at processTicksAndRejections (node:internal/process/task_queues:95:5)
[debug] &amp#27;[38;5;32m[AndroidUiautomator2Driver@e47a (b74c386a)]&amp#27;[0m     at AndroidUiautomator2Driver.findElOrElsWithProcessing (C:\Users\daniel.ogagavworia\AppData\Roaming\npm\node_modules\appium\node_modules\@appium\base-driver\lib\basedriver\commands\find.ts:60:12)
[debug] &amp#27;[38;5;32m[AndroidUiautomator2Driver@e47a (b74c386a)]&amp#27;[0m     at AndroidUiautomator2Driver.findElement (C:\Users\daniel.ogagavworia\AppData\Roaming\npm\node_modules\appium\node_modules\@appium\base-driver\lib\basedriver\commands\find.ts:75:12)
&amp#27;[38;5;0m[HTTP]&amp#27;[0m &amp#27;[37m<-- POST /session/b74c386a-bd63-4a4d-b13a-d366382f07b7/element &amp#27;[39m&amp#27;[33m404&amp#27;[39m &amp#27;[90m20021 ms - 929&amp#27;[39m
&amp#27;[38;5;0m[HTTP]&amp#27;[0m &amp#27;[90m&amp#27;[39m
]]></system-out>
  </testcase>
  <testcase name="Testcase_Six" classname="testcases.Android.LoginTestCase" time="42.682">
    <system-out><![CDATA[&amp#27;[38;5;0m[HTTP]&amp#27;[0m &amp#27;[37m-->&amp#27;[39m &amp#27;[37mPOST&amp#27;[39m &amp#27;[37m/session/b74c386a-bd63-4a4d-b13a-d366382f07b7/timeouts&amp#27;[39m
&amp#27;[38;5;0m[HTTP]&amp#27;[0m &amp#27;[90m{"implicit":20000}&amp#27;[39m
[debug] &amp#27;[38;5;32m[AndroidUiautomator2Driver@e47a (b74c386a)]&amp#27;[0m Calling AppiumDriver.timeouts() with args: [null,null,null,null,20000,"b74c386a-bd63-4a4d-b13a-d366382f07b7"]
[debug] &amp#27;[38;5;32m[AndroidUiautomator2Driver@e47a (b74c386a)]&amp#27;[0m W3C timeout argument: {"implicit":20000}}
[debug] &amp#27;[38;5;32m[AndroidUiautomator2Driver@e47a (b74c386a)]&amp#27;[0m Set implicit wait to 20000ms
[debug] &amp#27;[38;5;32m[AndroidUiautomator2Driver@e47a (b74c386a)]&amp#27;[0m Responding to client with driver.timeouts() result: null
&amp#27;[38;5;0m[HTTP]&amp#27;[0m &amp#27;[37m<-- POST /session/b74c386a-bd63-4a4d-b13a-d366382f07b7/timeouts &amp#27;[39m&amp#27;[32m200&amp#27;[39m &amp#27;[90m1 ms - 14&amp#27;[39m
&amp#27;[38;5;0m[HTTP]&amp#27;[0m &amp#27;[90m&amp#27;[39m
&amp#27;[38;5;0m[HTTP]&amp#27;[0m &amp#27;[37m-->&amp#27;[39m &amp#27;[37mPOST&amp#27;[39m &amp#27;[37m/session/b74c386a-bd63-4a4d-b13a-d366382f07b7/element&amp#27;[39m
&amp#27;[38;5;0m[HTTP]&amp#27;[0m &amp#27;[90m{"using":"xpath","value":"//android.widget.EditText[@index=3]"}&amp#27;[39m
[debug] &amp#27;[38;5;32m[AndroidUiautomator2Driver@e47a (b74c386a)]&amp#27;[0m Calling AppiumDriver.findElement() with args: ["xpath","//android.widget.EditText[@index=3]","b74c386a-bd63-4a4d-b13a-d366382f07b7"]
[debug] &amp#27;[38;5;32m[AndroidUiautomator2Driver@e47a (b74c386a)]&amp#27;[0m Valid locator strategies for this request: xpath, id, class name, accessibility id, css selector, -android uiautomator
[debug] &amp#27;[38;5;32m[AndroidUiautomator2Driver@e47a (b74c386a)]&amp#27;[0m Waiting up to 20000 ms for condition
[debug] &amp#27;[38;5;32m[AndroidUiautomator2Driver@e47a (b74c386a)]&amp#27;[0m Matched '/element' to command name 'findElement'
[debug] &amp#27;[38;5;32m[AndroidUiautomator2Driver@e47a (b74c386a)]&amp#27;[0m Proxying [POST /element] to [POST http://127.0.0.1:8200/session/020492dc-88c2-4959-aa86-06e06cf23537/element] with body: {"strategy":"xpath","selector":"//android.widget.EditText[@index=3]","context":"","multiple":false}
[debug] &amp#27;[38;5;32m[AndroidUiautomator2Driver@e47a (b74c386a)]&amp#27;[0m Got response with status 200: {"sessionId":"020492dc-88c2-4959-aa86-06e06cf23537","value":{"ELEMENT":"00000000-0000-0021-ffff-ffff00000046","element-6066-11e4-a52e-4f735466cecf":"00000000-0000-0021-ffff-ffff00000046"}}
[debug] &amp#27;[38;5;32m[AndroidUiautomator2Driver@e47a (b74c386a)]&amp#27;[0m Responding to client with driver.findElement() result: {"element-6066-11e4-a52e-4f735466cecf":"00000000-0000-0021-ffff-ffff00000046","ELEMENT":"00000000-0000-0021-ffff-ffff00000046"}
&amp#27;[38;5;0m[HTTP]&amp#27;[0m &amp#27;[37m<-- POST /session/b74c386a-bd63-4a4d-b13a-d366382f07b7/element &amp#27;[39m&amp#27;[32m200&amp#27;[39m &amp#27;[90m24 ms - 137&amp#27;[39m
&amp#27;[38;5;0m[HTTP]&amp#27;[0m &amp#27;[90m&amp#27;[39m
&amp#27;[38;5;0m[HTTP]&amp#27;[0m &amp#27;[37m-->&amp#27;[39m &amp#27;[37mPOST&amp#27;[39m &amp#27;[37m/session/b74c386a-bd63-4a4d-b13a-d366382f07b7/element/00000000-0000-0021-ffff-ffff00000046/clear&amp#27;[39m
&amp#27;[38;5;0m[HTTP]&amp#27;[0m &amp#27;[90m{"id":"00000000-0000-0021-ffff-ffff00000046"}&amp#27;[39m
[debug] &amp#27;[38;5;32m[AndroidUiautomator2Driver@e47a (b74c386a)]&amp#27;[0m Calling AppiumDriver.clear() with args: ["00000000-0000-0021-ffff-ffff00000046","b74c386a-bd63-4a4d-b13a-d366382f07b7"]
[debug] &amp#27;[38;5;32m[AndroidUiautomator2Driver@e47a (b74c386a)]&amp#27;[0m Matched '/element/00000000-0000-0021-ffff-ffff00000046/clear' to command name 'clear'
[debug] &amp#27;[38;5;32m[AndroidUiautomator2Driver@e47a (b74c386a)]&amp#27;[0m Proxying [POST /element/00000000-0000-0021-ffff-ffff00000046/clear] to [POST http://127.0.0.1:8200/session/020492dc-88c2-4959-aa86-06e06cf23537/element/00000000-0000-0021-ffff-ffff00000046/clear] with body: {"elementId":"00000000-0000-0021-ffff-ffff00000046"}
[debug] &amp#27;[38;5;32m[AndroidUiautomator2Driver@e47a (b74c386a)]&amp#27;[0m Got response with status 200: {"sessionId":"020492dc-88c2-4959-aa86-06e06cf23537","value":null}
[debug] &amp#27;[38;5;32m[AndroidUiautomator2Driver@e47a (b74c386a)]&amp#27;[0m Responding to client with driver.clear() result: null
&amp#27;[38;5;0m[HTTP]&amp#27;[0m &amp#27;[37m<-- POST /session/b74c386a-bd63-4a4d-b13a-d366382f07b7/element/00000000-0000-0021-ffff-ffff00000046/clear &amp#27;[39m&amp#27;[32m200&amp#27;[39m &amp#27;[90m12 ms - 14&amp#27;[39m
&amp#27;[38;5;0m[HTTP]&amp#27;[0m &amp#27;[90m&amp#27;[39m
&amp#27;[38;5;0m[HTTP]&amp#27;[0m &amp#27;[37m-->&amp#27;[39m &amp#27;[37mPOST&amp#27;[39m &amp#27;[37m/session/b74c386a-bd63-4a4d-b13a-d366382f07b7/element&amp#27;[39m
&amp#27;[38;5;0m[HTTP]&amp#27;[0m &amp#27;[90m{"using":"xpath","value":"//android.widget.EditText[@index=6]"}&amp#27;[39m
[debug] &amp#27;[38;5;32m[AndroidUiautomator2Driver@e47a (b74c386a)]&amp#27;[0m Calling AppiumDriver.findElement() with args: ["xpath","//android.widget.EditText[@index=6]","b74c386a-bd63-4a4d-b13a-d366382f07b7"]
[debug] &amp#27;[38;5;32m[AndroidUiautomator2Driver@e47a (b74c386a)]&amp#27;[0m Valid locator strategies for this request: xpath, id, class name, accessibility id, css selector, -android uiautomator
[debug] &amp#27;[38;5;32m[AndroidUiautomator2Driver@e47a (b74c386a)]&amp#27;[0m Waiting up to 20000 ms for condition
[debug] &amp#27;[38;5;32m[AndroidUiautomator2Driver@e47a (b74c386a)]&amp#27;[0m Matched '/element' to command name 'findElement'
[debug] &amp#27;[38;5;32m[AndroidUiautomator2Driver@e47a (b74c386a)]&amp#27;[0m Proxying [POST /element] to [POST http://127.0.0.1:8200/session/020492dc-88c2-4959-aa86-06e06cf23537/element] with body: {"strategy":"xpath","selector":"//android.widget.EditText[@index=6]","context":"","multiple":false}
[debug] &amp#27;[38;5;32m[AndroidUiautomator2Driver@e47a (b74c386a)]&amp#27;[0m Got response with status 200: {"sessionId":"020492dc-88c2-4959-aa86-06e06cf23537","value":{"ELEMENT":"00000000-0000-0021-ffff-ffff00000049","element-6066-11e4-a52e-4f735466cecf":"00000000-0000-0021-ffff-ffff00000049"}}
[debug] &amp#27;[38;5;32m[AndroidUiautomator2Driver@e47a (b74c386a)]&amp#27;[0m Responding to client with driver.findElement() result: {"element-6066-11e4-a52e-4f735466cecf":"00000000-0000-0021-ffff-ffff00000049","ELEMENT":"00000000-0000-0021-ffff-ffff00000049"}
&amp#27;[38;5;0m[HTTP]&amp#27;[0m &amp#27;[37m<-- POST /session/b74c386a-bd63-4a4d-b13a-d366382f07b7/element &amp#27;[39m&amp#27;[32m200&amp#27;[39m &amp#27;[90m537 ms - 137&amp#27;[39m
&amp#27;[38;5;0m[HTTP]&amp#27;[0m &amp#27;[90m&amp#27;[39m
&amp#27;[38;5;0m[HTTP]&amp#27;[0m &amp#27;[37m-->&amp#27;[39m &amp#27;[37mPOST&amp#27;[39m &amp#27;[37m/session/b74c386a-bd63-4a4d-b13a-d366382f07b7/element/00000000-0000-0021-ffff-ffff00000049/clear&amp#27;[39m
&amp#27;[38;5;0m[HTTP]&amp#27;[0m &amp#27;[90m{"id":"00000000-0000-0021-ffff-ffff00000049"}&amp#27;[39m
[debug] &amp#27;[38;5;32m[AndroidUiautomator2Driver@e47a (b74c386a)]&amp#27;[0m Calling AppiumDriver.clear() with args: ["00000000-0000-0021-ffff-ffff00000049","b74c386a-bd63-4a4d-b13a-d366382f07b7"]
[debug] &amp#27;[38;5;32m[AndroidUiautomator2Driver@e47a (b74c386a)]&amp#27;[0m Matched '/element/00000000-0000-0021-ffff-ffff00000049/clear' to command name 'clear'
[debug] &amp#27;[38;5;32m[AndroidUiautomator2Driver@e47a (b74c386a)]&amp#27;[0m Proxying [POST /element/00000000-0000-0021-ffff-ffff00000049/clear] to [POST http://127.0.0.1:8200/session/020492dc-88c2-4959-aa86-06e06cf23537/element/00000000-0000-0021-ffff-ffff00000049/clear] with body: {"elementId":"00000000-0000-0021-ffff-ffff00000049"}
[debug] &amp#27;[38;5;32m[AndroidUiautomator2Driver@e47a (b74c386a)]&amp#27;[0m Got response with status 200: {"sessionId":"020492dc-88c2-4959-aa86-06e06cf23537","value":null}
[debug] &amp#27;[38;5;32m[AndroidUiautomator2Driver@e47a (b74c386a)]&amp#27;[0m Responding to client with driver.clear() result: null
&amp#27;[38;5;0m[HTTP]&amp#27;[0m &amp#27;[37m<-- POST /session/b74c386a-bd63-4a4d-b13a-d366382f07b7/element/00000000-0000-0021-ffff-ffff00000049/clear &amp#27;[39m&amp#27;[32m200&amp#27;[39m &amp#27;[90m10 ms - 14&amp#27;[39m
&amp#27;[38;5;0m[HTTP]&amp#27;[0m &amp#27;[90m&amp#27;[39m
&amp#27;[38;5;0m[HTTP]&amp#27;[0m &amp#27;[37m-->&amp#27;[39m &amp#27;[37mPOST&amp#27;[39m &amp#27;[37m/session/b74c386a-bd63-4a4d-b13a-d366382f07b7/element&amp#27;[39m
&amp#27;[38;5;0m[HTTP]&amp#27;[0m &amp#27;[90m{"using":"xpath","value":"//android.widget.EditText[@index=3]"}&amp#27;[39m
[debug] &amp#27;[38;5;32m[AndroidUiautomator2Driver@e47a (b74c386a)]&amp#27;[0m Calling AppiumDriver.findElement() with args: ["xpath","//android.widget.EditText[@index=3]","b74c386a-bd63-4a4d-b13a-d366382f07b7"]
[debug] &amp#27;[38;5;32m[AndroidUiautomator2Driver@e47a (b74c386a)]&amp#27;[0m Valid locator strategies for this request: xpath, id, class name, accessibility id, css selector, -android uiautomator
[debug] &amp#27;[38;5;32m[AndroidUiautomator2Driver@e47a (b74c386a)]&amp#27;[0m Waiting up to 20000 ms for condition
[debug] &amp#27;[38;5;32m[AndroidUiautomator2Driver@e47a (b74c386a)]&amp#27;[0m Matched '/element' to command name 'findElement'
[debug] &amp#27;[38;5;32m[AndroidUiautomator2Driver@e47a (b74c386a)]&amp#27;[0m Proxying [POST /element] to [POST http://127.0.0.1:8200/session/020492dc-88c2-4959-aa86-06e06cf23537/element] with body: {"strategy":"xpath","selector":"//android.widget.EditText[@index=3]","context":"","multiple":false}
[debug] &amp#27;[38;5;32m[AndroidUiautomator2Driver@e47a (b74c386a)]&amp#27;[0m Got response with status 200: {"sessionId":"020492dc-88c2-4959-aa86-06e06cf23537","value":{"ELEMENT":"00000000-0000-0021-ffff-ffff00000046","element-6066-11e4-a52e-4f735466cecf":"00000000-0000-0021-ffff-ffff00000046"}}
[debug] &amp#27;[38;5;32m[AndroidUiautomator2Driver@e47a (b74c386a)]&amp#27;[0m Responding to client with driver.findElement() result: {"element-6066-11e4-a52e-4f735466cecf":"00000000-0000-0021-ffff-ffff00000046","ELEMENT":"00000000-0000-0021-ffff-ffff00000046"}
&amp#27;[38;5;0m[HTTP]&amp#27;[0m &amp#27;[37m<-- POST /session/b74c386a-bd63-4a4d-b13a-d366382f07b7/element &amp#27;[39m&amp#27;[32m200&amp#27;[39m &amp#27;[90m28 ms - 137&amp#27;[39m
&amp#27;[38;5;0m[HTTP]&amp#27;[0m &amp#27;[90m&amp#27;[39m
&amp#27;[38;5;0m[HTTP]&amp#27;[0m &amp#27;[37m-->&amp#27;[39m &amp#27;[37mPOST&amp#27;[39m &amp#27;[37m/session/b74c386a-bd63-4a4d-b13a-d366382f07b7/element/00000000-0000-0021-ffff-ffff00000046/value&amp#27;[39m
&amp#27;[38;5;0m[HTTP]&amp#27;[0m &amp#27;[90m{"id":"00000000-0000-0021-ffff-ffff00000046","text":"danielogavworia@gmail.com","value":["d","a","n","i","e","l","o","g","a","v","w","o","r","i","a","@","g","m","a","i","l",".","c","o","m"]}&amp#27;[39m
[debug] &amp#27;[38;5;32m[AndroidUiautomator2Driver@e47a (b74c386a)]&amp#27;[0m Calling AppiumDriver.setValue() with args: [["d","a","n","i","e","l","o","g","a","v","w","o","r","i","a","@","g","m","a","i","l",".","c","o","m"],"00000000-0000-0021-ffff-ffff00000046","b74c386a-bd63-4a4d-b13a-d366382f07b7"]
[debug] &amp#27;[38;5;32m[AndroidUiautomator2Driver@e47a (b74c386a)]&amp#27;[0m Matched '/element/00000000-0000-0021-ffff-ffff00000046/value' to command name 'setValue'
[debug] &amp#27;[38;5;32m[AndroidUiautomator2Driver@e47a (b74c386a)]&amp#27;[0m Added 'value' property ["d","a","n","i","e","l","o","g","a","v","w","o","r","i","a","@","g","m","a","i","l",".","c","o","m"] to 'setValue' request body
[debug] &amp#27;[38;5;32m[AndroidUiautomator2Driver@e47a (b74c386a)]&amp#27;[0m Proxying [POST /element/00000000-0000-0021-ffff-ffff00000046/value] to [POST http://127.0.0.1:8200/session/020492dc-88c2-4959-aa86-06e06cf23537/element/00000000-0000-0021-ffff-ffff00000046/value] with body: {"elementId":"00000000-0000-0021-ffff-ffff00000046","text":"danielogavworia@gmail.com","replace":false,"value":["d","a","n","i","e","l","o","g","a","v","w","o","r","i","a","@","g","m","a","i","l",".","c","o","m"]}
[debug] &amp#27;[38;5;32m[AndroidUiautomator2Driver@e47a (b74c386a)]&amp#27;[0m Got response with status 200: {"sessionId":"020492dc-88c2-4959-aa86-06e06cf23537","value":null}
[debug] &amp#27;[38;5;32m[AndroidUiautomator2Driver@e47a (b74c386a)]&amp#27;[0m Responding to client with driver.setValue() result: null
&amp#27;[38;5;0m[HTTP]&amp#27;[0m &amp#27;[37m<-- POST /session/b74c386a-bd63-4a4d-b13a-d366382f07b7/element/00000000-0000-0021-ffff-ffff00000046/value &amp#27;[39m&amp#27;[32m200&amp#27;[39m &amp#27;[90m578 ms - 14&amp#27;[39m
&amp#27;[38;5;0m[HTTP]&amp#27;[0m &amp#27;[90m&amp#27;[39m
&amp#27;[38;5;0m[HTTP]&amp#27;[0m &amp#27;[37m-->&amp#27;[39m &amp#27;[37mPOST&amp#27;[39m &amp#27;[37m/session/b74c386a-bd63-4a4d-b13a-d366382f07b7/element&amp#27;[39m
&amp#27;[38;5;0m[HTTP]&amp#27;[0m &amp#27;[90m{"using":"xpath","value":"//android.widget.EditText[@index=6]"}&amp#27;[39m
[debug] &amp#27;[38;5;32m[AndroidUiautomator2Driver@e47a (b74c386a)]&amp#27;[0m Calling AppiumDriver.findElement() with args: ["xpath","//android.widget.EditText[@index=6]","b74c386a-bd63-4a4d-b13a-d366382f07b7"]
[debug] &amp#27;[38;5;32m[AndroidUiautomator2Driver@e47a (b74c386a)]&amp#27;[0m Valid locator strategies for this request: xpath, id, class name, accessibility id, css selector, -android uiautomator
[debug] &amp#27;[38;5;32m[AndroidUiautomator2Driver@e47a (b74c386a)]&amp#27;[0m Waiting up to 20000 ms for condition
[debug] &amp#27;[38;5;32m[AndroidUiautomator2Driver@e47a (b74c386a)]&amp#27;[0m Matched '/element' to command name 'findElement'
[debug] &amp#27;[38;5;32m[AndroidUiautomator2Driver@e47a (b74c386a)]&amp#27;[0m Proxying [POST /element] to [POST http://127.0.0.1:8200/session/020492dc-88c2-4959-aa86-06e06cf23537/element] with body: {"strategy":"xpath","selector":"//android.widget.EditText[@index=6]","context":"","multiple":false}
[debug] &amp#27;[38;5;32m[AndroidUiautomator2Driver@e47a (b74c386a)]&amp#27;[0m Got response with status 200: {"sessionId":"020492dc-88c2-4959-aa86-06e06cf23537","value":{"ELEMENT":"00000000-0000-0021-ffff-ffff00000049","element-6066-11e4-a52e-4f735466cecf":"00000000-0000-0021-ffff-ffff00000049"}}
[debug] &amp#27;[38;5;32m[AndroidUiautomator2Driver@e47a (b74c386a)]&amp#27;[0m Responding to client with driver.findElement() result: {"element-6066-11e4-a52e-4f735466cecf":"00000000-0000-0021-ffff-ffff00000049","ELEMENT":"00000000-0000-0021-ffff-ffff00000049"}
&amp#27;[38;5;0m[HTTP]&amp#27;[0m &amp#27;[37m<-- POST /session/b74c386a-bd63-4a4d-b13a-d366382f07b7/element &amp#27;[39m&amp#27;[32m200&amp#27;[39m &amp#27;[90m522 ms - 137&amp#27;[39m
&amp#27;[38;5;0m[HTTP]&amp#27;[0m &amp#27;[90m&amp#27;[39m
&amp#27;[38;5;0m[HTTP]&amp#27;[0m &amp#27;[37m-->&amp#27;[39m &amp#27;[37mPOST&amp#27;[39m &amp#27;[37m/session/b74c386a-bd63-4a4d-b13a-d366382f07b7/element/00000000-0000-0021-ffff-ffff00000049/value&amp#27;[39m
&amp#27;[38;5;0m[HTTP]&amp#27;[0m &amp#27;[90m{"id":"00000000-0000-0021-ffff-ffff00000049","text":"inpassword","value":["i","n","p","a","s","s","w","o","r","d"]}&amp#27;[39m
[debug] &amp#27;[38;5;32m[AndroidUiautomator2Driver@e47a (b74c386a)]&amp#27;[0m Calling AppiumDriver.setValue() with args: [["i","n","p","a","s","s","w","o","r","d"],"00000000-0000-0021-ffff-ffff00000049","b74c386a-bd63-4a4d-b13a-d366382f07b7"]
[debug] &amp#27;[38;5;32m[AndroidUiautomator2Driver@e47a (b74c386a)]&amp#27;[0m Matched '/element/00000000-0000-0021-ffff-ffff00000049/value' to command name 'setValue'
[debug] &amp#27;[38;5;32m[AndroidUiautomator2Driver@e47a (b74c386a)]&amp#27;[0m Added 'value' property ["i","n","p","a","s","s","w","o","r","d"] to 'setValue' request body
[debug] &amp#27;[38;5;32m[AndroidUiautomator2Driver@e47a (b74c386a)]&amp#27;[0m Proxying [POST /element/00000000-0000-0021-ffff-ffff00000049/value] to [POST http://127.0.0.1:8200/session/020492dc-88c2-4959-aa86-06e06cf23537/element/00000000-0000-0021-ffff-ffff00000049/value] with body: {"elementId":"00000000-0000-0021-ffff-ffff00000049","text":"inpassword","replace":false,"value":["i","n","p","a","s","s","w","o","r","d"]}
[debug] &amp#27;[38;5;32m[AndroidUiautomator2Driver@e47a (b74c386a)]&amp#27;[0m Got response with status 200: {"sessionId":"020492dc-88c2-4959-aa86-06e06cf23537","value":null}
[debug] &amp#27;[38;5;32m[AndroidUiautomator2Driver@e47a (b74c386a)]&amp#27;[0m Responding to client with driver.setValue() result: null
&amp#27;[38;5;0m[HTTP]&amp#27;[0m &amp#27;[37m<-- POST /session/b74c386a-bd63-4a4d-b13a-d366382f07b7/element/00000000-0000-0021-ffff-ffff00000049/value &amp#27;[39m&amp#27;[32m200&amp#27;[39m &amp#27;[90m13 ms - 14&amp#27;[39m
&amp#27;[38;5;0m[HTTP]&amp#27;[0m &amp#27;[90m&amp#27;[39m
&amp#27;[38;5;0m[HTTP]&amp#27;[0m &amp#27;[37m-->&amp#27;[39m &amp#27;[37mPOST&amp#27;[39m &amp#27;[37m/session/b74c386a-bd63-4a4d-b13a-d366382f07b7/element&amp#27;[39m
&amp#27;[38;5;0m[HTTP]&amp#27;[0m &amp#27;[90m{"using":"xpath","value":"//android.widget.TextView[@text='LOGIN']"}&amp#27;[39m
[debug] &amp#27;[38;5;32m[AndroidUiautomator2Driver@e47a (b74c386a)]&amp#27;[0m Calling AppiumDriver.findElement() with args: ["xpath","//android.widget.TextView[@text='LOGIN']","b74c386a-bd63-4a4d-b13a-d366382f07b7"]
[debug] &amp#27;[38;5;32m[AndroidUiautomator2Driver@e47a (b74c386a)]&amp#27;[0m Valid locator strategies for this request: xpath, id, class name, accessibility id, css selector, -android uiautomator
[debug] &amp#27;[38;5;32m[AndroidUiautomator2Driver@e47a (b74c386a)]&amp#27;[0m Waiting up to 20000 ms for condition
[debug] &amp#27;[38;5;32m[AndroidUiautomator2Driver@e47a (b74c386a)]&amp#27;[0m Matched '/element' to command name 'findElement'
[debug] &amp#27;[38;5;32m[AndroidUiautomator2Driver@e47a (b74c386a)]&amp#27;[0m Proxying [POST /element] to [POST http://127.0.0.1:8200/session/020492dc-88c2-4959-aa86-06e06cf23537/element] with body: {"strategy":"xpath","selector":"//android.widget.TextView[@text='LOGIN']","context":"","multiple":false}
[debug] &amp#27;[38;5;32m[AndroidUiautomator2Driver@e47a (b74c386a)]&amp#27;[0m Got response with status 200: {"sessionId":"020492dc-88c2-4959-aa86-06e06cf23537","value":{"ELEMENT":"00000000-0000-0021-ffff-ffff00000076","element-6066-11e4-a52e-4f735466cecf":"00000000-0000-0021-ffff-ffff00000076"}}
[debug] &amp#27;[38;5;32m[AndroidUiautomator2Driver@e47a (b74c386a)]&amp#27;[0m Responding to client with driver.findElement() result: {"element-6066-11e4-a52e-4f735466cecf":"00000000-0000-0021-ffff-ffff00000076","ELEMENT":"00000000-0000-0021-ffff-ffff00000076"}
&amp#27;[38;5;0m[HTTP]&amp#27;[0m &amp#27;[37m<-- POST /session/b74c386a-bd63-4a4d-b13a-d366382f07b7/element &amp#27;[39m&amp#27;[32m200&amp#27;[39m &amp#27;[90m27 ms - 137&amp#27;[39m
&amp#27;[38;5;0m[HTTP]&amp#27;[0m &amp#27;[90m&amp#27;[39m
&amp#27;[38;5;0m[HTTP]&amp#27;[0m &amp#27;[37m-->&amp#27;[39m &amp#27;[37mPOST&amp#27;[39m &amp#27;[37m/session/b74c386a-bd63-4a4d-b13a-d366382f07b7/element/00000000-0000-0021-ffff-ffff00000076/click&amp#27;[39m
&amp#27;[38;5;0m[HTTP]&amp#27;[0m &amp#27;[90m{"id":"00000000-0000-0021-ffff-ffff00000076"}&amp#27;[39m
[debug] &amp#27;[38;5;32m[AndroidUiautomator2Driver@e47a (b74c386a)]&amp#27;[0m Calling AppiumDriver.click() with args: ["00000000-0000-0021-ffff-ffff00000076","b74c386a-bd63-4a4d-b13a-d366382f07b7"]
[debug] &amp#27;[38;5;32m[AndroidUiautomator2Driver@e47a (b74c386a)]&amp#27;[0m Matched '/element/00000000-0000-0021-ffff-ffff00000076/click' to command name 'click'
[debug] &amp#27;[38;5;32m[AndroidUiautomator2Driver@e47a (b74c386a)]&amp#27;[0m Proxying [POST /element/00000000-0000-0021-ffff-ffff00000076/click] to [POST http://127.0.0.1:8200/session/020492dc-88c2-4959-aa86-06e06cf23537/element/00000000-0000-0021-ffff-ffff00000076/click] with body: {"element":"00000000-0000-0021-ffff-ffff00000076"}
[debug] &amp#27;[38;5;32m[AndroidUiautomator2Driver@e47a (b74c386a)]&amp#27;[0m Got response with status 200: {"sessionId":"020492dc-88c2-4959-aa86-06e06cf23537","value":null}
[debug] &amp#27;[38;5;32m[AndroidUiautomator2Driver@e47a (b74c386a)]&amp#27;[0m Responding to client with driver.click() result: null
&amp#27;[38;5;0m[HTTP]&amp#27;[0m &amp#27;[37m<-- POST /session/b74c386a-bd63-4a4d-b13a-d366382f07b7/element/00000000-0000-0021-ffff-ffff00000076/click &amp#27;[39m&amp#27;[32m200&amp#27;[39m &amp#27;[90m1273 ms - 14&amp#27;[39m
&amp#27;[38;5;0m[HTTP]&amp#27;[0m &amp#27;[90m&amp#27;[39m
&amp#27;[38;5;0m[HTTP]&amp#27;[0m &amp#27;[37m-->&amp#27;[39m &amp#27;[37mPOST&amp#27;[39m &amp#27;[37m/session/b74c386a-bd63-4a4d-b13a-d366382f07b7/timeouts&amp#27;[39m
&amp#27;[38;5;0m[HTTP]&amp#27;[0m &amp#27;[90m{"implicit":20000}&amp#27;[39m
[debug] &amp#27;[38;5;32m[AndroidUiautomator2Driver@e47a (b74c386a)]&amp#27;[0m Calling AppiumDriver.timeouts() with args: [null,null,null,null,20000,"b74c386a-bd63-4a4d-b13a-d366382f07b7"]
[debug] &amp#27;[38;5;32m[AndroidUiautomator2Driver@e47a (b74c386a)]&amp#27;[0m W3C timeout argument: {"implicit":20000}}
[debug] &amp#27;[38;5;32m[AndroidUiautomator2Driver@e47a (b74c386a)]&amp#27;[0m Set implicit wait to 20000ms
[debug] &amp#27;[38;5;32m[AndroidUiautomator2Driver@e47a (b74c386a)]&amp#27;[0m Responding to client with driver.timeouts() result: null
&amp#27;[38;5;0m[HTTP]&amp#27;[0m &amp#27;[37m<-- POST /session/b74c386a-bd63-4a4d-b13a-d366382f07b7/timeouts &amp#27;[39m&amp#27;[32m200&amp#27;[39m &amp#27;[90m1 ms - 14&amp#27;[39m
&amp#27;[38;5;0m[HTTP]&amp#27;[0m &amp#27;[90m&amp#27;[39m
&amp#27;[38;5;0m[HTTP]&amp#27;[0m &amp#27;[37m-->&amp#27;[39m &amp#27;[37mPOST&amp#27;[39m &amp#27;[37m/session/b74c386a-bd63-4a4d-b13a-d366382f07b7/element&amp#27;[39m
&amp#27;[38;5;0m[HTTP]&amp#27;[0m &amp#27;[90m{"using":"xpath","value":"//android.widget.TextView[@text='Invalid username/password']"}&amp#27;[39m
[debug] &amp#27;[38;5;32m[AndroidUiautomator2Driver@e47a (b74c386a)]&amp#27;[0m Calling AppiumDriver.findElement() with args: ["xpath","//android.widget.TextView[@text='Invalid username/password']","b74c386a-bd63-4a4d-b13a-d366382f07b7"]
[debug] &amp#27;[38;5;32m[AndroidUiautomator2Driver@e47a (b74c386a)]&amp#27;[0m Valid locator strategies for this request: xpath, id, class name, accessibility id, css selector, -android uiautomator
[debug] &amp#27;[38;5;32m[AndroidUiautomator2Driver@e47a (b74c386a)]&amp#27;[0m Waiting up to 20000 ms for condition
[debug] &amp#27;[38;5;32m[AndroidUiautomator2Driver@e47a (b74c386a)]&amp#27;[0m Matched '/element' to command name 'findElement'
[debug] &amp#27;[38;5;32m[AndroidUiautomator2Driver@e47a (b74c386a)]&amp#27;[0m Proxying [POST /element] to [POST http://127.0.0.1:8200/session/020492dc-88c2-4959-aa86-06e06cf23537/element] with body: {"strategy":"xpath","selector":"//android.widget.TextView[@text='Invalid username/password']","context":"","multiple":false}
&amp#27;[38;5;32m[AndroidUiautomator2Driver@e47a (b74c386a)]&amp#27;[0m Got response with status 404: {"sessionId":"020492dc-88c2-4959-aa86-06e06cf23537","value":{"error":"no such element","message":"An element could not be located on the page using the given search parameters","stacktrace":"io.appium.uiautomator2.common.exceptions.ElementNotFoundException: An element could not be located on the page using the given search parameters\n\tat io.appium.uiautomator2.utils.ElementLocationHelpers.findElement(ElementLocationHelpers.java:156)\n\tat io.appium.uiautomator2.handler.FindElement.safeHandle(FindElement.java:60)\n\tat io.appium.uiautomator2.handler.request.SafeRequestHandler.handle(SafeRequestHandler.java:59)\n\tat io.appium.uiautomator2.server.AppiumServlet.handleRequest(AppiumServlet.java:277)\n\tat io.appium.uiautomator2.server.AppiumServlet.handleHttpRequest(AppiumServlet.java:271)\n\tat io.appium.uiautomator2.http.ServerHandler.channelRead(ServerHandler.java:68)\n\tat io.netty.channel.AbstractChannelHandlerContext.invokeChannelRead(AbstractChannelHandlerContext.java:366)\n\tat io.netty.channel.Abstr...
[debug] &amp#27;[38;5;128m[W3C]&amp#27;[0m Matched W3C error code 'no such element' to NoSuchElementError
[debug] &amp#27;[38;5;32m[AndroidUiautomator2Driver@e47a (b74c386a)]&amp#27;[0m Waited for 33 ms so far
[debug] &amp#27;[38;5;32m[AndroidUiautomator2Driver@e47a (b74c386a)]&amp#27;[0m Matched '/element' to command name 'findElement'
[debug] &amp#27;[38;5;32m[AndroidUiautomator2Driver@e47a (b74c386a)]&amp#27;[0m Proxying [POST /element] to [POST http://127.0.0.1:8200/session/020492dc-88c2-4959-aa86-06e06cf23537/element] with body: {"strategy":"xpath","selector":"//android.widget.TextView[@text='Invalid username/password']","context":"","multiple":false}
&amp#27;[38;5;32m[AndroidUiautomator2Driver@e47a (b74c386a)]&amp#27;[0m Got response with status 404: {"sessionId":"020492dc-88c2-4959-aa86-06e06cf23537","value":{"error":"no such element","message":"An element could not be located on the page using the given search parameters","stacktrace":"io.appium.uiautomator2.common.exceptions.ElementNotFoundException: An element could not be located on the page using the given search parameters\n\tat io.appium.uiautomator2.utils.ElementLocationHelpers.findElement(ElementLocationHelpers.java:156)\n\tat io.appium.uiautomator2.handler.FindElement.safeHandle(FindElement.java:60)\n\tat io.appium.uiautomator2.handler.request.SafeRequestHandler.handle(SafeRequestHandler.java:59)\n\tat io.appium.uiautomator2.server.AppiumServlet.handleRequest(AppiumServlet.java:277)\n\tat io.appium.uiautomator2.server.AppiumServlet.handleHttpRequest(AppiumServlet.java:271)\n\tat io.appium.uiautomator2.http.ServerHandler.channelRead(ServerHandler.java:68)\n\tat io.netty.channel.AbstractChannelHandlerContext.invokeChannelRead(AbstractChannelHandlerContext.java:366)\n\tat io.netty.channel.Abstr...
[debug] &amp#27;[38;5;128m[W3C]&amp#27;[0m Matched W3C error code 'no such element' to NoSuchElementError
[debug] &amp#27;[38;5;32m[AndroidUiautomator2Driver@e47a (b74c386a)]&amp#27;[0m Waited for 565 ms so far
[debug] &amp#27;[38;5;32m[AndroidUiautomator2Driver@e47a (b74c386a)]&amp#27;[0m Matched '/element' to command name 'findElement'
[debug] &amp#27;[38;5;32m[AndroidUiautomator2Driver@e47a (b74c386a)]&amp#27;[0m Proxying [POST /element] to [POST http://127.0.0.1:8200/session/020492dc-88c2-4959-aa86-06e06cf23537/element] with body: {"strategy":"xpath","selector":"//android.widget.TextView[@text='Invalid username/password']","context":"","multiple":false}
&amp#27;[38;5;32m[AndroidUiautomator2Driver@e47a (b74c386a)]&amp#27;[0m Got response with status 404: {"sessionId":"020492dc-88c2-4959-aa86-06e06cf23537","value":{"error":"no such element","message":"An element could not be located on the page using the given search parameters","stacktrace":"io.appium.uiautomator2.common.exceptions.ElementNotFoundException: An element could not be located on the page using the given search parameters\n\tat io.appium.uiautomator2.utils.ElementLocationHelpers.findElement(ElementLocationHelpers.java:156)\n\tat io.appium.uiautomator2.handler.FindElement.safeHandle(FindElement.java:60)\n\tat io.appium.uiautomator2.handler.request.SafeRequestHandler.handle(SafeRequestHandler.java:59)\n\tat io.appium.uiautomator2.server.AppiumServlet.handleRequest(AppiumServlet.java:277)\n\tat io.appium.uiautomator2.server.AppiumServlet.handleHttpRequest(AppiumServlet.java:271)\n\tat io.appium.uiautomator2.http.ServerHandler.channelRead(ServerHandler.java:68)\n\tat io.netty.channel.AbstractChannelHandlerContext.invokeChannelRead(AbstractChannelHandlerContext.java:366)\n\tat io.netty.channel.Abstr...
[debug] &amp#27;[38;5;128m[W3C]&amp#27;[0m Matched W3C error code 'no such element' to NoSuchElementError
[debug] &amp#27;[38;5;32m[AndroidUiautomator2Driver@e47a (b74c386a)]&amp#27;[0m Waited for 1099 ms so far
[debug] &amp#27;[38;5;32m[AndroidUiautomator2Driver@e47a (b74c386a)]&amp#27;[0m Matched '/element' to command name 'findElement'
[debug] &amp#27;[38;5;32m[AndroidUiautomator2Driver@e47a (b74c386a)]&amp#27;[0m Proxying [POST /element] to [POST http://127.0.0.1:8200/session/020492dc-88c2-4959-aa86-06e06cf23537/element] with body: {"strategy":"xpath","selector":"//android.widget.TextView[@text='Invalid username/password']","context":"","multiple":false}
&amp#27;[38;5;32m[AndroidUiautomator2Driver@e47a (b74c386a)]&amp#27;[0m Got response with status 404: {"sessionId":"020492dc-88c2-4959-aa86-06e06cf23537","value":{"error":"no such element","message":"An element could not be located on the page using the given search parameters","stacktrace":"io.appium.uiautomator2.common.exceptions.ElementNotFoundException: An element could not be located on the page using the given search parameters\n\tat io.appium.uiautomator2.utils.ElementLocationHelpers.findElement(ElementLocationHelpers.java:156)\n\tat io.appium.uiautomator2.handler.FindElement.safeHandle(FindElement.java:60)\n\tat io.appium.uiautomator2.handler.request.SafeRequestHandler.handle(SafeRequestHandler.java:59)\n\tat io.appium.uiautomator2.server.AppiumServlet.handleRequest(AppiumServlet.java:277)\n\tat io.appium.uiautomator2.server.AppiumServlet.handleHttpRequest(AppiumServlet.java:271)\n\tat io.appium.uiautomator2.http.ServerHandler.channelRead(ServerHandler.java:68)\n\tat io.netty.channel.AbstractChannelHandlerContext.invokeChannelRead(AbstractChannelHandlerContext.java:366)\n\tat io.netty.channel.Abstr...
[debug] &amp#27;[38;5;128m[W3C]&amp#27;[0m Matched W3C error code 'no such element' to NoSuchElementError
[debug] &amp#27;[38;5;32m[AndroidUiautomator2Driver@e47a (b74c386a)]&amp#27;[0m Waited for 1636 ms so far
[debug] &amp#27;[38;5;32m[AndroidUiautomator2Driver@e47a (b74c386a)]&amp#27;[0m Matched '/element' to command name 'findElement'
[debug] &amp#27;[38;5;32m[AndroidUiautomator2Driver@e47a (b74c386a)]&amp#27;[0m Proxying [POST /element] to [POST http://127.0.0.1:8200/session/020492dc-88c2-4959-aa86-06e06cf23537/element] with body: {"strategy":"xpath","selector":"//android.widget.TextView[@text='Invalid username/password']","context":"","multiple":false}
&amp#27;[38;5;32m[AndroidUiautomator2Driver@e47a (b74c386a)]&amp#27;[0m Got response with status 404: {"sessionId":"020492dc-88c2-4959-aa86-06e06cf23537","value":{"error":"no such element","message":"An element could not be located on the page using the given search parameters","stacktrace":"io.appium.uiautomator2.common.exceptions.ElementNotFoundException: An element could not be located on the page using the given search parameters\n\tat io.appium.uiautomator2.utils.ElementLocationHelpers.findElement(ElementLocationHelpers.java:156)\n\tat io.appium.uiautomator2.handler.FindElement.safeHandle(FindElement.java:60)\n\tat io.appium.uiautomator2.handler.request.SafeRequestHandler.handle(SafeRequestHandler.java:59)\n\tat io.appium.uiautomator2.server.AppiumServlet.handleRequest(AppiumServlet.java:277)\n\tat io.appium.uiautomator2.server.AppiumServlet.handleHttpRequest(AppiumServlet.java:271)\n\tat io.appium.uiautomator2.http.ServerHandler.channelRead(ServerHandler.java:68)\n\tat io.netty.channel.AbstractChannelHandlerContext.invokeChannelRead(AbstractChannelHandlerContext.java:366)\n\tat io.netty.channel.Abstr...
[debug] &amp#27;[38;5;128m[W3C]&amp#27;[0m Matched W3C error code 'no such element' to NoSuchElementError
[debug] &amp#27;[38;5;32m[AndroidUiautomator2Driver@e47a (b74c386a)]&amp#27;[0m Waited for 2178 ms so far
[debug] &amp#27;[38;5;32m[AndroidUiautomator2Driver@e47a (b74c386a)]&amp#27;[0m Matched '/element' to command name 'findElement'
[debug] &amp#27;[38;5;32m[AndroidUiautomator2Driver@e47a (b74c386a)]&amp#27;[0m Proxying [POST /element] to [POST http://127.0.0.1:8200/session/020492dc-88c2-4959-aa86-06e06cf23537/element] with body: {"strategy":"xpath","selector":"//android.widget.TextView[@text='Invalid username/password']","context":"","multiple":false}
&amp#27;[38;5;32m[AndroidUiautomator2Driver@e47a (b74c386a)]&amp#27;[0m Got response with status 404: {"sessionId":"020492dc-88c2-4959-aa86-06e06cf23537","value":{"error":"no such element","message":"An element could not be located on the page using the given search parameters","stacktrace":"io.appium.uiautomator2.common.exceptions.ElementNotFoundException: An element could not be located on the page using the given search parameters\n\tat io.appium.uiautomator2.utils.ElementLocationHelpers.findElement(ElementLocationHelpers.java:156)\n\tat io.appium.uiautomator2.handler.FindElement.safeHandle(FindElement.java:60)\n\tat io.appium.uiautomator2.handler.request.SafeRequestHandler.handle(SafeRequestHandler.java:59)\n\tat io.appium.uiautomator2.server.AppiumServlet.handleRequest(AppiumServlet.java:277)\n\tat io.appium.uiautomator2.server.AppiumServlet.handleHttpRequest(AppiumServlet.java:271)\n\tat io.appium.uiautomator2.http.ServerHandler.channelRead(ServerHandler.java:68)\n\tat io.netty.channel.AbstractChannelHandlerContext.invokeChannelRead(AbstractChannelHandlerContext.java:366)\n\tat io.netty.channel.Abstr...
[debug] &amp#27;[38;5;128m[W3C]&amp#27;[0m Matched W3C error code 'no such element' to NoSuchElementError
[debug] &amp#27;[38;5;32m[AndroidUiautomator2Driver@e47a (b74c386a)]&amp#27;[0m Waited for 2714 ms so far
[debug] &amp#27;[38;5;32m[AndroidUiautomator2Driver@e47a (b74c386a)]&amp#27;[0m Matched '/element' to command name 'findElement'
[debug] &amp#27;[38;5;32m[AndroidUiautomator2Driver@e47a (b74c386a)]&amp#27;[0m Proxying [POST /element] to [POST http://127.0.0.1:8200/session/020492dc-88c2-4959-aa86-06e06cf23537/element] with body: {"strategy":"xpath","selector":"//android.widget.TextView[@text='Invalid username/password']","context":"","multiple":false}
&amp#27;[38;5;32m[AndroidUiautomator2Driver@e47a (b74c386a)]&amp#27;[0m Got response with status 404: {"sessionId":"020492dc-88c2-4959-aa86-06e06cf23537","value":{"error":"no such element","message":"An element could not be located on the page using the given search parameters","stacktrace":"io.appium.uiautomator2.common.exceptions.ElementNotFoundException: An element could not be located on the page using the given search parameters\n\tat io.appium.uiautomator2.utils.ElementLocationHelpers.findElement(ElementLocationHelpers.java:156)\n\tat io.appium.uiautomator2.handler.FindElement.safeHandle(FindElement.java:60)\n\tat io.appium.uiautomator2.handler.request.SafeRequestHandler.handle(SafeRequestHandler.java:59)\n\tat io.appium.uiautomator2.server.AppiumServlet.handleRequest(AppiumServlet.java:277)\n\tat io.appium.uiautomator2.server.AppiumServlet.handleHttpRequest(AppiumServlet.java:271)\n\tat io.appium.uiautomator2.http.ServerHandler.channelRead(ServerHandler.java:68)\n\tat io.netty.channel.AbstractChannelHandlerContext.invokeChannelRead(AbstractChannelHandlerContext.java:366)\n\tat io.netty.channel.Abstr...
[debug] &amp#27;[38;5;128m[W3C]&amp#27;[0m Matched W3C error code 'no such element' to NoSuchElementError
[debug] &amp#27;[38;5;32m[AndroidUiautomator2Driver@e47a (b74c386a)]&amp#27;[0m Waited for 3247 ms so far
[debug] &amp#27;[38;5;32m[AndroidUiautomator2Driver@e47a (b74c386a)]&amp#27;[0m Matched '/element' to command name 'findElement'
[debug] &amp#27;[38;5;32m[AndroidUiautomator2Driver@e47a (b74c386a)]&amp#27;[0m Proxying [POST /element] to [POST http://127.0.0.1:8200/session/020492dc-88c2-4959-aa86-06e06cf23537/element] with body: {"strategy":"xpath","selector":"//android.widget.TextView[@text='Invalid username/password']","context":"","multiple":false}
[debug] &amp#27;[38;5;32m[AndroidUiautomator2Driver@e47a (b74c386a)]&amp#27;[0m Got response with status 200: {"sessionId":"020492dc-88c2-4959-aa86-06e06cf23537","value":{"ELEMENT":"00000000-0000-0021-ffff-ffff00000084","element-6066-11e4-a52e-4f735466cecf":"00000000-0000-0021-ffff-ffff00000084"}}
[debug] &amp#27;[38;5;32m[AndroidUiautomator2Driver@e47a (b74c386a)]&amp#27;[0m Responding to client with driver.findElement() result: {"element-6066-11e4-a52e-4f735466cecf":"00000000-0000-0021-ffff-ffff00000084","ELEMENT":"00000000-0000-0021-ffff-ffff00000084"}
&amp#27;[38;5;0m[HTTP]&amp#27;[0m &amp#27;[37m<-- POST /session/b74c386a-bd63-4a4d-b13a-d366382f07b7/element &amp#27;[39m&amp#27;[32m200&amp#27;[39m &amp#27;[90m4385 ms - 137&amp#27;[39m
&amp#27;[38;5;0m[HTTP]&amp#27;[0m &amp#27;[90m&amp#27;[39m
&amp#27;[38;5;0m[HTTP]&amp#27;[0m &amp#27;[37m-->&amp#27;[39m &amp#27;[37mGET&amp#27;[39m &amp#27;[37m/session/b74c386a-bd63-4a4d-b13a-d366382f07b7/element/00000000-0000-0021-ffff-ffff00000084/text&amp#27;[39m
&amp#27;[38;5;0m[HTTP]&amp#27;[0m &amp#27;[90m{}&amp#27;[39m
&amp#27;[38;5;32m[AndroidUiautomator2Driver@e47a (b74c386a)]&amp#27;[0m Driver proxy active, passing request on via HTTP proxy
[debug] &amp#27;[38;5;32m[AndroidUiautomator2Driver@e47a (b74c386a)]&amp#27;[0m Matched '/session/b74c386a-bd63-4a4d-b13a-d366382f07b7/element/00000000-0000-0021-ffff-ffff00000084/text' to command name 'getText'
[debug] &amp#27;[38;5;32m[AndroidUiautomator2Driver@e47a (b74c386a)]&amp#27;[0m Proxying [GET /session/b74c386a-bd63-4a4d-b13a-d366382f07b7/element/00000000-0000-0021-ffff-ffff00000084/text] to [GET http://127.0.0.1:8200/session/020492dc-88c2-4959-aa86-06e06cf23537/element/00000000-0000-0021-ffff-ffff00000084/text] with no body
[debug] &amp#27;[38;5;32m[AndroidUiautomator2Driver@e47a (b74c386a)]&amp#27;[0m Got response with status 200: {"sessionId":"020492dc-88c2-4959-aa86-06e06cf23537","value":"Invalid username/password"}
&amp#27;[38;5;32m[AndroidUiautomator2Driver@e47a (b74c386a)]&amp#27;[0m Replacing sessionId 020492dc-88c2-4959-aa86-06e06cf23537 with b74c386a-bd63-4a4d-b13a-d366382f07b7
&amp#27;[38;5;0m[HTTP]&amp#27;[0m &amp#27;[37m<-- GET /session/b74c386a-bd63-4a4d-b13a-d366382f07b7/element/00000000-0000-0021-ffff-ffff00000084/text &amp#27;[39m&amp#27;[32m200&amp#27;[39m &amp#27;[90m8 ms - 88&amp#27;[39m
&amp#27;[38;5;0m[HTTP]&amp#27;[0m &amp#27;[90m&amp#27;[39m
&amp#27;[38;5;0m[HTTP]&amp#27;[0m &amp#27;[37m-->&amp#27;[39m &amp#27;[37mPOST&amp#27;[39m &amp#27;[37m/session/b74c386a-bd63-4a4d-b13a-d366382f07b7/element&amp#27;[39m
&amp#27;[38;5;0m[HTTP]&amp#27;[0m &amp#27;[90m{"using":"xpath","value":"//android.widget.TextView[@text='Invalid username/password']"}&amp#27;[39m
[debug] &amp#27;[38;5;32m[AndroidUiautomator2Driver@e47a (b74c386a)]&amp#27;[0m Calling AppiumDriver.findElement() with args: ["xpath","//android.widget.TextView[@text='Invalid username/password']","b74c386a-bd63-4a4d-b13a-d366382f07b7"]
[debug] &amp#27;[38;5;32m[AndroidUiautomator2Driver@e47a (b74c386a)]&amp#27;[0m Valid locator strategies for this request: xpath, id, class name, accessibility id, css selector, -android uiautomator
[debug] &amp#27;[38;5;32m[AndroidUiautomator2Driver@e47a (b74c386a)]&amp#27;[0m Waiting up to 20000 ms for condition
[debug] &amp#27;[38;5;32m[AndroidUiautomator2Driver@e47a (b74c386a)]&amp#27;[0m Matched '/element' to command name 'findElement'
[debug] &amp#27;[38;5;32m[AndroidUiautomator2Driver@e47a (b74c386a)]&amp#27;[0m Proxying [POST /element] to [POST http://127.0.0.1:8200/session/020492dc-88c2-4959-aa86-06e06cf23537/element] with body: {"strategy":"xpath","selector":"//android.widget.TextView[@text='Invalid username/password']","context":"","multiple":false}
[debug] &amp#27;[38;5;32m[AndroidUiautomator2Driver@e47a (b74c386a)]&amp#27;[0m Got response with status 200: {"sessionId":"020492dc-88c2-4959-aa86-06e06cf23537","value":{"ELEMENT":"00000000-0000-0021-ffff-ffff00000084","element-6066-11e4-a52e-4f735466cecf":"00000000-0000-0021-ffff-ffff00000084"}}
[debug] &amp#27;[38;5;32m[AndroidUiautomator2Driver@e47a (b74c386a)]&amp#27;[0m Responding to client with driver.findElement() result: {"element-6066-11e4-a52e-4f735466cecf":"00000000-0000-0021-ffff-ffff00000084","ELEMENT":"00000000-0000-0021-ffff-ffff00000084"}
&amp#27;[38;5;0m[HTTP]&amp#27;[0m &amp#27;[37m<-- POST /session/b74c386a-bd63-4a4d-b13a-d366382f07b7/element &amp#27;[39m&amp#27;[32m200&amp#27;[39m &amp#27;[90m35 ms - 137&amp#27;[39m
&amp#27;[38;5;0m[HTTP]&amp#27;[0m &amp#27;[90m&amp#27;[39m
&amp#27;[38;5;0m[HTTP]&amp#27;[0m &amp#27;[37m-->&amp#27;[39m &amp#27;[37mGET&amp#27;[39m &amp#27;[37m/session/b74c386a-bd63-4a4d-b13a-d366382f07b7/element/00000000-0000-0021-ffff-ffff00000084/displayed&amp#27;[39m
&amp#27;[38;5;0m[HTTP]&amp#27;[0m &amp#27;[90m{}&amp#27;[39m
[debug] &amp#27;[38;5;32m[AndroidUiautomator2Driver@e47a (b74c386a)]&amp#27;[0m Calling AppiumDriver.elementDisplayed() with args: ["00000000-0000-0021-ffff-ffff00000084","b74c386a-bd63-4a4d-b13a-d366382f07b7"]
[debug] &amp#27;[38;5;32m[AndroidUiautomator2Driver@e47a (b74c386a)]&amp#27;[0m Matched '/element/00000000-0000-0021-ffff-ffff00000084/attribute/displayed' to command name 'getAttribute'
[debug] &amp#27;[38;5;32m[AndroidUiautomator2Driver@e47a (b74c386a)]&amp#27;[0m Proxying [GET /element/00000000-0000-0021-ffff-ffff00000084/attribute/displayed] to [GET http://127.0.0.1:8200/session/020492dc-88c2-4959-aa86-06e06cf23537/element/00000000-0000-0021-ffff-ffff00000084/attribute/displayed] with no body
[debug] &amp#27;[38;5;32m[AndroidUiautomator2Driver@e47a (b74c386a)]&amp#27;[0m Got response with status 200: {"sessionId":"020492dc-88c2-4959-aa86-06e06cf23537","value":"true"}
[debug] &amp#27;[38;5;32m[AndroidUiautomator2Driver@e47a (b74c386a)]&amp#27;[0m Responding to client with driver.elementDisplayed() result: true
&amp#27;[38;5;0m[HTTP]&amp#27;[0m &amp#27;[37m<-- GET /session/b74c386a-bd63-4a4d-b13a-d366382f07b7/element/00000000-0000-0021-ffff-ffff00000084/displayed &amp#27;[39m&amp#27;[32m200&amp#27;[39m &amp#27;[90m9 ms - 14&amp#27;[39m
&amp#27;[38;5;0m[HTTP]&amp#27;[0m &amp#27;[90m&amp#27;[39m
&amp#27;[38;5;0m[HTTP]&amp#27;[0m &amp#27;[37m-->&amp#27;[39m &amp#27;[37mPOST&amp#27;[39m &amp#27;[37m/session/b74c386a-bd63-4a4d-b13a-d366382f07b7/element&amp#27;[39m
&amp#27;[38;5;0m[HTTP]&amp#27;[0m &amp#27;[90m{"using":"xpath","value":"//android.widget.TextView[@text='Invalid username/password']"}&amp#27;[39m
[debug] &amp#27;[38;5;32m[AndroidUiautomator2Driver@e47a (b74c386a)]&amp#27;[0m Calling AppiumDriver.findElement() with args: ["xpath","//android.widget.TextView[@text='Invalid username/password']","b74c386a-bd63-4a4d-b13a-d366382f07b7"]
[debug] &amp#27;[38;5;32m[AndroidUiautomator2Driver@e47a (b74c386a)]&amp#27;[0m Valid locator strategies for this request: xpath, id, class name, accessibility id, css selector, -android uiautomator
[debug] &amp#27;[38;5;32m[AndroidUiautomator2Driver@e47a (b74c386a)]&amp#27;[0m Waiting up to 20000 ms for condition
[debug] &amp#27;[38;5;32m[AndroidUiautomator2Driver@e47a (b74c386a)]&amp#27;[0m Matched '/element' to command name 'findElement'
[debug] &amp#27;[38;5;32m[AndroidUiautomator2Driver@e47a (b74c386a)]&amp#27;[0m Proxying [POST /element] to [POST http://127.0.0.1:8200/session/020492dc-88c2-4959-aa86-06e06cf23537/element] with body: {"strategy":"xpath","selector":"//android.widget.TextView[@text='Invalid username/password']","context":"","multiple":false}
[debug] &amp#27;[38;5;32m[AndroidUiautomator2Driver@e47a (b74c386a)]&amp#27;[0m Got response with status 200: {"sessionId":"020492dc-88c2-4959-aa86-06e06cf23537","value":{"ELEMENT":"00000000-0000-0021-ffff-ffff00000084","element-6066-11e4-a52e-4f735466cecf":"00000000-0000-0021-ffff-ffff00000084"}}
[debug] &amp#27;[38;5;32m[AndroidUiautomator2Driver@e47a (b74c386a)]&amp#27;[0m Responding to client with driver.findElement() result: {"element-6066-11e4-a52e-4f735466cecf":"00000000-0000-0021-ffff-ffff00000084","ELEMENT":"00000000-0000-0021-ffff-ffff00000084"}
&amp#27;[38;5;0m[HTTP]&amp#27;[0m &amp#27;[37m<-- POST /session/b74c386a-bd63-4a4d-b13a-d366382f07b7/element &amp#27;[39m&amp#27;[32m200&amp#27;[39m &amp#27;[90m50 ms - 137&amp#27;[39m
&amp#27;[38;5;0m[HTTP]&amp#27;[0m &amp#27;[90m&amp#27;[39m
&amp#27;[38;5;0m[HTTP]&amp#27;[0m &amp#27;[37m-->&amp#27;[39m &amp#27;[37mGET&amp#27;[39m &amp#27;[37m/session/b74c386a-bd63-4a4d-b13a-d366382f07b7/element/00000000-0000-0021-ffff-ffff00000084/displayed&amp#27;[39m
&amp#27;[38;5;0m[HTTP]&amp#27;[0m &amp#27;[90m{}&amp#27;[39m
[debug] &amp#27;[38;5;32m[AndroidUiautomator2Driver@e47a (b74c386a)]&amp#27;[0m Calling AppiumDriver.elementDisplayed() with args: ["00000000-0000-0021-ffff-ffff00000084","b74c386a-bd63-4a4d-b13a-d366382f07b7"]
[debug] &amp#27;[38;5;32m[AndroidUiautomator2Driver@e47a (b74c386a)]&amp#27;[0m Matched '/element/00000000-0000-0021-ffff-ffff00000084/attribute/displayed' to command name 'getAttribute'
[debug] &amp#27;[38;5;32m[AndroidUiautomator2Driver@e47a (b74c386a)]&amp#27;[0m Proxying [GET /element/00000000-0000-0021-ffff-ffff00000084/attribute/displayed] to [GET http://127.0.0.1:8200/session/020492dc-88c2-4959-aa86-06e06cf23537/element/00000000-0000-0021-ffff-ffff00000084/attribute/displayed] with no body
[debug] &amp#27;[38;5;32m[AndroidUiautomator2Driver@e47a (b74c386a)]&amp#27;[0m Got response with status 200: {"sessionId":"020492dc-88c2-4959-aa86-06e06cf23537","value":"true"}
[debug] &amp#27;[38;5;32m[AndroidUiautomator2Driver@e47a (b74c386a)]&amp#27;[0m Responding to client with driver.elementDisplayed() result: true
&amp#27;[38;5;0m[HTTP]&amp#27;[0m &amp#27;[37m<-- GET /session/b74c386a-bd63-4a4d-b13a-d366382f07b7/element/00000000-0000-0021-ffff-ffff00000084/displayed &amp#27;[39m&amp#27;[32m200&amp#27;[39m &amp#27;[90m7 ms - 14&amp#27;[39m
&amp#27;[38;5;0m[HTTP]&amp#27;[0m &amp#27;[90m&amp#27;[39m
&amp#27;[38;5;0m[HTTP]&amp#27;[0m &amp#27;[37m-->&amp#27;[39m &amp#27;[37mPOST&amp#27;[39m &amp#27;[37m/session/b74c386a-bd63-4a4d-b13a-d366382f07b7/element&amp#27;[39m
&amp#27;[38;5;0m[HTTP]&amp#27;[0m &amp#27;[90m{"using":"xpath","value":"//android.widget.TextView[@text='Invalid username/password']"}&amp#27;[39m
[debug] &amp#27;[38;5;32m[AndroidUiautomator2Driver@e47a (b74c386a)]&amp#27;[0m Calling AppiumDriver.findElement() with args: ["xpath","//android.widget.TextView[@text='Invalid username/password']","b74c386a-bd63-4a4d-b13a-d366382f07b7"]
[debug] &amp#27;[38;5;32m[AndroidUiautomator2Driver@e47a (b74c386a)]&amp#27;[0m Valid locator strategies for this request: xpath, id, class name, accessibility id, css selector, -android uiautomator
[debug] &amp#27;[38;5;32m[AndroidUiautomator2Driver@e47a (b74c386a)]&amp#27;[0m Waiting up to 20000 ms for condition
[debug] &amp#27;[38;5;32m[AndroidUiautomator2Driver@e47a (b74c386a)]&amp#27;[0m Matched '/element' to command name 'findElement'
[debug] &amp#27;[38;5;32m[AndroidUiautomator2Driver@e47a (b74c386a)]&amp#27;[0m Proxying [POST /element] to [POST http://127.0.0.1:8200/session/020492dc-88c2-4959-aa86-06e06cf23537/element] with body: {"strategy":"xpath","selector":"//android.widget.TextView[@text='Invalid username/password']","context":"","multiple":false}
[debug] &amp#27;[38;5;32m[AndroidUiautomator2Driver@e47a (b74c386a)]&amp#27;[0m Got response with status 200: {"sessionId":"020492dc-88c2-4959-aa86-06e06cf23537","value":{"ELEMENT":"00000000-0000-0021-ffff-ffff00000084","element-6066-11e4-a52e-4f735466cecf":"00000000-0000-0021-ffff-ffff00000084"}}
[debug] &amp#27;[38;5;32m[AndroidUiautomator2Driver@e47a (b74c386a)]&amp#27;[0m Responding to client with driver.findElement() result: {"element-6066-11e4-a52e-4f735466cecf":"00000000-0000-0021-ffff-ffff00000084","ELEMENT":"00000000-0000-0021-ffff-ffff00000084"}
&amp#27;[38;5;0m[HTTP]&amp#27;[0m &amp#27;[37m<-- POST /session/b74c386a-bd63-4a4d-b13a-d366382f07b7/element &amp#27;[39m&amp#27;[32m200&amp#27;[39m &amp#27;[90m40 ms - 137&amp#27;[39m
&amp#27;[38;5;0m[HTTP]&amp#27;[0m &amp#27;[90m&amp#27;[39m
&amp#27;[38;5;0m[HTTP]&amp#27;[0m &amp#27;[37m-->&amp#27;[39m &amp#27;[37mGET&amp#27;[39m &amp#27;[37m/session/b74c386a-bd63-4a4d-b13a-d366382f07b7/element/00000000-0000-0021-ffff-ffff00000084/displayed&amp#27;[39m
&amp#27;[38;5;0m[HTTP]&amp#27;[0m &amp#27;[90m{}&amp#27;[39m
[debug] &amp#27;[38;5;32m[AndroidUiautomator2Driver@e47a (b74c386a)]&amp#27;[0m Calling AppiumDriver.elementDisplayed() with args: ["00000000-0000-0021-ffff-ffff00000084","b74c386a-bd63-4a4d-b13a-d366382f07b7"]
[debug] &amp#27;[38;5;32m[AndroidUiautomator2Driver@e47a (b74c386a)]&amp#27;[0m Matched '/element/00000000-0000-0021-ffff-ffff00000084/attribute/displayed' to command name 'getAttribute'
[debug] &amp#27;[38;5;32m[AndroidUiautomator2Driver@e47a (b74c386a)]&amp#27;[0m Proxying [GET /element/00000000-0000-0021-ffff-ffff00000084/attribute/displayed] to [GET http://127.0.0.1:8200/session/020492dc-88c2-4959-aa86-06e06cf23537/element/00000000-0000-0021-ffff-ffff00000084/attribute/displayed] with no body
[debug] &amp#27;[38;5;32m[AndroidUiautomator2Driver@e47a (b74c386a)]&amp#27;[0m Got response with status 200: {"sessionId":"020492dc-88c2-4959-aa86-06e06cf23537","value":"true"}
[debug] &amp#27;[38;5;32m[AndroidUiautomator2Driver@e47a (b74c386a)]&amp#27;[0m Responding to client with driver.elementDisplayed() result: true
&amp#27;[38;5;0m[HTTP]&amp#27;[0m &amp#27;[37m<-- GET /session/b74c386a-bd63-4a4d-b13a-d366382f07b7/element/00000000-0000-0021-ffff-ffff00000084/displayed &amp#27;[39m&amp#27;[32m200&amp#27;[39m &amp#27;[90m7 ms - 14&amp#27;[39m
&amp#27;[38;5;0m[HTTP]&amp#27;[0m &amp#27;[90m&amp#27;[39m
&amp#27;[38;5;0m[HTTP]&amp#27;[0m &amp#27;[37m-->&amp#27;[39m &amp#27;[37mPOST&amp#27;[39m &amp#27;[37m/session/b74c386a-bd63-4a4d-b13a-d366382f07b7/element&amp#27;[39m
&amp#27;[38;5;0m[HTTP]&amp#27;[0m &amp#27;[90m{"using":"xpath","value":"//android.widget.TextView[@text='Invalid username/password']"}&amp#27;[39m
[debug] &amp#27;[38;5;32m[AndroidUiautomator2Driver@e47a (b74c386a)]&amp#27;[0m Calling AppiumDriver.findElement() with args: ["xpath","//android.widget.TextView[@text='Invalid username/password']","b74c386a-bd63-4a4d-b13a-d366382f07b7"]
[debug] &amp#27;[38;5;32m[AndroidUiautomator2Driver@e47a (b74c386a)]&amp#27;[0m Valid locator strategies for this request: xpath, id, class name, accessibility id, css selector, -android uiautomator
[debug] &amp#27;[38;5;32m[AndroidUiautomator2Driver@e47a (b74c386a)]&amp#27;[0m Waiting up to 20000 ms for condition
[debug] &amp#27;[38;5;32m[AndroidUiautomator2Driver@e47a (b74c386a)]&amp#27;[0m Matched '/element' to command name 'findElement'
[debug] &amp#27;[38;5;32m[AndroidUiautomator2Driver@e47a (b74c386a)]&amp#27;[0m Proxying [POST /element] to [POST http://127.0.0.1:8200/session/020492dc-88c2-4959-aa86-06e06cf23537/element] with body: {"strategy":"xpath","selector":"//android.widget.TextView[@text='Invalid username/password']","context":"","multiple":false}
&amp#27;[38;5;32m[AndroidUiautomator2Driver@e47a (b74c386a)]&amp#27;[0m Got response with status 404: {"sessionId":"020492dc-88c2-4959-aa86-06e06cf23537","value":{"error":"no such element","message":"An element could not be located on the page using the given search parameters","stacktrace":"io.appium.uiautomator2.common.exceptions.ElementNotFoundException: An element could not be located on the page using the given search parameters\n\tat io.appium.uiautomator2.utils.ElementLocationHelpers.findElement(ElementLocationHelpers.java:156)\n\tat io.appium.uiautomator2.handler.FindElement.safeHandle(FindElement.java:60)\n\tat io.appium.uiautomator2.handler.request.SafeRequestHandler.handle(SafeRequestHandler.java:59)\n\tat io.appium.uiautomator2.server.AppiumServlet.handleRequest(AppiumServlet.java:277)\n\tat io.appium.uiautomator2.server.AppiumServlet.handleHttpRequest(AppiumServlet.java:271)\n\tat io.appium.uiautomator2.http.ServerHandler.channelRead(ServerHandler.java:68)\n\tat io.netty.channel.AbstractChannelHandlerContext.invokeChannelRead(AbstractChannelHandlerContext.java:366)\n\tat io.netty.channel.Abstr...
[debug] &amp#27;[38;5;128m[W3C]&amp#27;[0m Matched W3C error code 'no such element' to NoSuchElementError
[debug] &amp#27;[38;5;32m[AndroidUiautomator2Driver@e47a (b74c386a)]&amp#27;[0m Waited for 29 ms so far
[debug] &amp#27;[38;5;32m[AndroidUiautomator2Driver@e47a (b74c386a)]&amp#27;[0m Matched '/element' to command name 'findElement'
[debug] &amp#27;[38;5;32m[AndroidUiautomator2Driver@e47a (b74c386a)]&amp#27;[0m Proxying [POST /element] to [POST http://127.0.0.1:8200/session/020492dc-88c2-4959-aa86-06e06cf23537/element] with body: {"strategy":"xpath","selector":"//android.widget.TextView[@text='Invalid username/password']","context":"","multiple":false}
&amp#27;[38;5;32m[AndroidUiautomator2Driver@e47a (b74c386a)]&amp#27;[0m Got response with status 404: {"sessionId":"020492dc-88c2-4959-aa86-06e06cf23537","value":{"error":"no such element","message":"An element could not be located on the page using the given search parameters","stacktrace":"io.appium.uiautomator2.common.exceptions.ElementNotFoundException: An element could not be located on the page using the given search parameters\n\tat io.appium.uiautomator2.utils.ElementLocationHelpers.findElement(ElementLocationHelpers.java:156)\n\tat io.appium.uiautomator2.handler.FindElement.safeHandle(FindElement.java:60)\n\tat io.appium.uiautomator2.handler.request.SafeRequestHandler.handle(SafeRequestHandler.java:59)\n\tat io.appium.uiautomator2.server.AppiumServlet.handleRequest(AppiumServlet.java:277)\n\tat io.appium.uiautomator2.server.AppiumServlet.handleHttpRequest(AppiumServlet.java:271)\n\tat io.appium.uiautomator2.http.ServerHandler.channelRead(ServerHandler.java:68)\n\tat io.netty.channel.AbstractChannelHandlerContext.invokeChannelRead(AbstractChannelHandlerContext.java:366)\n\tat io.netty.channel.Abstr...
[debug] &amp#27;[38;5;128m[W3C]&amp#27;[0m Matched W3C error code 'no such element' to NoSuchElementError
[debug] &amp#27;[38;5;32m[AndroidUiautomator2Driver@e47a (b74c386a)]&amp#27;[0m Waited for 558 ms so far
[debug] &amp#27;[38;5;32m[AndroidUiautomator2Driver@e47a (b74c386a)]&amp#27;[0m Matched '/element' to command name 'findElement'
[debug] &amp#27;[38;5;32m[AndroidUiautomator2Driver@e47a (b74c386a)]&amp#27;[0m Proxying [POST /element] to [POST http://127.0.0.1:8200/session/020492dc-88c2-4959-aa86-06e06cf23537/element] with body: {"strategy":"xpath","selector":"//android.widget.TextView[@text='Invalid username/password']","context":"","multiple":false}
&amp#27;[38;5;32m[AndroidUiautomator2Driver@e47a (b74c386a)]&amp#27;[0m Got response with status 404: {"sessionId":"020492dc-88c2-4959-aa86-06e06cf23537","value":{"error":"no such element","message":"An element could not be located on the page using the given search parameters","stacktrace":"io.appium.uiautomator2.common.exceptions.ElementNotFoundException: An element could not be located on the page using the given search parameters\n\tat io.appium.uiautomator2.utils.ElementLocationHelpers.findElement(ElementLocationHelpers.java:156)\n\tat io.appium.uiautomator2.handler.FindElement.safeHandle(FindElement.java:60)\n\tat io.appium.uiautomator2.handler.request.SafeRequestHandler.handle(SafeRequestHandler.java:59)\n\tat io.appium.uiautomator2.server.AppiumServlet.handleRequest(AppiumServlet.java:277)\n\tat io.appium.uiautomator2.server.AppiumServlet.handleHttpRequest(AppiumServlet.java:271)\n\tat io.appium.uiautomator2.http.ServerHandler.channelRead(ServerHandler.java:68)\n\tat io.netty.channel.AbstractChannelHandlerContext.invokeChannelRead(AbstractChannelHandlerContext.java:366)\n\tat io.netty.channel.Abstr...
[debug] &amp#27;[38;5;128m[W3C]&amp#27;[0m Matched W3C error code 'no such element' to NoSuchElementError
[debug] &amp#27;[38;5;32m[AndroidUiautomator2Driver@e47a (b74c386a)]&amp#27;[0m Waited for 1096 ms so far
[debug] &amp#27;[38;5;32m[AndroidUiautomator2Driver@e47a (b74c386a)]&amp#27;[0m Matched '/element' to command name 'findElement'
[debug] &amp#27;[38;5;32m[AndroidUiautomator2Driver@e47a (b74c386a)]&amp#27;[0m Proxying [POST /element] to [POST http://127.0.0.1:8200/session/020492dc-88c2-4959-aa86-06e06cf23537/element] with body: {"strategy":"xpath","selector":"//android.widget.TextView[@text='Invalid username/password']","context":"","multiple":false}
&amp#27;[38;5;32m[AndroidUiautomator2Driver@e47a (b74c386a)]&amp#27;[0m Got response with status 404: {"sessionId":"020492dc-88c2-4959-aa86-06e06cf23537","value":{"error":"no such element","message":"An element could not be located on the page using the given search parameters","stacktrace":"io.appium.uiautomator2.common.exceptions.ElementNotFoundException: An element could not be located on the page using the given search parameters\n\tat io.appium.uiautomator2.utils.ElementLocationHelpers.findElement(ElementLocationHelpers.java:156)\n\tat io.appium.uiautomator2.handler.FindElement.safeHandle(FindElement.java:60)\n\tat io.appium.uiautomator2.handler.request.SafeRequestHandler.handle(SafeRequestHandler.java:59)\n\tat io.appium.uiautomator2.server.AppiumServlet.handleRequest(AppiumServlet.java:277)\n\tat io.appium.uiautomator2.server.AppiumServlet.handleHttpRequest(AppiumServlet.java:271)\n\tat io.appium.uiautomator2.http.ServerHandler.channelRead(ServerHandler.java:68)\n\tat io.netty.channel.AbstractChannelHandlerContext.invokeChannelRead(AbstractChannelHandlerContext.java:366)\n\tat io.netty.channel.Abstr...
[debug] &amp#27;[38;5;128m[W3C]&amp#27;[0m Matched W3C error code 'no such element' to NoSuchElementError
[debug] &amp#27;[38;5;32m[AndroidUiautomator2Driver@e47a (b74c386a)]&amp#27;[0m Waited for 1619 ms so far
[debug] &amp#27;[38;5;32m[AndroidUiautomator2Driver@e47a (b74c386a)]&amp#27;[0m Matched '/element' to command name 'findElement'
[debug] &amp#27;[38;5;32m[AndroidUiautomator2Driver@e47a (b74c386a)]&amp#27;[0m Proxying [POST /element] to [POST http://127.0.0.1:8200/session/020492dc-88c2-4959-aa86-06e06cf23537/element] with body: {"strategy":"xpath","selector":"//android.widget.TextView[@text='Invalid username/password']","context":"","multiple":false}
&amp#27;[38;5;32m[AndroidUiautomator2Driver@e47a (b74c386a)]&amp#27;[0m Got response with status 404: {"sessionId":"020492dc-88c2-4959-aa86-06e06cf23537","value":{"error":"no such element","message":"An element could not be located on the page using the given search parameters","stacktrace":"io.appium.uiautomator2.common.exceptions.ElementNotFoundException: An element could not be located on the page using the given search parameters\n\tat io.appium.uiautomator2.utils.ElementLocationHelpers.findElement(ElementLocationHelpers.java:156)\n\tat io.appium.uiautomator2.handler.FindElement.safeHandle(FindElement.java:60)\n\tat io.appium.uiautomator2.handler.request.SafeRequestHandler.handle(SafeRequestHandler.java:59)\n\tat io.appium.uiautomator2.server.AppiumServlet.handleRequest(AppiumServlet.java:277)\n\tat io.appium.uiautomator2.server.AppiumServlet.handleHttpRequest(AppiumServlet.java:271)\n\tat io.appium.uiautomator2.http.ServerHandler.channelRead(ServerHandler.java:68)\n\tat io.netty.channel.AbstractChannelHandlerContext.invokeChannelRead(AbstractChannelHandlerContext.java:366)\n\tat io.netty.channel.Abstr...
[debug] &amp#27;[38;5;128m[W3C]&amp#27;[0m Matched W3C error code 'no such element' to NoSuchElementError
[debug] &amp#27;[38;5;32m[AndroidUiautomator2Driver@e47a (b74c386a)]&amp#27;[0m Waited for 2179 ms so far
[debug] &amp#27;[38;5;32m[AndroidUiautomator2Driver@e47a (b74c386a)]&amp#27;[0m Matched '/element' to command name 'findElement'
[debug] &amp#27;[38;5;32m[AndroidUiautomator2Driver@e47a (b74c386a)]&amp#27;[0m Proxying [POST /element] to [POST http://127.0.0.1:8200/session/020492dc-88c2-4959-aa86-06e06cf23537/element] with body: {"strategy":"xpath","selector":"//android.widget.TextView[@text='Invalid username/password']","context":"","multiple":false}
&amp#27;[38;5;32m[AndroidUiautomator2Driver@e47a (b74c386a)]&amp#27;[0m Got response with status 404: {"sessionId":"020492dc-88c2-4959-aa86-06e06cf23537","value":{"error":"no such element","message":"An element could not be located on the page using the given search parameters","stacktrace":"io.appium.uiautomator2.common.exceptions.ElementNotFoundException: An element could not be located on the page using the given search parameters\n\tat io.appium.uiautomator2.utils.ElementLocationHelpers.findElement(ElementLocationHelpers.java:156)\n\tat io.appium.uiautomator2.handler.FindElement.safeHandle(FindElement.java:60)\n\tat io.appium.uiautomator2.handler.request.SafeRequestHandler.handle(SafeRequestHandler.java:59)\n\tat io.appium.uiautomator2.server.AppiumServlet.handleRequest(AppiumServlet.java:277)\n\tat io.appium.uiautomator2.server.AppiumServlet.handleHttpRequest(AppiumServlet.java:271)\n\tat io.appium.uiautomator2.http.ServerHandler.channelRead(ServerHandler.java:68)\n\tat io.netty.channel.AbstractChannelHandlerContext.invokeChannelRead(AbstractChannelHandlerContext.java:366)\n\tat io.netty.channel.Abstr...
[debug] &amp#27;[38;5;128m[W3C]&amp#27;[0m Matched W3C error code 'no such element' to NoSuchElementError
[debug] &amp#27;[38;5;32m[AndroidUiautomator2Driver@e47a (b74c386a)]&amp#27;[0m Waited for 2702 ms so far
[debug] &amp#27;[38;5;32m[AndroidUiautomator2Driver@e47a (b74c386a)]&amp#27;[0m Matched '/element' to command name 'findElement'
[debug] &amp#27;[38;5;32m[AndroidUiautomator2Driver@e47a (b74c386a)]&amp#27;[0m Proxying [POST /element] to [POST http://127.0.0.1:8200/session/020492dc-88c2-4959-aa86-06e06cf23537/element] with body: {"strategy":"xpath","selector":"//android.widget.TextView[@text='Invalid username/password']","context":"","multiple":false}
&amp#27;[38;5;32m[AndroidUiautomator2Driver@e47a (b74c386a)]&amp#27;[0m Got response with status 404: {"sessionId":"020492dc-88c2-4959-aa86-06e06cf23537","value":{"error":"no such element","message":"An element could not be located on the page using the given search parameters","stacktrace":"io.appium.uiautomator2.common.exceptions.ElementNotFoundException: An element could not be located on the page using the given search parameters\n\tat io.appium.uiautomator2.utils.ElementLocationHelpers.findElement(ElementLocationHelpers.java:156)\n\tat io.appium.uiautomator2.handler.FindElement.safeHandle(FindElement.java:60)\n\tat io.appium.uiautomator2.handler.request.SafeRequestHandler.handle(SafeRequestHandler.java:59)\n\tat io.appium.uiautomator2.server.AppiumServlet.handleRequest(AppiumServlet.java:277)\n\tat io.appium.uiautomator2.server.AppiumServlet.handleHttpRequest(AppiumServlet.java:271)\n\tat io.appium.uiautomator2.http.ServerHandler.channelRead(ServerHandler.java:68)\n\tat io.netty.channel.AbstractChannelHandlerContext.invokeChannelRead(AbstractChannelHandlerContext.java:366)\n\tat io.netty.channel.Abstr...
[debug] &amp#27;[38;5;128m[W3C]&amp#27;[0m Matched W3C error code 'no such element' to NoSuchElementError
[debug] &amp#27;[38;5;32m[AndroidUiautomator2Driver@e47a (b74c386a)]&amp#27;[0m Waited for 3243 ms so far
[debug] &amp#27;[38;5;32m[AndroidUiautomator2Driver@e47a (b74c386a)]&amp#27;[0m Matched '/element' to command name 'findElement'
[debug] &amp#27;[38;5;32m[AndroidUiautomator2Driver@e47a (b74c386a)]&amp#27;[0m Proxying [POST /element] to [POST http://127.0.0.1:8200/session/020492dc-88c2-4959-aa86-06e06cf23537/element] with body: {"strategy":"xpath","selector":"//android.widget.TextView[@text='Invalid username/password']","context":"","multiple":false}
&amp#27;[38;5;32m[AndroidUiautomator2Driver@e47a (b74c386a)]&amp#27;[0m Got response with status 404: {"sessionId":"020492dc-88c2-4959-aa86-06e06cf23537","value":{"error":"no such element","message":"An element could not be located on the page using the given search parameters","stacktrace":"io.appium.uiautomator2.common.exceptions.ElementNotFoundException: An element could not be located on the page using the given search parameters\n\tat io.appium.uiautomator2.utils.ElementLocationHelpers.findElement(ElementLocationHelpers.java:156)\n\tat io.appium.uiautomator2.handler.FindElement.safeHandle(FindElement.java:60)\n\tat io.appium.uiautomator2.handler.request.SafeRequestHandler.handle(SafeRequestHandler.java:59)\n\tat io.appium.uiautomator2.server.AppiumServlet.handleRequest(AppiumServlet.java:277)\n\tat io.appium.uiautomator2.server.AppiumServlet.handleHttpRequest(AppiumServlet.java:271)\n\tat io.appium.uiautomator2.http.ServerHandler.channelRead(ServerHandler.java:68)\n\tat io.netty.channel.AbstractChannelHandlerContext.invokeChannelRead(AbstractChannelHandlerContext.java:366)\n\tat io.netty.channel.Abstr...
[debug] &amp#27;[38;5;128m[W3C]&amp#27;[0m Matched W3C error code 'no such element' to NoSuchElementError
[debug] &amp#27;[38;5;32m[AndroidUiautomator2Driver@e47a (b74c386a)]&amp#27;[0m Waited for 3779 ms so far
[debug] &amp#27;[38;5;32m[AndroidUiautomator2Driver@e47a (b74c386a)]&amp#27;[0m Matched '/element' to command name 'findElement'
[debug] &amp#27;[38;5;32m[AndroidUiautomator2Driver@e47a (b74c386a)]&amp#27;[0m Proxying [POST /element] to [POST http://127.0.0.1:8200/session/020492dc-88c2-4959-aa86-06e06cf23537/element] with body: {"strategy":"xpath","selector":"//android.widget.TextView[@text='Invalid username/password']","context":"","multiple":false}
&amp#27;[38;5;32m[AndroidUiautomator2Driver@e47a (b74c386a)]&amp#27;[0m Got response with status 404: {"sessionId":"020492dc-88c2-4959-aa86-06e06cf23537","value":{"error":"no such element","message":"An element could not be located on the page using the given search parameters","stacktrace":"io.appium.uiautomator2.common.exceptions.ElementNotFoundException: An element could not be located on the page using the given search parameters\n\tat io.appium.uiautomator2.utils.ElementLocationHelpers.findElement(ElementLocationHelpers.java:156)\n\tat io.appium.uiautomator2.handler.FindElement.safeHandle(FindElement.java:60)\n\tat io.appium.uiautomator2.handler.request.SafeRequestHandler.handle(SafeRequestHandler.java:59)\n\tat io.appium.uiautomator2.server.AppiumServlet.handleRequest(AppiumServlet.java:277)\n\tat io.appium.uiautomator2.server.AppiumServlet.handleHttpRequest(AppiumServlet.java:271)\n\tat io.appium.uiautomator2.http.ServerHandler.channelRead(ServerHandler.java:68)\n\tat io.netty.channel.AbstractChannelHandlerContext.invokeChannelRead(AbstractChannelHandlerContext.java:366)\n\tat io.netty.channel.Abstr...
[debug] &amp#27;[38;5;128m[W3C]&amp#27;[0m Matched W3C error code 'no such element' to NoSuchElementError
[debug] &amp#27;[38;5;32m[AndroidUiautomator2Driver@e47a (b74c386a)]&amp#27;[0m Waited for 4311 ms so far
[debug] &amp#27;[38;5;32m[AndroidUiautomator2Driver@e47a (b74c386a)]&amp#27;[0m Matched '/element' to command name 'findElement'
[debug] &amp#27;[38;5;32m[AndroidUiautomator2Driver@e47a (b74c386a)]&amp#27;[0m Proxying [POST /element] to [POST http://127.0.0.1:8200/session/020492dc-88c2-4959-aa86-06e06cf23537/element] with body: {"strategy":"xpath","selector":"//android.widget.TextView[@text='Invalid username/password']","context":"","multiple":false}
&amp#27;[38;5;32m[AndroidUiautomator2Driver@e47a (b74c386a)]&amp#27;[0m Got response with status 404: {"sessionId":"020492dc-88c2-4959-aa86-06e06cf23537","value":{"error":"no such element","message":"An element could not be located on the page using the given search parameters","stacktrace":"io.appium.uiautomator2.common.exceptions.ElementNotFoundException: An element could not be located on the page using the given search parameters\n\tat io.appium.uiautomator2.utils.ElementLocationHelpers.findElement(ElementLocationHelpers.java:156)\n\tat io.appium.uiautomator2.handler.FindElement.safeHandle(FindElement.java:60)\n\tat io.appium.uiautomator2.handler.request.SafeRequestHandler.handle(SafeRequestHandler.java:59)\n\tat io.appium.uiautomator2.server.AppiumServlet.handleRequest(AppiumServlet.java:277)\n\tat io.appium.uiautomator2.server.AppiumServlet.handleHttpRequest(AppiumServlet.java:271)\n\tat io.appium.uiautomator2.http.ServerHandler.channelRead(ServerHandler.java:68)\n\tat io.netty.channel.AbstractChannelHandlerContext.invokeChannelRead(AbstractChannelHandlerContext.java:366)\n\tat io.netty.channel.Abstr...
[debug] &amp#27;[38;5;128m[W3C]&amp#27;[0m Matched W3C error code 'no such element' to NoSuchElementError
[debug] &amp#27;[38;5;32m[AndroidUiautomator2Driver@e47a (b74c386a)]&amp#27;[0m Waited for 4836 ms so far
[debug] &amp#27;[38;5;32m[AndroidUiautomator2Driver@e47a (b74c386a)]&amp#27;[0m Matched '/element' to command name 'findElement'
[debug] &amp#27;[38;5;32m[AndroidUiautomator2Driver@e47a (b74c386a)]&amp#27;[0m Proxying [POST /element] to [POST http://127.0.0.1:8200/session/020492dc-88c2-4959-aa86-06e06cf23537/element] with body: {"strategy":"xpath","selector":"//android.widget.TextView[@text='Invalid username/password']","context":"","multiple":false}
&amp#27;[38;5;32m[AndroidUiautomator2Driver@e47a (b74c386a)]&amp#27;[0m Got response with status 404: {"sessionId":"020492dc-88c2-4959-aa86-06e06cf23537","value":{"error":"no such element","message":"An element could not be located on the page using the given search parameters","stacktrace":"io.appium.uiautomator2.common.exceptions.ElementNotFoundException: An element could not be located on the page using the given search parameters\n\tat io.appium.uiautomator2.utils.ElementLocationHelpers.findElement(ElementLocationHelpers.java:156)\n\tat io.appium.uiautomator2.handler.FindElement.safeHandle(FindElement.java:60)\n\tat io.appium.uiautomator2.handler.request.SafeRequestHandler.handle(SafeRequestHandler.java:59)\n\tat io.appium.uiautomator2.server.AppiumServlet.handleRequest(AppiumServlet.java:277)\n\tat io.appium.uiautomator2.server.AppiumServlet.handleHttpRequest(AppiumServlet.java:271)\n\tat io.appium.uiautomator2.http.ServerHandler.channelRead(ServerHandler.java:68)\n\tat io.netty.channel.AbstractChannelHandlerContext.invokeChannelRead(AbstractChannelHandlerContext.java:366)\n\tat io.netty.channel.Abstr...
[debug] &amp#27;[38;5;128m[W3C]&amp#27;[0m Matched W3C error code 'no such element' to NoSuchElementError
[debug] &amp#27;[38;5;32m[AndroidUiautomator2Driver@e47a (b74c386a)]&amp#27;[0m Waited for 5371 ms so far
[debug] &amp#27;[38;5;32m[AndroidUiautomator2Driver@e47a (b74c386a)]&amp#27;[0m Matched '/element' to command name 'findElement'
[debug] &amp#27;[38;5;32m[AndroidUiautomator2Driver@e47a (b74c386a)]&amp#27;[0m Proxying [POST /element] to [POST http://127.0.0.1:8200/session/020492dc-88c2-4959-aa86-06e06cf23537/element] with body: {"strategy":"xpath","selector":"//android.widget.TextView[@text='Invalid username/password']","context":"","multiple":false}
&amp#27;[38;5;32m[AndroidUiautomator2Driver@e47a (b74c386a)]&amp#27;[0m Got response with status 404: {"sessionId":"020492dc-88c2-4959-aa86-06e06cf23537","value":{"error":"no such element","message":"An element could not be located on the page using the given search parameters","stacktrace":"io.appium.uiautomator2.common.exceptions.ElementNotFoundException: An element could not be located on the page using the given search parameters\n\tat io.appium.uiautomator2.utils.ElementLocationHelpers.findElement(ElementLocationHelpers.java:156)\n\tat io.appium.uiautomator2.handler.FindElement.safeHandle(FindElement.java:60)\n\tat io.appium.uiautomator2.handler.request.SafeRequestHandler.handle(SafeRequestHandler.java:59)\n\tat io.appium.uiautomator2.server.AppiumServlet.handleRequest(AppiumServlet.java:277)\n\tat io.appium.uiautomator2.server.AppiumServlet.handleHttpRequest(AppiumServlet.java:271)\n\tat io.appium.uiautomator2.http.ServerHandler.channelRead(ServerHandler.java:68)\n\tat io.netty.channel.AbstractChannelHandlerContext.invokeChannelRead(AbstractChannelHandlerContext.java:366)\n\tat io.netty.channel.Abstr...
[debug] &amp#27;[38;5;128m[W3C]&amp#27;[0m Matched W3C error code 'no such element' to NoSuchElementError
[debug] &amp#27;[38;5;32m[AndroidUiautomator2Driver@e47a (b74c386a)]&amp#27;[0m Waited for 5905 ms so far
[debug] &amp#27;[38;5;32m[AndroidUiautomator2Driver@e47a (b74c386a)]&amp#27;[0m Matched '/element' to command name 'findElement'
[debug] &amp#27;[38;5;32m[AndroidUiautomator2Driver@e47a (b74c386a)]&amp#27;[0m Proxying [POST /element] to [POST http://127.0.0.1:8200/session/020492dc-88c2-4959-aa86-06e06cf23537/element] with body: {"strategy":"xpath","selector":"//android.widget.TextView[@text='Invalid username/password']","context":"","multiple":false}
&amp#27;[38;5;32m[AndroidUiautomator2Driver@e47a (b74c386a)]&amp#27;[0m Got response with status 404: {"sessionId":"020492dc-88c2-4959-aa86-06e06cf23537","value":{"error":"no such element","message":"An element could not be located on the page using the given search parameters","stacktrace":"io.appium.uiautomator2.common.exceptions.ElementNotFoundException: An element could not be located on the page using the given search parameters\n\tat io.appium.uiautomator2.utils.ElementLocationHelpers.findElement(ElementLocationHelpers.java:156)\n\tat io.appium.uiautomator2.handler.FindElement.safeHandle(FindElement.java:60)\n\tat io.appium.uiautomator2.handler.request.SafeRequestHandler.handle(SafeRequestHandler.java:59)\n\tat io.appium.uiautomator2.server.AppiumServlet.handleRequest(AppiumServlet.java:277)\n\tat io.appium.uiautomator2.server.AppiumServlet.handleHttpRequest(AppiumServlet.java:271)\n\tat io.appium.uiautomator2.http.ServerHandler.channelRead(ServerHandler.java:68)\n\tat io.netty.channel.AbstractChannelHandlerContext.invokeChannelRead(AbstractChannelHandlerContext.java:366)\n\tat io.netty.channel.Abstr...
[debug] &amp#27;[38;5;128m[W3C]&amp#27;[0m Matched W3C error code 'no such element' to NoSuchElementError
[debug] &amp#27;[38;5;32m[AndroidUiautomator2Driver@e47a (b74c386a)]&amp#27;[0m Waited for 6445 ms so far
[debug] &amp#27;[38;5;32m[AndroidUiautomator2Driver@e47a (b74c386a)]&amp#27;[0m Matched '/element' to command name 'findElement'
[debug] &amp#27;[38;5;32m[AndroidUiautomator2Driver@e47a (b74c386a)]&amp#27;[0m Proxying [POST /element] to [POST http://127.0.0.1:8200/session/020492dc-88c2-4959-aa86-06e06cf23537/element] with body: {"strategy":"xpath","selector":"//android.widget.TextView[@text='Invalid username/password']","context":"","multiple":false}
&amp#27;[38;5;32m[AndroidUiautomator2Driver@e47a (b74c386a)]&amp#27;[0m Got response with status 404: {"sessionId":"020492dc-88c2-4959-aa86-06e06cf23537","value":{"error":"no such element","message":"An element could not be located on the page using the given search parameters","stacktrace":"io.appium.uiautomator2.common.exceptions.ElementNotFoundException: An element could not be located on the page using the given search parameters\n\tat io.appium.uiautomator2.utils.ElementLocationHelpers.findElement(ElementLocationHelpers.java:156)\n\tat io.appium.uiautomator2.handler.FindElement.safeHandle(FindElement.java:60)\n\tat io.appium.uiautomator2.handler.request.SafeRequestHandler.handle(SafeRequestHandler.java:59)\n\tat io.appium.uiautomator2.server.AppiumServlet.handleRequest(AppiumServlet.java:277)\n\tat io.appium.uiautomator2.server.AppiumServlet.handleHttpRequest(AppiumServlet.java:271)\n\tat io.appium.uiautomator2.http.ServerHandler.channelRead(ServerHandler.java:68)\n\tat io.netty.channel.AbstractChannelHandlerContext.invokeChannelRead(AbstractChannelHandlerContext.java:366)\n\tat io.netty.channel.Abstr...
[debug] &amp#27;[38;5;128m[W3C]&amp#27;[0m Matched W3C error code 'no such element' to NoSuchElementError
[debug] &amp#27;[38;5;32m[AndroidUiautomator2Driver@e47a (b74c386a)]&amp#27;[0m Waited for 6973 ms so far
[debug] &amp#27;[38;5;32m[AndroidUiautomator2Driver@e47a (b74c386a)]&amp#27;[0m Matched '/element' to command name 'findElement'
[debug] &amp#27;[38;5;32m[AndroidUiautomator2Driver@e47a (b74c386a)]&amp#27;[0m Proxying [POST /element] to [POST http://127.0.0.1:8200/session/020492dc-88c2-4959-aa86-06e06cf23537/element] with body: {"strategy":"xpath","selector":"//android.widget.TextView[@text='Invalid username/password']","context":"","multiple":false}
&amp#27;[38;5;32m[AndroidUiautomator2Driver@e47a (b74c386a)]&amp#27;[0m Got response with status 404: {"sessionId":"020492dc-88c2-4959-aa86-06e06cf23537","value":{"error":"no such element","message":"An element could not be located on the page using the given search parameters","stacktrace":"io.appium.uiautomator2.common.exceptions.ElementNotFoundException: An element could not be located on the page using the given search parameters\n\tat io.appium.uiautomator2.utils.ElementLocationHelpers.findElement(ElementLocationHelpers.java:156)\n\tat io.appium.uiautomator2.handler.FindElement.safeHandle(FindElement.java:60)\n\tat io.appium.uiautomator2.handler.request.SafeRequestHandler.handle(SafeRequestHandler.java:59)\n\tat io.appium.uiautomator2.server.AppiumServlet.handleRequest(AppiumServlet.java:277)\n\tat io.appium.uiautomator2.server.AppiumServlet.handleHttpRequest(AppiumServlet.java:271)\n\tat io.appium.uiautomator2.http.ServerHandler.channelRead(ServerHandler.java:68)\n\tat io.netty.channel.AbstractChannelHandlerContext.invokeChannelRead(AbstractChannelHandlerContext.java:366)\n\tat io.netty.channel.Abstr...
[debug] &amp#27;[38;5;128m[W3C]&amp#27;[0m Matched W3C error code 'no such element' to NoSuchElementError
[debug] &amp#27;[38;5;32m[AndroidUiautomator2Driver@e47a (b74c386a)]&amp#27;[0m Waited for 7512 ms so far
[debug] &amp#27;[38;5;32m[AndroidUiautomator2Driver@e47a (b74c386a)]&amp#27;[0m Matched '/element' to command name 'findElement'
[debug] &amp#27;[38;5;32m[AndroidUiautomator2Driver@e47a (b74c386a)]&amp#27;[0m Proxying [POST /element] to [POST http://127.0.0.1:8200/session/020492dc-88c2-4959-aa86-06e06cf23537/element] with body: {"strategy":"xpath","selector":"//android.widget.TextView[@text='Invalid username/password']","context":"","multiple":false}
&amp#27;[38;5;32m[AndroidUiautomator2Driver@e47a (b74c386a)]&amp#27;[0m Got response with status 404: {"sessionId":"020492dc-88c2-4959-aa86-06e06cf23537","value":{"error":"no such element","message":"An element could not be located on the page using the given search parameters","stacktrace":"io.appium.uiautomator2.common.exceptions.ElementNotFoundException: An element could not be located on the page using the given search parameters\n\tat io.appium.uiautomator2.utils.ElementLocationHelpers.findElement(ElementLocationHelpers.java:156)\n\tat io.appium.uiautomator2.handler.FindElement.safeHandle(FindElement.java:60)\n\tat io.appium.uiautomator2.handler.request.SafeRequestHandler.handle(SafeRequestHandler.java:59)\n\tat io.appium.uiautomator2.server.AppiumServlet.handleRequest(AppiumServlet.java:277)\n\tat io.appium.uiautomator2.server.AppiumServlet.handleHttpRequest(AppiumServlet.java:271)\n\tat io.appium.uiautomator2.http.ServerHandler.channelRead(ServerHandler.java:68)\n\tat io.netty.channel.AbstractChannelHandlerContext.invokeChannelRead(AbstractChannelHandlerContext.java:366)\n\tat io.netty.channel.Abstr...
[debug] &amp#27;[38;5;128m[W3C]&amp#27;[0m Matched W3C error code 'no such element' to NoSuchElementError
[debug] &amp#27;[38;5;32m[AndroidUiautomator2Driver@e47a (b74c386a)]&amp#27;[0m Waited for 8054 ms so far
[debug] &amp#27;[38;5;32m[AndroidUiautomator2Driver@e47a (b74c386a)]&amp#27;[0m Matched '/element' to command name 'findElement'
[debug] &amp#27;[38;5;32m[AndroidUiautomator2Driver@e47a (b74c386a)]&amp#27;[0m Proxying [POST /element] to [POST http://127.0.0.1:8200/session/020492dc-88c2-4959-aa86-06e06cf23537/element] with body: {"strategy":"xpath","selector":"//android.widget.TextView[@text='Invalid username/password']","context":"","multiple":false}
&amp#27;[38;5;32m[AndroidUiautomator2Driver@e47a (b74c386a)]&amp#27;[0m Got response with status 404: {"sessionId":"020492dc-88c2-4959-aa86-06e06cf23537","value":{"error":"no such element","message":"An element could not be located on the page using the given search parameters","stacktrace":"io.appium.uiautomator2.common.exceptions.ElementNotFoundException: An element could not be located on the page using the given search parameters\n\tat io.appium.uiautomator2.utils.ElementLocationHelpers.findElement(ElementLocationHelpers.java:156)\n\tat io.appium.uiautomator2.handler.FindElement.safeHandle(FindElement.java:60)\n\tat io.appium.uiautomator2.handler.request.SafeRequestHandler.handle(SafeRequestHandler.java:59)\n\tat io.appium.uiautomator2.server.AppiumServlet.handleRequest(AppiumServlet.java:277)\n\tat io.appium.uiautomator2.server.AppiumServlet.handleHttpRequest(AppiumServlet.java:271)\n\tat io.appium.uiautomator2.http.ServerHandler.channelRead(ServerHandler.java:68)\n\tat io.netty.channel.AbstractChannelHandlerContext.invokeChannelRead(AbstractChannelHandlerContext.java:366)\n\tat io.netty.channel.Abstr...
[debug] &amp#27;[38;5;128m[W3C]&amp#27;[0m Matched W3C error code 'no such element' to NoSuchElementError
[debug] &amp#27;[38;5;32m[AndroidUiautomator2Driver@e47a (b74c386a)]&amp#27;[0m Waited for 8580 ms so far
[debug] &amp#27;[38;5;32m[AndroidUiautomator2Driver@e47a (b74c386a)]&amp#27;[0m Matched '/element' to command name 'findElement'
[debug] &amp#27;[38;5;32m[AndroidUiautomator2Driver@e47a (b74c386a)]&amp#27;[0m Proxying [POST /element] to [POST http://127.0.0.1:8200/session/020492dc-88c2-4959-aa86-06e06cf23537/element] with body: {"strategy":"xpath","selector":"//android.widget.TextView[@text='Invalid username/password']","context":"","multiple":false}
&amp#27;[38;5;32m[AndroidUiautomator2Driver@e47a (b74c386a)]&amp#27;[0m Got response with status 404: {"sessionId":"020492dc-88c2-4959-aa86-06e06cf23537","value":{"error":"no such element","message":"An element could not be located on the page using the given search parameters","stacktrace":"io.appium.uiautomator2.common.exceptions.ElementNotFoundException: An element could not be located on the page using the given search parameters\n\tat io.appium.uiautomator2.utils.ElementLocationHelpers.findElement(ElementLocationHelpers.java:156)\n\tat io.appium.uiautomator2.handler.FindElement.safeHandle(FindElement.java:60)\n\tat io.appium.uiautomator2.handler.request.SafeRequestHandler.handle(SafeRequestHandler.java:59)\n\tat io.appium.uiautomator2.server.AppiumServlet.handleRequest(AppiumServlet.java:277)\n\tat io.appium.uiautomator2.server.AppiumServlet.handleHttpRequest(AppiumServlet.java:271)\n\tat io.appium.uiautomator2.http.ServerHandler.channelRead(ServerHandler.java:68)\n\tat io.netty.channel.AbstractChannelHandlerContext.invokeChannelRead(AbstractChannelHandlerContext.java:366)\n\tat io.netty.channel.Abstr...
[debug] &amp#27;[38;5;128m[W3C]&amp#27;[0m Matched W3C error code 'no such element' to NoSuchElementError
[debug] &amp#27;[38;5;32m[AndroidUiautomator2Driver@e47a (b74c386a)]&amp#27;[0m Waited for 9115 ms so far
[debug] &amp#27;[38;5;32m[AndroidUiautomator2Driver@e47a (b74c386a)]&amp#27;[0m Matched '/element' to command name 'findElement'
[debug] &amp#27;[38;5;32m[AndroidUiautomator2Driver@e47a (b74c386a)]&amp#27;[0m Proxying [POST /element] to [POST http://127.0.0.1:8200/session/020492dc-88c2-4959-aa86-06e06cf23537/element] with body: {"strategy":"xpath","selector":"//android.widget.TextView[@text='Invalid username/password']","context":"","multiple":false}
&amp#27;[38;5;32m[AndroidUiautomator2Driver@e47a (b74c386a)]&amp#27;[0m Got response with status 404: {"sessionId":"020492dc-88c2-4959-aa86-06e06cf23537","value":{"error":"no such element","message":"An element could not be located on the page using the given search parameters","stacktrace":"io.appium.uiautomator2.common.exceptions.ElementNotFoundException: An element could not be located on the page using the given search parameters\n\tat io.appium.uiautomator2.utils.ElementLocationHelpers.findElement(ElementLocationHelpers.java:156)\n\tat io.appium.uiautomator2.handler.FindElement.safeHandle(FindElement.java:60)\n\tat io.appium.uiautomator2.handler.request.SafeRequestHandler.handle(SafeRequestHandler.java:59)\n\tat io.appium.uiautomator2.server.AppiumServlet.handleRequest(AppiumServlet.java:277)\n\tat io.appium.uiautomator2.server.AppiumServlet.handleHttpRequest(AppiumServlet.java:271)\n\tat io.appium.uiautomator2.http.ServerHandler.channelRead(ServerHandler.java:68)\n\tat io.netty.channel.AbstractChannelHandlerContext.invokeChannelRead(AbstractChannelHandlerContext.java:366)\n\tat io.netty.channel.Abstr...
[debug] &amp#27;[38;5;128m[W3C]&amp#27;[0m Matched W3C error code 'no such element' to NoSuchElementError
[debug] &amp#27;[38;5;32m[AndroidUiautomator2Driver@e47a (b74c386a)]&amp#27;[0m Waited for 9653 ms so far
[debug] &amp#27;[38;5;32m[AndroidUiautomator2Driver@e47a (b74c386a)]&amp#27;[0m Matched '/element' to command name 'findElement'
[debug] &amp#27;[38;5;32m[AndroidUiautomator2Driver@e47a (b74c386a)]&amp#27;[0m Proxying [POST /element] to [POST http://127.0.0.1:8200/session/020492dc-88c2-4959-aa86-06e06cf23537/element] with body: {"strategy":"xpath","selector":"//android.widget.TextView[@text='Invalid username/password']","context":"","multiple":false}
&amp#27;[38;5;32m[AndroidUiautomator2Driver@e47a (b74c386a)]&amp#27;[0m Got response with status 404: {"sessionId":"020492dc-88c2-4959-aa86-06e06cf23537","value":{"error":"no such element","message":"An element could not be located on the page using the given search parameters","stacktrace":"io.appium.uiautomator2.common.exceptions.ElementNotFoundException: An element could not be located on the page using the given search parameters\n\tat io.appium.uiautomator2.utils.ElementLocationHelpers.findElement(ElementLocationHelpers.java:156)\n\tat io.appium.uiautomator2.handler.FindElement.safeHandle(FindElement.java:60)\n\tat io.appium.uiautomator2.handler.request.SafeRequestHandler.handle(SafeRequestHandler.java:59)\n\tat io.appium.uiautomator2.server.AppiumServlet.handleRequest(AppiumServlet.java:277)\n\tat io.appium.uiautomator2.server.AppiumServlet.handleHttpRequest(AppiumServlet.java:271)\n\tat io.appium.uiautomator2.http.ServerHandler.channelRead(ServerHandler.java:68)\n\tat io.netty.channel.AbstractChannelHandlerContext.invokeChannelRead(AbstractChannelHandlerContext.java:366)\n\tat io.netty.channel.Abstr...
[debug] &amp#27;[38;5;128m[W3C]&amp#27;[0m Matched W3C error code 'no such element' to NoSuchElementError
[debug] &amp#27;[38;5;32m[AndroidUiautomator2Driver@e47a (b74c386a)]&amp#27;[0m Waited for 10194 ms so far
[debug] &amp#27;[38;5;32m[AndroidUiautomator2Driver@e47a (b74c386a)]&amp#27;[0m Matched '/element' to command name 'findElement'
[debug] &amp#27;[38;5;32m[AndroidUiautomator2Driver@e47a (b74c386a)]&amp#27;[0m Proxying [POST /element] to [POST http://127.0.0.1:8200/session/020492dc-88c2-4959-aa86-06e06cf23537/element] with body: {"strategy":"xpath","selector":"//android.widget.TextView[@text='Invalid username/password']","context":"","multiple":false}
&amp#27;[38;5;32m[AndroidUiautomator2Driver@e47a (b74c386a)]&amp#27;[0m Got response with status 404: {"sessionId":"020492dc-88c2-4959-aa86-06e06cf23537","value":{"error":"no such element","message":"An element could not be located on the page using the given search parameters","stacktrace":"io.appium.uiautomator2.common.exceptions.ElementNotFoundException: An element could not be located on the page using the given search parameters\n\tat io.appium.uiautomator2.utils.ElementLocationHelpers.findElement(ElementLocationHelpers.java:156)\n\tat io.appium.uiautomator2.handler.FindElement.safeHandle(FindElement.java:60)\n\tat io.appium.uiautomator2.handler.request.SafeRequestHandler.handle(SafeRequestHandler.java:59)\n\tat io.appium.uiautomator2.server.AppiumServlet.handleRequest(AppiumServlet.java:277)\n\tat io.appium.uiautomator2.server.AppiumServlet.handleHttpRequest(AppiumServlet.java:271)\n\tat io.appium.uiautomator2.http.ServerHandler.channelRead(ServerHandler.java:68)\n\tat io.netty.channel.AbstractChannelHandlerContext.invokeChannelRead(AbstractChannelHandlerContext.java:366)\n\tat io.netty.channel.Abstr...
[debug] &amp#27;[38;5;128m[W3C]&amp#27;[0m Matched W3C error code 'no such element' to NoSuchElementError
[debug] &amp#27;[38;5;32m[AndroidUiautomator2Driver@e47a (b74c386a)]&amp#27;[0m Waited for 10734 ms so far
[debug] &amp#27;[38;5;32m[AndroidUiautomator2Driver@e47a (b74c386a)]&amp#27;[0m Matched '/element' to command name 'findElement'
[debug] &amp#27;[38;5;32m[AndroidUiautomator2Driver@e47a (b74c386a)]&amp#27;[0m Proxying [POST /element] to [POST http://127.0.0.1:8200/session/020492dc-88c2-4959-aa86-06e06cf23537/element] with body: {"strategy":"xpath","selector":"//android.widget.TextView[@text='Invalid username/password']","context":"","multiple":false}
&amp#27;[38;5;32m[AndroidUiautomator2Driver@e47a (b74c386a)]&amp#27;[0m Got response with status 404: {"sessionId":"020492dc-88c2-4959-aa86-06e06cf23537","value":{"error":"no such element","message":"An element could not be located on the page using the given search parameters","stacktrace":"io.appium.uiautomator2.common.exceptions.ElementNotFoundException: An element could not be located on the page using the given search parameters\n\tat io.appium.uiautomator2.utils.ElementLocationHelpers.findElement(ElementLocationHelpers.java:156)\n\tat io.appium.uiautomator2.handler.FindElement.safeHandle(FindElement.java:60)\n\tat io.appium.uiautomator2.handler.request.SafeRequestHandler.handle(SafeRequestHandler.java:59)\n\tat io.appium.uiautomator2.server.AppiumServlet.handleRequest(AppiumServlet.java:277)\n\tat io.appium.uiautomator2.server.AppiumServlet.handleHttpRequest(AppiumServlet.java:271)\n\tat io.appium.uiautomator2.http.ServerHandler.channelRead(ServerHandler.java:68)\n\tat io.netty.channel.AbstractChannelHandlerContext.invokeChannelRead(AbstractChannelHandlerContext.java:366)\n\tat io.netty.channel.Abstr...
[debug] &amp#27;[38;5;128m[W3C]&amp#27;[0m Matched W3C error code 'no such element' to NoSuchElementError
[debug] &amp#27;[38;5;32m[AndroidUiautomator2Driver@e47a (b74c386a)]&amp#27;[0m Waited for 11259 ms so far
[debug] &amp#27;[38;5;32m[AndroidUiautomator2Driver@e47a (b74c386a)]&amp#27;[0m Matched '/element' to command name 'findElement'
[debug] &amp#27;[38;5;32m[AndroidUiautomator2Driver@e47a (b74c386a)]&amp#27;[0m Proxying [POST /element] to [POST http://127.0.0.1:8200/session/020492dc-88c2-4959-aa86-06e06cf23537/element] with body: {"strategy":"xpath","selector":"//android.widget.TextView[@text='Invalid username/password']","context":"","multiple":false}
&amp#27;[38;5;32m[AndroidUiautomator2Driver@e47a (b74c386a)]&amp#27;[0m Got response with status 404: {"sessionId":"020492dc-88c2-4959-aa86-06e06cf23537","value":{"error":"no such element","message":"An element could not be located on the page using the given search parameters","stacktrace":"io.appium.uiautomator2.common.exceptions.ElementNotFoundException: An element could not be located on the page using the given search parameters\n\tat io.appium.uiautomator2.utils.ElementLocationHelpers.findElement(ElementLocationHelpers.java:156)\n\tat io.appium.uiautomator2.handler.FindElement.safeHandle(FindElement.java:60)\n\tat io.appium.uiautomator2.handler.request.SafeRequestHandler.handle(SafeRequestHandler.java:59)\n\tat io.appium.uiautomator2.server.AppiumServlet.handleRequest(AppiumServlet.java:277)\n\tat io.appium.uiautomator2.server.AppiumServlet.handleHttpRequest(AppiumServlet.java:271)\n\tat io.appium.uiautomator2.http.ServerHandler.channelRead(ServerHandler.java:68)\n\tat io.netty.channel.AbstractChannelHandlerContext.invokeChannelRead(AbstractChannelHandlerContext.java:366)\n\tat io.netty.channel.Abstr...
[debug] &amp#27;[38;5;128m[W3C]&amp#27;[0m Matched W3C error code 'no such element' to NoSuchElementError
[debug] &amp#27;[38;5;32m[AndroidUiautomator2Driver@e47a (b74c386a)]&amp#27;[0m Waited for 11799 ms so far
[debug] &amp#27;[38;5;32m[AndroidUiautomator2Driver@e47a (b74c386a)]&amp#27;[0m Matched '/element' to command name 'findElement'
[debug] &amp#27;[38;5;32m[AndroidUiautomator2Driver@e47a (b74c386a)]&amp#27;[0m Proxying [POST /element] to [POST http://127.0.0.1:8200/session/020492dc-88c2-4959-aa86-06e06cf23537/element] with body: {"strategy":"xpath","selector":"//android.widget.TextView[@text='Invalid username/password']","context":"","multiple":false}
&amp#27;[38;5;32m[AndroidUiautomator2Driver@e47a (b74c386a)]&amp#27;[0m Got response with status 404: {"sessionId":"020492dc-88c2-4959-aa86-06e06cf23537","value":{"error":"no such element","message":"An element could not be located on the page using the given search parameters","stacktrace":"io.appium.uiautomator2.common.exceptions.ElementNotFoundException: An element could not be located on the page using the given search parameters\n\tat io.appium.uiautomator2.utils.ElementLocationHelpers.findElement(ElementLocationHelpers.java:156)\n\tat io.appium.uiautomator2.handler.FindElement.safeHandle(FindElement.java:60)\n\tat io.appium.uiautomator2.handler.request.SafeRequestHandler.handle(SafeRequestHandler.java:59)\n\tat io.appium.uiautomator2.server.AppiumServlet.handleRequest(AppiumServlet.java:277)\n\tat io.appium.uiautomator2.server.AppiumServlet.handleHttpRequest(AppiumServlet.java:271)\n\tat io.appium.uiautomator2.http.ServerHandler.channelRead(ServerHandler.java:68)\n\tat io.netty.channel.AbstractChannelHandlerContext.invokeChannelRead(AbstractChannelHandlerContext.java:366)\n\tat io.netty.channel.Abstr...
[debug] &amp#27;[38;5;128m[W3C]&amp#27;[0m Matched W3C error code 'no such element' to NoSuchElementError
[debug] &amp#27;[38;5;32m[AndroidUiautomator2Driver@e47a (b74c386a)]&amp#27;[0m Waited for 12336 ms so far
[debug] &amp#27;[38;5;32m[AndroidUiautomator2Driver@e47a (b74c386a)]&amp#27;[0m Matched '/element' to command name 'findElement'
[debug] &amp#27;[38;5;32m[AndroidUiautomator2Driver@e47a (b74c386a)]&amp#27;[0m Proxying [POST /element] to [POST http://127.0.0.1:8200/session/020492dc-88c2-4959-aa86-06e06cf23537/element] with body: {"strategy":"xpath","selector":"//android.widget.TextView[@text='Invalid username/password']","context":"","multiple":false}
&amp#27;[38;5;32m[AndroidUiautomator2Driver@e47a (b74c386a)]&amp#27;[0m Got response with status 404: {"sessionId":"020492dc-88c2-4959-aa86-06e06cf23537","value":{"error":"no such element","message":"An element could not be located on the page using the given search parameters","stacktrace":"io.appium.uiautomator2.common.exceptions.ElementNotFoundException: An element could not be located on the page using the given search parameters\n\tat io.appium.uiautomator2.utils.ElementLocationHelpers.findElement(ElementLocationHelpers.java:156)\n\tat io.appium.uiautomator2.handler.FindElement.safeHandle(FindElement.java:60)\n\tat io.appium.uiautomator2.handler.request.SafeRequestHandler.handle(SafeRequestHandler.java:59)\n\tat io.appium.uiautomator2.server.AppiumServlet.handleRequest(AppiumServlet.java:277)\n\tat io.appium.uiautomator2.server.AppiumServlet.handleHttpRequest(AppiumServlet.java:271)\n\tat io.appium.uiautomator2.http.ServerHandler.channelRead(ServerHandler.java:68)\n\tat io.netty.channel.AbstractChannelHandlerContext.invokeChannelRead(AbstractChannelHandlerContext.java:366)\n\tat io.netty.channel.Abstr...
[debug] &amp#27;[38;5;128m[W3C]&amp#27;[0m Matched W3C error code 'no such element' to NoSuchElementError
[debug] &amp#27;[38;5;32m[AndroidUiautomator2Driver@e47a (b74c386a)]&amp#27;[0m Waited for 12866 ms so far
[debug] &amp#27;[38;5;32m[AndroidUiautomator2Driver@e47a (b74c386a)]&amp#27;[0m Matched '/element' to command name 'findElement'
[debug] &amp#27;[38;5;32m[AndroidUiautomator2Driver@e47a (b74c386a)]&amp#27;[0m Proxying [POST /element] to [POST http://127.0.0.1:8200/session/020492dc-88c2-4959-aa86-06e06cf23537/element] with body: {"strategy":"xpath","selector":"//android.widget.TextView[@text='Invalid username/password']","context":"","multiple":false}
&amp#27;[38;5;32m[AndroidUiautomator2Driver@e47a (b74c386a)]&amp#27;[0m Got response with status 404: {"sessionId":"020492dc-88c2-4959-aa86-06e06cf23537","value":{"error":"no such element","message":"An element could not be located on the page using the given search parameters","stacktrace":"io.appium.uiautomator2.common.exceptions.ElementNotFoundException: An element could not be located on the page using the given search parameters\n\tat io.appium.uiautomator2.utils.ElementLocationHelpers.findElement(ElementLocationHelpers.java:156)\n\tat io.appium.uiautomator2.handler.FindElement.safeHandle(FindElement.java:60)\n\tat io.appium.uiautomator2.handler.request.SafeRequestHandler.handle(SafeRequestHandler.java:59)\n\tat io.appium.uiautomator2.server.AppiumServlet.handleRequest(AppiumServlet.java:277)\n\tat io.appium.uiautomator2.server.AppiumServlet.handleHttpRequest(AppiumServlet.java:271)\n\tat io.appium.uiautomator2.http.ServerHandler.channelRead(ServerHandler.java:68)\n\tat io.netty.channel.AbstractChannelHandlerContext.invokeChannelRead(AbstractChannelHandlerContext.java:366)\n\tat io.netty.channel.Abstr...
[debug] &amp#27;[38;5;128m[W3C]&amp#27;[0m Matched W3C error code 'no such element' to NoSuchElementError
[debug] &amp#27;[38;5;32m[AndroidUiautomator2Driver@e47a (b74c386a)]&amp#27;[0m Waited for 13412 ms so far
[debug] &amp#27;[38;5;32m[AndroidUiautomator2Driver@e47a (b74c386a)]&amp#27;[0m Matched '/element' to command name 'findElement'
[debug] &amp#27;[38;5;32m[AndroidUiautomator2Driver@e47a (b74c386a)]&amp#27;[0m Proxying [POST /element] to [POST http://127.0.0.1:8200/session/020492dc-88c2-4959-aa86-06e06cf23537/element] with body: {"strategy":"xpath","selector":"//android.widget.TextView[@text='Invalid username/password']","context":"","multiple":false}
&amp#27;[38;5;32m[AndroidUiautomator2Driver@e47a (b74c386a)]&amp#27;[0m Got response with status 404: {"sessionId":"020492dc-88c2-4959-aa86-06e06cf23537","value":{"error":"no such element","message":"An element could not be located on the page using the given search parameters","stacktrace":"io.appium.uiautomator2.common.exceptions.ElementNotFoundException: An element could not be located on the page using the given search parameters\n\tat io.appium.uiautomator2.utils.ElementLocationHelpers.findElement(ElementLocationHelpers.java:156)\n\tat io.appium.uiautomator2.handler.FindElement.safeHandle(FindElement.java:60)\n\tat io.appium.uiautomator2.handler.request.SafeRequestHandler.handle(SafeRequestHandler.java:59)\n\tat io.appium.uiautomator2.server.AppiumServlet.handleRequest(AppiumServlet.java:277)\n\tat io.appium.uiautomator2.server.AppiumServlet.handleHttpRequest(AppiumServlet.java:271)\n\tat io.appium.uiautomator2.http.ServerHandler.channelRead(ServerHandler.java:68)\n\tat io.netty.channel.AbstractChannelHandlerContext.invokeChannelRead(AbstractChannelHandlerContext.java:366)\n\tat io.netty.channel.Abstr...
[debug] &amp#27;[38;5;128m[W3C]&amp#27;[0m Matched W3C error code 'no such element' to NoSuchElementError
[debug] &amp#27;[38;5;32m[AndroidUiautomator2Driver@e47a (b74c386a)]&amp#27;[0m Waited for 13957 ms so far
[debug] &amp#27;[38;5;32m[AndroidUiautomator2Driver@e47a (b74c386a)]&amp#27;[0m Matched '/element' to command name 'findElement'
[debug] &amp#27;[38;5;32m[AndroidUiautomator2Driver@e47a (b74c386a)]&amp#27;[0m Proxying [POST /element] to [POST http://127.0.0.1:8200/session/020492dc-88c2-4959-aa86-06e06cf23537/element] with body: {"strategy":"xpath","selector":"//android.widget.TextView[@text='Invalid username/password']","context":"","multiple":false}
&amp#27;[38;5;32m[AndroidUiautomator2Driver@e47a (b74c386a)]&amp#27;[0m Got response with status 404: {"sessionId":"020492dc-88c2-4959-aa86-06e06cf23537","value":{"error":"no such element","message":"An element could not be located on the page using the given search parameters","stacktrace":"io.appium.uiautomator2.common.exceptions.ElementNotFoundException: An element could not be located on the page using the given search parameters\n\tat io.appium.uiautomator2.utils.ElementLocationHelpers.findElement(ElementLocationHelpers.java:156)\n\tat io.appium.uiautomator2.handler.FindElement.safeHandle(FindElement.java:60)\n\tat io.appium.uiautomator2.handler.request.SafeRequestHandler.handle(SafeRequestHandler.java:59)\n\tat io.appium.uiautomator2.server.AppiumServlet.handleRequest(AppiumServlet.java:277)\n\tat io.appium.uiautomator2.server.AppiumServlet.handleHttpRequest(AppiumServlet.java:271)\n\tat io.appium.uiautomator2.http.ServerHandler.channelRead(ServerHandler.java:68)\n\tat io.netty.channel.AbstractChannelHandlerContext.invokeChannelRead(AbstractChannelHandlerContext.java:366)\n\tat io.netty.channel.Abstr...
[debug] &amp#27;[38;5;128m[W3C]&amp#27;[0m Matched W3C error code 'no such element' to NoSuchElementError
[debug] &amp#27;[38;5;32m[AndroidUiautomator2Driver@e47a (b74c386a)]&amp#27;[0m Waited for 14505 ms so far
[debug] &amp#27;[38;5;32m[AndroidUiautomator2Driver@e47a (b74c386a)]&amp#27;[0m Matched '/element' to command name 'findElement'
[debug] &amp#27;[38;5;32m[AndroidUiautomator2Driver@e47a (b74c386a)]&amp#27;[0m Proxying [POST /element] to [POST http://127.0.0.1:8200/session/020492dc-88c2-4959-aa86-06e06cf23537/element] with body: {"strategy":"xpath","selector":"//android.widget.TextView[@text='Invalid username/password']","context":"","multiple":false}
&amp#27;[38;5;32m[AndroidUiautomator2Driver@e47a (b74c386a)]&amp#27;[0m Got response with status 404: {"sessionId":"020492dc-88c2-4959-aa86-06e06cf23537","value":{"error":"no such element","message":"An element could not be located on the page using the given search parameters","stacktrace":"io.appium.uiautomator2.common.exceptions.ElementNotFoundException: An element could not be located on the page using the given search parameters\n\tat io.appium.uiautomator2.utils.ElementLocationHelpers.findElement(ElementLocationHelpers.java:156)\n\tat io.appium.uiautomator2.handler.FindElement.safeHandle(FindElement.java:60)\n\tat io.appium.uiautomator2.handler.request.SafeRequestHandler.handle(SafeRequestHandler.java:59)\n\tat io.appium.uiautomator2.server.AppiumServlet.handleRequest(AppiumServlet.java:277)\n\tat io.appium.uiautomator2.server.AppiumServlet.handleHttpRequest(AppiumServlet.java:271)\n\tat io.appium.uiautomator2.http.ServerHandler.channelRead(ServerHandler.java:68)\n\tat io.netty.channel.AbstractChannelHandlerContext.invokeChannelRead(AbstractChannelHandlerContext.java:366)\n\tat io.netty.channel.Abstr...
[debug] &amp#27;[38;5;128m[W3C]&amp#27;[0m Matched W3C error code 'no such element' to NoSuchElementError
[debug] &amp#27;[38;5;32m[AndroidUiautomator2Driver@e47a (b74c386a)]&amp#27;[0m Waited for 15045 ms so far
[debug] &amp#27;[38;5;32m[AndroidUiautomator2Driver@e47a (b74c386a)]&amp#27;[0m Matched '/element' to command name 'findElement'
[debug] &amp#27;[38;5;32m[AndroidUiautomator2Driver@e47a (b74c386a)]&amp#27;[0m Proxying [POST /element] to [POST http://127.0.0.1:8200/session/020492dc-88c2-4959-aa86-06e06cf23537/element] with body: {"strategy":"xpath","selector":"//android.widget.TextView[@text='Invalid username/password']","context":"","multiple":false}
&amp#27;[38;5;32m[AndroidUiautomator2Driver@e47a (b74c386a)]&amp#27;[0m Got response with status 404: {"sessionId":"020492dc-88c2-4959-aa86-06e06cf23537","value":{"error":"no such element","message":"An element could not be located on the page using the given search parameters","stacktrace":"io.appium.uiautomator2.common.exceptions.ElementNotFoundException: An element could not be located on the page using the given search parameters\n\tat io.appium.uiautomator2.utils.ElementLocationHelpers.findElement(ElementLocationHelpers.java:156)\n\tat io.appium.uiautomator2.handler.FindElement.safeHandle(FindElement.java:60)\n\tat io.appium.uiautomator2.handler.request.SafeRequestHandler.handle(SafeRequestHandler.java:59)\n\tat io.appium.uiautomator2.server.AppiumServlet.handleRequest(AppiumServlet.java:277)\n\tat io.appium.uiautomator2.server.AppiumServlet.handleHttpRequest(AppiumServlet.java:271)\n\tat io.appium.uiautomator2.http.ServerHandler.channelRead(ServerHandler.java:68)\n\tat io.netty.channel.AbstractChannelHandlerContext.invokeChannelRead(AbstractChannelHandlerContext.java:366)\n\tat io.netty.channel.Abstr...
[debug] &amp#27;[38;5;128m[W3C]&amp#27;[0m Matched W3C error code 'no such element' to NoSuchElementError
[debug] &amp#27;[38;5;32m[AndroidUiautomator2Driver@e47a (b74c386a)]&amp#27;[0m Waited for 15944 ms so far
[debug] &amp#27;[38;5;32m[AndroidUiautomator2Driver@e47a (b74c386a)]&amp#27;[0m Matched '/element' to command name 'findElement'
[debug] &amp#27;[38;5;32m[AndroidUiautomator2Driver@e47a (b74c386a)]&amp#27;[0m Proxying [POST /element] to [POST http://127.0.0.1:8200/session/020492dc-88c2-4959-aa86-06e06cf23537/element] with body: {"strategy":"xpath","selector":"//android.widget.TextView[@text='Invalid username/password']","context":"","multiple":false}
&amp#27;[38;5;32m[AndroidUiautomator2Driver@e47a (b74c386a)]&amp#27;[0m Got response with status 404: {"sessionId":"020492dc-88c2-4959-aa86-06e06cf23537","value":{"error":"no such element","message":"An element could not be located on the page using the given search parameters","stacktrace":"io.appium.uiautomator2.common.exceptions.ElementNotFoundException: An element could not be located on the page using the given search parameters\n\tat io.appium.uiautomator2.utils.ElementLocationHelpers.findElement(ElementLocationHelpers.java:156)\n\tat io.appium.uiautomator2.handler.FindElement.safeHandle(FindElement.java:60)\n\tat io.appium.uiautomator2.handler.request.SafeRequestHandler.handle(SafeRequestHandler.java:59)\n\tat io.appium.uiautomator2.server.AppiumServlet.handleRequest(AppiumServlet.java:277)\n\tat io.appium.uiautomator2.server.AppiumServlet.handleHttpRequest(AppiumServlet.java:271)\n\tat io.appium.uiautomator2.http.ServerHandler.channelRead(ServerHandler.java:68)\n\tat io.netty.channel.AbstractChannelHandlerContext.invokeChannelRead(AbstractChannelHandlerContext.java:366)\n\tat io.netty.channel.Abstr...
[debug] &amp#27;[38;5;128m[W3C]&amp#27;[0m Matched W3C error code 'no such element' to NoSuchElementError
[debug] &amp#27;[38;5;32m[AndroidUiautomator2Driver@e47a (b74c386a)]&amp#27;[0m Waited for 16483 ms so far
[debug] &amp#27;[38;5;32m[AndroidUiautomator2Driver@e47a (b74c386a)]&amp#27;[0m Matched '/element' to command name 'findElement'
[debug] &amp#27;[38;5;32m[AndroidUiautomator2Driver@e47a (b74c386a)]&amp#27;[0m Proxying [POST /element] to [POST http://127.0.0.1:8200/session/020492dc-88c2-4959-aa86-06e06cf23537/element] with body: {"strategy":"xpath","selector":"//android.widget.TextView[@text='Invalid username/password']","context":"","multiple":false}
&amp#27;[38;5;32m[AndroidUiautomator2Driver@e47a (b74c386a)]&amp#27;[0m Got response with status 404: {"sessionId":"020492dc-88c2-4959-aa86-06e06cf23537","value":{"error":"no such element","message":"An element could not be located on the page using the given search parameters","stacktrace":"io.appium.uiautomator2.common.exceptions.ElementNotFoundException: An element could not be located on the page using the given search parameters\n\tat io.appium.uiautomator2.utils.ElementLocationHelpers.findElement(ElementLocationHelpers.java:156)\n\tat io.appium.uiautomator2.handler.FindElement.safeHandle(FindElement.java:60)\n\tat io.appium.uiautomator2.handler.request.SafeRequestHandler.handle(SafeRequestHandler.java:59)\n\tat io.appium.uiautomator2.server.AppiumServlet.handleRequest(AppiumServlet.java:277)\n\tat io.appium.uiautomator2.server.AppiumServlet.handleHttpRequest(AppiumServlet.java:271)\n\tat io.appium.uiautomator2.http.ServerHandler.channelRead(ServerHandler.java:68)\n\tat io.netty.channel.AbstractChannelHandlerContext.invokeChannelRead(AbstractChannelHandlerContext.java:366)\n\tat io.netty.channel.Abstr...
[debug] &amp#27;[38;5;128m[W3C]&amp#27;[0m Matched W3C error code 'no such element' to NoSuchElementError
[debug] &amp#27;[38;5;32m[AndroidUiautomator2Driver@e47a (b74c386a)]&amp#27;[0m Waited for 17009 ms so far
&amp#27;[38;5;0m[HTTP]&amp#27;[0m &amp#27;[37m-->&amp#27;[39m &amp#27;[37mGET&amp#27;[39m &amp#27;[37m/session/d6c1cc38-6946-4747-89f8-56067f4364bb/timeouts&amp#27;[39m
&amp#27;[38;5;0m[HTTP]&amp#27;[0m &amp#27;[90m{}&amp#27;[39m
[debug] &amp#27;[38;5;16m[AppiumDriver@10c8]&amp#27;[0m Encountered internal error running command: NoSuchDriverError: A session is either terminated or not started
[debug] &amp#27;[38;5;16m[AppiumDriver@10c8]&amp#27;[0m     at asyncHandler (C:\Users\daniel.ogagavworia\AppData\Roaming\npm\node_modules\appium\node_modules\@appium\base-driver\lib\protocol\protocol.js:315:15)
[debug] &amp#27;[38;5;16m[AppiumDriver@10c8]&amp#27;[0m     at C:\Users\daniel.ogagavworia\AppData\Roaming\npm\node_modules\appium\node_modules\@appium\base-driver\lib\protocol\protocol.js:518:15
[debug] &amp#27;[38;5;16m[AppiumDriver@10c8]&amp#27;[0m     at Layer.handle [as handle_request] (C:\Users\daniel.ogagavworia\AppData\Roaming\npm\node_modules\appium\node_modules\express\lib\router\layer.js:95:5)
[debug] &amp#27;[38;5;16m[AppiumDriver@10c8]&amp#27;[0m     at next (C:\Users\daniel.ogagavworia\AppData\Roaming\npm\node_modules\appium\node_modules\express\lib\router\route.js:144:13)
[debug] &amp#27;[38;5;16m[AppiumDriver@10c8]&amp#27;[0m     at Route.dispatch (C:\Users\daniel.ogagavworia\AppData\Roaming\npm\node_modules\appium\node_modules\express\lib\router\route.js:114:3)
[debug] &amp#27;[38;5;16m[AppiumDriver@10c8]&amp#27;[0m     at Layer.handle [as handle_request] (C:\Users\daniel.ogagavworia\AppData\Roaming\npm\node_modules\appium\node_modules\express\lib\router\layer.js:95:5)
[debug] &amp#27;[38;5;16m[AppiumDriver@10c8]&amp#27;[0m     at C:\Users\daniel.ogagavworia\AppData\Roaming\npm\node_modules\appium\node_modules\express\lib\router\index.js:284:15
[debug] &amp#27;[38;5;16m[AppiumDriver@10c8]&amp#27;[0m     at param (C:\Users\daniel.ogagavworia\AppData\Roaming\npm\node_modules\appium\node_modules\express\lib\router\index.js:365:14)
[debug] &amp#27;[38;5;16m[AppiumDriver@10c8]&amp#27;[0m     at param (C:\Users\daniel.ogagavworia\AppData\Roaming\npm\node_modules\appium\node_modules\express\lib\router\index.js:376:14)
[debug] &amp#27;[38;5;16m[AppiumDriver@10c8]&amp#27;[0m     at Function.process_params (C:\Users\daniel.ogagavworia\AppData\Roaming\npm\node_modules\appium\node_modules\express\lib\router\index.js:421:3)
[debug] &amp#27;[38;5;16m[AppiumDriver@10c8]&amp#27;[0m     at next (C:\Users\daniel.ogagavworia\AppData\Roaming\npm\node_modules\appium\node_modules\express\lib\router\index.js:280:10)
[debug] &amp#27;[38;5;16m[AppiumDriver@10c8]&amp#27;[0m     at logger (C:\Users\daniel.ogagavworia\AppData\Roaming\npm\node_modules\appium\node_modules\morgan\index.js:144:5)
[debug] &amp#27;[38;5;16m[AppiumDriver@10c8]&amp#27;[0m     at Layer.handle [as handle_request] (C:\Users\daniel.ogagavworia\AppData\Roaming\npm\node_modules\appium\node_modules\express\lib\router\layer.js:95:5)
[debug] &amp#27;[38;5;16m[AppiumDriver@10c8]&amp#27;[0m     at trim_prefix (C:\Users\daniel.ogagavworia\AppData\Roaming\npm\node_modules\appium\node_modules\express\lib\router\index.js:328:13)
[debug] &amp#27;[38;5;16m[AppiumDriver@10c8]&amp#27;[0m     at C:\Users\daniel.ogagavworia\AppData\Roaming\npm\node_modules\appium\node_modules\express\lib\router\index.js:286:9
[debug] &amp#27;[38;5;16m[AppiumDriver@10c8]&amp#27;[0m     at Function.process_params (C:\Users\daniel.ogagavworia\AppData\Roaming\npm\node_modules\appium\node_modules\express\lib\router\index.js:346:12)
[debug] &amp#27;[38;5;16m[AppiumDriver@10c8]&amp#27;[0m     at next (C:\Users\daniel.ogagavworia\AppData\Roaming\npm\node_modules\appium\node_modules\express\lib\router\index.js:280:10)
[debug] &amp#27;[38;5;16m[AppiumDriver@10c8]&amp#27;[0m     at jsonParser (C:\Users\daniel.ogagavworia\AppData\Roaming\npm\node_modules\appium\node_modules\body-parser\lib\types\json.js:113:7)
[debug] &amp#27;[38;5;16m[AppiumDriver@10c8]&amp#27;[0m     at Layer.handle [as handle_request] (C:\Users\daniel.ogagavworia\AppData\Roaming\npm\node_modules\appium\node_modules\express\lib\router\layer.js:95:5)
[debug] &amp#27;[38;5;16m[AppiumDriver@10c8]&amp#27;[0m     at trim_prefix (C:\Users\daniel.ogagavworia\AppData\Roaming\npm\node_modules\appium\node_modules\express\lib\router\index.js:328:13)
[debug] &amp#27;[38;5;16m[AppiumDriver@10c8]&amp#27;[0m     at C:\Users\daniel.ogagavworia\AppData\Roaming\npm\node_modules\appium\node_modules\express\lib\router\index.js:286:9
[debug] &amp#27;[38;5;16m[AppiumDriver@10c8]&amp#27;[0m     at Function.process_params (C:\Users\daniel.ogagavworia\AppData\Roaming\npm\node_modules\appium\node_modules\express\lib\router\index.js:346:12)
&amp#27;[38;5;0m[HTTP]&amp#27;[0m &amp#27;[37m<-- GET /session/d6c1cc38-6946-4747-89f8-56067f4364bb/timeouts &amp#27;[39m&amp#27;[33m404&amp#27;[39m &amp#27;[90m2 ms - 3517&amp#27;[39m
&amp#27;[38;5;0m[HTTP]&amp#27;[0m &amp#27;[90m&amp#27;[39m
[debug] &amp#27;[38;5;32m[AndroidUiautomator2Driver@e47a (b74c386a)]&amp#27;[0m Matched '/element' to command name 'findElement'
[debug] &amp#27;[38;5;32m[AndroidUiautomator2Driver@e47a (b74c386a)]&amp#27;[0m Proxying [POST /element] to [POST http://127.0.0.1:8200/session/020492dc-88c2-4959-aa86-06e06cf23537/element] with body: {"strategy":"xpath","selector":"//android.widget.TextView[@text='Invalid username/password']","context":"","multiple":false}
&amp#27;[38;5;32m[AndroidUiautomator2Driver@e47a (b74c386a)]&amp#27;[0m Got response with status 404: {"sessionId":"020492dc-88c2-4959-aa86-06e06cf23537","value":{"error":"no such element","message":"An element could not be located on the page using the given search parameters","stacktrace":"io.appium.uiautomator2.common.exceptions.ElementNotFoundException: An element could not be located on the page using the given search parameters\n\tat io.appium.uiautomator2.utils.ElementLocationHelpers.findElement(ElementLocationHelpers.java:156)\n\tat io.appium.uiautomator2.handler.FindElement.safeHandle(FindElement.java:60)\n\tat io.appium.uiautomator2.handler.request.SafeRequestHandler.handle(SafeRequestHandler.java:59)\n\tat io.appium.uiautomator2.server.AppiumServlet.handleRequest(AppiumServlet.java:277)\n\tat io.appium.uiautomator2.server.AppiumServlet.handleHttpRequest(AppiumServlet.java:271)\n\tat io.appium.uiautomator2.http.ServerHandler.channelRead(ServerHandler.java:68)\n\tat io.netty.channel.AbstractChannelHandlerContext.invokeChannelRead(AbstractChannelHandlerContext.java:366)\n\tat io.netty.channel.Abstr...
[debug] &amp#27;[38;5;128m[W3C]&amp#27;[0m Matched W3C error code 'no such element' to NoSuchElementError
[debug] &amp#27;[38;5;32m[AndroidUiautomator2Driver@e47a (b74c386a)]&amp#27;[0m Waited for 17543 ms so far
[debug] &amp#27;[38;5;32m[AndroidUiautomator2Driver@e47a (b74c386a)]&amp#27;[0m Matched '/element' to command name 'findElement'
[debug] &amp#27;[38;5;32m[AndroidUiautomator2Driver@e47a (b74c386a)]&amp#27;[0m Proxying [POST /element] to [POST http://127.0.0.1:8200/session/020492dc-88c2-4959-aa86-06e06cf23537/element] with body: {"strategy":"xpath","selector":"//android.widget.TextView[@text='Invalid username/password']","context":"","multiple":false}
&amp#27;[38;5;32m[AndroidUiautomator2Driver@e47a (b74c386a)]&amp#27;[0m Got response with status 404: {"sessionId":"020492dc-88c2-4959-aa86-06e06cf23537","value":{"error":"no such element","message":"An element could not be located on the page using the given search parameters","stacktrace":"io.appium.uiautomator2.common.exceptions.ElementNotFoundException: An element could not be located on the page using the given search parameters\n\tat io.appium.uiautomator2.utils.ElementLocationHelpers.findElement(ElementLocationHelpers.java:156)\n\tat io.appium.uiautomator2.handler.FindElement.safeHandle(FindElement.java:60)\n\tat io.appium.uiautomator2.handler.request.SafeRequestHandler.handle(SafeRequestHandler.java:59)\n\tat io.appium.uiautomator2.server.AppiumServlet.handleRequest(AppiumServlet.java:277)\n\tat io.appium.uiautomator2.server.AppiumServlet.handleHttpRequest(AppiumServlet.java:271)\n\tat io.appium.uiautomator2.http.ServerHandler.channelRead(ServerHandler.java:68)\n\tat io.netty.channel.AbstractChannelHandlerContext.invokeChannelRead(AbstractChannelHandlerContext.java:366)\n\tat io.netty.channel.Abstr...
[debug] &amp#27;[38;5;128m[W3C]&amp#27;[0m Matched W3C error code 'no such element' to NoSuchElementError
[debug] &amp#27;[38;5;32m[AndroidUiautomator2Driver@e47a (b74c386a)]&amp#27;[0m Waited for 18082 ms so far
[debug] &amp#27;[38;5;32m[AndroidUiautomator2Driver@e47a (b74c386a)]&amp#27;[0m Matched '/element' to command name 'findElement'
[debug] &amp#27;[38;5;32m[AndroidUiautomator2Driver@e47a (b74c386a)]&amp#27;[0m Proxying [POST /element] to [POST http://127.0.0.1:8200/session/020492dc-88c2-4959-aa86-06e06cf23537/element] with body: {"strategy":"xpath","selector":"//android.widget.TextView[@text='Invalid username/password']","context":"","multiple":false}
&amp#27;[38;5;32m[AndroidUiautomator2Driver@e47a (b74c386a)]&amp#27;[0m Got response with status 404: {"sessionId":"020492dc-88c2-4959-aa86-06e06cf23537","value":{"error":"no such element","message":"An element could not be located on the page using the given search parameters","stacktrace":"io.appium.uiautomator2.common.exceptions.ElementNotFoundException: An element could not be located on the page using the given search parameters\n\tat io.appium.uiautomator2.utils.ElementLocationHelpers.findElement(ElementLocationHelpers.java:156)\n\tat io.appium.uiautomator2.handler.FindElement.safeHandle(FindElement.java:60)\n\tat io.appium.uiautomator2.handler.request.SafeRequestHandler.handle(SafeRequestHandler.java:59)\n\tat io.appium.uiautomator2.server.AppiumServlet.handleRequest(AppiumServlet.java:277)\n\tat io.appium.uiautomator2.server.AppiumServlet.handleHttpRequest(AppiumServlet.java:271)\n\tat io.appium.uiautomator2.http.ServerHandler.channelRead(ServerHandler.java:68)\n\tat io.netty.channel.AbstractChannelHandlerContext.invokeChannelRead(AbstractChannelHandlerContext.java:366)\n\tat io.netty.channel.Abstr...
[debug] &amp#27;[38;5;128m[W3C]&amp#27;[0m Matched W3C error code 'no such element' to NoSuchElementError
[debug] &amp#27;[38;5;32m[AndroidUiautomator2Driver@e47a (b74c386a)]&amp#27;[0m Waited for 18619 ms so far
[debug] &amp#27;[38;5;32m[AndroidUiautomator2Driver@e47a (b74c386a)]&amp#27;[0m Matched '/element' to command name 'findElement'
[debug] &amp#27;[38;5;32m[AndroidUiautomator2Driver@e47a (b74c386a)]&amp#27;[0m Proxying [POST /element] to [POST http://127.0.0.1:8200/session/020492dc-88c2-4959-aa86-06e06cf23537/element] with body: {"strategy":"xpath","selector":"//android.widget.TextView[@text='Invalid username/password']","context":"","multiple":false}
&amp#27;[38;5;32m[AndroidUiautomator2Driver@e47a (b74c386a)]&amp#27;[0m Got response with status 404: {"sessionId":"020492dc-88c2-4959-aa86-06e06cf23537","value":{"error":"no such element","message":"An element could not be located on the page using the given search parameters","stacktrace":"io.appium.uiautomator2.common.exceptions.ElementNotFoundException: An element could not be located on the page using the given search parameters\n\tat io.appium.uiautomator2.utils.ElementLocationHelpers.findElement(ElementLocationHelpers.java:156)\n\tat io.appium.uiautomator2.handler.FindElement.safeHandle(FindElement.java:60)\n\tat io.appium.uiautomator2.handler.request.SafeRequestHandler.handle(SafeRequestHandler.java:59)\n\tat io.appium.uiautomator2.server.AppiumServlet.handleRequest(AppiumServlet.java:277)\n\tat io.appium.uiautomator2.server.AppiumServlet.handleHttpRequest(AppiumServlet.java:271)\n\tat io.appium.uiautomator2.http.ServerHandler.channelRead(ServerHandler.java:68)\n\tat io.netty.channel.AbstractChannelHandlerContext.invokeChannelRead(AbstractChannelHandlerContext.java:366)\n\tat io.netty.channel.Abstr...
[debug] &amp#27;[38;5;128m[W3C]&amp#27;[0m Matched W3C error code 'no such element' to NoSuchElementError
[debug] &amp#27;[38;5;32m[AndroidUiautomator2Driver@e47a (b74c386a)]&amp#27;[0m Waited for 19161 ms so far
[debug] &amp#27;[38;5;32m[AndroidUiautomator2Driver@e47a (b74c386a)]&amp#27;[0m Matched '/element' to command name 'findElement'
[debug] &amp#27;[38;5;32m[AndroidUiautomator2Driver@e47a (b74c386a)]&amp#27;[0m Proxying [POST /element] to [POST http://127.0.0.1:8200/session/020492dc-88c2-4959-aa86-06e06cf23537/element] with body: {"strategy":"xpath","selector":"//android.widget.TextView[@text='Invalid username/password']","context":"","multiple":false}
&amp#27;[38;5;32m[AndroidUiautomator2Driver@e47a (b74c386a)]&amp#27;[0m Got response with status 404: {"sessionId":"020492dc-88c2-4959-aa86-06e06cf23537","value":{"error":"no such element","message":"An element could not be located on the page using the given search parameters","stacktrace":"io.appium.uiautomator2.common.exceptions.ElementNotFoundException: An element could not be located on the page using the given search parameters\n\tat io.appium.uiautomator2.utils.ElementLocationHelpers.findElement(ElementLocationHelpers.java:156)\n\tat io.appium.uiautomator2.handler.FindElement.safeHandle(FindElement.java:60)\n\tat io.appium.uiautomator2.handler.request.SafeRequestHandler.handle(SafeRequestHandler.java:59)\n\tat io.appium.uiautomator2.server.AppiumServlet.handleRequest(AppiumServlet.java:277)\n\tat io.appium.uiautomator2.server.AppiumServlet.handleHttpRequest(AppiumServlet.java:271)\n\tat io.appium.uiautomator2.http.ServerHandler.channelRead(ServerHandler.java:68)\n\tat io.netty.channel.AbstractChannelHandlerContext.invokeChannelRead(AbstractChannelHandlerContext.java:366)\n\tat io.netty.channel.Abstr...
[debug] &amp#27;[38;5;128m[W3C]&amp#27;[0m Matched W3C error code 'no such element' to NoSuchElementError
[debug] &amp#27;[38;5;32m[AndroidUiautomator2Driver@e47a (b74c386a)]&amp#27;[0m Waited for 19703 ms so far
[debug] &amp#27;[38;5;32m[AndroidUiautomator2Driver@e47a (b74c386a)]&amp#27;[0m Matched '/element' to command name 'findElement'
[debug] &amp#27;[38;5;32m[AndroidUiautomator2Driver@e47a (b74c386a)]&amp#27;[0m Proxying [POST /element] to [POST http://127.0.0.1:8200/session/020492dc-88c2-4959-aa86-06e06cf23537/element] with body: {"strategy":"xpath","selector":"//android.widget.TextView[@text='Invalid username/password']","context":"","multiple":false}
&amp#27;[38;5;32m[AndroidUiautomator2Driver@e47a (b74c386a)]&amp#27;[0m Got response with status 404: {"sessionId":"020492dc-88c2-4959-aa86-06e06cf23537","value":{"error":"no such element","message":"An element could not be located on the page using the given search parameters","stacktrace":"io.appium.uiautomator2.common.exceptions.ElementNotFoundException: An element could not be located on the page using the given search parameters\n\tat io.appium.uiautomator2.utils.ElementLocationHelpers.findElement(ElementLocationHelpers.java:156)\n\tat io.appium.uiautomator2.handler.FindElement.safeHandle(FindElement.java:60)\n\tat io.appium.uiautomator2.handler.request.SafeRequestHandler.handle(SafeRequestHandler.java:59)\n\tat io.appium.uiautomator2.server.AppiumServlet.handleRequest(AppiumServlet.java:277)\n\tat io.appium.uiautomator2.server.AppiumServlet.handleHttpRequest(AppiumServlet.java:271)\n\tat io.appium.uiautomator2.http.ServerHandler.channelRead(ServerHandler.java:68)\n\tat io.netty.channel.AbstractChannelHandlerContext.invokeChannelRead(AbstractChannelHandlerContext.java:366)\n\tat io.netty.channel.Abstr...
[debug] &amp#27;[38;5;128m[W3C]&amp#27;[0m Matched W3C error code 'no such element' to NoSuchElementError
[debug] &amp#27;[38;5;32m[AndroidUiautomator2Driver@e47a (b74c386a)]&amp#27;[0m Encountered internal error running command: NoSuchElementError: An element could not be located on the page using the given search parameters.
[debug] &amp#27;[38;5;32m[AndroidUiautomator2Driver@e47a (b74c386a)]&amp#27;[0m     at AndroidUiautomator2Driver.findElOrEls (C:\Users\daniel.ogagavworia\.appium\node_modules\appium-uiautomator2-driver\node_modules\appium-android-driver\lib\commands\find.js:75:11)
[debug] &amp#27;[38;5;32m[AndroidUiautomator2Driver@e47a (b74c386a)]&amp#27;[0m     at processTicksAndRejections (node:internal/process/task_queues:95:5)
[debug] &amp#27;[38;5;32m[AndroidUiautomator2Driver@e47a (b74c386a)]&amp#27;[0m     at AndroidUiautomator2Driver.findElOrElsWithProcessing (C:\Users\daniel.ogagavworia\AppData\Roaming\npm\node_modules\appium\node_modules\@appium\base-driver\lib\basedriver\commands\find.ts:60:12)
[debug] &amp#27;[38;5;32m[AndroidUiautomator2Driver@e47a (b74c386a)]&amp#27;[0m     at AndroidUiautomator2Driver.findElement (C:\Users\daniel.ogagavworia\AppData\Roaming\npm\node_modules\appium\node_modules\@appium\base-driver\lib\basedriver\commands\find.ts:75:12)
&amp#27;[38;5;0m[HTTP]&amp#27;[0m &amp#27;[37m<-- POST /session/b74c386a-bd63-4a4d-b13a-d366382f07b7/element &amp#27;[39m&amp#27;[33m404&amp#27;[39m &amp#27;[90m20031 ms - 929&amp#27;[39m
&amp#27;[38;5;0m[HTTP]&amp#27;[0m &amp#27;[90m&amp#27;[39m
]]></system-out>
  </testcase>
  <testcase name="Testcase_Seven" classname="testcases.Android.LoginTestCase" time="3.047">
    <system-out><![CDATA[&amp#27;[38;5;0m[HTTP]&amp#27;[0m &amp#27;[37m-->&amp#27;[39m &amp#27;[37mPOST&amp#27;[39m &amp#27;[37m/session/b74c386a-bd63-4a4d-b13a-d366382f07b7/timeouts&amp#27;[39m
&amp#27;[38;5;0m[HTTP]&amp#27;[0m &amp#27;[90m{"implicit":20000}&amp#27;[39m
[debug] &amp#27;[38;5;32m[AndroidUiautomator2Driver@e47a (b74c386a)]&amp#27;[0m Calling AppiumDriver.timeouts() with args: [null,null,null,null,20000,"b74c386a-bd63-4a4d-b13a-d366382f07b7"]
[debug] &amp#27;[38;5;32m[AndroidUiautomator2Driver@e47a (b74c386a)]&amp#27;[0m W3C timeout argument: {"implicit":20000}}
[debug] &amp#27;[38;5;32m[AndroidUiautomator2Driver@e47a (b74c386a)]&amp#27;[0m Set implicit wait to 20000ms
[debug] &amp#27;[38;5;32m[AndroidUiautomator2Driver@e47a (b74c386a)]&amp#27;[0m Responding to client with driver.timeouts() result: null
&amp#27;[38;5;0m[HTTP]&amp#27;[0m &amp#27;[37m<-- POST /session/b74c386a-bd63-4a4d-b13a-d366382f07b7/timeouts &amp#27;[39m&amp#27;[32m200&amp#27;[39m &amp#27;[90m1 ms - 14&amp#27;[39m
&amp#27;[38;5;0m[HTTP]&amp#27;[0m &amp#27;[90m&amp#27;[39m
&amp#27;[38;5;0m[HTTP]&amp#27;[0m &amp#27;[37m-->&amp#27;[39m &amp#27;[37mPOST&amp#27;[39m &amp#27;[37m/session/b74c386a-bd63-4a4d-b13a-d366382f07b7/element&amp#27;[39m
&amp#27;[38;5;0m[HTTP]&amp#27;[0m &amp#27;[90m{"using":"xpath","value":"//android.widget.EditText[@index=3]"}&amp#27;[39m
[debug] &amp#27;[38;5;32m[AndroidUiautomator2Driver@e47a (b74c386a)]&amp#27;[0m Calling AppiumDriver.findElement() with args: ["xpath","//android.widget.EditText[@index=3]","b74c386a-bd63-4a4d-b13a-d366382f07b7"]
[debug] &amp#27;[38;5;32m[AndroidUiautomator2Driver@e47a (b74c386a)]&amp#27;[0m Valid locator strategies for this request: xpath, id, class name, accessibility id, css selector, -android uiautomator
[debug] &amp#27;[38;5;32m[AndroidUiautomator2Driver@e47a (b74c386a)]&amp#27;[0m Waiting up to 20000 ms for condition
[debug] &amp#27;[38;5;32m[AndroidUiautomator2Driver@e47a (b74c386a)]&amp#27;[0m Matched '/element' to command name 'findElement'
[debug] &amp#27;[38;5;32m[AndroidUiautomator2Driver@e47a (b74c386a)]&amp#27;[0m Proxying [POST /element] to [POST http://127.0.0.1:8200/session/020492dc-88c2-4959-aa86-06e06cf23537/element] with body: {"strategy":"xpath","selector":"//android.widget.EditText[@index=3]","context":"","multiple":false}
[debug] &amp#27;[38;5;32m[AndroidUiautomator2Driver@e47a (b74c386a)]&amp#27;[0m Got response with status 200: {"sessionId":"020492dc-88c2-4959-aa86-06e06cf23537","value":{"ELEMENT":"00000000-0000-0021-ffff-ffff00000046","element-6066-11e4-a52e-4f735466cecf":"00000000-0000-0021-ffff-ffff00000046"}}
[debug] &amp#27;[38;5;32m[AndroidUiautomator2Driver@e47a (b74c386a)]&amp#27;[0m Responding to client with driver.findElement() result: {"element-6066-11e4-a52e-4f735466cecf":"00000000-0000-0021-ffff-ffff00000046","ELEMENT":"00000000-0000-0021-ffff-ffff00000046"}
&amp#27;[38;5;0m[HTTP]&amp#27;[0m &amp#27;[37m<-- POST /session/b74c386a-bd63-4a4d-b13a-d366382f07b7/element &amp#27;[39m&amp#27;[32m200&amp#27;[39m &amp#27;[90m28 ms - 137&amp#27;[39m
&amp#27;[38;5;0m[HTTP]&amp#27;[0m &amp#27;[90m&amp#27;[39m
&amp#27;[38;5;0m[HTTP]&amp#27;[0m &amp#27;[37m-->&amp#27;[39m &amp#27;[37mPOST&amp#27;[39m &amp#27;[37m/session/b74c386a-bd63-4a4d-b13a-d366382f07b7/element/00000000-0000-0021-ffff-ffff00000046/clear&amp#27;[39m
&amp#27;[38;5;0m[HTTP]&amp#27;[0m &amp#27;[90m{"id":"00000000-0000-0021-ffff-ffff00000046"}&amp#27;[39m
[debug] &amp#27;[38;5;32m[AndroidUiautomator2Driver@e47a (b74c386a)]&amp#27;[0m Calling AppiumDriver.clear() with args: ["00000000-0000-0021-ffff-ffff00000046","b74c386a-bd63-4a4d-b13a-d366382f07b7"]
[debug] &amp#27;[38;5;32m[AndroidUiautomator2Driver@e47a (b74c386a)]&amp#27;[0m Matched '/element/00000000-0000-0021-ffff-ffff00000046/clear' to command name 'clear'
[debug] &amp#27;[38;5;32m[AndroidUiautomator2Driver@e47a (b74c386a)]&amp#27;[0m Proxying [POST /element/00000000-0000-0021-ffff-ffff00000046/clear] to [POST http://127.0.0.1:8200/session/020492dc-88c2-4959-aa86-06e06cf23537/element/00000000-0000-0021-ffff-ffff00000046/clear] with body: {"elementId":"00000000-0000-0021-ffff-ffff00000046"}
[debug] &amp#27;[38;5;32m[AndroidUiautomator2Driver@e47a (b74c386a)]&amp#27;[0m Got response with status 200: {"sessionId":"020492dc-88c2-4959-aa86-06e06cf23537","value":null}
[debug] &amp#27;[38;5;32m[AndroidUiautomator2Driver@e47a (b74c386a)]&amp#27;[0m Responding to client with driver.clear() result: null
&amp#27;[38;5;0m[HTTP]&amp#27;[0m &amp#27;[37m<-- POST /session/b74c386a-bd63-4a4d-b13a-d366382f07b7/element/00000000-0000-0021-ffff-ffff00000046/clear &amp#27;[39m&amp#27;[32m200&amp#27;[39m &amp#27;[90m11 ms - 14&amp#27;[39m
&amp#27;[38;5;0m[HTTP]&amp#27;[0m &amp#27;[90m&amp#27;[39m
&amp#27;[38;5;0m[HTTP]&amp#27;[0m &amp#27;[37m-->&amp#27;[39m &amp#27;[37mPOST&amp#27;[39m &amp#27;[37m/session/b74c386a-bd63-4a4d-b13a-d366382f07b7/element&amp#27;[39m
&amp#27;[38;5;0m[HTTP]&amp#27;[0m &amp#27;[90m{"using":"xpath","value":"//android.widget.EditText[@index=6]"}&amp#27;[39m
[debug] &amp#27;[38;5;32m[AndroidUiautomator2Driver@e47a (b74c386a)]&amp#27;[0m Calling AppiumDriver.findElement() with args: ["xpath","//android.widget.EditText[@index=6]","b74c386a-bd63-4a4d-b13a-d366382f07b7"]
[debug] &amp#27;[38;5;32m[AndroidUiautomator2Driver@e47a (b74c386a)]&amp#27;[0m Valid locator strategies for this request: xpath, id, class name, accessibility id, css selector, -android uiautomator
[debug] &amp#27;[38;5;32m[AndroidUiautomator2Driver@e47a (b74c386a)]&amp#27;[0m Waiting up to 20000 ms for condition
[debug] &amp#27;[38;5;32m[AndroidUiautomator2Driver@e47a (b74c386a)]&amp#27;[0m Matched '/element' to command name 'findElement'
[debug] &amp#27;[38;5;32m[AndroidUiautomator2Driver@e47a (b74c386a)]&amp#27;[0m Proxying [POST /element] to [POST http://127.0.0.1:8200/session/020492dc-88c2-4959-aa86-06e06cf23537/element] with body: {"strategy":"xpath","selector":"//android.widget.EditText[@index=6]","context":"","multiple":false}
[debug] &amp#27;[38;5;32m[AndroidUiautomator2Driver@e47a (b74c386a)]&amp#27;[0m Got response with status 200: {"sessionId":"020492dc-88c2-4959-aa86-06e06cf23537","value":{"ELEMENT":"00000000-0000-0021-ffff-ffff00000049","element-6066-11e4-a52e-4f735466cecf":"00000000-0000-0021-ffff-ffff00000049"}}
[debug] &amp#27;[38;5;32m[AndroidUiautomator2Driver@e47a (b74c386a)]&amp#27;[0m Responding to client with driver.findElement() result: {"element-6066-11e4-a52e-4f735466cecf":"00000000-0000-0021-ffff-ffff00000049","ELEMENT":"00000000-0000-0021-ffff-ffff00000049"}
&amp#27;[38;5;0m[HTTP]&amp#27;[0m &amp#27;[37m<-- POST /session/b74c386a-bd63-4a4d-b13a-d366382f07b7/element &amp#27;[39m&amp#27;[32m200&amp#27;[39m &amp#27;[90m29 ms - 137&amp#27;[39m
&amp#27;[38;5;0m[HTTP]&amp#27;[0m &amp#27;[90m&amp#27;[39m
&amp#27;[38;5;0m[HTTP]&amp#27;[0m &amp#27;[37m-->&amp#27;[39m &amp#27;[37mPOST&amp#27;[39m &amp#27;[37m/session/b74c386a-bd63-4a4d-b13a-d366382f07b7/element/00000000-0000-0021-ffff-ffff00000049/clear&amp#27;[39m
&amp#27;[38;5;0m[HTTP]&amp#27;[0m &amp#27;[90m{"id":"00000000-0000-0021-ffff-ffff00000049"}&amp#27;[39m
[debug] &amp#27;[38;5;32m[AndroidUiautomator2Driver@e47a (b74c386a)]&amp#27;[0m Calling AppiumDriver.clear() with args: ["00000000-0000-0021-ffff-ffff00000049","b74c386a-bd63-4a4d-b13a-d366382f07b7"]
[debug] &amp#27;[38;5;32m[AndroidUiautomator2Driver@e47a (b74c386a)]&amp#27;[0m Matched '/element/00000000-0000-0021-ffff-ffff00000049/clear' to command name 'clear'
[debug] &amp#27;[38;5;32m[AndroidUiautomator2Driver@e47a (b74c386a)]&amp#27;[0m Proxying [POST /element/00000000-0000-0021-ffff-ffff00000049/clear] to [POST http://127.0.0.1:8200/session/020492dc-88c2-4959-aa86-06e06cf23537/element/00000000-0000-0021-ffff-ffff00000049/clear] with body: {"elementId":"00000000-0000-0021-ffff-ffff00000049"}
[debug] &amp#27;[38;5;32m[AndroidUiautomator2Driver@e47a (b74c386a)]&amp#27;[0m Got response with status 200: {"sessionId":"020492dc-88c2-4959-aa86-06e06cf23537","value":null}
[debug] &amp#27;[38;5;32m[AndroidUiautomator2Driver@e47a (b74c386a)]&amp#27;[0m Responding to client with driver.clear() result: null
&amp#27;[38;5;0m[HTTP]&amp#27;[0m &amp#27;[37m<-- POST /session/b74c386a-bd63-4a4d-b13a-d366382f07b7/element/00000000-0000-0021-ffff-ffff00000049/clear &amp#27;[39m&amp#27;[32m200&amp#27;[39m &amp#27;[90m503 ms - 14&amp#27;[39m
&amp#27;[38;5;0m[HTTP]&amp#27;[0m &amp#27;[90m&amp#27;[39m
&amp#27;[38;5;0m[HTTP]&amp#27;[0m &amp#27;[37m-->&amp#27;[39m &amp#27;[37mPOST&amp#27;[39m &amp#27;[37m/session/b74c386a-bd63-4a4d-b13a-d366382f07b7/element&amp#27;[39m
&amp#27;[38;5;0m[HTTP]&amp#27;[0m &amp#27;[90m{"using":"xpath","value":"//android.widget.EditText[@index=3]"}&amp#27;[39m
[debug] &amp#27;[38;5;32m[AndroidUiautomator2Driver@e47a (b74c386a)]&amp#27;[0m Calling AppiumDriver.findElement() with args: ["xpath","//android.widget.EditText[@index=3]","b74c386a-bd63-4a4d-b13a-d366382f07b7"]
[debug] &amp#27;[38;5;32m[AndroidUiautomator2Driver@e47a (b74c386a)]&amp#27;[0m Valid locator strategies for this request: xpath, id, class name, accessibility id, css selector, -android uiautomator
[debug] &amp#27;[38;5;32m[AndroidUiautomator2Driver@e47a (b74c386a)]&amp#27;[0m Waiting up to 20000 ms for condition
[debug] &amp#27;[38;5;32m[AndroidUiautomator2Driver@e47a (b74c386a)]&amp#27;[0m Matched '/element' to command name 'findElement'
[debug] &amp#27;[38;5;32m[AndroidUiautomator2Driver@e47a (b74c386a)]&amp#27;[0m Proxying [POST /element] to [POST http://127.0.0.1:8200/session/020492dc-88c2-4959-aa86-06e06cf23537/element] with body: {"strategy":"xpath","selector":"//android.widget.EditText[@index=3]","context":"","multiple":false}
[debug] &amp#27;[38;5;32m[AndroidUiautomator2Driver@e47a (b74c386a)]&amp#27;[0m Got response with status 200: {"sessionId":"020492dc-88c2-4959-aa86-06e06cf23537","value":{"ELEMENT":"00000000-0000-0021-ffff-ffff00000046","element-6066-11e4-a52e-4f735466cecf":"00000000-0000-0021-ffff-ffff00000046"}}
[debug] &amp#27;[38;5;32m[AndroidUiautomator2Driver@e47a (b74c386a)]&amp#27;[0m Responding to client with driver.findElement() result: {"element-6066-11e4-a52e-4f735466cecf":"00000000-0000-0021-ffff-ffff00000046","ELEMENT":"00000000-0000-0021-ffff-ffff00000046"}
&amp#27;[38;5;0m[HTTP]&amp#27;[0m &amp#27;[37m<-- POST /session/b74c386a-bd63-4a4d-b13a-d366382f07b7/element &amp#27;[39m&amp#27;[32m200&amp#27;[39m &amp#27;[90m37 ms - 137&amp#27;[39m
&amp#27;[38;5;0m[HTTP]&amp#27;[0m &amp#27;[90m&amp#27;[39m
&amp#27;[38;5;0m[HTTP]&amp#27;[0m &amp#27;[37m-->&amp#27;[39m &amp#27;[37mPOST&amp#27;[39m &amp#27;[37m/session/b74c386a-bd63-4a4d-b13a-d366382f07b7/element/00000000-0000-0021-ffff-ffff00000046/value&amp#27;[39m
&amp#27;[38;5;0m[HTTP]&amp#27;[0m &amp#27;[90m{"id":"00000000-0000-0021-ffff-ffff00000046","text":"daniel@gmail","value":["d","a","n","i","e","l","@","g","m","a","i","l"]}&amp#27;[39m
[debug] &amp#27;[38;5;32m[AndroidUiautomator2Driver@e47a (b74c386a)]&amp#27;[0m Calling AppiumDriver.setValue() with args: [["d","a","n","i","e","l","@","g","m","a","i","l"],"00000000-0000-0021-ffff-ffff00000046","b74c386a-bd63-4a4d-b13a-d366382f07b7"]
[debug] &amp#27;[38;5;32m[AndroidUiautomator2Driver@e47a (b74c386a)]&amp#27;[0m Matched '/element/00000000-0000-0021-ffff-ffff00000046/value' to command name 'setValue'
[debug] &amp#27;[38;5;32m[AndroidUiautomator2Driver@e47a (b74c386a)]&amp#27;[0m Added 'value' property ["d","a","n","i","e","l","@","g","m","a","i","l"] to 'setValue' request body
[debug] &amp#27;[38;5;32m[AndroidUiautomator2Driver@e47a (b74c386a)]&amp#27;[0m Proxying [POST /element/00000000-0000-0021-ffff-ffff00000046/value] to [POST http://127.0.0.1:8200/session/020492dc-88c2-4959-aa86-06e06cf23537/element/00000000-0000-0021-ffff-ffff00000046/value] with body: {"elementId":"00000000-0000-0021-ffff-ffff00000046","text":"daniel@gmail","replace":false,"value":["d","a","n","i","e","l","@","g","m","a","i","l"]}
[debug] &amp#27;[38;5;32m[AndroidUiautomator2Driver@e47a (b74c386a)]&amp#27;[0m Got response with status 200: {"sessionId":"020492dc-88c2-4959-aa86-06e06cf23537","value":null}
[debug] &amp#27;[38;5;32m[AndroidUiautomator2Driver@e47a (b74c386a)]&amp#27;[0m Responding to client with driver.setValue() result: null
&amp#27;[38;5;0m[HTTP]&amp#27;[0m &amp#27;[37m<-- POST /session/b74c386a-bd63-4a4d-b13a-d366382f07b7/element/00000000-0000-0021-ffff-ffff00000046/value &amp#27;[39m&amp#27;[32m200&amp#27;[39m &amp#27;[90m570 ms - 14&amp#27;[39m
&amp#27;[38;5;0m[HTTP]&amp#27;[0m &amp#27;[90m&amp#27;[39m
&amp#27;[38;5;0m[HTTP]&amp#27;[0m &amp#27;[37m-->&amp#27;[39m &amp#27;[37mPOST&amp#27;[39m &amp#27;[37m/session/b74c386a-bd63-4a4d-b13a-d366382f07b7/element&amp#27;[39m
&amp#27;[38;5;0m[HTTP]&amp#27;[0m &amp#27;[90m{"using":"xpath","value":"//android.widget.EditText[@index=6]"}&amp#27;[39m
[debug] &amp#27;[38;5;32m[AndroidUiautomator2Driver@e47a (b74c386a)]&amp#27;[0m Calling AppiumDriver.findElement() with args: ["xpath","//android.widget.EditText[@index=6]","b74c386a-bd63-4a4d-b13a-d366382f07b7"]
[debug] &amp#27;[38;5;32m[AndroidUiautomator2Driver@e47a (b74c386a)]&amp#27;[0m Valid locator strategies for this request: xpath, id, class name, accessibility id, css selector, -android uiautomator
[debug] &amp#27;[38;5;32m[AndroidUiautomator2Driver@e47a (b74c386a)]&amp#27;[0m Waiting up to 20000 ms for condition
[debug] &amp#27;[38;5;32m[AndroidUiautomator2Driver@e47a (b74c386a)]&amp#27;[0m Matched '/element' to command name 'findElement'
[debug] &amp#27;[38;5;32m[AndroidUiautomator2Driver@e47a (b74c386a)]&amp#27;[0m Proxying [POST /element] to [POST http://127.0.0.1:8200/session/020492dc-88c2-4959-aa86-06e06cf23537/element] with body: {"strategy":"xpath","selector":"//android.widget.EditText[@index=6]","context":"","multiple":false}
[debug] &amp#27;[38;5;32m[AndroidUiautomator2Driver@e47a (b74c386a)]&amp#27;[0m Got response with status 200: {"sessionId":"020492dc-88c2-4959-aa86-06e06cf23537","value":{"ELEMENT":"00000000-0000-0021-ffff-ffff00000049","element-6066-11e4-a52e-4f735466cecf":"00000000-0000-0021-ffff-ffff00000049"}}
[debug] &amp#27;[38;5;32m[AndroidUiautomator2Driver@e47a (b74c386a)]&amp#27;[0m Responding to client with driver.findElement() result: {"element-6066-11e4-a52e-4f735466cecf":"00000000-0000-0021-ffff-ffff00000049","ELEMENT":"00000000-0000-0021-ffff-ffff00000049"}
&amp#27;[38;5;0m[HTTP]&amp#27;[0m &amp#27;[37m<-- POST /session/b74c386a-bd63-4a4d-b13a-d366382f07b7/element &amp#27;[39m&amp#27;[32m200&amp#27;[39m &amp#27;[90m513 ms - 137&amp#27;[39m
&amp#27;[38;5;0m[HTTP]&amp#27;[0m &amp#27;[90m&amp#27;[39m
&amp#27;[38;5;0m[HTTP]&amp#27;[0m &amp#27;[37m-->&amp#27;[39m &amp#27;[37mPOST&amp#27;[39m &amp#27;[37m/session/b74c386a-bd63-4a4d-b13a-d366382f07b7/element/00000000-0000-0021-ffff-ffff00000049/value&amp#27;[39m
&amp#27;[38;5;0m[HTTP]&amp#27;[0m &amp#27;[90m{"id":"00000000-0000-0021-ffff-ffff00000049","text":"password","value":["p","a","s","s","w","o","r","d"]}&amp#27;[39m
[debug] &amp#27;[38;5;32m[AndroidUiautomator2Driver@e47a (b74c386a)]&amp#27;[0m Calling AppiumDriver.setValue() with args: [["p","a","s","s","w","o","r","d"],"00000000-0000-0021-ffff-ffff00000049","b74c386a-bd63-4a4d-b13a-d366382f07b7"]
[debug] &amp#27;[38;5;32m[AndroidUiautomator2Driver@e47a (b74c386a)]&amp#27;[0m Matched '/element/00000000-0000-0021-ffff-ffff00000049/value' to command name 'setValue'
[debug] &amp#27;[38;5;32m[AndroidUiautomator2Driver@e47a (b74c386a)]&amp#27;[0m Added 'value' property ["p","a","s","s","w","o","r","d"] to 'setValue' request body
[debug] &amp#27;[38;5;32m[AndroidUiautomator2Driver@e47a (b74c386a)]&amp#27;[0m Proxying [POST /element/00000000-0000-0021-ffff-ffff00000049/value] to [POST http://127.0.0.1:8200/session/020492dc-88c2-4959-aa86-06e06cf23537/element/00000000-0000-0021-ffff-ffff00000049/value] with body: {"elementId":"00000000-0000-0021-ffff-ffff00000049","text":"password","replace":false,"value":["p","a","s","s","w","o","r","d"]}
[debug] &amp#27;[38;5;32m[AndroidUiautomator2Driver@e47a (b74c386a)]&amp#27;[0m Got response with status 200: {"sessionId":"020492dc-88c2-4959-aa86-06e06cf23537","value":null}
[debug] &amp#27;[38;5;32m[AndroidUiautomator2Driver@e47a (b74c386a)]&amp#27;[0m Responding to client with driver.setValue() result: null
&amp#27;[38;5;0m[HTTP]&amp#27;[0m &amp#27;[37m<-- POST /session/b74c386a-bd63-4a4d-b13a-d366382f07b7/element/00000000-0000-0021-ffff-ffff00000049/value &amp#27;[39m&amp#27;[32m200&amp#27;[39m &amp#27;[90m11 ms - 14&amp#27;[39m
&amp#27;[38;5;0m[HTTP]&amp#27;[0m &amp#27;[90m&amp#27;[39m
&amp#27;[38;5;0m[HTTP]&amp#27;[0m &amp#27;[37m-->&amp#27;[39m &amp#27;[37mPOST&amp#27;[39m &amp#27;[37m/session/b74c386a-bd63-4a4d-b13a-d366382f07b7/element&amp#27;[39m
&amp#27;[38;5;0m[HTTP]&amp#27;[0m &amp#27;[90m{"using":"xpath","value":"//android.widget.TextView[@text='LOGIN']"}&amp#27;[39m
[debug] &amp#27;[38;5;32m[AndroidUiautomator2Driver@e47a (b74c386a)]&amp#27;[0m Calling AppiumDriver.findElement() with args: ["xpath","//android.widget.TextView[@text='LOGIN']","b74c386a-bd63-4a4d-b13a-d366382f07b7"]
[debug] &amp#27;[38;5;32m[AndroidUiautomator2Driver@e47a (b74c386a)]&amp#27;[0m Valid locator strategies for this request: xpath, id, class name, accessibility id, css selector, -android uiautomator
[debug] &amp#27;[38;5;32m[AndroidUiautomator2Driver@e47a (b74c386a)]&amp#27;[0m Waiting up to 20000 ms for condition
[debug] &amp#27;[38;5;32m[AndroidUiautomator2Driver@e47a (b74c386a)]&amp#27;[0m Matched '/element' to command name 'findElement'
[debug] &amp#27;[38;5;32m[AndroidUiautomator2Driver@e47a (b74c386a)]&amp#27;[0m Proxying [POST /element] to [POST http://127.0.0.1:8200/session/020492dc-88c2-4959-aa86-06e06cf23537/element] with body: {"strategy":"xpath","selector":"//android.widget.TextView[@text='LOGIN']","context":"","multiple":false}
[debug] &amp#27;[38;5;32m[AndroidUiautomator2Driver@e47a (b74c386a)]&amp#27;[0m Got response with status 200: {"sessionId":"020492dc-88c2-4959-aa86-06e06cf23537","value":{"ELEMENT":"00000000-0000-0021-ffff-ffff00000085","element-6066-11e4-a52e-4f735466cecf":"00000000-0000-0021-ffff-ffff00000085"}}
[debug] &amp#27;[38;5;32m[AndroidUiautomator2Driver@e47a (b74c386a)]&amp#27;[0m Responding to client with driver.findElement() result: {"element-6066-11e4-a52e-4f735466cecf":"00000000-0000-0021-ffff-ffff00000085","ELEMENT":"00000000-0000-0021-ffff-ffff00000085"}
&amp#27;[38;5;0m[HTTP]&amp#27;[0m &amp#27;[37m<-- POST /session/b74c386a-bd63-4a4d-b13a-d366382f07b7/element &amp#27;[39m&amp#27;[32m200&amp#27;[39m &amp#27;[90m626 ms - 137&amp#27;[39m
&amp#27;[38;5;0m[HTTP]&amp#27;[0m &amp#27;[90m&amp#27;[39m
&amp#27;[38;5;0m[HTTP]&amp#27;[0m &amp#27;[37m-->&amp#27;[39m &amp#27;[37mPOST&amp#27;[39m &amp#27;[37m/session/b74c386a-bd63-4a4d-b13a-d366382f07b7/element/00000000-0000-0021-ffff-ffff00000085/click&amp#27;[39m
&amp#27;[38;5;0m[HTTP]&amp#27;[0m &amp#27;[90m{"id":"00000000-0000-0021-ffff-ffff00000085"}&amp#27;[39m
[debug] &amp#27;[38;5;32m[AndroidUiautomator2Driver@e47a (b74c386a)]&amp#27;[0m Calling AppiumDriver.click() with args: ["00000000-0000-0021-ffff-ffff00000085","b74c386a-bd63-4a4d-b13a-d366382f07b7"]
[debug] &amp#27;[38;5;32m[AndroidUiautomator2Driver@e47a (b74c386a)]&amp#27;[0m Matched '/element/00000000-0000-0021-ffff-ffff00000085/click' to command name 'click'
[debug] &amp#27;[38;5;32m[AndroidUiautomator2Driver@e47a (b74c386a)]&amp#27;[0m Proxying [POST /element/00000000-0000-0021-ffff-ffff00000085/click] to [POST http://127.0.0.1:8200/session/020492dc-88c2-4959-aa86-06e06cf23537/element/00000000-0000-0021-ffff-ffff00000085/click] with body: {"element":"00000000-0000-0021-ffff-ffff00000085"}
[debug] &amp#27;[38;5;32m[AndroidUiautomator2Driver@e47a (b74c386a)]&amp#27;[0m Got response with status 200: {"sessionId":"020492dc-88c2-4959-aa86-06e06cf23537","value":null}
[debug] &amp#27;[38;5;32m[AndroidUiautomator2Driver@e47a (b74c386a)]&amp#27;[0m Responding to client with driver.click() result: null
&amp#27;[38;5;0m[HTTP]&amp#27;[0m &amp#27;[37m<-- POST /session/b74c386a-bd63-4a4d-b13a-d366382f07b7/element/00000000-0000-0021-ffff-ffff00000085/click &amp#27;[39m&amp#27;[32m200&amp#27;[39m &amp#27;[90m57 ms - 14&amp#27;[39m
&amp#27;[38;5;0m[HTTP]&amp#27;[0m &amp#27;[90m&amp#27;[39m
&amp#27;[38;5;0m[HTTP]&amp#27;[0m &amp#27;[37m-->&amp#27;[39m &amp#27;[37mPOST&amp#27;[39m &amp#27;[37m/session/b74c386a-bd63-4a4d-b13a-d366382f07b7/timeouts&amp#27;[39m
&amp#27;[38;5;0m[HTTP]&amp#27;[0m &amp#27;[90m{"implicit":20000}&amp#27;[39m
[debug] &amp#27;[38;5;32m[AndroidUiautomator2Driver@e47a (b74c386a)]&amp#27;[0m Calling AppiumDriver.timeouts() with args: [null,null,null,null,20000,"b74c386a-bd63-4a4d-b13a-d366382f07b7"]
[debug] &amp#27;[38;5;32m[AndroidUiautomator2Driver@e47a (b74c386a)]&amp#27;[0m W3C timeout argument: {"implicit":20000}}
[debug] &amp#27;[38;5;32m[AndroidUiautomator2Driver@e47a (b74c386a)]&amp#27;[0m Set implicit wait to 20000ms
[debug] &amp#27;[38;5;32m[AndroidUiautomator2Driver@e47a (b74c386a)]&amp#27;[0m Responding to client with driver.timeouts() result: null
&amp#27;[38;5;0m[HTTP]&amp#27;[0m &amp#27;[37m<-- POST /session/b74c386a-bd63-4a4d-b13a-d366382f07b7/timeouts &amp#27;[39m&amp#27;[32m200&amp#27;[39m &amp#27;[90m1 ms - 14&amp#27;[39m
&amp#27;[38;5;0m[HTTP]&amp#27;[0m &amp#27;[90m&amp#27;[39m
&amp#27;[38;5;0m[HTTP]&amp#27;[0m &amp#27;[37m-->&amp#27;[39m &amp#27;[37mPOST&amp#27;[39m &amp#27;[37m/session/b74c386a-bd63-4a4d-b13a-d366382f07b7/element&amp#27;[39m
&amp#27;[38;5;0m[HTTP]&amp#27;[0m &amp#27;[90m{"using":"xpath","value":"//android.widget.TextView[@index=4]"}&amp#27;[39m
[debug] &amp#27;[38;5;32m[AndroidUiautomator2Driver@e47a (b74c386a)]&amp#27;[0m Calling AppiumDriver.findElement() with args: ["xpath","//android.widget.TextView[@index=4]","b74c386a-bd63-4a4d-b13a-d366382f07b7"]
[debug] &amp#27;[38;5;32m[AndroidUiautomator2Driver@e47a (b74c386a)]&amp#27;[0m Valid locator strategies for this request: xpath, id, class name, accessibility id, css selector, -android uiautomator
[debug] &amp#27;[38;5;32m[AndroidUiautomator2Driver@e47a (b74c386a)]&amp#27;[0m Waiting up to 20000 ms for condition
[debug] &amp#27;[38;5;32m[AndroidUiautomator2Driver@e47a (b74c386a)]&amp#27;[0m Matched '/element' to command name 'findElement'
[debug] &amp#27;[38;5;32m[AndroidUiautomator2Driver@e47a (b74c386a)]&amp#27;[0m Proxying [POST /element] to [POST http://127.0.0.1:8200/session/020492dc-88c2-4959-aa86-06e06cf23537/element] with body: {"strategy":"xpath","selector":"//android.widget.TextView[@index=4]","context":"","multiple":false}
[debug] &amp#27;[38;5;32m[AndroidUiautomator2Driver@e47a (b74c386a)]&amp#27;[0m Got response with status 200: {"sessionId":"020492dc-88c2-4959-aa86-06e06cf23537","value":{"ELEMENT":"00000000-0000-0021-ffff-ffff00000047","element-6066-11e4-a52e-4f735466cecf":"00000000-0000-0021-ffff-ffff00000047"}}
[debug] &amp#27;[38;5;32m[AndroidUiautomator2Driver@e47a (b74c386a)]&amp#27;[0m Responding to client with driver.findElement() result: {"element-6066-11e4-a52e-4f735466cecf":"00000000-0000-0021-ffff-ffff00000047","ELEMENT":"00000000-0000-0021-ffff-ffff00000047"}
&amp#27;[38;5;0m[HTTP]&amp#27;[0m &amp#27;[37m<-- POST /session/b74c386a-bd63-4a4d-b13a-d366382f07b7/element &amp#27;[39m&amp#27;[32m200&amp#27;[39m &amp#27;[90m623 ms - 137&amp#27;[39m
&amp#27;[38;5;0m[HTTP]&amp#27;[0m &amp#27;[90m&amp#27;[39m
&amp#27;[38;5;0m[HTTP]&amp#27;[0m &amp#27;[37m-->&amp#27;[39m &amp#27;[37mGET&amp#27;[39m &amp#27;[37m/session/b74c386a-bd63-4a4d-b13a-d366382f07b7/element/00000000-0000-0021-ffff-ffff00000047/text&amp#27;[39m
&amp#27;[38;5;0m[HTTP]&amp#27;[0m &amp#27;[90m{}&amp#27;[39m
&amp#27;[38;5;32m[AndroidUiautomator2Driver@e47a (b74c386a)]&amp#27;[0m Driver proxy active, passing request on via HTTP proxy
[debug] &amp#27;[38;5;32m[AndroidUiautomator2Driver@e47a (b74c386a)]&amp#27;[0m Matched '/session/b74c386a-bd63-4a4d-b13a-d366382f07b7/element/00000000-0000-0021-ffff-ffff00000047/text' to command name 'getText'
[debug] &amp#27;[38;5;32m[AndroidUiautomator2Driver@e47a (b74c386a)]&amp#27;[0m Proxying [GET /session/b74c386a-bd63-4a4d-b13a-d366382f07b7/element/00000000-0000-0021-ffff-ffff00000047/text] to [GET http://127.0.0.1:8200/session/020492dc-88c2-4959-aa86-06e06cf23537/element/00000000-0000-0021-ffff-ffff00000047/text] with no body
[debug] &amp#27;[38;5;32m[AndroidUiautomator2Driver@e47a (b74c386a)]&amp#27;[0m Got response with status 200: {"sessionId":"020492dc-88c2-4959-aa86-06e06cf23537","value":"Please enter a valid email"}
&amp#27;[38;5;32m[AndroidUiautomator2Driver@e47a (b74c386a)]&amp#27;[0m Replacing sessionId 020492dc-88c2-4959-aa86-06e06cf23537 with b74c386a-bd63-4a4d-b13a-d366382f07b7
&amp#27;[38;5;0m[HTTP]&amp#27;[0m &amp#27;[37m<-- GET /session/b74c386a-bd63-4a4d-b13a-d366382f07b7/element/00000000-0000-0021-ffff-ffff00000047/text &amp#27;[39m&amp#27;[32m200&amp#27;[39m &amp#27;[90m8 ms - 89&amp#27;[39m
&amp#27;[38;5;0m[HTTP]&amp#27;[0m &amp#27;[90m&amp#27;[39m
]]></system-out>
  </testcase>
  <testcase name="Testcase_Eight" classname="testcases.Android.LoginTestCase" time="24.754">
    <system-out><![CDATA[&amp#27;[38;5;0m[HTTP]&amp#27;[0m &amp#27;[37m-->&amp#27;[39m &amp#27;[37mPOST&amp#27;[39m &amp#27;[37m/session/b74c386a-bd63-4a4d-b13a-d366382f07b7/timeouts&amp#27;[39m
&amp#27;[38;5;0m[HTTP]&amp#27;[0m &amp#27;[90m{"implicit":20000}&amp#27;[39m
[debug] &amp#27;[38;5;32m[AndroidUiautomator2Driver@e47a (b74c386a)]&amp#27;[0m Calling AppiumDriver.timeouts() with args: [null,null,null,null,20000,"b74c386a-bd63-4a4d-b13a-d366382f07b7"]
[debug] &amp#27;[38;5;32m[AndroidUiautomator2Driver@e47a (b74c386a)]&amp#27;[0m W3C timeout argument: {"implicit":20000}}
[debug] &amp#27;[38;5;32m[AndroidUiautomator2Driver@e47a (b74c386a)]&amp#27;[0m Set implicit wait to 20000ms
[debug] &amp#27;[38;5;32m[AndroidUiautomator2Driver@e47a (b74c386a)]&amp#27;[0m Responding to client with driver.timeouts() result: null
&amp#27;[38;5;0m[HTTP]&amp#27;[0m &amp#27;[37m<-- POST /session/b74c386a-bd63-4a4d-b13a-d366382f07b7/timeouts &amp#27;[39m&amp#27;[32m200&amp#27;[39m &amp#27;[90m1 ms - 14&amp#27;[39m
&amp#27;[38;5;0m[HTTP]&amp#27;[0m &amp#27;[90m&amp#27;[39m
&amp#27;[38;5;0m[HTTP]&amp#27;[0m &amp#27;[37m-->&amp#27;[39m &amp#27;[37mPOST&amp#27;[39m &amp#27;[37m/session/b74c386a-bd63-4a4d-b13a-d366382f07b7/element&amp#27;[39m
&amp#27;[38;5;0m[HTTP]&amp#27;[0m &amp#27;[90m{"using":"xpath","value":"//android.widget.EditText[@index=3]"}&amp#27;[39m
[debug] &amp#27;[38;5;32m[AndroidUiautomator2Driver@e47a (b74c386a)]&amp#27;[0m Calling AppiumDriver.findElement() with args: ["xpath","//android.widget.EditText[@index=3]","b74c386a-bd63-4a4d-b13a-d366382f07b7"]
[debug] &amp#27;[38;5;32m[AndroidUiautomator2Driver@e47a (b74c386a)]&amp#27;[0m Valid locator strategies for this request: xpath, id, class name, accessibility id, css selector, -android uiautomator
[debug] &amp#27;[38;5;32m[AndroidUiautomator2Driver@e47a (b74c386a)]&amp#27;[0m Waiting up to 20000 ms for condition
[debug] &amp#27;[38;5;32m[AndroidUiautomator2Driver@e47a (b74c386a)]&amp#27;[0m Matched '/element' to command name 'findElement'
[debug] &amp#27;[38;5;32m[AndroidUiautomator2Driver@e47a (b74c386a)]&amp#27;[0m Proxying [POST /element] to [POST http://127.0.0.1:8200/session/020492dc-88c2-4959-aa86-06e06cf23537/element] with body: {"strategy":"xpath","selector":"//android.widget.EditText[@index=3]","context":"","multiple":false}
[debug] &amp#27;[38;5;32m[AndroidUiautomator2Driver@e47a (b74c386a)]&amp#27;[0m Got response with status 200: {"sessionId":"020492dc-88c2-4959-aa86-06e06cf23537","value":{"ELEMENT":"00000000-0000-0021-ffff-ffff00000046","element-6066-11e4-a52e-4f735466cecf":"00000000-0000-0021-ffff-ffff00000046"}}
[debug] &amp#27;[38;5;32m[AndroidUiautomator2Driver@e47a (b74c386a)]&amp#27;[0m Responding to client with driver.findElement() result: {"element-6066-11e4-a52e-4f735466cecf":"00000000-0000-0021-ffff-ffff00000046","ELEMENT":"00000000-0000-0021-ffff-ffff00000046"}
&amp#27;[38;5;0m[HTTP]&amp#27;[0m &amp#27;[37m<-- POST /session/b74c386a-bd63-4a4d-b13a-d366382f07b7/element &amp#27;[39m&amp#27;[32m200&amp#27;[39m &amp#27;[90m28 ms - 137&amp#27;[39m
&amp#27;[38;5;0m[HTTP]&amp#27;[0m &amp#27;[90m&amp#27;[39m
&amp#27;[38;5;0m[HTTP]&amp#27;[0m &amp#27;[37m-->&amp#27;[39m &amp#27;[37mPOST&amp#27;[39m &amp#27;[37m/session/b74c386a-bd63-4a4d-b13a-d366382f07b7/element/00000000-0000-0021-ffff-ffff00000046/clear&amp#27;[39m
&amp#27;[38;5;0m[HTTP]&amp#27;[0m &amp#27;[90m{"id":"00000000-0000-0021-ffff-ffff00000046"}&amp#27;[39m
[debug] &amp#27;[38;5;32m[AndroidUiautomator2Driver@e47a (b74c386a)]&amp#27;[0m Calling AppiumDriver.clear() with args: ["00000000-0000-0021-ffff-ffff00000046","b74c386a-bd63-4a4d-b13a-d366382f07b7"]
[debug] &amp#27;[38;5;32m[AndroidUiautomator2Driver@e47a (b74c386a)]&amp#27;[0m Matched '/element/00000000-0000-0021-ffff-ffff00000046/clear' to command name 'clear'
[debug] &amp#27;[38;5;32m[AndroidUiautomator2Driver@e47a (b74c386a)]&amp#27;[0m Proxying [POST /element/00000000-0000-0021-ffff-ffff00000046/clear] to [POST http://127.0.0.1:8200/session/020492dc-88c2-4959-aa86-06e06cf23537/element/00000000-0000-0021-ffff-ffff00000046/clear] with body: {"elementId":"00000000-0000-0021-ffff-ffff00000046"}
[debug] &amp#27;[38;5;32m[AndroidUiautomator2Driver@e47a (b74c386a)]&amp#27;[0m Got response with status 200: {"sessionId":"020492dc-88c2-4959-aa86-06e06cf23537","value":null}
[debug] &amp#27;[38;5;32m[AndroidUiautomator2Driver@e47a (b74c386a)]&amp#27;[0m Responding to client with driver.clear() result: null
&amp#27;[38;5;0m[HTTP]&amp#27;[0m &amp#27;[37m<-- POST /session/b74c386a-bd63-4a4d-b13a-d366382f07b7/element/00000000-0000-0021-ffff-ffff00000046/clear &amp#27;[39m&amp#27;[32m200&amp#27;[39m &amp#27;[90m12 ms - 14&amp#27;[39m
&amp#27;[38;5;0m[HTTP]&amp#27;[0m &amp#27;[90m&amp#27;[39m
&amp#27;[38;5;0m[HTTP]&amp#27;[0m &amp#27;[37m-->&amp#27;[39m &amp#27;[37mPOST&amp#27;[39m &amp#27;[37m/session/b74c386a-bd63-4a4d-b13a-d366382f07b7/element&amp#27;[39m
&amp#27;[38;5;0m[HTTP]&amp#27;[0m &amp#27;[90m{"using":"xpath","value":"//android.widget.EditText[@index=6]"}&amp#27;[39m
[debug] &amp#27;[38;5;32m[AndroidUiautomator2Driver@e47a (b74c386a)]&amp#27;[0m Calling AppiumDriver.findElement() with args: ["xpath","//android.widget.EditText[@index=6]","b74c386a-bd63-4a4d-b13a-d366382f07b7"]
[debug] &amp#27;[38;5;32m[AndroidUiautomator2Driver@e47a (b74c386a)]&amp#27;[0m Valid locator strategies for this request: xpath, id, class name, accessibility id, css selector, -android uiautomator
[debug] &amp#27;[38;5;32m[AndroidUiautomator2Driver@e47a (b74c386a)]&amp#27;[0m Waiting up to 20000 ms for condition
[debug] &amp#27;[38;5;32m[AndroidUiautomator2Driver@e47a (b74c386a)]&amp#27;[0m Matched '/element' to command name 'findElement'
[debug] &amp#27;[38;5;32m[AndroidUiautomator2Driver@e47a (b74c386a)]&amp#27;[0m Proxying [POST /element] to [POST http://127.0.0.1:8200/session/020492dc-88c2-4959-aa86-06e06cf23537/element] with body: {"strategy":"xpath","selector":"//android.widget.EditText[@index=6]","context":"","multiple":false}
[debug] &amp#27;[38;5;32m[AndroidUiautomator2Driver@e47a (b74c386a)]&amp#27;[0m Got response with status 200: {"sessionId":"020492dc-88c2-4959-aa86-06e06cf23537","value":{"ELEMENT":"00000000-0000-0021-ffff-ffff00000049","element-6066-11e4-a52e-4f735466cecf":"00000000-0000-0021-ffff-ffff00000049"}}
[debug] &amp#27;[38;5;32m[AndroidUiautomator2Driver@e47a (b74c386a)]&amp#27;[0m Responding to client with driver.findElement() result: {"element-6066-11e4-a52e-4f735466cecf":"00000000-0000-0021-ffff-ffff00000049","ELEMENT":"00000000-0000-0021-ffff-ffff00000049"}
&amp#27;[38;5;0m[HTTP]&amp#27;[0m &amp#27;[37m<-- POST /session/b74c386a-bd63-4a4d-b13a-d366382f07b7/element &amp#27;[39m&amp#27;[32m200&amp#27;[39m &amp#27;[90m27 ms - 137&amp#27;[39m
&amp#27;[38;5;0m[HTTP]&amp#27;[0m &amp#27;[90m&amp#27;[39m
&amp#27;[38;5;0m[HTTP]&amp#27;[0m &amp#27;[37m-->&amp#27;[39m &amp#27;[37mPOST&amp#27;[39m &amp#27;[37m/session/b74c386a-bd63-4a4d-b13a-d366382f07b7/element/00000000-0000-0021-ffff-ffff00000049/clear&amp#27;[39m
&amp#27;[38;5;0m[HTTP]&amp#27;[0m &amp#27;[90m{"id":"00000000-0000-0021-ffff-ffff00000049"}&amp#27;[39m
[debug] &amp#27;[38;5;32m[AndroidUiautomator2Driver@e47a (b74c386a)]&amp#27;[0m Calling AppiumDriver.clear() with args: ["00000000-0000-0021-ffff-ffff00000049","b74c386a-bd63-4a4d-b13a-d366382f07b7"]
[debug] &amp#27;[38;5;32m[AndroidUiautomator2Driver@e47a (b74c386a)]&amp#27;[0m Matched '/element/00000000-0000-0021-ffff-ffff00000049/clear' to command name 'clear'
[debug] &amp#27;[38;5;32m[AndroidUiautomator2Driver@e47a (b74c386a)]&amp#27;[0m Proxying [POST /element/00000000-0000-0021-ffff-ffff00000049/clear] to [POST http://127.0.0.1:8200/session/020492dc-88c2-4959-aa86-06e06cf23537/element/00000000-0000-0021-ffff-ffff00000049/clear] with body: {"elementId":"00000000-0000-0021-ffff-ffff00000049"}
[debug] &amp#27;[38;5;32m[AndroidUiautomator2Driver@e47a (b74c386a)]&amp#27;[0m Got response with status 200: {"sessionId":"020492dc-88c2-4959-aa86-06e06cf23537","value":null}
[debug] &amp#27;[38;5;32m[AndroidUiautomator2Driver@e47a (b74c386a)]&amp#27;[0m Responding to client with driver.clear() result: null
&amp#27;[38;5;0m[HTTP]&amp#27;[0m &amp#27;[37m<-- POST /session/b74c386a-bd63-4a4d-b13a-d366382f07b7/element/00000000-0000-0021-ffff-ffff00000049/clear &amp#27;[39m&amp#27;[32m200&amp#27;[39m &amp#27;[90m576 ms - 14&amp#27;[39m
&amp#27;[38;5;0m[HTTP]&amp#27;[0m &amp#27;[90m&amp#27;[39m
&amp#27;[38;5;0m[HTTP]&amp#27;[0m &amp#27;[37m-->&amp#27;[39m &amp#27;[37mPOST&amp#27;[39m &amp#27;[37m/session/b74c386a-bd63-4a4d-b13a-d366382f07b7/element&amp#27;[39m
&amp#27;[38;5;0m[HTTP]&amp#27;[0m &amp#27;[90m{"using":"xpath","value":"//android.widget.EditText[@index=3]"}&amp#27;[39m
[debug] &amp#27;[38;5;32m[AndroidUiautomator2Driver@e47a (b74c386a)]&amp#27;[0m Calling AppiumDriver.findElement() with args: ["xpath","//android.widget.EditText[@index=3]","b74c386a-bd63-4a4d-b13a-d366382f07b7"]
[debug] &amp#27;[38;5;32m[AndroidUiautomator2Driver@e47a (b74c386a)]&amp#27;[0m Valid locator strategies for this request: xpath, id, class name, accessibility id, css selector, -android uiautomator
[debug] &amp#27;[38;5;32m[AndroidUiautomator2Driver@e47a (b74c386a)]&amp#27;[0m Waiting up to 20000 ms for condition
[debug] &amp#27;[38;5;32m[AndroidUiautomator2Driver@e47a (b74c386a)]&amp#27;[0m Matched '/element' to command name 'findElement'
[debug] &amp#27;[38;5;32m[AndroidUiautomator2Driver@e47a (b74c386a)]&amp#27;[0m Proxying [POST /element] to [POST http://127.0.0.1:8200/session/020492dc-88c2-4959-aa86-06e06cf23537/element] with body: {"strategy":"xpath","selector":"//android.widget.EditText[@index=3]","context":"","multiple":false}
[debug] &amp#27;[38;5;32m[AndroidUiautomator2Driver@e47a (b74c386a)]&amp#27;[0m Got response with status 200: {"sessionId":"020492dc-88c2-4959-aa86-06e06cf23537","value":{"ELEMENT":"00000000-0000-0021-ffff-ffff00000046","element-6066-11e4-a52e-4f735466cecf":"00000000-0000-0021-ffff-ffff00000046"}}
[debug] &amp#27;[38;5;32m[AndroidUiautomator2Driver@e47a (b74c386a)]&amp#27;[0m Responding to client with driver.findElement() result: {"element-6066-11e4-a52e-4f735466cecf":"00000000-0000-0021-ffff-ffff00000046","ELEMENT":"00000000-0000-0021-ffff-ffff00000046"}
&amp#27;[38;5;0m[HTTP]&amp#27;[0m &amp#27;[37m<-- POST /session/b74c386a-bd63-4a4d-b13a-d366382f07b7/element &amp#27;[39m&amp#27;[32m200&amp#27;[39m &amp#27;[90m626 ms - 137&amp#27;[39m
&amp#27;[38;5;0m[HTTP]&amp#27;[0m &amp#27;[90m&amp#27;[39m
&amp#27;[38;5;0m[HTTP]&amp#27;[0m &amp#27;[37m-->&amp#27;[39m &amp#27;[37mPOST&amp#27;[39m &amp#27;[37m/session/b74c386a-bd63-4a4d-b13a-d366382f07b7/element/00000000-0000-0021-ffff-ffff00000046/value&amp#27;[39m
&amp#27;[38;5;0m[HTTP]&amp#27;[0m &amp#27;[90m{"id":"00000000-0000-0021-ffff-ffff00000046","text":"danielogagavworia@gmail.com","value":["d","a","n","i","e","l","o","g","a","g","a","v","w","o","r","i","a","@","g","m","a","i","l",".","c","o","m"]}&amp#27;[39m
[debug] &amp#27;[38;5;32m[AndroidUiautomator2Driver@e47a (b74c386a)]&amp#27;[0m Calling AppiumDriver.setValue() with args: [["d","a","n","i","e","l","o","g","a","g","a","v","w","o","r","i","a","@","g","m","a","i","l",".","c","o","m"],"00000000-0000-0021-ffff-ffff00000046","b74c386a-bd63-4a4d-b13a-d366382f07b7"]
[debug] &amp#27;[38;5;32m[AndroidUiautomator2Driver@e47a (b74c386a)]&amp#27;[0m Matched '/element/00000000-0000-0021-ffff-ffff00000046/value' to command name 'setValue'
[debug] &amp#27;[38;5;32m[AndroidUiautomator2Driver@e47a (b74c386a)]&amp#27;[0m Added 'value' property ["d","a","n","i","e","l","o","g","a","g","a","v","w","o","r","i","a","@","g","m","a","i","l",".","c","o","m"] to 'setValue' request body
[debug] &amp#27;[38;5;32m[AndroidUiautomator2Driver@e47a (b74c386a)]&amp#27;[0m Proxying [POST /element/00000000-0000-0021-ffff-ffff00000046/value] to [POST http://127.0.0.1:8200/session/020492dc-88c2-4959-aa86-06e06cf23537/element/00000000-0000-0021-ffff-ffff00000046/value] with body: {"elementId":"00000000-0000-0021-ffff-ffff00000046","text":"danielogagavworia@gmail.com","replace":false,"value":["d","a","n","i","e","l","o","g","a","g","a","v","w","o","r","i","a","@","g","m","a","i","l",".","c","o","m"]}
[debug] &amp#27;[38;5;32m[AndroidUiautomator2Driver@e47a (b74c386a)]&amp#27;[0m Got response with status 200: {"sessionId":"020492dc-88c2-4959-aa86-06e06cf23537","value":null}
[debug] &amp#27;[38;5;32m[AndroidUiautomator2Driver@e47a (b74c386a)]&amp#27;[0m Responding to client with driver.setValue() result: null
&amp#27;[38;5;0m[HTTP]&amp#27;[0m &amp#27;[37m<-- POST /session/b74c386a-bd63-4a4d-b13a-d366382f07b7/element/00000000-0000-0021-ffff-ffff00000046/value &amp#27;[39m&amp#27;[32m200&amp#27;[39m &amp#27;[90m14 ms - 14&amp#27;[39m
&amp#27;[38;5;0m[HTTP]&amp#27;[0m &amp#27;[90m&amp#27;[39m
&amp#27;[38;5;0m[HTTP]&amp#27;[0m &amp#27;[37m-->&amp#27;[39m &amp#27;[37mPOST&amp#27;[39m &amp#27;[37m/session/b74c386a-bd63-4a4d-b13a-d366382f07b7/element&amp#27;[39m
&amp#27;[38;5;0m[HTTP]&amp#27;[0m &amp#27;[90m{"using":"xpath","value":"//android.widget.EditText[@index=6]"}&amp#27;[39m
[debug] &amp#27;[38;5;32m[AndroidUiautomator2Driver@e47a (b74c386a)]&amp#27;[0m Calling AppiumDriver.findElement() with args: ["xpath","//android.widget.EditText[@index=6]","b74c386a-bd63-4a4d-b13a-d366382f07b7"]
[debug] &amp#27;[38;5;32m[AndroidUiautomator2Driver@e47a (b74c386a)]&amp#27;[0m Valid locator strategies for this request: xpath, id, class name, accessibility id, css selector, -android uiautomator
[debug] &amp#27;[38;5;32m[AndroidUiautomator2Driver@e47a (b74c386a)]&amp#27;[0m Waiting up to 20000 ms for condition
[debug] &amp#27;[38;5;32m[AndroidUiautomator2Driver@e47a (b74c386a)]&amp#27;[0m Matched '/element' to command name 'findElement'
[debug] &amp#27;[38;5;32m[AndroidUiautomator2Driver@e47a (b74c386a)]&amp#27;[0m Proxying [POST /element] to [POST http://127.0.0.1:8200/session/020492dc-88c2-4959-aa86-06e06cf23537/element] with body: {"strategy":"xpath","selector":"//android.widget.EditText[@index=6]","context":"","multiple":false}
[debug] &amp#27;[38;5;32m[AndroidUiautomator2Driver@e47a (b74c386a)]&amp#27;[0m Got response with status 200: {"sessionId":"020492dc-88c2-4959-aa86-06e06cf23537","value":{"ELEMENT":"00000000-0000-0021-ffff-ffff00000049","element-6066-11e4-a52e-4f735466cecf":"00000000-0000-0021-ffff-ffff00000049"}}
[debug] &amp#27;[38;5;32m[AndroidUiautomator2Driver@e47a (b74c386a)]&amp#27;[0m Responding to client with driver.findElement() result: {"element-6066-11e4-a52e-4f735466cecf":"00000000-0000-0021-ffff-ffff00000049","ELEMENT":"00000000-0000-0021-ffff-ffff00000049"}
&amp#27;[38;5;0m[HTTP]&amp#27;[0m &amp#27;[37m<-- POST /session/b74c386a-bd63-4a4d-b13a-d366382f07b7/element &amp#27;[39m&amp#27;[32m200&amp#27;[39m &amp#27;[90m31 ms - 137&amp#27;[39m
&amp#27;[38;5;0m[HTTP]&amp#27;[0m &amp#27;[90m&amp#27;[39m
&amp#27;[38;5;0m[HTTP]&amp#27;[0m &amp#27;[37m-->&amp#27;[39m &amp#27;[37mPOST&amp#27;[39m &amp#27;[37m/session/b74c386a-bd63-4a4d-b13a-d366382f07b7/element/00000000-0000-0021-ffff-ffff00000049/value&amp#27;[39m
&amp#27;[38;5;0m[HTTP]&amp#27;[0m &amp#27;[90m{"id":"00000000-0000-0021-ffff-ffff00000049","text":"password","value":["p","a","s","s","w","o","r","d"]}&amp#27;[39m
[debug] &amp#27;[38;5;32m[AndroidUiautomator2Driver@e47a (b74c386a)]&amp#27;[0m Calling AppiumDriver.setValue() with args: [["p","a","s","s","w","o","r","d"],"00000000-0000-0021-ffff-ffff00000049","b74c386a-bd63-4a4d-b13a-d366382f07b7"]
[debug] &amp#27;[38;5;32m[AndroidUiautomator2Driver@e47a (b74c386a)]&amp#27;[0m Matched '/element/00000000-0000-0021-ffff-ffff00000049/value' to command name 'setValue'
[debug] &amp#27;[38;5;32m[AndroidUiautomator2Driver@e47a (b74c386a)]&amp#27;[0m Added 'value' property ["p","a","s","s","w","o","r","d"] to 'setValue' request body
[debug] &amp#27;[38;5;32m[AndroidUiautomator2Driver@e47a (b74c386a)]&amp#27;[0m Proxying [POST /element/00000000-0000-0021-ffff-ffff00000049/value] to [POST http://127.0.0.1:8200/session/020492dc-88c2-4959-aa86-06e06cf23537/element/00000000-0000-0021-ffff-ffff00000049/value] with body: {"elementId":"00000000-0000-0021-ffff-ffff00000049","text":"password","replace":false,"value":["p","a","s","s","w","o","r","d"]}
[debug] &amp#27;[38;5;32m[AndroidUiautomator2Driver@e47a (b74c386a)]&amp#27;[0m Got response with status 200: {"sessionId":"020492dc-88c2-4959-aa86-06e06cf23537","value":null}
[debug] &amp#27;[38;5;32m[AndroidUiautomator2Driver@e47a (b74c386a)]&amp#27;[0m Responding to client with driver.setValue() result: null
&amp#27;[38;5;0m[HTTP]&amp#27;[0m &amp#27;[37m<-- POST /session/b74c386a-bd63-4a4d-b13a-d366382f07b7/element/00000000-0000-0021-ffff-ffff00000049/value &amp#27;[39m&amp#27;[32m200&amp#27;[39m &amp#27;[90m479 ms - 14&amp#27;[39m
&amp#27;[38;5;0m[HTTP]&amp#27;[0m &amp#27;[90m&amp#27;[39m
&amp#27;[38;5;0m[HTTP]&amp#27;[0m &amp#27;[37m-->&amp#27;[39m &amp#27;[37mPOST&amp#27;[39m &amp#27;[37m/session/b74c386a-bd63-4a4d-b13a-d366382f07b7/element&amp#27;[39m
&amp#27;[38;5;0m[HTTP]&amp#27;[0m &amp#27;[90m{"using":"xpath","value":"//android.widget.TextView[@text='LOGIN']"}&amp#27;[39m
[debug] &amp#27;[38;5;32m[AndroidUiautomator2Driver@e47a (b74c386a)]&amp#27;[0m Calling AppiumDriver.findElement() with args: ["xpath","//android.widget.TextView[@text='LOGIN']","b74c386a-bd63-4a4d-b13a-d366382f07b7"]
[debug] &amp#27;[38;5;32m[AndroidUiautomator2Driver@e47a (b74c386a)]&amp#27;[0m Valid locator strategies for this request: xpath, id, class name, accessibility id, css selector, -android uiautomator
[debug] &amp#27;[38;5;32m[AndroidUiautomator2Driver@e47a (b74c386a)]&amp#27;[0m Waiting up to 20000 ms for condition
[debug] &amp#27;[38;5;32m[AndroidUiautomator2Driver@e47a (b74c386a)]&amp#27;[0m Matched '/element' to command name 'findElement'
[debug] &amp#27;[38;5;32m[AndroidUiautomator2Driver@e47a (b74c386a)]&amp#27;[0m Proxying [POST /element] to [POST http://127.0.0.1:8200/session/020492dc-88c2-4959-aa86-06e06cf23537/element] with body: {"strategy":"xpath","selector":"//android.widget.TextView[@text='LOGIN']","context":"","multiple":false}
[debug] &amp#27;[38;5;32m[AndroidUiautomator2Driver@e47a (b74c386a)]&amp#27;[0m Got response with status 200: {"sessionId":"020492dc-88c2-4959-aa86-06e06cf23537","value":{"ELEMENT":"00000000-0000-0021-ffff-ffff00000085","element-6066-11e4-a52e-4f735466cecf":"00000000-0000-0021-ffff-ffff00000085"}}
[debug] &amp#27;[38;5;32m[AndroidUiautomator2Driver@e47a (b74c386a)]&amp#27;[0m Responding to client with driver.findElement() result: {"element-6066-11e4-a52e-4f735466cecf":"00000000-0000-0021-ffff-ffff00000085","ELEMENT":"00000000-0000-0021-ffff-ffff00000085"}
&amp#27;[38;5;0m[HTTP]&amp#27;[0m &amp#27;[37m<-- POST /session/b74c386a-bd63-4a4d-b13a-d366382f07b7/element &amp#27;[39m&amp#27;[32m200&amp#27;[39m &amp#27;[90m54 ms - 137&amp#27;[39m
&amp#27;[38;5;0m[HTTP]&amp#27;[0m &amp#27;[90m&amp#27;[39m
&amp#27;[38;5;0m[HTTP]&amp#27;[0m &amp#27;[37m-->&amp#27;[39m &amp#27;[37mPOST&amp#27;[39m &amp#27;[37m/session/b74c386a-bd63-4a4d-b13a-d366382f07b7/element/00000000-0000-0021-ffff-ffff00000085/click&amp#27;[39m
&amp#27;[38;5;0m[HTTP]&amp#27;[0m &amp#27;[90m{"id":"00000000-0000-0021-ffff-ffff00000085"}&amp#27;[39m
[debug] &amp#27;[38;5;32m[AndroidUiautomator2Driver@e47a (b74c386a)]&amp#27;[0m Calling AppiumDriver.click() with args: ["00000000-0000-0021-ffff-ffff00000085","b74c386a-bd63-4a4d-b13a-d366382f07b7"]
[debug] &amp#27;[38;5;32m[AndroidUiautomator2Driver@e47a (b74c386a)]&amp#27;[0m Matched '/element/00000000-0000-0021-ffff-ffff00000085/click' to command name 'click'
[debug] &amp#27;[38;5;32m[AndroidUiautomator2Driver@e47a (b74c386a)]&amp#27;[0m Proxying [POST /element/00000000-0000-0021-ffff-ffff00000085/click] to [POST http://127.0.0.1:8200/session/020492dc-88c2-4959-aa86-06e06cf23537/element/00000000-0000-0021-ffff-ffff00000085/click] with body: {"element":"00000000-0000-0021-ffff-ffff00000085"}
[debug] &amp#27;[38;5;32m[AndroidUiautomator2Driver@e47a (b74c386a)]&amp#27;[0m Got response with status 200: {"sessionId":"020492dc-88c2-4959-aa86-06e06cf23537","value":null}
[debug] &amp#27;[38;5;32m[AndroidUiautomator2Driver@e47a (b74c386a)]&amp#27;[0m Responding to client with driver.click() result: null
&amp#27;[38;5;0m[HTTP]&amp#27;[0m &amp#27;[37m<-- POST /session/b74c386a-bd63-4a4d-b13a-d366382f07b7/element/00000000-0000-0021-ffff-ffff00000085/click &amp#27;[39m&amp#27;[32m200&amp#27;[39m &amp#27;[90m593 ms - 14&amp#27;[39m
&amp#27;[38;5;0m[HTTP]&amp#27;[0m &amp#27;[90m&amp#27;[39m
&amp#27;[38;5;0m[HTTP]&amp#27;[0m &amp#27;[37m-->&amp#27;[39m &amp#27;[37mPOST&amp#27;[39m &amp#27;[37m/session/b74c386a-bd63-4a4d-b13a-d366382f07b7/timeouts&amp#27;[39m
&amp#27;[38;5;0m[HTTP]&amp#27;[0m &amp#27;[90m{"implicit":60000}&amp#27;[39m
[debug] &amp#27;[38;5;32m[AndroidUiautomator2Driver@e47a (b74c386a)]&amp#27;[0m Calling AppiumDriver.timeouts() with args: [null,null,null,null,60000,"b74c386a-bd63-4a4d-b13a-d366382f07b7"]
[debug] &amp#27;[38;5;32m[AndroidUiautomator2Driver@e47a (b74c386a)]&amp#27;[0m W3C timeout argument: {"implicit":60000}}
[debug] &amp#27;[38;5;32m[AndroidUiautomator2Driver@e47a (b74c386a)]&amp#27;[0m Set implicit wait to 60000ms
[debug] &amp#27;[38;5;32m[AndroidUiautomator2Driver@e47a (b74c386a)]&amp#27;[0m Responding to client with driver.timeouts() result: null
&amp#27;[38;5;0m[HTTP]&amp#27;[0m &amp#27;[37m<-- POST /session/b74c386a-bd63-4a4d-b13a-d366382f07b7/timeouts &amp#27;[39m&amp#27;[32m200&amp#27;[39m &amp#27;[90m1 ms - 14&amp#27;[39m
&amp#27;[38;5;0m[HTTP]&amp#27;[0m &amp#27;[90m&amp#27;[39m
&amp#27;[38;5;0m[HTTP]&amp#27;[0m &amp#27;[37m-->&amp#27;[39m &amp#27;[37mPOST&amp#27;[39m &amp#27;[37m/session/b74c386a-bd63-4a4d-b13a-d366382f07b7/element&amp#27;[39m
&amp#27;[38;5;0m[HTTP]&amp#27;[0m &amp#27;[90m{"using":"xpath","value":"//android.widget.TextView[@text='Skip']"}&amp#27;[39m
[debug] &amp#27;[38;5;32m[AndroidUiautomator2Driver@e47a (b74c386a)]&amp#27;[0m Calling AppiumDriver.findElement() with args: ["xpath","//android.widget.TextView[@text='Skip']","b74c386a-bd63-4a4d-b13a-d366382f07b7"]
[debug] &amp#27;[38;5;32m[AndroidUiautomator2Driver@e47a (b74c386a)]&amp#27;[0m Valid locator strategies for this request: xpath, id, class name, accessibility id, css selector, -android uiautomator
[debug] &amp#27;[38;5;32m[AndroidUiautomator2Driver@e47a (b74c386a)]&amp#27;[0m Waiting up to 60000 ms for condition
[debug] &amp#27;[38;5;32m[AndroidUiautomator2Driver@e47a (b74c386a)]&amp#27;[0m Matched '/element' to command name 'findElement'
[debug] &amp#27;[38;5;32m[AndroidUiautomator2Driver@e47a (b74c386a)]&amp#27;[0m Proxying [POST /element] to [POST http://127.0.0.1:8200/session/020492dc-88c2-4959-aa86-06e06cf23537/element] with body: {"strategy":"xpath","selector":"//android.widget.TextView[@text='Skip']","context":"","multiple":false}
&amp#27;[38;5;32m[AndroidUiautomator2Driver@e47a (b74c386a)]&amp#27;[0m Got response with status 404: {"sessionId":"020492dc-88c2-4959-aa86-06e06cf23537","value":{"error":"no such element","message":"An element could not be located on the page using the given search parameters","stacktrace":"io.appium.uiautomator2.common.exceptions.ElementNotFoundException: An element could not be located on the page using the given search parameters\n\tat io.appium.uiautomator2.utils.ElementLocationHelpers.findElement(ElementLocationHelpers.java:156)\n\tat io.appium.uiautomator2.handler.FindElement.safeHandle(FindElement.java:60)\n\tat io.appium.uiautomator2.handler.request.SafeRequestHandler.handle(SafeRequestHandler.java:59)\n\tat io.appium.uiautomator2.server.AppiumServlet.handleRequest(AppiumServlet.java:277)\n\tat io.appium.uiautomator2.server.AppiumServlet.handleHttpRequest(AppiumServlet.java:271)\n\tat io.appium.uiautomator2.http.ServerHandler.channelRead(ServerHandler.java:68)\n\tat io.netty.channel.AbstractChannelHandlerContext.invokeChannelRead(AbstractChannelHandlerContext.java:366)\n\tat io.netty.channel.Abstr...
[debug] &amp#27;[38;5;128m[W3C]&amp#27;[0m Matched W3C error code 'no such element' to NoSuchElementError
[debug] &amp#27;[38;5;32m[AndroidUiautomator2Driver@e47a (b74c386a)]&amp#27;[0m Waited for 630 ms so far
[debug] &amp#27;[38;5;32m[AndroidUiautomator2Driver@e47a (b74c386a)]&amp#27;[0m Matched '/element' to command name 'findElement'
[debug] &amp#27;[38;5;32m[AndroidUiautomator2Driver@e47a (b74c386a)]&amp#27;[0m Proxying [POST /element] to [POST http://127.0.0.1:8200/session/020492dc-88c2-4959-aa86-06e06cf23537/element] with body: {"strategy":"xpath","selector":"//android.widget.TextView[@text='Skip']","context":"","multiple":false}
&amp#27;[38;5;32m[AndroidUiautomator2Driver@e47a (b74c386a)]&amp#27;[0m Got response with status 404: {"sessionId":"020492dc-88c2-4959-aa86-06e06cf23537","value":{"error":"no such element","message":"An element could not be located on the page using the given search parameters","stacktrace":"io.appium.uiautomator2.common.exceptions.ElementNotFoundException: An element could not be located on the page using the given search parameters\n\tat io.appium.uiautomator2.utils.ElementLocationHelpers.findElement(ElementLocationHelpers.java:156)\n\tat io.appium.uiautomator2.handler.FindElement.safeHandle(FindElement.java:60)\n\tat io.appium.uiautomator2.handler.request.SafeRequestHandler.handle(SafeRequestHandler.java:59)\n\tat io.appium.uiautomator2.server.AppiumServlet.handleRequest(AppiumServlet.java:277)\n\tat io.appium.uiautomator2.server.AppiumServlet.handleHttpRequest(AppiumServlet.java:271)\n\tat io.appium.uiautomator2.http.ServerHandler.channelRead(ServerHandler.java:68)\n\tat io.netty.channel.AbstractChannelHandlerContext.invokeChannelRead(AbstractChannelHandlerContext.java:366)\n\tat io.netty.channel.Abstr...
[debug] &amp#27;[38;5;128m[W3C]&amp#27;[0m Matched W3C error code 'no such element' to NoSuchElementError
[debug] &amp#27;[38;5;32m[AndroidUiautomator2Driver@e47a (b74c386a)]&amp#27;[0m Waited for 1171 ms so far
[debug] &amp#27;[38;5;32m[AndroidUiautomator2Driver@e47a (b74c386a)]&amp#27;[0m Matched '/element' to command name 'findElement'
[debug] &amp#27;[38;5;32m[AndroidUiautomator2Driver@e47a (b74c386a)]&amp#27;[0m Proxying [POST /element] to [POST http://127.0.0.1:8200/session/020492dc-88c2-4959-aa86-06e06cf23537/element] with body: {"strategy":"xpath","selector":"//android.widget.TextView[@text='Skip']","context":"","multiple":false}
&amp#27;[38;5;32m[AndroidUiautomator2Driver@e47a (b74c386a)]&amp#27;[0m Got response with status 404: {"sessionId":"020492dc-88c2-4959-aa86-06e06cf23537","value":{"error":"no such element","message":"An element could not be located on the page using the given search parameters","stacktrace":"io.appium.uiautomator2.common.exceptions.ElementNotFoundException: An element could not be located on the page using the given search parameters\n\tat io.appium.uiautomator2.utils.ElementLocationHelpers.findElement(ElementLocationHelpers.java:156)\n\tat io.appium.uiautomator2.handler.FindElement.safeHandle(FindElement.java:60)\n\tat io.appium.uiautomator2.handler.request.SafeRequestHandler.handle(SafeRequestHandler.java:59)\n\tat io.appium.uiautomator2.server.AppiumServlet.handleRequest(AppiumServlet.java:277)\n\tat io.appium.uiautomator2.server.AppiumServlet.handleHttpRequest(AppiumServlet.java:271)\n\tat io.appium.uiautomator2.http.ServerHandler.channelRead(ServerHandler.java:68)\n\tat io.netty.channel.AbstractChannelHandlerContext.invokeChannelRead(AbstractChannelHandlerContext.java:366)\n\tat io.netty.channel.Abstr...
[debug] &amp#27;[38;5;128m[W3C]&amp#27;[0m Matched W3C error code 'no such element' to NoSuchElementError
[debug] &amp#27;[38;5;32m[AndroidUiautomator2Driver@e47a (b74c386a)]&amp#27;[0m Waited for 1715 ms so far
[debug] &amp#27;[38;5;32m[AndroidUiautomator2Driver@e47a (b74c386a)]&amp#27;[0m Matched '/element' to command name 'findElement'
[debug] &amp#27;[38;5;32m[AndroidUiautomator2Driver@e47a (b74c386a)]&amp#27;[0m Proxying [POST /element] to [POST http://127.0.0.1:8200/session/020492dc-88c2-4959-aa86-06e06cf23537/element] with body: {"strategy":"xpath","selector":"//android.widget.TextView[@text='Skip']","context":"","multiple":false}
&amp#27;[38;5;32m[AndroidUiautomator2Driver@e47a (b74c386a)]&amp#27;[0m Got response with status 404: {"sessionId":"020492dc-88c2-4959-aa86-06e06cf23537","value":{"error":"no such element","message":"An element could not be located on the page using the given search parameters","stacktrace":"io.appium.uiautomator2.common.exceptions.ElementNotFoundException: An element could not be located on the page using the given search parameters\n\tat io.appium.uiautomator2.utils.ElementLocationHelpers.findElement(ElementLocationHelpers.java:156)\n\tat io.appium.uiautomator2.handler.FindElement.safeHandle(FindElement.java:60)\n\tat io.appium.uiautomator2.handler.request.SafeRequestHandler.handle(SafeRequestHandler.java:59)\n\tat io.appium.uiautomator2.server.AppiumServlet.handleRequest(AppiumServlet.java:277)\n\tat io.appium.uiautomator2.server.AppiumServlet.handleHttpRequest(AppiumServlet.java:271)\n\tat io.appium.uiautomator2.http.ServerHandler.channelRead(ServerHandler.java:68)\n\tat io.netty.channel.AbstractChannelHandlerContext.invokeChannelRead(AbstractChannelHandlerContext.java:366)\n\tat io.netty.channel.Abstr...
[debug] &amp#27;[38;5;128m[W3C]&amp#27;[0m Matched W3C error code 'no such element' to NoSuchElementError
[debug] &amp#27;[38;5;32m[AndroidUiautomator2Driver@e47a (b74c386a)]&amp#27;[0m Waited for 2254 ms so far
[debug] &amp#27;[38;5;32m[AndroidUiautomator2Driver@e47a (b74c386a)]&amp#27;[0m Matched '/element' to command name 'findElement'
[debug] &amp#27;[38;5;32m[AndroidUiautomator2Driver@e47a (b74c386a)]&amp#27;[0m Proxying [POST /element] to [POST http://127.0.0.1:8200/session/020492dc-88c2-4959-aa86-06e06cf23537/element] with body: {"strategy":"xpath","selector":"//android.widget.TextView[@text='Skip']","context":"","multiple":false}
&amp#27;[38;5;32m[AndroidUiautomator2Driver@e47a (b74c386a)]&amp#27;[0m Got response with status 404: {"sessionId":"020492dc-88c2-4959-aa86-06e06cf23537","value":{"error":"no such element","message":"An element could not be located on the page using the given search parameters","stacktrace":"io.appium.uiautomator2.common.exceptions.ElementNotFoundException: An element could not be located on the page using the given search parameters\n\tat io.appium.uiautomator2.utils.ElementLocationHelpers.findElement(ElementLocationHelpers.java:156)\n\tat io.appium.uiautomator2.handler.FindElement.safeHandle(FindElement.java:60)\n\tat io.appium.uiautomator2.handler.request.SafeRequestHandler.handle(SafeRequestHandler.java:59)\n\tat io.appium.uiautomator2.server.AppiumServlet.handleRequest(AppiumServlet.java:277)\n\tat io.appium.uiautomator2.server.AppiumServlet.handleHttpRequest(AppiumServlet.java:271)\n\tat io.appium.uiautomator2.http.ServerHandler.channelRead(ServerHandler.java:68)\n\tat io.netty.channel.AbstractChannelHandlerContext.invokeChannelRead(AbstractChannelHandlerContext.java:366)\n\tat io.netty.channel.Abstr...
[debug] &amp#27;[38;5;128m[W3C]&amp#27;[0m Matched W3C error code 'no such element' to NoSuchElementError
[debug] &amp#27;[38;5;32m[AndroidUiautomator2Driver@e47a (b74c386a)]&amp#27;[0m Waited for 2796 ms so far
[debug] &amp#27;[38;5;32m[AndroidUiautomator2Driver@e47a (b74c386a)]&amp#27;[0m Matched '/element' to command name 'findElement'
[debug] &amp#27;[38;5;32m[AndroidUiautomator2Driver@e47a (b74c386a)]&amp#27;[0m Proxying [POST /element] to [POST http://127.0.0.1:8200/session/020492dc-88c2-4959-aa86-06e06cf23537/element] with body: {"strategy":"xpath","selector":"//android.widget.TextView[@text='Skip']","context":"","multiple":false}
&amp#27;[38;5;32m[AndroidUiautomator2Driver@e47a (b74c386a)]&amp#27;[0m Got response with status 404: {"sessionId":"020492dc-88c2-4959-aa86-06e06cf23537","value":{"error":"no such element","message":"An element could not be located on the page using the given search parameters","stacktrace":"io.appium.uiautomator2.common.exceptions.ElementNotFoundException: An element could not be located on the page using the given search parameters\n\tat io.appium.uiautomator2.utils.ElementLocationHelpers.findElement(ElementLocationHelpers.java:156)\n\tat io.appium.uiautomator2.handler.FindElement.safeHandle(FindElement.java:60)\n\tat io.appium.uiautomator2.handler.request.SafeRequestHandler.handle(SafeRequestHandler.java:59)\n\tat io.appium.uiautomator2.server.AppiumServlet.handleRequest(AppiumServlet.java:277)\n\tat io.appium.uiautomator2.server.AppiumServlet.handleHttpRequest(AppiumServlet.java:271)\n\tat io.appium.uiautomator2.http.ServerHandler.channelRead(ServerHandler.java:68)\n\tat io.netty.channel.AbstractChannelHandlerContext.invokeChannelRead(AbstractChannelHandlerContext.java:366)\n\tat io.netty.channel.Abstr...
[debug] &amp#27;[38;5;128m[W3C]&amp#27;[0m Matched W3C error code 'no such element' to NoSuchElementError
[debug] &amp#27;[38;5;32m[AndroidUiautomator2Driver@e47a (b74c386a)]&amp#27;[0m Waited for 3344 ms so far
[debug] &amp#27;[38;5;32m[AndroidUiautomator2Driver@e47a (b74c386a)]&amp#27;[0m Matched '/element' to command name 'findElement'
[debug] &amp#27;[38;5;32m[AndroidUiautomator2Driver@e47a (b74c386a)]&amp#27;[0m Proxying [POST /element] to [POST http://127.0.0.1:8200/session/020492dc-88c2-4959-aa86-06e06cf23537/element] with body: {"strategy":"xpath","selector":"//android.widget.TextView[@text='Skip']","context":"","multiple":false}
&amp#27;[38;5;32m[AndroidUiautomator2Driver@e47a (b74c386a)]&amp#27;[0m Got response with status 404: {"sessionId":"020492dc-88c2-4959-aa86-06e06cf23537","value":{"error":"no such element","message":"An element could not be located on the page using the given search parameters","stacktrace":"io.appium.uiautomator2.common.exceptions.ElementNotFoundException: An element could not be located on the page using the given search parameters\n\tat io.appium.uiautomator2.utils.ElementLocationHelpers.findElement(ElementLocationHelpers.java:156)\n\tat io.appium.uiautomator2.handler.FindElement.safeHandle(FindElement.java:60)\n\tat io.appium.uiautomator2.handler.request.SafeRequestHandler.handle(SafeRequestHandler.java:59)\n\tat io.appium.uiautomator2.server.AppiumServlet.handleRequest(AppiumServlet.java:277)\n\tat io.appium.uiautomator2.server.AppiumServlet.handleHttpRequest(AppiumServlet.java:271)\n\tat io.appium.uiautomator2.http.ServerHandler.channelRead(ServerHandler.java:68)\n\tat io.netty.channel.AbstractChannelHandlerContext.invokeChannelRead(AbstractChannelHandlerContext.java:366)\n\tat io.netty.channel.Abstr...
[debug] &amp#27;[38;5;128m[W3C]&amp#27;[0m Matched W3C error code 'no such element' to NoSuchElementError
[debug] &amp#27;[38;5;32m[AndroidUiautomator2Driver@e47a (b74c386a)]&amp#27;[0m Waited for 3912 ms so far
[debug] &amp#27;[38;5;32m[AndroidUiautomator2Driver@e47a (b74c386a)]&amp#27;[0m Matched '/element' to command name 'findElement'
[debug] &amp#27;[38;5;32m[AndroidUiautomator2Driver@e47a (b74c386a)]&amp#27;[0m Proxying [POST /element] to [POST http://127.0.0.1:8200/session/020492dc-88c2-4959-aa86-06e06cf23537/element] with body: {"strategy":"xpath","selector":"//android.widget.TextView[@text='Skip']","context":"","multiple":false}
&amp#27;[38;5;32m[AndroidUiautomator2Driver@e47a (b74c386a)]&amp#27;[0m Got response with status 404: {"sessionId":"020492dc-88c2-4959-aa86-06e06cf23537","value":{"error":"no such element","message":"An element could not be located on the page using the given search parameters","stacktrace":"io.appium.uiautomator2.common.exceptions.ElementNotFoundException: An element could not be located on the page using the given search parameters\n\tat io.appium.uiautomator2.utils.ElementLocationHelpers.findElement(ElementLocationHelpers.java:156)\n\tat io.appium.uiautomator2.handler.FindElement.safeHandle(FindElement.java:60)\n\tat io.appium.uiautomator2.handler.request.SafeRequestHandler.handle(SafeRequestHandler.java:59)\n\tat io.appium.uiautomator2.server.AppiumServlet.handleRequest(AppiumServlet.java:277)\n\tat io.appium.uiautomator2.server.AppiumServlet.handleHttpRequest(AppiumServlet.java:271)\n\tat io.appium.uiautomator2.http.ServerHandler.channelRead(ServerHandler.java:68)\n\tat io.netty.channel.AbstractChannelHandlerContext.invokeChannelRead(AbstractChannelHandlerContext.java:366)\n\tat io.netty.channel.Abstr...
[debug] &amp#27;[38;5;128m[W3C]&amp#27;[0m Matched W3C error code 'no such element' to NoSuchElementError
[debug] &amp#27;[38;5;32m[AndroidUiautomator2Driver@e47a (b74c386a)]&amp#27;[0m Waited for 4492 ms so far
[debug] &amp#27;[38;5;32m[AndroidUiautomator2Driver@e47a (b74c386a)]&amp#27;[0m Matched '/element' to command name 'findElement'
[debug] &amp#27;[38;5;32m[AndroidUiautomator2Driver@e47a (b74c386a)]&amp#27;[0m Proxying [POST /element] to [POST http://127.0.0.1:8200/session/020492dc-88c2-4959-aa86-06e06cf23537/element] with body: {"strategy":"xpath","selector":"//android.widget.TextView[@text='Skip']","context":"","multiple":false}
&amp#27;[38;5;32m[AndroidUiautomator2Driver@e47a (b74c386a)]&amp#27;[0m Got response with status 404: {"sessionId":"020492dc-88c2-4959-aa86-06e06cf23537","value":{"error":"no such element","message":"An element could not be located on the page using the given search parameters","stacktrace":"io.appium.uiautomator2.common.exceptions.ElementNotFoundException: An element could not be located on the page using the given search parameters\n\tat io.appium.uiautomator2.utils.ElementLocationHelpers.findElement(ElementLocationHelpers.java:156)\n\tat io.appium.uiautomator2.handler.FindElement.safeHandle(FindElement.java:60)\n\tat io.appium.uiautomator2.handler.request.SafeRequestHandler.handle(SafeRequestHandler.java:59)\n\tat io.appium.uiautomator2.server.AppiumServlet.handleRequest(AppiumServlet.java:277)\n\tat io.appium.uiautomator2.server.AppiumServlet.handleHttpRequest(AppiumServlet.java:271)\n\tat io.appium.uiautomator2.http.ServerHandler.channelRead(ServerHandler.java:68)\n\tat io.netty.channel.AbstractChannelHandlerContext.invokeChannelRead(AbstractChannelHandlerContext.java:366)\n\tat io.netty.channel.Abstr...
[debug] &amp#27;[38;5;128m[W3C]&amp#27;[0m Matched W3C error code 'no such element' to NoSuchElementError
[debug] &amp#27;[38;5;32m[AndroidUiautomator2Driver@e47a (b74c386a)]&amp#27;[0m Waited for 5067 ms so far
[debug] &amp#27;[38;5;32m[AndroidUiautomator2Driver@e47a (b74c386a)]&amp#27;[0m Matched '/element' to command name 'findElement'
[debug] &amp#27;[38;5;32m[AndroidUiautomator2Driver@e47a (b74c386a)]&amp#27;[0m Proxying [POST /element] to [POST http://127.0.0.1:8200/session/020492dc-88c2-4959-aa86-06e06cf23537/element] with body: {"strategy":"xpath","selector":"//android.widget.TextView[@text='Skip']","context":"","multiple":false}
&amp#27;[38;5;32m[AndroidUiautomator2Driver@e47a (b74c386a)]&amp#27;[0m Got response with status 404: {"sessionId":"020492dc-88c2-4959-aa86-06e06cf23537","value":{"error":"no such element","message":"An element could not be located on the page using the given search parameters","stacktrace":"io.appium.uiautomator2.common.exceptions.ElementNotFoundException: An element could not be located on the page using the given search parameters\n\tat io.appium.uiautomator2.utils.ElementLocationHelpers.findElement(ElementLocationHelpers.java:156)\n\tat io.appium.uiautomator2.handler.FindElement.safeHandle(FindElement.java:60)\n\tat io.appium.uiautomator2.handler.request.SafeRequestHandler.handle(SafeRequestHandler.java:59)\n\tat io.appium.uiautomator2.server.AppiumServlet.handleRequest(AppiumServlet.java:277)\n\tat io.appium.uiautomator2.server.AppiumServlet.handleHttpRequest(AppiumServlet.java:271)\n\tat io.appium.uiautomator2.http.ServerHandler.channelRead(ServerHandler.java:68)\n\tat io.netty.channel.AbstractChannelHandlerContext.invokeChannelRead(AbstractChannelHandlerContext.java:366)\n\tat io.netty.channel.Abstr...
[debug] &amp#27;[38;5;128m[W3C]&amp#27;[0m Matched W3C error code 'no such element' to NoSuchElementError
[debug] &amp#27;[38;5;32m[AndroidUiautomator2Driver@e47a (b74c386a)]&amp#27;[0m Waited for 5734 ms so far
[debug] &amp#27;[38;5;32m[AndroidUiautomator2Driver@e47a (b74c386a)]&amp#27;[0m Matched '/element' to command name 'findElement'
[debug] &amp#27;[38;5;32m[AndroidUiautomator2Driver@e47a (b74c386a)]&amp#27;[0m Proxying [POST /element] to [POST http://127.0.0.1:8200/session/020492dc-88c2-4959-aa86-06e06cf23537/element] with body: {"strategy":"xpath","selector":"//android.widget.TextView[@text='Skip']","context":"","multiple":false}
&amp#27;[38;5;32m[AndroidUiautomator2Driver@e47a (b74c386a)]&amp#27;[0m Got response with status 404: {"sessionId":"020492dc-88c2-4959-aa86-06e06cf23537","value":{"error":"no such element","message":"An element could not be located on the page using the given search parameters","stacktrace":"io.appium.uiautomator2.common.exceptions.ElementNotFoundException: An element could not be located on the page using the given search parameters\n\tat io.appium.uiautomator2.utils.ElementLocationHelpers.findElement(ElementLocationHelpers.java:156)\n\tat io.appium.uiautomator2.handler.FindElement.safeHandle(FindElement.java:60)\n\tat io.appium.uiautomator2.handler.request.SafeRequestHandler.handle(SafeRequestHandler.java:59)\n\tat io.appium.uiautomator2.server.AppiumServlet.handleRequest(AppiumServlet.java:277)\n\tat io.appium.uiautomator2.server.AppiumServlet.handleHttpRequest(AppiumServlet.java:271)\n\tat io.appium.uiautomator2.http.ServerHandler.channelRead(ServerHandler.java:68)\n\tat io.netty.channel.AbstractChannelHandlerContext.invokeChannelRead(AbstractChannelHandlerContext.java:366)\n\tat io.netty.channel.Abstr...
[debug] &amp#27;[38;5;128m[W3C]&amp#27;[0m Matched W3C error code 'no such element' to NoSuchElementError
[debug] &amp#27;[38;5;32m[AndroidUiautomator2Driver@e47a (b74c386a)]&amp#27;[0m Waited for 6295 ms so far
[debug] &amp#27;[38;5;32m[AndroidUiautomator2Driver@e47a (b74c386a)]&amp#27;[0m Matched '/element' to command name 'findElement'
[debug] &amp#27;[38;5;32m[AndroidUiautomator2Driver@e47a (b74c386a)]&amp#27;[0m Proxying [POST /element] to [POST http://127.0.0.1:8200/session/020492dc-88c2-4959-aa86-06e06cf23537/element] with body: {"strategy":"xpath","selector":"//android.widget.TextView[@text='Skip']","context":"","multiple":false}
&amp#27;[38;5;32m[AndroidUiautomator2Driver@e47a (b74c386a)]&amp#27;[0m Got response with status 404: {"sessionId":"020492dc-88c2-4959-aa86-06e06cf23537","value":{"error":"no such element","message":"An element could not be located on the page using the given search parameters","stacktrace":"io.appium.uiautomator2.common.exceptions.ElementNotFoundException: An element could not be located on the page using the given search parameters\n\tat io.appium.uiautomator2.utils.ElementLocationHelpers.findElement(ElementLocationHelpers.java:156)\n\tat io.appium.uiautomator2.handler.FindElement.safeHandle(FindElement.java:60)\n\tat io.appium.uiautomator2.handler.request.SafeRequestHandler.handle(SafeRequestHandler.java:59)\n\tat io.appium.uiautomator2.server.AppiumServlet.handleRequest(AppiumServlet.java:277)\n\tat io.appium.uiautomator2.server.AppiumServlet.handleHttpRequest(AppiumServlet.java:271)\n\tat io.appium.uiautomator2.http.ServerHandler.channelRead(ServerHandler.java:68)\n\tat io.netty.channel.AbstractChannelHandlerContext.invokeChannelRead(AbstractChannelHandlerContext.java:366)\n\tat io.netty.channel.Abstr...
[debug] &amp#27;[38;5;128m[W3C]&amp#27;[0m Matched W3C error code 'no such element' to NoSuchElementError
[debug] &amp#27;[38;5;32m[AndroidUiautomator2Driver@e47a (b74c386a)]&amp#27;[0m Waited for 6854 ms so far
[debug] &amp#27;[38;5;32m[AndroidUiautomator2Driver@e47a (b74c386a)]&amp#27;[0m Matched '/element' to command name 'findElement'
[debug] &amp#27;[38;5;32m[AndroidUiautomator2Driver@e47a (b74c386a)]&amp#27;[0m Proxying [POST /element] to [POST http://127.0.0.1:8200/session/020492dc-88c2-4959-aa86-06e06cf23537/element] with body: {"strategy":"xpath","selector":"//android.widget.TextView[@text='Skip']","context":"","multiple":false}
&amp#27;[38;5;32m[AndroidUiautomator2Driver@e47a (b74c386a)]&amp#27;[0m Got response with status 404: {"sessionId":"020492dc-88c2-4959-aa86-06e06cf23537","value":{"error":"no such element","message":"An element could not be located on the page using the given search parameters","stacktrace":"io.appium.uiautomator2.common.exceptions.ElementNotFoundException: An element could not be located on the page using the given search parameters\n\tat io.appium.uiautomator2.utils.ElementLocationHelpers.findElement(ElementLocationHelpers.java:156)\n\tat io.appium.uiautomator2.handler.FindElement.safeHandle(FindElement.java:60)\n\tat io.appium.uiautomator2.handler.request.SafeRequestHandler.handle(SafeRequestHandler.java:59)\n\tat io.appium.uiautomator2.server.AppiumServlet.handleRequest(AppiumServlet.java:277)\n\tat io.appium.uiautomator2.server.AppiumServlet.handleHttpRequest(AppiumServlet.java:271)\n\tat io.appium.uiautomator2.http.ServerHandler.channelRead(ServerHandler.java:68)\n\tat io.netty.channel.AbstractChannelHandlerContext.invokeChannelRead(AbstractChannelHandlerContext.java:366)\n\tat io.netty.channel.Abstr...
[debug] &amp#27;[38;5;128m[W3C]&amp#27;[0m Matched W3C error code 'no such element' to NoSuchElementError
[debug] &amp#27;[38;5;32m[AndroidUiautomator2Driver@e47a (b74c386a)]&amp#27;[0m Waited for 7381 ms so far
[debug] &amp#27;[38;5;32m[AndroidUiautomator2Driver@e47a (b74c386a)]&amp#27;[0m Matched '/element' to command name 'findElement'
[debug] &amp#27;[38;5;32m[AndroidUiautomator2Driver@e47a (b74c386a)]&amp#27;[0m Proxying [POST /element] to [POST http://127.0.0.1:8200/session/020492dc-88c2-4959-aa86-06e06cf23537/element] with body: {"strategy":"xpath","selector":"//android.widget.TextView[@text='Skip']","context":"","multiple":false}
&amp#27;[38;5;32m[AndroidUiautomator2Driver@e47a (b74c386a)]&amp#27;[0m Got response with status 404: {"sessionId":"020492dc-88c2-4959-aa86-06e06cf23537","value":{"error":"no such element","message":"An element could not be located on the page using the given search parameters","stacktrace":"io.appium.uiautomator2.common.exceptions.ElementNotFoundException: An element could not be located on the page using the given search parameters\n\tat io.appium.uiautomator2.utils.ElementLocationHelpers.findElement(ElementLocationHelpers.java:156)\n\tat io.appium.uiautomator2.handler.FindElement.safeHandle(FindElement.java:60)\n\tat io.appium.uiautomator2.handler.request.SafeRequestHandler.handle(SafeRequestHandler.java:59)\n\tat io.appium.uiautomator2.server.AppiumServlet.handleRequest(AppiumServlet.java:277)\n\tat io.appium.uiautomator2.server.AppiumServlet.handleHttpRequest(AppiumServlet.java:271)\n\tat io.appium.uiautomator2.http.ServerHandler.channelRead(ServerHandler.java:68)\n\tat io.netty.channel.AbstractChannelHandlerContext.invokeChannelRead(AbstractChannelHandlerContext.java:366)\n\tat io.netty.channel.Abstr...
[debug] &amp#27;[38;5;128m[W3C]&amp#27;[0m Matched W3C error code 'no such element' to NoSuchElementError
[debug] &amp#27;[38;5;32m[AndroidUiautomator2Driver@e47a (b74c386a)]&amp#27;[0m Waited for 7930 ms so far
[debug] &amp#27;[38;5;32m[AndroidUiautomator2Driver@e47a (b74c386a)]&amp#27;[0m Matched '/element' to command name 'findElement'
[debug] &amp#27;[38;5;32m[AndroidUiautomator2Driver@e47a (b74c386a)]&amp#27;[0m Proxying [POST /element] to [POST http://127.0.0.1:8200/session/020492dc-88c2-4959-aa86-06e06cf23537/element] with body: {"strategy":"xpath","selector":"//android.widget.TextView[@text='Skip']","context":"","multiple":false}
&amp#27;[38;5;32m[AndroidUiautomator2Driver@e47a (b74c386a)]&amp#27;[0m Got response with status 404: {"sessionId":"020492dc-88c2-4959-aa86-06e06cf23537","value":{"error":"no such element","message":"An element could not be located on the page using the given search parameters","stacktrace":"io.appium.uiautomator2.common.exceptions.ElementNotFoundException: An element could not be located on the page using the given search parameters\n\tat io.appium.uiautomator2.utils.ElementLocationHelpers.findElement(ElementLocationHelpers.java:156)\n\tat io.appium.uiautomator2.handler.FindElement.safeHandle(FindElement.java:60)\n\tat io.appium.uiautomator2.handler.request.SafeRequestHandler.handle(SafeRequestHandler.java:59)\n\tat io.appium.uiautomator2.server.AppiumServlet.handleRequest(AppiumServlet.java:277)\n\tat io.appium.uiautomator2.server.AppiumServlet.handleHttpRequest(AppiumServlet.java:271)\n\tat io.appium.uiautomator2.http.ServerHandler.channelRead(ServerHandler.java:68)\n\tat io.netty.channel.AbstractChannelHandlerContext.invokeChannelRead(AbstractChannelHandlerContext.java:366)\n\tat io.netty.channel.Abstr...
[debug] &amp#27;[38;5;128m[W3C]&amp#27;[0m Matched W3C error code 'no such element' to NoSuchElementError
[debug] &amp#27;[38;5;32m[AndroidUiautomator2Driver@e47a (b74c386a)]&amp#27;[0m Waited for 8489 ms so far
[debug] &amp#27;[38;5;32m[AndroidUiautomator2Driver@e47a (b74c386a)]&amp#27;[0m Matched '/element' to command name 'findElement'
[debug] &amp#27;[38;5;32m[AndroidUiautomator2Driver@e47a (b74c386a)]&amp#27;[0m Proxying [POST /element] to [POST http://127.0.0.1:8200/session/020492dc-88c2-4959-aa86-06e06cf23537/element] with body: {"strategy":"xpath","selector":"//android.widget.TextView[@text='Skip']","context":"","multiple":false}
&amp#27;[38;5;32m[AndroidUiautomator2Driver@e47a (b74c386a)]&amp#27;[0m Got response with status 404: {"sessionId":"020492dc-88c2-4959-aa86-06e06cf23537","value":{"error":"no such element","message":"An element could not be located on the page using the given search parameters","stacktrace":"io.appium.uiautomator2.common.exceptions.ElementNotFoundException: An element could not be located on the page using the given search parameters\n\tat io.appium.uiautomator2.utils.ElementLocationHelpers.findElement(ElementLocationHelpers.java:156)\n\tat io.appium.uiautomator2.handler.FindElement.safeHandle(FindElement.java:60)\n\tat io.appium.uiautomator2.handler.request.SafeRequestHandler.handle(SafeRequestHandler.java:59)\n\tat io.appium.uiautomator2.server.AppiumServlet.handleRequest(AppiumServlet.java:277)\n\tat io.appium.uiautomator2.server.AppiumServlet.handleHttpRequest(AppiumServlet.java:271)\n\tat io.appium.uiautomator2.http.ServerHandler.channelRead(ServerHandler.java:68)\n\tat io.netty.channel.AbstractChannelHandlerContext.invokeChannelRead(AbstractChannelHandlerContext.java:366)\n\tat io.netty.channel.Abstr...
[debug] &amp#27;[38;5;128m[W3C]&amp#27;[0m Matched W3C error code 'no such element' to NoSuchElementError
[debug] &amp#27;[38;5;32m[AndroidUiautomator2Driver@e47a (b74c386a)]&amp#27;[0m Waited for 9031 ms so far
[debug] &amp#27;[38;5;32m[AndroidUiautomator2Driver@e47a (b74c386a)]&amp#27;[0m Matched '/element' to command name 'findElement'
[debug] &amp#27;[38;5;32m[AndroidUiautomator2Driver@e47a (b74c386a)]&amp#27;[0m Proxying [POST /element] to [POST http://127.0.0.1:8200/session/020492dc-88c2-4959-aa86-06e06cf23537/element] with body: {"strategy":"xpath","selector":"//android.widget.TextView[@text='Skip']","context":"","multiple":false}
&amp#27;[38;5;32m[AndroidUiautomator2Driver@e47a (b74c386a)]&amp#27;[0m Got response with status 404: {"sessionId":"020492dc-88c2-4959-aa86-06e06cf23537","value":{"error":"no such element","message":"An element could not be located on the page using the given search parameters","stacktrace":"io.appium.uiautomator2.common.exceptions.ElementNotFoundException: An element could not be located on the page using the given search parameters\n\tat io.appium.uiautomator2.utils.ElementLocationHelpers.findElement(ElementLocationHelpers.java:156)\n\tat io.appium.uiautomator2.handler.FindElement.safeHandle(FindElement.java:60)\n\tat io.appium.uiautomator2.handler.request.SafeRequestHandler.handle(SafeRequestHandler.java:59)\n\tat io.appium.uiautomator2.server.AppiumServlet.handleRequest(AppiumServlet.java:277)\n\tat io.appium.uiautomator2.server.AppiumServlet.handleHttpRequest(AppiumServlet.java:271)\n\tat io.appium.uiautomator2.http.ServerHandler.channelRead(ServerHandler.java:68)\n\tat io.netty.channel.AbstractChannelHandlerContext.invokeChannelRead(AbstractChannelHandlerContext.java:366)\n\tat io.netty.channel.Abstr...
[debug] &amp#27;[38;5;128m[W3C]&amp#27;[0m Matched W3C error code 'no such element' to NoSuchElementError
[debug] &amp#27;[38;5;32m[AndroidUiautomator2Driver@e47a (b74c386a)]&amp#27;[0m Waited for 9571 ms so far
[debug] &amp#27;[38;5;32m[AndroidUiautomator2Driver@e47a (b74c386a)]&amp#27;[0m Matched '/element' to command name 'findElement'
[debug] &amp#27;[38;5;32m[AndroidUiautomator2Driver@e47a (b74c386a)]&amp#27;[0m Proxying [POST /element] to [POST http://127.0.0.1:8200/session/020492dc-88c2-4959-aa86-06e06cf23537/element] with body: {"strategy":"xpath","selector":"//android.widget.TextView[@text='Skip']","context":"","multiple":false}
&amp#27;[38;5;32m[AndroidUiautomator2Driver@e47a (b74c386a)]&amp#27;[0m Got response with status 404: {"sessionId":"020492dc-88c2-4959-aa86-06e06cf23537","value":{"error":"no such element","message":"An element could not be located on the page using the given search parameters","stacktrace":"io.appium.uiautomator2.common.exceptions.ElementNotFoundException: An element could not be located on the page using the given search parameters\n\tat io.appium.uiautomator2.utils.ElementLocationHelpers.findElement(ElementLocationHelpers.java:156)\n\tat io.appium.uiautomator2.handler.FindElement.safeHandle(FindElement.java:60)\n\tat io.appium.uiautomator2.handler.request.SafeRequestHandler.handle(SafeRequestHandler.java:59)\n\tat io.appium.uiautomator2.server.AppiumServlet.handleRequest(AppiumServlet.java:277)\n\tat io.appium.uiautomator2.server.AppiumServlet.handleHttpRequest(AppiumServlet.java:271)\n\tat io.appium.uiautomator2.http.ServerHandler.channelRead(ServerHandler.java:68)\n\tat io.netty.channel.AbstractChannelHandlerContext.invokeChannelRead(AbstractChannelHandlerContext.java:366)\n\tat io.netty.channel.Abstr...
[debug] &amp#27;[38;5;128m[W3C]&amp#27;[0m Matched W3C error code 'no such element' to NoSuchElementError
[debug] &amp#27;[38;5;32m[AndroidUiautomator2Driver@e47a (b74c386a)]&amp#27;[0m Waited for 10107 ms so far
[debug] &amp#27;[38;5;32m[AndroidUiautomator2Driver@e47a (b74c386a)]&amp#27;[0m Matched '/element' to command name 'findElement'
[debug] &amp#27;[38;5;32m[AndroidUiautomator2Driver@e47a (b74c386a)]&amp#27;[0m Proxying [POST /element] to [POST http://127.0.0.1:8200/session/020492dc-88c2-4959-aa86-06e06cf23537/element] with body: {"strategy":"xpath","selector":"//android.widget.TextView[@text='Skip']","context":"","multiple":false}
&amp#27;[38;5;32m[AndroidUiautomator2Driver@e47a (b74c386a)]&amp#27;[0m Got response with status 404: {"sessionId":"020492dc-88c2-4959-aa86-06e06cf23537","value":{"error":"no such element","message":"An element could not be located on the page using the given search parameters","stacktrace":"io.appium.uiautomator2.common.exceptions.ElementNotFoundException: An element could not be located on the page using the given search parameters\n\tat io.appium.uiautomator2.utils.ElementLocationHelpers.findElement(ElementLocationHelpers.java:156)\n\tat io.appium.uiautomator2.handler.FindElement.safeHandle(FindElement.java:60)\n\tat io.appium.uiautomator2.handler.request.SafeRequestHandler.handle(SafeRequestHandler.java:59)\n\tat io.appium.uiautomator2.server.AppiumServlet.handleRequest(AppiumServlet.java:277)\n\tat io.appium.uiautomator2.server.AppiumServlet.handleHttpRequest(AppiumServlet.java:271)\n\tat io.appium.uiautomator2.http.ServerHandler.channelRead(ServerHandler.java:68)\n\tat io.netty.channel.AbstractChannelHandlerContext.invokeChannelRead(AbstractChannelHandlerContext.java:366)\n\tat io.netty.channel.Abstr...
[debug] &amp#27;[38;5;128m[W3C]&amp#27;[0m Matched W3C error code 'no such element' to NoSuchElementError
[debug] &amp#27;[38;5;32m[AndroidUiautomator2Driver@e47a (b74c386a)]&amp#27;[0m Waited for 10636 ms so far
[debug] &amp#27;[38;5;32m[AndroidUiautomator2Driver@e47a (b74c386a)]&amp#27;[0m Matched '/element' to command name 'findElement'
[debug] &amp#27;[38;5;32m[AndroidUiautomator2Driver@e47a (b74c386a)]&amp#27;[0m Proxying [POST /element] to [POST http://127.0.0.1:8200/session/020492dc-88c2-4959-aa86-06e06cf23537/element] with body: {"strategy":"xpath","selector":"//android.widget.TextView[@text='Skip']","context":"","multiple":false}
&amp#27;[38;5;32m[AndroidUiautomator2Driver@e47a (b74c386a)]&amp#27;[0m Got response with status 404: {"sessionId":"020492dc-88c2-4959-aa86-06e06cf23537","value":{"error":"no such element","message":"An element could not be located on the page using the given search parameters","stacktrace":"io.appium.uiautomator2.common.exceptions.ElementNotFoundException: An element could not be located on the page using the given search parameters\n\tat io.appium.uiautomator2.utils.ElementLocationHelpers.findElement(ElementLocationHelpers.java:156)\n\tat io.appium.uiautomator2.handler.FindElement.safeHandle(FindElement.java:60)\n\tat io.appium.uiautomator2.handler.request.SafeRequestHandler.handle(SafeRequestHandler.java:59)\n\tat io.appium.uiautomator2.server.AppiumServlet.handleRequest(AppiumServlet.java:277)\n\tat io.appium.uiautomator2.server.AppiumServlet.handleHttpRequest(AppiumServlet.java:271)\n\tat io.appium.uiautomator2.http.ServerHandler.channelRead(ServerHandler.java:68)\n\tat io.netty.channel.AbstractChannelHandlerContext.invokeChannelRead(AbstractChannelHandlerContext.java:366)\n\tat io.netty.channel.Abstr...
[debug] &amp#27;[38;5;128m[W3C]&amp#27;[0m Matched W3C error code 'no such element' to NoSuchElementError
[debug] &amp#27;[38;5;32m[AndroidUiautomator2Driver@e47a (b74c386a)]&amp#27;[0m Waited for 11178 ms so far
[debug] &amp#27;[38;5;32m[AndroidUiautomator2Driver@e47a (b74c386a)]&amp#27;[0m Matched '/element' to command name 'findElement'
[debug] &amp#27;[38;5;32m[AndroidUiautomator2Driver@e47a (b74c386a)]&amp#27;[0m Proxying [POST /element] to [POST http://127.0.0.1:8200/session/020492dc-88c2-4959-aa86-06e06cf23537/element] with body: {"strategy":"xpath","selector":"//android.widget.TextView[@text='Skip']","context":"","multiple":false}
&amp#27;[38;5;32m[AndroidUiautomator2Driver@e47a (b74c386a)]&amp#27;[0m Got response with status 404: {"sessionId":"020492dc-88c2-4959-aa86-06e06cf23537","value":{"error":"no such element","message":"An element could not be located on the page using the given search parameters","stacktrace":"io.appium.uiautomator2.common.exceptions.ElementNotFoundException: An element could not be located on the page using the given search parameters\n\tat io.appium.uiautomator2.utils.ElementLocationHelpers.findElement(ElementLocationHelpers.java:156)\n\tat io.appium.uiautomator2.handler.FindElement.safeHandle(FindElement.java:60)\n\tat io.appium.uiautomator2.handler.request.SafeRequestHandler.handle(SafeRequestHandler.java:59)\n\tat io.appium.uiautomator2.server.AppiumServlet.handleRequest(AppiumServlet.java:277)\n\tat io.appium.uiautomator2.server.AppiumServlet.handleHttpRequest(AppiumServlet.java:271)\n\tat io.appium.uiautomator2.http.ServerHandler.channelRead(ServerHandler.java:68)\n\tat io.netty.channel.AbstractChannelHandlerContext.invokeChannelRead(AbstractChannelHandlerContext.java:366)\n\tat io.netty.channel.Abstr...
[debug] &amp#27;[38;5;128m[W3C]&amp#27;[0m Matched W3C error code 'no such element' to NoSuchElementError
[debug] &amp#27;[38;5;32m[AndroidUiautomator2Driver@e47a (b74c386a)]&amp#27;[0m Waited for 11710 ms so far
[debug] &amp#27;[38;5;32m[AndroidUiautomator2Driver@e47a (b74c386a)]&amp#27;[0m Matched '/element' to command name 'findElement'
[debug] &amp#27;[38;5;32m[AndroidUiautomator2Driver@e47a (b74c386a)]&amp#27;[0m Proxying [POST /element] to [POST http://127.0.0.1:8200/session/020492dc-88c2-4959-aa86-06e06cf23537/element] with body: {"strategy":"xpath","selector":"//android.widget.TextView[@text='Skip']","context":"","multiple":false}
&amp#27;[38;5;32m[AndroidUiautomator2Driver@e47a (b74c386a)]&amp#27;[0m Got response with status 404: {"sessionId":"020492dc-88c2-4959-aa86-06e06cf23537","value":{"error":"no such element","message":"An element could not be located on the page using the given search parameters","stacktrace":"io.appium.uiautomator2.common.exceptions.ElementNotFoundException: An element could not be located on the page using the given search parameters\n\tat io.appium.uiautomator2.utils.ElementLocationHelpers.findElement(ElementLocationHelpers.java:156)\n\tat io.appium.uiautomator2.handler.FindElement.safeHandle(FindElement.java:60)\n\tat io.appium.uiautomator2.handler.request.SafeRequestHandler.handle(SafeRequestHandler.java:59)\n\tat io.appium.uiautomator2.server.AppiumServlet.handleRequest(AppiumServlet.java:277)\n\tat io.appium.uiautomator2.server.AppiumServlet.handleHttpRequest(AppiumServlet.java:271)\n\tat io.appium.uiautomator2.http.ServerHandler.channelRead(ServerHandler.java:68)\n\tat io.netty.channel.AbstractChannelHandlerContext.invokeChannelRead(AbstractChannelHandlerContext.java:366)\n\tat io.netty.channel.Abstr...
[debug] &amp#27;[38;5;128m[W3C]&amp#27;[0m Matched W3C error code 'no such element' to NoSuchElementError
[debug] &amp#27;[38;5;32m[AndroidUiautomator2Driver@e47a (b74c386a)]&amp#27;[0m Waited for 12239 ms so far
[debug] &amp#27;[38;5;32m[AndroidUiautomator2Driver@e47a (b74c386a)]&amp#27;[0m Matched '/element' to command name 'findElement'
[debug] &amp#27;[38;5;32m[AndroidUiautomator2Driver@e47a (b74c386a)]&amp#27;[0m Proxying [POST /element] to [POST http://127.0.0.1:8200/session/020492dc-88c2-4959-aa86-06e06cf23537/element] with body: {"strategy":"xpath","selector":"//android.widget.TextView[@text='Skip']","context":"","multiple":false}
&amp#27;[38;5;32m[AndroidUiautomator2Driver@e47a (b74c386a)]&amp#27;[0m Got response with status 404: {"sessionId":"020492dc-88c2-4959-aa86-06e06cf23537","value":{"error":"no such element","message":"An element could not be located on the page using the given search parameters","stacktrace":"io.appium.uiautomator2.common.exceptions.ElementNotFoundException: An element could not be located on the page using the given search parameters\n\tat io.appium.uiautomator2.utils.ElementLocationHelpers.findElement(ElementLocationHelpers.java:156)\n\tat io.appium.uiautomator2.handler.FindElement.safeHandle(FindElement.java:60)\n\tat io.appium.uiautomator2.handler.request.SafeRequestHandler.handle(SafeRequestHandler.java:59)\n\tat io.appium.uiautomator2.server.AppiumServlet.handleRequest(AppiumServlet.java:277)\n\tat io.appium.uiautomator2.server.AppiumServlet.handleHttpRequest(AppiumServlet.java:271)\n\tat io.appium.uiautomator2.http.ServerHandler.channelRead(ServerHandler.java:68)\n\tat io.netty.channel.AbstractChannelHandlerContext.invokeChannelRead(AbstractChannelHandlerContext.java:366)\n\tat io.netty.channel.Abstr...
[debug] &amp#27;[38;5;128m[W3C]&amp#27;[0m Matched W3C error code 'no such element' to NoSuchElementError
[debug] &amp#27;[38;5;32m[AndroidUiautomator2Driver@e47a (b74c386a)]&amp#27;[0m Waited for 12778 ms so far
[debug] &amp#27;[38;5;32m[AndroidUiautomator2Driver@e47a (b74c386a)]&amp#27;[0m Matched '/element' to command name 'findElement'
[debug] &amp#27;[38;5;32m[AndroidUiautomator2Driver@e47a (b74c386a)]&amp#27;[0m Proxying [POST /element] to [POST http://127.0.0.1:8200/session/020492dc-88c2-4959-aa86-06e06cf23537/element] with body: {"strategy":"xpath","selector":"//android.widget.TextView[@text='Skip']","context":"","multiple":false}
&amp#27;[38;5;32m[AndroidUiautomator2Driver@e47a (b74c386a)]&amp#27;[0m Got response with status 404: {"sessionId":"020492dc-88c2-4959-aa86-06e06cf23537","value":{"error":"no such element","message":"An element could not be located on the page using the given search parameters","stacktrace":"io.appium.uiautomator2.common.exceptions.ElementNotFoundException: An element could not be located on the page using the given search parameters\n\tat io.appium.uiautomator2.utils.ElementLocationHelpers.findElement(ElementLocationHelpers.java:156)\n\tat io.appium.uiautomator2.handler.FindElement.safeHandle(FindElement.java:60)\n\tat io.appium.uiautomator2.handler.request.SafeRequestHandler.handle(SafeRequestHandler.java:59)\n\tat io.appium.uiautomator2.server.AppiumServlet.handleRequest(AppiumServlet.java:277)\n\tat io.appium.uiautomator2.server.AppiumServlet.handleHttpRequest(AppiumServlet.java:271)\n\tat io.appium.uiautomator2.http.ServerHandler.channelRead(ServerHandler.java:68)\n\tat io.netty.channel.AbstractChannelHandlerContext.invokeChannelRead(AbstractChannelHandlerContext.java:366)\n\tat io.netty.channel.Abstr...
[debug] &amp#27;[38;5;128m[W3C]&amp#27;[0m Matched W3C error code 'no such element' to NoSuchElementError
[debug] &amp#27;[38;5;32m[AndroidUiautomator2Driver@e47a (b74c386a)]&amp#27;[0m Waited for 13320 ms so far
[debug] &amp#27;[38;5;32m[AndroidUiautomator2Driver@e47a (b74c386a)]&amp#27;[0m Matched '/element' to command name 'findElement'
[debug] &amp#27;[38;5;32m[AndroidUiautomator2Driver@e47a (b74c386a)]&amp#27;[0m Proxying [POST /element] to [POST http://127.0.0.1:8200/session/020492dc-88c2-4959-aa86-06e06cf23537/element] with body: {"strategy":"xpath","selector":"//android.widget.TextView[@text='Skip']","context":"","multiple":false}
&amp#27;[38;5;32m[AndroidUiautomator2Driver@e47a (b74c386a)]&amp#27;[0m Got response with status 404: {"sessionId":"020492dc-88c2-4959-aa86-06e06cf23537","value":{"error":"no such element","message":"An element could not be located on the page using the given search parameters","stacktrace":"io.appium.uiautomator2.common.exceptions.ElementNotFoundException: An element could not be located on the page using the given search parameters\n\tat io.appium.uiautomator2.utils.ElementLocationHelpers.findElement(ElementLocationHelpers.java:156)\n\tat io.appium.uiautomator2.handler.FindElement.safeHandle(FindElement.java:60)\n\tat io.appium.uiautomator2.handler.request.SafeRequestHandler.handle(SafeRequestHandler.java:59)\n\tat io.appium.uiautomator2.server.AppiumServlet.handleRequest(AppiumServlet.java:277)\n\tat io.appium.uiautomator2.server.AppiumServlet.handleHttpRequest(AppiumServlet.java:271)\n\tat io.appium.uiautomator2.http.ServerHandler.channelRead(ServerHandler.java:68)\n\tat io.netty.channel.AbstractChannelHandlerContext.invokeChannelRead(AbstractChannelHandlerContext.java:366)\n\tat io.netty.channel.Abstr...
[debug] &amp#27;[38;5;128m[W3C]&amp#27;[0m Matched W3C error code 'no such element' to NoSuchElementError
[debug] &amp#27;[38;5;32m[AndroidUiautomator2Driver@e47a (b74c386a)]&amp#27;[0m Waited for 14892 ms so far
[debug] &amp#27;[38;5;32m[AndroidUiautomator2Driver@e47a (b74c386a)]&amp#27;[0m Matched '/element' to command name 'findElement'
[debug] &amp#27;[38;5;32m[AndroidUiautomator2Driver@e47a (b74c386a)]&amp#27;[0m Proxying [POST /element] to [POST http://127.0.0.1:8200/session/020492dc-88c2-4959-aa86-06e06cf23537/element] with body: {"strategy":"xpath","selector":"//android.widget.TextView[@text='Skip']","context":"","multiple":false}
&amp#27;[38;5;32m[AndroidUiautomator2Driver@e47a (b74c386a)]&amp#27;[0m Got response with status 404: {"sessionId":"020492dc-88c2-4959-aa86-06e06cf23537","value":{"error":"no such element","message":"An element could not be located on the page using the given search parameters","stacktrace":"io.appium.uiautomator2.common.exceptions.ElementNotFoundException: An element could not be located on the page using the given search parameters\n\tat io.appium.uiautomator2.utils.ElementLocationHelpers.findElement(ElementLocationHelpers.java:156)\n\tat io.appium.uiautomator2.handler.FindElement.safeHandle(FindElement.java:60)\n\tat io.appium.uiautomator2.handler.request.SafeRequestHandler.handle(SafeRequestHandler.java:59)\n\tat io.appium.uiautomator2.server.AppiumServlet.handleRequest(AppiumServlet.java:277)\n\tat io.appium.uiautomator2.server.AppiumServlet.handleHttpRequest(AppiumServlet.java:271)\n\tat io.appium.uiautomator2.http.ServerHandler.channelRead(ServerHandler.java:68)\n\tat io.netty.channel.AbstractChannelHandlerContext.invokeChannelRead(AbstractChannelHandlerContext.java:366)\n\tat io.netty.channel.Abstr...
[debug] &amp#27;[38;5;128m[W3C]&amp#27;[0m Matched W3C error code 'no such element' to NoSuchElementError
[debug] &amp#27;[38;5;32m[AndroidUiautomator2Driver@e47a (b74c386a)]&amp#27;[0m Waited for 15614 ms so far
[debug] &amp#27;[38;5;32m[AndroidUiautomator2Driver@e47a (b74c386a)]&amp#27;[0m Matched '/element' to command name 'findElement'
[debug] &amp#27;[38;5;32m[AndroidUiautomator2Driver@e47a (b74c386a)]&amp#27;[0m Proxying [POST /element] to [POST http://127.0.0.1:8200/session/020492dc-88c2-4959-aa86-06e06cf23537/element] with body: {"strategy":"xpath","selector":"//android.widget.TextView[@text='Skip']","context":"","multiple":false}
&amp#27;[38;5;32m[AndroidUiautomator2Driver@e47a (b74c386a)]&amp#27;[0m Got response with status 404: {"sessionId":"020492dc-88c2-4959-aa86-06e06cf23537","value":{"error":"no such element","message":"An element could not be located on the page using the given search parameters","stacktrace":"io.appium.uiautomator2.common.exceptions.ElementNotFoundException: An element could not be located on the page using the given search parameters\n\tat io.appium.uiautomator2.utils.ElementLocationHelpers.findElement(ElementLocationHelpers.java:156)\n\tat io.appium.uiautomator2.handler.FindElement.safeHandle(FindElement.java:60)\n\tat io.appium.uiautomator2.handler.request.SafeRequestHandler.handle(SafeRequestHandler.java:59)\n\tat io.appium.uiautomator2.server.AppiumServlet.handleRequest(AppiumServlet.java:277)\n\tat io.appium.uiautomator2.server.AppiumServlet.handleHttpRequest(AppiumServlet.java:271)\n\tat io.appium.uiautomator2.http.ServerHandler.channelRead(ServerHandler.java:68)\n\tat io.netty.channel.AbstractChannelHandlerContext.invokeChannelRead(AbstractChannelHandlerContext.java:366)\n\tat io.netty.channel.Abstr...
[debug] &amp#27;[38;5;128m[W3C]&amp#27;[0m Matched W3C error code 'no such element' to NoSuchElementError
[debug] &amp#27;[38;5;32m[AndroidUiautomator2Driver@e47a (b74c386a)]&amp#27;[0m Waited for 16175 ms so far
[debug] &amp#27;[38;5;32m[AndroidUiautomator2Driver@e47a (b74c386a)]&amp#27;[0m Matched '/element' to command name 'findElement'
[debug] &amp#27;[38;5;32m[AndroidUiautomator2Driver@e47a (b74c386a)]&amp#27;[0m Proxying [POST /element] to [POST http://127.0.0.1:8200/session/020492dc-88c2-4959-aa86-06e06cf23537/element] with body: {"strategy":"xpath","selector":"//android.widget.TextView[@text='Skip']","context":"","multiple":false}
&amp#27;[38;5;32m[AndroidUiautomator2Driver@e47a (b74c386a)]&amp#27;[0m Got response with status 404: {"sessionId":"020492dc-88c2-4959-aa86-06e06cf23537","value":{"error":"no such element","message":"An element could not be located on the page using the given search parameters","stacktrace":"io.appium.uiautomator2.common.exceptions.ElementNotFoundException: An element could not be located on the page using the given search parameters\n\tat io.appium.uiautomator2.utils.ElementLocationHelpers.findElement(ElementLocationHelpers.java:156)\n\tat io.appium.uiautomator2.handler.FindElement.safeHandle(FindElement.java:60)\n\tat io.appium.uiautomator2.handler.request.SafeRequestHandler.handle(SafeRequestHandler.java:59)\n\tat io.appium.uiautomator2.server.AppiumServlet.handleRequest(AppiumServlet.java:277)\n\tat io.appium.uiautomator2.server.AppiumServlet.handleHttpRequest(AppiumServlet.java:271)\n\tat io.appium.uiautomator2.http.ServerHandler.channelRead(ServerHandler.java:68)\n\tat io.netty.channel.AbstractChannelHandlerContext.invokeChannelRead(AbstractChannelHandlerContext.java:366)\n\tat io.netty.channel.Abstr...
[debug] &amp#27;[38;5;128m[W3C]&amp#27;[0m Matched W3C error code 'no such element' to NoSuchElementError
[debug] &amp#27;[38;5;32m[AndroidUiautomator2Driver@e47a (b74c386a)]&amp#27;[0m Waited for 17139 ms so far
[debug] &amp#27;[38;5;32m[AndroidUiautomator2Driver@e47a (b74c386a)]&amp#27;[0m Matched '/element' to command name 'findElement'
[debug] &amp#27;[38;5;32m[AndroidUiautomator2Driver@e47a (b74c386a)]&amp#27;[0m Proxying [POST /element] to [POST http://127.0.0.1:8200/session/020492dc-88c2-4959-aa86-06e06cf23537/element] with body: {"strategy":"xpath","selector":"//android.widget.TextView[@text='Skip']","context":"","multiple":false}
&amp#27;[38;5;32m[AndroidUiautomator2Driver@e47a (b74c386a)]&amp#27;[0m Got response with status 404: {"sessionId":"020492dc-88c2-4959-aa86-06e06cf23537","value":{"error":"no such element","message":"An element could not be located on the page using the given search parameters","stacktrace":"io.appium.uiautomator2.common.exceptions.ElementNotFoundException: An element could not be located on the page using the given search parameters\n\tat io.appium.uiautomator2.utils.ElementLocationHelpers.findElement(ElementLocationHelpers.java:156)\n\tat io.appium.uiautomator2.handler.FindElement.safeHandle(FindElement.java:60)\n\tat io.appium.uiautomator2.handler.request.SafeRequestHandler.handle(SafeRequestHandler.java:59)\n\tat io.appium.uiautomator2.server.AppiumServlet.handleRequest(AppiumServlet.java:277)\n\tat io.appium.uiautomator2.server.AppiumServlet.handleHttpRequest(AppiumServlet.java:271)\n\tat io.appium.uiautomator2.http.ServerHandler.channelRead(ServerHandler.java:68)\n\tat io.netty.channel.AbstractChannelHandlerContext.invokeChannelRead(AbstractChannelHandlerContext.java:366)\n\tat io.netty.channel.Abstr...
[debug] &amp#27;[38;5;128m[W3C]&amp#27;[0m Matched W3C error code 'no such element' to NoSuchElementError
[debug] &amp#27;[38;5;32m[AndroidUiautomator2Driver@e47a (b74c386a)]&amp#27;[0m Waited for 17856 ms so far
[debug] &amp#27;[38;5;32m[AndroidUiautomator2Driver@e47a (b74c386a)]&amp#27;[0m Matched '/element' to command name 'findElement'
[debug] &amp#27;[38;5;32m[AndroidUiautomator2Driver@e47a (b74c386a)]&amp#27;[0m Proxying [POST /element] to [POST http://127.0.0.1:8200/session/020492dc-88c2-4959-aa86-06e06cf23537/element] with body: {"strategy":"xpath","selector":"//android.widget.TextView[@text='Skip']","context":"","multiple":false}
&amp#27;[38;5;32m[AndroidUiautomator2Driver@e47a (b74c386a)]&amp#27;[0m Got response with status 404: {"sessionId":"020492dc-88c2-4959-aa86-06e06cf23537","value":{"error":"no such element","message":"An element could not be located on the page using the given search parameters","stacktrace":"io.appium.uiautomator2.common.exceptions.ElementNotFoundException: An element could not be located on the page using the given search parameters\n\tat io.appium.uiautomator2.utils.ElementLocationHelpers.findElement(ElementLocationHelpers.java:156)\n\tat io.appium.uiautomator2.handler.FindElement.safeHandle(FindElement.java:60)\n\tat io.appium.uiautomator2.handler.request.SafeRequestHandler.handle(SafeRequestHandler.java:59)\n\tat io.appium.uiautomator2.server.AppiumServlet.handleRequest(AppiumServlet.java:277)\n\tat io.appium.uiautomator2.server.AppiumServlet.handleHttpRequest(AppiumServlet.java:271)\n\tat io.appium.uiautomator2.http.ServerHandler.channelRead(ServerHandler.java:68)\n\tat io.netty.channel.AbstractChannelHandlerContext.invokeChannelRead(AbstractChannelHandlerContext.java:366)\n\tat io.netty.channel.Abstr...
[debug] &amp#27;[38;5;128m[W3C]&amp#27;[0m Matched W3C error code 'no such element' to NoSuchElementError
[debug] &amp#27;[38;5;32m[AndroidUiautomator2Driver@e47a (b74c386a)]&amp#27;[0m Waited for 19256 ms so far
[debug] &amp#27;[38;5;32m[AndroidUiautomator2Driver@e47a (b74c386a)]&amp#27;[0m Matched '/element' to command name 'findElement'
[debug] &amp#27;[38;5;32m[AndroidUiautomator2Driver@e47a (b74c386a)]&amp#27;[0m Proxying [POST /element] to [POST http://127.0.0.1:8200/session/020492dc-88c2-4959-aa86-06e06cf23537/element] with body: {"strategy":"xpath","selector":"//android.widget.TextView[@text='Skip']","context":"","multiple":false}
[debug] &amp#27;[38;5;32m[AndroidUiautomator2Driver@e47a (b74c386a)]&amp#27;[0m Got response with status 200: {"sessionId":"020492dc-88c2-4959-aa86-06e06cf23537","value":{"ELEMENT":"00000000-0000-0021-ffff-ffff000005f5","element-6066-11e4-a52e-4f735466cecf":"00000000-0000-0021-ffff-ffff000005f5"}}
[debug] &amp#27;[38;5;32m[AndroidUiautomator2Driver@e47a (b74c386a)]&amp#27;[0m Responding to client with driver.findElement() result: {"element-6066-11e4-a52e-4f735466cecf":"00000000-0000-0021-ffff-ffff000005f5","ELEMENT":"00000000-0000-0021-ffff-ffff000005f5"}
&amp#27;[38;5;0m[HTTP]&amp#27;[0m &amp#27;[37m<-- POST /session/b74c386a-bd63-4a4d-b13a-d366382f07b7/element &amp#27;[39m&amp#27;[32m200&amp#27;[39m &amp#27;[90m20761 ms - 137&amp#27;[39m
&amp#27;[38;5;0m[HTTP]&amp#27;[0m &amp#27;[90m&amp#27;[39m
&amp#27;[38;5;0m[HTTP]&amp#27;[0m &amp#27;[37m-->&amp#27;[39m &amp#27;[37mPOST&amp#27;[39m &amp#27;[37m/session/b74c386a-bd63-4a4d-b13a-d366382f07b7/element/00000000-0000-0021-ffff-ffff000005f5/click&amp#27;[39m
&amp#27;[38;5;0m[HTTP]&amp#27;[0m &amp#27;[90m{"id":"00000000-0000-0021-ffff-ffff000005f5"}&amp#27;[39m
[debug] &amp#27;[38;5;32m[AndroidUiautomator2Driver@e47a (b74c386a)]&amp#27;[0m Calling AppiumDriver.click() with args: ["00000000-0000-0021-ffff-ffff000005f5","b74c386a-bd63-4a4d-b13a-d366382f07b7"]
[debug] &amp#27;[38;5;32m[AndroidUiautomator2Driver@e47a (b74c386a)]&amp#27;[0m Matched '/element/00000000-0000-0021-ffff-ffff000005f5/click' to command name 'click'
[debug] &amp#27;[38;5;32m[AndroidUiautomator2Driver@e47a (b74c386a)]&amp#27;[0m Proxying [POST /element/00000000-0000-0021-ffff-ffff000005f5/click] to [POST http://127.0.0.1:8200/session/020492dc-88c2-4959-aa86-06e06cf23537/element/00000000-0000-0021-ffff-ffff000005f5/click] with body: {"element":"00000000-0000-0021-ffff-ffff000005f5"}
[debug] &amp#27;[38;5;32m[AndroidUiautomator2Driver@e47a (b74c386a)]&amp#27;[0m Got response with status 200: {"sessionId":"020492dc-88c2-4959-aa86-06e06cf23537","value":null}
[debug] &amp#27;[38;5;32m[AndroidUiautomator2Driver@e47a (b74c386a)]&amp#27;[0m Responding to client with driver.click() result: null
&amp#27;[38;5;0m[HTTP]&amp#27;[0m &amp#27;[37m<-- POST /session/b74c386a-bd63-4a4d-b13a-d366382f07b7/element/00000000-0000-0021-ffff-ffff000005f5/click &amp#27;[39m&amp#27;[32m200&amp#27;[39m &amp#27;[90m42 ms - 14&amp#27;[39m
&amp#27;[38;5;0m[HTTP]&amp#27;[0m &amp#27;[90m&amp#27;[39m
&amp#27;[38;5;0m[HTTP]&amp#27;[0m &amp#27;[37m-->&amp#27;[39m &amp#27;[37mPOST&amp#27;[39m &amp#27;[37m/session/b74c386a-bd63-4a4d-b13a-d366382f07b7/element&amp#27;[39m
&amp#27;[38;5;0m[HTTP]&amp#27;[0m &amp#27;[90m{"using":"xpath","value":"//android.widget.ImageView[@index=1]"}&amp#27;[39m
[debug] &amp#27;[38;5;32m[AndroidUiautomator2Driver@e47a (b74c386a)]&amp#27;[0m Calling AppiumDriver.findElement() with args: ["xpath","//android.widget.ImageView[@index=1]","b74c386a-bd63-4a4d-b13a-d366382f07b7"]
[debug] &amp#27;[38;5;32m[AndroidUiautomator2Driver@e47a (b74c386a)]&amp#27;[0m Valid locator strategies for this request: xpath, id, class name, accessibility id, css selector, -android uiautomator
[debug] &amp#27;[38;5;32m[AndroidUiautomator2Driver@e47a (b74c386a)]&amp#27;[0m Waiting up to 60000 ms for condition
[debug] &amp#27;[38;5;32m[AndroidUiautomator2Driver@e47a (b74c386a)]&amp#27;[0m Matched '/element' to command name 'findElement'
[debug] &amp#27;[38;5;32m[AndroidUiautomator2Driver@e47a (b74c386a)]&amp#27;[0m Proxying [POST /element] to [POST http://127.0.0.1:8200/session/020492dc-88c2-4959-aa86-06e06cf23537/element] with body: {"strategy":"xpath","selector":"//android.widget.ImageView[@index=1]","context":"","multiple":false}
&amp#27;[38;5;32m[AndroidUiautomator2Driver@e47a (b74c386a)]&amp#27;[0m Got response with status 404: {"sessionId":"020492dc-88c2-4959-aa86-06e06cf23537","value":{"error":"no such element","message":"An element could not be located on the page using the given search parameters","stacktrace":"io.appium.uiautomator2.common.exceptions.ElementNotFoundException: An element could not be located on the page using the given search parameters\n\tat io.appium.uiautomator2.utils.ElementLocationHelpers.findElement(ElementLocationHelpers.java:156)\n\tat io.appium.uiautomator2.handler.FindElement.safeHandle(FindElement.java:60)\n\tat io.appium.uiautomator2.handler.request.SafeRequestHandler.handle(SafeRequestHandler.java:59)\n\tat io.appium.uiautomator2.server.AppiumServlet.handleRequest(AppiumServlet.java:277)\n\tat io.appium.uiautomator2.server.AppiumServlet.handleHttpRequest(AppiumServlet.java:271)\n\tat io.appium.uiautomator2.http.ServerHandler.channelRead(ServerHandler.java:68)\n\tat io.netty.channel.AbstractChannelHandlerContext.invokeChannelRead(AbstractChannelHandlerContext.java:366)\n\tat io.netty.channel.Abstr...
[debug] &amp#27;[38;5;128m[W3C]&amp#27;[0m Matched W3C error code 'no such element' to NoSuchElementError
[debug] &amp#27;[38;5;32m[AndroidUiautomator2Driver@e47a (b74c386a)]&amp#27;[0m Waited for 68 ms so far
[debug] &amp#27;[38;5;32m[AndroidUiautomator2Driver@e47a (b74c386a)]&amp#27;[0m Matched '/element' to command name 'findElement'
[debug] &amp#27;[38;5;32m[AndroidUiautomator2Driver@e47a (b74c386a)]&amp#27;[0m Proxying [POST /element] to [POST http://127.0.0.1:8200/session/020492dc-88c2-4959-aa86-06e06cf23537/element] with body: {"strategy":"xpath","selector":"//android.widget.ImageView[@index=1]","context":"","multiple":false}
[debug] &amp#27;[38;5;32m[AndroidUiautomator2Driver@e47a (b74c386a)]&amp#27;[0m Got response with status 200: {"sessionId":"020492dc-88c2-4959-aa86-06e06cf23537","value":{"ELEMENT":"00000000-0000-0021-ffff-ffff0000037e","element-6066-11e4-a52e-4f735466cecf":"00000000-0000-0021-ffff-ffff0000037e"}}
[debug] &amp#27;[38;5;32m[AndroidUiautomator2Driver@e47a (b74c386a)]&amp#27;[0m Responding to client with driver.findElement() result: {"element-6066-11e4-a52e-4f735466cecf":"00000000-0000-0021-ffff-ffff0000037e","ELEMENT":"00000000-0000-0021-ffff-ffff0000037e"}
&amp#27;[38;5;0m[HTTP]&amp#27;[0m &amp#27;[37m<-- POST /session/b74c386a-bd63-4a4d-b13a-d366382f07b7/element &amp#27;[39m&amp#27;[32m200&amp#27;[39m &amp#27;[90m1394 ms - 137&amp#27;[39m
&amp#27;[38;5;0m[HTTP]&amp#27;[0m &amp#27;[90m&amp#27;[39m
&amp#27;[38;5;0m[HTTP]&amp#27;[0m &amp#27;[37m-->&amp#27;[39m &amp#27;[37mGET&amp#27;[39m &amp#27;[37m/session/b74c386a-bd63-4a4d-b13a-d366382f07b7/element/00000000-0000-0021-ffff-ffff0000037e/displayed&amp#27;[39m
&amp#27;[38;5;0m[HTTP]&amp#27;[0m &amp#27;[90m{}&amp#27;[39m
[debug] &amp#27;[38;5;32m[AndroidUiautomator2Driver@e47a (b74c386a)]&amp#27;[0m Calling AppiumDriver.elementDisplayed() with args: ["00000000-0000-0021-ffff-ffff0000037e","b74c386a-bd63-4a4d-b13a-d366382f07b7"]
[debug] &amp#27;[38;5;32m[AndroidUiautomator2Driver@e47a (b74c386a)]&amp#27;[0m Matched '/element/00000000-0000-0021-ffff-ffff0000037e/attribute/displayed' to command name 'getAttribute'
[debug] &amp#27;[38;5;32m[AndroidUiautomator2Driver@e47a (b74c386a)]&amp#27;[0m Proxying [GET /element/00000000-0000-0021-ffff-ffff0000037e/attribute/displayed] to [GET http://127.0.0.1:8200/session/020492dc-88c2-4959-aa86-06e06cf23537/element/00000000-0000-0021-ffff-ffff0000037e/attribute/displayed] with no body
[debug] &amp#27;[38;5;32m[AndroidUiautomator2Driver@e47a (b74c386a)]&amp#27;[0m Got response with status 200: {"sessionId":"020492dc-88c2-4959-aa86-06e06cf23537","value":"true"}
[debug] &amp#27;[38;5;32m[AndroidUiautomator2Driver@e47a (b74c386a)]&amp#27;[0m Responding to client with driver.elementDisplayed() result: true
&amp#27;[38;5;0m[HTTP]&amp#27;[0m &amp#27;[37m<-- GET /session/b74c386a-bd63-4a4d-b13a-d366382f07b7/element/00000000-0000-0021-ffff-ffff0000037e/displayed &amp#27;[39m&amp#27;[32m200&amp#27;[39m &amp#27;[90m9 ms - 14&amp#27;[39m
&amp#27;[38;5;0m[HTTP]&amp#27;[0m &amp#27;[90m&amp#27;[39m
&amp#27;[38;5;0m[HTTP]&amp#27;[0m &amp#27;[37m-->&amp#27;[39m &amp#27;[37mPOST&amp#27;[39m &amp#27;[37m/session/b74c386a-bd63-4a4d-b13a-d366382f07b7/element&amp#27;[39m
&amp#27;[38;5;0m[HTTP]&amp#27;[0m &amp#27;[90m{"using":"xpath","value":"//android.widget.TextView[@text='Wallet']"}&amp#27;[39m
[debug] &amp#27;[38;5;32m[AndroidUiautomator2Driver@e47a (b74c386a)]&amp#27;[0m Calling AppiumDriver.findElement() with args: ["xpath","//android.widget.TextView[@text='Wallet']","b74c386a-bd63-4a4d-b13a-d366382f07b7"]
[debug] &amp#27;[38;5;32m[AndroidUiautomator2Driver@e47a (b74c386a)]&amp#27;[0m Valid locator strategies for this request: xpath, id, class name, accessibility id, css selector, -android uiautomator
[debug] &amp#27;[38;5;32m[AndroidUiautomator2Driver@e47a (b74c386a)]&amp#27;[0m Waiting up to 60000 ms for condition
[debug] &amp#27;[38;5;32m[AndroidUiautomator2Driver@e47a (b74c386a)]&amp#27;[0m Matched '/element' to command name 'findElement'
[debug] &amp#27;[38;5;32m[AndroidUiautomator2Driver@e47a (b74c386a)]&amp#27;[0m Proxying [POST /element] to [POST http://127.0.0.1:8200/session/020492dc-88c2-4959-aa86-06e06cf23537/element] with body: {"strategy":"xpath","selector":"//android.widget.TextView[@text='Wallet']","context":"","multiple":false}
[debug] &amp#27;[38;5;32m[AndroidUiautomator2Driver@e47a (b74c386a)]&amp#27;[0m Got response with status 200: {"sessionId":"020492dc-88c2-4959-aa86-06e06cf23537","value":{"ELEMENT":"00000000-0000-0021-ffff-ffff00000383","element-6066-11e4-a52e-4f735466cecf":"00000000-0000-0021-ffff-ffff00000383"}}
[debug] &amp#27;[38;5;32m[AndroidUiautomator2Driver@e47a (b74c386a)]&amp#27;[0m Responding to client with driver.findElement() result: {"element-6066-11e4-a52e-4f735466cecf":"00000000-0000-0021-ffff-ffff00000383","ELEMENT":"00000000-0000-0021-ffff-ffff00000383"}
&amp#27;[38;5;0m[HTTP]&amp#27;[0m &amp#27;[37m<-- POST /session/b74c386a-bd63-4a4d-b13a-d366382f07b7/element &amp#27;[39m&amp#27;[32m200&amp#27;[39m &amp#27;[90m47 ms - 137&amp#27;[39m
&amp#27;[38;5;0m[HTTP]&amp#27;[0m &amp#27;[90m&amp#27;[39m
&amp#27;[38;5;0m[HTTP]&amp#27;[0m &amp#27;[37m-->&amp#27;[39m &amp#27;[37mGET&amp#27;[39m &amp#27;[37m/session/b74c386a-bd63-4a4d-b13a-d366382f07b7/element/00000000-0000-0021-ffff-ffff00000383/displayed&amp#27;[39m
&amp#27;[38;5;0m[HTTP]&amp#27;[0m &amp#27;[90m{}&amp#27;[39m
[debug] &amp#27;[38;5;32m[AndroidUiautomator2Driver@e47a (b74c386a)]&amp#27;[0m Calling AppiumDriver.elementDisplayed() with args: ["00000000-0000-0021-ffff-ffff00000383","b74c386a-bd63-4a4d-b13a-d366382f07b7"]
[debug] &amp#27;[38;5;32m[AndroidUiautomator2Driver@e47a (b74c386a)]&amp#27;[0m Matched '/element/00000000-0000-0021-ffff-ffff00000383/attribute/displayed' to command name 'getAttribute'
[debug] &amp#27;[38;5;32m[AndroidUiautomator2Driver@e47a (b74c386a)]&amp#27;[0m Proxying [GET /element/00000000-0000-0021-ffff-ffff00000383/attribute/displayed] to [GET http://127.0.0.1:8200/session/020492dc-88c2-4959-aa86-06e06cf23537/element/00000000-0000-0021-ffff-ffff00000383/attribute/displayed] with no body
[debug] &amp#27;[38;5;32m[AndroidUiautomator2Driver@e47a (b74c386a)]&amp#27;[0m Got response with status 200: {"sessionId":"020492dc-88c2-4959-aa86-06e06cf23537","value":"true"}
[debug] &amp#27;[38;5;32m[AndroidUiautomator2Driver@e47a (b74c386a)]&amp#27;[0m Responding to client with driver.elementDisplayed() result: true
&amp#27;[38;5;0m[HTTP]&amp#27;[0m &amp#27;[37m<-- GET /session/b74c386a-bd63-4a4d-b13a-d366382f07b7/element/00000000-0000-0021-ffff-ffff00000383/displayed &amp#27;[39m&amp#27;[32m200&amp#27;[39m &amp#27;[90m12 ms - 14&amp#27;[39m
&amp#27;[38;5;0m[HTTP]&amp#27;[0m &amp#27;[90m&amp#27;[39m
]]></system-out>
  </testcase>
  <testcase name="Testcase_One[abc.com](1)" classname="testcases.Android.DisposableDomain_QTM_2874" time="8.31">
    <system-out><![CDATA[&amp#27;[38;5;0m[HTTP]&amp#27;[0m &amp#27;[37m-->&amp#27;[39m &amp#27;[37mDELETE&amp#27;[39m &amp#27;[37m/session/b74c386a-bd63-4a4d-b13a-d366382f07b7&amp#27;[39m
&amp#27;[38;5;0m[HTTP]&amp#27;[0m &amp#27;[90m{}&amp#27;[39m
[debug] &amp#27;[38;5;32m[AndroidUiautomator2Driver@e47a (b74c386a)]&amp#27;[0m Calling AppiumDriver.deleteSession() with args: ["b74c386a-bd63-4a4d-b13a-d366382f07b7"]
[debug] &amp#27;[38;5;16m[AppiumDriver@10c8]&amp#27;[0m Event 'quitSessionRequested' logged at 1697716984928 (13:03:04 GMT+0100 (West Africa Standard Time))
&amp#27;[38;5;16m[AppiumDriver@10c8]&amp#27;[0m Removing session b74c386a-bd63-4a4d-b13a-d366382f07b7 from our master session list
[debug] &amp#27;[38;5;32m[AndroidUiautomator2Driver@e47a (b74c386a)]&amp#27;[0m Deleting UiAutomator2 session
[debug] &amp#27;[38;5;32m[AndroidUiautomator2Driver@e47a (b74c386a)]&amp#27;[0m Deleting UiAutomator2 server session
[debug] &amp#27;[38;5;32m[AndroidUiautomator2Driver@e47a (b74c386a)]&amp#27;[0m Matched '/' to command name 'deleteSession'
[debug] &amp#27;[38;5;32m[AndroidUiautomator2Driver@e47a (b74c386a)]&amp#27;[0m Proxying [DELETE /] to [DELETE http://127.0.0.1:8200/session/020492dc-88c2-4959-aa86-06e06cf23537] with no body
[debug] &amp#27;[38;5;32m[AndroidUiautomator2Driver@e47a (b74c386a)]&amp#27;[0m Got response with status 200: {"sessionId":"020492dc-88c2-4959-aa86-06e06cf23537","value":null}
[debug] &amp#27;[38;5;64m[ADB]&amp#27;[0m Running 'C:\Users\daniel.ogagavworia\Desktop\android-sdk\platform-tools\adb.exe -P 5037 -s emulator-5554 shell dumpsys activity services io.appium.settings/.recorder.RecorderService'
[debug] &amp#27;[38;5;64m[ADB]&amp#27;[0m Running 'C:\Users\daniel.ogagavworia\Desktop\android-sdk\platform-tools\adb.exe -P 5037 -s emulator-5554 shell am force-stop com.quickteller.app'
[debug] &amp#27;[38;5;96m[Logcat]&amp#27;[0m Stopping logcat capture
[debug] &amp#27;[38;5;64m[ADB]&amp#27;[0m Removing forwarded port socket connection: 8200 
[debug] &amp#27;[38;5;64m[ADB]&amp#27;[0m Running 'C:\Users\daniel.ogagavworia\Desktop\android-sdk\platform-tools\adb.exe -P 5037 -s emulator-5554 forward --remove tcp:8200'
[debug] &amp#27;[38;5;112m[Instrumentation]&amp#27;[0m .
[debug] &amp#27;[38;5;112m[Instrumentation]&amp#27;[0m Time: 188.315
[debug] &amp#27;[38;5;112m[Instrumentation]&amp#27;[0m 
[debug] &amp#27;[38;5;112m[Instrumentation]&amp#27;[0m OK (1 test)
&amp#27;[38;5;32m[AndroidUiautomator2Driver@e47a (b74c386a)]&amp#27;[0m Restoring hidden api policy to the device default configuration
[debug] &amp#27;[38;5;64m[ADB]&amp#27;[0m Running 'C:\Users\daniel.ogagavworia\Desktop\android-sdk\platform-tools\adb.exe -P 5037 -s emulator-5554 shell 'settings delete global hidden_api_policy_pre_p_apps;settings delete global hidden_api_policy_p_apps;settings delete global hidden_api_policy''
[debug] &amp#27;[38;5;112m[Instrumentation]&amp#27;[0m The process has exited with code 0
[debug] &amp#27;[38;5;16m[AppiumDriver@10c8]&amp#27;[0m Event 'quitSessionFinished' logged at 1697716985697 (13:03:05 GMT+0100 (West Africa Standard Time))
[debug] &amp#27;[38;5;16m[AppiumDriver@10c8]&amp#27;[0m Received response: null
[debug] &amp#27;[38;5;16m[AppiumDriver@10c8]&amp#27;[0m But deleting session, so not returning
[debug] &amp#27;[38;5;16m[AppiumDriver@10c8]&amp#27;[0m Responding to client with driver.deleteSession() result: null
&amp#27;[38;5;0m[HTTP]&amp#27;[0m &amp#27;[37m<-- DELETE /session/b74c386a-bd63-4a4d-b13a-d366382f07b7 &amp#27;[39m&amp#27;[32m200&amp#27;[39m &amp#27;[90m769 ms - 14&amp#27;[39m
&amp#27;[38;5;0m[HTTP]&amp#27;[0m &amp#27;[90m&amp#27;[39m
&amp#27;[35m[Appium]&amp#27;[39m Welcome to Appium v2.1.3
&amp#27;[35m[Appium]&amp#27;[39m Attempting to load driver uiautomator2...
[debug] &amp#27;[35m[Appium]&amp#27;[39m Requiring driver at C:\Users\daniel.ogagavworia\.appium\node_modules\appium-uiautomator2-driver
&amp#27;[35m[Appium]&amp#27;[39m Appium REST http interface listener started on http://0.0.0.0:4723
&amp#27;[35m[Appium]&amp#27;[39m You can provide the following URLs in your client code to connect to this server:
&amp#27;[35m[Appium]&amp#27;[39m 	http://192.168.56.1:4723/
&amp#27;[35m[Appium]&amp#27;[39m 	http://192.168.222.2:4723/
&amp#27;[35m[Appium]&amp#27;[39m 	http://192.168.48.2:4723/
&amp#27;[35m[Appium]&amp#27;[39m 	http://192.168.239.2:4723/
&amp#27;[35m[Appium]&amp#27;[39m 	http://192.168.136.2:4723/
&amp#27;[35m[Appium]&amp#27;[39m 	http://192.168.6.2:4723/
&amp#27;[35m[Appium]&amp#27;[39m 	http://192.168.12.2:4723/
&amp#27;[35m[Appium]&amp#27;[39m 	http://192.168.179.2:4723/
&amp#27;[35m[Appium]&amp#27;[39m 	http://192.168.114.2:4723/
&amp#27;[35m[Appium]&amp#27;[39m 	http://192.168.227.2:4723/
&amp#27;[35m[Appium]&amp#27;[39m 	http://192.168.88.2:4723/
&amp#27;[35m[Appium]&amp#27;[39m 	http://169.254.109.125:4723/
&amp#27;[35m[Appium]&amp#27;[39m 	http://169.254.64.15:4723/
&amp#27;[35m[Appium]&amp#27;[39m 	http://169.254.53.117:4723/
&amp#27;[35m[Appium]&amp#27;[39m 	http://169.254.80.104:4723/
&amp#27;[35m[Appium]&amp#27;[39m 	http://169.254.31.112:4723/
&amp#27;[35m[Appium]&amp#27;[39m 	http://192.168.115.1:4723/
&amp#27;[35m[Appium]&amp#27;[39m 	http://192.168.0.136:4723/
&amp#27;[35m[Appium]&amp#27;[39m 	http://127.0.0.1:4723/ (only accessible from the same host)
&amp#27;[35m[Appium]&amp#27;[39m Available drivers:
&amp#27;[35m[Appium]&amp#27;[39m   - uiautomator2@2.29.2 (automationName 'UiAutomator2')
&amp#27;[35m[Appium]&amp#27;[39m No plugins have been installed. Use the "appium plugin" command to install the one(s) you want to use.
&amp#27;[38;5;0m[HTTP]&amp#27;[0m &amp#27;[37m-->&amp#27;[39m &amp#27;[37mGET&amp#27;[39m &amp#27;[37m/status&amp#27;[39m
&amp#27;[38;5;0m[HTTP]&amp#27;[0m &amp#27;[90m{}&amp#27;[39m
[debug] &amp#27;[38;5;16m[AppiumDriver@6ebe]&amp#27;[0m Calling AppiumDriver.getStatus() with args: []
[debug] &amp#27;[38;5;16m[AppiumDriver@6ebe]&amp#27;[0m Responding to client with driver.getStatus() result: {"ready":true,"message":"The server is ready to accept new connections","build":{"version":"2.1.3"}}
&amp#27;[38;5;0m[HTTP]&amp#27;[0m &amp#27;[37m<-- GET /status &amp#27;[39m&amp#27;[32m200&amp#27;[39m &amp#27;[90m3 ms - 110&amp#27;[39m
&amp#27;[38;5;0m[HTTP]&amp#27;[0m &amp#27;[90m&amp#27;[39m
[debug] &amp#27;[38;5;0m[HTTP]&amp#27;[0m Request idempotency key: 17fa8b23-1498-40a7-88c7-3e9d1649b373
&amp#27;[38;5;0m[HTTP]&amp#27;[0m &amp#27;[37m-->&amp#27;[39m &amp#27;[37mPOST&amp#27;[39m &amp#27;[37m/session&amp#27;[39m
&amp#27;[38;5;0m[HTTP]&amp#27;[0m &amp#27;[90m{"capabilities":{"firstMatch":[{}],"alwaysMatch":{"appium:app":"C:\\Users\\daniel.ogagavworia\\Documents\\Quickteller_Mobile_Automation//src//test//resources//APKS//flaggedDomain.apk","appium:automationName":"UIAutomator2","appium:deviceName":"Pixel","platformName":"ANDROID"}}}&amp#27;[39m
[debug] &amp#27;[38;5;16m[AppiumDriver@6ebe]&amp#27;[0m Calling AppiumDriver.createSession() with args: [null,null,{"firstMatch":[{}],"alwaysMatch":{"appium:app":"C:\\Users\\daniel.ogagavworia\\Documents\\Quickteller_Mobile_Automation//src//test//resources//APKS//flaggedDomain.apk","appium:automationName":"UIAutomator2","appium:deviceName":"Pixel","platformName":"ANDROID"}}]
[debug] &amp#27;[38;5;16m[AppiumDriver@6ebe]&amp#27;[0m Event 'newSessionRequested' logged at 1697716993631 (13:03:13 GMT+0100 (West Africa Standard Time))
&amp#27;[35m[Appium]&amp#27;[39m Attempting to find matching driver for automationName 'UIAutomator2' and platformName 'ANDROID'
&amp#27;[35m[Appium]&amp#27;[39m The 'uiautomator2' driver was installed and matched caps.
&amp#27;[35m[Appium]&amp#27;[39m Will require it at C:\Users\daniel.ogagavworia\.appium\node_modules\appium-uiautomator2-driver
[debug] &amp#27;[35m[Appium]&amp#27;[39m Requiring driver at C:\Users\daniel.ogagavworia\.appium\node_modules\appium-uiautomator2-driver
&amp#27;[38;5;16m[AppiumDriver@6ebe]&amp#27;[0m Appium v2.1.3 creating new AndroidUiautomator2Driver (v2.29.2) session
&amp#27;[38;5;16m[AppiumDriver@6ebe]&amp#27;[0m Checking BaseDriver versions for Appium and AndroidUiautomator2Driver
&amp#27;[38;5;16m[AppiumDriver@6ebe]&amp#27;[0m Appium's BaseDriver version is 9.3.20
&amp#27;[38;5;16m[AppiumDriver@6ebe]&amp#27;[0m AndroidUiautomator2Driver's BaseDriver version is 9.3.20
[debug] &amp#27;[38;5;32m[AndroidUiautomator2Driver@b227]&amp#27;[0m Creating session with W3C capabilities: {
[debug] &amp#27;[38;5;32m[AndroidUiautomator2Driver@b227]&amp#27;[0m   "alwaysMatch": {
[debug] &amp#27;[38;5;32m[AndroidUiautomator2Driver@b227]&amp#27;[0m     "platformName": "ANDROID",
[debug] &amp#27;[38;5;32m[AndroidUiautomator2Driver@b227]&amp#27;[0m     "appium:app": "C:\\Users\\daniel.ogagavworia\\Documents\\Quickteller_Mobile_Automation//src//test//resources//APKS//flaggedDomain.apk",
[debug] &amp#27;[38;5;32m[AndroidUiautomator2Driver@b227]&amp#27;[0m     "appium:automationName": "UIAutomator2",
[debug] &amp#27;[38;5;32m[AndroidUiautomator2Driver@b227]&amp#27;[0m     "appium:deviceName": "Pixel"
[debug] &amp#27;[38;5;32m[AndroidUiautomator2Driver@b227]&amp#27;[0m   },
[debug] &amp#27;[38;5;32m[AndroidUiautomator2Driver@b227]&amp#27;[0m   "firstMatch": [
[debug] &amp#27;[38;5;32m[AndroidUiautomator2Driver@b227]&amp#27;[0m     {}
[debug] &amp#27;[38;5;32m[AndroidUiautomator2Driver@b227]&amp#27;[0m   ]
[debug] &amp#27;[38;5;32m[AndroidUiautomator2Driver@b227]&amp#27;[0m }
&amp#27;[38;5;32m[AndroidUiautomator2Driver@b227]&amp#27;[0m The following capabilities were provided, but are not recognized by Appium:
&amp#27;[38;5;32m[AndroidUiautomator2Driver@b227]&amp#27;[0m   deviceName
&amp#27;[38;5;32m[AndroidUiautomator2Driver@b227 (fe0cd291)]&amp#27;[0m Session created with session id: fe0cd291-8f79-4212-8568-b4785b2dee12
&amp#27;[38;5;48m[BaseDriver]&amp#27;[0m Using local app 'C:\Users\daniel.ogagavworia\Documents\Quickteller_Mobile_Automation//src//test//resources//APKS//flaggedDomain.apk'
[debug] &amp#27;[38;5;32m[AndroidUiautomator2Driver@b227 (fe0cd291)]&amp#27;[0m Checking whether app is actually present
&amp#27;[38;5;64m[ADB]&amp#27;[0m Found 2 'build-tools' folders under 'C:\Users\daniel.ogagavworia\Desktop\android-sdk' (newest first):
&amp#27;[38;5;64m[ADB]&amp#27;[0m     C:/Users/daniel.ogagavworia/Desktop/android-sdk/build-tools/34.0.0
&amp#27;[38;5;64m[ADB]&amp#27;[0m     C:/Users/daniel.ogagavworia/Desktop/android-sdk/build-tools/30.0.3
&amp#27;[38;5;64m[ADB]&amp#27;[0m Using 'adb.exe' from 'C:\Users\daniel.ogagavworia\Desktop\android-sdk\platform-tools\adb.exe'
[debug] &amp#27;[38;5;64m[ADB]&amp#27;[0m Running 'C:\Users\daniel.ogagavworia\Desktop\android-sdk\platform-tools\adb.exe -P 5037 start-server'
&amp#27;[38;5;80m[AndroidDriver]&amp#27;[0m Retrieving device list
[debug] &amp#27;[38;5;64m[ADB]&amp#27;[0m Trying to find a connected android device
[debug] &amp#27;[38;5;64m[ADB]&amp#27;[0m Getting connected devices
[debug] &amp#27;[38;5;64m[ADB]&amp#27;[0m Connected devices: [{"udid":"emulator-5554","state":"device"}]
&amp#27;[38;5;80m[AndroidDriver]&amp#27;[0m Using device: emulator-5554
&amp#27;[38;5;64m[ADB]&amp#27;[0m Using 'adb.exe' from 'C:\Users\daniel.ogagavworia\Desktop\android-sdk\platform-tools\adb.exe'
[debug] &amp#27;[38;5;64m[ADB]&amp#27;[0m Running 'C:\Users\daniel.ogagavworia\Desktop\android-sdk\platform-tools\adb.exe -P 5037 start-server'
[debug] &amp#27;[38;5;64m[ADB]&amp#27;[0m Setting device id to emulator-5554
[debug] &amp#27;[38;5;64m[ADB]&amp#27;[0m Running 'C:\Users\daniel.ogagavworia\Desktop\android-sdk\platform-tools\adb.exe -P 5037 -s emulator-5554 shell getprop ro.build.version.sdk'
[debug] &amp#27;[38;5;64m[ADB]&amp#27;[0m Current device property 'ro.build.version.sdk': 33
&amp#27;[38;5;64m[ADB]&amp#27;[0m Getting device platform version
[debug] &amp#27;[38;5;64m[ADB]&amp#27;[0m Running 'C:\Users\daniel.ogagavworia\Desktop\android-sdk\platform-tools\adb.exe -P 5037 -s emulator-5554 shell getprop ro.build.version.release'
[debug] &amp#27;[38;5;64m[ADB]&amp#27;[0m Current device property 'ro.build.version.release': 13
[debug] &amp#27;[38;5;64m[ADB]&amp#27;[0m Device API level: 33
&amp#27;[38;5;32m[AndroidUiautomator2Driver@b227 (fe0cd291)]&amp#27;[0m Relaxing hidden api policy
[debug] &amp#27;[38;5;64m[ADB]&amp#27;[0m Running 'C:\Users\daniel.ogagavworia\Desktop\android-sdk\platform-tools\adb.exe -P 5037 -s emulator-5554 shell 'settings put global hidden_api_policy_pre_p_apps 1;settings put global hidden_api_policy_p_apps 1;settings put global hidden_api_policy 1''
[debug] &amp#27;[38;5;80m[AndroidDriver]&amp#27;[0m Parsing package and activity from app manifest
&amp#27;[38;5;64m[ADB]&amp#27;[0m Package name: 'com.quickteller.app'
&amp#27;[38;5;64m[ADB]&amp#27;[0m Main activity name: 'com.quickteller.app.MainActivity'
[debug] &amp#27;[38;5;80m[AndroidDriver]&amp#27;[0m Parsed package and activity are: com.quickteller.app/com.quickteller.app.MainActivity
[debug] &amp#27;[38;5;64m[ADB]&amp#27;[0m Running 'C:\Users\daniel.ogagavworia\Desktop\android-sdk\platform-tools\adb.exe -P 5037 -s emulator-5554 wait-for-device'
[debug] &amp#27;[38;5;64m[ADB]&amp#27;[0m Running 'C:\Users\daniel.ogagavworia\Desktop\android-sdk\platform-tools\adb.exe -P 5037 -s emulator-5554 shell echo ping'
[debug] &amp#27;[38;5;80m[AndroidDriver]&amp#27;[0m Pushing settings apk to device...
[debug] &amp#27;[38;5;64m[ADB]&amp#27;[0m Getting package info for 'io.appium.settings'
[debug] &amp#27;[38;5;64m[ADB]&amp#27;[0m Running 'C:\Users\daniel.ogagavworia\Desktop\android-sdk\platform-tools\adb.exe -P 5037 -s emulator-5554 shell dumpsys package io.appium.settings'
[debug] &amp#27;[38;5;64m[ADB]&amp#27;[0m The version name of the installed 'io.appium.settings' is greater or equal to the application version name ('5.0.5' >= '5.0.5')
[debug] &amp#27;[38;5;64m[ADB]&amp#27;[0m There is no need to install/upgrade 'C:\Users\daniel.ogagavworia\.appium\node_modules\appium-uiautomator2-driver\node_modules\io.appium.settings\apks\settings_apk-debug.apk'
[debug] &amp#27;[38;5;64m[ADB]&amp#27;[0m Getting IDs of all 'io.appium.settings' processes
[debug] &amp#27;[38;5;64m[ADB]&amp#27;[0m Running 'C:\Users\daniel.ogagavworia\Desktop\android-sdk\platform-tools\adb.exe -P 5037 -s emulator-5554 shell 'pgrep --help; echo $?''
[debug] &amp#27;[38;5;64m[ADB]&amp#27;[0m Running 'C:\Users\daniel.ogagavworia\Desktop\android-sdk\platform-tools\adb.exe -P 5037 -s emulator-5554 shell pgrep -f \(\[\[:blank:\]\]\|\^\)io\.appium\.settings\(\[\[:blank:\]\]\|\$\)'
[debug] &amp#27;[38;5;80m[AndroidDriver]&amp#27;[0m io.appium.settings is already running. There is no need to reset its permissions.
[debug] &amp#27;[38;5;96m[Logcat]&amp#27;[0m Starting logs capture with command: C:\\Users\\daniel.ogagavworia\\Desktop\\android-sdk\\platform-tools\\adb.exe -P 5037 -s emulator-5554 logcat -v threadtime
[debug] &amp#27;[38;5;32m[AndroidUiautomator2Driver@b227 (fe0cd291)]&amp#27;[0m Forwarding UiAutomator2 Server port 6790 to local port 8200
[debug] &amp#27;[38;5;64m[ADB]&amp#27;[0m Forwarding system: 8200 to device: 6790
[debug] &amp#27;[38;5;64m[ADB]&amp#27;[0m Running 'C:\Users\daniel.ogagavworia\Desktop\android-sdk\platform-tools\adb.exe -P 5037 -s emulator-5554 forward tcp:8200 tcp:6790'
[debug] &amp#27;[38;5;64m[ADB]&amp#27;[0m Checking app cert for C:\Users\daniel.ogagavworia\.appium\node_modules\appium-uiautomator2-driver\node_modules\appium-uiautomator2-server\apks\appium-uiautomator2-server-v5.12.2.apk
[debug] &amp#27;[38;5;64m[ADB]&amp#27;[0m Checking app cert for C:\Users\daniel.ogagavworia\.appium\node_modules\appium-uiautomator2-driver\node_modules\appium-uiautomator2-server\apks\appium-uiautomator2-server-debug-androidTest.apk
&amp#27;[38;5;64m[ADB]&amp#27;[0m Using 'apksigner.jar' from 'C:\Users\daniel.ogagavworia\Desktop\android-sdk\build-tools\34.0.0\lib\apksigner.jar'
[debug] &amp#27;[38;5;64m[ADB]&amp#27;[0m Starting apksigner: 'C:\\Program Files\\Java\\jdk-21\\bin\\java.exe' -Xmx1024M -Xss1m -jar C:\\Users\\daniel.ogagavworia\\Desktop\\android-sdk\\build-tools\\34.0.0\\lib\\apksigner.jar verify --print-certs C:\\Users\\daniel.ogagavworia\\.appium\\node_modules\\appium-uiautomator2-driver\\node_modules\\appium-uiautomator2-server\\apks\\appium-uiautomator2-server-debug-androidTest.apk
[debug] &amp#27;[38;5;64m[ADB]&amp#27;[0m Starting apksigner: 'C:\\Program Files\\Java\\jdk-21\\bin\\java.exe' -Xmx1024M -Xss1m -jar C:\\Users\\daniel.ogagavworia\\Desktop\\android-sdk\\build-tools\\34.0.0\\lib\\apksigner.jar verify --print-certs C:\\Users\\daniel.ogagavworia\\.appium\\node_modules\\appium-uiautomator2-driver\\node_modules\\appium-uiautomator2-server\\apks\\appium-uiautomator2-server-v5.12.2.apk
[debug] &amp#27;[38;5;64m[ADB]&amp#27;[0m apksigner stdout: Signer #1 certificate DN: EMAILADDRESS=android@android.com, CN=Android, OU=Android, O=Android, L=Mountain View, ST=California, C=US
[debug] &amp#27;[38;5;64m[ADB]&amp#27;[0m Signer #1 certificate SHA-256 digest: a40da80a59d170caa950cf15c18c454d47a39b26989d8b640ecd745ba71bf5dc
[debug] &amp#27;[38;5;64m[ADB]&amp#27;[0m Signer #1 certificate SHA-1 digest: 61ed377e85d386a8dfee6b864bd85b0bfaa5af81
[debug] &amp#27;[38;5;64m[ADB]&amp#27;[0m Signer #1 certificate MD5 digest: e89b158e4bcf988ebd09eb83f5378e87
[debug] &amp#27;[38;5;64m[ADB]&amp#27;[0m 
[debug] &amp#27;[38;5;64m[ADB]&amp#27;[0m sha256 hash did match for 'appium-uiautomator2-server-debug-androidTest.apk'
&amp#27;[38;5;64m[ADB]&amp#27;[0m 'C:\Users\daniel.ogagavworia\.appium\node_modules\appium-uiautomator2-driver\node_modules\appium-uiautomator2-server\apks\appium-uiautomator2-server-debug-androidTest.apk' is signed with the default certificate
[debug] &amp#27;[38;5;64m[ADB]&amp#27;[0m Getting install status for io.appium.uiautomator2.server.test
[debug] &amp#27;[38;5;64m[ADB]&amp#27;[0m Running 'C:\Users\daniel.ogagavworia\Desktop\android-sdk\platform-tools\adb.exe -P 5037 -s emulator-5554 shell pm path io.appium.uiautomator2.server.test'
[debug] &amp#27;[38;5;64m[ADB]&amp#27;[0m 'io.appium.uiautomator2.server.test' is installed
[debug] &amp#27;[38;5;64m[ADB]&amp#27;[0m apksigner stdout: Signer #1 certificate DN: EMAILADDRESS=android@android.com, CN=Android, OU=Android, O=Android, L=Mountain View, ST=California, C=US
[debug] &amp#27;[38;5;64m[ADB]&amp#27;[0m Signer #1 certificate SHA-256 digest: a40da80a59d170caa950cf15c18c454d47a39b26989d8b640ecd745ba71bf5dc
[debug] &amp#27;[38;5;64m[ADB]&amp#27;[0m Signer #1 certificate SHA-1 digest: 61ed377e85d386a8dfee6b864bd85b0bfaa5af81
[debug] &amp#27;[38;5;64m[ADB]&amp#27;[0m Signer #1 certificate MD5 digest: e89b158e4bcf988ebd09eb83f5378e87
[debug] &amp#27;[38;5;64m[ADB]&amp#27;[0m 
[debug] &amp#27;[38;5;64m[ADB]&amp#27;[0m sha256 hash did match for 'appium-uiautomator2-server-v5.12.2.apk'
&amp#27;[38;5;64m[ADB]&amp#27;[0m 'C:\Users\daniel.ogagavworia\.appium\node_modules\appium-uiautomator2-driver\node_modules\appium-uiautomator2-server\apks\appium-uiautomator2-server-v5.12.2.apk' is signed with the default certificate
[debug] &amp#27;[38;5;64m[ADB]&amp#27;[0m Getting package info for 'io.appium.uiautomator2.server'
[debug] &amp#27;[38;5;64m[ADB]&amp#27;[0m Running 'C:\Users\daniel.ogagavworia\Desktop\android-sdk\platform-tools\adb.exe -P 5037 -s emulator-5554 shell dumpsys package io.appium.uiautomator2.server'
[debug] &amp#27;[38;5;64m[ADB]&amp#27;[0m The version name of the installed 'io.appium.uiautomator2.server' is greater or equal to the application version name ('5.12.2' >= '5.12.2')
[debug] &amp#27;[38;5;32m[AndroidUiautomator2Driver@b227 (fe0cd291)]&amp#27;[0m Server packages status: [{"wasSigned":true,"installState":"sameVersionInstalled","appPath":"C:\\Users\\daniel.ogagavworia\\.appium\\node_modules\\appium-uiautomator2-driver\\node_modules\\appium-uiautomator2-server\\apks\\appium-uiautomator2-server-v5.12.2.apk","appId":"io.appium.uiautomator2.server"},{"wasSigned":true,"installState":"sameVersionInstalled","appPath":"C:\\Users\\daniel.ogagavworia\\.appium\\node_modules\\appium-uiautomator2-driver\\node_modules\\appium-uiautomator2-server\\apks\\appium-uiautomator2-server-debug-androidTest.apk","appId":"io.appium.uiautomator2.server.test"}]
&amp#27;[38;5;32m[AndroidUiautomator2Driver@b227 (fe0cd291)]&amp#27;[0m Server packages are not going to be (re)installed
[debug] &amp#27;[38;5;32m[AndroidUiautomator2Driver@b227 (fe0cd291)]&amp#27;[0m Waiting up to 30000ms for services to be available
[debug] &amp#27;[38;5;64m[ADB]&amp#27;[0m Running 'C:\Users\daniel.ogagavworia\Desktop\android-sdk\platform-tools\adb.exe -P 5037 -s emulator-5554 shell pm list instrumentation'
[debug] &amp#27;[38;5;32m[AndroidUiautomator2Driver@b227 (fe0cd291)]&amp#27;[0m Instrumentation target 'io.appium.uiautomator2.server.test/androidx.test.runner.AndroidJUnitRunner' is available
&amp#27;[38;5;64m[ADB]&amp#27;[0m Adding packages ["io.appium.settings","io.appium.uiautomator2.server","io.appium.uiautomator2.server.test"] to Doze whitelist
[debug] &amp#27;[38;5;64m[ADB]&amp#27;[0m Got the following command chunks to execute: [["dumpsys","deviceidle","whitelist","+io.appium.settings",";","dumpsys","deviceidle","whitelist","+io.appium.uiautomator2.server",";","dumpsys","deviceidle","whitelist","+io.appium.uiautomator2.server.test",";"]]
[debug] &amp#27;[38;5;64m[ADB]&amp#27;[0m Running 'C:\Users\daniel.ogagavworia\Desktop\android-sdk\platform-tools\adb.exe -P 5037 -s emulator-5554 shell dumpsys deviceidle whitelist +io.appium.settings ; dumpsys deviceidle whitelist +io.appium.uiautomator2.server ; dumpsys deviceidle whitelist +io.appium.uiautomator2.server.test ;'
[debug] &amp#27;[38;5;64m[ADB]&amp#27;[0m Checking app cert for C:\Users\daniel.ogagavworia\Documents\Quickteller_Mobile_Automation//src//test//resources//APKS//flaggedDomain.apk
[debug] &amp#27;[38;5;64m[ADB]&amp#27;[0m Starting apksigner: 'C:\\Program Files\\Java\\jdk-21\\bin\\java.exe' -Xmx1024M -Xss1m -jar C:\\Users\\daniel.ogagavworia\\Desktop\\android-sdk\\build-tools\\34.0.0\\lib\\apksigner.jar verify --print-certs C:\\Users\\daniel.ogagavworia\\Documents\\Quickteller_Mobile_Automation//src//test//resources//APKS//flaggedDomain.apk
[debug] &amp#27;[38;5;64m[ADB]&amp#27;[0m apksigner stdout: Signer #1 certificate DN: CN=Adewale Balogun, OU=Group Shared Technology, O=Interswitch Limited, L=Victoria Island, ST=Lagos, C=NG
[debug] &amp#27;[38;5;64m[ADB]&amp#27;[0m Signer #1 certificate SHA-256 digest: dd32553e5745dc39804f0817b37988460655efbeec8438815d0719d6f93114b3
[debug] &amp#27;[38;5;64m[ADB]&amp#27;[0m Signer #1 certificate SHA-1 digest: e6aad12b44c611ac9f6d471f916960f8e3acfd2c
[debug] &amp#27;[38;5;64m[ADB]&amp#27;[0m Signer #1 certificate MD5 digest: c4e49bc2ae98a76524251ee95ace564e
[debug] &amp#27;[38;5;64m[ADB]&amp#27;[0m 
&amp#27;[38;5;64m[ADB]&amp#27;[0m 'C:\Users\daniel.ogagavworia\Documents\Quickteller_Mobile_Automation//src//test//resources//APKS//flaggedDomain.apk' is signed with a non-default certificate
[debug] &amp#27;[38;5;64m[ADB]&amp#27;[0m Getting package info for 'com.quickteller.app'
[debug] &amp#27;[38;5;64m[ADB]&amp#27;[0m Running 'C:\Users\daniel.ogagavworia\Desktop\android-sdk\platform-tools\adb.exe -P 5037 -s emulator-5554 shell dumpsys package com.quickteller.app'
[debug] &amp#27;[38;5;64m[ADB]&amp#27;[0m The version name of the installed 'com.quickteller.app' is greater or equal to the application version name ('1.0.50' >= '1.0.50')
[debug] &amp#27;[38;5;64m[ADB]&amp#27;[0m There is no need to install/upgrade 'C:\Users\daniel.ogagavworia\Documents\Quickteller_Mobile_Automation//src//test//resources//APKS//flaggedDomain.apk'
&amp#27;[38;5;80m[AndroidDriver]&amp#27;[0m Performing fast reset on 'com.quickteller.app'
[debug] &amp#27;[38;5;64m[ADB]&amp#27;[0m Getting install status for com.quickteller.app
[debug] &amp#27;[38;5;64m[ADB]&amp#27;[0m Running 'C:\Users\daniel.ogagavworia\Desktop\android-sdk\platform-tools\adb.exe -P 5037 -s emulator-5554 shell pm path com.quickteller.app'
[debug] &amp#27;[38;5;64m[ADB]&amp#27;[0m 'com.quickteller.app' is installed
[debug] &amp#27;[38;5;64m[ADB]&amp#27;[0m Running 'C:\Users\daniel.ogagavworia\Desktop\android-sdk\platform-tools\adb.exe -P 5037 -s emulator-5554 shell am force-stop com.quickteller.app'
[debug] &amp#27;[38;5;64m[ADB]&amp#27;[0m Running 'C:\Users\daniel.ogagavworia\Desktop\android-sdk\platform-tools\adb.exe -P 5037 -s emulator-5554 shell pm clear com.quickteller.app'
[debug] &amp#27;[38;5;80m[AndroidDriver]&amp#27;[0m Performed fast reset on the installed 'com.quickteller.app' application (stop and clear)
[debug] &amp#27;[38;5;32m[AndroidUiautomator2Driver@b227 (fe0cd291)]&amp#27;[0m Performing shallow cleanup of automation leftovers
[debug] &amp#27;[38;5;32m[AndroidUiautomator2Driver@b227 (fe0cd291)]&amp#27;[0m No obsolete sessions have been detected (socket hang up)
[debug] &amp#27;[38;5;64m[ADB]&amp#27;[0m Running 'C:\Users\daniel.ogagavworia\Desktop\android-sdk\platform-tools\adb.exe -P 5037 -s emulator-5554 shell am force-stop io.appium.uiautomator2.server.test'
&amp#27;[38;5;32m[AndroidUiautomator2Driver@b227 (fe0cd291)]&amp#27;[0m Starting UIAutomator2 server 5.12.2
&amp#27;[38;5;32m[AndroidUiautomator2Driver@b227 (fe0cd291)]&amp#27;[0m Using UIAutomator2 server from 'C:\Users\daniel.ogagavworia\.appium\node_modules\appium-uiautomator2-driver\node_modules\appium-uiautomator2-server\apks\appium-uiautomator2-server-v5.12.2.apk' and test from 'C:\Users\daniel.ogagavworia\.appium\node_modules\appium-uiautomator2-driver\node_modules\appium-uiautomator2-server\apks\appium-uiautomator2-server-debug-androidTest.apk'
&amp#27;[38;5;32m[AndroidUiautomator2Driver@b227 (fe0cd291)]&amp#27;[0m Waiting up to 30000ms for UiAutomator2 to be online...
[debug] &amp#27;[38;5;64m[ADB]&amp#27;[0m Creating ADB subprocess with args: ["-P","5037","-s","emulator-5554","shell","am","instrument","-w","-e","disableAnalytics",true,"io.appium.uiautomator2.server.test/androidx.test.runner.AndroidJUnitRunner"]
[debug] &amp#27;[38;5;32m[AndroidUiautomator2Driver@b227 (fe0cd291)]&amp#27;[0m Matched '/status' to command name 'getStatus'
[debug] &amp#27;[38;5;32m[AndroidUiautomator2Driver@b227 (fe0cd291)]&amp#27;[0m Proxying [GET /status] to [GET http://127.0.0.1:8200/status] with no body
&amp#27;[38;5;32m[AndroidUiautomator2Driver@b227 (fe0cd291)]&amp#27;[0m socket hang up
[debug] &amp#27;[38;5;112m[Instrumentation]&amp#27;[0m io.appium.uiautomator2.server.test.AppiumUiAutomator2Server:
[debug] &amp#27;[38;5;32m[AndroidUiautomator2Driver@b227 (fe0cd291)]&amp#27;[0m Matched '/status' to command name 'getStatus'
[debug] &amp#27;[38;5;32m[AndroidUiautomator2Driver@b227 (fe0cd291)]&amp#27;[0m Proxying [GET /status] to [GET http://127.0.0.1:8200/status] with no body
&amp#27;[38;5;32m[AndroidUiautomator2Driver@b227 (fe0cd291)]&amp#27;[0m socket hang up
[debug] &amp#27;[38;5;32m[AndroidUiautomator2Driver@b227 (fe0cd291)]&amp#27;[0m Matched '/status' to command name 'getStatus'
[debug] &amp#27;[38;5;32m[AndroidUiautomator2Driver@b227 (fe0cd291)]&amp#27;[0m Proxying [GET /status] to [GET http://127.0.0.1:8200/status] with no body
&amp#27;[38;5;32m[AndroidUiautomator2Driver@b227 (fe0cd291)]&amp#27;[0m socket hang up
[debug] &amp#27;[38;5;32m[AndroidUiautomator2Driver@b227 (fe0cd291)]&amp#27;[0m Matched '/status' to command name 'getStatus'
[debug] &amp#27;[38;5;32m[AndroidUiautomator2Driver@b227 (fe0cd291)]&amp#27;[0m Proxying [GET /status] to [GET http://127.0.0.1:8200/status] with no body
[debug] &amp#27;[38;5;32m[AndroidUiautomator2Driver@b227 (fe0cd291)]&amp#27;[0m Got response with status 200: {"sessionId":"None","value":{"message":"UiAutomator2 Server is ready to accept commands","ready":true}}
[debug] &amp#27;[38;5;32m[AndroidUiautomator2Driver@b227 (fe0cd291)]&amp#27;[0m The initialization of the instrumentation process took 3163ms
[debug] &amp#27;[38;5;32m[AndroidUiautomator2Driver@b227 (fe0cd291)]&amp#27;[0m Matched '/session' to command name 'createSession'
[debug] &amp#27;[38;5;32m[AndroidUiautomator2Driver@b227 (fe0cd291)]&amp#27;[0m Proxying [POST /session] to [POST http://127.0.0.1:8200/session] with body: {"capabilities":{"firstMatch":[{"platform":"LINUX","webStorageEnabled":false,"takesScreenshot":true,"javascriptEnabled":true,"databaseEnabled":false,"networkConnectionEnabled":true,"locationContextEnabled":false,"warnings":{},"desired":{"platformName":"ANDROID","app":"C:\\Users\\daniel.ogagavworia\\Documents\\Quickteller_Mobile_Automation//src//test//resources//APKS//flaggedDomain.apk","automationName":"UIAutomator2","deviceName":"Pixel"},"platformName":"ANDROID","app":"C:\\Users\\daniel.ogagavworia\\Documents\\Quickteller_Mobile_Automation//src//test//resources//APKS//flaggedDomain.apk","automationName":"UIAutomator2","deviceName":"emulator-5554","deviceUDID":"emulator-5554","appPackage":"com.quickteller.app"}],"alwaysMatch":{}}}
[debug] &amp#27;[38;5;32m[AndroidUiautomator2Driver@b227 (fe0cd291)]&amp#27;[0m Got response with status 200: {"sessionId":"85989a46-cbdd-4bd4-a501-a859808a0843","value":{"capabilities":{"firstMatch":[{"platform":"LINUX","webStorageEnabled":false,"takesScreenshot":true,"javascriptEnabled":true,"databaseEnabled":false,"networkConnectionEnabled":true,"locationContextEnabled":false,"warnings":{},"desired":{"platformName":"ANDROID","app":"C:\\Users\\daniel.ogagavworia\\Documents\\Quickteller_Mobile_Automation//src//test//resources//APKS//flaggedDomain.apk","automationName":"UIAutomator2","deviceName":"Pixel"},"platformName":"ANDROID","app":"C:\\Users\\daniel.ogagavworia\\Documents\\Quickteller_Mobile_Automation//src//test//resources//APKS//flaggedDomain.apk","automationName":"UIAutomator2","deviceName":"emulator-5554","deviceUDID":"emulator-5554","appPackage":"com.quickteller.app"}],"alwaysMatch":{}},"sessionId":"85989a46-cbdd-4bd4-a501-a859808a0843"}}
&amp#27;[38;5;32m[AndroidUiautomator2Driver@b227 (fe0cd291)]&amp#27;[0m Determined the downstream protocol as 'W3C'
[debug] &amp#27;[38;5;32m[AndroidUiautomator2Driver@b227 (fe0cd291)]&amp#27;[0m Proxying [GET /appium/device/info] to [GET http://127.0.0.1:8200/session/85989a46-cbdd-4bd4-a501-a859808a0843/appium/device/info] with no body
[debug] &amp#27;[38;5;32m[AndroidUiautomator2Driver@b227 (fe0cd291)]&amp#27;[0m Got response with status 200: {"sessionId":"85989a46-cbdd-4bd4-a501-a859808a0843","value":{"androidId":"b6946f634f9ed49e","apiVersion":"33","bluetooth":{"state":"ON"},"brand":"google","carrierName":"T-Mobile","displayDensity":420,"locale":"en_US","manufacturer":"Google","model":"sdk_gphone_x86_64","networks":[{"capabilities":{"SSID":null,"linkDownBandwidthKbps":30000,"linkUpstreamBandwidthKbps":12000,"networkCapabilities":"NET_CAPABILITY_NOT_METERED,NET_CAPABILITY_INTERNET,NET_CAPABILITY_NOT_RESTRICTED,NET_CAPABILITY_TRUSTED,NET_CAPABILITY_NOT_VPN,NET_CAPABILITY_VALIDATED,NET_CAPABILITY_NOT_ROAMING,NET_CAPABILITY_FOREGROUND,NET_CAPABILITY_NOT_CONGESTED,NET_CAPABILITY_NOT_SUSPENDED","signalStrength":-50,"transportTypes":"TRANSPORT_WIFI"},"detailedState":"CONNECTED","extraInfo":"","isAvailable":true,"isConnected":true,"isFailover":false,"isRoaming":false,"state":"CONNECTED","subtype":-1,"subtypeName":"","type":1,"typeName":"WIFI"},{"capabilities":{"SSID":null,"linkDownBandwidthKbps":4300,"linkUpstreamBandwidthKbps":1800,"networkCapabilit...
[debug] &amp#27;[38;5;64m[ADB]&amp#27;[0m Running 'C:\Users\daniel.ogagavworia\Desktop\android-sdk\platform-tools\adb.exe -P 5037 -s emulator-5554 shell dumpsys window'
&amp#27;[38;5;80m[AndroidDriver]&amp#27;[0m Screen already unlocked, doing nothing
&amp#27;[38;5;32m[AndroidUiautomator2Driver@b227 (fe0cd291)]&amp#27;[0m Starting 'com.quickteller.app/com.quickteller.app.MainActivity and waiting for 'com.quickteller.app/com.quickteller.app.MainActivity'
[debug] &amp#27;[38;5;64m[ADB]&amp#27;[0m Running 'C:\Users\daniel.ogagavworia\Desktop\android-sdk\platform-tools\adb.exe -P 5037 -s emulator-5554 shell am start -W -n com.quickteller.app/com.quickteller.app.MainActivity -S -a android.intent.action.MAIN -c android.intent.category.LAUNCHER -f 0x10200000'
[debug] &amp#27;[38;5;64m[ADB]&amp#27;[0m Waiting up to 20000ms for activity matching pkg: 'com.quickteller.app' and activity: 'com.quickteller.app.MainActivity' to be focused
[debug] &amp#27;[38;5;64m[ADB]&amp#27;[0m Possible activities, to be checked: 'com.quickteller.app.MainActivity', 'com.quickteller.app.com.quickteller.app.MainActivity'
[debug] &amp#27;[38;5;64m[ADB]&amp#27;[0m Getting focused package and activity
[debug] &amp#27;[38;5;64m[ADB]&amp#27;[0m Running 'C:\Users\daniel.ogagavworia\Desktop\android-sdk\platform-tools\adb.exe -P 5037 -s emulator-5554 shell dumpsys window displays'
[debug] &amp#27;[38;5;64m[ADB]&amp#27;[0m Found package: 'com.quickteller.app' and fully qualified activity name : 'com.quickteller.app.MainActivity'
[debug] &amp#27;[38;5;32m[AndroidUiautomator2Driver@b227 (fe0cd291)]&amp#27;[0m Proxying [GET /appium/device/pixel_ratio] to [GET http://127.0.0.1:8200/session/85989a46-cbdd-4bd4-a501-a859808a0843/appium/device/pixel_ratio] with no body
[debug] &amp#27;[38;5;32m[AndroidUiautomator2Driver@b227 (fe0cd291)]&amp#27;[0m Got response with status 200: {"sessionId":"85989a46-cbdd-4bd4-a501-a859808a0843","value":2.625}
[debug] &amp#27;[38;5;32m[AndroidUiautomator2Driver@b227 (fe0cd291)]&amp#27;[0m Matched '/appium/device/system_bars' to command name 'getSystemBars'
[debug] &amp#27;[38;5;32m[AndroidUiautomator2Driver@b227 (fe0cd291)]&amp#27;[0m Proxying [GET /appium/device/system_bars] to [GET http://127.0.0.1:8200/session/85989a46-cbdd-4bd4-a501-a859808a0843/appium/device/system_bars] with no body
[debug] &amp#27;[38;5;32m[AndroidUiautomator2Driver@b227 (fe0cd291)]&amp#27;[0m Got response with status 200: {"sessionId":"85989a46-cbdd-4bd4-a501-a859808a0843","value":{"statusBar":136}}
[debug] &amp#27;[38;5;32m[AndroidUiautomator2Driver@b227 (fe0cd291)]&amp#27;[0m Matched '/window/current/size' to command name 'getWindowSize'
[debug] &amp#27;[38;5;32m[AndroidUiautomator2Driver@b227 (fe0cd291)]&amp#27;[0m Proxying [GET /window/current/size] to [GET http://127.0.0.1:8200/session/85989a46-cbdd-4bd4-a501-a859808a0843/window/current/size] with no body
[debug] &amp#27;[38;5;32m[AndroidUiautomator2Driver@b227 (fe0cd291)]&amp#27;[0m Got response with status 200: {"sessionId":"85989a46-cbdd-4bd4-a501-a859808a0843","value":{"height":2201,"width":1080}}
&amp#27;[38;5;16m[AppiumDriver@6ebe]&amp#27;[0m New AndroidUiautomator2Driver session created successfully, session fe0cd291-8f79-4212-8568-b4785b2dee12 added to master session list
[debug] &amp#27;[38;5;16m[AppiumDriver@6ebe]&amp#27;[0m Event 'newSessionStarted' logged at 1697717004158 (13:03:24 GMT+0100 (West Africa Standard Time))
[debug] &amp#27;[38;5;32m[AndroidUiautomator2Driver@b227 (fe0cd291)]&amp#27;[0m Cached the protocol value 'W3C' for the new session fe0cd291-8f79-4212-8568-b4785b2dee12
[debug] &amp#27;[38;5;32m[AndroidUiautomator2Driver@b227 (fe0cd291)]&amp#27;[0m Responding to client with driver.createSession() result: {"capabilities":{"platform":"LINUX","webStorageEnabled":false,"takesScreenshot":true,"javascriptEnabled":true,"databaseEnabled":false,"networkConnectionEnabled":true,"locationContextEnabled":false,"warnings":{},"desired":{"platformName":"ANDROID","app":"C:\\Users\\daniel.ogagavworia\\Documents\\Quickteller_Mobile_Automation//src//test//resources//APKS//flaggedDomain.apk","automationName":"UIAutomator2","deviceName":"Pixel"},"platformName":"ANDROID","app":"C:\\Users\\daniel.ogagavworia\\Documents\\Quickteller_Mobile_Automation//src//test//resources//APKS//flaggedDomain.apk","automationName":"UIAutomator2","deviceName":"emulator-5554","deviceUDID":"emulator-5554","appPackage":"com.quickteller.app","deviceApiLevel":33,"platformVersion":"13","deviceScreenSize":"1080x2400","deviceScreenDensity":420,"deviceModel":"sdk_gphone_x86_64","deviceManufacturer":"Google","pixelRatio":2.625,"statBarHeight":136,"viewportRect":{"left":0,"top":136,"width":1080,"height":2065}}}
&amp#27;[38;5;0m[HTTP]&amp#27;[0m &amp#27;[37m<-- POST /session &amp#27;[39m&amp#27;[32m200&amp#27;[39m &amp#27;[90m10528 ms - 1033&amp#27;[39m
&amp#27;[38;5;0m[HTTP]&amp#27;[0m &amp#27;[90m&amp#27;[39m
&amp#27;[38;5;0m[HTTP]&amp#27;[0m &amp#27;[37m-->&amp#27;[39m &amp#27;[37mPOST&amp#27;[39m &amp#27;[37m/session/fe0cd291-8f79-4212-8568-b4785b2dee12/timeouts&amp#27;[39m
&amp#27;[38;5;0m[HTTP]&amp#27;[0m &amp#27;[90m{"implicit":6000}&amp#27;[39m
[debug] &amp#27;[38;5;32m[AndroidUiautomator2Driver@b227 (fe0cd291)]&amp#27;[0m Calling AppiumDriver.timeouts() with args: [null,null,null,null,6000,"fe0cd291-8f79-4212-8568-b4785b2dee12"]
[debug] &amp#27;[38;5;32m[AndroidUiautomator2Driver@b227 (fe0cd291)]&amp#27;[0m W3C timeout argument: {"implicit":6000}}
[debug] &amp#27;[38;5;32m[AndroidUiautomator2Driver@b227 (fe0cd291)]&amp#27;[0m Set implicit wait to 6000ms
[debug] &amp#27;[38;5;32m[AndroidUiautomator2Driver@b227 (fe0cd291)]&amp#27;[0m Responding to client with driver.timeouts() result: null
&amp#27;[38;5;0m[HTTP]&amp#27;[0m &amp#27;[37m<-- POST /session/fe0cd291-8f79-4212-8568-b4785b2dee12/timeouts &amp#27;[39m&amp#27;[32m200&amp#27;[39m &amp#27;[90m2 ms - 14&amp#27;[39m
&amp#27;[38;5;0m[HTTP]&amp#27;[0m &amp#27;[90m&amp#27;[39m
&amp#27;[38;5;0m[HTTP]&amp#27;[0m &amp#27;[37m-->&amp#27;[39m &amp#27;[37mPOST&amp#27;[39m &amp#27;[37m/session/fe0cd291-8f79-4212-8568-b4785b2dee12/element&amp#27;[39m
&amp#27;[38;5;0m[HTTP]&amp#27;[0m &amp#27;[90m{"using":"xpath","value":"//android.widget.Button[@text='Allow']"}&amp#27;[39m
[debug] &amp#27;[38;5;32m[AndroidUiautomator2Driver@b227 (fe0cd291)]&amp#27;[0m Calling AppiumDriver.findElement() with args: ["xpath","//android.widget.Button[@text='Allow']","fe0cd291-8f79-4212-8568-b4785b2dee12"]
[debug] &amp#27;[38;5;32m[AndroidUiautomator2Driver@b227 (fe0cd291)]&amp#27;[0m Valid locator strategies for this request: xpath, id, class name, accessibility id, css selector, -android uiautomator
[debug] &amp#27;[38;5;32m[AndroidUiautomator2Driver@b227 (fe0cd291)]&amp#27;[0m Waiting up to 6000 ms for condition
[debug] &amp#27;[38;5;32m[AndroidUiautomator2Driver@b227 (fe0cd291)]&amp#27;[0m Matched '/element' to command name 'findElement'
[debug] &amp#27;[38;5;32m[AndroidUiautomator2Driver@b227 (fe0cd291)]&amp#27;[0m Proxying [POST /element] to [POST http://127.0.0.1:8200/session/85989a46-cbdd-4bd4-a501-a859808a0843/element] with body: {"strategy":"xpath","selector":"//android.widget.Button[@text='Allow']","context":"","multiple":false}
&amp#27;[38;5;32m[AndroidUiautomator2Driver@b227 (fe0cd291)]&amp#27;[0m Got response with status 404: {"sessionId":"85989a46-cbdd-4bd4-a501-a859808a0843","value":{"error":"no such element","message":"An element could not be located on the page using the given search parameters","stacktrace":"io.appium.uiautomator2.common.exceptions.ElementNotFoundException: An element could not be located on the page using the given search parameters\n\tat io.appium.uiautomator2.utils.ElementLocationHelpers.findElement(ElementLocationHelpers.java:156)\n\tat io.appium.uiautomator2.handler.FindElement.safeHandle(FindElement.java:60)\n\tat io.appium.uiautomator2.handler.request.SafeRequestHandler.handle(SafeRequestHandler.java:59)\n\tat io.appium.uiautomator2.server.AppiumServlet.handleRequest(AppiumServlet.java:277)\n\tat io.appium.uiautomator2.server.AppiumServlet.handleHttpRequest(AppiumServlet.java:271)\n\tat io.appium.uiautomator2.http.ServerHandler.channelRead(ServerHandler.java:68)\n\tat io.netty.channel.AbstractChannelHandlerContext.invokeChannelRead(AbstractChannelHandlerContext.java:366)\n\tat io.netty.channel.Abstr...
[debug] &amp#27;[38;5;128m[W3C]&amp#27;[0m Matched W3C error code 'no such element' to NoSuchElementError
[debug] &amp#27;[38;5;32m[AndroidUiautomator2Driver@b227 (fe0cd291)]&amp#27;[0m Waited for 1164 ms so far
[debug] &amp#27;[38;5;32m[AndroidUiautomator2Driver@b227 (fe0cd291)]&amp#27;[0m Matched '/element' to command name 'findElement'
[debug] &amp#27;[38;5;32m[AndroidUiautomator2Driver@b227 (fe0cd291)]&amp#27;[0m Proxying [POST /element] to [POST http://127.0.0.1:8200/session/85989a46-cbdd-4bd4-a501-a859808a0843/element] with body: {"strategy":"xpath","selector":"//android.widget.Button[@text='Allow']","context":"","multiple":false}
&amp#27;[38;5;32m[AndroidUiautomator2Driver@b227 (fe0cd291)]&amp#27;[0m Got response with status 404: {"sessionId":"85989a46-cbdd-4bd4-a501-a859808a0843","value":{"error":"no such element","message":"An element could not be located on the page using the given search parameters","stacktrace":"io.appium.uiautomator2.common.exceptions.ElementNotFoundException: An element could not be located on the page using the given search parameters\n\tat io.appium.uiautomator2.utils.ElementLocationHelpers.findElement(ElementLocationHelpers.java:156)\n\tat io.appium.uiautomator2.handler.FindElement.safeHandle(FindElement.java:60)\n\tat io.appium.uiautomator2.handler.request.SafeRequestHandler.handle(SafeRequestHandler.java:59)\n\tat io.appium.uiautomator2.server.AppiumServlet.handleRequest(AppiumServlet.java:277)\n\tat io.appium.uiautomator2.server.AppiumServlet.handleHttpRequest(AppiumServlet.java:271)\n\tat io.appium.uiautomator2.http.ServerHandler.channelRead(ServerHandler.java:68)\n\tat io.netty.channel.AbstractChannelHandlerContext.invokeChannelRead(AbstractChannelHandlerContext.java:366)\n\tat io.netty.channel.Abstr...
[debug] &amp#27;[38;5;128m[W3C]&amp#27;[0m Matched W3C error code 'no such element' to NoSuchElementError
[debug] &amp#27;[38;5;32m[AndroidUiautomator2Driver@b227 (fe0cd291)]&amp#27;[0m Waited for 1715 ms so far
[debug] &amp#27;[38;5;32m[AndroidUiautomator2Driver@b227 (fe0cd291)]&amp#27;[0m Matched '/element' to command name 'findElement'
[debug] &amp#27;[38;5;32m[AndroidUiautomator2Driver@b227 (fe0cd291)]&amp#27;[0m Proxying [POST /element] to [POST http://127.0.0.1:8200/session/85989a46-cbdd-4bd4-a501-a859808a0843/element] with body: {"strategy":"xpath","selector":"//android.widget.Button[@text='Allow']","context":"","multiple":false}
&amp#27;[38;5;32m[AndroidUiautomator2Driver@b227 (fe0cd291)]&amp#27;[0m Got response with status 404: {"sessionId":"85989a46-cbdd-4bd4-a501-a859808a0843","value":{"error":"no such element","message":"An element could not be located on the page using the given search parameters","stacktrace":"io.appium.uiautomator2.common.exceptions.ElementNotFoundException: An element could not be located on the page using the given search parameters\n\tat io.appium.uiautomator2.utils.ElementLocationHelpers.findElement(ElementLocationHelpers.java:156)\n\tat io.appium.uiautomator2.handler.FindElement.safeHandle(FindElement.java:60)\n\tat io.appium.uiautomator2.handler.request.SafeRequestHandler.handle(SafeRequestHandler.java:59)\n\tat io.appium.uiautomator2.server.AppiumServlet.handleRequest(AppiumServlet.java:277)\n\tat io.appium.uiautomator2.server.AppiumServlet.handleHttpRequest(AppiumServlet.java:271)\n\tat io.appium.uiautomator2.http.ServerHandler.channelRead(ServerHandler.java:68)\n\tat io.netty.channel.AbstractChannelHandlerContext.invokeChannelRead(AbstractChannelHandlerContext.java:366)\n\tat io.netty.channel.Abstr...
[debug] &amp#27;[38;5;128m[W3C]&amp#27;[0m Matched W3C error code 'no such element' to NoSuchElementError
[debug] &amp#27;[38;5;32m[AndroidUiautomator2Driver@b227 (fe0cd291)]&amp#27;[0m Waited for 2251 ms so far
[debug] &amp#27;[38;5;32m[AndroidUiautomator2Driver@b227 (fe0cd291)]&amp#27;[0m Matched '/element' to command name 'findElement'
[debug] &amp#27;[38;5;32m[AndroidUiautomator2Driver@b227 (fe0cd291)]&amp#27;[0m Proxying [POST /element] to [POST http://127.0.0.1:8200/session/85989a46-cbdd-4bd4-a501-a859808a0843/element] with body: {"strategy":"xpath","selector":"//android.widget.Button[@text='Allow']","context":"","multiple":false}
&amp#27;[38;5;32m[AndroidUiautomator2Driver@b227 (fe0cd291)]&amp#27;[0m Got response with status 404: {"sessionId":"85989a46-cbdd-4bd4-a501-a859808a0843","value":{"error":"no such element","message":"An element could not be located on the page using the given search parameters","stacktrace":"io.appium.uiautomator2.common.exceptions.ElementNotFoundException: An element could not be located on the page using the given search parameters\n\tat io.appium.uiautomator2.utils.ElementLocationHelpers.findElement(ElementLocationHelpers.java:156)\n\tat io.appium.uiautomator2.handler.FindElement.safeHandle(FindElement.java:60)\n\tat io.appium.uiautomator2.handler.request.SafeRequestHandler.handle(SafeRequestHandler.java:59)\n\tat io.appium.uiautomator2.server.AppiumServlet.handleRequest(AppiumServlet.java:277)\n\tat io.appium.uiautomator2.server.AppiumServlet.handleHttpRequest(AppiumServlet.java:271)\n\tat io.appium.uiautomator2.http.ServerHandler.channelRead(ServerHandler.java:68)\n\tat io.netty.channel.AbstractChannelHandlerContext.invokeChannelRead(AbstractChannelHandlerContext.java:366)\n\tat io.netty.channel.Abstr...
[debug] &amp#27;[38;5;128m[W3C]&amp#27;[0m Matched W3C error code 'no such element' to NoSuchElementError
[debug] &amp#27;[38;5;32m[AndroidUiautomator2Driver@b227 (fe0cd291)]&amp#27;[0m Waited for 2790 ms so far
[debug] &amp#27;[38;5;32m[AndroidUiautomator2Driver@b227 (fe0cd291)]&amp#27;[0m Matched '/element' to command name 'findElement'
[debug] &amp#27;[38;5;32m[AndroidUiautomator2Driver@b227 (fe0cd291)]&amp#27;[0m Proxying [POST /element] to [POST http://127.0.0.1:8200/session/85989a46-cbdd-4bd4-a501-a859808a0843/element] with body: {"strategy":"xpath","selector":"//android.widget.Button[@text='Allow']","context":"","multiple":false}
&amp#27;[38;5;32m[AndroidUiautomator2Driver@b227 (fe0cd291)]&amp#27;[0m Got response with status 404: {"sessionId":"85989a46-cbdd-4bd4-a501-a859808a0843","value":{"error":"no such element","message":"An element could not be located on the page using the given search parameters","stacktrace":"io.appium.uiautomator2.common.exceptions.ElementNotFoundException: An element could not be located on the page using the given search parameters\n\tat io.appium.uiautomator2.utils.ElementLocationHelpers.findElement(ElementLocationHelpers.java:156)\n\tat io.appium.uiautomator2.handler.FindElement.safeHandle(FindElement.java:60)\n\tat io.appium.uiautomator2.handler.request.SafeRequestHandler.handle(SafeRequestHandler.java:59)\n\tat io.appium.uiautomator2.server.AppiumServlet.handleRequest(AppiumServlet.java:277)\n\tat io.appium.uiautomator2.server.AppiumServlet.handleHttpRequest(AppiumServlet.java:271)\n\tat io.appium.uiautomator2.http.ServerHandler.channelRead(ServerHandler.java:68)\n\tat io.netty.channel.AbstractChannelHandlerContext.invokeChannelRead(AbstractChannelHandlerContext.java:366)\n\tat io.netty.channel.Abstr...
[debug] &amp#27;[38;5;128m[W3C]&amp#27;[0m Matched W3C error code 'no such element' to NoSuchElementError
[debug] &amp#27;[38;5;32m[AndroidUiautomator2Driver@b227 (fe0cd291)]&amp#27;[0m Waited for 3328 ms so far
[debug] &amp#27;[38;5;32m[AndroidUiautomator2Driver@b227 (fe0cd291)]&amp#27;[0m Matched '/element' to command name 'findElement'
[debug] &amp#27;[38;5;32m[AndroidUiautomator2Driver@b227 (fe0cd291)]&amp#27;[0m Proxying [POST /element] to [POST http://127.0.0.1:8200/session/85989a46-cbdd-4bd4-a501-a859808a0843/element] with body: {"strategy":"xpath","selector":"//android.widget.Button[@text='Allow']","context":"","multiple":false}
&amp#27;[38;5;32m[AndroidUiautomator2Driver@b227 (fe0cd291)]&amp#27;[0m Got response with status 404: {"sessionId":"85989a46-cbdd-4bd4-a501-a859808a0843","value":{"error":"no such element","message":"An element could not be located on the page using the given search parameters","stacktrace":"io.appium.uiautomator2.common.exceptions.ElementNotFoundException: An element could not be located on the page using the given search parameters\n\tat io.appium.uiautomator2.utils.ElementLocationHelpers.findElement(ElementLocationHelpers.java:156)\n\tat io.appium.uiautomator2.handler.FindElement.safeHandle(FindElement.java:60)\n\tat io.appium.uiautomator2.handler.request.SafeRequestHandler.handle(SafeRequestHandler.java:59)\n\tat io.appium.uiautomator2.server.AppiumServlet.handleRequest(AppiumServlet.java:277)\n\tat io.appium.uiautomator2.server.AppiumServlet.handleHttpRequest(AppiumServlet.java:271)\n\tat io.appium.uiautomator2.http.ServerHandler.channelRead(ServerHandler.java:68)\n\tat io.netty.channel.AbstractChannelHandlerContext.invokeChannelRead(AbstractChannelHandlerContext.java:366)\n\tat io.netty.channel.Abstr...
[debug] &amp#27;[38;5;128m[W3C]&amp#27;[0m Matched W3C error code 'no such element' to NoSuchElementError
[debug] &amp#27;[38;5;32m[AndroidUiautomator2Driver@b227 (fe0cd291)]&amp#27;[0m Waited for 3861 ms so far
[debug] &amp#27;[38;5;32m[AndroidUiautomator2Driver@b227 (fe0cd291)]&amp#27;[0m Matched '/element' to command name 'findElement'
[debug] &amp#27;[38;5;32m[AndroidUiautomator2Driver@b227 (fe0cd291)]&amp#27;[0m Proxying [POST /element] to [POST http://127.0.0.1:8200/session/85989a46-cbdd-4bd4-a501-a859808a0843/element] with body: {"strategy":"xpath","selector":"//android.widget.Button[@text='Allow']","context":"","multiple":false}
&amp#27;[38;5;32m[AndroidUiautomator2Driver@b227 (fe0cd291)]&amp#27;[0m Got response with status 404: {"sessionId":"85989a46-cbdd-4bd4-a501-a859808a0843","value":{"error":"no such element","message":"An element could not be located on the page using the given search parameters","stacktrace":"io.appium.uiautomator2.common.exceptions.ElementNotFoundException: An element could not be located on the page using the given search parameters\n\tat io.appium.uiautomator2.utils.ElementLocationHelpers.findElement(ElementLocationHelpers.java:156)\n\tat io.appium.uiautomator2.handler.FindElement.safeHandle(FindElement.java:60)\n\tat io.appium.uiautomator2.handler.request.SafeRequestHandler.handle(SafeRequestHandler.java:59)\n\tat io.appium.uiautomator2.server.AppiumServlet.handleRequest(AppiumServlet.java:277)\n\tat io.appium.uiautomator2.server.AppiumServlet.handleHttpRequest(AppiumServlet.java:271)\n\tat io.appium.uiautomator2.http.ServerHandler.channelRead(ServerHandler.java:68)\n\tat io.netty.channel.AbstractChannelHandlerContext.invokeChannelRead(AbstractChannelHandlerContext.java:366)\n\tat io.netty.channel.Abstr...
[debug] &amp#27;[38;5;128m[W3C]&amp#27;[0m Matched W3C error code 'no such element' to NoSuchElementError
[debug] &amp#27;[38;5;32m[AndroidUiautomator2Driver@b227 (fe0cd291)]&amp#27;[0m Waited for 4391 ms so far
[debug] &amp#27;[38;5;32m[AndroidUiautomator2Driver@b227 (fe0cd291)]&amp#27;[0m Matched '/element' to command name 'findElement'
[debug] &amp#27;[38;5;32m[AndroidUiautomator2Driver@b227 (fe0cd291)]&amp#27;[0m Proxying [POST /element] to [POST http://127.0.0.1:8200/session/85989a46-cbdd-4bd4-a501-a859808a0843/element] with body: {"strategy":"xpath","selector":"//android.widget.Button[@text='Allow']","context":"","multiple":false}
&amp#27;[38;5;32m[AndroidUiautomator2Driver@b227 (fe0cd291)]&amp#27;[0m Got response with status 404: {"sessionId":"85989a46-cbdd-4bd4-a501-a859808a0843","value":{"error":"no such element","message":"An element could not be located on the page using the given search parameters","stacktrace":"io.appium.uiautomator2.common.exceptions.ElementNotFoundException: An element could not be located on the page using the given search parameters\n\tat io.appium.uiautomator2.utils.ElementLocationHelpers.findElement(ElementLocationHelpers.java:156)\n\tat io.appium.uiautomator2.handler.FindElement.safeHandle(FindElement.java:60)\n\tat io.appium.uiautomator2.handler.request.SafeRequestHandler.handle(SafeRequestHandler.java:59)\n\tat io.appium.uiautomator2.server.AppiumServlet.handleRequest(AppiumServlet.java:277)\n\tat io.appium.uiautomator2.server.AppiumServlet.handleHttpRequest(AppiumServlet.java:271)\n\tat io.appium.uiautomator2.http.ServerHandler.channelRead(ServerHandler.java:68)\n\tat io.netty.channel.AbstractChannelHandlerContext.invokeChannelRead(AbstractChannelHandlerContext.java:366)\n\tat io.netty.channel.Abstr...
[debug] &amp#27;[38;5;128m[W3C]&amp#27;[0m Matched W3C error code 'no such element' to NoSuchElementError
[debug] &amp#27;[38;5;32m[AndroidUiautomator2Driver@b227 (fe0cd291)]&amp#27;[0m Waited for 4937 ms so far
[debug] &amp#27;[38;5;32m[AndroidUiautomator2Driver@b227 (fe0cd291)]&amp#27;[0m Matched '/element' to command name 'findElement'
[debug] &amp#27;[38;5;32m[AndroidUiautomator2Driver@b227 (fe0cd291)]&amp#27;[0m Proxying [POST /element] to [POST http://127.0.0.1:8200/session/85989a46-cbdd-4bd4-a501-a859808a0843/element] with body: {"strategy":"xpath","selector":"//android.widget.Button[@text='Allow']","context":"","multiple":false}
&amp#27;[38;5;32m[AndroidUiautomator2Driver@b227 (fe0cd291)]&amp#27;[0m Got response with status 404: {"sessionId":"85989a46-cbdd-4bd4-a501-a859808a0843","value":{"error":"no such element","message":"An element could not be located on the page using the given search parameters","stacktrace":"io.appium.uiautomator2.common.exceptions.ElementNotFoundException: An element could not be located on the page using the given search parameters\n\tat io.appium.uiautomator2.utils.ElementLocationHelpers.findElement(ElementLocationHelpers.java:156)\n\tat io.appium.uiautomator2.handler.FindElement.safeHandle(FindElement.java:60)\n\tat io.appium.uiautomator2.handler.request.SafeRequestHandler.handle(SafeRequestHandler.java:59)\n\tat io.appium.uiautomator2.server.AppiumServlet.handleRequest(AppiumServlet.java:277)\n\tat io.appium.uiautomator2.server.AppiumServlet.handleHttpRequest(AppiumServlet.java:271)\n\tat io.appium.uiautomator2.http.ServerHandler.channelRead(ServerHandler.java:68)\n\tat io.netty.channel.AbstractChannelHandlerContext.invokeChannelRead(AbstractChannelHandlerContext.java:366)\n\tat io.netty.channel.Abstr...
[debug] &amp#27;[38;5;128m[W3C]&amp#27;[0m Matched W3C error code 'no such element' to NoSuchElementError
[debug] &amp#27;[38;5;32m[AndroidUiautomator2Driver@b227 (fe0cd291)]&amp#27;[0m Waited for 5468 ms so far
[debug] &amp#27;[38;5;32m[AndroidUiautomator2Driver@b227 (fe0cd291)]&amp#27;[0m Matched '/element' to command name 'findElement'
[debug] &amp#27;[38;5;32m[AndroidUiautomator2Driver@b227 (fe0cd291)]&amp#27;[0m Proxying [POST /element] to [POST http://127.0.0.1:8200/session/85989a46-cbdd-4bd4-a501-a859808a0843/element] with body: {"strategy":"xpath","selector":"//android.widget.Button[@text='Allow']","context":"","multiple":false}
&amp#27;[38;5;32m[AndroidUiautomator2Driver@b227 (fe0cd291)]&amp#27;[0m Got response with status 404: {"sessionId":"85989a46-cbdd-4bd4-a501-a859808a0843","value":{"error":"no such element","message":"An element could not be located on the page using the given search parameters","stacktrace":"io.appium.uiautomator2.common.exceptions.ElementNotFoundException: An element could not be located on the page using the given search parameters\n\tat io.appium.uiautomator2.utils.ElementLocationHelpers.findElement(ElementLocationHelpers.java:156)\n\tat io.appium.uiautomator2.handler.FindElement.safeHandle(FindElement.java:60)\n\tat io.appium.uiautomator2.handler.request.SafeRequestHandler.handle(SafeRequestHandler.java:59)\n\tat io.appium.uiautomator2.server.AppiumServlet.handleRequest(AppiumServlet.java:277)\n\tat io.appium.uiautomator2.server.AppiumServlet.handleHttpRequest(AppiumServlet.java:271)\n\tat io.appium.uiautomator2.http.ServerHandler.channelRead(ServerHandler.java:68)\n\tat io.netty.channel.AbstractChannelHandlerContext.invokeChannelRead(AbstractChannelHandlerContext.java:366)\n\tat io.netty.channel.Abstr...
[debug] &amp#27;[38;5;128m[W3C]&amp#27;[0m Matched W3C error code 'no such element' to NoSuchElementError
[debug] &amp#27;[38;5;32m[AndroidUiautomator2Driver@b227 (fe0cd291)]&amp#27;[0m Encountered internal error running command: NoSuchElementError: An element could not be located on the page using the given search parameters.
[debug] &amp#27;[38;5;32m[AndroidUiautomator2Driver@b227 (fe0cd291)]&amp#27;[0m     at AndroidUiautomator2Driver.findElOrEls (C:\Users\daniel.ogagavworia\.appium\node_modules\appium-uiautomator2-driver\node_modules\appium-android-driver\lib\commands\find.js:75:11)
[debug] &amp#27;[38;5;32m[AndroidUiautomator2Driver@b227 (fe0cd291)]&amp#27;[0m     at processTicksAndRejections (node:internal/process/task_queues:95:5)
[debug] &amp#27;[38;5;32m[AndroidUiautomator2Driver@b227 (fe0cd291)]&amp#27;[0m     at AndroidUiautomator2Driver.findElOrElsWithProcessing (C:\Users\daniel.ogagavworia\AppData\Roaming\npm\node_modules\appium\node_modules\@appium\base-driver\lib\basedriver\commands\find.ts:60:12)
[debug] &amp#27;[38;5;32m[AndroidUiautomator2Driver@b227 (fe0cd291)]&amp#27;[0m     at AndroidUiautomator2Driver.findElement (C:\Users\daniel.ogagavworia\AppData\Roaming\npm\node_modules\appium\node_modules\@appium\base-driver\lib\basedriver\commands\find.ts:75:12)
&amp#27;[38;5;0m[HTTP]&amp#27;[0m &amp#27;[37m<-- POST /session/fe0cd291-8f79-4212-8568-b4785b2dee12/element &amp#27;[39m&amp#27;[33m404&amp#27;[39m &amp#27;[90m6029 ms - 929&amp#27;[39m
&amp#27;[38;5;0m[HTTP]&amp#27;[0m &amp#27;[90m&amp#27;[39m
&amp#27;[38;5;0m[HTTP]&amp#27;[0m &amp#27;[37m-->&amp#27;[39m &amp#27;[37mPOST&amp#27;[39m &amp#27;[37m/session/fe0cd291-8f79-4212-8568-b4785b2dee12/element&amp#27;[39m
&amp#27;[38;5;0m[HTTP]&amp#27;[0m &amp#27;[90m{"using":"xpath","value":"//android.widget.TextView[@text='REGISTER']"}&amp#27;[39m
[debug] &amp#27;[38;5;32m[AndroidUiautomator2Driver@b227 (fe0cd291)]&amp#27;[0m Calling AppiumDriver.findElement() with args: ["xpath","//android.widget.TextView[@text='REGISTER']","fe0cd291-8f79-4212-8568-b4785b2dee12"]
[debug] &amp#27;[38;5;32m[AndroidUiautomator2Driver@b227 (fe0cd291)]&amp#27;[0m Valid locator strategies for this request: xpath, id, class name, accessibility id, css selector, -android uiautomator
[debug] &amp#27;[38;5;32m[AndroidUiautomator2Driver@b227 (fe0cd291)]&amp#27;[0m Waiting up to 6000 ms for condition
[debug] &amp#27;[38;5;32m[AndroidUiautomator2Driver@b227 (fe0cd291)]&amp#27;[0m Matched '/element' to command name 'findElement'
[debug] &amp#27;[38;5;32m[AndroidUiautomator2Driver@b227 (fe0cd291)]&amp#27;[0m Proxying [POST /element] to [POST http://127.0.0.1:8200/session/85989a46-cbdd-4bd4-a501-a859808a0843/element] with body: {"strategy":"xpath","selector":"//android.widget.TextView[@text='REGISTER']","context":"","multiple":false}
[debug] &amp#27;[38;5;32m[AndroidUiautomator2Driver@b227 (fe0cd291)]&amp#27;[0m Got response with status 200: {"sessionId":"85989a46-cbdd-4bd4-a501-a859808a0843","value":{"ELEMENT":"00000000-0000-0032-ffff-ffff0000002e","element-6066-11e4-a52e-4f735466cecf":"00000000-0000-0032-ffff-ffff0000002e"}}
[debug] &amp#27;[38;5;32m[AndroidUiautomator2Driver@b227 (fe0cd291)]&amp#27;[0m Responding to client with driver.findElement() result: {"element-6066-11e4-a52e-4f735466cecf":"00000000-0000-0032-ffff-ffff0000002e","ELEMENT":"00000000-0000-0032-ffff-ffff0000002e"}
&amp#27;[38;5;0m[HTTP]&amp#27;[0m &amp#27;[37m<-- POST /session/fe0cd291-8f79-4212-8568-b4785b2dee12/element &amp#27;[39m&amp#27;[32m200&amp#27;[39m &amp#27;[90m39 ms - 137&amp#27;[39m
&amp#27;[38;5;0m[HTTP]&amp#27;[0m &amp#27;[90m&amp#27;[39m
&amp#27;[38;5;0m[HTTP]&amp#27;[0m &amp#27;[37m-->&amp#27;[39m &amp#27;[37mPOST&amp#27;[39m &amp#27;[37m/session/fe0cd291-8f79-4212-8568-b4785b2dee12/element/00000000-0000-0032-ffff-ffff0000002e/click&amp#27;[39m
&amp#27;[38;5;0m[HTTP]&amp#27;[0m &amp#27;[90m{"id":"00000000-0000-0032-ffff-ffff0000002e"}&amp#27;[39m
[debug] &amp#27;[38;5;32m[AndroidUiautomator2Driver@b227 (fe0cd291)]&amp#27;[0m Calling AppiumDriver.click() with args: ["00000000-0000-0032-ffff-ffff0000002e","fe0cd291-8f79-4212-8568-b4785b2dee12"]
[debug] &amp#27;[38;5;32m[AndroidUiautomator2Driver@b227 (fe0cd291)]&amp#27;[0m Matched '/element/00000000-0000-0032-ffff-ffff0000002e/click' to command name 'click'
[debug] &amp#27;[38;5;32m[AndroidUiautomator2Driver@b227 (fe0cd291)]&amp#27;[0m Proxying [POST /element/00000000-0000-0032-ffff-ffff0000002e/click] to [POST http://127.0.0.1:8200/session/85989a46-cbdd-4bd4-a501-a859808a0843/element/00000000-0000-0032-ffff-ffff0000002e/click] with body: {"element":"00000000-0000-0032-ffff-ffff0000002e"}
[debug] &amp#27;[38;5;32m[AndroidUiautomator2Driver@b227 (fe0cd291)]&amp#27;[0m Got response with status 200: {"sessionId":"85989a46-cbdd-4bd4-a501-a859808a0843","value":null}
[debug] &amp#27;[38;5;32m[AndroidUiautomator2Driver@b227 (fe0cd291)]&amp#27;[0m Responding to client with driver.click() result: null
&amp#27;[38;5;0m[HTTP]&amp#27;[0m &amp#27;[37m<-- POST /session/fe0cd291-8f79-4212-8568-b4785b2dee12/element/00000000-0000-0032-ffff-ffff0000002e/click &amp#27;[39m&amp#27;[32m200&amp#27;[39m &amp#27;[90m51 ms - 14&amp#27;[39m
&amp#27;[38;5;0m[HTTP]&amp#27;[0m &amp#27;[90m&amp#27;[39m
&amp#27;[38;5;0m[HTTP]&amp#27;[0m &amp#27;[37m-->&amp#27;[39m &amp#27;[37mPOST&amp#27;[39m &amp#27;[37m/session/fe0cd291-8f79-4212-8568-b4785b2dee12/timeouts&amp#27;[39m
&amp#27;[38;5;0m[HTTP]&amp#27;[0m &amp#27;[90m{"implicit":10000}&amp#27;[39m
[debug] &amp#27;[38;5;32m[AndroidUiautomator2Driver@b227 (fe0cd291)]&amp#27;[0m Calling AppiumDriver.timeouts() with args: [null,null,null,null,10000,"fe0cd291-8f79-4212-8568-b4785b2dee12"]
[debug] &amp#27;[38;5;32m[AndroidUiautomator2Driver@b227 (fe0cd291)]&amp#27;[0m W3C timeout argument: {"implicit":10000}}
[debug] &amp#27;[38;5;32m[AndroidUiautomator2Driver@b227 (fe0cd291)]&amp#27;[0m Set implicit wait to 10000ms
[debug] &amp#27;[38;5;32m[AndroidUiautomator2Driver@b227 (fe0cd291)]&amp#27;[0m Responding to client with driver.timeouts() result: null
&amp#27;[38;5;0m[HTTP]&amp#27;[0m &amp#27;[37m<-- POST /session/fe0cd291-8f79-4212-8568-b4785b2dee12/timeouts &amp#27;[39m&amp#27;[32m200&amp#27;[39m &amp#27;[90m2 ms - 14&amp#27;[39m
&amp#27;[38;5;0m[HTTP]&amp#27;[0m &amp#27;[90m&amp#27;[39m
&amp#27;[38;5;0m[HTTP]&amp#27;[0m &amp#27;[37m-->&amp#27;[39m &amp#27;[37mPOST&amp#27;[39m &amp#27;[37m/session/fe0cd291-8f79-4212-8568-b4785b2dee12/element&amp#27;[39m
&amp#27;[38;5;0m[HTTP]&amp#27;[0m &amp#27;[90m{"using":"xpath","value":"//android.widget.EditText[@index=3]"}&amp#27;[39m
[debug] &amp#27;[38;5;32m[AndroidUiautomator2Driver@b227 (fe0cd291)]&amp#27;[0m Calling AppiumDriver.findElement() with args: ["xpath","//android.widget.EditText[@index=3]","fe0cd291-8f79-4212-8568-b4785b2dee12"]
[debug] &amp#27;[38;5;32m[AndroidUiautomator2Driver@b227 (fe0cd291)]&amp#27;[0m Valid locator strategies for this request: xpath, id, class name, accessibility id, css selector, -android uiautomator
[debug] &amp#27;[38;5;32m[AndroidUiautomator2Driver@b227 (fe0cd291)]&amp#27;[0m Waiting up to 10000 ms for condition
[debug] &amp#27;[38;5;32m[AndroidUiautomator2Driver@b227 (fe0cd291)]&amp#27;[0m Matched '/element' to command name 'findElement'
[debug] &amp#27;[38;5;32m[AndroidUiautomator2Driver@b227 (fe0cd291)]&amp#27;[0m Proxying [POST /element] to [POST http://127.0.0.1:8200/session/85989a46-cbdd-4bd4-a501-a859808a0843/element] with body: {"strategy":"xpath","selector":"//android.widget.EditText[@index=3]","context":"","multiple":false}
&amp#27;[38;5;32m[AndroidUiautomator2Driver@b227 (fe0cd291)]&amp#27;[0m Got response with status 404: {"sessionId":"85989a46-cbdd-4bd4-a501-a859808a0843","value":{"error":"no such element","message":"An element could not be located on the page using the given search parameters","stacktrace":"io.appium.uiautomator2.common.exceptions.ElementNotFoundException: An element could not be located on the page using the given search parameters\n\tat io.appium.uiautomator2.utils.ElementLocationHelpers.findElement(ElementLocationHelpers.java:156)\n\tat io.appium.uiautomator2.handler.FindElement.safeHandle(FindElement.java:60)\n\tat io.appium.uiautomator2.handler.request.SafeRequestHandler.handle(SafeRequestHandler.java:59)\n\tat io.appium.uiautomator2.server.AppiumServlet.handleRequest(AppiumServlet.java:277)\n\tat io.appium.uiautomator2.server.AppiumServlet.handleHttpRequest(AppiumServlet.java:271)\n\tat io.appium.uiautomator2.http.ServerHandler.channelRead(ServerHandler.java:68)\n\tat io.netty.channel.AbstractChannelHandlerContext.invokeChannelRead(AbstractChannelHandlerContext.java:366)\n\tat io.netty.channel.Abstr...
[debug] &amp#27;[38;5;128m[W3C]&amp#27;[0m Matched W3C error code 'no such element' to NoSuchElementError
[debug] &amp#27;[38;5;32m[AndroidUiautomator2Driver@b227 (fe0cd291)]&amp#27;[0m Waited for 43 ms so far
[debug] &amp#27;[38;5;32m[AndroidUiautomator2Driver@b227 (fe0cd291)]&amp#27;[0m Matched '/element' to command name 'findElement'
[debug] &amp#27;[38;5;32m[AndroidUiautomator2Driver@b227 (fe0cd291)]&amp#27;[0m Proxying [POST /element] to [POST http://127.0.0.1:8200/session/85989a46-cbdd-4bd4-a501-a859808a0843/element] with body: {"strategy":"xpath","selector":"//android.widget.EditText[@index=3]","context":"","multiple":false}
[debug] &amp#27;[38;5;32m[AndroidUiautomator2Driver@b227 (fe0cd291)]&amp#27;[0m Got response with status 200: {"sessionId":"85989a46-cbdd-4bd4-a501-a859808a0843","value":{"ELEMENT":"00000000-0000-0032-ffff-ffff00000046","element-6066-11e4-a52e-4f735466cecf":"00000000-0000-0032-ffff-ffff00000046"}}
[debug] &amp#27;[38;5;32m[AndroidUiautomator2Driver@b227 (fe0cd291)]&amp#27;[0m Responding to client with driver.findElement() result: {"element-6066-11e4-a52e-4f735466cecf":"00000000-0000-0032-ffff-ffff00000046","ELEMENT":"00000000-0000-0032-ffff-ffff00000046"}
&amp#27;[38;5;0m[HTTP]&amp#27;[0m &amp#27;[37m<-- POST /session/fe0cd291-8f79-4212-8568-b4785b2dee12/element &amp#27;[39m&amp#27;[32m200&amp#27;[39m &amp#27;[90m1131 ms - 137&amp#27;[39m
&amp#27;[38;5;0m[HTTP]&amp#27;[0m &amp#27;[90m&amp#27;[39m
&amp#27;[38;5;0m[HTTP]&amp#27;[0m &amp#27;[37m-->&amp#27;[39m &amp#27;[37mPOST&amp#27;[39m &amp#27;[37m/session/fe0cd291-8f79-4212-8568-b4785b2dee12/element/00000000-0000-0032-ffff-ffff00000046/value&amp#27;[39m
&amp#27;[38;5;0m[HTTP]&amp#27;[0m &amp#27;[90m{"id":"00000000-0000-0032-ffff-ffff00000046","text":"Daniel Ogaga","value":["D","a","n","i","e","l"," ","O","g","a","g","a"]}&amp#27;[39m
[debug] &amp#27;[38;5;32m[AndroidUiautomator2Driver@b227 (fe0cd291)]&amp#27;[0m Calling AppiumDriver.setValue() with args: [["D","a","n","i","e","l"," ","O","g","a","g","a"],"00000000-0000-0032-ffff-ffff00000046","fe0cd291-8f79-4212-8568-b4785b2dee12"]
[debug] &amp#27;[38;5;32m[AndroidUiautomator2Driver@b227 (fe0cd291)]&amp#27;[0m Matched '/element/00000000-0000-0032-ffff-ffff00000046/value' to command name 'setValue'
[debug] &amp#27;[38;5;32m[AndroidUiautomator2Driver@b227 (fe0cd291)]&amp#27;[0m Added 'value' property ["D","a","n","i","e","l"," ","O","g","a","g","a"] to 'setValue' request body
[debug] &amp#27;[38;5;32m[AndroidUiautomator2Driver@b227 (fe0cd291)]&amp#27;[0m Proxying [POST /element/00000000-0000-0032-ffff-ffff00000046/value] to [POST http://127.0.0.1:8200/session/85989a46-cbdd-4bd4-a501-a859808a0843/element/00000000-0000-0032-ffff-ffff00000046/value] with body: {"elementId":"00000000-0000-0032-ffff-ffff00000046","text":"Daniel Ogaga","replace":false,"value":["D","a","n","i","e","l"," ","O","g","a","g","a"]}
[debug] &amp#27;[38;5;32m[AndroidUiautomator2Driver@b227 (fe0cd291)]&amp#27;[0m Got response with status 200: {"sessionId":"85989a46-cbdd-4bd4-a501-a859808a0843","value":null}
[debug] &amp#27;[38;5;32m[AndroidUiautomator2Driver@b227 (fe0cd291)]&amp#27;[0m Responding to client with driver.setValue() result: null
&amp#27;[38;5;0m[HTTP]&amp#27;[0m &amp#27;[37m<-- POST /session/fe0cd291-8f79-4212-8568-b4785b2dee12/element/00000000-0000-0032-ffff-ffff00000046/value &amp#27;[39m&amp#27;[32m200&amp#27;[39m &amp#27;[90m15 ms - 14&amp#27;[39m
&amp#27;[38;5;0m[HTTP]&amp#27;[0m &amp#27;[90m&amp#27;[39m
&amp#27;[38;5;0m[HTTP]&amp#27;[0m &amp#27;[37m-->&amp#27;[39m &amp#27;[37mPOST&amp#27;[39m &amp#27;[37m/session/fe0cd291-8f79-4212-8568-b4785b2dee12/element&amp#27;[39m
&amp#27;[38;5;0m[HTTP]&amp#27;[0m &amp#27;[90m{"using":"xpath","value":"//android.widget.EditText[@index=6]"}&amp#27;[39m
[debug] &amp#27;[38;5;32m[AndroidUiautomator2Driver@b227 (fe0cd291)]&amp#27;[0m Calling AppiumDriver.findElement() with args: ["xpath","//android.widget.EditText[@index=6]","fe0cd291-8f79-4212-8568-b4785b2dee12"]
[debug] &amp#27;[38;5;32m[AndroidUiautomator2Driver@b227 (fe0cd291)]&amp#27;[0m Valid locator strategies for this request: xpath, id, class name, accessibility id, css selector, -android uiautomator
[debug] &amp#27;[38;5;32m[AndroidUiautomator2Driver@b227 (fe0cd291)]&amp#27;[0m Waiting up to 10000 ms for condition
[debug] &amp#27;[38;5;32m[AndroidUiautomator2Driver@b227 (fe0cd291)]&amp#27;[0m Matched '/element' to command name 'findElement'
[debug] &amp#27;[38;5;32m[AndroidUiautomator2Driver@b227 (fe0cd291)]&amp#27;[0m Proxying [POST /element] to [POST http://127.0.0.1:8200/session/85989a46-cbdd-4bd4-a501-a859808a0843/element] with body: {"strategy":"xpath","selector":"//android.widget.EditText[@index=6]","context":"","multiple":false}
[debug] &amp#27;[38;5;32m[AndroidUiautomator2Driver@b227 (fe0cd291)]&amp#27;[0m Got response with status 200: {"sessionId":"85989a46-cbdd-4bd4-a501-a859808a0843","value":{"ELEMENT":"00000000-0000-0032-ffff-ffff00000049","element-6066-11e4-a52e-4f735466cecf":"00000000-0000-0032-ffff-ffff00000049"}}
[debug] &amp#27;[38;5;32m[AndroidUiautomator2Driver@b227 (fe0cd291)]&amp#27;[0m Responding to client with driver.findElement() result: {"element-6066-11e4-a52e-4f735466cecf":"00000000-0000-0032-ffff-ffff00000049","ELEMENT":"00000000-0000-0032-ffff-ffff00000049"}
&amp#27;[38;5;0m[HTTP]&amp#27;[0m &amp#27;[37m<-- POST /session/fe0cd291-8f79-4212-8568-b4785b2dee12/element &amp#27;[39m&amp#27;[32m200&amp#27;[39m &amp#27;[90m535 ms - 137&amp#27;[39m
&amp#27;[38;5;0m[HTTP]&amp#27;[0m &amp#27;[90m&amp#27;[39m
&amp#27;[38;5;0m[HTTP]&amp#27;[0m &amp#27;[37m-->&amp#27;[39m &amp#27;[37mPOST&amp#27;[39m &amp#27;[37m/session/fe0cd291-8f79-4212-8568-b4785b2dee12/element/00000000-0000-0032-ffff-ffff00000049/value&amp#27;[39m
&amp#27;[38;5;0m[HTTP]&amp#27;[0m &amp#27;[90m{"id":"00000000-0000-0032-ffff-ffff00000049","text":"vada.deckow@abc.com","value":["v","a","d","a",".","d","e","c","k","o","w","@","a","b","c",".","c","o","m"]}&amp#27;[39m
[debug] &amp#27;[38;5;32m[AndroidUiautomator2Driver@b227 (fe0cd291)]&amp#27;[0m Calling AppiumDriver.setValue() with args: [["v","a","d","a",".","d","e","c","k","o","w","@","a","b","c",".","c","o","m"],"00000000-0000-0032-ffff-ffff00000049","fe0cd291-8f79-4212-8568-b4785b2dee12"]
[debug] &amp#27;[38;5;32m[AndroidUiautomator2Driver@b227 (fe0cd291)]&amp#27;[0m Matched '/element/00000000-0000-0032-ffff-ffff00000049/value' to command name 'setValue'
[debug] &amp#27;[38;5;32m[AndroidUiautomator2Driver@b227 (fe0cd291)]&amp#27;[0m Added 'value' property ["v","a","d","a",".","d","e","c","k","o","w","@","a","b","c",".","c","o","m"] to 'setValue' request body
[debug] &amp#27;[38;5;32m[AndroidUiautomator2Driver@b227 (fe0cd291)]&amp#27;[0m Proxying [POST /element/00000000-0000-0032-ffff-ffff00000049/value] to [POST http://127.0.0.1:8200/session/85989a46-cbdd-4bd4-a501-a859808a0843/element/00000000-0000-0032-ffff-ffff00000049/value] with body: {"elementId":"00000000-0000-0032-ffff-ffff00000049","text":"vada.deckow@abc.com","replace":false,"value":["v","a","d","a",".","d","e","c","k","o","w","@","a","b","c",".","c","o","m"]}
[debug] &amp#27;[38;5;32m[AndroidUiautomator2Driver@b227 (fe0cd291)]&amp#27;[0m Got response with status 200: {"sessionId":"85989a46-cbdd-4bd4-a501-a859808a0843","value":null}
[debug] &amp#27;[38;5;32m[AndroidUiautomator2Driver@b227 (fe0cd291)]&amp#27;[0m Responding to client with driver.setValue() result: null
&amp#27;[38;5;0m[HTTP]&amp#27;[0m &amp#27;[37m<-- POST /session/fe0cd291-8f79-4212-8568-b4785b2dee12/element/00000000-0000-0032-ffff-ffff00000049/value &amp#27;[39m&amp#27;[32m200&amp#27;[39m &amp#27;[90m14 ms - 14&amp#27;[39m
&amp#27;[38;5;0m[HTTP]&amp#27;[0m &amp#27;[90m&amp#27;[39m
&amp#27;[38;5;0m[HTTP]&amp#27;[0m &amp#27;[37m-->&amp#27;[39m &amp#27;[37mPOST&amp#27;[39m &amp#27;[37m/session/fe0cd291-8f79-4212-8568-b4785b2dee12/element&amp#27;[39m
&amp#27;[38;5;0m[HTTP]&amp#27;[0m &amp#27;[90m{"using":"xpath","value":"//android.widget.EditText[@index=9]"}&amp#27;[39m
[debug] &amp#27;[38;5;32m[AndroidUiautomator2Driver@b227 (fe0cd291)]&amp#27;[0m Calling AppiumDriver.findElement() with args: ["xpath","//android.widget.EditText[@index=9]","fe0cd291-8f79-4212-8568-b4785b2dee12"]
[debug] &amp#27;[38;5;32m[AndroidUiautomator2Driver@b227 (fe0cd291)]&amp#27;[0m Valid locator strategies for this request: xpath, id, class name, accessibility id, css selector, -android uiautomator
[debug] &amp#27;[38;5;32m[AndroidUiautomator2Driver@b227 (fe0cd291)]&amp#27;[0m Waiting up to 10000 ms for condition
[debug] &amp#27;[38;5;32m[AndroidUiautomator2Driver@b227 (fe0cd291)]&amp#27;[0m Matched '/element' to command name 'findElement'
[debug] &amp#27;[38;5;32m[AndroidUiautomator2Driver@b227 (fe0cd291)]&amp#27;[0m Proxying [POST /element] to [POST http://127.0.0.1:8200/session/85989a46-cbdd-4bd4-a501-a859808a0843/element] with body: {"strategy":"xpath","selector":"//android.widget.EditText[@index=9]","context":"","multiple":false}
[debug] &amp#27;[38;5;32m[AndroidUiautomator2Driver@b227 (fe0cd291)]&amp#27;[0m Got response with status 200: {"sessionId":"85989a46-cbdd-4bd4-a501-a859808a0843","value":{"ELEMENT":"00000000-0000-0032-ffff-ffff0000004c","element-6066-11e4-a52e-4f735466cecf":"00000000-0000-0032-ffff-ffff0000004c"}}
[debug] &amp#27;[38;5;32m[AndroidUiautomator2Driver@b227 (fe0cd291)]&amp#27;[0m Responding to client with driver.findElement() result: {"element-6066-11e4-a52e-4f735466cecf":"00000000-0000-0032-ffff-ffff0000004c","ELEMENT":"00000000-0000-0032-ffff-ffff0000004c"}
&amp#27;[38;5;0m[HTTP]&amp#27;[0m &amp#27;[37m<-- POST /session/fe0cd291-8f79-4212-8568-b4785b2dee12/element &amp#27;[39m&amp#27;[32m200&amp#27;[39m &amp#27;[90m295 ms - 137&amp#27;[39m
&amp#27;[38;5;0m[HTTP]&amp#27;[0m &amp#27;[90m&amp#27;[39m
&amp#27;[38;5;0m[HTTP]&amp#27;[0m &amp#27;[37m-->&amp#27;[39m &amp#27;[37mPOST&amp#27;[39m &amp#27;[37m/session/fe0cd291-8f79-4212-8568-b4785b2dee12/element/00000000-0000-0032-ffff-ffff0000004c/value&amp#27;[39m
&amp#27;[38;5;0m[HTTP]&amp#27;[0m &amp#27;[90m{"id":"00000000-0000-0032-ffff-ffff0000004c","text":"08033443048","value":["0","8","0","3","3","4","4","3","0","4","8"]}&amp#27;[39m
[debug] &amp#27;[38;5;32m[AndroidUiautomator2Driver@b227 (fe0cd291)]&amp#27;[0m Calling AppiumDriver.setValue() with args: [["0","8","0","3","3","4","4","3","0","4","8"],"00000000-0000-0032-ffff-ffff0000004c","fe0cd291-8f79-4212-8568-b4785b2dee12"]
[debug] &amp#27;[38;5;32m[AndroidUiautomator2Driver@b227 (fe0cd291)]&amp#27;[0m Matched '/element/00000000-0000-0032-ffff-ffff0000004c/value' to command name 'setValue'
[debug] &amp#27;[38;5;32m[AndroidUiautomator2Driver@b227 (fe0cd291)]&amp#27;[0m Added 'value' property ["0","8","0","3","3","4","4","3","0","4","8"] to 'setValue' request body
[debug] &amp#27;[38;5;32m[AndroidUiautomator2Driver@b227 (fe0cd291)]&amp#27;[0m Proxying [POST /element/00000000-0000-0032-ffff-ffff0000004c/value] to [POST http://127.0.0.1:8200/session/85989a46-cbdd-4bd4-a501-a859808a0843/element/00000000-0000-0032-ffff-ffff0000004c/value] with body: {"elementId":"00000000-0000-0032-ffff-ffff0000004c","text":"08033443048","replace":false,"value":["0","8","0","3","3","4","4","3","0","4","8"]}
[debug] &amp#27;[38;5;32m[AndroidUiautomator2Driver@b227 (fe0cd291)]&amp#27;[0m Got response with status 200: {"sessionId":"85989a46-cbdd-4bd4-a501-a859808a0843","value":null}
[debug] &amp#27;[38;5;32m[AndroidUiautomator2Driver@b227 (fe0cd291)]&amp#27;[0m Responding to client with driver.setValue() result: null
&amp#27;[38;5;0m[HTTP]&amp#27;[0m &amp#27;[37m<-- POST /session/fe0cd291-8f79-4212-8568-b4785b2dee12/element/00000000-0000-0032-ffff-ffff0000004c/value &amp#27;[39m&amp#27;[32m200&amp#27;[39m &amp#27;[90m209 ms - 14&amp#27;[39m
&amp#27;[38;5;0m[HTTP]&amp#27;[0m &amp#27;[90m&amp#27;[39m
&amp#27;[38;5;0m[HTTP]&amp#27;[0m &amp#27;[37m-->&amp#27;[39m &amp#27;[37mPOST&amp#27;[39m &amp#27;[37m/session/fe0cd291-8f79-4212-8568-b4785b2dee12/element&amp#27;[39m
&amp#27;[38;5;0m[HTTP]&amp#27;[0m &amp#27;[90m{"using":"xpath","value":"//android.widget.EditText[@index=12]"}&amp#27;[39m
[debug] &amp#27;[38;5;32m[AndroidUiautomator2Driver@b227 (fe0cd291)]&amp#27;[0m Calling AppiumDriver.findElement() with args: ["xpath","//android.widget.EditText[@index=12]","fe0cd291-8f79-4212-8568-b4785b2dee12"]
[debug] &amp#27;[38;5;32m[AndroidUiautomator2Driver@b227 (fe0cd291)]&amp#27;[0m Valid locator strategies for this request: xpath, id, class name, accessibility id, css selector, -android uiautomator
[debug] &amp#27;[38;5;32m[AndroidUiautomator2Driver@b227 (fe0cd291)]&amp#27;[0m Waiting up to 10000 ms for condition
[debug] &amp#27;[38;5;32m[AndroidUiautomator2Driver@b227 (fe0cd291)]&amp#27;[0m Matched '/element' to command name 'findElement'
[debug] &amp#27;[38;5;32m[AndroidUiautomator2Driver@b227 (fe0cd291)]&amp#27;[0m Proxying [POST /element] to [POST http://127.0.0.1:8200/session/85989a46-cbdd-4bd4-a501-a859808a0843/element] with body: {"strategy":"xpath","selector":"//android.widget.EditText[@index=12]","context":"","multiple":false}
[debug] &amp#27;[38;5;32m[AndroidUiautomator2Driver@b227 (fe0cd291)]&amp#27;[0m Got response with status 200: {"sessionId":"85989a46-cbdd-4bd4-a501-a859808a0843","value":{"ELEMENT":"00000000-0000-0032-ffff-ffff0000004f","element-6066-11e4-a52e-4f735466cecf":"00000000-0000-0032-ffff-ffff0000004f"}}
[debug] &amp#27;[38;5;32m[AndroidUiautomator2Driver@b227 (fe0cd291)]&amp#27;[0m Responding to client with driver.findElement() result: {"element-6066-11e4-a52e-4f735466cecf":"00000000-0000-0032-ffff-ffff0000004f","ELEMENT":"00000000-0000-0032-ffff-ffff0000004f"}
&amp#27;[38;5;0m[HTTP]&amp#27;[0m &amp#27;[37m<-- POST /session/fe0cd291-8f79-4212-8568-b4785b2dee12/element &amp#27;[39m&amp#27;[32m200&amp#27;[39m &amp#27;[90m528 ms - 137&amp#27;[39m
&amp#27;[38;5;0m[HTTP]&amp#27;[0m &amp#27;[90m&amp#27;[39m
&amp#27;[38;5;0m[HTTP]&amp#27;[0m &amp#27;[37m-->&amp#27;[39m &amp#27;[37mPOST&amp#27;[39m &amp#27;[37m/session/fe0cd291-8f79-4212-8568-b4785b2dee12/element/00000000-0000-0032-ffff-ffff0000004f/value&amp#27;[39m
&amp#27;[38;5;0m[HTTP]&amp#27;[0m &amp#27;[90m{"id":"00000000-0000-0032-ffff-ffff0000004f","text":"password","value":["p","a","s","s","w","o","r","d"]}&amp#27;[39m
[debug] &amp#27;[38;5;32m[AndroidUiautomator2Driver@b227 (fe0cd291)]&amp#27;[0m Calling AppiumDriver.setValue() with args: [["p","a","s","s","w","o","r","d"],"00000000-0000-0032-ffff-ffff0000004f","fe0cd291-8f79-4212-8568-b4785b2dee12"]
[debug] &amp#27;[38;5;32m[AndroidUiautomator2Driver@b227 (fe0cd291)]&amp#27;[0m Matched '/element/00000000-0000-0032-ffff-ffff0000004f/value' to command name 'setValue'
[debug] &amp#27;[38;5;32m[AndroidUiautomator2Driver@b227 (fe0cd291)]&amp#27;[0m Added 'value' property ["p","a","s","s","w","o","r","d"] to 'setValue' request body
[debug] &amp#27;[38;5;32m[AndroidUiautomator2Driver@b227 (fe0cd291)]&amp#27;[0m Proxying [POST /element/00000000-0000-0032-ffff-ffff0000004f/value] to [POST http://127.0.0.1:8200/session/85989a46-cbdd-4bd4-a501-a859808a0843/element/00000000-0000-0032-ffff-ffff0000004f/value] with body: {"elementId":"00000000-0000-0032-ffff-ffff0000004f","text":"password","replace":false,"value":["p","a","s","s","w","o","r","d"]}
[debug] &amp#27;[38;5;32m[AndroidUiautomator2Driver@b227 (fe0cd291)]&amp#27;[0m Got response with status 200: {"sessionId":"85989a46-cbdd-4bd4-a501-a859808a0843","value":null}
[debug] &amp#27;[38;5;32m[AndroidUiautomator2Driver@b227 (fe0cd291)]&amp#27;[0m Responding to client with driver.setValue() result: null
&amp#27;[38;5;0m[HTTP]&amp#27;[0m &amp#27;[37m<-- POST /session/fe0cd291-8f79-4212-8568-b4785b2dee12/element/00000000-0000-0032-ffff-ffff0000004f/value &amp#27;[39m&amp#27;[32m200&amp#27;[39m &amp#27;[90m14 ms - 14&amp#27;[39m
&amp#27;[38;5;0m[HTTP]&amp#27;[0m &amp#27;[90m&amp#27;[39m
&amp#27;[38;5;0m[HTTP]&amp#27;[0m &amp#27;[37m-->&amp#27;[39m &amp#27;[37mPOST&amp#27;[39m &amp#27;[37m/session/fe0cd291-8f79-4212-8568-b4785b2dee12/element&amp#27;[39m
&amp#27;[38;5;0m[HTTP]&amp#27;[0m &amp#27;[90m{"using":"xpath","value":"//android.widget.TextView[@text='Register']"}&amp#27;[39m
[debug] &amp#27;[38;5;32m[AndroidUiautomator2Driver@b227 (fe0cd291)]&amp#27;[0m Calling AppiumDriver.findElement() with args: ["xpath","//android.widget.TextView[@text='Register']","fe0cd291-8f79-4212-8568-b4785b2dee12"]
[debug] &amp#27;[38;5;32m[AndroidUiautomator2Driver@b227 (fe0cd291)]&amp#27;[0m Valid locator strategies for this request: xpath, id, class name, accessibility id, css selector, -android uiautomator
[debug] &amp#27;[38;5;32m[AndroidUiautomator2Driver@b227 (fe0cd291)]&amp#27;[0m Waiting up to 10000 ms for condition
[debug] &amp#27;[38;5;32m[AndroidUiautomator2Driver@b227 (fe0cd291)]&amp#27;[0m Matched '/element' to command name 'findElement'
[debug] &amp#27;[38;5;32m[AndroidUiautomator2Driver@b227 (fe0cd291)]&amp#27;[0m Proxying [POST /element] to [POST http://127.0.0.1:8200/session/85989a46-cbdd-4bd4-a501-a859808a0843/element] with body: {"strategy":"xpath","selector":"//android.widget.TextView[@text='Register']","context":"","multiple":false}
[debug] &amp#27;[38;5;32m[AndroidUiautomator2Driver@b227 (fe0cd291)]&amp#27;[0m Got response with status 200: {"sessionId":"85989a46-cbdd-4bd4-a501-a859808a0843","value":{"ELEMENT":"00000000-0000-0032-ffff-ffff0000005c","element-6066-11e4-a52e-4f735466cecf":"00000000-0000-0032-ffff-ffff0000005c"}}
[debug] &amp#27;[38;5;32m[AndroidUiautomator2Driver@b227 (fe0cd291)]&amp#27;[0m Responding to client with driver.findElement() result: {"element-6066-11e4-a52e-4f735466cecf":"00000000-0000-0032-ffff-ffff0000005c","ELEMENT":"00000000-0000-0032-ffff-ffff0000005c"}
&amp#27;[38;5;0m[HTTP]&amp#27;[0m &amp#27;[37m<-- POST /session/fe0cd291-8f79-4212-8568-b4785b2dee12/element &amp#27;[39m&amp#27;[32m200&amp#27;[39m &amp#27;[90m66 ms - 137&amp#27;[39m
&amp#27;[38;5;0m[HTTP]&amp#27;[0m &amp#27;[90m&amp#27;[39m
&amp#27;[38;5;0m[HTTP]&amp#27;[0m &amp#27;[37m-->&amp#27;[39m &amp#27;[37mPOST&amp#27;[39m &amp#27;[37m/session/fe0cd291-8f79-4212-8568-b4785b2dee12/element/00000000-0000-0032-ffff-ffff0000005c/click&amp#27;[39m
&amp#27;[38;5;0m[HTTP]&amp#27;[0m &amp#27;[90m{"id":"00000000-0000-0032-ffff-ffff0000005c"}&amp#27;[39m
[debug] &amp#27;[38;5;32m[AndroidUiautomator2Driver@b227 (fe0cd291)]&amp#27;[0m Calling AppiumDriver.click() with args: ["00000000-0000-0032-ffff-ffff0000005c","fe0cd291-8f79-4212-8568-b4785b2dee12"]
[debug] &amp#27;[38;5;32m[AndroidUiautomator2Driver@b227 (fe0cd291)]&amp#27;[0m Matched '/element/00000000-0000-0032-ffff-ffff0000005c/click' to command name 'click'
[debug] &amp#27;[38;5;32m[AndroidUiautomator2Driver@b227 (fe0cd291)]&amp#27;[0m Proxying [POST /element/00000000-0000-0032-ffff-ffff0000005c/click] to [POST http://127.0.0.1:8200/session/85989a46-cbdd-4bd4-a501-a859808a0843/element/00000000-0000-0032-ffff-ffff0000005c/click] with body: {"element":"00000000-0000-0032-ffff-ffff0000005c"}
[debug] &amp#27;[38;5;32m[AndroidUiautomator2Driver@b227 (fe0cd291)]&amp#27;[0m Got response with status 200: {"sessionId":"85989a46-cbdd-4bd4-a501-a859808a0843","value":null}
[debug] &amp#27;[38;5;32m[AndroidUiautomator2Driver@b227 (fe0cd291)]&amp#27;[0m Responding to client with driver.click() result: null
&amp#27;[38;5;0m[HTTP]&amp#27;[0m &amp#27;[37m<-- POST /session/fe0cd291-8f79-4212-8568-b4785b2dee12/element/00000000-0000-0032-ffff-ffff0000005c/click &amp#27;[39m&amp#27;[32m200&amp#27;[39m &amp#27;[90m572 ms - 14&amp#27;[39m
&amp#27;[38;5;0m[HTTP]&amp#27;[0m &amp#27;[90m&amp#27;[39m
&amp#27;[38;5;0m[HTTP]&amp#27;[0m &amp#27;[37m-->&amp#27;[39m &amp#27;[37mPOST&amp#27;[39m &amp#27;[37m/session/fe0cd291-8f79-4212-8568-b4785b2dee12/element&amp#27;[39m
&amp#27;[38;5;0m[HTTP]&amp#27;[0m &amp#27;[90m{"using":"xpath","value":"//android.widget.TextView[@index=18]"}&amp#27;[39m
[debug] &amp#27;[38;5;32m[AndroidUiautomator2Driver@b227 (fe0cd291)]&amp#27;[0m Calling AppiumDriver.findElement() with args: ["xpath","//android.widget.TextView[@index=18]","fe0cd291-8f79-4212-8568-b4785b2dee12"]
[debug] &amp#27;[38;5;32m[AndroidUiautomator2Driver@b227 (fe0cd291)]&amp#27;[0m Valid locator strategies for this request: xpath, id, class name, accessibility id, css selector, -android uiautomator
[debug] &amp#27;[38;5;32m[AndroidUiautomator2Driver@b227 (fe0cd291)]&amp#27;[0m Waiting up to 10000 ms for condition
[debug] &amp#27;[38;5;32m[AndroidUiautomator2Driver@b227 (fe0cd291)]&amp#27;[0m Matched '/element' to command name 'findElement'
[debug] &amp#27;[38;5;32m[AndroidUiautomator2Driver@b227 (fe0cd291)]&amp#27;[0m Proxying [POST /element] to [POST http://127.0.0.1:8200/session/85989a46-cbdd-4bd4-a501-a859808a0843/element] with body: {"strategy":"xpath","selector":"//android.widget.TextView[@index=18]","context":"","multiple":false}
[debug] &amp#27;[38;5;32m[AndroidUiautomator2Driver@b227 (fe0cd291)]&amp#27;[0m Got response with status 200: {"sessionId":"85989a46-cbdd-4bd4-a501-a859808a0843","value":{"ELEMENT":"00000000-0000-0032-ffff-ffff00000054","element-6066-11e4-a52e-4f735466cecf":"00000000-0000-0032-ffff-ffff00000054"}}
[debug] &amp#27;[38;5;32m[AndroidUiautomator2Driver@b227 (fe0cd291)]&amp#27;[0m Responding to client with driver.findElement() result: {"element-6066-11e4-a52e-4f735466cecf":"00000000-0000-0032-ffff-ffff00000054","ELEMENT":"00000000-0000-0032-ffff-ffff00000054"}
&amp#27;[38;5;0m[HTTP]&amp#27;[0m &amp#27;[37m<-- POST /session/fe0cd291-8f79-4212-8568-b4785b2dee12/element &amp#27;[39m&amp#27;[32m200&amp#27;[39m &amp#27;[90m56 ms - 137&amp#27;[39m
&amp#27;[38;5;0m[HTTP]&amp#27;[0m &amp#27;[90m&amp#27;[39m
&amp#27;[38;5;0m[HTTP]&amp#27;[0m &amp#27;[37m-->&amp#27;[39m &amp#27;[37mPOST&amp#27;[39m &amp#27;[37m/session/fe0cd291-8f79-4212-8568-b4785b2dee12/element/00000000-0000-0032-ffff-ffff00000054/click&amp#27;[39m
&amp#27;[38;5;0m[HTTP]&amp#27;[0m &amp#27;[90m{"id":"00000000-0000-0032-ffff-ffff00000054"}&amp#27;[39m
[debug] &amp#27;[38;5;32m[AndroidUiautomator2Driver@b227 (fe0cd291)]&amp#27;[0m Calling AppiumDriver.click() with args: ["00000000-0000-0032-ffff-ffff00000054","fe0cd291-8f79-4212-8568-b4785b2dee12"]
[debug] &amp#27;[38;5;32m[AndroidUiautomator2Driver@b227 (fe0cd291)]&amp#27;[0m Matched '/element/00000000-0000-0032-ffff-ffff00000054/click' to command name 'click'
[debug] &amp#27;[38;5;32m[AndroidUiautomator2Driver@b227 (fe0cd291)]&amp#27;[0m Proxying [POST /element/00000000-0000-0032-ffff-ffff00000054/click] to [POST http://127.0.0.1:8200/session/85989a46-cbdd-4bd4-a501-a859808a0843/element/00000000-0000-0032-ffff-ffff00000054/click] with body: {"element":"00000000-0000-0032-ffff-ffff00000054"}
[debug] &amp#27;[38;5;32m[AndroidUiautomator2Driver@b227 (fe0cd291)]&amp#27;[0m Got response with status 200: {"sessionId":"85989a46-cbdd-4bd4-a501-a859808a0843","value":null}
[debug] &amp#27;[38;5;32m[AndroidUiautomator2Driver@b227 (fe0cd291)]&amp#27;[0m Responding to client with driver.click() result: null
&amp#27;[38;5;0m[HTTP]&amp#27;[0m &amp#27;[37m<-- POST /session/fe0cd291-8f79-4212-8568-b4785b2dee12/element/00000000-0000-0032-ffff-ffff00000054/click &amp#27;[39m&amp#27;[32m200&amp#27;[39m &amp#27;[90m45 ms - 14&amp#27;[39m
&amp#27;[38;5;0m[HTTP]&amp#27;[0m &amp#27;[90m&amp#27;[39m
&amp#27;[38;5;0m[HTTP]&amp#27;[0m &amp#27;[37m-->&amp#27;[39m &amp#27;[37mGET&amp#27;[39m &amp#27;[37m/session/d6c1cc38-6946-4747-89f8-56067f4364bb/timeouts&amp#27;[39m
&amp#27;[38;5;0m[HTTP]&amp#27;[0m &amp#27;[90m{}&amp#27;[39m
[debug] &amp#27;[38;5;16m[AppiumDriver@6ebe]&amp#27;[0m Encountered internal error running command: NoSuchDriverError: A session is either terminated or not started
[debug] &amp#27;[38;5;16m[AppiumDriver@6ebe]&amp#27;[0m     at asyncHandler (C:\Users\daniel.ogagavworia\AppData\Roaming\npm\node_modules\appium\node_modules\@appium\base-driver\lib\protocol\protocol.js:315:15)
[debug] &amp#27;[38;5;16m[AppiumDriver@6ebe]&amp#27;[0m     at C:\Users\daniel.ogagavworia\AppData\Roaming\npm\node_modules\appium\node_modules\@appium\base-driver\lib\protocol\protocol.js:518:15
[debug] &amp#27;[38;5;16m[AppiumDriver@6ebe]&amp#27;[0m     at Layer.handle [as handle_request] (C:\Users\daniel.ogagavworia\AppData\Roaming\npm\node_modules\appium\node_modules\express\lib\router\layer.js:95:5)
[debug] &amp#27;[38;5;16m[AppiumDriver@6ebe]&amp#27;[0m     at next (C:\Users\daniel.ogagavworia\AppData\Roaming\npm\node_modules\appium\node_modules\express\lib\router\route.js:144:13)
[debug] &amp#27;[38;5;16m[AppiumDriver@6ebe]&amp#27;[0m     at Route.dispatch (C:\Users\daniel.ogagavworia\AppData\Roaming\npm\node_modules\appium\node_modules\express\lib\router\route.js:114:3)
[debug] &amp#27;[38;5;16m[AppiumDriver@6ebe]&amp#27;[0m     at Layer.handle [as handle_request] (C:\Users\daniel.ogagavworia\AppData\Roaming\npm\node_modules\appium\node_modules\express\lib\router\layer.js:95:5)
[debug] &amp#27;[38;5;16m[AppiumDriver@6ebe]&amp#27;[0m     at C:\Users\daniel.ogagavworia\AppData\Roaming\npm\node_modules\appium\node_modules\express\lib\router\index.js:284:15
[debug] &amp#27;[38;5;16m[AppiumDriver@6ebe]&amp#27;[0m     at param (C:\Users\daniel.ogagavworia\AppData\Roaming\npm\node_modules\appium\node_modules\express\lib\router\index.js:365:14)
[debug] &amp#27;[38;5;16m[AppiumDriver@6ebe]&amp#27;[0m     at param (C:\Users\daniel.ogagavworia\AppData\Roaming\npm\node_modules\appium\node_modules\express\lib\router\index.js:376:14)
[debug] &amp#27;[38;5;16m[AppiumDriver@6ebe]&amp#27;[0m     at Function.process_params (C:\Users\daniel.ogagavworia\AppData\Roaming\npm\node_modules\appium\node_modules\express\lib\router\index.js:421:3)
[debug] &amp#27;[38;5;16m[AppiumDriver@6ebe]&amp#27;[0m     at next (C:\Users\daniel.ogagavworia\AppData\Roaming\npm\node_modules\appium\node_modules\express\lib\router\index.js:280:10)
[debug] &amp#27;[38;5;16m[AppiumDriver@6ebe]&amp#27;[0m     at logger (C:\Users\daniel.ogagavworia\AppData\Roaming\npm\node_modules\appium\node_modules\morgan\index.js:144:5)
[debug] &amp#27;[38;5;16m[AppiumDriver@6ebe]&amp#27;[0m     at Layer.handle [as handle_request] (C:\Users\daniel.ogagavworia\AppData\Roaming\npm\node_modules\appium\node_modules\express\lib\router\layer.js:95:5)
[debug] &amp#27;[38;5;16m[AppiumDriver@6ebe]&amp#27;[0m     at trim_prefix (C:\Users\daniel.ogagavworia\AppData\Roaming\npm\node_modules\appium\node_modules\express\lib\router\index.js:328:13)
[debug] &amp#27;[38;5;16m[AppiumDriver@6ebe]&amp#27;[0m     at C:\Users\daniel.ogagavworia\AppData\Roaming\npm\node_modules\appium\node_modules\express\lib\router\index.js:286:9
[debug] &amp#27;[38;5;16m[AppiumDriver@6ebe]&amp#27;[0m     at Function.process_params (C:\Users\daniel.ogagavworia\AppData\Roaming\npm\node_modules\appium\node_modules\express\lib\router\index.js:346:12)
[debug] &amp#27;[38;5;16m[AppiumDriver@6ebe]&amp#27;[0m     at next (C:\Users\daniel.ogagavworia\AppData\Roaming\npm\node_modules\appium\node_modules\express\lib\router\index.js:280:10)
[debug] &amp#27;[38;5;16m[AppiumDriver@6ebe]&amp#27;[0m     at jsonParser (C:\Users\daniel.ogagavworia\AppData\Roaming\npm\node_modules\appium\node_modules\body-parser\lib\types\json.js:113:7)
[debug] &amp#27;[38;5;16m[AppiumDriver@6ebe]&amp#27;[0m     at Layer.handle [as handle_request] (C:\Users\daniel.ogagavworia\AppData\Roaming\npm\node_modules\appium\node_modules\express\lib\router\layer.js:95:5)
[debug] &amp#27;[38;5;16m[AppiumDriver@6ebe]&amp#27;[0m     at trim_prefix (C:\Users\daniel.ogagavworia\AppData\Roaming\npm\node_modules\appium\node_modules\express\lib\router\index.js:328:13)
[debug] &amp#27;[38;5;16m[AppiumDriver@6ebe]&amp#27;[0m     at C:\Users\daniel.ogagavworia\AppData\Roaming\npm\node_modules\appium\node_modules\express\lib\router\index.js:286:9
[debug] &amp#27;[38;5;16m[AppiumDriver@6ebe]&amp#27;[0m     at Function.process_params (C:\Users\daniel.ogagavworia\AppData\Roaming\npm\node_modules\appium\node_modules\express\lib\router\index.js:346:12)
&amp#27;[38;5;0m[HTTP]&amp#27;[0m &amp#27;[37m<-- GET /session/d6c1cc38-6946-4747-89f8-56067f4364bb/timeouts &amp#27;[39m&amp#27;[33m404&amp#27;[39m &amp#27;[90m11 ms - 3517&amp#27;[39m
&amp#27;[38;5;0m[HTTP]&amp#27;[0m &amp#27;[90m&amp#27;[39m
&amp#27;[38;5;0m[HTTP]&amp#27;[0m &amp#27;[37m-->&amp#27;[39m &amp#27;[37mPOST&amp#27;[39m &amp#27;[37m/session/fe0cd291-8f79-4212-8568-b4785b2dee12/element&amp#27;[39m
&amp#27;[38;5;0m[HTTP]&amp#27;[0m &amp#27;[90m{"using":"xpath","value":"//android.widget.TextView[@text='Register']"}&amp#27;[39m
[debug] &amp#27;[38;5;32m[AndroidUiautomator2Driver@b227 (fe0cd291)]&amp#27;[0m Calling AppiumDriver.findElement() with args: ["xpath","//android.widget.TextView[@text='Register']","fe0cd291-8f79-4212-8568-b4785b2dee12"]
[debug] &amp#27;[38;5;32m[AndroidUiautomator2Driver@b227 (fe0cd291)]&amp#27;[0m Valid locator strategies for this request: xpath, id, class name, accessibility id, css selector, -android uiautomator
[debug] &amp#27;[38;5;32m[AndroidUiautomator2Driver@b227 (fe0cd291)]&amp#27;[0m Waiting up to 10000 ms for condition
[debug] &amp#27;[38;5;32m[AndroidUiautomator2Driver@b227 (fe0cd291)]&amp#27;[0m Matched '/element' to command name 'findElement'
[debug] &amp#27;[38;5;32m[AndroidUiautomator2Driver@b227 (fe0cd291)]&amp#27;[0m Proxying [POST /element] to [POST http://127.0.0.1:8200/session/85989a46-cbdd-4bd4-a501-a859808a0843/element] with body: {"strategy":"xpath","selector":"//android.widget.TextView[@text='Register']","context":"","multiple":false}
[debug] &amp#27;[38;5;32m[AndroidUiautomator2Driver@b227 (fe0cd291)]&amp#27;[0m Got response with status 200: {"sessionId":"85989a46-cbdd-4bd4-a501-a859808a0843","value":{"ELEMENT":"00000000-0000-0032-ffff-ffff0000005c","element-6066-11e4-a52e-4f735466cecf":"00000000-0000-0032-ffff-ffff0000005c"}}
[debug] &amp#27;[38;5;32m[AndroidUiautomator2Driver@b227 (fe0cd291)]&amp#27;[0m Responding to client with driver.findElement() result: {"element-6066-11e4-a52e-4f735466cecf":"00000000-0000-0032-ffff-ffff0000005c","ELEMENT":"00000000-0000-0032-ffff-ffff0000005c"}
&amp#27;[38;5;0m[HTTP]&amp#27;[0m &amp#27;[37m<-- POST /session/fe0cd291-8f79-4212-8568-b4785b2dee12/element &amp#27;[39m&amp#27;[32m200&amp#27;[39m &amp#27;[90m42 ms - 137&amp#27;[39m
&amp#27;[38;5;0m[HTTP]&amp#27;[0m &amp#27;[90m&amp#27;[39m
&amp#27;[38;5;0m[HTTP]&amp#27;[0m &amp#27;[37m-->&amp#27;[39m &amp#27;[37mPOST&amp#27;[39m &amp#27;[37m/session/fe0cd291-8f79-4212-8568-b4785b2dee12/element/00000000-0000-0032-ffff-ffff0000005c/click&amp#27;[39m
&amp#27;[38;5;0m[HTTP]&amp#27;[0m &amp#27;[90m{"id":"00000000-0000-0032-ffff-ffff0000005c"}&amp#27;[39m
[debug] &amp#27;[38;5;32m[AndroidUiautomator2Driver@b227 (fe0cd291)]&amp#27;[0m Calling AppiumDriver.click() with args: ["00000000-0000-0032-ffff-ffff0000005c","fe0cd291-8f79-4212-8568-b4785b2dee12"]
[debug] &amp#27;[38;5;32m[AndroidUiautomator2Driver@b227 (fe0cd291)]&amp#27;[0m Matched '/element/00000000-0000-0032-ffff-ffff0000005c/click' to command name 'click'
[debug] &amp#27;[38;5;32m[AndroidUiautomator2Driver@b227 (fe0cd291)]&amp#27;[0m Proxying [POST /element/00000000-0000-0032-ffff-ffff0000005c/click] to [POST http://127.0.0.1:8200/session/85989a46-cbdd-4bd4-a501-a859808a0843/element/00000000-0000-0032-ffff-ffff0000005c/click] with body: {"element":"00000000-0000-0032-ffff-ffff0000005c"}
[debug] &amp#27;[38;5;32m[AndroidUiautomator2Driver@b227 (fe0cd291)]&amp#27;[0m Got response with status 200: {"sessionId":"85989a46-cbdd-4bd4-a501-a859808a0843","value":null}
[debug] &amp#27;[38;5;32m[AndroidUiautomator2Driver@b227 (fe0cd291)]&amp#27;[0m Responding to client with driver.click() result: null
&amp#27;[38;5;0m[HTTP]&amp#27;[0m &amp#27;[37m<-- POST /session/fe0cd291-8f79-4212-8568-b4785b2dee12/element/00000000-0000-0032-ffff-ffff0000005c/click &amp#27;[39m&amp#27;[32m200&amp#27;[39m &amp#27;[90m47 ms - 14&amp#27;[39m
&amp#27;[38;5;0m[HTTP]&amp#27;[0m &amp#27;[90m&amp#27;[39m
&amp#27;[38;5;0m[HTTP]&amp#27;[0m &amp#27;[37m-->&amp#27;[39m &amp#27;[37mPOST&amp#27;[39m &amp#27;[37m/session/fe0cd291-8f79-4212-8568-b4785b2dee12/element&amp#27;[39m
&amp#27;[38;5;0m[HTTP]&amp#27;[0m &amp#27;[90m{"using":"xpath","value":"//android.widget.TextView[@index=7]"}&amp#27;[39m
[debug] &amp#27;[38;5;32m[AndroidUiautomator2Driver@b227 (fe0cd291)]&amp#27;[0m Calling AppiumDriver.findElement() with args: ["xpath","//android.widget.TextView[@index=7]","fe0cd291-8f79-4212-8568-b4785b2dee12"]
[debug] &amp#27;[38;5;32m[AndroidUiautomator2Driver@b227 (fe0cd291)]&amp#27;[0m Valid locator strategies for this request: xpath, id, class name, accessibility id, css selector, -android uiautomator
[debug] &amp#27;[38;5;32m[AndroidUiautomator2Driver@b227 (fe0cd291)]&amp#27;[0m Waiting up to 10000 ms for condition
[debug] &amp#27;[38;5;32m[AndroidUiautomator2Driver@b227 (fe0cd291)]&amp#27;[0m Matched '/element' to command name 'findElement'
[debug] &amp#27;[38;5;32m[AndroidUiautomator2Driver@b227 (fe0cd291)]&amp#27;[0m Proxying [POST /element] to [POST http://127.0.0.1:8200/session/85989a46-cbdd-4bd4-a501-a859808a0843/element] with body: {"strategy":"xpath","selector":"//android.widget.TextView[@index=7]","context":"","multiple":false}
[debug] &amp#27;[38;5;32m[AndroidUiautomator2Driver@b227 (fe0cd291)]&amp#27;[0m Got response with status 200: {"sessionId":"85989a46-cbdd-4bd4-a501-a859808a0843","value":{"ELEMENT":"00000000-0000-0032-ffff-ffff0000004a","element-6066-11e4-a52e-4f735466cecf":"00000000-0000-0032-ffff-ffff0000004a"}}
[debug] &amp#27;[38;5;32m[AndroidUiautomator2Driver@b227 (fe0cd291)]&amp#27;[0m Responding to client with driver.findElement() result: {"element-6066-11e4-a52e-4f735466cecf":"00000000-0000-0032-ffff-ffff0000004a","ELEMENT":"00000000-0000-0032-ffff-ffff0000004a"}
&amp#27;[38;5;0m[HTTP]&amp#27;[0m &amp#27;[37m<-- POST /session/fe0cd291-8f79-4212-8568-b4785b2dee12/element &amp#27;[39m&amp#27;[32m200&amp#27;[39m &amp#27;[90m92 ms - 137&amp#27;[39m
&amp#27;[38;5;0m[HTTP]&amp#27;[0m &amp#27;[90m&amp#27;[39m
&amp#27;[38;5;0m[HTTP]&amp#27;[0m &amp#27;[37m-->&amp#27;[39m &amp#27;[37mPOST&amp#27;[39m &amp#27;[37m/session/fe0cd291-8f79-4212-8568-b4785b2dee12/element&amp#27;[39m
&amp#27;[38;5;0m[HTTP]&amp#27;[0m &amp#27;[90m{"using":"xpath","value":"//android.widget.TextView[@index=7]"}&amp#27;[39m
[debug] &amp#27;[38;5;32m[AndroidUiautomator2Driver@b227 (fe0cd291)]&amp#27;[0m Calling AppiumDriver.findElement() with args: ["xpath","//android.widget.TextView[@index=7]","fe0cd291-8f79-4212-8568-b4785b2dee12"]
[debug] &amp#27;[38;5;32m[AndroidUiautomator2Driver@b227 (fe0cd291)]&amp#27;[0m Valid locator strategies for this request: xpath, id, class name, accessibility id, css selector, -android uiautomator
[debug] &amp#27;[38;5;32m[AndroidUiautomator2Driver@b227 (fe0cd291)]&amp#27;[0m Waiting up to 10000 ms for condition
[debug] &amp#27;[38;5;32m[AndroidUiautomator2Driver@b227 (fe0cd291)]&amp#27;[0m Matched '/element' to command name 'findElement'
[debug] &amp#27;[38;5;32m[AndroidUiautomator2Driver@b227 (fe0cd291)]&amp#27;[0m Proxying [POST /element] to [POST http://127.0.0.1:8200/session/85989a46-cbdd-4bd4-a501-a859808a0843/element] with body: {"strategy":"xpath","selector":"//android.widget.TextView[@index=7]","context":"","multiple":false}
[debug] &amp#27;[38;5;32m[AndroidUiautomator2Driver@b227 (fe0cd291)]&amp#27;[0m Got response with status 200: {"sessionId":"85989a46-cbdd-4bd4-a501-a859808a0843","value":{"ELEMENT":"00000000-0000-0032-ffff-ffff0000004a","element-6066-11e4-a52e-4f735466cecf":"00000000-0000-0032-ffff-ffff0000004a"}}
[debug] &amp#27;[38;5;32m[AndroidUiautomator2Driver@b227 (fe0cd291)]&amp#27;[0m Responding to client with driver.findElement() result: {"element-6066-11e4-a52e-4f735466cecf":"00000000-0000-0032-ffff-ffff0000004a","ELEMENT":"00000000-0000-0032-ffff-ffff0000004a"}
&amp#27;[38;5;0m[HTTP]&amp#27;[0m &amp#27;[37m<-- POST /session/fe0cd291-8f79-4212-8568-b4785b2dee12/element &amp#27;[39m&amp#27;[32m200&amp#27;[39m &amp#27;[90m577 ms - 137&amp#27;[39m
&amp#27;[38;5;0m[HTTP]&amp#27;[0m &amp#27;[90m&amp#27;[39m
&amp#27;[38;5;0m[HTTP]&amp#27;[0m &amp#27;[37m-->&amp#27;[39m &amp#27;[37mGET&amp#27;[39m &amp#27;[37m/session/fe0cd291-8f79-4212-8568-b4785b2dee12/element/00000000-0000-0032-ffff-ffff0000004a/text&amp#27;[39m
&amp#27;[38;5;0m[HTTP]&amp#27;[0m &amp#27;[90m{}&amp#27;[39m
&amp#27;[38;5;32m[AndroidUiautomator2Driver@b227 (fe0cd291)]&amp#27;[0m Driver proxy active, passing request on via HTTP proxy
[debug] &amp#27;[38;5;32m[AndroidUiautomator2Driver@b227 (fe0cd291)]&amp#27;[0m Matched '/session/fe0cd291-8f79-4212-8568-b4785b2dee12/element/00000000-0000-0032-ffff-ffff0000004a/text' to command name 'getText'
[debug] &amp#27;[38;5;32m[AndroidUiautomator2Driver@b227 (fe0cd291)]&amp#27;[0m Proxying [GET /session/fe0cd291-8f79-4212-8568-b4785b2dee12/element/00000000-0000-0032-ffff-ffff0000004a/text] to [GET http://127.0.0.1:8200/session/85989a46-cbdd-4bd4-a501-a859808a0843/element/00000000-0000-0032-ffff-ffff0000004a/text] with no body
[debug] &amp#27;[38;5;32m[AndroidUiautomator2Driver@b227 (fe0cd291)]&amp#27;[0m Got response with status 200: {"sessionId":"85989a46-cbdd-4bd4-a501-a859808a0843","value":"This domain is not supported on Quickteller. Kindly use another email address"}
&amp#27;[38;5;32m[AndroidUiautomator2Driver@b227 (fe0cd291)]&amp#27;[0m Replacing sessionId 85989a46-cbdd-4bd4-a501-a859808a0843 with fe0cd291-8f79-4212-8568-b4785b2dee12
&amp#27;[38;5;0m[HTTP]&amp#27;[0m &amp#27;[37m<-- GET /session/fe0cd291-8f79-4212-8568-b4785b2dee12/element/00000000-0000-0032-ffff-ffff0000004a/text &amp#27;[39m&amp#27;[32m200&amp#27;[39m &amp#27;[90m9 ms - 140&amp#27;[39m
&amp#27;[38;5;0m[HTTP]&amp#27;[0m &amp#27;[90m&amp#27;[39m
]]></system-out>
  </testcase>
  <testcase name="Testcase_One[temp-mail.org](2)" classname="testcases.Android.DisposableDomain_QTM_2874" time="8.241">
    <system-out><![CDATA[&amp#27;[38;5;0m[HTTP]&amp#27;[0m &amp#27;[37m-->&amp#27;[39m &amp#27;[37mPOST&amp#27;[39m &amp#27;[37m/session/fe0cd291-8f79-4212-8568-b4785b2dee12/element&amp#27;[39m
&amp#27;[38;5;0m[HTTP]&amp#27;[0m &amp#27;[90m{"using":"xpath","value":"//android.widget.TextView[@index=0]"}&amp#27;[39m
[debug] &amp#27;[38;5;32m[AndroidUiautomator2Driver@b227 (fe0cd291)]&amp#27;[0m Calling AppiumDriver.findElement() with args: ["xpath","//android.widget.TextView[@index=0]","fe0cd291-8f79-4212-8568-b4785b2dee12"]
[debug] &amp#27;[38;5;32m[AndroidUiautomator2Driver@b227 (fe0cd291)]&amp#27;[0m Valid locator strategies for this request: xpath, id, class name, accessibility id, css selector, -android uiautomator
[debug] &amp#27;[38;5;32m[AndroidUiautomator2Driver@b227 (fe0cd291)]&amp#27;[0m Waiting up to 10000 ms for condition
[debug] &amp#27;[38;5;32m[AndroidUiautomator2Driver@b227 (fe0cd291)]&amp#27;[0m Matched '/element' to command name 'findElement'
[debug] &amp#27;[38;5;32m[AndroidUiautomator2Driver@b227 (fe0cd291)]&amp#27;[0m Proxying [POST /element] to [POST http://127.0.0.1:8200/session/85989a46-cbdd-4bd4-a501-a859808a0843/element] with body: {"strategy":"xpath","selector":"//android.widget.TextView[@index=0]","context":"","multiple":false}
[debug] &amp#27;[38;5;32m[AndroidUiautomator2Driver@b227 (fe0cd291)]&amp#27;[0m Got response with status 200: {"sessionId":"85989a46-cbdd-4bd4-a501-a859808a0843","value":{"ELEMENT":"00000000-0000-0032-ffff-ffff0000003e","element-6066-11e4-a52e-4f735466cecf":"00000000-0000-0032-ffff-ffff0000003e"}}
[debug] &amp#27;[38;5;32m[AndroidUiautomator2Driver@b227 (fe0cd291)]&amp#27;[0m Responding to client with driver.findElement() result: {"element-6066-11e4-a52e-4f735466cecf":"00000000-0000-0032-ffff-ffff0000003e","ELEMENT":"00000000-0000-0032-ffff-ffff0000003e"}
&amp#27;[38;5;0m[HTTP]&amp#27;[0m &amp#27;[37m<-- POST /session/fe0cd291-8f79-4212-8568-b4785b2dee12/element &amp#27;[39m&amp#27;[32m200&amp#27;[39m &amp#27;[90m44 ms - 137&amp#27;[39m
&amp#27;[38;5;0m[HTTP]&amp#27;[0m &amp#27;[90m&amp#27;[39m
&amp#27;[38;5;0m[HTTP]&amp#27;[0m &amp#27;[37m-->&amp#27;[39m &amp#27;[37mPOST&amp#27;[39m &amp#27;[37m/session/fe0cd291-8f79-4212-8568-b4785b2dee12/element/00000000-0000-0032-ffff-ffff0000003e/click&amp#27;[39m
&amp#27;[38;5;0m[HTTP]&amp#27;[0m &amp#27;[90m{"id":"00000000-0000-0032-ffff-ffff0000003e"}&amp#27;[39m
[debug] &amp#27;[38;5;32m[AndroidUiautomator2Driver@b227 (fe0cd291)]&amp#27;[0m Calling AppiumDriver.click() with args: ["00000000-0000-0032-ffff-ffff0000003e","fe0cd291-8f79-4212-8568-b4785b2dee12"]
[debug] &amp#27;[38;5;32m[AndroidUiautomator2Driver@b227 (fe0cd291)]&amp#27;[0m Matched '/element/00000000-0000-0032-ffff-ffff0000003e/click' to command name 'click'
[debug] &amp#27;[38;5;32m[AndroidUiautomator2Driver@b227 (fe0cd291)]&amp#27;[0m Proxying [POST /element/00000000-0000-0032-ffff-ffff0000003e/click] to [POST http://127.0.0.1:8200/session/85989a46-cbdd-4bd4-a501-a859808a0843/element/00000000-0000-0032-ffff-ffff0000003e/click] with body: {"element":"00000000-0000-0032-ffff-ffff0000003e"}
[debug] &amp#27;[38;5;32m[AndroidUiautomator2Driver@b227 (fe0cd291)]&amp#27;[0m Got response with status 200: {"sessionId":"85989a46-cbdd-4bd4-a501-a859808a0843","value":null}
[debug] &amp#27;[38;5;32m[AndroidUiautomator2Driver@b227 (fe0cd291)]&amp#27;[0m Responding to client with driver.click() result: null
&amp#27;[38;5;0m[HTTP]&amp#27;[0m &amp#27;[37m<-- POST /session/fe0cd291-8f79-4212-8568-b4785b2dee12/element/00000000-0000-0032-ffff-ffff0000003e/click &amp#27;[39m&amp#27;[32m200&amp#27;[39m &amp#27;[90m37 ms - 14&amp#27;[39m
&amp#27;[38;5;0m[HTTP]&amp#27;[0m &amp#27;[90m&amp#27;[39m
&amp#27;[38;5;0m[HTTP]&amp#27;[0m &amp#27;[37m-->&amp#27;[39m &amp#27;[37mPOST&amp#27;[39m &amp#27;[37m/session/fe0cd291-8f79-4212-8568-b4785b2dee12/timeouts&amp#27;[39m
&amp#27;[38;5;0m[HTTP]&amp#27;[0m &amp#27;[90m{"implicit":6000}&amp#27;[39m
[debug] &amp#27;[38;5;32m[AndroidUiautomator2Driver@b227 (fe0cd291)]&amp#27;[0m Calling AppiumDriver.timeouts() with args: [null,null,null,null,6000,"fe0cd291-8f79-4212-8568-b4785b2dee12"]
[debug] &amp#27;[38;5;32m[AndroidUiautomator2Driver@b227 (fe0cd291)]&amp#27;[0m W3C timeout argument: {"implicit":6000}}
[debug] &amp#27;[38;5;32m[AndroidUiautomator2Driver@b227 (fe0cd291)]&amp#27;[0m Set implicit wait to 6000ms
[debug] &amp#27;[38;5;32m[AndroidUiautomator2Driver@b227 (fe0cd291)]&amp#27;[0m Responding to client with driver.timeouts() result: null
&amp#27;[38;5;0m[HTTP]&amp#27;[0m &amp#27;[37m<-- POST /session/fe0cd291-8f79-4212-8568-b4785b2dee12/timeouts &amp#27;[39m&amp#27;[32m200&amp#27;[39m &amp#27;[90m1 ms - 14&amp#27;[39m
&amp#27;[38;5;0m[HTTP]&amp#27;[0m &amp#27;[90m&amp#27;[39m
&amp#27;[38;5;0m[HTTP]&amp#27;[0m &amp#27;[37m-->&amp#27;[39m &amp#27;[37mPOST&amp#27;[39m &amp#27;[37m/session/fe0cd291-8f79-4212-8568-b4785b2dee12/element&amp#27;[39m
&amp#27;[38;5;0m[HTTP]&amp#27;[0m &amp#27;[90m{"using":"xpath","value":"//android.widget.Button[@text='Allow']"}&amp#27;[39m
[debug] &amp#27;[38;5;32m[AndroidUiautomator2Driver@b227 (fe0cd291)]&amp#27;[0m Calling AppiumDriver.findElement() with args: ["xpath","//android.widget.Button[@text='Allow']","fe0cd291-8f79-4212-8568-b4785b2dee12"]
[debug] &amp#27;[38;5;32m[AndroidUiautomator2Driver@b227 (fe0cd291)]&amp#27;[0m Valid locator strategies for this request: xpath, id, class name, accessibility id, css selector, -android uiautomator
[debug] &amp#27;[38;5;32m[AndroidUiautomator2Driver@b227 (fe0cd291)]&amp#27;[0m Waiting up to 6000 ms for condition
[debug] &amp#27;[38;5;32m[AndroidUiautomator2Driver@b227 (fe0cd291)]&amp#27;[0m Matched '/element' to command name 'findElement'
[debug] &amp#27;[38;5;32m[AndroidUiautomator2Driver@b227 (fe0cd291)]&amp#27;[0m Proxying [POST /element] to [POST http://127.0.0.1:8200/session/85989a46-cbdd-4bd4-a501-a859808a0843/element] with body: {"strategy":"xpath","selector":"//android.widget.Button[@text='Allow']","context":"","multiple":false}
&amp#27;[38;5;32m[AndroidUiautomator2Driver@b227 (fe0cd291)]&amp#27;[0m Got response with status 404: {"sessionId":"85989a46-cbdd-4bd4-a501-a859808a0843","value":{"error":"no such element","message":"An element could not be located on the page using the given search parameters","stacktrace":"io.appium.uiautomator2.common.exceptions.ElementNotFoundException: An element could not be located on the page using the given search parameters\n\tat io.appium.uiautomator2.utils.ElementLocationHelpers.findElement(ElementLocationHelpers.java:156)\n\tat io.appium.uiautomator2.handler.FindElement.safeHandle(FindElement.java:60)\n\tat io.appium.uiautomator2.handler.request.SafeRequestHandler.handle(SafeRequestHandler.java:59)\n\tat io.appium.uiautomator2.server.AppiumServlet.handleRequest(AppiumServlet.java:277)\n\tat io.appium.uiautomator2.server.AppiumServlet.handleHttpRequest(AppiumServlet.java:271)\n\tat io.appium.uiautomator2.http.ServerHandler.channelRead(ServerHandler.java:68)\n\tat io.netty.channel.AbstractChannelHandlerContext.invokeChannelRead(AbstractChannelHandlerContext.java:366)\n\tat io.netty.channel.Abstr...
[debug] &amp#27;[38;5;128m[W3C]&amp#27;[0m Matched W3C error code 'no such element' to NoSuchElementError
[debug] &amp#27;[38;5;32m[AndroidUiautomator2Driver@b227 (fe0cd291)]&amp#27;[0m Waited for 65 ms so far
[debug] &amp#27;[38;5;32m[AndroidUiautomator2Driver@b227 (fe0cd291)]&amp#27;[0m Matched '/element' to command name 'findElement'
[debug] &amp#27;[38;5;32m[AndroidUiautomator2Driver@b227 (fe0cd291)]&amp#27;[0m Proxying [POST /element] to [POST http://127.0.0.1:8200/session/85989a46-cbdd-4bd4-a501-a859808a0843/element] with body: {"strategy":"xpath","selector":"//android.widget.Button[@text='Allow']","context":"","multiple":false}
&amp#27;[38;5;32m[AndroidUiautomator2Driver@b227 (fe0cd291)]&amp#27;[0m Got response with status 404: {"sessionId":"85989a46-cbdd-4bd4-a501-a859808a0843","value":{"error":"no such element","message":"An element could not be located on the page using the given search parameters","stacktrace":"io.appium.uiautomator2.common.exceptions.ElementNotFoundException: An element could not be located on the page using the given search parameters\n\tat io.appium.uiautomator2.utils.ElementLocationHelpers.findElement(ElementLocationHelpers.java:156)\n\tat io.appium.uiautomator2.handler.FindElement.safeHandle(FindElement.java:60)\n\tat io.appium.uiautomator2.handler.request.SafeRequestHandler.handle(SafeRequestHandler.java:59)\n\tat io.appium.uiautomator2.server.AppiumServlet.handleRequest(AppiumServlet.java:277)\n\tat io.appium.uiautomator2.server.AppiumServlet.handleHttpRequest(AppiumServlet.java:271)\n\tat io.appium.uiautomator2.http.ServerHandler.channelRead(ServerHandler.java:68)\n\tat io.netty.channel.AbstractChannelHandlerContext.invokeChannelRead(AbstractChannelHandlerContext.java:366)\n\tat io.netty.channel.Abstr...
[debug] &amp#27;[38;5;128m[W3C]&amp#27;[0m Matched W3C error code 'no such element' to NoSuchElementError
[debug] &amp#27;[38;5;32m[AndroidUiautomator2Driver@b227 (fe0cd291)]&amp#27;[0m Waited for 998 ms so far
[debug] &amp#27;[38;5;32m[AndroidUiautomator2Driver@b227 (fe0cd291)]&amp#27;[0m Matched '/element' to command name 'findElement'
[debug] &amp#27;[38;5;32m[AndroidUiautomator2Driver@b227 (fe0cd291)]&amp#27;[0m Proxying [POST /element] to [POST http://127.0.0.1:8200/session/85989a46-cbdd-4bd4-a501-a859808a0843/element] with body: {"strategy":"xpath","selector":"//android.widget.Button[@text='Allow']","context":"","multiple":false}
&amp#27;[38;5;32m[AndroidUiautomator2Driver@b227 (fe0cd291)]&amp#27;[0m Got response with status 404: {"sessionId":"85989a46-cbdd-4bd4-a501-a859808a0843","value":{"error":"no such element","message":"An element could not be located on the page using the given search parameters","stacktrace":"io.appium.uiautomator2.common.exceptions.ElementNotFoundException: An element could not be located on the page using the given search parameters\n\tat io.appium.uiautomator2.utils.ElementLocationHelpers.findElement(ElementLocationHelpers.java:156)\n\tat io.appium.uiautomator2.handler.FindElement.safeHandle(FindElement.java:60)\n\tat io.appium.uiautomator2.handler.request.SafeRequestHandler.handle(SafeRequestHandler.java:59)\n\tat io.appium.uiautomator2.server.AppiumServlet.handleRequest(AppiumServlet.java:277)\n\tat io.appium.uiautomator2.server.AppiumServlet.handleHttpRequest(AppiumServlet.java:271)\n\tat io.appium.uiautomator2.http.ServerHandler.channelRead(ServerHandler.java:68)\n\tat io.netty.channel.AbstractChannelHandlerContext.invokeChannelRead(AbstractChannelHandlerContext.java:366)\n\tat io.netty.channel.Abstr...
[debug] &amp#27;[38;5;128m[W3C]&amp#27;[0m Matched W3C error code 'no such element' to NoSuchElementError
[debug] &amp#27;[38;5;32m[AndroidUiautomator2Driver@b227 (fe0cd291)]&amp#27;[0m Waited for 1535 ms so far
[debug] &amp#27;[38;5;32m[AndroidUiautomator2Driver@b227 (fe0cd291)]&amp#27;[0m Matched '/element' to command name 'findElement'
[debug] &amp#27;[38;5;32m[AndroidUiautomator2Driver@b227 (fe0cd291)]&amp#27;[0m Proxying [POST /element] to [POST http://127.0.0.1:8200/session/85989a46-cbdd-4bd4-a501-a859808a0843/element] with body: {"strategy":"xpath","selector":"//android.widget.Button[@text='Allow']","context":"","multiple":false}
&amp#27;[38;5;32m[AndroidUiautomator2Driver@b227 (fe0cd291)]&amp#27;[0m Got response with status 404: {"sessionId":"85989a46-cbdd-4bd4-a501-a859808a0843","value":{"error":"no such element","message":"An element could not be located on the page using the given search parameters","stacktrace":"io.appium.uiautomator2.common.exceptions.ElementNotFoundException: An element could not be located on the page using the given search parameters\n\tat io.appium.uiautomator2.utils.ElementLocationHelpers.findElement(ElementLocationHelpers.java:156)\n\tat io.appium.uiautomator2.handler.FindElement.safeHandle(FindElement.java:60)\n\tat io.appium.uiautomator2.handler.request.SafeRequestHandler.handle(SafeRequestHandler.java:59)\n\tat io.appium.uiautomator2.server.AppiumServlet.handleRequest(AppiumServlet.java:277)\n\tat io.appium.uiautomator2.server.AppiumServlet.handleHttpRequest(AppiumServlet.java:271)\n\tat io.appium.uiautomator2.http.ServerHandler.channelRead(ServerHandler.java:68)\n\tat io.netty.channel.AbstractChannelHandlerContext.invokeChannelRead(AbstractChannelHandlerContext.java:366)\n\tat io.netty.channel.Abstr...
[debug] &amp#27;[38;5;128m[W3C]&amp#27;[0m Matched W3C error code 'no such element' to NoSuchElementError
[debug] &amp#27;[38;5;32m[AndroidUiautomator2Driver@b227 (fe0cd291)]&amp#27;[0m Waited for 2066 ms so far
[debug] &amp#27;[38;5;32m[AndroidUiautomator2Driver@b227 (fe0cd291)]&amp#27;[0m Matched '/element' to command name 'findElement'
[debug] &amp#27;[38;5;32m[AndroidUiautomator2Driver@b227 (fe0cd291)]&amp#27;[0m Proxying [POST /element] to [POST http://127.0.0.1:8200/session/85989a46-cbdd-4bd4-a501-a859808a0843/element] with body: {"strategy":"xpath","selector":"//android.widget.Button[@text='Allow']","context":"","multiple":false}
&amp#27;[38;5;32m[AndroidUiautomator2Driver@b227 (fe0cd291)]&amp#27;[0m Got response with status 404: {"sessionId":"85989a46-cbdd-4bd4-a501-a859808a0843","value":{"error":"no such element","message":"An element could not be located on the page using the given search parameters","stacktrace":"io.appium.uiautomator2.common.exceptions.ElementNotFoundException: An element could not be located on the page using the given search parameters\n\tat io.appium.uiautomator2.utils.ElementLocationHelpers.findElement(ElementLocationHelpers.java:156)\n\tat io.appium.uiautomator2.handler.FindElement.safeHandle(FindElement.java:60)\n\tat io.appium.uiautomator2.handler.request.SafeRequestHandler.handle(SafeRequestHandler.java:59)\n\tat io.appium.uiautomator2.server.AppiumServlet.handleRequest(AppiumServlet.java:277)\n\tat io.appium.uiautomator2.server.AppiumServlet.handleHttpRequest(AppiumServlet.java:271)\n\tat io.appium.uiautomator2.http.ServerHandler.channelRead(ServerHandler.java:68)\n\tat io.netty.channel.AbstractChannelHandlerContext.invokeChannelRead(AbstractChannelHandlerContext.java:366)\n\tat io.netty.channel.Abstr...
[debug] &amp#27;[38;5;128m[W3C]&amp#27;[0m Matched W3C error code 'no such element' to NoSuchElementError
[debug] &amp#27;[38;5;32m[AndroidUiautomator2Driver@b227 (fe0cd291)]&amp#27;[0m Waited for 2597 ms so far
[debug] &amp#27;[38;5;32m[AndroidUiautomator2Driver@b227 (fe0cd291)]&amp#27;[0m Matched '/element' to command name 'findElement'
[debug] &amp#27;[38;5;32m[AndroidUiautomator2Driver@b227 (fe0cd291)]&amp#27;[0m Proxying [POST /element] to [POST http://127.0.0.1:8200/session/85989a46-cbdd-4bd4-a501-a859808a0843/element] with body: {"strategy":"xpath","selector":"//android.widget.Button[@text='Allow']","context":"","multiple":false}
&amp#27;[38;5;32m[AndroidUiautomator2Driver@b227 (fe0cd291)]&amp#27;[0m Got response with status 404: {"sessionId":"85989a46-cbdd-4bd4-a501-a859808a0843","value":{"error":"no such element","message":"An element could not be located on the page using the given search parameters","stacktrace":"io.appium.uiautomator2.common.exceptions.ElementNotFoundException: An element could not be located on the page using the given search parameters\n\tat io.appium.uiautomator2.utils.ElementLocationHelpers.findElement(ElementLocationHelpers.java:156)\n\tat io.appium.uiautomator2.handler.FindElement.safeHandle(FindElement.java:60)\n\tat io.appium.uiautomator2.handler.request.SafeRequestHandler.handle(SafeRequestHandler.java:59)\n\tat io.appium.uiautomator2.server.AppiumServlet.handleRequest(AppiumServlet.java:277)\n\tat io.appium.uiautomator2.server.AppiumServlet.handleHttpRequest(AppiumServlet.java:271)\n\tat io.appium.uiautomator2.http.ServerHandler.channelRead(ServerHandler.java:68)\n\tat io.netty.channel.AbstractChannelHandlerContext.invokeChannelRead(AbstractChannelHandlerContext.java:366)\n\tat io.netty.channel.Abstr...
[debug] &amp#27;[38;5;128m[W3C]&amp#27;[0m Matched W3C error code 'no such element' to NoSuchElementError
[debug] &amp#27;[38;5;32m[AndroidUiautomator2Driver@b227 (fe0cd291)]&amp#27;[0m Waited for 3124 ms so far
[debug] &amp#27;[38;5;32m[AndroidUiautomator2Driver@b227 (fe0cd291)]&amp#27;[0m Matched '/element' to command name 'findElement'
[debug] &amp#27;[38;5;32m[AndroidUiautomator2Driver@b227 (fe0cd291)]&amp#27;[0m Proxying [POST /element] to [POST http://127.0.0.1:8200/session/85989a46-cbdd-4bd4-a501-a859808a0843/element] with body: {"strategy":"xpath","selector":"//android.widget.Button[@text='Allow']","context":"","multiple":false}
&amp#27;[38;5;32m[AndroidUiautomator2Driver@b227 (fe0cd291)]&amp#27;[0m Got response with status 404: {"sessionId":"85989a46-cbdd-4bd4-a501-a859808a0843","value":{"error":"no such element","message":"An element could not be located on the page using the given search parameters","stacktrace":"io.appium.uiautomator2.common.exceptions.ElementNotFoundException: An element could not be located on the page using the given search parameters\n\tat io.appium.uiautomator2.utils.ElementLocationHelpers.findElement(ElementLocationHelpers.java:156)\n\tat io.appium.uiautomator2.handler.FindElement.safeHandle(FindElement.java:60)\n\tat io.appium.uiautomator2.handler.request.SafeRequestHandler.handle(SafeRequestHandler.java:59)\n\tat io.appium.uiautomator2.server.AppiumServlet.handleRequest(AppiumServlet.java:277)\n\tat io.appium.uiautomator2.server.AppiumServlet.handleHttpRequest(AppiumServlet.java:271)\n\tat io.appium.uiautomator2.http.ServerHandler.channelRead(ServerHandler.java:68)\n\tat io.netty.channel.AbstractChannelHandlerContext.invokeChannelRead(AbstractChannelHandlerContext.java:366)\n\tat io.netty.channel.Abstr...
[debug] &amp#27;[38;5;128m[W3C]&amp#27;[0m Matched W3C error code 'no such element' to NoSuchElementError
[debug] &amp#27;[38;5;32m[AndroidUiautomator2Driver@b227 (fe0cd291)]&amp#27;[0m Waited for 3659 ms so far
[debug] &amp#27;[38;5;32m[AndroidUiautomator2Driver@b227 (fe0cd291)]&amp#27;[0m Matched '/element' to command name 'findElement'
[debug] &amp#27;[38;5;32m[AndroidUiautomator2Driver@b227 (fe0cd291)]&amp#27;[0m Proxying [POST /element] to [POST http://127.0.0.1:8200/session/85989a46-cbdd-4bd4-a501-a859808a0843/element] with body: {"strategy":"xpath","selector":"//android.widget.Button[@text='Allow']","context":"","multiple":false}
&amp#27;[38;5;32m[AndroidUiautomator2Driver@b227 (fe0cd291)]&amp#27;[0m Got response with status 404: {"sessionId":"85989a46-cbdd-4bd4-a501-a859808a0843","value":{"error":"no such element","message":"An element could not be located on the page using the given search parameters","stacktrace":"io.appium.uiautomator2.common.exceptions.ElementNotFoundException: An element could not be located on the page using the given search parameters\n\tat io.appium.uiautomator2.utils.ElementLocationHelpers.findElement(ElementLocationHelpers.java:156)\n\tat io.appium.uiautomator2.handler.FindElement.safeHandle(FindElement.java:60)\n\tat io.appium.uiautomator2.handler.request.SafeRequestHandler.handle(SafeRequestHandler.java:59)\n\tat io.appium.uiautomator2.server.AppiumServlet.handleRequest(AppiumServlet.java:277)\n\tat io.appium.uiautomator2.server.AppiumServlet.handleHttpRequest(AppiumServlet.java:271)\n\tat io.appium.uiautomator2.http.ServerHandler.channelRead(ServerHandler.java:68)\n\tat io.netty.channel.AbstractChannelHandlerContext.invokeChannelRead(AbstractChannelHandlerContext.java:366)\n\tat io.netty.channel.Abstr...
[debug] &amp#27;[38;5;128m[W3C]&amp#27;[0m Matched W3C error code 'no such element' to NoSuchElementError
[debug] &amp#27;[38;5;32m[AndroidUiautomator2Driver@b227 (fe0cd291)]&amp#27;[0m Waited for 4187 ms so far
[debug] &amp#27;[38;5;32m[AndroidUiautomator2Driver@b227 (fe0cd291)]&amp#27;[0m Matched '/element' to command name 'findElement'
[debug] &amp#27;[38;5;32m[AndroidUiautomator2Driver@b227 (fe0cd291)]&amp#27;[0m Proxying [POST /element] to [POST http://127.0.0.1:8200/session/85989a46-cbdd-4bd4-a501-a859808a0843/element] with body: {"strategy":"xpath","selector":"//android.widget.Button[@text='Allow']","context":"","multiple":false}
&amp#27;[38;5;32m[AndroidUiautomator2Driver@b227 (fe0cd291)]&amp#27;[0m Got response with status 404: {"sessionId":"85989a46-cbdd-4bd4-a501-a859808a0843","value":{"error":"no such element","message":"An element could not be located on the page using the given search parameters","stacktrace":"io.appium.uiautomator2.common.exceptions.ElementNotFoundException: An element could not be located on the page using the given search parameters\n\tat io.appium.uiautomator2.utils.ElementLocationHelpers.findElement(ElementLocationHelpers.java:156)\n\tat io.appium.uiautomator2.handler.FindElement.safeHandle(FindElement.java:60)\n\tat io.appium.uiautomator2.handler.request.SafeRequestHandler.handle(SafeRequestHandler.java:59)\n\tat io.appium.uiautomator2.server.AppiumServlet.handleRequest(AppiumServlet.java:277)\n\tat io.appium.uiautomator2.server.AppiumServlet.handleHttpRequest(AppiumServlet.java:271)\n\tat io.appium.uiautomator2.http.ServerHandler.channelRead(ServerHandler.java:68)\n\tat io.netty.channel.AbstractChannelHandlerContext.invokeChannelRead(AbstractChannelHandlerContext.java:366)\n\tat io.netty.channel.Abstr...
[debug] &amp#27;[38;5;128m[W3C]&amp#27;[0m Matched W3C error code 'no such element' to NoSuchElementError
[debug] &amp#27;[38;5;32m[AndroidUiautomator2Driver@b227 (fe0cd291)]&amp#27;[0m Waited for 4727 ms so far
[debug] &amp#27;[38;5;32m[AndroidUiautomator2Driver@b227 (fe0cd291)]&amp#27;[0m Matched '/element' to command name 'findElement'
[debug] &amp#27;[38;5;32m[AndroidUiautomator2Driver@b227 (fe0cd291)]&amp#27;[0m Proxying [POST /element] to [POST http://127.0.0.1:8200/session/85989a46-cbdd-4bd4-a501-a859808a0843/element] with body: {"strategy":"xpath","selector":"//android.widget.Button[@text='Allow']","context":"","multiple":false}
&amp#27;[38;5;32m[AndroidUiautomator2Driver@b227 (fe0cd291)]&amp#27;[0m Got response with status 404: {"sessionId":"85989a46-cbdd-4bd4-a501-a859808a0843","value":{"error":"no such element","message":"An element could not be located on the page using the given search parameters","stacktrace":"io.appium.uiautomator2.common.exceptions.ElementNotFoundException: An element could not be located on the page using the given search parameters\n\tat io.appium.uiautomator2.utils.ElementLocationHelpers.findElement(ElementLocationHelpers.java:156)\n\tat io.appium.uiautomator2.handler.FindElement.safeHandle(FindElement.java:60)\n\tat io.appium.uiautomator2.handler.request.SafeRequestHandler.handle(SafeRequestHandler.java:59)\n\tat io.appium.uiautomator2.server.AppiumServlet.handleRequest(AppiumServlet.java:277)\n\tat io.appium.uiautomator2.server.AppiumServlet.handleHttpRequest(AppiumServlet.java:271)\n\tat io.appium.uiautomator2.http.ServerHandler.channelRead(ServerHandler.java:68)\n\tat io.netty.channel.AbstractChannelHandlerContext.invokeChannelRead(AbstractChannelHandlerContext.java:366)\n\tat io.netty.channel.Abstr...
[debug] &amp#27;[38;5;128m[W3C]&amp#27;[0m Matched W3C error code 'no such element' to NoSuchElementError
[debug] &amp#27;[38;5;32m[AndroidUiautomator2Driver@b227 (fe0cd291)]&amp#27;[0m Waited for 5262 ms so far
[debug] &amp#27;[38;5;32m[AndroidUiautomator2Driver@b227 (fe0cd291)]&amp#27;[0m Matched '/element' to command name 'findElement'
[debug] &amp#27;[38;5;32m[AndroidUiautomator2Driver@b227 (fe0cd291)]&amp#27;[0m Proxying [POST /element] to [POST http://127.0.0.1:8200/session/85989a46-cbdd-4bd4-a501-a859808a0843/element] with body: {"strategy":"xpath","selector":"//android.widget.Button[@text='Allow']","context":"","multiple":false}
&amp#27;[38;5;32m[AndroidUiautomator2Driver@b227 (fe0cd291)]&amp#27;[0m Got response with status 404: {"sessionId":"85989a46-cbdd-4bd4-a501-a859808a0843","value":{"error":"no such element","message":"An element could not be located on the page using the given search parameters","stacktrace":"io.appium.uiautomator2.common.exceptions.ElementNotFoundException: An element could not be located on the page using the given search parameters\n\tat io.appium.uiautomator2.utils.ElementLocationHelpers.findElement(ElementLocationHelpers.java:156)\n\tat io.appium.uiautomator2.handler.FindElement.safeHandle(FindElement.java:60)\n\tat io.appium.uiautomator2.handler.request.SafeRequestHandler.handle(SafeRequestHandler.java:59)\n\tat io.appium.uiautomator2.server.AppiumServlet.handleRequest(AppiumServlet.java:277)\n\tat io.appium.uiautomator2.server.AppiumServlet.handleHttpRequest(AppiumServlet.java:271)\n\tat io.appium.uiautomator2.http.ServerHandler.channelRead(ServerHandler.java:68)\n\tat io.netty.channel.AbstractChannelHandlerContext.invokeChannelRead(AbstractChannelHandlerContext.java:366)\n\tat io.netty.channel.Abstr...
[debug] &amp#27;[38;5;128m[W3C]&amp#27;[0m Matched W3C error code 'no such element' to NoSuchElementError
[debug] &amp#27;[38;5;32m[AndroidUiautomator2Driver@b227 (fe0cd291)]&amp#27;[0m Waited for 5795 ms so far
[debug] &amp#27;[38;5;32m[AndroidUiautomator2Driver@b227 (fe0cd291)]&amp#27;[0m Matched '/element' to command name 'findElement'
[debug] &amp#27;[38;5;32m[AndroidUiautomator2Driver@b227 (fe0cd291)]&amp#27;[0m Proxying [POST /element] to [POST http://127.0.0.1:8200/session/85989a46-cbdd-4bd4-a501-a859808a0843/element] with body: {"strategy":"xpath","selector":"//android.widget.Button[@text='Allow']","context":"","multiple":false}
&amp#27;[38;5;32m[AndroidUiautomator2Driver@b227 (fe0cd291)]&amp#27;[0m Got response with status 404: {"sessionId":"85989a46-cbdd-4bd4-a501-a859808a0843","value":{"error":"no such element","message":"An element could not be located on the page using the given search parameters","stacktrace":"io.appium.uiautomator2.common.exceptions.ElementNotFoundException: An element could not be located on the page using the given search parameters\n\tat io.appium.uiautomator2.utils.ElementLocationHelpers.findElement(ElementLocationHelpers.java:156)\n\tat io.appium.uiautomator2.handler.FindElement.safeHandle(FindElement.java:60)\n\tat io.appium.uiautomator2.handler.request.SafeRequestHandler.handle(SafeRequestHandler.java:59)\n\tat io.appium.uiautomator2.server.AppiumServlet.handleRequest(AppiumServlet.java:277)\n\tat io.appium.uiautomator2.server.AppiumServlet.handleHttpRequest(AppiumServlet.java:271)\n\tat io.appium.uiautomator2.http.ServerHandler.channelRead(ServerHandler.java:68)\n\tat io.netty.channel.AbstractChannelHandlerContext.invokeChannelRead(AbstractChannelHandlerContext.java:366)\n\tat io.netty.channel.Abstr...
[debug] &amp#27;[38;5;128m[W3C]&amp#27;[0m Matched W3C error code 'no such element' to NoSuchElementError
[debug] &amp#27;[38;5;32m[AndroidUiautomator2Driver@b227 (fe0cd291)]&amp#27;[0m Encountered internal error running command: NoSuchElementError: An element could not be located on the page using the given search parameters.
[debug] &amp#27;[38;5;32m[AndroidUiautomator2Driver@b227 (fe0cd291)]&amp#27;[0m     at AndroidUiautomator2Driver.findElOrEls (C:\Users\daniel.ogagavworia\.appium\node_modules\appium-uiautomator2-driver\node_modules\appium-android-driver\lib\commands\find.js:75:11)
[debug] &amp#27;[38;5;32m[AndroidUiautomator2Driver@b227 (fe0cd291)]&amp#27;[0m     at processTicksAndRejections (node:internal/process/task_queues:95:5)
[debug] &amp#27;[38;5;32m[AndroidUiautomator2Driver@b227 (fe0cd291)]&amp#27;[0m     at AndroidUiautomator2Driver.findElOrElsWithProcessing (C:\Users\daniel.ogagavworia\AppData\Roaming\npm\node_modules\appium\node_modules\@appium\base-driver\lib\basedriver\commands\find.ts:60:12)
[debug] &amp#27;[38;5;32m[AndroidUiautomator2Driver@b227 (fe0cd291)]&amp#27;[0m     at AndroidUiautomator2Driver.findElement (C:\Users\daniel.ogagavworia\AppData\Roaming\npm\node_modules\appium\node_modules\@appium\base-driver\lib\basedriver\commands\find.ts:75:12)
&amp#27;[38;5;0m[HTTP]&amp#27;[0m &amp#27;[37m<-- POST /session/fe0cd291-8f79-4212-8568-b4785b2dee12/element &amp#27;[39m&amp#27;[33m404&amp#27;[39m &amp#27;[90m6025 ms - 929&amp#27;[39m
&amp#27;[38;5;0m[HTTP]&amp#27;[0m &amp#27;[90m&amp#27;[39m
&amp#27;[38;5;0m[HTTP]&amp#27;[0m &amp#27;[37m-->&amp#27;[39m &amp#27;[37mPOST&amp#27;[39m &amp#27;[37m/session/fe0cd291-8f79-4212-8568-b4785b2dee12/element&amp#27;[39m
&amp#27;[38;5;0m[HTTP]&amp#27;[0m &amp#27;[90m{"using":"xpath","value":"//android.widget.TextView[@text='REGISTER']"}&amp#27;[39m
[debug] &amp#27;[38;5;32m[AndroidUiautomator2Driver@b227 (fe0cd291)]&amp#27;[0m Calling AppiumDriver.findElement() with args: ["xpath","//android.widget.TextView[@text='REGISTER']","fe0cd291-8f79-4212-8568-b4785b2dee12"]
[debug] &amp#27;[38;5;32m[AndroidUiautomator2Driver@b227 (fe0cd291)]&amp#27;[0m Valid locator strategies for this request: xpath, id, class name, accessibility id, css selector, -android uiautomator
[debug] &amp#27;[38;5;32m[AndroidUiautomator2Driver@b227 (fe0cd291)]&amp#27;[0m Waiting up to 6000 ms for condition
[debug] &amp#27;[38;5;32m[AndroidUiautomator2Driver@b227 (fe0cd291)]&amp#27;[0m Matched '/element' to command name 'findElement'
[debug] &amp#27;[38;5;32m[AndroidUiautomator2Driver@b227 (fe0cd291)]&amp#27;[0m Proxying [POST /element] to [POST http://127.0.0.1:8200/session/85989a46-cbdd-4bd4-a501-a859808a0843/element] with body: {"strategy":"xpath","selector":"//android.widget.TextView[@text='REGISTER']","context":"","multiple":false}
[debug] &amp#27;[38;5;32m[AndroidUiautomator2Driver@b227 (fe0cd291)]&amp#27;[0m Got response with status 200: {"sessionId":"85989a46-cbdd-4bd4-a501-a859808a0843","value":{"ELEMENT":"00000000-0000-0032-ffff-ffff0000002e","element-6066-11e4-a52e-4f735466cecf":"00000000-0000-0032-ffff-ffff0000002e"}}
[debug] &amp#27;[38;5;32m[AndroidUiautomator2Driver@b227 (fe0cd291)]&amp#27;[0m Responding to client with driver.findElement() result: {"element-6066-11e4-a52e-4f735466cecf":"00000000-0000-0032-ffff-ffff0000002e","ELEMENT":"00000000-0000-0032-ffff-ffff0000002e"}
&amp#27;[38;5;0m[HTTP]&amp#27;[0m &amp#27;[37m<-- POST /session/fe0cd291-8f79-4212-8568-b4785b2dee12/element &amp#27;[39m&amp#27;[32m200&amp#27;[39m &amp#27;[90m18 ms - 137&amp#27;[39m
&amp#27;[38;5;0m[HTTP]&amp#27;[0m &amp#27;[90m&amp#27;[39m
&amp#27;[38;5;0m[HTTP]&amp#27;[0m &amp#27;[37m-->&amp#27;[39m &amp#27;[37mPOST&amp#27;[39m &amp#27;[37m/session/fe0cd291-8f79-4212-8568-b4785b2dee12/element/00000000-0000-0032-ffff-ffff0000002e/click&amp#27;[39m
&amp#27;[38;5;0m[HTTP]&amp#27;[0m &amp#27;[90m{"id":"00000000-0000-0032-ffff-ffff0000002e"}&amp#27;[39m
[debug] &amp#27;[38;5;32m[AndroidUiautomator2Driver@b227 (fe0cd291)]&amp#27;[0m Calling AppiumDriver.click() with args: ["00000000-0000-0032-ffff-ffff0000002e","fe0cd291-8f79-4212-8568-b4785b2dee12"]
[debug] &amp#27;[38;5;32m[AndroidUiautomator2Driver@b227 (fe0cd291)]&amp#27;[0m Matched '/element/00000000-0000-0032-ffff-ffff0000002e/click' to command name 'click'
[debug] &amp#27;[38;5;32m[AndroidUiautomator2Driver@b227 (fe0cd291)]&amp#27;[0m Proxying [POST /element/00000000-0000-0032-ffff-ffff0000002e/click] to [POST http://127.0.0.1:8200/session/85989a46-cbdd-4bd4-a501-a859808a0843/element/00000000-0000-0032-ffff-ffff0000002e/click] with body: {"element":"00000000-0000-0032-ffff-ffff0000002e"}
[debug] &amp#27;[38;5;32m[AndroidUiautomator2Driver@b227 (fe0cd291)]&amp#27;[0m Got response with status 200: {"sessionId":"85989a46-cbdd-4bd4-a501-a859808a0843","value":null}
[debug] &amp#27;[38;5;32m[AndroidUiautomator2Driver@b227 (fe0cd291)]&amp#27;[0m Responding to client with driver.click() result: null
&amp#27;[38;5;0m[HTTP]&amp#27;[0m &amp#27;[37m<-- POST /session/fe0cd291-8f79-4212-8568-b4785b2dee12/element/00000000-0000-0032-ffff-ffff0000002e/click &amp#27;[39m&amp#27;[32m200&amp#27;[39m &amp#27;[90m46 ms - 14&amp#27;[39m
&amp#27;[38;5;0m[HTTP]&amp#27;[0m &amp#27;[90m&amp#27;[39m
&amp#27;[38;5;0m[HTTP]&amp#27;[0m &amp#27;[37m-->&amp#27;[39m &amp#27;[37mPOST&amp#27;[39m &amp#27;[37m/session/fe0cd291-8f79-4212-8568-b4785b2dee12/timeouts&amp#27;[39m
&amp#27;[38;5;0m[HTTP]&amp#27;[0m &amp#27;[90m{"implicit":10000}&amp#27;[39m
[debug] &amp#27;[38;5;32m[AndroidUiautomator2Driver@b227 (fe0cd291)]&amp#27;[0m Calling AppiumDriver.timeouts() with args: [null,null,null,null,10000,"fe0cd291-8f79-4212-8568-b4785b2dee12"]
[debug] &amp#27;[38;5;32m[AndroidUiautomator2Driver@b227 (fe0cd291)]&amp#27;[0m W3C timeout argument: {"implicit":10000}}
[debug] &amp#27;[38;5;32m[AndroidUiautomator2Driver@b227 (fe0cd291)]&amp#27;[0m Set implicit wait to 10000ms
[debug] &amp#27;[38;5;32m[AndroidUiautomator2Driver@b227 (fe0cd291)]&amp#27;[0m Responding to client with driver.timeouts() result: null
&amp#27;[38;5;0m[HTTP]&amp#27;[0m &amp#27;[37m<-- POST /session/fe0cd291-8f79-4212-8568-b4785b2dee12/timeouts &amp#27;[39m&amp#27;[32m200&amp#27;[39m &amp#27;[90m1 ms - 14&amp#27;[39m
&amp#27;[38;5;0m[HTTP]&amp#27;[0m &amp#27;[90m&amp#27;[39m
&amp#27;[38;5;0m[HTTP]&amp#27;[0m &amp#27;[37m-->&amp#27;[39m &amp#27;[37mPOST&amp#27;[39m &amp#27;[37m/session/fe0cd291-8f79-4212-8568-b4785b2dee12/element&amp#27;[39m
&amp#27;[38;5;0m[HTTP]&amp#27;[0m &amp#27;[90m{"using":"xpath","value":"//android.widget.EditText[@index=3]"}&amp#27;[39m
[debug] &amp#27;[38;5;32m[AndroidUiautomator2Driver@b227 (fe0cd291)]&amp#27;[0m Calling AppiumDriver.findElement() with args: ["xpath","//android.widget.EditText[@index=3]","fe0cd291-8f79-4212-8568-b4785b2dee12"]
[debug] &amp#27;[38;5;32m[AndroidUiautomator2Driver@b227 (fe0cd291)]&amp#27;[0m Valid locator strategies for this request: xpath, id, class name, accessibility id, css selector, -android uiautomator
[debug] &amp#27;[38;5;32m[AndroidUiautomator2Driver@b227 (fe0cd291)]&amp#27;[0m Waiting up to 10000 ms for condition
[debug] &amp#27;[38;5;32m[AndroidUiautomator2Driver@b227 (fe0cd291)]&amp#27;[0m Matched '/element' to command name 'findElement'
[debug] &amp#27;[38;5;32m[AndroidUiautomator2Driver@b227 (fe0cd291)]&amp#27;[0m Proxying [POST /element] to [POST http://127.0.0.1:8200/session/85989a46-cbdd-4bd4-a501-a859808a0843/element] with body: {"strategy":"xpath","selector":"//android.widget.EditText[@index=3]","context":"","multiple":false}
&amp#27;[38;5;32m[AndroidUiautomator2Driver@b227 (fe0cd291)]&amp#27;[0m Got response with status 404: {"sessionId":"85989a46-cbdd-4bd4-a501-a859808a0843","value":{"error":"no such element","message":"An element could not be located on the page using the given search parameters","stacktrace":"io.appium.uiautomator2.common.exceptions.ElementNotFoundException: An element could not be located on the page using the given search parameters\n\tat io.appium.uiautomator2.utils.ElementLocationHelpers.findElement(ElementLocationHelpers.java:156)\n\tat io.appium.uiautomator2.handler.FindElement.safeHandle(FindElement.java:60)\n\tat io.appium.uiautomator2.handler.request.SafeRequestHandler.handle(SafeRequestHandler.java:59)\n\tat io.appium.uiautomator2.server.AppiumServlet.handleRequest(AppiumServlet.java:277)\n\tat io.appium.uiautomator2.server.AppiumServlet.handleHttpRequest(AppiumServlet.java:271)\n\tat io.appium.uiautomator2.http.ServerHandler.channelRead(ServerHandler.java:68)\n\tat io.netty.channel.AbstractChannelHandlerContext.invokeChannelRead(AbstractChannelHandlerContext.java:366)\n\tat io.netty.channel.Abstr...
[debug] &amp#27;[38;5;128m[W3C]&amp#27;[0m Matched W3C error code 'no such element' to NoSuchElementError
[debug] &amp#27;[38;5;32m[AndroidUiautomator2Driver@b227 (fe0cd291)]&amp#27;[0m Waited for 37 ms so far
[debug] &amp#27;[38;5;32m[AndroidUiautomator2Driver@b227 (fe0cd291)]&amp#27;[0m Matched '/element' to command name 'findElement'
[debug] &amp#27;[38;5;32m[AndroidUiautomator2Driver@b227 (fe0cd291)]&amp#27;[0m Proxying [POST /element] to [POST http://127.0.0.1:8200/session/85989a46-cbdd-4bd4-a501-a859808a0843/element] with body: {"strategy":"xpath","selector":"//android.widget.EditText[@index=3]","context":"","multiple":false}
[debug] &amp#27;[38;5;32m[AndroidUiautomator2Driver@b227 (fe0cd291)]&amp#27;[0m Got response with status 200: {"sessionId":"85989a46-cbdd-4bd4-a501-a859808a0843","value":{"ELEMENT":"00000000-0000-0032-ffff-ffff00000078","element-6066-11e4-a52e-4f735466cecf":"00000000-0000-0032-ffff-ffff00000078"}}
[debug] &amp#27;[38;5;32m[AndroidUiautomator2Driver@b227 (fe0cd291)]&amp#27;[0m Responding to client with driver.findElement() result: {"element-6066-11e4-a52e-4f735466cecf":"00000000-0000-0032-ffff-ffff00000078","ELEMENT":"00000000-0000-0032-ffff-ffff00000078"}
&amp#27;[38;5;0m[HTTP]&amp#27;[0m &amp#27;[37m<-- POST /session/fe0cd291-8f79-4212-8568-b4785b2dee12/element &amp#27;[39m&amp#27;[32m200&amp#27;[39m &amp#27;[90m1056 ms - 137&amp#27;[39m
&amp#27;[38;5;0m[HTTP]&amp#27;[0m &amp#27;[90m&amp#27;[39m
&amp#27;[38;5;0m[HTTP]&amp#27;[0m &amp#27;[37m-->&amp#27;[39m &amp#27;[37mPOST&amp#27;[39m &amp#27;[37m/session/fe0cd291-8f79-4212-8568-b4785b2dee12/element/00000000-0000-0032-ffff-ffff00000078/value&amp#27;[39m
&amp#27;[38;5;0m[HTTP]&amp#27;[0m &amp#27;[90m{"id":"00000000-0000-0032-ffff-ffff00000078","text":"Daniel Ogaga","value":["D","a","n","i","e","l"," ","O","g","a","g","a"]}&amp#27;[39m
[debug] &amp#27;[38;5;32m[AndroidUiautomator2Driver@b227 (fe0cd291)]&amp#27;[0m Calling AppiumDriver.setValue() with args: [["D","a","n","i","e","l"," ","O","g","a","g","a"],"00000000-0000-0032-ffff-ffff00000078","fe0cd291-8f79-4212-8568-b4785b2dee12"]
[debug] &amp#27;[38;5;32m[AndroidUiautomator2Driver@b227 (fe0cd291)]&amp#27;[0m Matched '/element/00000000-0000-0032-ffff-ffff00000078/value' to command name 'setValue'
[debug] &amp#27;[38;5;32m[AndroidUiautomator2Driver@b227 (fe0cd291)]&amp#27;[0m Added 'value' property ["D","a","n","i","e","l"," ","O","g","a","g","a"] to 'setValue' request body
[debug] &amp#27;[38;5;32m[AndroidUiautomator2Driver@b227 (fe0cd291)]&amp#27;[0m Proxying [POST /element/00000000-0000-0032-ffff-ffff00000078/value] to [POST http://127.0.0.1:8200/session/85989a46-cbdd-4bd4-a501-a859808a0843/element/00000000-0000-0032-ffff-ffff00000078/value] with body: {"elementId":"00000000-0000-0032-ffff-ffff00000078","text":"Daniel Ogaga","replace":false,"value":["D","a","n","i","e","l"," ","O","g","a","g","a"]}
[debug] &amp#27;[38;5;32m[AndroidUiautomator2Driver@b227 (fe0cd291)]&amp#27;[0m Got response with status 200: {"sessionId":"85989a46-cbdd-4bd4-a501-a859808a0843","value":null}
[debug] &amp#27;[38;5;32m[AndroidUiautomator2Driver@b227 (fe0cd291)]&amp#27;[0m Responding to client with driver.setValue() result: null
&amp#27;[38;5;0m[HTTP]&amp#27;[0m &amp#27;[37m<-- POST /session/fe0cd291-8f79-4212-8568-b4785b2dee12/element/00000000-0000-0032-ffff-ffff00000078/value &amp#27;[39m&amp#27;[32m200&amp#27;[39m &amp#27;[90m18 ms - 14&amp#27;[39m
&amp#27;[38;5;0m[HTTP]&amp#27;[0m &amp#27;[90m&amp#27;[39m
&amp#27;[38;5;0m[HTTP]&amp#27;[0m &amp#27;[37m-->&amp#27;[39m &amp#27;[37mPOST&amp#27;[39m &amp#27;[37m/session/fe0cd291-8f79-4212-8568-b4785b2dee12/element&amp#27;[39m
&amp#27;[38;5;0m[HTTP]&amp#27;[0m &amp#27;[90m{"using":"xpath","value":"//android.widget.EditText[@index=6]"}&amp#27;[39m
[debug] &amp#27;[38;5;32m[AndroidUiautomator2Driver@b227 (fe0cd291)]&amp#27;[0m Calling AppiumDriver.findElement() with args: ["xpath","//android.widget.EditText[@index=6]","fe0cd291-8f79-4212-8568-b4785b2dee12"]
[debug] &amp#27;[38;5;32m[AndroidUiautomator2Driver@b227 (fe0cd291)]&amp#27;[0m Valid locator strategies for this request: xpath, id, class name, accessibility id, css selector, -android uiautomator
[debug] &amp#27;[38;5;32m[AndroidUiautomator2Driver@b227 (fe0cd291)]&amp#27;[0m Waiting up to 10000 ms for condition
[debug] &amp#27;[38;5;32m[AndroidUiautomator2Driver@b227 (fe0cd291)]&amp#27;[0m Matched '/element' to command name 'findElement'
[debug] &amp#27;[38;5;32m[AndroidUiautomator2Driver@b227 (fe0cd291)]&amp#27;[0m Proxying [POST /element] to [POST http://127.0.0.1:8200/session/85989a46-cbdd-4bd4-a501-a859808a0843/element] with body: {"strategy":"xpath","selector":"//android.widget.EditText[@index=6]","context":"","multiple":false}
[debug] &amp#27;[38;5;32m[AndroidUiautomator2Driver@b227 (fe0cd291)]&amp#27;[0m Got response with status 200: {"sessionId":"85989a46-cbdd-4bd4-a501-a859808a0843","value":{"ELEMENT":"00000000-0000-0032-ffff-ffff0000007b","element-6066-11e4-a52e-4f735466cecf":"00000000-0000-0032-ffff-ffff0000007b"}}
[debug] &amp#27;[38;5;32m[AndroidUiautomator2Driver@b227 (fe0cd291)]&amp#27;[0m Responding to client with driver.findElement() result: {"element-6066-11e4-a52e-4f735466cecf":"00000000-0000-0032-ffff-ffff0000007b","ELEMENT":"00000000-0000-0032-ffff-ffff0000007b"}
&amp#27;[38;5;0m[HTTP]&amp#27;[0m &amp#27;[37m<-- POST /session/fe0cd291-8f79-4212-8568-b4785b2dee12/element &amp#27;[39m&amp#27;[32m200&amp#27;[39m &amp#27;[90m521 ms - 137&amp#27;[39m
&amp#27;[38;5;0m[HTTP]&amp#27;[0m &amp#27;[90m&amp#27;[39m
&amp#27;[38;5;0m[HTTP]&amp#27;[0m &amp#27;[37m-->&amp#27;[39m &amp#27;[37mPOST&amp#27;[39m &amp#27;[37m/session/fe0cd291-8f79-4212-8568-b4785b2dee12/element/00000000-0000-0032-ffff-ffff0000007b/value&amp#27;[39m
&amp#27;[38;5;0m[HTTP]&amp#27;[0m &amp#27;[90m{"id":"00000000-0000-0032-ffff-ffff0000007b","text":"vada.deckow@temp-mail.org","value":["v","a","d","a",".","d","e","c","k","o","w","@","t","e","m","p","-","m","a","i","l",".","o","r","g"]}&amp#27;[39m
[debug] &amp#27;[38;5;32m[AndroidUiautomator2Driver@b227 (fe0cd291)]&amp#27;[0m Calling AppiumDriver.setValue() with args: [["v","a","d","a",".","d","e","c","k","o","w","@","t","e","m","p","-","m","a","i","l",".","o","r","g"],"00000000-0000-0032-ffff-ffff0000007b","fe0cd291-8f79-4212-8568-b4785b2dee12"]
[debug] &amp#27;[38;5;32m[AndroidUiautomator2Driver@b227 (fe0cd291)]&amp#27;[0m Matched '/element/00000000-0000-0032-ffff-ffff0000007b/value' to command name 'setValue'
[debug] &amp#27;[38;5;32m[AndroidUiautomator2Driver@b227 (fe0cd291)]&amp#27;[0m Added 'value' property ["v","a","d","a",".","d","e","c","k","o","w","@","t","e","m","p","-","m","a","i","l",".","o","r","g"] to 'setValue' request body
[debug] &amp#27;[38;5;32m[AndroidUiautomator2Driver@b227 (fe0cd291)]&amp#27;[0m Proxying [POST /element/00000000-0000-0032-ffff-ffff0000007b/value] to [POST http://127.0.0.1:8200/session/85989a46-cbdd-4bd4-a501-a859808a0843/element/00000000-0000-0032-ffff-ffff0000007b/value] with body: {"elementId":"00000000-0000-0032-ffff-ffff0000007b","text":"vada.deckow@temp-mail.org","replace":false,"value":["v","a","d","a",".","d","e","c","k","o","w","@","t","e","m","p","-","m","a","i","l",".","o","r","g"]}
[debug] &amp#27;[38;5;32m[AndroidUiautomator2Driver@b227 (fe0cd291)]&amp#27;[0m Got response with status 200: {"sessionId":"85989a46-cbdd-4bd4-a501-a859808a0843","value":null}
[debug] &amp#27;[38;5;32m[AndroidUiautomator2Driver@b227 (fe0cd291)]&amp#27;[0m Responding to client with driver.setValue() result: null
&amp#27;[38;5;0m[HTTP]&amp#27;[0m &amp#27;[37m<-- POST /session/fe0cd291-8f79-4212-8568-b4785b2dee12/element/00000000-0000-0032-ffff-ffff0000007b/value &amp#27;[39m&amp#27;[32m200&amp#27;[39m &amp#27;[90m14 ms - 14&amp#27;[39m
&amp#27;[38;5;0m[HTTP]&amp#27;[0m &amp#27;[90m&amp#27;[39m
&amp#27;[38;5;0m[HTTP]&amp#27;[0m &amp#27;[37m-->&amp#27;[39m &amp#27;[37mPOST&amp#27;[39m &amp#27;[37m/session/fe0cd291-8f79-4212-8568-b4785b2dee12/element&amp#27;[39m
&amp#27;[38;5;0m[HTTP]&amp#27;[0m &amp#27;[90m{"using":"xpath","value":"//android.widget.EditText[@index=9]"}&amp#27;[39m
[debug] &amp#27;[38;5;32m[AndroidUiautomator2Driver@b227 (fe0cd291)]&amp#27;[0m Calling AppiumDriver.findElement() with args: ["xpath","//android.widget.EditText[@index=9]","fe0cd291-8f79-4212-8568-b4785b2dee12"]
[debug] &amp#27;[38;5;32m[AndroidUiautomator2Driver@b227 (fe0cd291)]&amp#27;[0m Valid locator strategies for this request: xpath, id, class name, accessibility id, css selector, -android uiautomator
[debug] &amp#27;[38;5;32m[AndroidUiautomator2Driver@b227 (fe0cd291)]&amp#27;[0m Waiting up to 10000 ms for condition
[debug] &amp#27;[38;5;32m[AndroidUiautomator2Driver@b227 (fe0cd291)]&amp#27;[0m Matched '/element' to command name 'findElement'
[debug] &amp#27;[38;5;32m[AndroidUiautomator2Driver@b227 (fe0cd291)]&amp#27;[0m Proxying [POST /element] to [POST http://127.0.0.1:8200/session/85989a46-cbdd-4bd4-a501-a859808a0843/element] with body: {"strategy":"xpath","selector":"//android.widget.EditText[@index=9]","context":"","multiple":false}
[debug] &amp#27;[38;5;32m[AndroidUiautomator2Driver@b227 (fe0cd291)]&amp#27;[0m Got response with status 200: {"sessionId":"85989a46-cbdd-4bd4-a501-a859808a0843","value":{"ELEMENT":"00000000-0000-0032-ffff-ffff0000007e","element-6066-11e4-a52e-4f735466cecf":"00000000-0000-0032-ffff-ffff0000007e"}}
[debug] &amp#27;[38;5;32m[AndroidUiautomator2Driver@b227 (fe0cd291)]&amp#27;[0m Responding to client with driver.findElement() result: {"element-6066-11e4-a52e-4f735466cecf":"00000000-0000-0032-ffff-ffff0000007e","ELEMENT":"00000000-0000-0032-ffff-ffff0000007e"}
&amp#27;[38;5;0m[HTTP]&amp#27;[0m &amp#27;[37m<-- POST /session/fe0cd291-8f79-4212-8568-b4785b2dee12/element &amp#27;[39m&amp#27;[32m200&amp#27;[39m &amp#27;[90m47 ms - 137&amp#27;[39m
&amp#27;[38;5;0m[HTTP]&amp#27;[0m &amp#27;[90m&amp#27;[39m
&amp#27;[38;5;0m[HTTP]&amp#27;[0m &amp#27;[37m-->&amp#27;[39m &amp#27;[37mPOST&amp#27;[39m &amp#27;[37m/session/fe0cd291-8f79-4212-8568-b4785b2dee12/element/00000000-0000-0032-ffff-ffff0000007e/value&amp#27;[39m
&amp#27;[38;5;0m[HTTP]&amp#27;[0m &amp#27;[90m{"id":"00000000-0000-0032-ffff-ffff0000007e","text":"08033443048","value":["0","8","0","3","3","4","4","3","0","4","8"]}&amp#27;[39m
[debug] &amp#27;[38;5;32m[AndroidUiautomator2Driver@b227 (fe0cd291)]&amp#27;[0m Calling AppiumDriver.setValue() with args: [["0","8","0","3","3","4","4","3","0","4","8"],"00000000-0000-0032-ffff-ffff0000007e","fe0cd291-8f79-4212-8568-b4785b2dee12"]
[debug] &amp#27;[38;5;32m[AndroidUiautomator2Driver@b227 (fe0cd291)]&amp#27;[0m Matched '/element/00000000-0000-0032-ffff-ffff0000007e/value' to command name 'setValue'
[debug] &amp#27;[38;5;32m[AndroidUiautomator2Driver@b227 (fe0cd291)]&amp#27;[0m Added 'value' property ["0","8","0","3","3","4","4","3","0","4","8"] to 'setValue' request body
[debug] &amp#27;[38;5;32m[AndroidUiautomator2Driver@b227 (fe0cd291)]&amp#27;[0m Proxying [POST /element/00000000-0000-0032-ffff-ffff0000007e/value] to [POST http://127.0.0.1:8200/session/85989a46-cbdd-4bd4-a501-a859808a0843/element/00000000-0000-0032-ffff-ffff0000007e/value] with body: {"elementId":"00000000-0000-0032-ffff-ffff0000007e","text":"08033443048","replace":false,"value":["0","8","0","3","3","4","4","3","0","4","8"]}
[debug] &amp#27;[38;5;32m[AndroidUiautomator2Driver@b227 (fe0cd291)]&amp#27;[0m Got response with status 200: {"sessionId":"85989a46-cbdd-4bd4-a501-a859808a0843","value":null}
[debug] &amp#27;[38;5;32m[AndroidUiautomator2Driver@b227 (fe0cd291)]&amp#27;[0m Responding to client with driver.setValue() result: null
&amp#27;[38;5;0m[HTTP]&amp#27;[0m &amp#27;[37m<-- POST /session/fe0cd291-8f79-4212-8568-b4785b2dee12/element/00000000-0000-0032-ffff-ffff0000007e/value &amp#27;[39m&amp#27;[32m200&amp#27;[39m &amp#27;[90m459 ms - 14&amp#27;[39m
&amp#27;[38;5;0m[HTTP]&amp#27;[0m &amp#27;[90m&amp#27;[39m
&amp#27;[38;5;0m[HTTP]&amp#27;[0m &amp#27;[37m-->&amp#27;[39m &amp#27;[37mPOST&amp#27;[39m &amp#27;[37m/session/fe0cd291-8f79-4212-8568-b4785b2dee12/element&amp#27;[39m
&amp#27;[38;5;0m[HTTP]&amp#27;[0m &amp#27;[90m{"using":"xpath","value":"//android.widget.EditText[@index=12]"}&amp#27;[39m
[debug] &amp#27;[38;5;32m[AndroidUiautomator2Driver@b227 (fe0cd291)]&amp#27;[0m Calling AppiumDriver.findElement() with args: ["xpath","//android.widget.EditText[@index=12]","fe0cd291-8f79-4212-8568-b4785b2dee12"]
[debug] &amp#27;[38;5;32m[AndroidUiautomator2Driver@b227 (fe0cd291)]&amp#27;[0m Valid locator strategies for this request: xpath, id, class name, accessibility id, css selector, -android uiautomator
[debug] &amp#27;[38;5;32m[AndroidUiautomator2Driver@b227 (fe0cd291)]&amp#27;[0m Waiting up to 10000 ms for condition
[debug] &amp#27;[38;5;32m[AndroidUiautomator2Driver@b227 (fe0cd291)]&amp#27;[0m Matched '/element' to command name 'findElement'
[debug] &amp#27;[38;5;32m[AndroidUiautomator2Driver@b227 (fe0cd291)]&amp#27;[0m Proxying [POST /element] to [POST http://127.0.0.1:8200/session/85989a46-cbdd-4bd4-a501-a859808a0843/element] with body: {"strategy":"xpath","selector":"//android.widget.EditText[@index=12]","context":"","multiple":false}
[debug] &amp#27;[38;5;32m[AndroidUiautomator2Driver@b227 (fe0cd291)]&amp#27;[0m Got response with status 200: {"sessionId":"85989a46-cbdd-4bd4-a501-a859808a0843","value":{"ELEMENT":"00000000-0000-0032-ffff-ffff00000081","element-6066-11e4-a52e-4f735466cecf":"00000000-0000-0032-ffff-ffff00000081"}}
[debug] &amp#27;[38;5;32m[AndroidUiautomator2Driver@b227 (fe0cd291)]&amp#27;[0m Responding to client with driver.findElement() result: {"element-6066-11e4-a52e-4f735466cecf":"00000000-0000-0032-ffff-ffff00000081","ELEMENT":"00000000-0000-0032-ffff-ffff00000081"}
&amp#27;[38;5;0m[HTTP]&amp#27;[0m &amp#27;[37m<-- POST /session/fe0cd291-8f79-4212-8568-b4785b2dee12/element &amp#27;[39m&amp#27;[32m200&amp#27;[39m &amp#27;[90m533 ms - 137&amp#27;[39m
&amp#27;[38;5;0m[HTTP]&amp#27;[0m &amp#27;[90m&amp#27;[39m
&amp#27;[38;5;0m[HTTP]&amp#27;[0m &amp#27;[37m-->&amp#27;[39m &amp#27;[37mPOST&amp#27;[39m &amp#27;[37m/session/fe0cd291-8f79-4212-8568-b4785b2dee12/element/00000000-0000-0032-ffff-ffff00000081/value&amp#27;[39m
&amp#27;[38;5;0m[HTTP]&amp#27;[0m &amp#27;[90m{"id":"00000000-0000-0032-ffff-ffff00000081","text":"password","value":["p","a","s","s","w","o","r","d"]}&amp#27;[39m
[debug] &amp#27;[38;5;32m[AndroidUiautomator2Driver@b227 (fe0cd291)]&amp#27;[0m Calling AppiumDriver.setValue() with args: [["p","a","s","s","w","o","r","d"],"00000000-0000-0032-ffff-ffff00000081","fe0cd291-8f79-4212-8568-b4785b2dee12"]
[debug] &amp#27;[38;5;32m[AndroidUiautomator2Driver@b227 (fe0cd291)]&amp#27;[0m Matched '/element/00000000-0000-0032-ffff-ffff00000081/value' to command name 'setValue'
[debug] &amp#27;[38;5;32m[AndroidUiautomator2Driver@b227 (fe0cd291)]&amp#27;[0m Added 'value' property ["p","a","s","s","w","o","r","d"] to 'setValue' request body
[debug] &amp#27;[38;5;32m[AndroidUiautomator2Driver@b227 (fe0cd291)]&amp#27;[0m Proxying [POST /element/00000000-0000-0032-ffff-ffff00000081/value] to [POST http://127.0.0.1:8200/session/85989a46-cbdd-4bd4-a501-a859808a0843/element/00000000-0000-0032-ffff-ffff00000081/value] with body: {"elementId":"00000000-0000-0032-ffff-ffff00000081","text":"password","replace":false,"value":["p","a","s","s","w","o","r","d"]}
[debug] &amp#27;[38;5;32m[AndroidUiautomator2Driver@b227 (fe0cd291)]&amp#27;[0m Got response with status 200: {"sessionId":"85989a46-cbdd-4bd4-a501-a859808a0843","value":null}
[debug] &amp#27;[38;5;32m[AndroidUiautomator2Driver@b227 (fe0cd291)]&amp#27;[0m Responding to client with driver.setValue() result: null
&amp#27;[38;5;0m[HTTP]&amp#27;[0m &amp#27;[37m<-- POST /session/fe0cd291-8f79-4212-8568-b4785b2dee12/element/00000000-0000-0032-ffff-ffff00000081/value &amp#27;[39m&amp#27;[32m200&amp#27;[39m &amp#27;[90m11 ms - 14&amp#27;[39m
&amp#27;[38;5;0m[HTTP]&amp#27;[0m &amp#27;[90m&amp#27;[39m
&amp#27;[38;5;0m[HTTP]&amp#27;[0m &amp#27;[37m-->&amp#27;[39m &amp#27;[37mPOST&amp#27;[39m &amp#27;[37m/session/fe0cd291-8f79-4212-8568-b4785b2dee12/element&amp#27;[39m
&amp#27;[38;5;0m[HTTP]&amp#27;[0m &amp#27;[90m{"using":"xpath","value":"//android.widget.TextView[@text='Register']"}&amp#27;[39m
[debug] &amp#27;[38;5;32m[AndroidUiautomator2Driver@b227 (fe0cd291)]&amp#27;[0m Calling AppiumDriver.findElement() with args: ["xpath","//android.widget.TextView[@text='Register']","fe0cd291-8f79-4212-8568-b4785b2dee12"]
[debug] &amp#27;[38;5;32m[AndroidUiautomator2Driver@b227 (fe0cd291)]&amp#27;[0m Valid locator strategies for this request: xpath, id, class name, accessibility id, css selector, -android uiautomator
[debug] &amp#27;[38;5;32m[AndroidUiautomator2Driver@b227 (fe0cd291)]&amp#27;[0m Waiting up to 10000 ms for condition
[debug] &amp#27;[38;5;32m[AndroidUiautomator2Driver@b227 (fe0cd291)]&amp#27;[0m Matched '/element' to command name 'findElement'
[debug] &amp#27;[38;5;32m[AndroidUiautomator2Driver@b227 (fe0cd291)]&amp#27;[0m Proxying [POST /element] to [POST http://127.0.0.1:8200/session/85989a46-cbdd-4bd4-a501-a859808a0843/element] with body: {"strategy":"xpath","selector":"//android.widget.TextView[@text='Register']","context":"","multiple":false}
[debug] &amp#27;[38;5;32m[AndroidUiautomator2Driver@b227 (fe0cd291)]&amp#27;[0m Got response with status 200: {"sessionId":"85989a46-cbdd-4bd4-a501-a859808a0843","value":{"ELEMENT":"00000000-0000-0032-ffff-ffff0000008e","element-6066-11e4-a52e-4f735466cecf":"00000000-0000-0032-ffff-ffff0000008e"}}
[debug] &amp#27;[38;5;32m[AndroidUiautomator2Driver@b227 (fe0cd291)]&amp#27;[0m Responding to client with driver.findElement() result: {"element-6066-11e4-a52e-4f735466cecf":"00000000-0000-0032-ffff-ffff0000008e","ELEMENT":"00000000-0000-0032-ffff-ffff0000008e"}
&amp#27;[38;5;0m[HTTP]&amp#27;[0m &amp#27;[37m<-- POST /session/fe0cd291-8f79-4212-8568-b4785b2dee12/element &amp#27;[39m&amp#27;[32m200&amp#27;[39m &amp#27;[90m39 ms - 137&amp#27;[39m
&amp#27;[38;5;0m[HTTP]&amp#27;[0m &amp#27;[90m&amp#27;[39m
&amp#27;[38;5;0m[HTTP]&amp#27;[0m &amp#27;[37m-->&amp#27;[39m &amp#27;[37mPOST&amp#27;[39m &amp#27;[37m/session/fe0cd291-8f79-4212-8568-b4785b2dee12/element/00000000-0000-0032-ffff-ffff0000008e/click&amp#27;[39m
&amp#27;[38;5;0m[HTTP]&amp#27;[0m &amp#27;[90m{"id":"00000000-0000-0032-ffff-ffff0000008e"}&amp#27;[39m
[debug] &amp#27;[38;5;32m[AndroidUiautomator2Driver@b227 (fe0cd291)]&amp#27;[0m Calling AppiumDriver.click() with args: ["00000000-0000-0032-ffff-ffff0000008e","fe0cd291-8f79-4212-8568-b4785b2dee12"]
[debug] &amp#27;[38;5;32m[AndroidUiautomator2Driver@b227 (fe0cd291)]&amp#27;[0m Matched '/element/00000000-0000-0032-ffff-ffff0000008e/click' to command name 'click'
[debug] &amp#27;[38;5;32m[AndroidUiautomator2Driver@b227 (fe0cd291)]&amp#27;[0m Proxying [POST /element/00000000-0000-0032-ffff-ffff0000008e/click] to [POST http://127.0.0.1:8200/session/85989a46-cbdd-4bd4-a501-a859808a0843/element/00000000-0000-0032-ffff-ffff0000008e/click] with body: {"element":"00000000-0000-0032-ffff-ffff0000008e"}
[debug] &amp#27;[38;5;32m[AndroidUiautomator2Driver@b227 (fe0cd291)]&amp#27;[0m Got response with status 200: {"sessionId":"85989a46-cbdd-4bd4-a501-a859808a0843","value":null}
[debug] &amp#27;[38;5;32m[AndroidUiautomator2Driver@b227 (fe0cd291)]&amp#27;[0m Responding to client with driver.click() result: null
&amp#27;[38;5;0m[HTTP]&amp#27;[0m &amp#27;[37m<-- POST /session/fe0cd291-8f79-4212-8568-b4785b2dee12/element/00000000-0000-0032-ffff-ffff0000008e/click &amp#27;[39m&amp#27;[32m200&amp#27;[39m &amp#27;[90m599 ms - 14&amp#27;[39m
&amp#27;[38;5;0m[HTTP]&amp#27;[0m &amp#27;[90m&amp#27;[39m
&amp#27;[38;5;0m[HTTP]&amp#27;[0m &amp#27;[37m-->&amp#27;[39m &amp#27;[37mPOST&amp#27;[39m &amp#27;[37m/session/fe0cd291-8f79-4212-8568-b4785b2dee12/element&amp#27;[39m
&amp#27;[38;5;0m[HTTP]&amp#27;[0m &amp#27;[90m{"using":"xpath","value":"//android.widget.TextView[@index=18]"}&amp#27;[39m
[debug] &amp#27;[38;5;32m[AndroidUiautomator2Driver@b227 (fe0cd291)]&amp#27;[0m Calling AppiumDriver.findElement() with args: ["xpath","//android.widget.TextView[@index=18]","fe0cd291-8f79-4212-8568-b4785b2dee12"]
[debug] &amp#27;[38;5;32m[AndroidUiautomator2Driver@b227 (fe0cd291)]&amp#27;[0m Valid locator strategies for this request: xpath, id, class name, accessibility id, css selector, -android uiautomator
[debug] &amp#27;[38;5;32m[AndroidUiautomator2Driver@b227 (fe0cd291)]&amp#27;[0m Waiting up to 10000 ms for condition
[debug] &amp#27;[38;5;32m[AndroidUiautomator2Driver@b227 (fe0cd291)]&amp#27;[0m Matched '/element' to command name 'findElement'
[debug] &amp#27;[38;5;32m[AndroidUiautomator2Driver@b227 (fe0cd291)]&amp#27;[0m Proxying [POST /element] to [POST http://127.0.0.1:8200/session/85989a46-cbdd-4bd4-a501-a859808a0843/element] with body: {"strategy":"xpath","selector":"//android.widget.TextView[@index=18]","context":"","multiple":false}
[debug] &amp#27;[38;5;32m[AndroidUiautomator2Driver@b227 (fe0cd291)]&amp#27;[0m Got response with status 200: {"sessionId":"85989a46-cbdd-4bd4-a501-a859808a0843","value":{"ELEMENT":"00000000-0000-0032-ffff-ffff00000086","element-6066-11e4-a52e-4f735466cecf":"00000000-0000-0032-ffff-ffff00000086"}}
[debug] &amp#27;[38;5;32m[AndroidUiautomator2Driver@b227 (fe0cd291)]&amp#27;[0m Responding to client with driver.findElement() result: {"element-6066-11e4-a52e-4f735466cecf":"00000000-0000-0032-ffff-ffff00000086","ELEMENT":"00000000-0000-0032-ffff-ffff00000086"}
&amp#27;[38;5;0m[HTTP]&amp#27;[0m &amp#27;[37m<-- POST /session/fe0cd291-8f79-4212-8568-b4785b2dee12/element &amp#27;[39m&amp#27;[32m200&amp#27;[39m &amp#27;[90m46 ms - 137&amp#27;[39m
&amp#27;[38;5;0m[HTTP]&amp#27;[0m &amp#27;[90m&amp#27;[39m
&amp#27;[38;5;0m[HTTP]&amp#27;[0m &amp#27;[37m-->&amp#27;[39m &amp#27;[37mPOST&amp#27;[39m &amp#27;[37m/session/fe0cd291-8f79-4212-8568-b4785b2dee12/element/00000000-0000-0032-ffff-ffff00000086/click&amp#27;[39m
&amp#27;[38;5;0m[HTTP]&amp#27;[0m &amp#27;[90m{"id":"00000000-0000-0032-ffff-ffff00000086"}&amp#27;[39m
[debug] &amp#27;[38;5;32m[AndroidUiautomator2Driver@b227 (fe0cd291)]&amp#27;[0m Calling AppiumDriver.click() with args: ["00000000-0000-0032-ffff-ffff00000086","fe0cd291-8f79-4212-8568-b4785b2dee12"]
[debug] &amp#27;[38;5;32m[AndroidUiautomator2Driver@b227 (fe0cd291)]&amp#27;[0m Matched '/element/00000000-0000-0032-ffff-ffff00000086/click' to command name 'click'
[debug] &amp#27;[38;5;32m[AndroidUiautomator2Driver@b227 (fe0cd291)]&amp#27;[0m Proxying [POST /element/00000000-0000-0032-ffff-ffff00000086/click] to [POST http://127.0.0.1:8200/session/85989a46-cbdd-4bd4-a501-a859808a0843/element/00000000-0000-0032-ffff-ffff00000086/click] with body: {"element":"00000000-0000-0032-ffff-ffff00000086"}
[debug] &amp#27;[38;5;32m[AndroidUiautomator2Driver@b227 (fe0cd291)]&amp#27;[0m Got response with status 200: {"sessionId":"85989a46-cbdd-4bd4-a501-a859808a0843","value":null}
[debug] &amp#27;[38;5;32m[AndroidUiautomator2Driver@b227 (fe0cd291)]&amp#27;[0m Responding to client with driver.click() result: null
&amp#27;[38;5;0m[HTTP]&amp#27;[0m &amp#27;[37m<-- POST /session/fe0cd291-8f79-4212-8568-b4785b2dee12/element/00000000-0000-0032-ffff-ffff00000086/click &amp#27;[39m&amp#27;[32m200&amp#27;[39m &amp#27;[90m50 ms - 14&amp#27;[39m
&amp#27;[38;5;0m[HTTP]&amp#27;[0m &amp#27;[90m&amp#27;[39m
&amp#27;[38;5;0m[HTTP]&amp#27;[0m &amp#27;[37m-->&amp#27;[39m &amp#27;[37mPOST&amp#27;[39m &amp#27;[37m/session/fe0cd291-8f79-4212-8568-b4785b2dee12/element&amp#27;[39m
&amp#27;[38;5;0m[HTTP]&amp#27;[0m &amp#27;[90m{"using":"xpath","value":"//android.widget.TextView[@text='Register']"}&amp#27;[39m
[debug] &amp#27;[38;5;32m[AndroidUiautomator2Driver@b227 (fe0cd291)]&amp#27;[0m Calling AppiumDriver.findElement() with args: ["xpath","//android.widget.TextView[@text='Register']","fe0cd291-8f79-4212-8568-b4785b2dee12"]
[debug] &amp#27;[38;5;32m[AndroidUiautomator2Driver@b227 (fe0cd291)]&amp#27;[0m Valid locator strategies for this request: xpath, id, class name, accessibility id, css selector, -android uiautomator
[debug] &amp#27;[38;5;32m[AndroidUiautomator2Driver@b227 (fe0cd291)]&amp#27;[0m Waiting up to 10000 ms for condition
[debug] &amp#27;[38;5;32m[AndroidUiautomator2Driver@b227 (fe0cd291)]&amp#27;[0m Matched '/element' to command name 'findElement'
[debug] &amp#27;[38;5;32m[AndroidUiautomator2Driver@b227 (fe0cd291)]&amp#27;[0m Proxying [POST /element] to [POST http://127.0.0.1:8200/session/85989a46-cbdd-4bd4-a501-a859808a0843/element] with body: {"strategy":"xpath","selector":"//android.widget.TextView[@text='Register']","context":"","multiple":false}
[debug] &amp#27;[38;5;32m[AndroidUiautomator2Driver@b227 (fe0cd291)]&amp#27;[0m Got response with status 200: {"sessionId":"85989a46-cbdd-4bd4-a501-a859808a0843","value":{"ELEMENT":"00000000-0000-0032-ffff-ffff0000008e","element-6066-11e4-a52e-4f735466cecf":"00000000-0000-0032-ffff-ffff0000008e"}}
[debug] &amp#27;[38;5;32m[AndroidUiautomator2Driver@b227 (fe0cd291)]&amp#27;[0m Responding to client with driver.findElement() result: {"element-6066-11e4-a52e-4f735466cecf":"00000000-0000-0032-ffff-ffff0000008e","ELEMENT":"00000000-0000-0032-ffff-ffff0000008e"}
&amp#27;[38;5;0m[HTTP]&amp#27;[0m &amp#27;[37m<-- POST /session/fe0cd291-8f79-4212-8568-b4785b2dee12/element &amp#27;[39m&amp#27;[32m200&amp#27;[39m &amp#27;[90m38 ms - 137&amp#27;[39m
&amp#27;[38;5;0m[HTTP]&amp#27;[0m &amp#27;[90m&amp#27;[39m
&amp#27;[38;5;0m[HTTP]&amp#27;[0m &amp#27;[37m-->&amp#27;[39m &amp#27;[37mPOST&amp#27;[39m &amp#27;[37m/session/fe0cd291-8f79-4212-8568-b4785b2dee12/element/00000000-0000-0032-ffff-ffff0000008e/click&amp#27;[39m
&amp#27;[38;5;0m[HTTP]&amp#27;[0m &amp#27;[90m{"id":"00000000-0000-0032-ffff-ffff0000008e"}&amp#27;[39m
[debug] &amp#27;[38;5;32m[AndroidUiautomator2Driver@b227 (fe0cd291)]&amp#27;[0m Calling AppiumDriver.click() with args: ["00000000-0000-0032-ffff-ffff0000008e","fe0cd291-8f79-4212-8568-b4785b2dee12"]
[debug] &amp#27;[38;5;32m[AndroidUiautomator2Driver@b227 (fe0cd291)]&amp#27;[0m Matched '/element/00000000-0000-0032-ffff-ffff0000008e/click' to command name 'click'
[debug] &amp#27;[38;5;32m[AndroidUiautomator2Driver@b227 (fe0cd291)]&amp#27;[0m Proxying [POST /element/00000000-0000-0032-ffff-ffff0000008e/click] to [POST http://127.0.0.1:8200/session/85989a46-cbdd-4bd4-a501-a859808a0843/element/00000000-0000-0032-ffff-ffff0000008e/click] with body: {"element":"00000000-0000-0032-ffff-ffff0000008e"}
[debug] &amp#27;[38;5;32m[AndroidUiautomator2Driver@b227 (fe0cd291)]&amp#27;[0m Got response with status 200: {"sessionId":"85989a46-cbdd-4bd4-a501-a859808a0843","value":null}
[debug] &amp#27;[38;5;32m[AndroidUiautomator2Driver@b227 (fe0cd291)]&amp#27;[0m Responding to client with driver.click() result: null
&amp#27;[38;5;0m[HTTP]&amp#27;[0m &amp#27;[37m<-- POST /session/fe0cd291-8f79-4212-8568-b4785b2dee12/element/00000000-0000-0032-ffff-ffff0000008e/click &amp#27;[39m&amp#27;[32m200&amp#27;[39m &amp#27;[90m56 ms - 14&amp#27;[39m
&amp#27;[38;5;0m[HTTP]&amp#27;[0m &amp#27;[90m&amp#27;[39m
&amp#27;[38;5;0m[HTTP]&amp#27;[0m &amp#27;[37m-->&amp#27;[39m &amp#27;[37mPOST&amp#27;[39m &amp#27;[37m/session/fe0cd291-8f79-4212-8568-b4785b2dee12/element&amp#27;[39m
&amp#27;[38;5;0m[HTTP]&amp#27;[0m &amp#27;[90m{"using":"xpath","value":"//android.widget.TextView[@index=7]"}&amp#27;[39m
[debug] &amp#27;[38;5;32m[AndroidUiautomator2Driver@b227 (fe0cd291)]&amp#27;[0m Calling AppiumDriver.findElement() with args: ["xpath","//android.widget.TextView[@index=7]","fe0cd291-8f79-4212-8568-b4785b2dee12"]
[debug] &amp#27;[38;5;32m[AndroidUiautomator2Driver@b227 (fe0cd291)]&amp#27;[0m Valid locator strategies for this request: xpath, id, class name, accessibility id, css selector, -android uiautomator
[debug] &amp#27;[38;5;32m[AndroidUiautomator2Driver@b227 (fe0cd291)]&amp#27;[0m Waiting up to 10000 ms for condition
[debug] &amp#27;[38;5;32m[AndroidUiautomator2Driver@b227 (fe0cd291)]&amp#27;[0m Matched '/element' to command name 'findElement'
[debug] &amp#27;[38;5;32m[AndroidUiautomator2Driver@b227 (fe0cd291)]&amp#27;[0m Proxying [POST /element] to [POST http://127.0.0.1:8200/session/85989a46-cbdd-4bd4-a501-a859808a0843/element] with body: {"strategy":"xpath","selector":"//android.widget.TextView[@index=7]","context":"","multiple":false}
[debug] &amp#27;[38;5;32m[AndroidUiautomator2Driver@b227 (fe0cd291)]&amp#27;[0m Got response with status 200: {"sessionId":"85989a46-cbdd-4bd4-a501-a859808a0843","value":{"ELEMENT":"00000000-0000-0032-ffff-ffff0000007c","element-6066-11e4-a52e-4f735466cecf":"00000000-0000-0032-ffff-ffff0000007c"}}
[debug] &amp#27;[38;5;32m[AndroidUiautomator2Driver@b227 (fe0cd291)]&amp#27;[0m Responding to client with driver.findElement() result: {"element-6066-11e4-a52e-4f735466cecf":"00000000-0000-0032-ffff-ffff0000007c","ELEMENT":"00000000-0000-0032-ffff-ffff0000007c"}
&amp#27;[38;5;0m[HTTP]&amp#27;[0m &amp#27;[37m<-- POST /session/fe0cd291-8f79-4212-8568-b4785b2dee12/element &amp#27;[39m&amp#27;[32m200&amp#27;[39m &amp#27;[90m629 ms - 137&amp#27;[39m
&amp#27;[38;5;0m[HTTP]&amp#27;[0m &amp#27;[90m&amp#27;[39m
&amp#27;[38;5;0m[HTTP]&amp#27;[0m &amp#27;[37m-->&amp#27;[39m &amp#27;[37mPOST&amp#27;[39m &amp#27;[37m/session/fe0cd291-8f79-4212-8568-b4785b2dee12/element&amp#27;[39m
&amp#27;[38;5;0m[HTTP]&amp#27;[0m &amp#27;[90m{"using":"xpath","value":"//android.widget.TextView[@index=7]"}&amp#27;[39m
[debug] &amp#27;[38;5;32m[AndroidUiautomator2Driver@b227 (fe0cd291)]&amp#27;[0m Calling AppiumDriver.findElement() with args: ["xpath","//android.widget.TextView[@index=7]","fe0cd291-8f79-4212-8568-b4785b2dee12"]
[debug] &amp#27;[38;5;32m[AndroidUiautomator2Driver@b227 (fe0cd291)]&amp#27;[0m Valid locator strategies for this request: xpath, id, class name, accessibility id, css selector, -android uiautomator
[debug] &amp#27;[38;5;32m[AndroidUiautomator2Driver@b227 (fe0cd291)]&amp#27;[0m Waiting up to 10000 ms for condition
[debug] &amp#27;[38;5;32m[AndroidUiautomator2Driver@b227 (fe0cd291)]&amp#27;[0m Matched '/element' to command name 'findElement'
[debug] &amp#27;[38;5;32m[AndroidUiautomator2Driver@b227 (fe0cd291)]&amp#27;[0m Proxying [POST /element] to [POST http://127.0.0.1:8200/session/85989a46-cbdd-4bd4-a501-a859808a0843/element] with body: {"strategy":"xpath","selector":"//android.widget.TextView[@index=7]","context":"","multiple":false}
[debug] &amp#27;[38;5;32m[AndroidUiautomator2Driver@b227 (fe0cd291)]&amp#27;[0m Got response with status 200: {"sessionId":"85989a46-cbdd-4bd4-a501-a859808a0843","value":{"ELEMENT":"00000000-0000-0032-ffff-ffff0000007c","element-6066-11e4-a52e-4f735466cecf":"00000000-0000-0032-ffff-ffff0000007c"}}
[debug] &amp#27;[38;5;32m[AndroidUiautomator2Driver@b227 (fe0cd291)]&amp#27;[0m Responding to client with driver.findElement() result: {"element-6066-11e4-a52e-4f735466cecf":"00000000-0000-0032-ffff-ffff0000007c","ELEMENT":"00000000-0000-0032-ffff-ffff0000007c"}
&amp#27;[38;5;0m[HTTP]&amp#27;[0m &amp#27;[37m<-- POST /session/fe0cd291-8f79-4212-8568-b4785b2dee12/element &amp#27;[39m&amp#27;[32m200&amp#27;[39m &amp#27;[90m52 ms - 137&amp#27;[39m
&amp#27;[38;5;0m[HTTP]&amp#27;[0m &amp#27;[90m&amp#27;[39m
&amp#27;[38;5;0m[HTTP]&amp#27;[0m &amp#27;[37m-->&amp#27;[39m &amp#27;[37mGET&amp#27;[39m &amp#27;[37m/session/fe0cd291-8f79-4212-8568-b4785b2dee12/element/00000000-0000-0032-ffff-ffff0000007c/text&amp#27;[39m
&amp#27;[38;5;0m[HTTP]&amp#27;[0m &amp#27;[90m{}&amp#27;[39m
&amp#27;[38;5;32m[AndroidUiautomator2Driver@b227 (fe0cd291)]&amp#27;[0m Driver proxy active, passing request on via HTTP proxy
[debug] &amp#27;[38;5;32m[AndroidUiautomator2Driver@b227 (fe0cd291)]&amp#27;[0m Matched '/session/fe0cd291-8f79-4212-8568-b4785b2dee12/element/00000000-0000-0032-ffff-ffff0000007c/text' to command name 'getText'
[debug] &amp#27;[38;5;32m[AndroidUiautomator2Driver@b227 (fe0cd291)]&amp#27;[0m Proxying [GET /session/fe0cd291-8f79-4212-8568-b4785b2dee12/element/00000000-0000-0032-ffff-ffff0000007c/text] to [GET http://127.0.0.1:8200/session/85989a46-cbdd-4bd4-a501-a859808a0843/element/00000000-0000-0032-ffff-ffff0000007c/text] with no body
[debug] &amp#27;[38;5;32m[AndroidUiautomator2Driver@b227 (fe0cd291)]&amp#27;[0m Got response with status 200: {"sessionId":"85989a46-cbdd-4bd4-a501-a859808a0843","value":"This domain is not supported on Quickteller. Kindly use another email address"}
&amp#27;[38;5;32m[AndroidUiautomator2Driver@b227 (fe0cd291)]&amp#27;[0m Replacing sessionId 85989a46-cbdd-4bd4-a501-a859808a0843 with fe0cd291-8f79-4212-8568-b4785b2dee12
&amp#27;[38;5;0m[HTTP]&amp#27;[0m &amp#27;[37m<-- GET /session/fe0cd291-8f79-4212-8568-b4785b2dee12/element/00000000-0000-0032-ffff-ffff0000007c/text &amp#27;[39m&amp#27;[32m200&amp#27;[39m &amp#27;[90m9 ms - 140&amp#27;[39m
&amp#27;[38;5;0m[HTTP]&amp#27;[0m &amp#27;[90m&amp#27;[39m
]]></system-out>
  </testcase>
  <testcase name="Testcase_One[klovenode.com](3)" classname="testcases.Android.DisposableDomain_QTM_2874" time="8.686">
    <system-out><![CDATA[&amp#27;[38;5;0m[HTTP]&amp#27;[0m &amp#27;[37m-->&amp#27;[39m &amp#27;[37mPOST&amp#27;[39m &amp#27;[37m/session/fe0cd291-8f79-4212-8568-b4785b2dee12/element&amp#27;[39m
&amp#27;[38;5;0m[HTTP]&amp#27;[0m &amp#27;[90m{"using":"xpath","value":"//android.widget.TextView[@index=0]"}&amp#27;[39m
[debug] &amp#27;[38;5;32m[AndroidUiautomator2Driver@b227 (fe0cd291)]&amp#27;[0m Calling AppiumDriver.findElement() with args: ["xpath","//android.widget.TextView[@index=0]","fe0cd291-8f79-4212-8568-b4785b2dee12"]
[debug] &amp#27;[38;5;32m[AndroidUiautomator2Driver@b227 (fe0cd291)]&amp#27;[0m Valid locator strategies for this request: xpath, id, class name, accessibility id, css selector, -android uiautomator
[debug] &amp#27;[38;5;32m[AndroidUiautomator2Driver@b227 (fe0cd291)]&amp#27;[0m Waiting up to 10000 ms for condition
[debug] &amp#27;[38;5;32m[AndroidUiautomator2Driver@b227 (fe0cd291)]&amp#27;[0m Matched '/element' to command name 'findElement'
[debug] &amp#27;[38;5;32m[AndroidUiautomator2Driver@b227 (fe0cd291)]&amp#27;[0m Proxying [POST /element] to [POST http://127.0.0.1:8200/session/85989a46-cbdd-4bd4-a501-a859808a0843/element] with body: {"strategy":"xpath","selector":"//android.widget.TextView[@index=0]","context":"","multiple":false}
[debug] &amp#27;[38;5;32m[AndroidUiautomator2Driver@b227 (fe0cd291)]&amp#27;[0m Got response with status 200: {"sessionId":"85989a46-cbdd-4bd4-a501-a859808a0843","value":{"ELEMENT":"00000000-0000-0032-ffff-ffff00000070","element-6066-11e4-a52e-4f735466cecf":"00000000-0000-0032-ffff-ffff00000070"}}
[debug] &amp#27;[38;5;32m[AndroidUiautomator2Driver@b227 (fe0cd291)]&amp#27;[0m Responding to client with driver.findElement() result: {"element-6066-11e4-a52e-4f735466cecf":"00000000-0000-0032-ffff-ffff00000070","ELEMENT":"00000000-0000-0032-ffff-ffff00000070"}
&amp#27;[38;5;0m[HTTP]&amp#27;[0m &amp#27;[37m<-- POST /session/fe0cd291-8f79-4212-8568-b4785b2dee12/element &amp#27;[39m&amp#27;[32m200&amp#27;[39m &amp#27;[90m45 ms - 137&amp#27;[39m
&amp#27;[38;5;0m[HTTP]&amp#27;[0m &amp#27;[90m&amp#27;[39m
&amp#27;[38;5;0m[HTTP]&amp#27;[0m &amp#27;[37m-->&amp#27;[39m &amp#27;[37mPOST&amp#27;[39m &amp#27;[37m/session/fe0cd291-8f79-4212-8568-b4785b2dee12/element/00000000-0000-0032-ffff-ffff00000070/click&amp#27;[39m
&amp#27;[38;5;0m[HTTP]&amp#27;[0m &amp#27;[90m{"id":"00000000-0000-0032-ffff-ffff00000070"}&amp#27;[39m
[debug] &amp#27;[38;5;32m[AndroidUiautomator2Driver@b227 (fe0cd291)]&amp#27;[0m Calling AppiumDriver.click() with args: ["00000000-0000-0032-ffff-ffff00000070","fe0cd291-8f79-4212-8568-b4785b2dee12"]
[debug] &amp#27;[38;5;32m[AndroidUiautomator2Driver@b227 (fe0cd291)]&amp#27;[0m Matched '/element/00000000-0000-0032-ffff-ffff00000070/click' to command name 'click'
[debug] &amp#27;[38;5;32m[AndroidUiautomator2Driver@b227 (fe0cd291)]&amp#27;[0m Proxying [POST /element/00000000-0000-0032-ffff-ffff00000070/click] to [POST http://127.0.0.1:8200/session/85989a46-cbdd-4bd4-a501-a859808a0843/element/00000000-0000-0032-ffff-ffff00000070/click] with body: {"element":"00000000-0000-0032-ffff-ffff00000070"}
[debug] &amp#27;[38;5;32m[AndroidUiautomator2Driver@b227 (fe0cd291)]&amp#27;[0m Got response with status 200: {"sessionId":"85989a46-cbdd-4bd4-a501-a859808a0843","value":null}
[debug] &amp#27;[38;5;32m[AndroidUiautomator2Driver@b227 (fe0cd291)]&amp#27;[0m Responding to client with driver.click() result: null
&amp#27;[38;5;0m[HTTP]&amp#27;[0m &amp#27;[37m<-- POST /session/fe0cd291-8f79-4212-8568-b4785b2dee12/element/00000000-0000-0032-ffff-ffff00000070/click &amp#27;[39m&amp#27;[32m200&amp#27;[39m &amp#27;[90m40 ms - 14&amp#27;[39m
&amp#27;[38;5;0m[HTTP]&amp#27;[0m &amp#27;[90m&amp#27;[39m
&amp#27;[38;5;0m[HTTP]&amp#27;[0m &amp#27;[37m-->&amp#27;[39m &amp#27;[37mPOST&amp#27;[39m &amp#27;[37m/session/fe0cd291-8f79-4212-8568-b4785b2dee12/timeouts&amp#27;[39m
&amp#27;[38;5;0m[HTTP]&amp#27;[0m &amp#27;[90m{"implicit":6000}&amp#27;[39m
[debug] &amp#27;[38;5;32m[AndroidUiautomator2Driver@b227 (fe0cd291)]&amp#27;[0m Calling AppiumDriver.timeouts() with args: [null,null,null,null,6000,"fe0cd291-8f79-4212-8568-b4785b2dee12"]
[debug] &amp#27;[38;5;32m[AndroidUiautomator2Driver@b227 (fe0cd291)]&amp#27;[0m W3C timeout argument: {"implicit":6000}}
[debug] &amp#27;[38;5;32m[AndroidUiautomator2Driver@b227 (fe0cd291)]&amp#27;[0m Set implicit wait to 6000ms
[debug] &amp#27;[38;5;32m[AndroidUiautomator2Driver@b227 (fe0cd291)]&amp#27;[0m Responding to client with driver.timeouts() result: null
&amp#27;[38;5;0m[HTTP]&amp#27;[0m &amp#27;[37m<-- POST /session/fe0cd291-8f79-4212-8568-b4785b2dee12/timeouts &amp#27;[39m&amp#27;[32m200&amp#27;[39m &amp#27;[90m1 ms - 14&amp#27;[39m
&amp#27;[38;5;0m[HTTP]&amp#27;[0m &amp#27;[90m&amp#27;[39m
&amp#27;[38;5;0m[HTTP]&amp#27;[0m &amp#27;[37m-->&amp#27;[39m &amp#27;[37mPOST&amp#27;[39m &amp#27;[37m/session/fe0cd291-8f79-4212-8568-b4785b2dee12/element&amp#27;[39m
&amp#27;[38;5;0m[HTTP]&amp#27;[0m &amp#27;[90m{"using":"xpath","value":"//android.widget.Button[@text='Allow']"}&amp#27;[39m
[debug] &amp#27;[38;5;32m[AndroidUiautomator2Driver@b227 (fe0cd291)]&amp#27;[0m Calling AppiumDriver.findElement() with args: ["xpath","//android.widget.Button[@text='Allow']","fe0cd291-8f79-4212-8568-b4785b2dee12"]
[debug] &amp#27;[38;5;32m[AndroidUiautomator2Driver@b227 (fe0cd291)]&amp#27;[0m Valid locator strategies for this request: xpath, id, class name, accessibility id, css selector, -android uiautomator
[debug] &amp#27;[38;5;32m[AndroidUiautomator2Driver@b227 (fe0cd291)]&amp#27;[0m Waiting up to 6000 ms for condition
[debug] &amp#27;[38;5;32m[AndroidUiautomator2Driver@b227 (fe0cd291)]&amp#27;[0m Matched '/element' to command name 'findElement'
[debug] &amp#27;[38;5;32m[AndroidUiautomator2Driver@b227 (fe0cd291)]&amp#27;[0m Proxying [POST /element] to [POST http://127.0.0.1:8200/session/85989a46-cbdd-4bd4-a501-a859808a0843/element] with body: {"strategy":"xpath","selector":"//android.widget.Button[@text='Allow']","context":"","multiple":false}
&amp#27;[38;5;32m[AndroidUiautomator2Driver@b227 (fe0cd291)]&amp#27;[0m Got response with status 404: {"sessionId":"85989a46-cbdd-4bd4-a501-a859808a0843","value":{"error":"no such element","message":"An element could not be located on the page using the given search parameters","stacktrace":"io.appium.uiautomator2.common.exceptions.ElementNotFoundException: An element could not be located on the page using the given search parameters\n\tat io.appium.uiautomator2.utils.ElementLocationHelpers.findElement(ElementLocationHelpers.java:156)\n\tat io.appium.uiautomator2.handler.FindElement.safeHandle(FindElement.java:60)\n\tat io.appium.uiautomator2.handler.request.SafeRequestHandler.handle(SafeRequestHandler.java:59)\n\tat io.appium.uiautomator2.server.AppiumServlet.handleRequest(AppiumServlet.java:277)\n\tat io.appium.uiautomator2.server.AppiumServlet.handleHttpRequest(AppiumServlet.java:271)\n\tat io.appium.uiautomator2.http.ServerHandler.channelRead(ServerHandler.java:68)\n\tat io.netty.channel.AbstractChannelHandlerContext.invokeChannelRead(AbstractChannelHandlerContext.java:366)\n\tat io.netty.channel.Abstr...
[debug] &amp#27;[38;5;128m[W3C]&amp#27;[0m Matched W3C error code 'no such element' to NoSuchElementError
[debug] &amp#27;[38;5;32m[AndroidUiautomator2Driver@b227 (fe0cd291)]&amp#27;[0m Waited for 43 ms so far
[debug] &amp#27;[38;5;32m[AndroidUiautomator2Driver@b227 (fe0cd291)]&amp#27;[0m Matched '/element' to command name 'findElement'
[debug] &amp#27;[38;5;32m[AndroidUiautomator2Driver@b227 (fe0cd291)]&amp#27;[0m Proxying [POST /element] to [POST http://127.0.0.1:8200/session/85989a46-cbdd-4bd4-a501-a859808a0843/element] with body: {"strategy":"xpath","selector":"//android.widget.Button[@text='Allow']","context":"","multiple":false}
&amp#27;[38;5;32m[AndroidUiautomator2Driver@b227 (fe0cd291)]&amp#27;[0m Got response with status 404: {"sessionId":"85989a46-cbdd-4bd4-a501-a859808a0843","value":{"error":"no such element","message":"An element could not be located on the page using the given search parameters","stacktrace":"io.appium.uiautomator2.common.exceptions.ElementNotFoundException: An element could not be located on the page using the given search parameters\n\tat io.appium.uiautomator2.utils.ElementLocationHelpers.findElement(ElementLocationHelpers.java:156)\n\tat io.appium.uiautomator2.handler.FindElement.safeHandle(FindElement.java:60)\n\tat io.appium.uiautomator2.handler.request.SafeRequestHandler.handle(SafeRequestHandler.java:59)\n\tat io.appium.uiautomator2.server.AppiumServlet.handleRequest(AppiumServlet.java:277)\n\tat io.appium.uiautomator2.server.AppiumServlet.handleHttpRequest(AppiumServlet.java:271)\n\tat io.appium.uiautomator2.http.ServerHandler.channelRead(ServerHandler.java:68)\n\tat io.netty.channel.AbstractChannelHandlerContext.invokeChannelRead(AbstractChannelHandlerContext.java:366)\n\tat io.netty.channel.Abstr...
[debug] &amp#27;[38;5;128m[W3C]&amp#27;[0m Matched W3C error code 'no such element' to NoSuchElementError
[debug] &amp#27;[38;5;32m[AndroidUiautomator2Driver@b227 (fe0cd291)]&amp#27;[0m Waited for 988 ms so far
[debug] &amp#27;[38;5;32m[AndroidUiautomator2Driver@b227 (fe0cd291)]&amp#27;[0m Matched '/element' to command name 'findElement'
[debug] &amp#27;[38;5;32m[AndroidUiautomator2Driver@b227 (fe0cd291)]&amp#27;[0m Proxying [POST /element] to [POST http://127.0.0.1:8200/session/85989a46-cbdd-4bd4-a501-a859808a0843/element] with body: {"strategy":"xpath","selector":"//android.widget.Button[@text='Allow']","context":"","multiple":false}
&amp#27;[38;5;32m[AndroidUiautomator2Driver@b227 (fe0cd291)]&amp#27;[0m Got response with status 404: {"sessionId":"85989a46-cbdd-4bd4-a501-a859808a0843","value":{"error":"no such element","message":"An element could not be located on the page using the given search parameters","stacktrace":"io.appium.uiautomator2.common.exceptions.ElementNotFoundException: An element could not be located on the page using the given search parameters\n\tat io.appium.uiautomator2.utils.ElementLocationHelpers.findElement(ElementLocationHelpers.java:156)\n\tat io.appium.uiautomator2.handler.FindElement.safeHandle(FindElement.java:60)\n\tat io.appium.uiautomator2.handler.request.SafeRequestHandler.handle(SafeRequestHandler.java:59)\n\tat io.appium.uiautomator2.server.AppiumServlet.handleRequest(AppiumServlet.java:277)\n\tat io.appium.uiautomator2.server.AppiumServlet.handleHttpRequest(AppiumServlet.java:271)\n\tat io.appium.uiautomator2.http.ServerHandler.channelRead(ServerHandler.java:68)\n\tat io.netty.channel.AbstractChannelHandlerContext.invokeChannelRead(AbstractChannelHandlerContext.java:366)\n\tat io.netty.channel.Abstr...
[debug] &amp#27;[38;5;128m[W3C]&amp#27;[0m Matched W3C error code 'no such element' to NoSuchElementError
[debug] &amp#27;[38;5;32m[AndroidUiautomator2Driver@b227 (fe0cd291)]&amp#27;[0m Waited for 1513 ms so far
[debug] &amp#27;[38;5;32m[AndroidUiautomator2Driver@b227 (fe0cd291)]&amp#27;[0m Matched '/element' to command name 'findElement'
[debug] &amp#27;[38;5;32m[AndroidUiautomator2Driver@b227 (fe0cd291)]&amp#27;[0m Proxying [POST /element] to [POST http://127.0.0.1:8200/session/85989a46-cbdd-4bd4-a501-a859808a0843/element] with body: {"strategy":"xpath","selector":"//android.widget.Button[@text='Allow']","context":"","multiple":false}
&amp#27;[38;5;32m[AndroidUiautomator2Driver@b227 (fe0cd291)]&amp#27;[0m Got response with status 404: {"sessionId":"85989a46-cbdd-4bd4-a501-a859808a0843","value":{"error":"no such element","message":"An element could not be located on the page using the given search parameters","stacktrace":"io.appium.uiautomator2.common.exceptions.ElementNotFoundException: An element could not be located on the page using the given search parameters\n\tat io.appium.uiautomator2.utils.ElementLocationHelpers.findElement(ElementLocationHelpers.java:156)\n\tat io.appium.uiautomator2.handler.FindElement.safeHandle(FindElement.java:60)\n\tat io.appium.uiautomator2.handler.request.SafeRequestHandler.handle(SafeRequestHandler.java:59)\n\tat io.appium.uiautomator2.server.AppiumServlet.handleRequest(AppiumServlet.java:277)\n\tat io.appium.uiautomator2.server.AppiumServlet.handleHttpRequest(AppiumServlet.java:271)\n\tat io.appium.uiautomator2.http.ServerHandler.channelRead(ServerHandler.java:68)\n\tat io.netty.channel.AbstractChannelHandlerContext.invokeChannelRead(AbstractChannelHandlerContext.java:366)\n\tat io.netty.channel.Abstr...
[debug] &amp#27;[38;5;128m[W3C]&amp#27;[0m Matched W3C error code 'no such element' to NoSuchElementError
[debug] &amp#27;[38;5;32m[AndroidUiautomator2Driver@b227 (fe0cd291)]&amp#27;[0m Waited for 2036 ms so far
[debug] &amp#27;[38;5;32m[AndroidUiautomator2Driver@b227 (fe0cd291)]&amp#27;[0m Matched '/element' to command name 'findElement'
[debug] &amp#27;[38;5;32m[AndroidUiautomator2Driver@b227 (fe0cd291)]&amp#27;[0m Proxying [POST /element] to [POST http://127.0.0.1:8200/session/85989a46-cbdd-4bd4-a501-a859808a0843/element] with body: {"strategy":"xpath","selector":"//android.widget.Button[@text='Allow']","context":"","multiple":false}
&amp#27;[38;5;32m[AndroidUiautomator2Driver@b227 (fe0cd291)]&amp#27;[0m Got response with status 404: {"sessionId":"85989a46-cbdd-4bd4-a501-a859808a0843","value":{"error":"no such element","message":"An element could not be located on the page using the given search parameters","stacktrace":"io.appium.uiautomator2.common.exceptions.ElementNotFoundException: An element could not be located on the page using the given search parameters\n\tat io.appium.uiautomator2.utils.ElementLocationHelpers.findElement(ElementLocationHelpers.java:156)\n\tat io.appium.uiautomator2.handler.FindElement.safeHandle(FindElement.java:60)\n\tat io.appium.uiautomator2.handler.request.SafeRequestHandler.handle(SafeRequestHandler.java:59)\n\tat io.appium.uiautomator2.server.AppiumServlet.handleRequest(AppiumServlet.java:277)\n\tat io.appium.uiautomator2.server.AppiumServlet.handleHttpRequest(AppiumServlet.java:271)\n\tat io.appium.uiautomator2.http.ServerHandler.channelRead(ServerHandler.java:68)\n\tat io.netty.channel.AbstractChannelHandlerContext.invokeChannelRead(AbstractChannelHandlerContext.java:366)\n\tat io.netty.channel.Abstr...
[debug] &amp#27;[38;5;128m[W3C]&amp#27;[0m Matched W3C error code 'no such element' to NoSuchElementError
[debug] &amp#27;[38;5;32m[AndroidUiautomator2Driver@b227 (fe0cd291)]&amp#27;[0m Waited for 2572 ms so far
[debug] &amp#27;[38;5;32m[AndroidUiautomator2Driver@b227 (fe0cd291)]&amp#27;[0m Matched '/element' to command name 'findElement'
[debug] &amp#27;[38;5;32m[AndroidUiautomator2Driver@b227 (fe0cd291)]&amp#27;[0m Proxying [POST /element] to [POST http://127.0.0.1:8200/session/85989a46-cbdd-4bd4-a501-a859808a0843/element] with body: {"strategy":"xpath","selector":"//android.widget.Button[@text='Allow']","context":"","multiple":false}
&amp#27;[38;5;32m[AndroidUiautomator2Driver@b227 (fe0cd291)]&amp#27;[0m Got response with status 404: {"sessionId":"85989a46-cbdd-4bd4-a501-a859808a0843","value":{"error":"no such element","message":"An element could not be located on the page using the given search parameters","stacktrace":"io.appium.uiautomator2.common.exceptions.ElementNotFoundException: An element could not be located on the page using the given search parameters\n\tat io.appium.uiautomator2.utils.ElementLocationHelpers.findElement(ElementLocationHelpers.java:156)\n\tat io.appium.uiautomator2.handler.FindElement.safeHandle(FindElement.java:60)\n\tat io.appium.uiautomator2.handler.request.SafeRequestHandler.handle(SafeRequestHandler.java:59)\n\tat io.appium.uiautomator2.server.AppiumServlet.handleRequest(AppiumServlet.java:277)\n\tat io.appium.uiautomator2.server.AppiumServlet.handleHttpRequest(AppiumServlet.java:271)\n\tat io.appium.uiautomator2.http.ServerHandler.channelRead(ServerHandler.java:68)\n\tat io.netty.channel.AbstractChannelHandlerContext.invokeChannelRead(AbstractChannelHandlerContext.java:366)\n\tat io.netty.channel.Abstr...
[debug] &amp#27;[38;5;128m[W3C]&amp#27;[0m Matched W3C error code 'no such element' to NoSuchElementError
[debug] &amp#27;[38;5;32m[AndroidUiautomator2Driver@b227 (fe0cd291)]&amp#27;[0m Waited for 3096 ms so far
[debug] &amp#27;[38;5;32m[AndroidUiautomator2Driver@b227 (fe0cd291)]&amp#27;[0m Matched '/element' to command name 'findElement'
[debug] &amp#27;[38;5;32m[AndroidUiautomator2Driver@b227 (fe0cd291)]&amp#27;[0m Proxying [POST /element] to [POST http://127.0.0.1:8200/session/85989a46-cbdd-4bd4-a501-a859808a0843/element] with body: {"strategy":"xpath","selector":"//android.widget.Button[@text='Allow']","context":"","multiple":false}
&amp#27;[38;5;32m[AndroidUiautomator2Driver@b227 (fe0cd291)]&amp#27;[0m Got response with status 404: {"sessionId":"85989a46-cbdd-4bd4-a501-a859808a0843","value":{"error":"no such element","message":"An element could not be located on the page using the given search parameters","stacktrace":"io.appium.uiautomator2.common.exceptions.ElementNotFoundException: An element could not be located on the page using the given search parameters\n\tat io.appium.uiautomator2.utils.ElementLocationHelpers.findElement(ElementLocationHelpers.java:156)\n\tat io.appium.uiautomator2.handler.FindElement.safeHandle(FindElement.java:60)\n\tat io.appium.uiautomator2.handler.request.SafeRequestHandler.handle(SafeRequestHandler.java:59)\n\tat io.appium.uiautomator2.server.AppiumServlet.handleRequest(AppiumServlet.java:277)\n\tat io.appium.uiautomator2.server.AppiumServlet.handleHttpRequest(AppiumServlet.java:271)\n\tat io.appium.uiautomator2.http.ServerHandler.channelRead(ServerHandler.java:68)\n\tat io.netty.channel.AbstractChannelHandlerContext.invokeChannelRead(AbstractChannelHandlerContext.java:366)\n\tat io.netty.channel.Abstr...
[debug] &amp#27;[38;5;128m[W3C]&amp#27;[0m Matched W3C error code 'no such element' to NoSuchElementError
[debug] &amp#27;[38;5;32m[AndroidUiautomator2Driver@b227 (fe0cd291)]&amp#27;[0m Waited for 3628 ms so far
[debug] &amp#27;[38;5;32m[AndroidUiautomator2Driver@b227 (fe0cd291)]&amp#27;[0m Matched '/element' to command name 'findElement'
[debug] &amp#27;[38;5;32m[AndroidUiautomator2Driver@b227 (fe0cd291)]&amp#27;[0m Proxying [POST /element] to [POST http://127.0.0.1:8200/session/85989a46-cbdd-4bd4-a501-a859808a0843/element] with body: {"strategy":"xpath","selector":"//android.widget.Button[@text='Allow']","context":"","multiple":false}
&amp#27;[38;5;32m[AndroidUiautomator2Driver@b227 (fe0cd291)]&amp#27;[0m Got response with status 404: {"sessionId":"85989a46-cbdd-4bd4-a501-a859808a0843","value":{"error":"no such element","message":"An element could not be located on the page using the given search parameters","stacktrace":"io.appium.uiautomator2.common.exceptions.ElementNotFoundException: An element could not be located on the page using the given search parameters\n\tat io.appium.uiautomator2.utils.ElementLocationHelpers.findElement(ElementLocationHelpers.java:156)\n\tat io.appium.uiautomator2.handler.FindElement.safeHandle(FindElement.java:60)\n\tat io.appium.uiautomator2.handler.request.SafeRequestHandler.handle(SafeRequestHandler.java:59)\n\tat io.appium.uiautomator2.server.AppiumServlet.handleRequest(AppiumServlet.java:277)\n\tat io.appium.uiautomator2.server.AppiumServlet.handleHttpRequest(AppiumServlet.java:271)\n\tat io.appium.uiautomator2.http.ServerHandler.channelRead(ServerHandler.java:68)\n\tat io.netty.channel.AbstractChannelHandlerContext.invokeChannelRead(AbstractChannelHandlerContext.java:366)\n\tat io.netty.channel.Abstr...
[debug] &amp#27;[38;5;128m[W3C]&amp#27;[0m Matched W3C error code 'no such element' to NoSuchElementError
[debug] &amp#27;[38;5;32m[AndroidUiautomator2Driver@b227 (fe0cd291)]&amp#27;[0m Waited for 4160 ms so far
[debug] &amp#27;[38;5;32m[AndroidUiautomator2Driver@b227 (fe0cd291)]&amp#27;[0m Matched '/element' to command name 'findElement'
[debug] &amp#27;[38;5;32m[AndroidUiautomator2Driver@b227 (fe0cd291)]&amp#27;[0m Proxying [POST /element] to [POST http://127.0.0.1:8200/session/85989a46-cbdd-4bd4-a501-a859808a0843/element] with body: {"strategy":"xpath","selector":"//android.widget.Button[@text='Allow']","context":"","multiple":false}
&amp#27;[38;5;32m[AndroidUiautomator2Driver@b227 (fe0cd291)]&amp#27;[0m Got response with status 404: {"sessionId":"85989a46-cbdd-4bd4-a501-a859808a0843","value":{"error":"no such element","message":"An element could not be located on the page using the given search parameters","stacktrace":"io.appium.uiautomator2.common.exceptions.ElementNotFoundException: An element could not be located on the page using the given search parameters\n\tat io.appium.uiautomator2.utils.ElementLocationHelpers.findElement(ElementLocationHelpers.java:156)\n\tat io.appium.uiautomator2.handler.FindElement.safeHandle(FindElement.java:60)\n\tat io.appium.uiautomator2.handler.request.SafeRequestHandler.handle(SafeRequestHandler.java:59)\n\tat io.appium.uiautomator2.server.AppiumServlet.handleRequest(AppiumServlet.java:277)\n\tat io.appium.uiautomator2.server.AppiumServlet.handleHttpRequest(AppiumServlet.java:271)\n\tat io.appium.uiautomator2.http.ServerHandler.channelRead(ServerHandler.java:68)\n\tat io.netty.channel.AbstractChannelHandlerContext.invokeChannelRead(AbstractChannelHandlerContext.java:366)\n\tat io.netty.channel.Abstr...
[debug] &amp#27;[38;5;128m[W3C]&amp#27;[0m Matched W3C error code 'no such element' to NoSuchElementError
[debug] &amp#27;[38;5;32m[AndroidUiautomator2Driver@b227 (fe0cd291)]&amp#27;[0m Waited for 4695 ms so far
[debug] &amp#27;[38;5;32m[AndroidUiautomator2Driver@b227 (fe0cd291)]&amp#27;[0m Matched '/element' to command name 'findElement'
[debug] &amp#27;[38;5;32m[AndroidUiautomator2Driver@b227 (fe0cd291)]&amp#27;[0m Proxying [POST /element] to [POST http://127.0.0.1:8200/session/85989a46-cbdd-4bd4-a501-a859808a0843/element] with body: {"strategy":"xpath","selector":"//android.widget.Button[@text='Allow']","context":"","multiple":false}
&amp#27;[38;5;32m[AndroidUiautomator2Driver@b227 (fe0cd291)]&amp#27;[0m Got response with status 404: {"sessionId":"85989a46-cbdd-4bd4-a501-a859808a0843","value":{"error":"no such element","message":"An element could not be located on the page using the given search parameters","stacktrace":"io.appium.uiautomator2.common.exceptions.ElementNotFoundException: An element could not be located on the page using the given search parameters\n\tat io.appium.uiautomator2.utils.ElementLocationHelpers.findElement(ElementLocationHelpers.java:156)\n\tat io.appium.uiautomator2.handler.FindElement.safeHandle(FindElement.java:60)\n\tat io.appium.uiautomator2.handler.request.SafeRequestHandler.handle(SafeRequestHandler.java:59)\n\tat io.appium.uiautomator2.server.AppiumServlet.handleRequest(AppiumServlet.java:277)\n\tat io.appium.uiautomator2.server.AppiumServlet.handleHttpRequest(AppiumServlet.java:271)\n\tat io.appium.uiautomator2.http.ServerHandler.channelRead(ServerHandler.java:68)\n\tat io.netty.channel.AbstractChannelHandlerContext.invokeChannelRead(AbstractChannelHandlerContext.java:366)\n\tat io.netty.channel.Abstr...
[debug] &amp#27;[38;5;128m[W3C]&amp#27;[0m Matched W3C error code 'no such element' to NoSuchElementError
[debug] &amp#27;[38;5;32m[AndroidUiautomator2Driver@b227 (fe0cd291)]&amp#27;[0m Waited for 5222 ms so far
[debug] &amp#27;[38;5;32m[AndroidUiautomator2Driver@b227 (fe0cd291)]&amp#27;[0m Matched '/element' to command name 'findElement'
[debug] &amp#27;[38;5;32m[AndroidUiautomator2Driver@b227 (fe0cd291)]&amp#27;[0m Proxying [POST /element] to [POST http://127.0.0.1:8200/session/85989a46-cbdd-4bd4-a501-a859808a0843/element] with body: {"strategy":"xpath","selector":"//android.widget.Button[@text='Allow']","context":"","multiple":false}
&amp#27;[38;5;32m[AndroidUiautomator2Driver@b227 (fe0cd291)]&amp#27;[0m Got response with status 404: {"sessionId":"85989a46-cbdd-4bd4-a501-a859808a0843","value":{"error":"no such element","message":"An element could not be located on the page using the given search parameters","stacktrace":"io.appium.uiautomator2.common.exceptions.ElementNotFoundException: An element could not be located on the page using the given search parameters\n\tat io.appium.uiautomator2.utils.ElementLocationHelpers.findElement(ElementLocationHelpers.java:156)\n\tat io.appium.uiautomator2.handler.FindElement.safeHandle(FindElement.java:60)\n\tat io.appium.uiautomator2.handler.request.SafeRequestHandler.handle(SafeRequestHandler.java:59)\n\tat io.appium.uiautomator2.server.AppiumServlet.handleRequest(AppiumServlet.java:277)\n\tat io.appium.uiautomator2.server.AppiumServlet.handleHttpRequest(AppiumServlet.java:271)\n\tat io.appium.uiautomator2.http.ServerHandler.channelRead(ServerHandler.java:68)\n\tat io.netty.channel.AbstractChannelHandlerContext.invokeChannelRead(AbstractChannelHandlerContext.java:366)\n\tat io.netty.channel.Abstr...
[debug] &amp#27;[38;5;128m[W3C]&amp#27;[0m Matched W3C error code 'no such element' to NoSuchElementError
[debug] &amp#27;[38;5;32m[AndroidUiautomator2Driver@b227 (fe0cd291)]&amp#27;[0m Waited for 5760 ms so far
[debug] &amp#27;[38;5;32m[AndroidUiautomator2Driver@b227 (fe0cd291)]&amp#27;[0m Matched '/element' to command name 'findElement'
[debug] &amp#27;[38;5;32m[AndroidUiautomator2Driver@b227 (fe0cd291)]&amp#27;[0m Proxying [POST /element] to [POST http://127.0.0.1:8200/session/85989a46-cbdd-4bd4-a501-a859808a0843/element] with body: {"strategy":"xpath","selector":"//android.widget.Button[@text='Allow']","context":"","multiple":false}
&amp#27;[38;5;32m[AndroidUiautomator2Driver@b227 (fe0cd291)]&amp#27;[0m Got response with status 404: {"sessionId":"85989a46-cbdd-4bd4-a501-a859808a0843","value":{"error":"no such element","message":"An element could not be located on the page using the given search parameters","stacktrace":"io.appium.uiautomator2.common.exceptions.ElementNotFoundException: An element could not be located on the page using the given search parameters\n\tat io.appium.uiautomator2.utils.ElementLocationHelpers.findElement(ElementLocationHelpers.java:156)\n\tat io.appium.uiautomator2.handler.FindElement.safeHandle(FindElement.java:60)\n\tat io.appium.uiautomator2.handler.request.SafeRequestHandler.handle(SafeRequestHandler.java:59)\n\tat io.appium.uiautomator2.server.AppiumServlet.handleRequest(AppiumServlet.java:277)\n\tat io.appium.uiautomator2.server.AppiumServlet.handleHttpRequest(AppiumServlet.java:271)\n\tat io.appium.uiautomator2.http.ServerHandler.channelRead(ServerHandler.java:68)\n\tat io.netty.channel.AbstractChannelHandlerContext.invokeChannelRead(AbstractChannelHandlerContext.java:366)\n\tat io.netty.channel.Abstr...
[debug] &amp#27;[38;5;128m[W3C]&amp#27;[0m Matched W3C error code 'no such element' to NoSuchElementError
[debug] &amp#27;[38;5;32m[AndroidUiautomator2Driver@b227 (fe0cd291)]&amp#27;[0m Encountered internal error running command: NoSuchElementError: An element could not be located on the page using the given search parameters.
[debug] &amp#27;[38;5;32m[AndroidUiautomator2Driver@b227 (fe0cd291)]&amp#27;[0m     at AndroidUiautomator2Driver.findElOrEls (C:\Users\daniel.ogagavworia\.appium\node_modules\appium-uiautomator2-driver\node_modules\appium-android-driver\lib\commands\find.js:75:11)
[debug] &amp#27;[38;5;32m[AndroidUiautomator2Driver@b227 (fe0cd291)]&amp#27;[0m     at processTicksAndRejections (node:internal/process/task_queues:95:5)
[debug] &amp#27;[38;5;32m[AndroidUiautomator2Driver@b227 (fe0cd291)]&amp#27;[0m     at AndroidUiautomator2Driver.findElOrElsWithProcessing (C:\Users\daniel.ogagavworia\AppData\Roaming\npm\node_modules\appium\node_modules\@appium\base-driver\lib\basedriver\commands\find.ts:60:12)
[debug] &amp#27;[38;5;32m[AndroidUiautomator2Driver@b227 (fe0cd291)]&amp#27;[0m     at AndroidUiautomator2Driver.findElement (C:\Users\daniel.ogagavworia\AppData\Roaming\npm\node_modules\appium\node_modules\@appium\base-driver\lib\basedriver\commands\find.ts:75:12)
&amp#27;[38;5;0m[HTTP]&amp#27;[0m &amp#27;[37m<-- POST /session/fe0cd291-8f79-4212-8568-b4785b2dee12/element &amp#27;[39m&amp#27;[33m404&amp#27;[39m &amp#27;[90m6033 ms - 929&amp#27;[39m
&amp#27;[38;5;0m[HTTP]&amp#27;[0m &amp#27;[90m&amp#27;[39m
&amp#27;[38;5;0m[HTTP]&amp#27;[0m &amp#27;[37m-->&amp#27;[39m &amp#27;[37mPOST&amp#27;[39m &amp#27;[37m/session/fe0cd291-8f79-4212-8568-b4785b2dee12/element&amp#27;[39m
&amp#27;[38;5;0m[HTTP]&amp#27;[0m &amp#27;[90m{"using":"xpath","value":"//android.widget.TextView[@text='REGISTER']"}&amp#27;[39m
[debug] &amp#27;[38;5;32m[AndroidUiautomator2Driver@b227 (fe0cd291)]&amp#27;[0m Calling AppiumDriver.findElement() with args: ["xpath","//android.widget.TextView[@text='REGISTER']","fe0cd291-8f79-4212-8568-b4785b2dee12"]
[debug] &amp#27;[38;5;32m[AndroidUiautomator2Driver@b227 (fe0cd291)]&amp#27;[0m Valid locator strategies for this request: xpath, id, class name, accessibility id, css selector, -android uiautomator
[debug] &amp#27;[38;5;32m[AndroidUiautomator2Driver@b227 (fe0cd291)]&amp#27;[0m Waiting up to 6000 ms for condition
[debug] &amp#27;[38;5;32m[AndroidUiautomator2Driver@b227 (fe0cd291)]&amp#27;[0m Matched '/element' to command name 'findElement'
[debug] &amp#27;[38;5;32m[AndroidUiautomator2Driver@b227 (fe0cd291)]&amp#27;[0m Proxying [POST /element] to [POST http://127.0.0.1:8200/session/85989a46-cbdd-4bd4-a501-a859808a0843/element] with body: {"strategy":"xpath","selector":"//android.widget.TextView[@text='REGISTER']","context":"","multiple":false}
[debug] &amp#27;[38;5;32m[AndroidUiautomator2Driver@b227 (fe0cd291)]&amp#27;[0m Got response with status 200: {"sessionId":"85989a46-cbdd-4bd4-a501-a859808a0843","value":{"ELEMENT":"00000000-0000-0032-ffff-ffff0000002e","element-6066-11e4-a52e-4f735466cecf":"00000000-0000-0032-ffff-ffff0000002e"}}
[debug] &amp#27;[38;5;32m[AndroidUiautomator2Driver@b227 (fe0cd291)]&amp#27;[0m Responding to client with driver.findElement() result: {"element-6066-11e4-a52e-4f735466cecf":"00000000-0000-0032-ffff-ffff0000002e","ELEMENT":"00000000-0000-0032-ffff-ffff0000002e"}
&amp#27;[38;5;0m[HTTP]&amp#27;[0m &amp#27;[37m<-- POST /session/fe0cd291-8f79-4212-8568-b4785b2dee12/element &amp#27;[39m&amp#27;[32m200&amp#27;[39m &amp#27;[90m19 ms - 137&amp#27;[39m
&amp#27;[38;5;0m[HTTP]&amp#27;[0m &amp#27;[90m&amp#27;[39m
&amp#27;[38;5;0m[HTTP]&amp#27;[0m &amp#27;[37m-->&amp#27;[39m &amp#27;[37mPOST&amp#27;[39m &amp#27;[37m/session/fe0cd291-8f79-4212-8568-b4785b2dee12/element/00000000-0000-0032-ffff-ffff0000002e/click&amp#27;[39m
&amp#27;[38;5;0m[HTTP]&amp#27;[0m &amp#27;[90m{"id":"00000000-0000-0032-ffff-ffff0000002e"}&amp#27;[39m
[debug] &amp#27;[38;5;32m[AndroidUiautomator2Driver@b227 (fe0cd291)]&amp#27;[0m Calling AppiumDriver.click() with args: ["00000000-0000-0032-ffff-ffff0000002e","fe0cd291-8f79-4212-8568-b4785b2dee12"]
[debug] &amp#27;[38;5;32m[AndroidUiautomator2Driver@b227 (fe0cd291)]&amp#27;[0m Matched '/element/00000000-0000-0032-ffff-ffff0000002e/click' to command name 'click'
[debug] &amp#27;[38;5;32m[AndroidUiautomator2Driver@b227 (fe0cd291)]&amp#27;[0m Proxying [POST /element/00000000-0000-0032-ffff-ffff0000002e/click] to [POST http://127.0.0.1:8200/session/85989a46-cbdd-4bd4-a501-a859808a0843/element/00000000-0000-0032-ffff-ffff0000002e/click] with body: {"element":"00000000-0000-0032-ffff-ffff0000002e"}
[debug] &amp#27;[38;5;32m[AndroidUiautomator2Driver@b227 (fe0cd291)]&amp#27;[0m Got response with status 200: {"sessionId":"85989a46-cbdd-4bd4-a501-a859808a0843","value":null}
[debug] &amp#27;[38;5;32m[AndroidUiautomator2Driver@b227 (fe0cd291)]&amp#27;[0m Responding to client with driver.click() result: null
&amp#27;[38;5;0m[HTTP]&amp#27;[0m &amp#27;[37m<-- POST /session/fe0cd291-8f79-4212-8568-b4785b2dee12/element/00000000-0000-0032-ffff-ffff0000002e/click &amp#27;[39m&amp#27;[32m200&amp#27;[39m &amp#27;[90m57 ms - 14&amp#27;[39m
&amp#27;[38;5;0m[HTTP]&amp#27;[0m &amp#27;[90m&amp#27;[39m
&amp#27;[38;5;0m[HTTP]&amp#27;[0m &amp#27;[37m-->&amp#27;[39m &amp#27;[37mPOST&amp#27;[39m &amp#27;[37m/session/fe0cd291-8f79-4212-8568-b4785b2dee12/timeouts&amp#27;[39m
&amp#27;[38;5;0m[HTTP]&amp#27;[0m &amp#27;[90m{"implicit":10000}&amp#27;[39m
[debug] &amp#27;[38;5;32m[AndroidUiautomator2Driver@b227 (fe0cd291)]&amp#27;[0m Calling AppiumDriver.timeouts() with args: [null,null,null,null,10000,"fe0cd291-8f79-4212-8568-b4785b2dee12"]
[debug] &amp#27;[38;5;32m[AndroidUiautomator2Driver@b227 (fe0cd291)]&amp#27;[0m W3C timeout argument: {"implicit":10000}}
[debug] &amp#27;[38;5;32m[AndroidUiautomator2Driver@b227 (fe0cd291)]&amp#27;[0m Set implicit wait to 10000ms
[debug] &amp#27;[38;5;32m[AndroidUiautomator2Driver@b227 (fe0cd291)]&amp#27;[0m Responding to client with driver.timeouts() result: null
&amp#27;[38;5;0m[HTTP]&amp#27;[0m &amp#27;[37m<-- POST /session/fe0cd291-8f79-4212-8568-b4785b2dee12/timeouts &amp#27;[39m&amp#27;[32m200&amp#27;[39m &amp#27;[90m1 ms - 14&amp#27;[39m
&amp#27;[38;5;0m[HTTP]&amp#27;[0m &amp#27;[90m&amp#27;[39m
&amp#27;[38;5;0m[HTTP]&amp#27;[0m &amp#27;[37m-->&amp#27;[39m &amp#27;[37mPOST&amp#27;[39m &amp#27;[37m/session/fe0cd291-8f79-4212-8568-b4785b2dee12/element&amp#27;[39m
&amp#27;[38;5;0m[HTTP]&amp#27;[0m &amp#27;[90m{"using":"xpath","value":"//android.widget.EditText[@index=3]"}&amp#27;[39m
[debug] &amp#27;[38;5;32m[AndroidUiautomator2Driver@b227 (fe0cd291)]&amp#27;[0m Calling AppiumDriver.findElement() with args: ["xpath","//android.widget.EditText[@index=3]","fe0cd291-8f79-4212-8568-b4785b2dee12"]
[debug] &amp#27;[38;5;32m[AndroidUiautomator2Driver@b227 (fe0cd291)]&amp#27;[0m Valid locator strategies for this request: xpath, id, class name, accessibility id, css selector, -android uiautomator
[debug] &amp#27;[38;5;32m[AndroidUiautomator2Driver@b227 (fe0cd291)]&amp#27;[0m Waiting up to 10000 ms for condition
[debug] &amp#27;[38;5;32m[AndroidUiautomator2Driver@b227 (fe0cd291)]&amp#27;[0m Matched '/element' to command name 'findElement'
[debug] &amp#27;[38;5;32m[AndroidUiautomator2Driver@b227 (fe0cd291)]&amp#27;[0m Proxying [POST /element] to [POST http://127.0.0.1:8200/session/85989a46-cbdd-4bd4-a501-a859808a0843/element] with body: {"strategy":"xpath","selector":"//android.widget.EditText[@index=3]","context":"","multiple":false}
&amp#27;[38;5;32m[AndroidUiautomator2Driver@b227 (fe0cd291)]&amp#27;[0m Got response with status 404: {"sessionId":"85989a46-cbdd-4bd4-a501-a859808a0843","value":{"error":"no such element","message":"An element could not be located on the page using the given search parameters","stacktrace":"io.appium.uiautomator2.common.exceptions.ElementNotFoundException: An element could not be located on the page using the given search parameters\n\tat io.appium.uiautomator2.utils.ElementLocationHelpers.findElement(ElementLocationHelpers.java:156)\n\tat io.appium.uiautomator2.handler.FindElement.safeHandle(FindElement.java:60)\n\tat io.appium.uiautomator2.handler.request.SafeRequestHandler.handle(SafeRequestHandler.java:59)\n\tat io.appium.uiautomator2.server.AppiumServlet.handleRequest(AppiumServlet.java:277)\n\tat io.appium.uiautomator2.server.AppiumServlet.handleHttpRequest(AppiumServlet.java:271)\n\tat io.appium.uiautomator2.http.ServerHandler.channelRead(ServerHandler.java:68)\n\tat io.netty.channel.AbstractChannelHandlerContext.invokeChannelRead(AbstractChannelHandlerContext.java:366)\n\tat io.netty.channel.Abstr...
[debug] &amp#27;[38;5;128m[W3C]&amp#27;[0m Matched W3C error code 'no such element' to NoSuchElementError
[debug] &amp#27;[38;5;32m[AndroidUiautomator2Driver@b227 (fe0cd291)]&amp#27;[0m Waited for 32 ms so far
[debug] &amp#27;[38;5;32m[AndroidUiautomator2Driver@b227 (fe0cd291)]&amp#27;[0m Matched '/element' to command name 'findElement'
[debug] &amp#27;[38;5;32m[AndroidUiautomator2Driver@b227 (fe0cd291)]&amp#27;[0m Proxying [POST /element] to [POST http://127.0.0.1:8200/session/85989a46-cbdd-4bd4-a501-a859808a0843/element] with body: {"strategy":"xpath","selector":"//android.widget.EditText[@index=3]","context":"","multiple":false}
[debug] &amp#27;[38;5;32m[AndroidUiautomator2Driver@b227 (fe0cd291)]&amp#27;[0m Got response with status 200: {"sessionId":"85989a46-cbdd-4bd4-a501-a859808a0843","value":{"ELEMENT":"00000000-0000-0032-ffff-ffff000000aa","element-6066-11e4-a52e-4f735466cecf":"00000000-0000-0032-ffff-ffff000000aa"}}
[debug] &amp#27;[38;5;32m[AndroidUiautomator2Driver@b227 (fe0cd291)]&amp#27;[0m Responding to client with driver.findElement() result: {"element-6066-11e4-a52e-4f735466cecf":"00000000-0000-0032-ffff-ffff000000aa","ELEMENT":"00000000-0000-0032-ffff-ffff000000aa"}
&amp#27;[38;5;0m[HTTP]&amp#27;[0m &amp#27;[37m<-- POST /session/fe0cd291-8f79-4212-8568-b4785b2dee12/element &amp#27;[39m&amp#27;[32m200&amp#27;[39m &amp#27;[90m1055 ms - 137&amp#27;[39m
&amp#27;[38;5;0m[HTTP]&amp#27;[0m &amp#27;[90m&amp#27;[39m
&amp#27;[38;5;0m[HTTP]&amp#27;[0m &amp#27;[37m-->&amp#27;[39m &amp#27;[37mPOST&amp#27;[39m &amp#27;[37m/session/fe0cd291-8f79-4212-8568-b4785b2dee12/element/00000000-0000-0032-ffff-ffff000000aa/value&amp#27;[39m
&amp#27;[38;5;0m[HTTP]&amp#27;[0m &amp#27;[90m{"id":"00000000-0000-0032-ffff-ffff000000aa","text":"Daniel Ogaga","value":["D","a","n","i","e","l"," ","O","g","a","g","a"]}&amp#27;[39m
[debug] &amp#27;[38;5;32m[AndroidUiautomator2Driver@b227 (fe0cd291)]&amp#27;[0m Calling AppiumDriver.setValue() with args: [["D","a","n","i","e","l"," ","O","g","a","g","a"],"00000000-0000-0032-ffff-ffff000000aa","fe0cd291-8f79-4212-8568-b4785b2dee12"]
[debug] &amp#27;[38;5;32m[AndroidUiautomator2Driver@b227 (fe0cd291)]&amp#27;[0m Matched '/element/00000000-0000-0032-ffff-ffff000000aa/value' to command name 'setValue'
[debug] &amp#27;[38;5;32m[AndroidUiautomator2Driver@b227 (fe0cd291)]&amp#27;[0m Added 'value' property ["D","a","n","i","e","l"," ","O","g","a","g","a"] to 'setValue' request body
[debug] &amp#27;[38;5;32m[AndroidUiautomator2Driver@b227 (fe0cd291)]&amp#27;[0m Proxying [POST /element/00000000-0000-0032-ffff-ffff000000aa/value] to [POST http://127.0.0.1:8200/session/85989a46-cbdd-4bd4-a501-a859808a0843/element/00000000-0000-0032-ffff-ffff000000aa/value] with body: {"elementId":"00000000-0000-0032-ffff-ffff000000aa","text":"Daniel Ogaga","replace":false,"value":["D","a","n","i","e","l"," ","O","g","a","g","a"]}
[debug] &amp#27;[38;5;32m[AndroidUiautomator2Driver@b227 (fe0cd291)]&amp#27;[0m Got response with status 200: {"sessionId":"85989a46-cbdd-4bd4-a501-a859808a0843","value":null}
[debug] &amp#27;[38;5;32m[AndroidUiautomator2Driver@b227 (fe0cd291)]&amp#27;[0m Responding to client with driver.setValue() result: null
&amp#27;[38;5;0m[HTTP]&amp#27;[0m &amp#27;[37m<-- POST /session/fe0cd291-8f79-4212-8568-b4785b2dee12/element/00000000-0000-0032-ffff-ffff000000aa/value &amp#27;[39m&amp#27;[32m200&amp#27;[39m &amp#27;[90m29 ms - 14&amp#27;[39m
&amp#27;[38;5;0m[HTTP]&amp#27;[0m &amp#27;[90m&amp#27;[39m
&amp#27;[38;5;0m[HTTP]&amp#27;[0m &amp#27;[37m-->&amp#27;[39m &amp#27;[37mPOST&amp#27;[39m &amp#27;[37m/session/fe0cd291-8f79-4212-8568-b4785b2dee12/element&amp#27;[39m
&amp#27;[38;5;0m[HTTP]&amp#27;[0m &amp#27;[90m{"using":"xpath","value":"//android.widget.EditText[@index=6]"}&amp#27;[39m
[debug] &amp#27;[38;5;32m[AndroidUiautomator2Driver@b227 (fe0cd291)]&amp#27;[0m Calling AppiumDriver.findElement() with args: ["xpath","//android.widget.EditText[@index=6]","fe0cd291-8f79-4212-8568-b4785b2dee12"]
[debug] &amp#27;[38;5;32m[AndroidUiautomator2Driver@b227 (fe0cd291)]&amp#27;[0m Valid locator strategies for this request: xpath, id, class name, accessibility id, css selector, -android uiautomator
[debug] &amp#27;[38;5;32m[AndroidUiautomator2Driver@b227 (fe0cd291)]&amp#27;[0m Waiting up to 10000 ms for condition
[debug] &amp#27;[38;5;32m[AndroidUiautomator2Driver@b227 (fe0cd291)]&amp#27;[0m Matched '/element' to command name 'findElement'
[debug] &amp#27;[38;5;32m[AndroidUiautomator2Driver@b227 (fe0cd291)]&amp#27;[0m Proxying [POST /element] to [POST http://127.0.0.1:8200/session/85989a46-cbdd-4bd4-a501-a859808a0843/element] with body: {"strategy":"xpath","selector":"//android.widget.EditText[@index=6]","context":"","multiple":false}
[debug] &amp#27;[38;5;32m[AndroidUiautomator2Driver@b227 (fe0cd291)]&amp#27;[0m Got response with status 200: {"sessionId":"85989a46-cbdd-4bd4-a501-a859808a0843","value":{"ELEMENT":"00000000-0000-0032-ffff-ffff000000ad","element-6066-11e4-a52e-4f735466cecf":"00000000-0000-0032-ffff-ffff000000ad"}}
[debug] &amp#27;[38;5;32m[AndroidUiautomator2Driver@b227 (fe0cd291)]&amp#27;[0m Responding to client with driver.findElement() result: {"element-6066-11e4-a52e-4f735466cecf":"00000000-0000-0032-ffff-ffff000000ad","ELEMENT":"00000000-0000-0032-ffff-ffff000000ad"}
&amp#27;[38;5;0m[HTTP]&amp#27;[0m &amp#27;[37m<-- POST /session/fe0cd291-8f79-4212-8568-b4785b2dee12/element &amp#27;[39m&amp#27;[32m200&amp#27;[39m &amp#27;[90m524 ms - 137&amp#27;[39m
&amp#27;[38;5;0m[HTTP]&amp#27;[0m &amp#27;[90m&amp#27;[39m
&amp#27;[38;5;0m[HTTP]&amp#27;[0m &amp#27;[37m-->&amp#27;[39m &amp#27;[37mPOST&amp#27;[39m &amp#27;[37m/session/fe0cd291-8f79-4212-8568-b4785b2dee12/element/00000000-0000-0032-ffff-ffff000000ad/value&amp#27;[39m
&amp#27;[38;5;0m[HTTP]&amp#27;[0m &amp#27;[90m{"id":"00000000-0000-0032-ffff-ffff000000ad","text":"vada.deckow@klovenode.com","value":["v","a","d","a",".","d","e","c","k","o","w","@","k","l","o","v","e","n","o","d","e",".","c","o","m"]}&amp#27;[39m
[debug] &amp#27;[38;5;32m[AndroidUiautomator2Driver@b227 (fe0cd291)]&amp#27;[0m Calling AppiumDriver.setValue() with args: [["v","a","d","a",".","d","e","c","k","o","w","@","k","l","o","v","e","n","o","d","e",".","c","o","m"],"00000000-0000-0032-ffff-ffff000000ad","fe0cd291-8f79-4212-8568-b4785b2dee12"]
[debug] &amp#27;[38;5;32m[AndroidUiautomator2Driver@b227 (fe0cd291)]&amp#27;[0m Matched '/element/00000000-0000-0032-ffff-ffff000000ad/value' to command name 'setValue'
[debug] &amp#27;[38;5;32m[AndroidUiautomator2Driver@b227 (fe0cd291)]&amp#27;[0m Added 'value' property ["v","a","d","a",".","d","e","c","k","o","w","@","k","l","o","v","e","n","o","d","e",".","c","o","m"] to 'setValue' request body
[debug] &amp#27;[38;5;32m[AndroidUiautomator2Driver@b227 (fe0cd291)]&amp#27;[0m Proxying [POST /element/00000000-0000-0032-ffff-ffff000000ad/value] to [POST http://127.0.0.1:8200/session/85989a46-cbdd-4bd4-a501-a859808a0843/element/00000000-0000-0032-ffff-ffff000000ad/value] with body: {"elementId":"00000000-0000-0032-ffff-ffff000000ad","text":"vada.deckow@klovenode.com","replace":false,"value":["v","a","d","a",".","d","e","c","k","o","w","@","k","l","o","v","e","n","o","d","e",".","c","o","m"]}
[debug] &amp#27;[38;5;32m[AndroidUiautomator2Driver@b227 (fe0cd291)]&amp#27;[0m Got response with status 200: {"sessionId":"85989a46-cbdd-4bd4-a501-a859808a0843","value":null}
[debug] &amp#27;[38;5;32m[AndroidUiautomator2Driver@b227 (fe0cd291)]&amp#27;[0m Responding to client with driver.setValue() result: null
&amp#27;[38;5;0m[HTTP]&amp#27;[0m &amp#27;[37m<-- POST /session/fe0cd291-8f79-4212-8568-b4785b2dee12/element/00000000-0000-0032-ffff-ffff000000ad/value &amp#27;[39m&amp#27;[32m200&amp#27;[39m &amp#27;[90m14 ms - 14&amp#27;[39m
&amp#27;[38;5;0m[HTTP]&amp#27;[0m &amp#27;[90m&amp#27;[39m
&amp#27;[38;5;0m[HTTP]&amp#27;[0m &amp#27;[37m-->&amp#27;[39m &amp#27;[37mPOST&amp#27;[39m &amp#27;[37m/session/fe0cd291-8f79-4212-8568-b4785b2dee12/element&amp#27;[39m
&amp#27;[38;5;0m[HTTP]&amp#27;[0m &amp#27;[90m{"using":"xpath","value":"//android.widget.EditText[@index=9]"}&amp#27;[39m
[debug] &amp#27;[38;5;32m[AndroidUiautomator2Driver@b227 (fe0cd291)]&amp#27;[0m Calling AppiumDriver.findElement() with args: ["xpath","//android.widget.EditText[@index=9]","fe0cd291-8f79-4212-8568-b4785b2dee12"]
[debug] &amp#27;[38;5;32m[AndroidUiautomator2Driver@b227 (fe0cd291)]&amp#27;[0m Valid locator strategies for this request: xpath, id, class name, accessibility id, css selector, -android uiautomator
[debug] &amp#27;[38;5;32m[AndroidUiautomator2Driver@b227 (fe0cd291)]&amp#27;[0m Waiting up to 10000 ms for condition
[debug] &amp#27;[38;5;32m[AndroidUiautomator2Driver@b227 (fe0cd291)]&amp#27;[0m Matched '/element' to command name 'findElement'
[debug] &amp#27;[38;5;32m[AndroidUiautomator2Driver@b227 (fe0cd291)]&amp#27;[0m Proxying [POST /element] to [POST http://127.0.0.1:8200/session/85989a46-cbdd-4bd4-a501-a859808a0843/element] with body: {"strategy":"xpath","selector":"//android.widget.EditText[@index=9]","context":"","multiple":false}
[debug] &amp#27;[38;5;32m[AndroidUiautomator2Driver@b227 (fe0cd291)]&amp#27;[0m Got response with status 200: {"sessionId":"85989a46-cbdd-4bd4-a501-a859808a0843","value":{"ELEMENT":"00000000-0000-0032-ffff-ffff000000b0","element-6066-11e4-a52e-4f735466cecf":"00000000-0000-0032-ffff-ffff000000b0"}}
[debug] &amp#27;[38;5;32m[AndroidUiautomator2Driver@b227 (fe0cd291)]&amp#27;[0m Responding to client with driver.findElement() result: {"element-6066-11e4-a52e-4f735466cecf":"00000000-0000-0032-ffff-ffff000000b0","ELEMENT":"00000000-0000-0032-ffff-ffff000000b0"}
&amp#27;[38;5;0m[HTTP]&amp#27;[0m &amp#27;[37m<-- POST /session/fe0cd291-8f79-4212-8568-b4785b2dee12/element &amp#27;[39m&amp#27;[32m200&amp#27;[39m &amp#27;[90m992 ms - 137&amp#27;[39m
&amp#27;[38;5;0m[HTTP]&amp#27;[0m &amp#27;[90m&amp#27;[39m
&amp#27;[38;5;0m[HTTP]&amp#27;[0m &amp#27;[37m-->&amp#27;[39m &amp#27;[37mPOST&amp#27;[39m &amp#27;[37m/session/fe0cd291-8f79-4212-8568-b4785b2dee12/element/00000000-0000-0032-ffff-ffff000000b0/value&amp#27;[39m
&amp#27;[38;5;0m[HTTP]&amp#27;[0m &amp#27;[90m{"id":"00000000-0000-0032-ffff-ffff000000b0","text":"08033443048","value":["0","8","0","3","3","4","4","3","0","4","8"]}&amp#27;[39m
[debug] &amp#27;[38;5;32m[AndroidUiautomator2Driver@b227 (fe0cd291)]&amp#27;[0m Calling AppiumDriver.setValue() with args: [["0","8","0","3","3","4","4","3","0","4","8"],"00000000-0000-0032-ffff-ffff000000b0","fe0cd291-8f79-4212-8568-b4785b2dee12"]
[debug] &amp#27;[38;5;32m[AndroidUiautomator2Driver@b227 (fe0cd291)]&amp#27;[0m Matched '/element/00000000-0000-0032-ffff-ffff000000b0/value' to command name 'setValue'
[debug] &amp#27;[38;5;32m[AndroidUiautomator2Driver@b227 (fe0cd291)]&amp#27;[0m Added 'value' property ["0","8","0","3","3","4","4","3","0","4","8"] to 'setValue' request body
[debug] &amp#27;[38;5;32m[AndroidUiautomator2Driver@b227 (fe0cd291)]&amp#27;[0m Proxying [POST /element/00000000-0000-0032-ffff-ffff000000b0/value] to [POST http://127.0.0.1:8200/session/85989a46-cbdd-4bd4-a501-a859808a0843/element/00000000-0000-0032-ffff-ffff000000b0/value] with body: {"elementId":"00000000-0000-0032-ffff-ffff000000b0","text":"08033443048","replace":false,"value":["0","8","0","3","3","4","4","3","0","4","8"]}
[debug] &amp#27;[38;5;32m[AndroidUiautomator2Driver@b227 (fe0cd291)]&amp#27;[0m Got response with status 200: {"sessionId":"85989a46-cbdd-4bd4-a501-a859808a0843","value":null}
[debug] &amp#27;[38;5;32m[AndroidUiautomator2Driver@b227 (fe0cd291)]&amp#27;[0m Responding to client with driver.setValue() result: null
&amp#27;[38;5;0m[HTTP]&amp#27;[0m &amp#27;[37m<-- POST /session/fe0cd291-8f79-4212-8568-b4785b2dee12/element/00000000-0000-0032-ffff-ffff000000b0/value &amp#27;[39m&amp#27;[32m200&amp#27;[39m &amp#27;[90m12 ms - 14&amp#27;[39m
&amp#27;[38;5;0m[HTTP]&amp#27;[0m &amp#27;[90m&amp#27;[39m
&amp#27;[38;5;0m[HTTP]&amp#27;[0m &amp#27;[37m-->&amp#27;[39m &amp#27;[37mPOST&amp#27;[39m &amp#27;[37m/session/fe0cd291-8f79-4212-8568-b4785b2dee12/element&amp#27;[39m
&amp#27;[38;5;0m[HTTP]&amp#27;[0m &amp#27;[90m{"using":"xpath","value":"//android.widget.EditText[@index=12]"}&amp#27;[39m
[debug] &amp#27;[38;5;32m[AndroidUiautomator2Driver@b227 (fe0cd291)]&amp#27;[0m Calling AppiumDriver.findElement() with args: ["xpath","//android.widget.EditText[@index=12]","fe0cd291-8f79-4212-8568-b4785b2dee12"]
[debug] &amp#27;[38;5;32m[AndroidUiautomator2Driver@b227 (fe0cd291)]&amp#27;[0m Valid locator strategies for this request: xpath, id, class name, accessibility id, css selector, -android uiautomator
[debug] &amp#27;[38;5;32m[AndroidUiautomator2Driver@b227 (fe0cd291)]&amp#27;[0m Waiting up to 10000 ms for condition
[debug] &amp#27;[38;5;32m[AndroidUiautomator2Driver@b227 (fe0cd291)]&amp#27;[0m Matched '/element' to command name 'findElement'
[debug] &amp#27;[38;5;32m[AndroidUiautomator2Driver@b227 (fe0cd291)]&amp#27;[0m Proxying [POST /element] to [POST http://127.0.0.1:8200/session/85989a46-cbdd-4bd4-a501-a859808a0843/element] with body: {"strategy":"xpath","selector":"//android.widget.EditText[@index=12]","context":"","multiple":false}
[debug] &amp#27;[38;5;32m[AndroidUiautomator2Driver@b227 (fe0cd291)]&amp#27;[0m Got response with status 200: {"sessionId":"85989a46-cbdd-4bd4-a501-a859808a0843","value":{"ELEMENT":"00000000-0000-0032-ffff-ffff000000b3","element-6066-11e4-a52e-4f735466cecf":"00000000-0000-0032-ffff-ffff000000b3"}}
[debug] &amp#27;[38;5;32m[AndroidUiautomator2Driver@b227 (fe0cd291)]&amp#27;[0m Responding to client with driver.findElement() result: {"element-6066-11e4-a52e-4f735466cecf":"00000000-0000-0032-ffff-ffff000000b3","ELEMENT":"00000000-0000-0032-ffff-ffff000000b3"}
&amp#27;[38;5;0m[HTTP]&amp#27;[0m &amp#27;[37m<-- POST /session/fe0cd291-8f79-4212-8568-b4785b2dee12/element &amp#27;[39m&amp#27;[32m200&amp#27;[39m &amp#27;[90m43 ms - 137&amp#27;[39m
&amp#27;[38;5;0m[HTTP]&amp#27;[0m &amp#27;[90m&amp#27;[39m
&amp#27;[38;5;0m[HTTP]&amp#27;[0m &amp#27;[37m-->&amp#27;[39m &amp#27;[37mPOST&amp#27;[39m &amp#27;[37m/session/fe0cd291-8f79-4212-8568-b4785b2dee12/element/00000000-0000-0032-ffff-ffff000000b3/value&amp#27;[39m
&amp#27;[38;5;0m[HTTP]&amp#27;[0m &amp#27;[90m{"id":"00000000-0000-0032-ffff-ffff000000b3","text":"password","value":["p","a","s","s","w","o","r","d"]}&amp#27;[39m
[debug] &amp#27;[38;5;32m[AndroidUiautomator2Driver@b227 (fe0cd291)]&amp#27;[0m Calling AppiumDriver.setValue() with args: [["p","a","s","s","w","o","r","d"],"00000000-0000-0032-ffff-ffff000000b3","fe0cd291-8f79-4212-8568-b4785b2dee12"]
[debug] &amp#27;[38;5;32m[AndroidUiautomator2Driver@b227 (fe0cd291)]&amp#27;[0m Matched '/element/00000000-0000-0032-ffff-ffff000000b3/value' to command name 'setValue'
[debug] &amp#27;[38;5;32m[AndroidUiautomator2Driver@b227 (fe0cd291)]&amp#27;[0m Added 'value' property ["p","a","s","s","w","o","r","d"] to 'setValue' request body
[debug] &amp#27;[38;5;32m[AndroidUiautomator2Driver@b227 (fe0cd291)]&amp#27;[0m Proxying [POST /element/00000000-0000-0032-ffff-ffff000000b3/value] to [POST http://127.0.0.1:8200/session/85989a46-cbdd-4bd4-a501-a859808a0843/element/00000000-0000-0032-ffff-ffff000000b3/value] with body: {"elementId":"00000000-0000-0032-ffff-ffff000000b3","text":"password","replace":false,"value":["p","a","s","s","w","o","r","d"]}
[debug] &amp#27;[38;5;32m[AndroidUiautomator2Driver@b227 (fe0cd291)]&amp#27;[0m Got response with status 200: {"sessionId":"85989a46-cbdd-4bd4-a501-a859808a0843","value":null}
[debug] &amp#27;[38;5;32m[AndroidUiautomator2Driver@b227 (fe0cd291)]&amp#27;[0m Responding to client with driver.setValue() result: null
&amp#27;[38;5;0m[HTTP]&amp#27;[0m &amp#27;[37m<-- POST /session/fe0cd291-8f79-4212-8568-b4785b2dee12/element/00000000-0000-0032-ffff-ffff000000b3/value &amp#27;[39m&amp#27;[32m200&amp#27;[39m &amp#27;[90m480 ms - 14&amp#27;[39m
&amp#27;[38;5;0m[HTTP]&amp#27;[0m &amp#27;[90m&amp#27;[39m
&amp#27;[38;5;0m[HTTP]&amp#27;[0m &amp#27;[37m-->&amp#27;[39m &amp#27;[37mPOST&amp#27;[39m &amp#27;[37m/session/fe0cd291-8f79-4212-8568-b4785b2dee12/element&amp#27;[39m
&amp#27;[38;5;0m[HTTP]&amp#27;[0m &amp#27;[90m{"using":"xpath","value":"//android.widget.TextView[@text='Register']"}&amp#27;[39m
[debug] &amp#27;[38;5;32m[AndroidUiautomator2Driver@b227 (fe0cd291)]&amp#27;[0m Calling AppiumDriver.findElement() with args: ["xpath","//android.widget.TextView[@text='Register']","fe0cd291-8f79-4212-8568-b4785b2dee12"]
[debug] &amp#27;[38;5;32m[AndroidUiautomator2Driver@b227 (fe0cd291)]&amp#27;[0m Valid locator strategies for this request: xpath, id, class name, accessibility id, css selector, -android uiautomator
[debug] &amp#27;[38;5;32m[AndroidUiautomator2Driver@b227 (fe0cd291)]&amp#27;[0m Waiting up to 10000 ms for condition
[debug] &amp#27;[38;5;32m[AndroidUiautomator2Driver@b227 (fe0cd291)]&amp#27;[0m Matched '/element' to command name 'findElement'
[debug] &amp#27;[38;5;32m[AndroidUiautomator2Driver@b227 (fe0cd291)]&amp#27;[0m Proxying [POST /element] to [POST http://127.0.0.1:8200/session/85989a46-cbdd-4bd4-a501-a859808a0843/element] with body: {"strategy":"xpath","selector":"//android.widget.TextView[@text='Register']","context":"","multiple":false}
[debug] &amp#27;[38;5;32m[AndroidUiautomator2Driver@b227 (fe0cd291)]&amp#27;[0m Got response with status 200: {"sessionId":"85989a46-cbdd-4bd4-a501-a859808a0843","value":{"ELEMENT":"00000000-0000-0032-ffff-ffff000000c0","element-6066-11e4-a52e-4f735466cecf":"00000000-0000-0032-ffff-ffff000000c0"}}
[debug] &amp#27;[38;5;32m[AndroidUiautomator2Driver@b227 (fe0cd291)]&amp#27;[0m Responding to client with driver.findElement() result: {"element-6066-11e4-a52e-4f735466cecf":"00000000-0000-0032-ffff-ffff000000c0","ELEMENT":"00000000-0000-0032-ffff-ffff000000c0"}
&amp#27;[38;5;0m[HTTP]&amp#27;[0m &amp#27;[37m<-- POST /session/fe0cd291-8f79-4212-8568-b4785b2dee12/element &amp#27;[39m&amp#27;[32m200&amp#27;[39m &amp#27;[90m629 ms - 137&amp#27;[39m
&amp#27;[38;5;0m[HTTP]&amp#27;[0m &amp#27;[90m&amp#27;[39m
&amp#27;[38;5;0m[HTTP]&amp#27;[0m &amp#27;[37m-->&amp#27;[39m &amp#27;[37mPOST&amp#27;[39m &amp#27;[37m/session/fe0cd291-8f79-4212-8568-b4785b2dee12/element/00000000-0000-0032-ffff-ffff000000c0/click&amp#27;[39m
&amp#27;[38;5;0m[HTTP]&amp#27;[0m &amp#27;[90m{"id":"00000000-0000-0032-ffff-ffff000000c0"}&amp#27;[39m
[debug] &amp#27;[38;5;32m[AndroidUiautomator2Driver@b227 (fe0cd291)]&amp#27;[0m Calling AppiumDriver.click() with args: ["00000000-0000-0032-ffff-ffff000000c0","fe0cd291-8f79-4212-8568-b4785b2dee12"]
[debug] &amp#27;[38;5;32m[AndroidUiautomator2Driver@b227 (fe0cd291)]&amp#27;[0m Matched '/element/00000000-0000-0032-ffff-ffff000000c0/click' to command name 'click'
[debug] &amp#27;[38;5;32m[AndroidUiautomator2Driver@b227 (fe0cd291)]&amp#27;[0m Proxying [POST /element/00000000-0000-0032-ffff-ffff000000c0/click] to [POST http://127.0.0.1:8200/session/85989a46-cbdd-4bd4-a501-a859808a0843/element/00000000-0000-0032-ffff-ffff000000c0/click] with body: {"element":"00000000-0000-0032-ffff-ffff000000c0"}
[debug] &amp#27;[38;5;32m[AndroidUiautomator2Driver@b227 (fe0cd291)]&amp#27;[0m Got response with status 200: {"sessionId":"85989a46-cbdd-4bd4-a501-a859808a0843","value":null}
[debug] &amp#27;[38;5;32m[AndroidUiautomator2Driver@b227 (fe0cd291)]&amp#27;[0m Responding to client with driver.click() result: null
&amp#27;[38;5;0m[HTTP]&amp#27;[0m &amp#27;[37m<-- POST /session/fe0cd291-8f79-4212-8568-b4785b2dee12/element/00000000-0000-0032-ffff-ffff000000c0/click &amp#27;[39m&amp#27;[32m200&amp#27;[39m &amp#27;[90m44 ms - 14&amp#27;[39m
&amp#27;[38;5;0m[HTTP]&amp#27;[0m &amp#27;[90m&amp#27;[39m
&amp#27;[38;5;0m[HTTP]&amp#27;[0m &amp#27;[37m-->&amp#27;[39m &amp#27;[37mPOST&amp#27;[39m &amp#27;[37m/session/fe0cd291-8f79-4212-8568-b4785b2dee12/element&amp#27;[39m
&amp#27;[38;5;0m[HTTP]&amp#27;[0m &amp#27;[90m{"using":"xpath","value":"//android.widget.TextView[@index=18]"}&amp#27;[39m
[debug] &amp#27;[38;5;32m[AndroidUiautomator2Driver@b227 (fe0cd291)]&amp#27;[0m Calling AppiumDriver.findElement() with args: ["xpath","//android.widget.TextView[@index=18]","fe0cd291-8f79-4212-8568-b4785b2dee12"]
[debug] &amp#27;[38;5;32m[AndroidUiautomator2Driver@b227 (fe0cd291)]&amp#27;[0m Valid locator strategies for this request: xpath, id, class name, accessibility id, css selector, -android uiautomator
[debug] &amp#27;[38;5;32m[AndroidUiautomator2Driver@b227 (fe0cd291)]&amp#27;[0m Waiting up to 10000 ms for condition
[debug] &amp#27;[38;5;32m[AndroidUiautomator2Driver@b227 (fe0cd291)]&amp#27;[0m Matched '/element' to command name 'findElement'
[debug] &amp#27;[38;5;32m[AndroidUiautomator2Driver@b227 (fe0cd291)]&amp#27;[0m Proxying [POST /element] to [POST http://127.0.0.1:8200/session/85989a46-cbdd-4bd4-a501-a859808a0843/element] with body: {"strategy":"xpath","selector":"//android.widget.TextView[@index=18]","context":"","multiple":false}
[debug] &amp#27;[38;5;32m[AndroidUiautomator2Driver@b227 (fe0cd291)]&amp#27;[0m Got response with status 200: {"sessionId":"85989a46-cbdd-4bd4-a501-a859808a0843","value":{"ELEMENT":"00000000-0000-0032-ffff-ffff000000b8","element-6066-11e4-a52e-4f735466cecf":"00000000-0000-0032-ffff-ffff000000b8"}}
[debug] &amp#27;[38;5;32m[AndroidUiautomator2Driver@b227 (fe0cd291)]&amp#27;[0m Responding to client with driver.findElement() result: {"element-6066-11e4-a52e-4f735466cecf":"00000000-0000-0032-ffff-ffff000000b8","ELEMENT":"00000000-0000-0032-ffff-ffff000000b8"}
&amp#27;[38;5;0m[HTTP]&amp#27;[0m &amp#27;[37m<-- POST /session/fe0cd291-8f79-4212-8568-b4785b2dee12/element &amp#27;[39m&amp#27;[32m200&amp#27;[39m &amp#27;[90m33 ms - 137&amp#27;[39m
&amp#27;[38;5;0m[HTTP]&amp#27;[0m &amp#27;[90m&amp#27;[39m
&amp#27;[38;5;0m[HTTP]&amp#27;[0m &amp#27;[37m-->&amp#27;[39m &amp#27;[37mPOST&amp#27;[39m &amp#27;[37m/session/fe0cd291-8f79-4212-8568-b4785b2dee12/element/00000000-0000-0032-ffff-ffff000000b8/click&amp#27;[39m
&amp#27;[38;5;0m[HTTP]&amp#27;[0m &amp#27;[90m{"id":"00000000-0000-0032-ffff-ffff000000b8"}&amp#27;[39m
[debug] &amp#27;[38;5;32m[AndroidUiautomator2Driver@b227 (fe0cd291)]&amp#27;[0m Calling AppiumDriver.click() with args: ["00000000-0000-0032-ffff-ffff000000b8","fe0cd291-8f79-4212-8568-b4785b2dee12"]
[debug] &amp#27;[38;5;32m[AndroidUiautomator2Driver@b227 (fe0cd291)]&amp#27;[0m Matched '/element/00000000-0000-0032-ffff-ffff000000b8/click' to command name 'click'
[debug] &amp#27;[38;5;32m[AndroidUiautomator2Driver@b227 (fe0cd291)]&amp#27;[0m Proxying [POST /element/00000000-0000-0032-ffff-ffff000000b8/click] to [POST http://127.0.0.1:8200/session/85989a46-cbdd-4bd4-a501-a859808a0843/element/00000000-0000-0032-ffff-ffff000000b8/click] with body: {"element":"00000000-0000-0032-ffff-ffff000000b8"}
[debug] &amp#27;[38;5;32m[AndroidUiautomator2Driver@b227 (fe0cd291)]&amp#27;[0m Got response with status 200: {"sessionId":"85989a46-cbdd-4bd4-a501-a859808a0843","value":null}
[debug] &amp#27;[38;5;32m[AndroidUiautomator2Driver@b227 (fe0cd291)]&amp#27;[0m Responding to client with driver.click() result: null
&amp#27;[38;5;0m[HTTP]&amp#27;[0m &amp#27;[37m<-- POST /session/fe0cd291-8f79-4212-8568-b4785b2dee12/element/00000000-0000-0032-ffff-ffff000000b8/click &amp#27;[39m&amp#27;[32m200&amp#27;[39m &amp#27;[90m48 ms - 14&amp#27;[39m
&amp#27;[38;5;0m[HTTP]&amp#27;[0m &amp#27;[90m&amp#27;[39m
&amp#27;[38;5;0m[HTTP]&amp#27;[0m &amp#27;[37m-->&amp#27;[39m &amp#27;[37mPOST&amp#27;[39m &amp#27;[37m/session/fe0cd291-8f79-4212-8568-b4785b2dee12/element&amp#27;[39m
&amp#27;[38;5;0m[HTTP]&amp#27;[0m &amp#27;[90m{"using":"xpath","value":"//android.widget.TextView[@text='Register']"}&amp#27;[39m
[debug] &amp#27;[38;5;32m[AndroidUiautomator2Driver@b227 (fe0cd291)]&amp#27;[0m Calling AppiumDriver.findElement() with args: ["xpath","//android.widget.TextView[@text='Register']","fe0cd291-8f79-4212-8568-b4785b2dee12"]
[debug] &amp#27;[38;5;32m[AndroidUiautomator2Driver@b227 (fe0cd291)]&amp#27;[0m Valid locator strategies for this request: xpath, id, class name, accessibility id, css selector, -android uiautomator
[debug] &amp#27;[38;5;32m[AndroidUiautomator2Driver@b227 (fe0cd291)]&amp#27;[0m Waiting up to 10000 ms for condition
[debug] &amp#27;[38;5;32m[AndroidUiautomator2Driver@b227 (fe0cd291)]&amp#27;[0m Matched '/element' to command name 'findElement'
[debug] &amp#27;[38;5;32m[AndroidUiautomator2Driver@b227 (fe0cd291)]&amp#27;[0m Proxying [POST /element] to [POST http://127.0.0.1:8200/session/85989a46-cbdd-4bd4-a501-a859808a0843/element] with body: {"strategy":"xpath","selector":"//android.widget.TextView[@text='Register']","context":"","multiple":false}
[debug] &amp#27;[38;5;32m[AndroidUiautomator2Driver@b227 (fe0cd291)]&amp#27;[0m Got response with status 200: {"sessionId":"85989a46-cbdd-4bd4-a501-a859808a0843","value":{"ELEMENT":"00000000-0000-0032-ffff-ffff000000c0","element-6066-11e4-a52e-4f735466cecf":"00000000-0000-0032-ffff-ffff000000c0"}}
[debug] &amp#27;[38;5;32m[AndroidUiautomator2Driver@b227 (fe0cd291)]&amp#27;[0m Responding to client with driver.findElement() result: {"element-6066-11e4-a52e-4f735466cecf":"00000000-0000-0032-ffff-ffff000000c0","ELEMENT":"00000000-0000-0032-ffff-ffff000000c0"}
&amp#27;[38;5;0m[HTTP]&amp#27;[0m &amp#27;[37m<-- POST /session/fe0cd291-8f79-4212-8568-b4785b2dee12/element &amp#27;[39m&amp#27;[32m200&amp#27;[39m &amp#27;[90m33 ms - 137&amp#27;[39m
&amp#27;[38;5;0m[HTTP]&amp#27;[0m &amp#27;[90m&amp#27;[39m
&amp#27;[38;5;0m[HTTP]&amp#27;[0m &amp#27;[37m-->&amp#27;[39m &amp#27;[37mPOST&amp#27;[39m &amp#27;[37m/session/fe0cd291-8f79-4212-8568-b4785b2dee12/element/00000000-0000-0032-ffff-ffff000000c0/click&amp#27;[39m
&amp#27;[38;5;0m[HTTP]&amp#27;[0m &amp#27;[90m{"id":"00000000-0000-0032-ffff-ffff000000c0"}&amp#27;[39m
[debug] &amp#27;[38;5;32m[AndroidUiautomator2Driver@b227 (fe0cd291)]&amp#27;[0m Calling AppiumDriver.click() with args: ["00000000-0000-0032-ffff-ffff000000c0","fe0cd291-8f79-4212-8568-b4785b2dee12"]
[debug] &amp#27;[38;5;32m[AndroidUiautomator2Driver@b227 (fe0cd291)]&amp#27;[0m Matched '/element/00000000-0000-0032-ffff-ffff000000c0/click' to command name 'click'
[debug] &amp#27;[38;5;32m[AndroidUiautomator2Driver@b227 (fe0cd291)]&amp#27;[0m Proxying [POST /element/00000000-0000-0032-ffff-ffff000000c0/click] to [POST http://127.0.0.1:8200/session/85989a46-cbdd-4bd4-a501-a859808a0843/element/00000000-0000-0032-ffff-ffff000000c0/click] with body: {"element":"00000000-0000-0032-ffff-ffff000000c0"}
[debug] &amp#27;[38;5;32m[AndroidUiautomator2Driver@b227 (fe0cd291)]&amp#27;[0m Got response with status 200: {"sessionId":"85989a46-cbdd-4bd4-a501-a859808a0843","value":null}
[debug] &amp#27;[38;5;32m[AndroidUiautomator2Driver@b227 (fe0cd291)]&amp#27;[0m Responding to client with driver.click() result: null
&amp#27;[38;5;0m[HTTP]&amp#27;[0m &amp#27;[37m<-- POST /session/fe0cd291-8f79-4212-8568-b4785b2dee12/element/00000000-0000-0032-ffff-ffff000000c0/click &amp#27;[39m&amp#27;[32m200&amp#27;[39m &amp#27;[90m43 ms - 14&amp#27;[39m
&amp#27;[38;5;0m[HTTP]&amp#27;[0m &amp#27;[90m&amp#27;[39m
&amp#27;[38;5;0m[HTTP]&amp#27;[0m &amp#27;[37m-->&amp#27;[39m &amp#27;[37mPOST&amp#27;[39m &amp#27;[37m/session/fe0cd291-8f79-4212-8568-b4785b2dee12/element&amp#27;[39m
&amp#27;[38;5;0m[HTTP]&amp#27;[0m &amp#27;[90m{"using":"xpath","value":"//android.widget.TextView[@index=7]"}&amp#27;[39m
[debug] &amp#27;[38;5;32m[AndroidUiautomator2Driver@b227 (fe0cd291)]&amp#27;[0m Calling AppiumDriver.findElement() with args: ["xpath","//android.widget.TextView[@index=7]","fe0cd291-8f79-4212-8568-b4785b2dee12"]
[debug] &amp#27;[38;5;32m[AndroidUiautomator2Driver@b227 (fe0cd291)]&amp#27;[0m Valid locator strategies for this request: xpath, id, class name, accessibility id, css selector, -android uiautomator
[debug] &amp#27;[38;5;32m[AndroidUiautomator2Driver@b227 (fe0cd291)]&amp#27;[0m Waiting up to 10000 ms for condition
[debug] &amp#27;[38;5;32m[AndroidUiautomator2Driver@b227 (fe0cd291)]&amp#27;[0m Matched '/element' to command name 'findElement'
[debug] &amp#27;[38;5;32m[AndroidUiautomator2Driver@b227 (fe0cd291)]&amp#27;[0m Proxying [POST /element] to [POST http://127.0.0.1:8200/session/85989a46-cbdd-4bd4-a501-a859808a0843/element] with body: {"strategy":"xpath","selector":"//android.widget.TextView[@index=7]","context":"","multiple":false}
[debug] &amp#27;[38;5;32m[AndroidUiautomator2Driver@b227 (fe0cd291)]&amp#27;[0m Got response with status 200: {"sessionId":"85989a46-cbdd-4bd4-a501-a859808a0843","value":{"ELEMENT":"00000000-0000-0032-ffff-ffff000000ae","element-6066-11e4-a52e-4f735466cecf":"00000000-0000-0032-ffff-ffff000000ae"}}
[debug] &amp#27;[38;5;32m[AndroidUiautomator2Driver@b227 (fe0cd291)]&amp#27;[0m Responding to client with driver.findElement() result: {"element-6066-11e4-a52e-4f735466cecf":"00000000-0000-0032-ffff-ffff000000ae","ELEMENT":"00000000-0000-0032-ffff-ffff000000ae"}
&amp#27;[38;5;0m[HTTP]&amp#27;[0m &amp#27;[37m<-- POST /session/fe0cd291-8f79-4212-8568-b4785b2dee12/element &amp#27;[39m&amp#27;[32m200&amp#27;[39m &amp#27;[90m46 ms - 137&amp#27;[39m
&amp#27;[38;5;0m[HTTP]&amp#27;[0m &amp#27;[90m&amp#27;[39m
&amp#27;[38;5;0m[HTTP]&amp#27;[0m &amp#27;[37m-->&amp#27;[39m &amp#27;[37mPOST&amp#27;[39m &amp#27;[37m/session/fe0cd291-8f79-4212-8568-b4785b2dee12/element&amp#27;[39m
&amp#27;[38;5;0m[HTTP]&amp#27;[0m &amp#27;[90m{"using":"xpath","value":"//android.widget.TextView[@index=7]"}&amp#27;[39m
[debug] &amp#27;[38;5;32m[AndroidUiautomator2Driver@b227 (fe0cd291)]&amp#27;[0m Calling AppiumDriver.findElement() with args: ["xpath","//android.widget.TextView[@index=7]","fe0cd291-8f79-4212-8568-b4785b2dee12"]
[debug] &amp#27;[38;5;32m[AndroidUiautomator2Driver@b227 (fe0cd291)]&amp#27;[0m Valid locator strategies for this request: xpath, id, class name, accessibility id, css selector, -android uiautomator
[debug] &amp#27;[38;5;32m[AndroidUiautomator2Driver@b227 (fe0cd291)]&amp#27;[0m Waiting up to 10000 ms for condition
[debug] &amp#27;[38;5;32m[AndroidUiautomator2Driver@b227 (fe0cd291)]&amp#27;[0m Matched '/element' to command name 'findElement'
[debug] &amp#27;[38;5;32m[AndroidUiautomator2Driver@b227 (fe0cd291)]&amp#27;[0m Proxying [POST /element] to [POST http://127.0.0.1:8200/session/85989a46-cbdd-4bd4-a501-a859808a0843/element] with body: {"strategy":"xpath","selector":"//android.widget.TextView[@index=7]","context":"","multiple":false}
[debug] &amp#27;[38;5;32m[AndroidUiautomator2Driver@b227 (fe0cd291)]&amp#27;[0m Got response with status 200: {"sessionId":"85989a46-cbdd-4bd4-a501-a859808a0843","value":{"ELEMENT":"00000000-0000-0032-ffff-ffff000000ae","element-6066-11e4-a52e-4f735466cecf":"00000000-0000-0032-ffff-ffff000000ae"}}
[debug] &amp#27;[38;5;32m[AndroidUiautomator2Driver@b227 (fe0cd291)]&amp#27;[0m Responding to client with driver.findElement() result: {"element-6066-11e4-a52e-4f735466cecf":"00000000-0000-0032-ffff-ffff000000ae","ELEMENT":"00000000-0000-0032-ffff-ffff000000ae"}
&amp#27;[38;5;0m[HTTP]&amp#27;[0m &amp#27;[37m<-- POST /session/fe0cd291-8f79-4212-8568-b4785b2dee12/element &amp#27;[39m&amp#27;[32m200&amp#27;[39m &amp#27;[90m596 ms - 137&amp#27;[39m
&amp#27;[38;5;0m[HTTP]&amp#27;[0m &amp#27;[90m&amp#27;[39m
&amp#27;[38;5;0m[HTTP]&amp#27;[0m &amp#27;[37m-->&amp#27;[39m &amp#27;[37mGET&amp#27;[39m &amp#27;[37m/session/fe0cd291-8f79-4212-8568-b4785b2dee12/element/00000000-0000-0032-ffff-ffff000000ae/text&amp#27;[39m
&amp#27;[38;5;0m[HTTP]&amp#27;[0m &amp#27;[90m{}&amp#27;[39m
&amp#27;[38;5;32m[AndroidUiautomator2Driver@b227 (fe0cd291)]&amp#27;[0m Driver proxy active, passing request on via HTTP proxy
[debug] &amp#27;[38;5;32m[AndroidUiautomator2Driver@b227 (fe0cd291)]&amp#27;[0m Matched '/session/fe0cd291-8f79-4212-8568-b4785b2dee12/element/00000000-0000-0032-ffff-ffff000000ae/text' to command name 'getText'
[debug] &amp#27;[38;5;32m[AndroidUiautomator2Driver@b227 (fe0cd291)]&amp#27;[0m Proxying [GET /session/fe0cd291-8f79-4212-8568-b4785b2dee12/element/00000000-0000-0032-ffff-ffff000000ae/text] to [GET http://127.0.0.1:8200/session/85989a46-cbdd-4bd4-a501-a859808a0843/element/00000000-0000-0032-ffff-ffff000000ae/text] with no body
[debug] &amp#27;[38;5;32m[AndroidUiautomator2Driver@b227 (fe0cd291)]&amp#27;[0m Got response with status 200: {"sessionId":"85989a46-cbdd-4bd4-a501-a859808a0843","value":"This domain is not supported on Quickteller. Kindly use another email address"}
&amp#27;[38;5;32m[AndroidUiautomator2Driver@b227 (fe0cd291)]&amp#27;[0m Replacing sessionId 85989a46-cbdd-4bd4-a501-a859808a0843 with fe0cd291-8f79-4212-8568-b4785b2dee12
&amp#27;[38;5;0m[HTTP]&amp#27;[0m &amp#27;[37m<-- GET /session/fe0cd291-8f79-4212-8568-b4785b2dee12/element/00000000-0000-0032-ffff-ffff000000ae/text &amp#27;[39m&amp#27;[32m200&amp#27;[39m &amp#27;[90m7 ms - 140&amp#27;[39m
&amp#27;[38;5;0m[HTTP]&amp#27;[0m &amp#27;[90m&amp#27;[39m
]]></system-out>
  </testcase>
  <testcase name="Testcase_One[drowblock.com](4)" classname="testcases.Android.DisposableDomain_QTM_2874" time="8.249">
    <system-out><![CDATA[&amp#27;[38;5;0m[HTTP]&amp#27;[0m &amp#27;[37m-->&amp#27;[39m &amp#27;[37mPOST&amp#27;[39m &amp#27;[37m/session/fe0cd291-8f79-4212-8568-b4785b2dee12/element&amp#27;[39m
&amp#27;[38;5;0m[HTTP]&amp#27;[0m &amp#27;[90m{"using":"xpath","value":"//android.widget.TextView[@index=0]"}&amp#27;[39m
[debug] &amp#27;[38;5;32m[AndroidUiautomator2Driver@b227 (fe0cd291)]&amp#27;[0m Calling AppiumDriver.findElement() with args: ["xpath","//android.widget.TextView[@index=0]","fe0cd291-8f79-4212-8568-b4785b2dee12"]
[debug] &amp#27;[38;5;32m[AndroidUiautomator2Driver@b227 (fe0cd291)]&amp#27;[0m Valid locator strategies for this request: xpath, id, class name, accessibility id, css selector, -android uiautomator
[debug] &amp#27;[38;5;32m[AndroidUiautomator2Driver@b227 (fe0cd291)]&amp#27;[0m Waiting up to 10000 ms for condition
[debug] &amp#27;[38;5;32m[AndroidUiautomator2Driver@b227 (fe0cd291)]&amp#27;[0m Matched '/element' to command name 'findElement'
[debug] &amp#27;[38;5;32m[AndroidUiautomator2Driver@b227 (fe0cd291)]&amp#27;[0m Proxying [POST /element] to [POST http://127.0.0.1:8200/session/85989a46-cbdd-4bd4-a501-a859808a0843/element] with body: {"strategy":"xpath","selector":"//android.widget.TextView[@index=0]","context":"","multiple":false}
[debug] &amp#27;[38;5;32m[AndroidUiautomator2Driver@b227 (fe0cd291)]&amp#27;[0m Got response with status 200: {"sessionId":"85989a46-cbdd-4bd4-a501-a859808a0843","value":{"ELEMENT":"00000000-0000-0032-ffff-ffff000000a2","element-6066-11e4-a52e-4f735466cecf":"00000000-0000-0032-ffff-ffff000000a2"}}
[debug] &amp#27;[38;5;32m[AndroidUiautomator2Driver@b227 (fe0cd291)]&amp#27;[0m Responding to client with driver.findElement() result: {"element-6066-11e4-a52e-4f735466cecf":"00000000-0000-0032-ffff-ffff000000a2","ELEMENT":"00000000-0000-0032-ffff-ffff000000a2"}
&amp#27;[38;5;0m[HTTP]&amp#27;[0m &amp#27;[37m<-- POST /session/fe0cd291-8f79-4212-8568-b4785b2dee12/element &amp#27;[39m&amp#27;[32m200&amp#27;[39m &amp#27;[90m35 ms - 137&amp#27;[39m
&amp#27;[38;5;0m[HTTP]&amp#27;[0m &amp#27;[90m&amp#27;[39m
&amp#27;[38;5;0m[HTTP]&amp#27;[0m &amp#27;[37m-->&amp#27;[39m &amp#27;[37mPOST&amp#27;[39m &amp#27;[37m/session/fe0cd291-8f79-4212-8568-b4785b2dee12/element/00000000-0000-0032-ffff-ffff000000a2/click&amp#27;[39m
&amp#27;[38;5;0m[HTTP]&amp#27;[0m &amp#27;[90m{"id":"00000000-0000-0032-ffff-ffff000000a2"}&amp#27;[39m
[debug] &amp#27;[38;5;32m[AndroidUiautomator2Driver@b227 (fe0cd291)]&amp#27;[0m Calling AppiumDriver.click() with args: ["00000000-0000-0032-ffff-ffff000000a2","fe0cd291-8f79-4212-8568-b4785b2dee12"]
[debug] &amp#27;[38;5;32m[AndroidUiautomator2Driver@b227 (fe0cd291)]&amp#27;[0m Matched '/element/00000000-0000-0032-ffff-ffff000000a2/click' to command name 'click'
[debug] &amp#27;[38;5;32m[AndroidUiautomator2Driver@b227 (fe0cd291)]&amp#27;[0m Proxying [POST /element/00000000-0000-0032-ffff-ffff000000a2/click] to [POST http://127.0.0.1:8200/session/85989a46-cbdd-4bd4-a501-a859808a0843/element/00000000-0000-0032-ffff-ffff000000a2/click] with body: {"element":"00000000-0000-0032-ffff-ffff000000a2"}
[debug] &amp#27;[38;5;32m[AndroidUiautomator2Driver@b227 (fe0cd291)]&amp#27;[0m Got response with status 200: {"sessionId":"85989a46-cbdd-4bd4-a501-a859808a0843","value":null}
[debug] &amp#27;[38;5;32m[AndroidUiautomator2Driver@b227 (fe0cd291)]&amp#27;[0m Responding to client with driver.click() result: null
&amp#27;[38;5;0m[HTTP]&amp#27;[0m &amp#27;[37m<-- POST /session/fe0cd291-8f79-4212-8568-b4785b2dee12/element/00000000-0000-0032-ffff-ffff000000a2/click &amp#27;[39m&amp#27;[32m200&amp#27;[39m &amp#27;[90m61 ms - 14&amp#27;[39m
&amp#27;[38;5;0m[HTTP]&amp#27;[0m &amp#27;[90m&amp#27;[39m
&amp#27;[38;5;0m[HTTP]&amp#27;[0m &amp#27;[37m-->&amp#27;[39m &amp#27;[37mPOST&amp#27;[39m &amp#27;[37m/session/fe0cd291-8f79-4212-8568-b4785b2dee12/timeouts&amp#27;[39m
&amp#27;[38;5;0m[HTTP]&amp#27;[0m &amp#27;[90m{"implicit":6000}&amp#27;[39m
[debug] &amp#27;[38;5;32m[AndroidUiautomator2Driver@b227 (fe0cd291)]&amp#27;[0m Calling AppiumDriver.timeouts() with args: [null,null,null,null,6000,"fe0cd291-8f79-4212-8568-b4785b2dee12"]
[debug] &amp#27;[38;5;32m[AndroidUiautomator2Driver@b227 (fe0cd291)]&amp#27;[0m W3C timeout argument: {"implicit":6000}}
[debug] &amp#27;[38;5;32m[AndroidUiautomator2Driver@b227 (fe0cd291)]&amp#27;[0m Set implicit wait to 6000ms
[debug] &amp#27;[38;5;32m[AndroidUiautomator2Driver@b227 (fe0cd291)]&amp#27;[0m Responding to client with driver.timeouts() result: null
&amp#27;[38;5;0m[HTTP]&amp#27;[0m &amp#27;[37m<-- POST /session/fe0cd291-8f79-4212-8568-b4785b2dee12/timeouts &amp#27;[39m&amp#27;[32m200&amp#27;[39m &amp#27;[90m1 ms - 14&amp#27;[39m
&amp#27;[38;5;0m[HTTP]&amp#27;[0m &amp#27;[90m&amp#27;[39m
&amp#27;[38;5;0m[HTTP]&amp#27;[0m &amp#27;[37m-->&amp#27;[39m &amp#27;[37mPOST&amp#27;[39m &amp#27;[37m/session/fe0cd291-8f79-4212-8568-b4785b2dee12/element&amp#27;[39m
&amp#27;[38;5;0m[HTTP]&amp#27;[0m &amp#27;[90m{"using":"xpath","value":"//android.widget.Button[@text='Allow']"}&amp#27;[39m
[debug] &amp#27;[38;5;32m[AndroidUiautomator2Driver@b227 (fe0cd291)]&amp#27;[0m Calling AppiumDriver.findElement() with args: ["xpath","//android.widget.Button[@text='Allow']","fe0cd291-8f79-4212-8568-b4785b2dee12"]
[debug] &amp#27;[38;5;32m[AndroidUiautomator2Driver@b227 (fe0cd291)]&amp#27;[0m Valid locator strategies for this request: xpath, id, class name, accessibility id, css selector, -android uiautomator
[debug] &amp#27;[38;5;32m[AndroidUiautomator2Driver@b227 (fe0cd291)]&amp#27;[0m Waiting up to 6000 ms for condition
[debug] &amp#27;[38;5;32m[AndroidUiautomator2Driver@b227 (fe0cd291)]&amp#27;[0m Matched '/element' to command name 'findElement'
[debug] &amp#27;[38;5;32m[AndroidUiautomator2Driver@b227 (fe0cd291)]&amp#27;[0m Proxying [POST /element] to [POST http://127.0.0.1:8200/session/85989a46-cbdd-4bd4-a501-a859808a0843/element] with body: {"strategy":"xpath","selector":"//android.widget.Button[@text='Allow']","context":"","multiple":false}
&amp#27;[38;5;32m[AndroidUiautomator2Driver@b227 (fe0cd291)]&amp#27;[0m Got response with status 404: {"sessionId":"85989a46-cbdd-4bd4-a501-a859808a0843","value":{"error":"no such element","message":"An element could not be located on the page using the given search parameters","stacktrace":"io.appium.uiautomator2.common.exceptions.ElementNotFoundException: An element could not be located on the page using the given search parameters\n\tat io.appium.uiautomator2.utils.ElementLocationHelpers.findElement(ElementLocationHelpers.java:156)\n\tat io.appium.uiautomator2.handler.FindElement.safeHandle(FindElement.java:60)\n\tat io.appium.uiautomator2.handler.request.SafeRequestHandler.handle(SafeRequestHandler.java:59)\n\tat io.appium.uiautomator2.server.AppiumServlet.handleRequest(AppiumServlet.java:277)\n\tat io.appium.uiautomator2.server.AppiumServlet.handleHttpRequest(AppiumServlet.java:271)\n\tat io.appium.uiautomator2.http.ServerHandler.channelRead(ServerHandler.java:68)\n\tat io.netty.channel.AbstractChannelHandlerContext.invokeChannelRead(AbstractChannelHandlerContext.java:366)\n\tat io.netty.channel.Abstr...
[debug] &amp#27;[38;5;128m[W3C]&amp#27;[0m Matched W3C error code 'no such element' to NoSuchElementError
[debug] &amp#27;[38;5;32m[AndroidUiautomator2Driver@b227 (fe0cd291)]&amp#27;[0m Waited for 958 ms so far
[debug] &amp#27;[38;5;32m[AndroidUiautomator2Driver@b227 (fe0cd291)]&amp#27;[0m Matched '/element' to command name 'findElement'
[debug] &amp#27;[38;5;32m[AndroidUiautomator2Driver@b227 (fe0cd291)]&amp#27;[0m Proxying [POST /element] to [POST http://127.0.0.1:8200/session/85989a46-cbdd-4bd4-a501-a859808a0843/element] with body: {"strategy":"xpath","selector":"//android.widget.Button[@text='Allow']","context":"","multiple":false}
&amp#27;[38;5;32m[AndroidUiautomator2Driver@b227 (fe0cd291)]&amp#27;[0m Got response with status 404: {"sessionId":"85989a46-cbdd-4bd4-a501-a859808a0843","value":{"error":"no such element","message":"An element could not be located on the page using the given search parameters","stacktrace":"io.appium.uiautomator2.common.exceptions.ElementNotFoundException: An element could not be located on the page using the given search parameters\n\tat io.appium.uiautomator2.utils.ElementLocationHelpers.findElement(ElementLocationHelpers.java:156)\n\tat io.appium.uiautomator2.handler.FindElement.safeHandle(FindElement.java:60)\n\tat io.appium.uiautomator2.handler.request.SafeRequestHandler.handle(SafeRequestHandler.java:59)\n\tat io.appium.uiautomator2.server.AppiumServlet.handleRequest(AppiumServlet.java:277)\n\tat io.appium.uiautomator2.server.AppiumServlet.handleHttpRequest(AppiumServlet.java:271)\n\tat io.appium.uiautomator2.http.ServerHandler.channelRead(ServerHandler.java:68)\n\tat io.netty.channel.AbstractChannelHandlerContext.invokeChannelRead(AbstractChannelHandlerContext.java:366)\n\tat io.netty.channel.Abstr...
[debug] &amp#27;[38;5;128m[W3C]&amp#27;[0m Matched W3C error code 'no such element' to NoSuchElementError
[debug] &amp#27;[38;5;32m[AndroidUiautomator2Driver@b227 (fe0cd291)]&amp#27;[0m Waited for 1490 ms so far
[debug] &amp#27;[38;5;32m[AndroidUiautomator2Driver@b227 (fe0cd291)]&amp#27;[0m Matched '/element' to command name 'findElement'
[debug] &amp#27;[38;5;32m[AndroidUiautomator2Driver@b227 (fe0cd291)]&amp#27;[0m Proxying [POST /element] to [POST http://127.0.0.1:8200/session/85989a46-cbdd-4bd4-a501-a859808a0843/element] with body: {"strategy":"xpath","selector":"//android.widget.Button[@text='Allow']","context":"","multiple":false}
&amp#27;[38;5;32m[AndroidUiautomator2Driver@b227 (fe0cd291)]&amp#27;[0m Got response with status 404: {"sessionId":"85989a46-cbdd-4bd4-a501-a859808a0843","value":{"error":"no such element","message":"An element could not be located on the page using the given search parameters","stacktrace":"io.appium.uiautomator2.common.exceptions.ElementNotFoundException: An element could not be located on the page using the given search parameters\n\tat io.appium.uiautomator2.utils.ElementLocationHelpers.findElement(ElementLocationHelpers.java:156)\n\tat io.appium.uiautomator2.handler.FindElement.safeHandle(FindElement.java:60)\n\tat io.appium.uiautomator2.handler.request.SafeRequestHandler.handle(SafeRequestHandler.java:59)\n\tat io.appium.uiautomator2.server.AppiumServlet.handleRequest(AppiumServlet.java:277)\n\tat io.appium.uiautomator2.server.AppiumServlet.handleHttpRequest(AppiumServlet.java:271)\n\tat io.appium.uiautomator2.http.ServerHandler.channelRead(ServerHandler.java:68)\n\tat io.netty.channel.AbstractChannelHandlerContext.invokeChannelRead(AbstractChannelHandlerContext.java:366)\n\tat io.netty.channel.Abstr...
[debug] &amp#27;[38;5;128m[W3C]&amp#27;[0m Matched W3C error code 'no such element' to NoSuchElementError
[debug] &amp#27;[38;5;32m[AndroidUiautomator2Driver@b227 (fe0cd291)]&amp#27;[0m Waited for 2025 ms so far
[debug] &amp#27;[38;5;32m[AndroidUiautomator2Driver@b227 (fe0cd291)]&amp#27;[0m Matched '/element' to command name 'findElement'
[debug] &amp#27;[38;5;32m[AndroidUiautomator2Driver@b227 (fe0cd291)]&amp#27;[0m Proxying [POST /element] to [POST http://127.0.0.1:8200/session/85989a46-cbdd-4bd4-a501-a859808a0843/element] with body: {"strategy":"xpath","selector":"//android.widget.Button[@text='Allow']","context":"","multiple":false}
&amp#27;[38;5;32m[AndroidUiautomator2Driver@b227 (fe0cd291)]&amp#27;[0m Got response with status 404: {"sessionId":"85989a46-cbdd-4bd4-a501-a859808a0843","value":{"error":"no such element","message":"An element could not be located on the page using the given search parameters","stacktrace":"io.appium.uiautomator2.common.exceptions.ElementNotFoundException: An element could not be located on the page using the given search parameters\n\tat io.appium.uiautomator2.utils.ElementLocationHelpers.findElement(ElementLocationHelpers.java:156)\n\tat io.appium.uiautomator2.handler.FindElement.safeHandle(FindElement.java:60)\n\tat io.appium.uiautomator2.handler.request.SafeRequestHandler.handle(SafeRequestHandler.java:59)\n\tat io.appium.uiautomator2.server.AppiumServlet.handleRequest(AppiumServlet.java:277)\n\tat io.appium.uiautomator2.server.AppiumServlet.handleHttpRequest(AppiumServlet.java:271)\n\tat io.appium.uiautomator2.http.ServerHandler.channelRead(ServerHandler.java:68)\n\tat io.netty.channel.AbstractChannelHandlerContext.invokeChannelRead(AbstractChannelHandlerContext.java:366)\n\tat io.netty.channel.Abstr...
[debug] &amp#27;[38;5;128m[W3C]&amp#27;[0m Matched W3C error code 'no such element' to NoSuchElementError
[debug] &amp#27;[38;5;32m[AndroidUiautomator2Driver@b227 (fe0cd291)]&amp#27;[0m Waited for 2562 ms so far
[debug] &amp#27;[38;5;32m[AndroidUiautomator2Driver@b227 (fe0cd291)]&amp#27;[0m Matched '/element' to command name 'findElement'
[debug] &amp#27;[38;5;32m[AndroidUiautomator2Driver@b227 (fe0cd291)]&amp#27;[0m Proxying [POST /element] to [POST http://127.0.0.1:8200/session/85989a46-cbdd-4bd4-a501-a859808a0843/element] with body: {"strategy":"xpath","selector":"//android.widget.Button[@text='Allow']","context":"","multiple":false}
&amp#27;[38;5;32m[AndroidUiautomator2Driver@b227 (fe0cd291)]&amp#27;[0m Got response with status 404: {"sessionId":"85989a46-cbdd-4bd4-a501-a859808a0843","value":{"error":"no such element","message":"An element could not be located on the page using the given search parameters","stacktrace":"io.appium.uiautomator2.common.exceptions.ElementNotFoundException: An element could not be located on the page using the given search parameters\n\tat io.appium.uiautomator2.utils.ElementLocationHelpers.findElement(ElementLocationHelpers.java:156)\n\tat io.appium.uiautomator2.handler.FindElement.safeHandle(FindElement.java:60)\n\tat io.appium.uiautomator2.handler.request.SafeRequestHandler.handle(SafeRequestHandler.java:59)\n\tat io.appium.uiautomator2.server.AppiumServlet.handleRequest(AppiumServlet.java:277)\n\tat io.appium.uiautomator2.server.AppiumServlet.handleHttpRequest(AppiumServlet.java:271)\n\tat io.appium.uiautomator2.http.ServerHandler.channelRead(ServerHandler.java:68)\n\tat io.netty.channel.AbstractChannelHandlerContext.invokeChannelRead(AbstractChannelHandlerContext.java:366)\n\tat io.netty.channel.Abstr...
[debug] &amp#27;[38;5;128m[W3C]&amp#27;[0m Matched W3C error code 'no such element' to NoSuchElementError
[debug] &amp#27;[38;5;32m[AndroidUiautomator2Driver@b227 (fe0cd291)]&amp#27;[0m Waited for 3088 ms so far
[debug] &amp#27;[38;5;32m[AndroidUiautomator2Driver@b227 (fe0cd291)]&amp#27;[0m Matched '/element' to command name 'findElement'
[debug] &amp#27;[38;5;32m[AndroidUiautomator2Driver@b227 (fe0cd291)]&amp#27;[0m Proxying [POST /element] to [POST http://127.0.0.1:8200/session/85989a46-cbdd-4bd4-a501-a859808a0843/element] with body: {"strategy":"xpath","selector":"//android.widget.Button[@text='Allow']","context":"","multiple":false}
&amp#27;[38;5;32m[AndroidUiautomator2Driver@b227 (fe0cd291)]&amp#27;[0m Got response with status 404: {"sessionId":"85989a46-cbdd-4bd4-a501-a859808a0843","value":{"error":"no such element","message":"An element could not be located on the page using the given search parameters","stacktrace":"io.appium.uiautomator2.common.exceptions.ElementNotFoundException: An element could not be located on the page using the given search parameters\n\tat io.appium.uiautomator2.utils.ElementLocationHelpers.findElement(ElementLocationHelpers.java:156)\n\tat io.appium.uiautomator2.handler.FindElement.safeHandle(FindElement.java:60)\n\tat io.appium.uiautomator2.handler.request.SafeRequestHandler.handle(SafeRequestHandler.java:59)\n\tat io.appium.uiautomator2.server.AppiumServlet.handleRequest(AppiumServlet.java:277)\n\tat io.appium.uiautomator2.server.AppiumServlet.handleHttpRequest(AppiumServlet.java:271)\n\tat io.appium.uiautomator2.http.ServerHandler.channelRead(ServerHandler.java:68)\n\tat io.netty.channel.AbstractChannelHandlerContext.invokeChannelRead(AbstractChannelHandlerContext.java:366)\n\tat io.netty.channel.Abstr...
[debug] &amp#27;[38;5;128m[W3C]&amp#27;[0m Matched W3C error code 'no such element' to NoSuchElementError
[debug] &amp#27;[38;5;32m[AndroidUiautomator2Driver@b227 (fe0cd291)]&amp#27;[0m Waited for 3612 ms so far
[debug] &amp#27;[38;5;32m[AndroidUiautomator2Driver@b227 (fe0cd291)]&amp#27;[0m Matched '/element' to command name 'findElement'
[debug] &amp#27;[38;5;32m[AndroidUiautomator2Driver@b227 (fe0cd291)]&amp#27;[0m Proxying [POST /element] to [POST http://127.0.0.1:8200/session/85989a46-cbdd-4bd4-a501-a859808a0843/element] with body: {"strategy":"xpath","selector":"//android.widget.Button[@text='Allow']","context":"","multiple":false}
&amp#27;[38;5;32m[AndroidUiautomator2Driver@b227 (fe0cd291)]&amp#27;[0m Got response with status 404: {"sessionId":"85989a46-cbdd-4bd4-a501-a859808a0843","value":{"error":"no such element","message":"An element could not be located on the page using the given search parameters","stacktrace":"io.appium.uiautomator2.common.exceptions.ElementNotFoundException: An element could not be located on the page using the given search parameters\n\tat io.appium.uiautomator2.utils.ElementLocationHelpers.findElement(ElementLocationHelpers.java:156)\n\tat io.appium.uiautomator2.handler.FindElement.safeHandle(FindElement.java:60)\n\tat io.appium.uiautomator2.handler.request.SafeRequestHandler.handle(SafeRequestHandler.java:59)\n\tat io.appium.uiautomator2.server.AppiumServlet.handleRequest(AppiumServlet.java:277)\n\tat io.appium.uiautomator2.server.AppiumServlet.handleHttpRequest(AppiumServlet.java:271)\n\tat io.appium.uiautomator2.http.ServerHandler.channelRead(ServerHandler.java:68)\n\tat io.netty.channel.AbstractChannelHandlerContext.invokeChannelRead(AbstractChannelHandlerContext.java:366)\n\tat io.netty.channel.Abstr...
[debug] &amp#27;[38;5;128m[W3C]&amp#27;[0m Matched W3C error code 'no such element' to NoSuchElementError
[debug] &amp#27;[38;5;32m[AndroidUiautomator2Driver@b227 (fe0cd291)]&amp#27;[0m Waited for 4144 ms so far
[debug] &amp#27;[38;5;32m[AndroidUiautomator2Driver@b227 (fe0cd291)]&amp#27;[0m Matched '/element' to command name 'findElement'
[debug] &amp#27;[38;5;32m[AndroidUiautomator2Driver@b227 (fe0cd291)]&amp#27;[0m Proxying [POST /element] to [POST http://127.0.0.1:8200/session/85989a46-cbdd-4bd4-a501-a859808a0843/element] with body: {"strategy":"xpath","selector":"//android.widget.Button[@text='Allow']","context":"","multiple":false}
&amp#27;[38;5;32m[AndroidUiautomator2Driver@b227 (fe0cd291)]&amp#27;[0m Got response with status 404: {"sessionId":"85989a46-cbdd-4bd4-a501-a859808a0843","value":{"error":"no such element","message":"An element could not be located on the page using the given search parameters","stacktrace":"io.appium.uiautomator2.common.exceptions.ElementNotFoundException: An element could not be located on the page using the given search parameters\n\tat io.appium.uiautomator2.utils.ElementLocationHelpers.findElement(ElementLocationHelpers.java:156)\n\tat io.appium.uiautomator2.handler.FindElement.safeHandle(FindElement.java:60)\n\tat io.appium.uiautomator2.handler.request.SafeRequestHandler.handle(SafeRequestHandler.java:59)\n\tat io.appium.uiautomator2.server.AppiumServlet.handleRequest(AppiumServlet.java:277)\n\tat io.appium.uiautomator2.server.AppiumServlet.handleHttpRequest(AppiumServlet.java:271)\n\tat io.appium.uiautomator2.http.ServerHandler.channelRead(ServerHandler.java:68)\n\tat io.netty.channel.AbstractChannelHandlerContext.invokeChannelRead(AbstractChannelHandlerContext.java:366)\n\tat io.netty.channel.Abstr...
[debug] &amp#27;[38;5;128m[W3C]&amp#27;[0m Matched W3C error code 'no such element' to NoSuchElementError
[debug] &amp#27;[38;5;32m[AndroidUiautomator2Driver@b227 (fe0cd291)]&amp#27;[0m Waited for 4690 ms so far
[debug] &amp#27;[38;5;32m[AndroidUiautomator2Driver@b227 (fe0cd291)]&amp#27;[0m Matched '/element' to command name 'findElement'
[debug] &amp#27;[38;5;32m[AndroidUiautomator2Driver@b227 (fe0cd291)]&amp#27;[0m Proxying [POST /element] to [POST http://127.0.0.1:8200/session/85989a46-cbdd-4bd4-a501-a859808a0843/element] with body: {"strategy":"xpath","selector":"//android.widget.Button[@text='Allow']","context":"","multiple":false}
&amp#27;[38;5;32m[AndroidUiautomator2Driver@b227 (fe0cd291)]&amp#27;[0m Got response with status 404: {"sessionId":"85989a46-cbdd-4bd4-a501-a859808a0843","value":{"error":"no such element","message":"An element could not be located on the page using the given search parameters","stacktrace":"io.appium.uiautomator2.common.exceptions.ElementNotFoundException: An element could not be located on the page using the given search parameters\n\tat io.appium.uiautomator2.utils.ElementLocationHelpers.findElement(ElementLocationHelpers.java:156)\n\tat io.appium.uiautomator2.handler.FindElement.safeHandle(FindElement.java:60)\n\tat io.appium.uiautomator2.handler.request.SafeRequestHandler.handle(SafeRequestHandler.java:59)\n\tat io.appium.uiautomator2.server.AppiumServlet.handleRequest(AppiumServlet.java:277)\n\tat io.appium.uiautomator2.server.AppiumServlet.handleHttpRequest(AppiumServlet.java:271)\n\tat io.appium.uiautomator2.http.ServerHandler.channelRead(ServerHandler.java:68)\n\tat io.netty.channel.AbstractChannelHandlerContext.invokeChannelRead(AbstractChannelHandlerContext.java:366)\n\tat io.netty.channel.Abstr...
[debug] &amp#27;[38;5;128m[W3C]&amp#27;[0m Matched W3C error code 'no such element' to NoSuchElementError
[debug] &amp#27;[38;5;32m[AndroidUiautomator2Driver@b227 (fe0cd291)]&amp#27;[0m Waited for 5222 ms so far
[debug] &amp#27;[38;5;32m[AndroidUiautomator2Driver@b227 (fe0cd291)]&amp#27;[0m Matched '/element' to command name 'findElement'
[debug] &amp#27;[38;5;32m[AndroidUiautomator2Driver@b227 (fe0cd291)]&amp#27;[0m Proxying [POST /element] to [POST http://127.0.0.1:8200/session/85989a46-cbdd-4bd4-a501-a859808a0843/element] with body: {"strategy":"xpath","selector":"//android.widget.Button[@text='Allow']","context":"","multiple":false}
&amp#27;[38;5;32m[AndroidUiautomator2Driver@b227 (fe0cd291)]&amp#27;[0m Got response with status 404: {"sessionId":"85989a46-cbdd-4bd4-a501-a859808a0843","value":{"error":"no such element","message":"An element could not be located on the page using the given search parameters","stacktrace":"io.appium.uiautomator2.common.exceptions.ElementNotFoundException: An element could not be located on the page using the given search parameters\n\tat io.appium.uiautomator2.utils.ElementLocationHelpers.findElement(ElementLocationHelpers.java:156)\n\tat io.appium.uiautomator2.handler.FindElement.safeHandle(FindElement.java:60)\n\tat io.appium.uiautomator2.handler.request.SafeRequestHandler.handle(SafeRequestHandler.java:59)\n\tat io.appium.uiautomator2.server.AppiumServlet.handleRequest(AppiumServlet.java:277)\n\tat io.appium.uiautomator2.server.AppiumServlet.handleHttpRequest(AppiumServlet.java:271)\n\tat io.appium.uiautomator2.http.ServerHandler.channelRead(ServerHandler.java:68)\n\tat io.netty.channel.AbstractChannelHandlerContext.invokeChannelRead(AbstractChannelHandlerContext.java:366)\n\tat io.netty.channel.Abstr...
[debug] &amp#27;[38;5;128m[W3C]&amp#27;[0m Matched W3C error code 'no such element' to NoSuchElementError
[debug] &amp#27;[38;5;32m[AndroidUiautomator2Driver@b227 (fe0cd291)]&amp#27;[0m Waited for 5753 ms so far
[debug] &amp#27;[38;5;32m[AndroidUiautomator2Driver@b227 (fe0cd291)]&amp#27;[0m Matched '/element' to command name 'findElement'
[debug] &amp#27;[38;5;32m[AndroidUiautomator2Driver@b227 (fe0cd291)]&amp#27;[0m Proxying [POST /element] to [POST http://127.0.0.1:8200/session/85989a46-cbdd-4bd4-a501-a859808a0843/element] with body: {"strategy":"xpath","selector":"//android.widget.Button[@text='Allow']","context":"","multiple":false}
&amp#27;[38;5;32m[AndroidUiautomator2Driver@b227 (fe0cd291)]&amp#27;[0m Got response with status 404: {"sessionId":"85989a46-cbdd-4bd4-a501-a859808a0843","value":{"error":"no such element","message":"An element could not be located on the page using the given search parameters","stacktrace":"io.appium.uiautomator2.common.exceptions.ElementNotFoundException: An element could not be located on the page using the given search parameters\n\tat io.appium.uiautomator2.utils.ElementLocationHelpers.findElement(ElementLocationHelpers.java:156)\n\tat io.appium.uiautomator2.handler.FindElement.safeHandle(FindElement.java:60)\n\tat io.appium.uiautomator2.handler.request.SafeRequestHandler.handle(SafeRequestHandler.java:59)\n\tat io.appium.uiautomator2.server.AppiumServlet.handleRequest(AppiumServlet.java:277)\n\tat io.appium.uiautomator2.server.AppiumServlet.handleHttpRequest(AppiumServlet.java:271)\n\tat io.appium.uiautomator2.http.ServerHandler.channelRead(ServerHandler.java:68)\n\tat io.netty.channel.AbstractChannelHandlerContext.invokeChannelRead(AbstractChannelHandlerContext.java:366)\n\tat io.netty.channel.Abstr...
[debug] &amp#27;[38;5;128m[W3C]&amp#27;[0m Matched W3C error code 'no such element' to NoSuchElementError
[debug] &amp#27;[38;5;32m[AndroidUiautomator2Driver@b227 (fe0cd291)]&amp#27;[0m Encountered internal error running command: NoSuchElementError: An element could not be located on the page using the given search parameters.
[debug] &amp#27;[38;5;32m[AndroidUiautomator2Driver@b227 (fe0cd291)]&amp#27;[0m     at AndroidUiautomator2Driver.findElOrEls (C:\Users\daniel.ogagavworia\.appium\node_modules\appium-uiautomator2-driver\node_modules\appium-android-driver\lib\commands\find.js:75:11)
[debug] &amp#27;[38;5;32m[AndroidUiautomator2Driver@b227 (fe0cd291)]&amp#27;[0m     at processTicksAndRejections (node:internal/process/task_queues:95:5)
[debug] &amp#27;[38;5;32m[AndroidUiautomator2Driver@b227 (fe0cd291)]&amp#27;[0m     at AndroidUiautomator2Driver.findElOrElsWithProcessing (C:\Users\daniel.ogagavworia\AppData\Roaming\npm\node_modules\appium\node_modules\@appium\base-driver\lib\basedriver\commands\find.ts:60:12)
[debug] &amp#27;[38;5;32m[AndroidUiautomator2Driver@b227 (fe0cd291)]&amp#27;[0m     at AndroidUiautomator2Driver.findElement (C:\Users\daniel.ogagavworia\AppData\Roaming\npm\node_modules\appium\node_modules\@appium\base-driver\lib\basedriver\commands\find.ts:75:12)
&amp#27;[38;5;0m[HTTP]&amp#27;[0m &amp#27;[37m<-- POST /session/fe0cd291-8f79-4212-8568-b4785b2dee12/element &amp#27;[39m&amp#27;[33m404&amp#27;[39m &amp#27;[90m6033 ms - 929&amp#27;[39m
&amp#27;[38;5;0m[HTTP]&amp#27;[0m &amp#27;[90m&amp#27;[39m
&amp#27;[38;5;0m[HTTP]&amp#27;[0m &amp#27;[37m-->&amp#27;[39m &amp#27;[37mPOST&amp#27;[39m &amp#27;[37m/session/fe0cd291-8f79-4212-8568-b4785b2dee12/element&amp#27;[39m
&amp#27;[38;5;0m[HTTP]&amp#27;[0m &amp#27;[90m{"using":"xpath","value":"//android.widget.TextView[@text='REGISTER']"}&amp#27;[39m
[debug] &amp#27;[38;5;32m[AndroidUiautomator2Driver@b227 (fe0cd291)]&amp#27;[0m Calling AppiumDriver.findElement() with args: ["xpath","//android.widget.TextView[@text='REGISTER']","fe0cd291-8f79-4212-8568-b4785b2dee12"]
[debug] &amp#27;[38;5;32m[AndroidUiautomator2Driver@b227 (fe0cd291)]&amp#27;[0m Valid locator strategies for this request: xpath, id, class name, accessibility id, css selector, -android uiautomator
[debug] &amp#27;[38;5;32m[AndroidUiautomator2Driver@b227 (fe0cd291)]&amp#27;[0m Waiting up to 6000 ms for condition
[debug] &amp#27;[38;5;32m[AndroidUiautomator2Driver@b227 (fe0cd291)]&amp#27;[0m Matched '/element' to command name 'findElement'
[debug] &amp#27;[38;5;32m[AndroidUiautomator2Driver@b227 (fe0cd291)]&amp#27;[0m Proxying [POST /element] to [POST http://127.0.0.1:8200/session/85989a46-cbdd-4bd4-a501-a859808a0843/element] with body: {"strategy":"xpath","selector":"//android.widget.TextView[@text='REGISTER']","context":"","multiple":false}
[debug] &amp#27;[38;5;32m[AndroidUiautomator2Driver@b227 (fe0cd291)]&amp#27;[0m Got response with status 200: {"sessionId":"85989a46-cbdd-4bd4-a501-a859808a0843","value":{"ELEMENT":"00000000-0000-0032-ffff-ffff0000002e","element-6066-11e4-a52e-4f735466cecf":"00000000-0000-0032-ffff-ffff0000002e"}}
[debug] &amp#27;[38;5;32m[AndroidUiautomator2Driver@b227 (fe0cd291)]&amp#27;[0m Responding to client with driver.findElement() result: {"element-6066-11e4-a52e-4f735466cecf":"00000000-0000-0032-ffff-ffff0000002e","ELEMENT":"00000000-0000-0032-ffff-ffff0000002e"}
&amp#27;[38;5;0m[HTTP]&amp#27;[0m &amp#27;[37m<-- POST /session/fe0cd291-8f79-4212-8568-b4785b2dee12/element &amp#27;[39m&amp#27;[32m200&amp#27;[39m &amp#27;[90m16 ms - 137&amp#27;[39m
&amp#27;[38;5;0m[HTTP]&amp#27;[0m &amp#27;[90m&amp#27;[39m
&amp#27;[38;5;0m[HTTP]&amp#27;[0m &amp#27;[37m-->&amp#27;[39m &amp#27;[37mPOST&amp#27;[39m &amp#27;[37m/session/fe0cd291-8f79-4212-8568-b4785b2dee12/element/00000000-0000-0032-ffff-ffff0000002e/click&amp#27;[39m
&amp#27;[38;5;0m[HTTP]&amp#27;[0m &amp#27;[90m{"id":"00000000-0000-0032-ffff-ffff0000002e"}&amp#27;[39m
[debug] &amp#27;[38;5;32m[AndroidUiautomator2Driver@b227 (fe0cd291)]&amp#27;[0m Calling AppiumDriver.click() with args: ["00000000-0000-0032-ffff-ffff0000002e","fe0cd291-8f79-4212-8568-b4785b2dee12"]
[debug] &amp#27;[38;5;32m[AndroidUiautomator2Driver@b227 (fe0cd291)]&amp#27;[0m Matched '/element/00000000-0000-0032-ffff-ffff0000002e/click' to command name 'click'
[debug] &amp#27;[38;5;32m[AndroidUiautomator2Driver@b227 (fe0cd291)]&amp#27;[0m Proxying [POST /element/00000000-0000-0032-ffff-ffff0000002e/click] to [POST http://127.0.0.1:8200/session/85989a46-cbdd-4bd4-a501-a859808a0843/element/00000000-0000-0032-ffff-ffff0000002e/click] with body: {"element":"00000000-0000-0032-ffff-ffff0000002e"}
[debug] &amp#27;[38;5;32m[AndroidUiautomator2Driver@b227 (fe0cd291)]&amp#27;[0m Got response with status 200: {"sessionId":"85989a46-cbdd-4bd4-a501-a859808a0843","value":null}
[debug] &amp#27;[38;5;32m[AndroidUiautomator2Driver@b227 (fe0cd291)]&amp#27;[0m Responding to client with driver.click() result: null
&amp#27;[38;5;0m[HTTP]&amp#27;[0m &amp#27;[37m<-- POST /session/fe0cd291-8f79-4212-8568-b4785b2dee12/element/00000000-0000-0032-ffff-ffff0000002e/click &amp#27;[39m&amp#27;[32m200&amp#27;[39m &amp#27;[90m75 ms - 14&amp#27;[39m
&amp#27;[38;5;0m[HTTP]&amp#27;[0m &amp#27;[90m&amp#27;[39m
&amp#27;[38;5;0m[HTTP]&amp#27;[0m &amp#27;[37m-->&amp#27;[39m &amp#27;[37mPOST&amp#27;[39m &amp#27;[37m/session/fe0cd291-8f79-4212-8568-b4785b2dee12/timeouts&amp#27;[39m
&amp#27;[38;5;0m[HTTP]&amp#27;[0m &amp#27;[90m{"implicit":10000}&amp#27;[39m
[debug] &amp#27;[38;5;32m[AndroidUiautomator2Driver@b227 (fe0cd291)]&amp#27;[0m Calling AppiumDriver.timeouts() with args: [null,null,null,null,10000,"fe0cd291-8f79-4212-8568-b4785b2dee12"]
[debug] &amp#27;[38;5;32m[AndroidUiautomator2Driver@b227 (fe0cd291)]&amp#27;[0m W3C timeout argument: {"implicit":10000}}
[debug] &amp#27;[38;5;32m[AndroidUiautomator2Driver@b227 (fe0cd291)]&amp#27;[0m Set implicit wait to 10000ms
[debug] &amp#27;[38;5;32m[AndroidUiautomator2Driver@b227 (fe0cd291)]&amp#27;[0m Responding to client with driver.timeouts() result: null
&amp#27;[38;5;0m[HTTP]&amp#27;[0m &amp#27;[37m<-- POST /session/fe0cd291-8f79-4212-8568-b4785b2dee12/timeouts &amp#27;[39m&amp#27;[32m200&amp#27;[39m &amp#27;[90m1 ms - 14&amp#27;[39m
&amp#27;[38;5;0m[HTTP]&amp#27;[0m &amp#27;[90m&amp#27;[39m
&amp#27;[38;5;0m[HTTP]&amp#27;[0m &amp#27;[37m-->&amp#27;[39m &amp#27;[37mPOST&amp#27;[39m &amp#27;[37m/session/fe0cd291-8f79-4212-8568-b4785b2dee12/element&amp#27;[39m
&amp#27;[38;5;0m[HTTP]&amp#27;[0m &amp#27;[90m{"using":"xpath","value":"//android.widget.EditText[@index=3]"}&amp#27;[39m
[debug] &amp#27;[38;5;32m[AndroidUiautomator2Driver@b227 (fe0cd291)]&amp#27;[0m Calling AppiumDriver.findElement() with args: ["xpath","//android.widget.EditText[@index=3]","fe0cd291-8f79-4212-8568-b4785b2dee12"]
[debug] &amp#27;[38;5;32m[AndroidUiautomator2Driver@b227 (fe0cd291)]&amp#27;[0m Valid locator strategies for this request: xpath, id, class name, accessibility id, css selector, -android uiautomator
[debug] &amp#27;[38;5;32m[AndroidUiautomator2Driver@b227 (fe0cd291)]&amp#27;[0m Waiting up to 10000 ms for condition
[debug] &amp#27;[38;5;32m[AndroidUiautomator2Driver@b227 (fe0cd291)]&amp#27;[0m Matched '/element' to command name 'findElement'
[debug] &amp#27;[38;5;32m[AndroidUiautomator2Driver@b227 (fe0cd291)]&amp#27;[0m Proxying [POST /element] to [POST http://127.0.0.1:8200/session/85989a46-cbdd-4bd4-a501-a859808a0843/element] with body: {"strategy":"xpath","selector":"//android.widget.EditText[@index=3]","context":"","multiple":false}
&amp#27;[38;5;32m[AndroidUiautomator2Driver@b227 (fe0cd291)]&amp#27;[0m Got response with status 404: {"sessionId":"85989a46-cbdd-4bd4-a501-a859808a0843","value":{"error":"no such element","message":"An element could not be located on the page using the given search parameters","stacktrace":"io.appium.uiautomator2.common.exceptions.ElementNotFoundException: An element could not be located on the page using the given search parameters\n\tat io.appium.uiautomator2.utils.ElementLocationHelpers.findElement(ElementLocationHelpers.java:156)\n\tat io.appium.uiautomator2.handler.FindElement.safeHandle(FindElement.java:60)\n\tat io.appium.uiautomator2.handler.request.SafeRequestHandler.handle(SafeRequestHandler.java:59)\n\tat io.appium.uiautomator2.server.AppiumServlet.handleRequest(AppiumServlet.java:277)\n\tat io.appium.uiautomator2.server.AppiumServlet.handleHttpRequest(AppiumServlet.java:271)\n\tat io.appium.uiautomator2.http.ServerHandler.channelRead(ServerHandler.java:68)\n\tat io.netty.channel.AbstractChannelHandlerContext.invokeChannelRead(AbstractChannelHandlerContext.java:366)\n\tat io.netty.channel.Abstr...
[debug] &amp#27;[38;5;128m[W3C]&amp#27;[0m Matched W3C error code 'no such element' to NoSuchElementError
[debug] &amp#27;[38;5;32m[AndroidUiautomator2Driver@b227 (fe0cd291)]&amp#27;[0m Waited for 74 ms so far
[debug] &amp#27;[38;5;32m[AndroidUiautomator2Driver@b227 (fe0cd291)]&amp#27;[0m Matched '/element' to command name 'findElement'
[debug] &amp#27;[38;5;32m[AndroidUiautomator2Driver@b227 (fe0cd291)]&amp#27;[0m Proxying [POST /element] to [POST http://127.0.0.1:8200/session/85989a46-cbdd-4bd4-a501-a859808a0843/element] with body: {"strategy":"xpath","selector":"//android.widget.EditText[@index=3]","context":"","multiple":false}
[debug] &amp#27;[38;5;32m[AndroidUiautomator2Driver@b227 (fe0cd291)]&amp#27;[0m Got response with status 200: {"sessionId":"85989a46-cbdd-4bd4-a501-a859808a0843","value":{"ELEMENT":"00000000-0000-0032-ffff-ffff000000dc","element-6066-11e4-a52e-4f735466cecf":"00000000-0000-0032-ffff-ffff000000dc"}}
[debug] &amp#27;[38;5;32m[AndroidUiautomator2Driver@b227 (fe0cd291)]&amp#27;[0m Responding to client with driver.findElement() result: {"element-6066-11e4-a52e-4f735466cecf":"00000000-0000-0032-ffff-ffff000000dc","ELEMENT":"00000000-0000-0032-ffff-ffff000000dc"}
&amp#27;[38;5;0m[HTTP]&amp#27;[0m &amp#27;[37m<-- POST /session/fe0cd291-8f79-4212-8568-b4785b2dee12/element &amp#27;[39m&amp#27;[32m200&amp#27;[39m &amp#27;[90m1110 ms - 137&amp#27;[39m
&amp#27;[38;5;0m[HTTP]&amp#27;[0m &amp#27;[90m&amp#27;[39m
&amp#27;[38;5;0m[HTTP]&amp#27;[0m &amp#27;[37m-->&amp#27;[39m &amp#27;[37mPOST&amp#27;[39m &amp#27;[37m/session/fe0cd291-8f79-4212-8568-b4785b2dee12/element/00000000-0000-0032-ffff-ffff000000dc/value&amp#27;[39m
&amp#27;[38;5;0m[HTTP]&amp#27;[0m &amp#27;[90m{"id":"00000000-0000-0032-ffff-ffff000000dc","text":"Daniel Ogaga","value":["D","a","n","i","e","l"," ","O","g","a","g","a"]}&amp#27;[39m
[debug] &amp#27;[38;5;32m[AndroidUiautomator2Driver@b227 (fe0cd291)]&amp#27;[0m Calling AppiumDriver.setValue() with args: [["D","a","n","i","e","l"," ","O","g","a","g","a"],"00000000-0000-0032-ffff-ffff000000dc","fe0cd291-8f79-4212-8568-b4785b2dee12"]
[debug] &amp#27;[38;5;32m[AndroidUiautomator2Driver@b227 (fe0cd291)]&amp#27;[0m Matched '/element/00000000-0000-0032-ffff-ffff000000dc/value' to command name 'setValue'
[debug] &amp#27;[38;5;32m[AndroidUiautomator2Driver@b227 (fe0cd291)]&amp#27;[0m Added 'value' property ["D","a","n","i","e","l"," ","O","g","a","g","a"] to 'setValue' request body
[debug] &amp#27;[38;5;32m[AndroidUiautomator2Driver@b227 (fe0cd291)]&amp#27;[0m Proxying [POST /element/00000000-0000-0032-ffff-ffff000000dc/value] to [POST http://127.0.0.1:8200/session/85989a46-cbdd-4bd4-a501-a859808a0843/element/00000000-0000-0032-ffff-ffff000000dc/value] with body: {"elementId":"00000000-0000-0032-ffff-ffff000000dc","text":"Daniel Ogaga","replace":false,"value":["D","a","n","i","e","l"," ","O","g","a","g","a"]}
[debug] &amp#27;[38;5;32m[AndroidUiautomator2Driver@b227 (fe0cd291)]&amp#27;[0m Got response with status 200: {"sessionId":"85989a46-cbdd-4bd4-a501-a859808a0843","value":null}
[debug] &amp#27;[38;5;32m[AndroidUiautomator2Driver@b227 (fe0cd291)]&amp#27;[0m Responding to client with driver.setValue() result: null
&amp#27;[38;5;0m[HTTP]&amp#27;[0m &amp#27;[37m<-- POST /session/fe0cd291-8f79-4212-8568-b4785b2dee12/element/00000000-0000-0032-ffff-ffff000000dc/value &amp#27;[39m&amp#27;[32m200&amp#27;[39m &amp#27;[90m15 ms - 14&amp#27;[39m
&amp#27;[38;5;0m[HTTP]&amp#27;[0m &amp#27;[90m&amp#27;[39m
&amp#27;[38;5;0m[HTTP]&amp#27;[0m &amp#27;[37m-->&amp#27;[39m &amp#27;[37mPOST&amp#27;[39m &amp#27;[37m/session/fe0cd291-8f79-4212-8568-b4785b2dee12/element&amp#27;[39m
&amp#27;[38;5;0m[HTTP]&amp#27;[0m &amp#27;[90m{"using":"xpath","value":"//android.widget.EditText[@index=6]"}&amp#27;[39m
[debug] &amp#27;[38;5;32m[AndroidUiautomator2Driver@b227 (fe0cd291)]&amp#27;[0m Calling AppiumDriver.findElement() with args: ["xpath","//android.widget.EditText[@index=6]","fe0cd291-8f79-4212-8568-b4785b2dee12"]
[debug] &amp#27;[38;5;32m[AndroidUiautomator2Driver@b227 (fe0cd291)]&amp#27;[0m Valid locator strategies for this request: xpath, id, class name, accessibility id, css selector, -android uiautomator
[debug] &amp#27;[38;5;32m[AndroidUiautomator2Driver@b227 (fe0cd291)]&amp#27;[0m Waiting up to 10000 ms for condition
[debug] &amp#27;[38;5;32m[AndroidUiautomator2Driver@b227 (fe0cd291)]&amp#27;[0m Matched '/element' to command name 'findElement'
[debug] &amp#27;[38;5;32m[AndroidUiautomator2Driver@b227 (fe0cd291)]&amp#27;[0m Proxying [POST /element] to [POST http://127.0.0.1:8200/session/85989a46-cbdd-4bd4-a501-a859808a0843/element] with body: {"strategy":"xpath","selector":"//android.widget.EditText[@index=6]","context":"","multiple":false}
[debug] &amp#27;[38;5;32m[AndroidUiautomator2Driver@b227 (fe0cd291)]&amp#27;[0m Got response with status 200: {"sessionId":"85989a46-cbdd-4bd4-a501-a859808a0843","value":{"ELEMENT":"00000000-0000-0032-ffff-ffff000000df","element-6066-11e4-a52e-4f735466cecf":"00000000-0000-0032-ffff-ffff000000df"}}
[debug] &amp#27;[38;5;32m[AndroidUiautomator2Driver@b227 (fe0cd291)]&amp#27;[0m Responding to client with driver.findElement() result: {"element-6066-11e4-a52e-4f735466cecf":"00000000-0000-0032-ffff-ffff000000df","ELEMENT":"00000000-0000-0032-ffff-ffff000000df"}
&amp#27;[38;5;0m[HTTP]&amp#27;[0m &amp#27;[37m<-- POST /session/fe0cd291-8f79-4212-8568-b4785b2dee12/element &amp#27;[39m&amp#27;[32m200&amp#27;[39m &amp#27;[90m521 ms - 137&amp#27;[39m
&amp#27;[38;5;0m[HTTP]&amp#27;[0m &amp#27;[90m&amp#27;[39m
&amp#27;[38;5;0m[HTTP]&amp#27;[0m &amp#27;[37m-->&amp#27;[39m &amp#27;[37mPOST&amp#27;[39m &amp#27;[37m/session/fe0cd291-8f79-4212-8568-b4785b2dee12/element/00000000-0000-0032-ffff-ffff000000df/value&amp#27;[39m
&amp#27;[38;5;0m[HTTP]&amp#27;[0m &amp#27;[90m{"id":"00000000-0000-0032-ffff-ffff000000df","text":"vada.deckow@drowblock.com","value":["v","a","d","a",".","d","e","c","k","o","w","@","d","r","o","w","b","l","o","c","k",".","c","o","m"]}&amp#27;[39m
[debug] &amp#27;[38;5;32m[AndroidUiautomator2Driver@b227 (fe0cd291)]&amp#27;[0m Calling AppiumDriver.setValue() with args: [["v","a","d","a",".","d","e","c","k","o","w","@","d","r","o","w","b","l","o","c","k",".","c","o","m"],"00000000-0000-0032-ffff-ffff000000df","fe0cd291-8f79-4212-8568-b4785b2dee12"]
[debug] &amp#27;[38;5;32m[AndroidUiautomator2Driver@b227 (fe0cd291)]&amp#27;[0m Matched '/element/00000000-0000-0032-ffff-ffff000000df/value' to command name 'setValue'
[debug] &amp#27;[38;5;32m[AndroidUiautomator2Driver@b227 (fe0cd291)]&amp#27;[0m Added 'value' property ["v","a","d","a",".","d","e","c","k","o","w","@","d","r","o","w","b","l","o","c","k",".","c","o","m"] to 'setValue' request body
[debug] &amp#27;[38;5;32m[AndroidUiautomator2Driver@b227 (fe0cd291)]&amp#27;[0m Proxying [POST /element/00000000-0000-0032-ffff-ffff000000df/value] to [POST http://127.0.0.1:8200/session/85989a46-cbdd-4bd4-a501-a859808a0843/element/00000000-0000-0032-ffff-ffff000000df/value] with body: {"elementId":"00000000-0000-0032-ffff-ffff000000df","text":"vada.deckow@drowblock.com","replace":false,"value":["v","a","d","a",".","d","e","c","k","o","w","@","d","r","o","w","b","l","o","c","k",".","c","o","m"]}
[debug] &amp#27;[38;5;32m[AndroidUiautomator2Driver@b227 (fe0cd291)]&amp#27;[0m Got response with status 200: {"sessionId":"85989a46-cbdd-4bd4-a501-a859808a0843","value":null}
[debug] &amp#27;[38;5;32m[AndroidUiautomator2Driver@b227 (fe0cd291)]&amp#27;[0m Responding to client with driver.setValue() result: null
&amp#27;[38;5;0m[HTTP]&amp#27;[0m &amp#27;[37m<-- POST /session/fe0cd291-8f79-4212-8568-b4785b2dee12/element/00000000-0000-0032-ffff-ffff000000df/value &amp#27;[39m&amp#27;[32m200&amp#27;[39m &amp#27;[90m13 ms - 14&amp#27;[39m
&amp#27;[38;5;0m[HTTP]&amp#27;[0m &amp#27;[90m&amp#27;[39m
&amp#27;[38;5;0m[HTTP]&amp#27;[0m &amp#27;[37m-->&amp#27;[39m &amp#27;[37mPOST&amp#27;[39m &amp#27;[37m/session/fe0cd291-8f79-4212-8568-b4785b2dee12/element&amp#27;[39m
&amp#27;[38;5;0m[HTTP]&amp#27;[0m &amp#27;[90m{"using":"xpath","value":"//android.widget.EditText[@index=9]"}&amp#27;[39m
[debug] &amp#27;[38;5;32m[AndroidUiautomator2Driver@b227 (fe0cd291)]&amp#27;[0m Calling AppiumDriver.findElement() with args: ["xpath","//android.widget.EditText[@index=9]","fe0cd291-8f79-4212-8568-b4785b2dee12"]
[debug] &amp#27;[38;5;32m[AndroidUiautomator2Driver@b227 (fe0cd291)]&amp#27;[0m Valid locator strategies for this request: xpath, id, class name, accessibility id, css selector, -android uiautomator
[debug] &amp#27;[38;5;32m[AndroidUiautomator2Driver@b227 (fe0cd291)]&amp#27;[0m Waiting up to 10000 ms for condition
[debug] &amp#27;[38;5;32m[AndroidUiautomator2Driver@b227 (fe0cd291)]&amp#27;[0m Matched '/element' to command name 'findElement'
[debug] &amp#27;[38;5;32m[AndroidUiautomator2Driver@b227 (fe0cd291)]&amp#27;[0m Proxying [POST /element] to [POST http://127.0.0.1:8200/session/85989a46-cbdd-4bd4-a501-a859808a0843/element] with body: {"strategy":"xpath","selector":"//android.widget.EditText[@index=9]","context":"","multiple":false}
[debug] &amp#27;[38;5;32m[AndroidUiautomator2Driver@b227 (fe0cd291)]&amp#27;[0m Got response with status 200: {"sessionId":"85989a46-cbdd-4bd4-a501-a859808a0843","value":{"ELEMENT":"00000000-0000-0032-ffff-ffff000000e2","element-6066-11e4-a52e-4f735466cecf":"00000000-0000-0032-ffff-ffff000000e2"}}
[debug] &amp#27;[38;5;32m[AndroidUiautomator2Driver@b227 (fe0cd291)]&amp#27;[0m Responding to client with driver.findElement() result: {"element-6066-11e4-a52e-4f735466cecf":"00000000-0000-0032-ffff-ffff000000e2","ELEMENT":"00000000-0000-0032-ffff-ffff000000e2"}
&amp#27;[38;5;0m[HTTP]&amp#27;[0m &amp#27;[37m<-- POST /session/fe0cd291-8f79-4212-8568-b4785b2dee12/element &amp#27;[39m&amp#27;[32m200&amp#27;[39m &amp#27;[90m529 ms - 137&amp#27;[39m
&amp#27;[38;5;0m[HTTP]&amp#27;[0m &amp#27;[90m&amp#27;[39m
&amp#27;[38;5;0m[HTTP]&amp#27;[0m &amp#27;[37m-->&amp#27;[39m &amp#27;[37mPOST&amp#27;[39m &amp#27;[37m/session/fe0cd291-8f79-4212-8568-b4785b2dee12/element/00000000-0000-0032-ffff-ffff000000e2/value&amp#27;[39m
&amp#27;[38;5;0m[HTTP]&amp#27;[0m &amp#27;[90m{"id":"00000000-0000-0032-ffff-ffff000000e2","text":"08033443048","value":["0","8","0","3","3","4","4","3","0","4","8"]}&amp#27;[39m
[debug] &amp#27;[38;5;32m[AndroidUiautomator2Driver@b227 (fe0cd291)]&amp#27;[0m Calling AppiumDriver.setValue() with args: [["0","8","0","3","3","4","4","3","0","4","8"],"00000000-0000-0032-ffff-ffff000000e2","fe0cd291-8f79-4212-8568-b4785b2dee12"]
[debug] &amp#27;[38;5;32m[AndroidUiautomator2Driver@b227 (fe0cd291)]&amp#27;[0m Matched '/element/00000000-0000-0032-ffff-ffff000000e2/value' to command name 'setValue'
[debug] &amp#27;[38;5;32m[AndroidUiautomator2Driver@b227 (fe0cd291)]&amp#27;[0m Added 'value' property ["0","8","0","3","3","4","4","3","0","4","8"] to 'setValue' request body
[debug] &amp#27;[38;5;32m[AndroidUiautomator2Driver@b227 (fe0cd291)]&amp#27;[0m Proxying [POST /element/00000000-0000-0032-ffff-ffff000000e2/value] to [POST http://127.0.0.1:8200/session/85989a46-cbdd-4bd4-a501-a859808a0843/element/00000000-0000-0032-ffff-ffff000000e2/value] with body: {"elementId":"00000000-0000-0032-ffff-ffff000000e2","text":"08033443048","replace":false,"value":["0","8","0","3","3","4","4","3","0","4","8"]}
[debug] &amp#27;[38;5;32m[AndroidUiautomator2Driver@b227 (fe0cd291)]&amp#27;[0m Got response with status 200: {"sessionId":"85989a46-cbdd-4bd4-a501-a859808a0843","value":null}
[debug] &amp#27;[38;5;32m[AndroidUiautomator2Driver@b227 (fe0cd291)]&amp#27;[0m Responding to client with driver.setValue() result: null
&amp#27;[38;5;0m[HTTP]&amp#27;[0m &amp#27;[37m<-- POST /session/fe0cd291-8f79-4212-8568-b4785b2dee12/element/00000000-0000-0032-ffff-ffff000000e2/value &amp#27;[39m&amp#27;[32m200&amp#27;[39m &amp#27;[90m14 ms - 14&amp#27;[39m
&amp#27;[38;5;0m[HTTP]&amp#27;[0m &amp#27;[90m&amp#27;[39m
&amp#27;[38;5;0m[HTTP]&amp#27;[0m &amp#27;[37m-->&amp#27;[39m &amp#27;[37mPOST&amp#27;[39m &amp#27;[37m/session/fe0cd291-8f79-4212-8568-b4785b2dee12/element&amp#27;[39m
&amp#27;[38;5;0m[HTTP]&amp#27;[0m &amp#27;[90m{"using":"xpath","value":"//android.widget.EditText[@index=12]"}&amp#27;[39m
[debug] &amp#27;[38;5;32m[AndroidUiautomator2Driver@b227 (fe0cd291)]&amp#27;[0m Calling AppiumDriver.findElement() with args: ["xpath","//android.widget.EditText[@index=12]","fe0cd291-8f79-4212-8568-b4785b2dee12"]
[debug] &amp#27;[38;5;32m[AndroidUiautomator2Driver@b227 (fe0cd291)]&amp#27;[0m Valid locator strategies for this request: xpath, id, class name, accessibility id, css selector, -android uiautomator
[debug] &amp#27;[38;5;32m[AndroidUiautomator2Driver@b227 (fe0cd291)]&amp#27;[0m Waiting up to 10000 ms for condition
[debug] &amp#27;[38;5;32m[AndroidUiautomator2Driver@b227 (fe0cd291)]&amp#27;[0m Matched '/element' to command name 'findElement'
[debug] &amp#27;[38;5;32m[AndroidUiautomator2Driver@b227 (fe0cd291)]&amp#27;[0m Proxying [POST /element] to [POST http://127.0.0.1:8200/session/85989a46-cbdd-4bd4-a501-a859808a0843/element] with body: {"strategy":"xpath","selector":"//android.widget.EditText[@index=12]","context":"","multiple":false}
[debug] &amp#27;[38;5;32m[AndroidUiautomator2Driver@b227 (fe0cd291)]&amp#27;[0m Got response with status 200: {"sessionId":"85989a46-cbdd-4bd4-a501-a859808a0843","value":{"ELEMENT":"00000000-0000-0032-ffff-ffff000000e5","element-6066-11e4-a52e-4f735466cecf":"00000000-0000-0032-ffff-ffff000000e5"}}
[debug] &amp#27;[38;5;32m[AndroidUiautomator2Driver@b227 (fe0cd291)]&amp#27;[0m Responding to client with driver.findElement() result: {"element-6066-11e4-a52e-4f735466cecf":"00000000-0000-0032-ffff-ffff000000e5","ELEMENT":"00000000-0000-0032-ffff-ffff000000e5"}
&amp#27;[38;5;0m[HTTP]&amp#27;[0m &amp#27;[37m<-- POST /session/fe0cd291-8f79-4212-8568-b4785b2dee12/element &amp#27;[39m&amp#27;[32m200&amp#27;[39m &amp#27;[90m525 ms - 137&amp#27;[39m
&amp#27;[38;5;0m[HTTP]&amp#27;[0m &amp#27;[90m&amp#27;[39m
&amp#27;[38;5;0m[HTTP]&amp#27;[0m &amp#27;[37m-->&amp#27;[39m &amp#27;[37mPOST&amp#27;[39m &amp#27;[37m/session/fe0cd291-8f79-4212-8568-b4785b2dee12/element/00000000-0000-0032-ffff-ffff000000e5/value&amp#27;[39m
&amp#27;[38;5;0m[HTTP]&amp#27;[0m &amp#27;[90m{"id":"00000000-0000-0032-ffff-ffff000000e5","text":"password","value":["p","a","s","s","w","o","r","d"]}&amp#27;[39m
[debug] &amp#27;[38;5;32m[AndroidUiautomator2Driver@b227 (fe0cd291)]&amp#27;[0m Calling AppiumDriver.setValue() with args: [["p","a","s","s","w","o","r","d"],"00000000-0000-0032-ffff-ffff000000e5","fe0cd291-8f79-4212-8568-b4785b2dee12"]
[debug] &amp#27;[38;5;32m[AndroidUiautomator2Driver@b227 (fe0cd291)]&amp#27;[0m Matched '/element/00000000-0000-0032-ffff-ffff000000e5/value' to command name 'setValue'
[debug] &amp#27;[38;5;32m[AndroidUiautomator2Driver@b227 (fe0cd291)]&amp#27;[0m Added 'value' property ["p","a","s","s","w","o","r","d"] to 'setValue' request body
[debug] &amp#27;[38;5;32m[AndroidUiautomator2Driver@b227 (fe0cd291)]&amp#27;[0m Proxying [POST /element/00000000-0000-0032-ffff-ffff000000e5/value] to [POST http://127.0.0.1:8200/session/85989a46-cbdd-4bd4-a501-a859808a0843/element/00000000-0000-0032-ffff-ffff000000e5/value] with body: {"elementId":"00000000-0000-0032-ffff-ffff000000e5","text":"password","replace":false,"value":["p","a","s","s","w","o","r","d"]}
[debug] &amp#27;[38;5;32m[AndroidUiautomator2Driver@b227 (fe0cd291)]&amp#27;[0m Got response with status 200: {"sessionId":"85989a46-cbdd-4bd4-a501-a859808a0843","value":null}
[debug] &amp#27;[38;5;32m[AndroidUiautomator2Driver@b227 (fe0cd291)]&amp#27;[0m Responding to client with driver.setValue() result: null
&amp#27;[38;5;0m[HTTP]&amp#27;[0m &amp#27;[37m<-- POST /session/fe0cd291-8f79-4212-8568-b4785b2dee12/element/00000000-0000-0032-ffff-ffff000000e5/value &amp#27;[39m&amp#27;[32m200&amp#27;[39m &amp#27;[90m13 ms - 14&amp#27;[39m
&amp#27;[38;5;0m[HTTP]&amp#27;[0m &amp#27;[90m&amp#27;[39m
&amp#27;[38;5;0m[HTTP]&amp#27;[0m &amp#27;[37m-->&amp#27;[39m &amp#27;[37mPOST&amp#27;[39m &amp#27;[37m/session/fe0cd291-8f79-4212-8568-b4785b2dee12/element&amp#27;[39m
&amp#27;[38;5;0m[HTTP]&amp#27;[0m &amp#27;[90m{"using":"xpath","value":"//android.widget.TextView[@text='Register']"}&amp#27;[39m
[debug] &amp#27;[38;5;32m[AndroidUiautomator2Driver@b227 (fe0cd291)]&amp#27;[0m Calling AppiumDriver.findElement() with args: ["xpath","//android.widget.TextView[@text='Register']","fe0cd291-8f79-4212-8568-b4785b2dee12"]
[debug] &amp#27;[38;5;32m[AndroidUiautomator2Driver@b227 (fe0cd291)]&amp#27;[0m Valid locator strategies for this request: xpath, id, class name, accessibility id, css selector, -android uiautomator
[debug] &amp#27;[38;5;32m[AndroidUiautomator2Driver@b227 (fe0cd291)]&amp#27;[0m Waiting up to 10000 ms for condition
[debug] &amp#27;[38;5;32m[AndroidUiautomator2Driver@b227 (fe0cd291)]&amp#27;[0m Matched '/element' to command name 'findElement'
[debug] &amp#27;[38;5;32m[AndroidUiautomator2Driver@b227 (fe0cd291)]&amp#27;[0m Proxying [POST /element] to [POST http://127.0.0.1:8200/session/85989a46-cbdd-4bd4-a501-a859808a0843/element] with body: {"strategy":"xpath","selector":"//android.widget.TextView[@text='Register']","context":"","multiple":false}
[debug] &amp#27;[38;5;32m[AndroidUiautomator2Driver@b227 (fe0cd291)]&amp#27;[0m Got response with status 200: {"sessionId":"85989a46-cbdd-4bd4-a501-a859808a0843","value":{"ELEMENT":"00000000-0000-0032-ffff-ffff000000f2","element-6066-11e4-a52e-4f735466cecf":"00000000-0000-0032-ffff-ffff000000f2"}}
[debug] &amp#27;[38;5;32m[AndroidUiautomator2Driver@b227 (fe0cd291)]&amp#27;[0m Responding to client with driver.findElement() result: {"element-6066-11e4-a52e-4f735466cecf":"00000000-0000-0032-ffff-ffff000000f2","ELEMENT":"00000000-0000-0032-ffff-ffff000000f2"}
&amp#27;[38;5;0m[HTTP]&amp#27;[0m &amp#27;[37m<-- POST /session/fe0cd291-8f79-4212-8568-b4785b2dee12/element &amp#27;[39m&amp#27;[32m200&amp#27;[39m &amp#27;[90m57 ms - 137&amp#27;[39m
&amp#27;[38;5;0m[HTTP]&amp#27;[0m &amp#27;[90m&amp#27;[39m
&amp#27;[38;5;0m[HTTP]&amp#27;[0m &amp#27;[37m-->&amp#27;[39m &amp#27;[37mPOST&amp#27;[39m &amp#27;[37m/session/fe0cd291-8f79-4212-8568-b4785b2dee12/element/00000000-0000-0032-ffff-ffff000000f2/click&amp#27;[39m
&amp#27;[38;5;0m[HTTP]&amp#27;[0m &amp#27;[90m{"id":"00000000-0000-0032-ffff-ffff000000f2"}&amp#27;[39m
[debug] &amp#27;[38;5;32m[AndroidUiautomator2Driver@b227 (fe0cd291)]&amp#27;[0m Calling AppiumDriver.click() with args: ["00000000-0000-0032-ffff-ffff000000f2","fe0cd291-8f79-4212-8568-b4785b2dee12"]
[debug] &amp#27;[38;5;32m[AndroidUiautomator2Driver@b227 (fe0cd291)]&amp#27;[0m Matched '/element/00000000-0000-0032-ffff-ffff000000f2/click' to command name 'click'
[debug] &amp#27;[38;5;32m[AndroidUiautomator2Driver@b227 (fe0cd291)]&amp#27;[0m Proxying [POST /element/00000000-0000-0032-ffff-ffff000000f2/click] to [POST http://127.0.0.1:8200/session/85989a46-cbdd-4bd4-a501-a859808a0843/element/00000000-0000-0032-ffff-ffff000000f2/click] with body: {"element":"00000000-0000-0032-ffff-ffff000000f2"}
[debug] &amp#27;[38;5;32m[AndroidUiautomator2Driver@b227 (fe0cd291)]&amp#27;[0m Got response with status 200: {"sessionId":"85989a46-cbdd-4bd4-a501-a859808a0843","value":null}
[debug] &amp#27;[38;5;32m[AndroidUiautomator2Driver@b227 (fe0cd291)]&amp#27;[0m Responding to client with driver.click() result: null
&amp#27;[38;5;0m[HTTP]&amp#27;[0m &amp#27;[37m<-- POST /session/fe0cd291-8f79-4212-8568-b4785b2dee12/element/00000000-0000-0032-ffff-ffff000000f2/click &amp#27;[39m&amp#27;[32m200&amp#27;[39m &amp#27;[90m570 ms - 14&amp#27;[39m
&amp#27;[38;5;0m[HTTP]&amp#27;[0m &amp#27;[90m&amp#27;[39m
&amp#27;[38;5;0m[HTTP]&amp#27;[0m &amp#27;[37m-->&amp#27;[39m &amp#27;[37mPOST&amp#27;[39m &amp#27;[37m/session/fe0cd291-8f79-4212-8568-b4785b2dee12/element&amp#27;[39m
&amp#27;[38;5;0m[HTTP]&amp#27;[0m &amp#27;[90m{"using":"xpath","value":"//android.widget.TextView[@index=18]"}&amp#27;[39m
[debug] &amp#27;[38;5;32m[AndroidUiautomator2Driver@b227 (fe0cd291)]&amp#27;[0m Calling AppiumDriver.findElement() with args: ["xpath","//android.widget.TextView[@index=18]","fe0cd291-8f79-4212-8568-b4785b2dee12"]
[debug] &amp#27;[38;5;32m[AndroidUiautomator2Driver@b227 (fe0cd291)]&amp#27;[0m Valid locator strategies for this request: xpath, id, class name, accessibility id, css selector, -android uiautomator
[debug] &amp#27;[38;5;32m[AndroidUiautomator2Driver@b227 (fe0cd291)]&amp#27;[0m Waiting up to 10000 ms for condition
[debug] &amp#27;[38;5;32m[AndroidUiautomator2Driver@b227 (fe0cd291)]&amp#27;[0m Matched '/element' to command name 'findElement'
[debug] &amp#27;[38;5;32m[AndroidUiautomator2Driver@b227 (fe0cd291)]&amp#27;[0m Proxying [POST /element] to [POST http://127.0.0.1:8200/session/85989a46-cbdd-4bd4-a501-a859808a0843/element] with body: {"strategy":"xpath","selector":"//android.widget.TextView[@index=18]","context":"","multiple":false}
[debug] &amp#27;[38;5;32m[AndroidUiautomator2Driver@b227 (fe0cd291)]&amp#27;[0m Got response with status 200: {"sessionId":"85989a46-cbdd-4bd4-a501-a859808a0843","value":{"ELEMENT":"00000000-0000-0032-ffff-ffff000000ea","element-6066-11e4-a52e-4f735466cecf":"00000000-0000-0032-ffff-ffff000000ea"}}
[debug] &amp#27;[38;5;32m[AndroidUiautomator2Driver@b227 (fe0cd291)]&amp#27;[0m Responding to client with driver.findElement() result: {"element-6066-11e4-a52e-4f735466cecf":"00000000-0000-0032-ffff-ffff000000ea","ELEMENT":"00000000-0000-0032-ffff-ffff000000ea"}
&amp#27;[38;5;0m[HTTP]&amp#27;[0m &amp#27;[37m<-- POST /session/fe0cd291-8f79-4212-8568-b4785b2dee12/element &amp#27;[39m&amp#27;[32m200&amp#27;[39m &amp#27;[90m39 ms - 137&amp#27;[39m
&amp#27;[38;5;0m[HTTP]&amp#27;[0m &amp#27;[90m&amp#27;[39m
&amp#27;[38;5;0m[HTTP]&amp#27;[0m &amp#27;[37m-->&amp#27;[39m &amp#27;[37mPOST&amp#27;[39m &amp#27;[37m/session/fe0cd291-8f79-4212-8568-b4785b2dee12/element/00000000-0000-0032-ffff-ffff000000ea/click&amp#27;[39m
&amp#27;[38;5;0m[HTTP]&amp#27;[0m &amp#27;[90m{"id":"00000000-0000-0032-ffff-ffff000000ea"}&amp#27;[39m
[debug] &amp#27;[38;5;32m[AndroidUiautomator2Driver@b227 (fe0cd291)]&amp#27;[0m Calling AppiumDriver.click() with args: ["00000000-0000-0032-ffff-ffff000000ea","fe0cd291-8f79-4212-8568-b4785b2dee12"]
[debug] &amp#27;[38;5;32m[AndroidUiautomator2Driver@b227 (fe0cd291)]&amp#27;[0m Matched '/element/00000000-0000-0032-ffff-ffff000000ea/click' to command name 'click'
[debug] &amp#27;[38;5;32m[AndroidUiautomator2Driver@b227 (fe0cd291)]&amp#27;[0m Proxying [POST /element/00000000-0000-0032-ffff-ffff000000ea/click] to [POST http://127.0.0.1:8200/session/85989a46-cbdd-4bd4-a501-a859808a0843/element/00000000-0000-0032-ffff-ffff000000ea/click] with body: {"element":"00000000-0000-0032-ffff-ffff000000ea"}
[debug] &amp#27;[38;5;32m[AndroidUiautomator2Driver@b227 (fe0cd291)]&amp#27;[0m Got response with status 200: {"sessionId":"85989a46-cbdd-4bd4-a501-a859808a0843","value":null}
[debug] &amp#27;[38;5;32m[AndroidUiautomator2Driver@b227 (fe0cd291)]&amp#27;[0m Responding to client with driver.click() result: null
&amp#27;[38;5;0m[HTTP]&amp#27;[0m &amp#27;[37m<-- POST /session/fe0cd291-8f79-4212-8568-b4785b2dee12/element/00000000-0000-0032-ffff-ffff000000ea/click &amp#27;[39m&amp#27;[32m200&amp#27;[39m &amp#27;[90m42 ms - 14&amp#27;[39m
&amp#27;[38;5;0m[HTTP]&amp#27;[0m &amp#27;[90m&amp#27;[39m
&amp#27;[38;5;0m[HTTP]&amp#27;[0m &amp#27;[37m-->&amp#27;[39m &amp#27;[37mPOST&amp#27;[39m &amp#27;[37m/session/fe0cd291-8f79-4212-8568-b4785b2dee12/element&amp#27;[39m
&amp#27;[38;5;0m[HTTP]&amp#27;[0m &amp#27;[90m{"using":"xpath","value":"//android.widget.TextView[@text='Register']"}&amp#27;[39m
[debug] &amp#27;[38;5;32m[AndroidUiautomator2Driver@b227 (fe0cd291)]&amp#27;[0m Calling AppiumDriver.findElement() with args: ["xpath","//android.widget.TextView[@text='Register']","fe0cd291-8f79-4212-8568-b4785b2dee12"]
[debug] &amp#27;[38;5;32m[AndroidUiautomator2Driver@b227 (fe0cd291)]&amp#27;[0m Valid locator strategies for this request: xpath, id, class name, accessibility id, css selector, -android uiautomator
[debug] &amp#27;[38;5;32m[AndroidUiautomator2Driver@b227 (fe0cd291)]&amp#27;[0m Waiting up to 10000 ms for condition
[debug] &amp#27;[38;5;32m[AndroidUiautomator2Driver@b227 (fe0cd291)]&amp#27;[0m Matched '/element' to command name 'findElement'
[debug] &amp#27;[38;5;32m[AndroidUiautomator2Driver@b227 (fe0cd291)]&amp#27;[0m Proxying [POST /element] to [POST http://127.0.0.1:8200/session/85989a46-cbdd-4bd4-a501-a859808a0843/element] with body: {"strategy":"xpath","selector":"//android.widget.TextView[@text='Register']","context":"","multiple":false}
[debug] &amp#27;[38;5;32m[AndroidUiautomator2Driver@b227 (fe0cd291)]&amp#27;[0m Got response with status 200: {"sessionId":"85989a46-cbdd-4bd4-a501-a859808a0843","value":{"ELEMENT":"00000000-0000-0032-ffff-ffff000000f2","element-6066-11e4-a52e-4f735466cecf":"00000000-0000-0032-ffff-ffff000000f2"}}
[debug] &amp#27;[38;5;32m[AndroidUiautomator2Driver@b227 (fe0cd291)]&amp#27;[0m Responding to client with driver.findElement() result: {"element-6066-11e4-a52e-4f735466cecf":"00000000-0000-0032-ffff-ffff000000f2","ELEMENT":"00000000-0000-0032-ffff-ffff000000f2"}
&amp#27;[38;5;0m[HTTP]&amp#27;[0m &amp#27;[37m<-- POST /session/fe0cd291-8f79-4212-8568-b4785b2dee12/element &amp#27;[39m&amp#27;[32m200&amp#27;[39m &amp#27;[90m45 ms - 137&amp#27;[39m
&amp#27;[38;5;0m[HTTP]&amp#27;[0m &amp#27;[90m&amp#27;[39m
&amp#27;[38;5;0m[HTTP]&amp#27;[0m &amp#27;[37m-->&amp#27;[39m &amp#27;[37mPOST&amp#27;[39m &amp#27;[37m/session/fe0cd291-8f79-4212-8568-b4785b2dee12/element/00000000-0000-0032-ffff-ffff000000f2/click&amp#27;[39m
&amp#27;[38;5;0m[HTTP]&amp#27;[0m &amp#27;[90m{"id":"00000000-0000-0032-ffff-ffff000000f2"}&amp#27;[39m
[debug] &amp#27;[38;5;32m[AndroidUiautomator2Driver@b227 (fe0cd291)]&amp#27;[0m Calling AppiumDriver.click() with args: ["00000000-0000-0032-ffff-ffff000000f2","fe0cd291-8f79-4212-8568-b4785b2dee12"]
[debug] &amp#27;[38;5;32m[AndroidUiautomator2Driver@b227 (fe0cd291)]&amp#27;[0m Matched '/element/00000000-0000-0032-ffff-ffff000000f2/click' to command name 'click'
[debug] &amp#27;[38;5;32m[AndroidUiautomator2Driver@b227 (fe0cd291)]&amp#27;[0m Proxying [POST /element/00000000-0000-0032-ffff-ffff000000f2/click] to [POST http://127.0.0.1:8200/session/85989a46-cbdd-4bd4-a501-a859808a0843/element/00000000-0000-0032-ffff-ffff000000f2/click] with body: {"element":"00000000-0000-0032-ffff-ffff000000f2"}
[debug] &amp#27;[38;5;32m[AndroidUiautomator2Driver@b227 (fe0cd291)]&amp#27;[0m Got response with status 200: {"sessionId":"85989a46-cbdd-4bd4-a501-a859808a0843","value":null}
[debug] &amp#27;[38;5;32m[AndroidUiautomator2Driver@b227 (fe0cd291)]&amp#27;[0m Responding to client with driver.click() result: null
&amp#27;[38;5;0m[HTTP]&amp#27;[0m &amp#27;[37m<-- POST /session/fe0cd291-8f79-4212-8568-b4785b2dee12/element/00000000-0000-0032-ffff-ffff000000f2/click &amp#27;[39m&amp#27;[32m200&amp#27;[39m &amp#27;[90m40 ms - 14&amp#27;[39m
&amp#27;[38;5;0m[HTTP]&amp#27;[0m &amp#27;[90m&amp#27;[39m
&amp#27;[38;5;0m[HTTP]&amp#27;[0m &amp#27;[37m-->&amp#27;[39m &amp#27;[37mPOST&amp#27;[39m &amp#27;[37m/session/fe0cd291-8f79-4212-8568-b4785b2dee12/element&amp#27;[39m
&amp#27;[38;5;0m[HTTP]&amp#27;[0m &amp#27;[90m{"using":"xpath","value":"//android.widget.TextView[@index=7]"}&amp#27;[39m
[debug] &amp#27;[38;5;32m[AndroidUiautomator2Driver@b227 (fe0cd291)]&amp#27;[0m Calling AppiumDriver.findElement() with args: ["xpath","//android.widget.TextView[@index=7]","fe0cd291-8f79-4212-8568-b4785b2dee12"]
[debug] &amp#27;[38;5;32m[AndroidUiautomator2Driver@b227 (fe0cd291)]&amp#27;[0m Valid locator strategies for this request: xpath, id, class name, accessibility id, css selector, -android uiautomator
[debug] &amp#27;[38;5;32m[AndroidUiautomator2Driver@b227 (fe0cd291)]&amp#27;[0m Waiting up to 10000 ms for condition
[debug] &amp#27;[38;5;32m[AndroidUiautomator2Driver@b227 (fe0cd291)]&amp#27;[0m Matched '/element' to command name 'findElement'
[debug] &amp#27;[38;5;32m[AndroidUiautomator2Driver@b227 (fe0cd291)]&amp#27;[0m Proxying [POST /element] to [POST http://127.0.0.1:8200/session/85989a46-cbdd-4bd4-a501-a859808a0843/element] with body: {"strategy":"xpath","selector":"//android.widget.TextView[@index=7]","context":"","multiple":false}
[debug] &amp#27;[38;5;32m[AndroidUiautomator2Driver@b227 (fe0cd291)]&amp#27;[0m Got response with status 200: {"sessionId":"85989a46-cbdd-4bd4-a501-a859808a0843","value":{"ELEMENT":"00000000-0000-0032-ffff-ffff000000e0","element-6066-11e4-a52e-4f735466cecf":"00000000-0000-0032-ffff-ffff000000e0"}}
[debug] &amp#27;[38;5;32m[AndroidUiautomator2Driver@b227 (fe0cd291)]&amp#27;[0m Responding to client with driver.findElement() result: {"element-6066-11e4-a52e-4f735466cecf":"00000000-0000-0032-ffff-ffff000000e0","ELEMENT":"00000000-0000-0032-ffff-ffff000000e0"}
&amp#27;[38;5;0m[HTTP]&amp#27;[0m &amp#27;[37m<-- POST /session/fe0cd291-8f79-4212-8568-b4785b2dee12/element &amp#27;[39m&amp#27;[32m200&amp#27;[39m &amp#27;[90m56 ms - 137&amp#27;[39m
&amp#27;[38;5;0m[HTTP]&amp#27;[0m &amp#27;[90m&amp#27;[39m
&amp#27;[38;5;0m[HTTP]&amp#27;[0m &amp#27;[37m-->&amp#27;[39m &amp#27;[37mPOST&amp#27;[39m &amp#27;[37m/session/fe0cd291-8f79-4212-8568-b4785b2dee12/element&amp#27;[39m
&amp#27;[38;5;0m[HTTP]&amp#27;[0m &amp#27;[90m{"using":"xpath","value":"//android.widget.TextView[@index=7]"}&amp#27;[39m
[debug] &amp#27;[38;5;32m[AndroidUiautomator2Driver@b227 (fe0cd291)]&amp#27;[0m Calling AppiumDriver.findElement() with args: ["xpath","//android.widget.TextView[@index=7]","fe0cd291-8f79-4212-8568-b4785b2dee12"]
[debug] &amp#27;[38;5;32m[AndroidUiautomator2Driver@b227 (fe0cd291)]&amp#27;[0m Valid locator strategies for this request: xpath, id, class name, accessibility id, css selector, -android uiautomator
[debug] &amp#27;[38;5;32m[AndroidUiautomator2Driver@b227 (fe0cd291)]&amp#27;[0m Waiting up to 10000 ms for condition
[debug] &amp#27;[38;5;32m[AndroidUiautomator2Driver@b227 (fe0cd291)]&amp#27;[0m Matched '/element' to command name 'findElement'
[debug] &amp#27;[38;5;32m[AndroidUiautomator2Driver@b227 (fe0cd291)]&amp#27;[0m Proxying [POST /element] to [POST http://127.0.0.1:8200/session/85989a46-cbdd-4bd4-a501-a859808a0843/element] with body: {"strategy":"xpath","selector":"//android.widget.TextView[@index=7]","context":"","multiple":false}
[debug] &amp#27;[38;5;32m[AndroidUiautomator2Driver@b227 (fe0cd291)]&amp#27;[0m Got response with status 200: {"sessionId":"85989a46-cbdd-4bd4-a501-a859808a0843","value":{"ELEMENT":"00000000-0000-0032-ffff-ffff000000e0","element-6066-11e4-a52e-4f735466cecf":"00000000-0000-0032-ffff-ffff000000e0"}}
[debug] &amp#27;[38;5;32m[AndroidUiautomator2Driver@b227 (fe0cd291)]&amp#27;[0m Responding to client with driver.findElement() result: {"element-6066-11e4-a52e-4f735466cecf":"00000000-0000-0032-ffff-ffff000000e0","ELEMENT":"00000000-0000-0032-ffff-ffff000000e0"}
&amp#27;[38;5;0m[HTTP]&amp#27;[0m &amp#27;[37m<-- POST /session/fe0cd291-8f79-4212-8568-b4785b2dee12/element &amp#27;[39m&amp#27;[32m200&amp#27;[39m &amp#27;[90m607 ms - 137&amp#27;[39m
&amp#27;[38;5;0m[HTTP]&amp#27;[0m &amp#27;[90m&amp#27;[39m
&amp#27;[38;5;0m[HTTP]&amp#27;[0m &amp#27;[37m-->&amp#27;[39m &amp#27;[37mGET&amp#27;[39m &amp#27;[37m/session/fe0cd291-8f79-4212-8568-b4785b2dee12/element/00000000-0000-0032-ffff-ffff000000e0/text&amp#27;[39m
&amp#27;[38;5;0m[HTTP]&amp#27;[0m &amp#27;[90m{}&amp#27;[39m
&amp#27;[38;5;32m[AndroidUiautomator2Driver@b227 (fe0cd291)]&amp#27;[0m Driver proxy active, passing request on via HTTP proxy
[debug] &amp#27;[38;5;32m[AndroidUiautomator2Driver@b227 (fe0cd291)]&amp#27;[0m Matched '/session/fe0cd291-8f79-4212-8568-b4785b2dee12/element/00000000-0000-0032-ffff-ffff000000e0/text' to command name 'getText'
[debug] &amp#27;[38;5;32m[AndroidUiautomator2Driver@b227 (fe0cd291)]&amp#27;[0m Proxying [GET /session/fe0cd291-8f79-4212-8568-b4785b2dee12/element/00000000-0000-0032-ffff-ffff000000e0/text] to [GET http://127.0.0.1:8200/session/85989a46-cbdd-4bd4-a501-a859808a0843/element/00000000-0000-0032-ffff-ffff000000e0/text] with no body
[debug] &amp#27;[38;5;32m[AndroidUiautomator2Driver@b227 (fe0cd291)]&amp#27;[0m Got response with status 200: {"sessionId":"85989a46-cbdd-4bd4-a501-a859808a0843","value":"This domain is not supported on Quickteller. Kindly use another email address"}
&amp#27;[38;5;32m[AndroidUiautomator2Driver@b227 (fe0cd291)]&amp#27;[0m Replacing sessionId 85989a46-cbdd-4bd4-a501-a859808a0843 with fe0cd291-8f79-4212-8568-b4785b2dee12
&amp#27;[38;5;0m[HTTP]&amp#27;[0m &amp#27;[37m<-- GET /session/fe0cd291-8f79-4212-8568-b4785b2dee12/element/00000000-0000-0032-ffff-ffff000000e0/text &amp#27;[39m&amp#27;[32m200&amp#27;[39m &amp#27;[90m10 ms - 140&amp#27;[39m
&amp#27;[38;5;0m[HTTP]&amp#27;[0m &amp#27;[90m&amp#27;[39m
]]></system-out>
  </testcase>
  <testcase name="Testcase_One[gixenmixen.com](5)" classname="testcases.Android.DisposableDomain_QTM_2874" time="8.164">
    <system-out><![CDATA[&amp#27;[38;5;0m[HTTP]&amp#27;[0m &amp#27;[37m-->&amp#27;[39m &amp#27;[37mPOST&amp#27;[39m &amp#27;[37m/session/fe0cd291-8f79-4212-8568-b4785b2dee12/element&amp#27;[39m
&amp#27;[38;5;0m[HTTP]&amp#27;[0m &amp#27;[90m{"using":"xpath","value":"//android.widget.TextView[@index=0]"}&amp#27;[39m
[debug] &amp#27;[38;5;32m[AndroidUiautomator2Driver@b227 (fe0cd291)]&amp#27;[0m Calling AppiumDriver.findElement() with args: ["xpath","//android.widget.TextView[@index=0]","fe0cd291-8f79-4212-8568-b4785b2dee12"]
[debug] &amp#27;[38;5;32m[AndroidUiautomator2Driver@b227 (fe0cd291)]&amp#27;[0m Valid locator strategies for this request: xpath, id, class name, accessibility id, css selector, -android uiautomator
[debug] &amp#27;[38;5;32m[AndroidUiautomator2Driver@b227 (fe0cd291)]&amp#27;[0m Waiting up to 10000 ms for condition
[debug] &amp#27;[38;5;32m[AndroidUiautomator2Driver@b227 (fe0cd291)]&amp#27;[0m Matched '/element' to command name 'findElement'
[debug] &amp#27;[38;5;32m[AndroidUiautomator2Driver@b227 (fe0cd291)]&amp#27;[0m Proxying [POST /element] to [POST http://127.0.0.1:8200/session/85989a46-cbdd-4bd4-a501-a859808a0843/element] with body: {"strategy":"xpath","selector":"//android.widget.TextView[@index=0]","context":"","multiple":false}
[debug] &amp#27;[38;5;32m[AndroidUiautomator2Driver@b227 (fe0cd291)]&amp#27;[0m Got response with status 200: {"sessionId":"85989a46-cbdd-4bd4-a501-a859808a0843","value":{"ELEMENT":"00000000-0000-0032-ffff-ffff000000d4","element-6066-11e4-a52e-4f735466cecf":"00000000-0000-0032-ffff-ffff000000d4"}}
[debug] &amp#27;[38;5;32m[AndroidUiautomator2Driver@b227 (fe0cd291)]&amp#27;[0m Responding to client with driver.findElement() result: {"element-6066-11e4-a52e-4f735466cecf":"00000000-0000-0032-ffff-ffff000000d4","ELEMENT":"00000000-0000-0032-ffff-ffff000000d4"}
&amp#27;[38;5;0m[HTTP]&amp#27;[0m &amp#27;[37m<-- POST /session/fe0cd291-8f79-4212-8568-b4785b2dee12/element &amp#27;[39m&amp#27;[32m200&amp#27;[39m &amp#27;[90m43 ms - 137&amp#27;[39m
&amp#27;[38;5;0m[HTTP]&amp#27;[0m &amp#27;[90m&amp#27;[39m
&amp#27;[38;5;0m[HTTP]&amp#27;[0m &amp#27;[37m-->&amp#27;[39m &amp#27;[37mPOST&amp#27;[39m &amp#27;[37m/session/fe0cd291-8f79-4212-8568-b4785b2dee12/element/00000000-0000-0032-ffff-ffff000000d4/click&amp#27;[39m
&amp#27;[38;5;0m[HTTP]&amp#27;[0m &amp#27;[90m{"id":"00000000-0000-0032-ffff-ffff000000d4"}&amp#27;[39m
[debug] &amp#27;[38;5;32m[AndroidUiautomator2Driver@b227 (fe0cd291)]&amp#27;[0m Calling AppiumDriver.click() with args: ["00000000-0000-0032-ffff-ffff000000d4","fe0cd291-8f79-4212-8568-b4785b2dee12"]
[debug] &amp#27;[38;5;32m[AndroidUiautomator2Driver@b227 (fe0cd291)]&amp#27;[0m Matched '/element/00000000-0000-0032-ffff-ffff000000d4/click' to command name 'click'
[debug] &amp#27;[38;5;32m[AndroidUiautomator2Driver@b227 (fe0cd291)]&amp#27;[0m Proxying [POST /element/00000000-0000-0032-ffff-ffff000000d4/click] to [POST http://127.0.0.1:8200/session/85989a46-cbdd-4bd4-a501-a859808a0843/element/00000000-0000-0032-ffff-ffff000000d4/click] with body: {"element":"00000000-0000-0032-ffff-ffff000000d4"}
[debug] &amp#27;[38;5;32m[AndroidUiautomator2Driver@b227 (fe0cd291)]&amp#27;[0m Got response with status 200: {"sessionId":"85989a46-cbdd-4bd4-a501-a859808a0843","value":null}
[debug] &amp#27;[38;5;32m[AndroidUiautomator2Driver@b227 (fe0cd291)]&amp#27;[0m Responding to client with driver.click() result: null
&amp#27;[38;5;0m[HTTP]&amp#27;[0m &amp#27;[37m<-- POST /session/fe0cd291-8f79-4212-8568-b4785b2dee12/element/00000000-0000-0032-ffff-ffff000000d4/click &amp#27;[39m&amp#27;[32m200&amp#27;[39m &amp#27;[90m40 ms - 14&amp#27;[39m
&amp#27;[38;5;0m[HTTP]&amp#27;[0m &amp#27;[90m&amp#27;[39m
&amp#27;[38;5;0m[HTTP]&amp#27;[0m &amp#27;[37m-->&amp#27;[39m &amp#27;[37mPOST&amp#27;[39m &amp#27;[37m/session/fe0cd291-8f79-4212-8568-b4785b2dee12/timeouts&amp#27;[39m
&amp#27;[38;5;0m[HTTP]&amp#27;[0m &amp#27;[90m{"implicit":6000}&amp#27;[39m
[debug] &amp#27;[38;5;32m[AndroidUiautomator2Driver@b227 (fe0cd291)]&amp#27;[0m Calling AppiumDriver.timeouts() with args: [null,null,null,null,6000,"fe0cd291-8f79-4212-8568-b4785b2dee12"]
[debug] &amp#27;[38;5;32m[AndroidUiautomator2Driver@b227 (fe0cd291)]&amp#27;[0m W3C timeout argument: {"implicit":6000}}
[debug] &amp#27;[38;5;32m[AndroidUiautomator2Driver@b227 (fe0cd291)]&amp#27;[0m Set implicit wait to 6000ms
[debug] &amp#27;[38;5;32m[AndroidUiautomator2Driver@b227 (fe0cd291)]&amp#27;[0m Responding to client with driver.timeouts() result: null
&amp#27;[38;5;0m[HTTP]&amp#27;[0m &amp#27;[37m<-- POST /session/fe0cd291-8f79-4212-8568-b4785b2dee12/timeouts &amp#27;[39m&amp#27;[32m200&amp#27;[39m &amp#27;[90m1 ms - 14&amp#27;[39m
&amp#27;[38;5;0m[HTTP]&amp#27;[0m &amp#27;[90m&amp#27;[39m
&amp#27;[38;5;0m[HTTP]&amp#27;[0m &amp#27;[37m-->&amp#27;[39m &amp#27;[37mPOST&amp#27;[39m &amp#27;[37m/session/fe0cd291-8f79-4212-8568-b4785b2dee12/element&amp#27;[39m
&amp#27;[38;5;0m[HTTP]&amp#27;[0m &amp#27;[90m{"using":"xpath","value":"//android.widget.Button[@text='Allow']"}&amp#27;[39m
[debug] &amp#27;[38;5;32m[AndroidUiautomator2Driver@b227 (fe0cd291)]&amp#27;[0m Calling AppiumDriver.findElement() with args: ["xpath","//android.widget.Button[@text='Allow']","fe0cd291-8f79-4212-8568-b4785b2dee12"]
[debug] &amp#27;[38;5;32m[AndroidUiautomator2Driver@b227 (fe0cd291)]&amp#27;[0m Valid locator strategies for this request: xpath, id, class name, accessibility id, css selector, -android uiautomator
[debug] &amp#27;[38;5;32m[AndroidUiautomator2Driver@b227 (fe0cd291)]&amp#27;[0m Waiting up to 6000 ms for condition
[debug] &amp#27;[38;5;32m[AndroidUiautomator2Driver@b227 (fe0cd291)]&amp#27;[0m Matched '/element' to command name 'findElement'
[debug] &amp#27;[38;5;32m[AndroidUiautomator2Driver@b227 (fe0cd291)]&amp#27;[0m Proxying [POST /element] to [POST http://127.0.0.1:8200/session/85989a46-cbdd-4bd4-a501-a859808a0843/element] with body: {"strategy":"xpath","selector":"//android.widget.Button[@text='Allow']","context":"","multiple":false}
&amp#27;[38;5;32m[AndroidUiautomator2Driver@b227 (fe0cd291)]&amp#27;[0m Got response with status 404: {"sessionId":"85989a46-cbdd-4bd4-a501-a859808a0843","value":{"error":"no such element","message":"An element could not be located on the page using the given search parameters","stacktrace":"io.appium.uiautomator2.common.exceptions.ElementNotFoundException: An element could not be located on the page using the given search parameters\n\tat io.appium.uiautomator2.utils.ElementLocationHelpers.findElement(ElementLocationHelpers.java:156)\n\tat io.appium.uiautomator2.handler.FindElement.safeHandle(FindElement.java:60)\n\tat io.appium.uiautomator2.handler.request.SafeRequestHandler.handle(SafeRequestHandler.java:59)\n\tat io.appium.uiautomator2.server.AppiumServlet.handleRequest(AppiumServlet.java:277)\n\tat io.appium.uiautomator2.server.AppiumServlet.handleHttpRequest(AppiumServlet.java:271)\n\tat io.appium.uiautomator2.http.ServerHandler.channelRead(ServerHandler.java:68)\n\tat io.netty.channel.AbstractChannelHandlerContext.invokeChannelRead(AbstractChannelHandlerContext.java:366)\n\tat io.netty.channel.Abstr...
[debug] &amp#27;[38;5;128m[W3C]&amp#27;[0m Matched W3C error code 'no such element' to NoSuchElementError
[debug] &amp#27;[38;5;32m[AndroidUiautomator2Driver@b227 (fe0cd291)]&amp#27;[0m Waited for 42 ms so far
[debug] &amp#27;[38;5;32m[AndroidUiautomator2Driver@b227 (fe0cd291)]&amp#27;[0m Matched '/element' to command name 'findElement'
[debug] &amp#27;[38;5;32m[AndroidUiautomator2Driver@b227 (fe0cd291)]&amp#27;[0m Proxying [POST /element] to [POST http://127.0.0.1:8200/session/85989a46-cbdd-4bd4-a501-a859808a0843/element] with body: {"strategy":"xpath","selector":"//android.widget.Button[@text='Allow']","context":"","multiple":false}
&amp#27;[38;5;32m[AndroidUiautomator2Driver@b227 (fe0cd291)]&amp#27;[0m Got response with status 404: {"sessionId":"85989a46-cbdd-4bd4-a501-a859808a0843","value":{"error":"no such element","message":"An element could not be located on the page using the given search parameters","stacktrace":"io.appium.uiautomator2.common.exceptions.ElementNotFoundException: An element could not be located on the page using the given search parameters\n\tat io.appium.uiautomator2.utils.ElementLocationHelpers.findElement(ElementLocationHelpers.java:156)\n\tat io.appium.uiautomator2.handler.FindElement.safeHandle(FindElement.java:60)\n\tat io.appium.uiautomator2.handler.request.SafeRequestHandler.handle(SafeRequestHandler.java:59)\n\tat io.appium.uiautomator2.server.AppiumServlet.handleRequest(AppiumServlet.java:277)\n\tat io.appium.uiautomator2.server.AppiumServlet.handleHttpRequest(AppiumServlet.java:271)\n\tat io.appium.uiautomator2.http.ServerHandler.channelRead(ServerHandler.java:68)\n\tat io.netty.channel.AbstractChannelHandlerContext.invokeChannelRead(AbstractChannelHandlerContext.java:366)\n\tat io.netty.channel.Abstr...
[debug] &amp#27;[38;5;128m[W3C]&amp#27;[0m Matched W3C error code 'no such element' to NoSuchElementError
[debug] &amp#27;[38;5;32m[AndroidUiautomator2Driver@b227 (fe0cd291)]&amp#27;[0m Waited for 1006 ms so far
[debug] &amp#27;[38;5;32m[AndroidUiautomator2Driver@b227 (fe0cd291)]&amp#27;[0m Matched '/element' to command name 'findElement'
[debug] &amp#27;[38;5;32m[AndroidUiautomator2Driver@b227 (fe0cd291)]&amp#27;[0m Proxying [POST /element] to [POST http://127.0.0.1:8200/session/85989a46-cbdd-4bd4-a501-a859808a0843/element] with body: {"strategy":"xpath","selector":"//android.widget.Button[@text='Allow']","context":"","multiple":false}
&amp#27;[38;5;32m[AndroidUiautomator2Driver@b227 (fe0cd291)]&amp#27;[0m Got response with status 404: {"sessionId":"85989a46-cbdd-4bd4-a501-a859808a0843","value":{"error":"no such element","message":"An element could not be located on the page using the given search parameters","stacktrace":"io.appium.uiautomator2.common.exceptions.ElementNotFoundException: An element could not be located on the page using the given search parameters\n\tat io.appium.uiautomator2.utils.ElementLocationHelpers.findElement(ElementLocationHelpers.java:156)\n\tat io.appium.uiautomator2.handler.FindElement.safeHandle(FindElement.java:60)\n\tat io.appium.uiautomator2.handler.request.SafeRequestHandler.handle(SafeRequestHandler.java:59)\n\tat io.appium.uiautomator2.server.AppiumServlet.handleRequest(AppiumServlet.java:277)\n\tat io.appium.uiautomator2.server.AppiumServlet.handleHttpRequest(AppiumServlet.java:271)\n\tat io.appium.uiautomator2.http.ServerHandler.channelRead(ServerHandler.java:68)\n\tat io.netty.channel.AbstractChannelHandlerContext.invokeChannelRead(AbstractChannelHandlerContext.java:366)\n\tat io.netty.channel.Abstr...
[debug] &amp#27;[38;5;128m[W3C]&amp#27;[0m Matched W3C error code 'no such element' to NoSuchElementError
[debug] &amp#27;[38;5;32m[AndroidUiautomator2Driver@b227 (fe0cd291)]&amp#27;[0m Waited for 1528 ms so far
[debug] &amp#27;[38;5;32m[AndroidUiautomator2Driver@b227 (fe0cd291)]&amp#27;[0m Matched '/element' to command name 'findElement'
[debug] &amp#27;[38;5;32m[AndroidUiautomator2Driver@b227 (fe0cd291)]&amp#27;[0m Proxying [POST /element] to [POST http://127.0.0.1:8200/session/85989a46-cbdd-4bd4-a501-a859808a0843/element] with body: {"strategy":"xpath","selector":"//android.widget.Button[@text='Allow']","context":"","multiple":false}
&amp#27;[38;5;32m[AndroidUiautomator2Driver@b227 (fe0cd291)]&amp#27;[0m Got response with status 404: {"sessionId":"85989a46-cbdd-4bd4-a501-a859808a0843","value":{"error":"no such element","message":"An element could not be located on the page using the given search parameters","stacktrace":"io.appium.uiautomator2.common.exceptions.ElementNotFoundException: An element could not be located on the page using the given search parameters\n\tat io.appium.uiautomator2.utils.ElementLocationHelpers.findElement(ElementLocationHelpers.java:156)\n\tat io.appium.uiautomator2.handler.FindElement.safeHandle(FindElement.java:60)\n\tat io.appium.uiautomator2.handler.request.SafeRequestHandler.handle(SafeRequestHandler.java:59)\n\tat io.appium.uiautomator2.server.AppiumServlet.handleRequest(AppiumServlet.java:277)\n\tat io.appium.uiautomator2.server.AppiumServlet.handleHttpRequest(AppiumServlet.java:271)\n\tat io.appium.uiautomator2.http.ServerHandler.channelRead(ServerHandler.java:68)\n\tat io.netty.channel.AbstractChannelHandlerContext.invokeChannelRead(AbstractChannelHandlerContext.java:366)\n\tat io.netty.channel.Abstr...
[debug] &amp#27;[38;5;128m[W3C]&amp#27;[0m Matched W3C error code 'no such element' to NoSuchElementError
[debug] &amp#27;[38;5;32m[AndroidUiautomator2Driver@b227 (fe0cd291)]&amp#27;[0m Waited for 2074 ms so far
[debug] &amp#27;[38;5;32m[AndroidUiautomator2Driver@b227 (fe0cd291)]&amp#27;[0m Matched '/element' to command name 'findElement'
[debug] &amp#27;[38;5;32m[AndroidUiautomator2Driver@b227 (fe0cd291)]&amp#27;[0m Proxying [POST /element] to [POST http://127.0.0.1:8200/session/85989a46-cbdd-4bd4-a501-a859808a0843/element] with body: {"strategy":"xpath","selector":"//android.widget.Button[@text='Allow']","context":"","multiple":false}
&amp#27;[38;5;32m[AndroidUiautomator2Driver@b227 (fe0cd291)]&amp#27;[0m Got response with status 404: {"sessionId":"85989a46-cbdd-4bd4-a501-a859808a0843","value":{"error":"no such element","message":"An element could not be located on the page using the given search parameters","stacktrace":"io.appium.uiautomator2.common.exceptions.ElementNotFoundException: An element could not be located on the page using the given search parameters\n\tat io.appium.uiautomator2.utils.ElementLocationHelpers.findElement(ElementLocationHelpers.java:156)\n\tat io.appium.uiautomator2.handler.FindElement.safeHandle(FindElement.java:60)\n\tat io.appium.uiautomator2.handler.request.SafeRequestHandler.handle(SafeRequestHandler.java:59)\n\tat io.appium.uiautomator2.server.AppiumServlet.handleRequest(AppiumServlet.java:277)\n\tat io.appium.uiautomator2.server.AppiumServlet.handleHttpRequest(AppiumServlet.java:271)\n\tat io.appium.uiautomator2.http.ServerHandler.channelRead(ServerHandler.java:68)\n\tat io.netty.channel.AbstractChannelHandlerContext.invokeChannelRead(AbstractChannelHandlerContext.java:366)\n\tat io.netty.channel.Abstr...
[debug] &amp#27;[38;5;128m[W3C]&amp#27;[0m Matched W3C error code 'no such element' to NoSuchElementError
[debug] &amp#27;[38;5;32m[AndroidUiautomator2Driver@b227 (fe0cd291)]&amp#27;[0m Waited for 2605 ms so far
[debug] &amp#27;[38;5;32m[AndroidUiautomator2Driver@b227 (fe0cd291)]&amp#27;[0m Matched '/element' to command name 'findElement'
[debug] &amp#27;[38;5;32m[AndroidUiautomator2Driver@b227 (fe0cd291)]&amp#27;[0m Proxying [POST /element] to [POST http://127.0.0.1:8200/session/85989a46-cbdd-4bd4-a501-a859808a0843/element] with body: {"strategy":"xpath","selector":"//android.widget.Button[@text='Allow']","context":"","multiple":false}
&amp#27;[38;5;32m[AndroidUiautomator2Driver@b227 (fe0cd291)]&amp#27;[0m Got response with status 404: {"sessionId":"85989a46-cbdd-4bd4-a501-a859808a0843","value":{"error":"no such element","message":"An element could not be located on the page using the given search parameters","stacktrace":"io.appium.uiautomator2.common.exceptions.ElementNotFoundException: An element could not be located on the page using the given search parameters\n\tat io.appium.uiautomator2.utils.ElementLocationHelpers.findElement(ElementLocationHelpers.java:156)\n\tat io.appium.uiautomator2.handler.FindElement.safeHandle(FindElement.java:60)\n\tat io.appium.uiautomator2.handler.request.SafeRequestHandler.handle(SafeRequestHandler.java:59)\n\tat io.appium.uiautomator2.server.AppiumServlet.handleRequest(AppiumServlet.java:277)\n\tat io.appium.uiautomator2.server.AppiumServlet.handleHttpRequest(AppiumServlet.java:271)\n\tat io.appium.uiautomator2.http.ServerHandler.channelRead(ServerHandler.java:68)\n\tat io.netty.channel.AbstractChannelHandlerContext.invokeChannelRead(AbstractChannelHandlerContext.java:366)\n\tat io.netty.channel.Abstr...
[debug] &amp#27;[38;5;128m[W3C]&amp#27;[0m Matched W3C error code 'no such element' to NoSuchElementError
[debug] &amp#27;[38;5;32m[AndroidUiautomator2Driver@b227 (fe0cd291)]&amp#27;[0m Waited for 3132 ms so far
[debug] &amp#27;[38;5;32m[AndroidUiautomator2Driver@b227 (fe0cd291)]&amp#27;[0m Matched '/element' to command name 'findElement'
[debug] &amp#27;[38;5;32m[AndroidUiautomator2Driver@b227 (fe0cd291)]&amp#27;[0m Proxying [POST /element] to [POST http://127.0.0.1:8200/session/85989a46-cbdd-4bd4-a501-a859808a0843/element] with body: {"strategy":"xpath","selector":"//android.widget.Button[@text='Allow']","context":"","multiple":false}
&amp#27;[38;5;32m[AndroidUiautomator2Driver@b227 (fe0cd291)]&amp#27;[0m Got response with status 404: {"sessionId":"85989a46-cbdd-4bd4-a501-a859808a0843","value":{"error":"no such element","message":"An element could not be located on the page using the given search parameters","stacktrace":"io.appium.uiautomator2.common.exceptions.ElementNotFoundException: An element could not be located on the page using the given search parameters\n\tat io.appium.uiautomator2.utils.ElementLocationHelpers.findElement(ElementLocationHelpers.java:156)\n\tat io.appium.uiautomator2.handler.FindElement.safeHandle(FindElement.java:60)\n\tat io.appium.uiautomator2.handler.request.SafeRequestHandler.handle(SafeRequestHandler.java:59)\n\tat io.appium.uiautomator2.server.AppiumServlet.handleRequest(AppiumServlet.java:277)\n\tat io.appium.uiautomator2.server.AppiumServlet.handleHttpRequest(AppiumServlet.java:271)\n\tat io.appium.uiautomator2.http.ServerHandler.channelRead(ServerHandler.java:68)\n\tat io.netty.channel.AbstractChannelHandlerContext.invokeChannelRead(AbstractChannelHandlerContext.java:366)\n\tat io.netty.channel.Abstr...
[debug] &amp#27;[38;5;128m[W3C]&amp#27;[0m Matched W3C error code 'no such element' to NoSuchElementError
[debug] &amp#27;[38;5;32m[AndroidUiautomator2Driver@b227 (fe0cd291)]&amp#27;[0m Waited for 3663 ms so far
[debug] &amp#27;[38;5;32m[AndroidUiautomator2Driver@b227 (fe0cd291)]&amp#27;[0m Matched '/element' to command name 'findElement'
[debug] &amp#27;[38;5;32m[AndroidUiautomator2Driver@b227 (fe0cd291)]&amp#27;[0m Proxying [POST /element] to [POST http://127.0.0.1:8200/session/85989a46-cbdd-4bd4-a501-a859808a0843/element] with body: {"strategy":"xpath","selector":"//android.widget.Button[@text='Allow']","context":"","multiple":false}
&amp#27;[38;5;32m[AndroidUiautomator2Driver@b227 (fe0cd291)]&amp#27;[0m Got response with status 404: {"sessionId":"85989a46-cbdd-4bd4-a501-a859808a0843","value":{"error":"no such element","message":"An element could not be located on the page using the given search parameters","stacktrace":"io.appium.uiautomator2.common.exceptions.ElementNotFoundException: An element could not be located on the page using the given search parameters\n\tat io.appium.uiautomator2.utils.ElementLocationHelpers.findElement(ElementLocationHelpers.java:156)\n\tat io.appium.uiautomator2.handler.FindElement.safeHandle(FindElement.java:60)\n\tat io.appium.uiautomator2.handler.request.SafeRequestHandler.handle(SafeRequestHandler.java:59)\n\tat io.appium.uiautomator2.server.AppiumServlet.handleRequest(AppiumServlet.java:277)\n\tat io.appium.uiautomator2.server.AppiumServlet.handleHttpRequest(AppiumServlet.java:271)\n\tat io.appium.uiautomator2.http.ServerHandler.channelRead(ServerHandler.java:68)\n\tat io.netty.channel.AbstractChannelHandlerContext.invokeChannelRead(AbstractChannelHandlerContext.java:366)\n\tat io.netty.channel.Abstr...
[debug] &amp#27;[38;5;128m[W3C]&amp#27;[0m Matched W3C error code 'no such element' to NoSuchElementError
[debug] &amp#27;[38;5;32m[AndroidUiautomator2Driver@b227 (fe0cd291)]&amp#27;[0m Waited for 4196 ms so far
[debug] &amp#27;[38;5;32m[AndroidUiautomator2Driver@b227 (fe0cd291)]&amp#27;[0m Matched '/element' to command name 'findElement'
[debug] &amp#27;[38;5;32m[AndroidUiautomator2Driver@b227 (fe0cd291)]&amp#27;[0m Proxying [POST /element] to [POST http://127.0.0.1:8200/session/85989a46-cbdd-4bd4-a501-a859808a0843/element] with body: {"strategy":"xpath","selector":"//android.widget.Button[@text='Allow']","context":"","multiple":false}
&amp#27;[38;5;32m[AndroidUiautomator2Driver@b227 (fe0cd291)]&amp#27;[0m Got response with status 404: {"sessionId":"85989a46-cbdd-4bd4-a501-a859808a0843","value":{"error":"no such element","message":"An element could not be located on the page using the given search parameters","stacktrace":"io.appium.uiautomator2.common.exceptions.ElementNotFoundException: An element could not be located on the page using the given search parameters\n\tat io.appium.uiautomator2.utils.ElementLocationHelpers.findElement(ElementLocationHelpers.java:156)\n\tat io.appium.uiautomator2.handler.FindElement.safeHandle(FindElement.java:60)\n\tat io.appium.uiautomator2.handler.request.SafeRequestHandler.handle(SafeRequestHandler.java:59)\n\tat io.appium.uiautomator2.server.AppiumServlet.handleRequest(AppiumServlet.java:277)\n\tat io.appium.uiautomator2.server.AppiumServlet.handleHttpRequest(AppiumServlet.java:271)\n\tat io.appium.uiautomator2.http.ServerHandler.channelRead(ServerHandler.java:68)\n\tat io.netty.channel.AbstractChannelHandlerContext.invokeChannelRead(AbstractChannelHandlerContext.java:366)\n\tat io.netty.channel.Abstr...
[debug] &amp#27;[38;5;128m[W3C]&amp#27;[0m Matched W3C error code 'no such element' to NoSuchElementError
[debug] &amp#27;[38;5;32m[AndroidUiautomator2Driver@b227 (fe0cd291)]&amp#27;[0m Waited for 4720 ms so far
[debug] &amp#27;[38;5;32m[AndroidUiautomator2Driver@b227 (fe0cd291)]&amp#27;[0m Matched '/element' to command name 'findElement'
[debug] &amp#27;[38;5;32m[AndroidUiautomator2Driver@b227 (fe0cd291)]&amp#27;[0m Proxying [POST /element] to [POST http://127.0.0.1:8200/session/85989a46-cbdd-4bd4-a501-a859808a0843/element] with body: {"strategy":"xpath","selector":"//android.widget.Button[@text='Allow']","context":"","multiple":false}
&amp#27;[38;5;32m[AndroidUiautomator2Driver@b227 (fe0cd291)]&amp#27;[0m Got response with status 404: {"sessionId":"85989a46-cbdd-4bd4-a501-a859808a0843","value":{"error":"no such element","message":"An element could not be located on the page using the given search parameters","stacktrace":"io.appium.uiautomator2.common.exceptions.ElementNotFoundException: An element could not be located on the page using the given search parameters\n\tat io.appium.uiautomator2.utils.ElementLocationHelpers.findElement(ElementLocationHelpers.java:156)\n\tat io.appium.uiautomator2.handler.FindElement.safeHandle(FindElement.java:60)\n\tat io.appium.uiautomator2.handler.request.SafeRequestHandler.handle(SafeRequestHandler.java:59)\n\tat io.appium.uiautomator2.server.AppiumServlet.handleRequest(AppiumServlet.java:277)\n\tat io.appium.uiautomator2.server.AppiumServlet.handleHttpRequest(AppiumServlet.java:271)\n\tat io.appium.uiautomator2.http.ServerHandler.channelRead(ServerHandler.java:68)\n\tat io.netty.channel.AbstractChannelHandlerContext.invokeChannelRead(AbstractChannelHandlerContext.java:366)\n\tat io.netty.channel.Abstr...
[debug] &amp#27;[38;5;128m[W3C]&amp#27;[0m Matched W3C error code 'no such element' to NoSuchElementError
[debug] &amp#27;[38;5;32m[AndroidUiautomator2Driver@b227 (fe0cd291)]&amp#27;[0m Waited for 5239 ms so far
[debug] &amp#27;[38;5;32m[AndroidUiautomator2Driver@b227 (fe0cd291)]&amp#27;[0m Matched '/element' to command name 'findElement'
[debug] &amp#27;[38;5;32m[AndroidUiautomator2Driver@b227 (fe0cd291)]&amp#27;[0m Proxying [POST /element] to [POST http://127.0.0.1:8200/session/85989a46-cbdd-4bd4-a501-a859808a0843/element] with body: {"strategy":"xpath","selector":"//android.widget.Button[@text='Allow']","context":"","multiple":false}
&amp#27;[38;5;32m[AndroidUiautomator2Driver@b227 (fe0cd291)]&amp#27;[0m Got response with status 404: {"sessionId":"85989a46-cbdd-4bd4-a501-a859808a0843","value":{"error":"no such element","message":"An element could not be located on the page using the given search parameters","stacktrace":"io.appium.uiautomator2.common.exceptions.ElementNotFoundException: An element could not be located on the page using the given search parameters\n\tat io.appium.uiautomator2.utils.ElementLocationHelpers.findElement(ElementLocationHelpers.java:156)\n\tat io.appium.uiautomator2.handler.FindElement.safeHandle(FindElement.java:60)\n\tat io.appium.uiautomator2.handler.request.SafeRequestHandler.handle(SafeRequestHandler.java:59)\n\tat io.appium.uiautomator2.server.AppiumServlet.handleRequest(AppiumServlet.java:277)\n\tat io.appium.uiautomator2.server.AppiumServlet.handleHttpRequest(AppiumServlet.java:271)\n\tat io.appium.uiautomator2.http.ServerHandler.channelRead(ServerHandler.java:68)\n\tat io.netty.channel.AbstractChannelHandlerContext.invokeChannelRead(AbstractChannelHandlerContext.java:366)\n\tat io.netty.channel.Abstr...
[debug] &amp#27;[38;5;128m[W3C]&amp#27;[0m Matched W3C error code 'no such element' to NoSuchElementError
[debug] &amp#27;[38;5;32m[AndroidUiautomator2Driver@b227 (fe0cd291)]&amp#27;[0m Waited for 5784 ms so far
[debug] &amp#27;[38;5;32m[AndroidUiautomator2Driver@b227 (fe0cd291)]&amp#27;[0m Matched '/element' to command name 'findElement'
[debug] &amp#27;[38;5;32m[AndroidUiautomator2Driver@b227 (fe0cd291)]&amp#27;[0m Proxying [POST /element] to [POST http://127.0.0.1:8200/session/85989a46-cbdd-4bd4-a501-a859808a0843/element] with body: {"strategy":"xpath","selector":"//android.widget.Button[@text='Allow']","context":"","multiple":false}
&amp#27;[38;5;32m[AndroidUiautomator2Driver@b227 (fe0cd291)]&amp#27;[0m Got response with status 404: {"sessionId":"85989a46-cbdd-4bd4-a501-a859808a0843","value":{"error":"no such element","message":"An element could not be located on the page using the given search parameters","stacktrace":"io.appium.uiautomator2.common.exceptions.ElementNotFoundException: An element could not be located on the page using the given search parameters\n\tat io.appium.uiautomator2.utils.ElementLocationHelpers.findElement(ElementLocationHelpers.java:156)\n\tat io.appium.uiautomator2.handler.FindElement.safeHandle(FindElement.java:60)\n\tat io.appium.uiautomator2.handler.request.SafeRequestHandler.handle(SafeRequestHandler.java:59)\n\tat io.appium.uiautomator2.server.AppiumServlet.handleRequest(AppiumServlet.java:277)\n\tat io.appium.uiautomator2.server.AppiumServlet.handleHttpRequest(AppiumServlet.java:271)\n\tat io.appium.uiautomator2.http.ServerHandler.channelRead(ServerHandler.java:68)\n\tat io.netty.channel.AbstractChannelHandlerContext.invokeChannelRead(AbstractChannelHandlerContext.java:366)\n\tat io.netty.channel.Abstr...
[debug] &amp#27;[38;5;128m[W3C]&amp#27;[0m Matched W3C error code 'no such element' to NoSuchElementError
[debug] &amp#27;[38;5;32m[AndroidUiautomator2Driver@b227 (fe0cd291)]&amp#27;[0m Encountered internal error running command: NoSuchElementError: An element could not be located on the page using the given search parameters.
[debug] &amp#27;[38;5;32m[AndroidUiautomator2Driver@b227 (fe0cd291)]&amp#27;[0m     at AndroidUiautomator2Driver.findElOrEls (C:\Users\daniel.ogagavworia\.appium\node_modules\appium-uiautomator2-driver\node_modules\appium-android-driver\lib\commands\find.js:75:11)
[debug] &amp#27;[38;5;32m[AndroidUiautomator2Driver@b227 (fe0cd291)]&amp#27;[0m     at processTicksAndRejections (node:internal/process/task_queues:95:5)
[debug] &amp#27;[38;5;32m[AndroidUiautomator2Driver@b227 (fe0cd291)]&amp#27;[0m     at AndroidUiautomator2Driver.findElOrElsWithProcessing (C:\Users\daniel.ogagavworia\AppData\Roaming\npm\node_modules\appium\node_modules\@appium\base-driver\lib\basedriver\commands\find.ts:60:12)
[debug] &amp#27;[38;5;32m[AndroidUiautomator2Driver@b227 (fe0cd291)]&amp#27;[0m     at AndroidUiautomator2Driver.findElement (C:\Users\daniel.ogagavworia\AppData\Roaming\npm\node_modules\appium\node_modules\@appium\base-driver\lib\basedriver\commands\find.ts:75:12)
&amp#27;[38;5;0m[HTTP]&amp#27;[0m &amp#27;[37m<-- POST /session/fe0cd291-8f79-4212-8568-b4785b2dee12/element &amp#27;[39m&amp#27;[33m404&amp#27;[39m &amp#27;[90m6022 ms - 929&amp#27;[39m
&amp#27;[38;5;0m[HTTP]&amp#27;[0m &amp#27;[90m&amp#27;[39m
&amp#27;[38;5;0m[HTTP]&amp#27;[0m &amp#27;[37m-->&amp#27;[39m &amp#27;[37mPOST&amp#27;[39m &amp#27;[37m/session/fe0cd291-8f79-4212-8568-b4785b2dee12/element&amp#27;[39m
&amp#27;[38;5;0m[HTTP]&amp#27;[0m &amp#27;[90m{"using":"xpath","value":"//android.widget.TextView[@text='REGISTER']"}&amp#27;[39m
[debug] &amp#27;[38;5;32m[AndroidUiautomator2Driver@b227 (fe0cd291)]&amp#27;[0m Calling AppiumDriver.findElement() with args: ["xpath","//android.widget.TextView[@text='REGISTER']","fe0cd291-8f79-4212-8568-b4785b2dee12"]
[debug] &amp#27;[38;5;32m[AndroidUiautomator2Driver@b227 (fe0cd291)]&amp#27;[0m Valid locator strategies for this request: xpath, id, class name, accessibility id, css selector, -android uiautomator
[debug] &amp#27;[38;5;32m[AndroidUiautomator2Driver@b227 (fe0cd291)]&amp#27;[0m Waiting up to 6000 ms for condition
[debug] &amp#27;[38;5;32m[AndroidUiautomator2Driver@b227 (fe0cd291)]&amp#27;[0m Matched '/element' to command name 'findElement'
[debug] &amp#27;[38;5;32m[AndroidUiautomator2Driver@b227 (fe0cd291)]&amp#27;[0m Proxying [POST /element] to [POST http://127.0.0.1:8200/session/85989a46-cbdd-4bd4-a501-a859808a0843/element] with body: {"strategy":"xpath","selector":"//android.widget.TextView[@text='REGISTER']","context":"","multiple":false}
[debug] &amp#27;[38;5;32m[AndroidUiautomator2Driver@b227 (fe0cd291)]&amp#27;[0m Got response with status 200: {"sessionId":"85989a46-cbdd-4bd4-a501-a859808a0843","value":{"ELEMENT":"00000000-0000-0032-ffff-ffff0000002e","element-6066-11e4-a52e-4f735466cecf":"00000000-0000-0032-ffff-ffff0000002e"}}
[debug] &amp#27;[38;5;32m[AndroidUiautomator2Driver@b227 (fe0cd291)]&amp#27;[0m Responding to client with driver.findElement() result: {"element-6066-11e4-a52e-4f735466cecf":"00000000-0000-0032-ffff-ffff0000002e","ELEMENT":"00000000-0000-0032-ffff-ffff0000002e"}
&amp#27;[38;5;0m[HTTP]&amp#27;[0m &amp#27;[37m<-- POST /session/fe0cd291-8f79-4212-8568-b4785b2dee12/element &amp#27;[39m&amp#27;[32m200&amp#27;[39m &amp#27;[90m17 ms - 137&amp#27;[39m
&amp#27;[38;5;0m[HTTP]&amp#27;[0m &amp#27;[90m&amp#27;[39m
&amp#27;[38;5;0m[HTTP]&amp#27;[0m &amp#27;[37m-->&amp#27;[39m &amp#27;[37mPOST&amp#27;[39m &amp#27;[37m/session/fe0cd291-8f79-4212-8568-b4785b2dee12/element/00000000-0000-0032-ffff-ffff0000002e/click&amp#27;[39m
&amp#27;[38;5;0m[HTTP]&amp#27;[0m &amp#27;[90m{"id":"00000000-0000-0032-ffff-ffff0000002e"}&amp#27;[39m
[debug] &amp#27;[38;5;32m[AndroidUiautomator2Driver@b227 (fe0cd291)]&amp#27;[0m Calling AppiumDriver.click() with args: ["00000000-0000-0032-ffff-ffff0000002e","fe0cd291-8f79-4212-8568-b4785b2dee12"]
[debug] &amp#27;[38;5;32m[AndroidUiautomator2Driver@b227 (fe0cd291)]&amp#27;[0m Matched '/element/00000000-0000-0032-ffff-ffff0000002e/click' to command name 'click'
[debug] &amp#27;[38;5;32m[AndroidUiautomator2Driver@b227 (fe0cd291)]&amp#27;[0m Proxying [POST /element/00000000-0000-0032-ffff-ffff0000002e/click] to [POST http://127.0.0.1:8200/session/85989a46-cbdd-4bd4-a501-a859808a0843/element/00000000-0000-0032-ffff-ffff0000002e/click] with body: {"element":"00000000-0000-0032-ffff-ffff0000002e"}
[debug] &amp#27;[38;5;32m[AndroidUiautomator2Driver@b227 (fe0cd291)]&amp#27;[0m Got response with status 200: {"sessionId":"85989a46-cbdd-4bd4-a501-a859808a0843","value":null}
[debug] &amp#27;[38;5;32m[AndroidUiautomator2Driver@b227 (fe0cd291)]&amp#27;[0m Responding to client with driver.click() result: null
&amp#27;[38;5;0m[HTTP]&amp#27;[0m &amp#27;[37m<-- POST /session/fe0cd291-8f79-4212-8568-b4785b2dee12/element/00000000-0000-0032-ffff-ffff0000002e/click &amp#27;[39m&amp#27;[32m200&amp#27;[39m &amp#27;[90m35 ms - 14&amp#27;[39m
&amp#27;[38;5;0m[HTTP]&amp#27;[0m &amp#27;[90m&amp#27;[39m
&amp#27;[38;5;0m[HTTP]&amp#27;[0m &amp#27;[37m-->&amp#27;[39m &amp#27;[37mPOST&amp#27;[39m &amp#27;[37m/session/fe0cd291-8f79-4212-8568-b4785b2dee12/timeouts&amp#27;[39m
&amp#27;[38;5;0m[HTTP]&amp#27;[0m &amp#27;[90m{"implicit":10000}&amp#27;[39m
[debug] &amp#27;[38;5;32m[AndroidUiautomator2Driver@b227 (fe0cd291)]&amp#27;[0m Calling AppiumDriver.timeouts() with args: [null,null,null,null,10000,"fe0cd291-8f79-4212-8568-b4785b2dee12"]
[debug] &amp#27;[38;5;32m[AndroidUiautomator2Driver@b227 (fe0cd291)]&amp#27;[0m W3C timeout argument: {"implicit":10000}}
[debug] &amp#27;[38;5;32m[AndroidUiautomator2Driver@b227 (fe0cd291)]&amp#27;[0m Set implicit wait to 10000ms
[debug] &amp#27;[38;5;32m[AndroidUiautomator2Driver@b227 (fe0cd291)]&amp#27;[0m Responding to client with driver.timeouts() result: null
&amp#27;[38;5;0m[HTTP]&amp#27;[0m &amp#27;[37m<-- POST /session/fe0cd291-8f79-4212-8568-b4785b2dee12/timeouts &amp#27;[39m&amp#27;[32m200&amp#27;[39m &amp#27;[90m1 ms - 14&amp#27;[39m
&amp#27;[38;5;0m[HTTP]&amp#27;[0m &amp#27;[90m&amp#27;[39m
&amp#27;[38;5;0m[HTTP]&amp#27;[0m &amp#27;[37m-->&amp#27;[39m &amp#27;[37mPOST&amp#27;[39m &amp#27;[37m/session/fe0cd291-8f79-4212-8568-b4785b2dee12/element&amp#27;[39m
&amp#27;[38;5;0m[HTTP]&amp#27;[0m &amp#27;[90m{"using":"xpath","value":"//android.widget.EditText[@index=3]"}&amp#27;[39m
[debug] &amp#27;[38;5;32m[AndroidUiautomator2Driver@b227 (fe0cd291)]&amp#27;[0m Calling AppiumDriver.findElement() with args: ["xpath","//android.widget.EditText[@index=3]","fe0cd291-8f79-4212-8568-b4785b2dee12"]
[debug] &amp#27;[38;5;32m[AndroidUiautomator2Driver@b227 (fe0cd291)]&amp#27;[0m Valid locator strategies for this request: xpath, id, class name, accessibility id, css selector, -android uiautomator
[debug] &amp#27;[38;5;32m[AndroidUiautomator2Driver@b227 (fe0cd291)]&amp#27;[0m Waiting up to 10000 ms for condition
[debug] &amp#27;[38;5;32m[AndroidUiautomator2Driver@b227 (fe0cd291)]&amp#27;[0m Matched '/element' to command name 'findElement'
[debug] &amp#27;[38;5;32m[AndroidUiautomator2Driver@b227 (fe0cd291)]&amp#27;[0m Proxying [POST /element] to [POST http://127.0.0.1:8200/session/85989a46-cbdd-4bd4-a501-a859808a0843/element] with body: {"strategy":"xpath","selector":"//android.widget.EditText[@index=3]","context":"","multiple":false}
&amp#27;[38;5;32m[AndroidUiautomator2Driver@b227 (fe0cd291)]&amp#27;[0m Got response with status 404: {"sessionId":"85989a46-cbdd-4bd4-a501-a859808a0843","value":{"error":"no such element","message":"An element could not be located on the page using the given search parameters","stacktrace":"io.appium.uiautomator2.common.exceptions.ElementNotFoundException: An element could not be located on the page using the given search parameters\n\tat io.appium.uiautomator2.utils.ElementLocationHelpers.findElement(ElementLocationHelpers.java:156)\n\tat io.appium.uiautomator2.handler.FindElement.safeHandle(FindElement.java:60)\n\tat io.appium.uiautomator2.handler.request.SafeRequestHandler.handle(SafeRequestHandler.java:59)\n\tat io.appium.uiautomator2.server.AppiumServlet.handleRequest(AppiumServlet.java:277)\n\tat io.appium.uiautomator2.server.AppiumServlet.handleHttpRequest(AppiumServlet.java:271)\n\tat io.appium.uiautomator2.http.ServerHandler.channelRead(ServerHandler.java:68)\n\tat io.netty.channel.AbstractChannelHandlerContext.invokeChannelRead(AbstractChannelHandlerContext.java:366)\n\tat io.netty.channel.Abstr...
[debug] &amp#27;[38;5;128m[W3C]&amp#27;[0m Matched W3C error code 'no such element' to NoSuchElementError
[debug] &amp#27;[38;5;32m[AndroidUiautomator2Driver@b227 (fe0cd291)]&amp#27;[0m Waited for 26 ms so far
[debug] &amp#27;[38;5;32m[AndroidUiautomator2Driver@b227 (fe0cd291)]&amp#27;[0m Matched '/element' to command name 'findElement'
[debug] &amp#27;[38;5;32m[AndroidUiautomator2Driver@b227 (fe0cd291)]&amp#27;[0m Proxying [POST /element] to [POST http://127.0.0.1:8200/session/85989a46-cbdd-4bd4-a501-a859808a0843/element] with body: {"strategy":"xpath","selector":"//android.widget.EditText[@index=3]","context":"","multiple":false}
[debug] &amp#27;[38;5;32m[AndroidUiautomator2Driver@b227 (fe0cd291)]&amp#27;[0m Got response with status 200: {"sessionId":"85989a46-cbdd-4bd4-a501-a859808a0843","value":{"ELEMENT":"00000000-0000-0032-ffff-ffff0000010e","element-6066-11e4-a52e-4f735466cecf":"00000000-0000-0032-ffff-ffff0000010e"}}
[debug] &amp#27;[38;5;32m[AndroidUiautomator2Driver@b227 (fe0cd291)]&amp#27;[0m Responding to client with driver.findElement() result: {"element-6066-11e4-a52e-4f735466cecf":"00000000-0000-0032-ffff-ffff0000010e","ELEMENT":"00000000-0000-0032-ffff-ffff0000010e"}
&amp#27;[38;5;0m[HTTP]&amp#27;[0m &amp#27;[37m<-- POST /session/fe0cd291-8f79-4212-8568-b4785b2dee12/element &amp#27;[39m&amp#27;[32m200&amp#27;[39m &amp#27;[90m1039 ms - 137&amp#27;[39m
&amp#27;[38;5;0m[HTTP]&amp#27;[0m &amp#27;[90m&amp#27;[39m
&amp#27;[38;5;0m[HTTP]&amp#27;[0m &amp#27;[37m-->&amp#27;[39m &amp#27;[37mPOST&amp#27;[39m &amp#27;[37m/session/fe0cd291-8f79-4212-8568-b4785b2dee12/element/00000000-0000-0032-ffff-ffff0000010e/value&amp#27;[39m
&amp#27;[38;5;0m[HTTP]&amp#27;[0m &amp#27;[90m{"id":"00000000-0000-0032-ffff-ffff0000010e","text":"Daniel Ogaga","value":["D","a","n","i","e","l"," ","O","g","a","g","a"]}&amp#27;[39m
[debug] &amp#27;[38;5;32m[AndroidUiautomator2Driver@b227 (fe0cd291)]&amp#27;[0m Calling AppiumDriver.setValue() with args: [["D","a","n","i","e","l"," ","O","g","a","g","a"],"00000000-0000-0032-ffff-ffff0000010e","fe0cd291-8f79-4212-8568-b4785b2dee12"]
[debug] &amp#27;[38;5;32m[AndroidUiautomator2Driver@b227 (fe0cd291)]&amp#27;[0m Matched '/element/00000000-0000-0032-ffff-ffff0000010e/value' to command name 'setValue'
[debug] &amp#27;[38;5;32m[AndroidUiautomator2Driver@b227 (fe0cd291)]&amp#27;[0m Added 'value' property ["D","a","n","i","e","l"," ","O","g","a","g","a"] to 'setValue' request body
[debug] &amp#27;[38;5;32m[AndroidUiautomator2Driver@b227 (fe0cd291)]&amp#27;[0m Proxying [POST /element/00000000-0000-0032-ffff-ffff0000010e/value] to [POST http://127.0.0.1:8200/session/85989a46-cbdd-4bd4-a501-a859808a0843/element/00000000-0000-0032-ffff-ffff0000010e/value] with body: {"elementId":"00000000-0000-0032-ffff-ffff0000010e","text":"Daniel Ogaga","replace":false,"value":["D","a","n","i","e","l"," ","O","g","a","g","a"]}
[debug] &amp#27;[38;5;32m[AndroidUiautomator2Driver@b227 (fe0cd291)]&amp#27;[0m Got response with status 200: {"sessionId":"85989a46-cbdd-4bd4-a501-a859808a0843","value":null}
[debug] &amp#27;[38;5;32m[AndroidUiautomator2Driver@b227 (fe0cd291)]&amp#27;[0m Responding to client with driver.setValue() result: null
&amp#27;[38;5;0m[HTTP]&amp#27;[0m &amp#27;[37m<-- POST /session/fe0cd291-8f79-4212-8568-b4785b2dee12/element/00000000-0000-0032-ffff-ffff0000010e/value &amp#27;[39m&amp#27;[32m200&amp#27;[39m &amp#27;[90m14 ms - 14&amp#27;[39m
&amp#27;[38;5;0m[HTTP]&amp#27;[0m &amp#27;[90m&amp#27;[39m
&amp#27;[38;5;0m[HTTP]&amp#27;[0m &amp#27;[37m-->&amp#27;[39m &amp#27;[37mPOST&amp#27;[39m &amp#27;[37m/session/fe0cd291-8f79-4212-8568-b4785b2dee12/element&amp#27;[39m
&amp#27;[38;5;0m[HTTP]&amp#27;[0m &amp#27;[90m{"using":"xpath","value":"//android.widget.EditText[@index=6]"}&amp#27;[39m
[debug] &amp#27;[38;5;32m[AndroidUiautomator2Driver@b227 (fe0cd291)]&amp#27;[0m Calling AppiumDriver.findElement() with args: ["xpath","//android.widget.EditText[@index=6]","fe0cd291-8f79-4212-8568-b4785b2dee12"]
[debug] &amp#27;[38;5;32m[AndroidUiautomator2Driver@b227 (fe0cd291)]&amp#27;[0m Valid locator strategies for this request: xpath, id, class name, accessibility id, css selector, -android uiautomator
[debug] &amp#27;[38;5;32m[AndroidUiautomator2Driver@b227 (fe0cd291)]&amp#27;[0m Waiting up to 10000 ms for condition
[debug] &amp#27;[38;5;32m[AndroidUiautomator2Driver@b227 (fe0cd291)]&amp#27;[0m Matched '/element' to command name 'findElement'
[debug] &amp#27;[38;5;32m[AndroidUiautomator2Driver@b227 (fe0cd291)]&amp#27;[0m Proxying [POST /element] to [POST http://127.0.0.1:8200/session/85989a46-cbdd-4bd4-a501-a859808a0843/element] with body: {"strategy":"xpath","selector":"//android.widget.EditText[@index=6]","context":"","multiple":false}
[debug] &amp#27;[38;5;32m[AndroidUiautomator2Driver@b227 (fe0cd291)]&amp#27;[0m Got response with status 200: {"sessionId":"85989a46-cbdd-4bd4-a501-a859808a0843","value":{"ELEMENT":"00000000-0000-0032-ffff-ffff00000111","element-6066-11e4-a52e-4f735466cecf":"00000000-0000-0032-ffff-ffff00000111"}}
[debug] &amp#27;[38;5;32m[AndroidUiautomator2Driver@b227 (fe0cd291)]&amp#27;[0m Responding to client with driver.findElement() result: {"element-6066-11e4-a52e-4f735466cecf":"00000000-0000-0032-ffff-ffff00000111","ELEMENT":"00000000-0000-0032-ffff-ffff00000111"}
&amp#27;[38;5;0m[HTTP]&amp#27;[0m &amp#27;[37m<-- POST /session/fe0cd291-8f79-4212-8568-b4785b2dee12/element &amp#27;[39m&amp#27;[32m200&amp#27;[39m &amp#27;[90m524 ms - 137&amp#27;[39m
&amp#27;[38;5;0m[HTTP]&amp#27;[0m &amp#27;[90m&amp#27;[39m
&amp#27;[38;5;0m[HTTP]&amp#27;[0m &amp#27;[37m-->&amp#27;[39m &amp#27;[37mPOST&amp#27;[39m &amp#27;[37m/session/fe0cd291-8f79-4212-8568-b4785b2dee12/element/00000000-0000-0032-ffff-ffff00000111/value&amp#27;[39m
&amp#27;[38;5;0m[HTTP]&amp#27;[0m &amp#27;[90m{"id":"00000000-0000-0032-ffff-ffff00000111","text":"vada.deckow@gixenmixen.com","value":["v","a","d","a",".","d","e","c","k","o","w","@","g","i","x","e","n","m","i","x","e","n",".","c","o","m"]}&amp#27;[39m
[debug] &amp#27;[38;5;32m[AndroidUiautomator2Driver@b227 (fe0cd291)]&amp#27;[0m Calling AppiumDriver.setValue() with args: [["v","a","d","a",".","d","e","c","k","o","w","@","g","i","x","e","n","m","i","x","e","n",".","c","o","m"],"00000000-0000-0032-ffff-ffff00000111","fe0cd291-8f79-4212-8568-b4785b2dee12"]
[debug] &amp#27;[38;5;32m[AndroidUiautomator2Driver@b227 (fe0cd291)]&amp#27;[0m Matched '/element/00000000-0000-0032-ffff-ffff00000111/value' to command name 'setValue'
[debug] &amp#27;[38;5;32m[AndroidUiautomator2Driver@b227 (fe0cd291)]&amp#27;[0m Added 'value' property ["v","a","d","a",".","d","e","c","k","o","w","@","g","i","x","e","n","m","i","x","e","n",".","c","o","m"] to 'setValue' request body
[debug] &amp#27;[38;5;32m[AndroidUiautomator2Driver@b227 (fe0cd291)]&amp#27;[0m Proxying [POST /element/00000000-0000-0032-ffff-ffff00000111/value] to [POST http://127.0.0.1:8200/session/85989a46-cbdd-4bd4-a501-a859808a0843/element/00000000-0000-0032-ffff-ffff00000111/value] with body: {"elementId":"00000000-0000-0032-ffff-ffff00000111","text":"vada.deckow@gixenmixen.com","replace":false,"value":["v","a","d","a",".","d","e","c","k","o","w","@","g","i","x","e","n","m","i","x","e","n",".","c","o","m"]}
[debug] &amp#27;[38;5;32m[AndroidUiautomator2Driver@b227 (fe0cd291)]&amp#27;[0m Got response with status 200: {"sessionId":"85989a46-cbdd-4bd4-a501-a859808a0843","value":null}
[debug] &amp#27;[38;5;32m[AndroidUiautomator2Driver@b227 (fe0cd291)]&amp#27;[0m Responding to client with driver.setValue() result: null
&amp#27;[38;5;0m[HTTP]&amp#27;[0m &amp#27;[37m<-- POST /session/fe0cd291-8f79-4212-8568-b4785b2dee12/element/00000000-0000-0032-ffff-ffff00000111/value &amp#27;[39m&amp#27;[32m200&amp#27;[39m &amp#27;[90m12 ms - 14&amp#27;[39m
&amp#27;[38;5;0m[HTTP]&amp#27;[0m &amp#27;[90m&amp#27;[39m
&amp#27;[38;5;0m[HTTP]&amp#27;[0m &amp#27;[37m-->&amp#27;[39m &amp#27;[37mPOST&amp#27;[39m &amp#27;[37m/session/fe0cd291-8f79-4212-8568-b4785b2dee12/element&amp#27;[39m
&amp#27;[38;5;0m[HTTP]&amp#27;[0m &amp#27;[90m{"using":"xpath","value":"//android.widget.EditText[@index=9]"}&amp#27;[39m
[debug] &amp#27;[38;5;32m[AndroidUiautomator2Driver@b227 (fe0cd291)]&amp#27;[0m Calling AppiumDriver.findElement() with args: ["xpath","//android.widget.EditText[@index=9]","fe0cd291-8f79-4212-8568-b4785b2dee12"]
[debug] &amp#27;[38;5;32m[AndroidUiautomator2Driver@b227 (fe0cd291)]&amp#27;[0m Valid locator strategies for this request: xpath, id, class name, accessibility id, css selector, -android uiautomator
[debug] &amp#27;[38;5;32m[AndroidUiautomator2Driver@b227 (fe0cd291)]&amp#27;[0m Waiting up to 10000 ms for condition
[debug] &amp#27;[38;5;32m[AndroidUiautomator2Driver@b227 (fe0cd291)]&amp#27;[0m Matched '/element' to command name 'findElement'
[debug] &amp#27;[38;5;32m[AndroidUiautomator2Driver@b227 (fe0cd291)]&amp#27;[0m Proxying [POST /element] to [POST http://127.0.0.1:8200/session/85989a46-cbdd-4bd4-a501-a859808a0843/element] with body: {"strategy":"xpath","selector":"//android.widget.EditText[@index=9]","context":"","multiple":false}
[debug] &amp#27;[38;5;32m[AndroidUiautomator2Driver@b227 (fe0cd291)]&amp#27;[0m Got response with status 200: {"sessionId":"85989a46-cbdd-4bd4-a501-a859808a0843","value":{"ELEMENT":"00000000-0000-0032-ffff-ffff00000114","element-6066-11e4-a52e-4f735466cecf":"00000000-0000-0032-ffff-ffff00000114"}}
[debug] &amp#27;[38;5;32m[AndroidUiautomator2Driver@b227 (fe0cd291)]&amp#27;[0m Responding to client with driver.findElement() result: {"element-6066-11e4-a52e-4f735466cecf":"00000000-0000-0032-ffff-ffff00000114","ELEMENT":"00000000-0000-0032-ffff-ffff00000114"}
&amp#27;[38;5;0m[HTTP]&amp#27;[0m &amp#27;[37m<-- POST /session/fe0cd291-8f79-4212-8568-b4785b2dee12/element &amp#27;[39m&amp#27;[32m200&amp#27;[39m &amp#27;[90m52 ms - 137&amp#27;[39m
&amp#27;[38;5;0m[HTTP]&amp#27;[0m &amp#27;[90m&amp#27;[39m
&amp#27;[38;5;0m[HTTP]&amp#27;[0m &amp#27;[37m-->&amp#27;[39m &amp#27;[37mPOST&amp#27;[39m &amp#27;[37m/session/fe0cd291-8f79-4212-8568-b4785b2dee12/element/00000000-0000-0032-ffff-ffff00000114/value&amp#27;[39m
&amp#27;[38;5;0m[HTTP]&amp#27;[0m &amp#27;[90m{"id":"00000000-0000-0032-ffff-ffff00000114","text":"08033443048","value":["0","8","0","3","3","4","4","3","0","4","8"]}&amp#27;[39m
[debug] &amp#27;[38;5;32m[AndroidUiautomator2Driver@b227 (fe0cd291)]&amp#27;[0m Calling AppiumDriver.setValue() with args: [["0","8","0","3","3","4","4","3","0","4","8"],"00000000-0000-0032-ffff-ffff00000114","fe0cd291-8f79-4212-8568-b4785b2dee12"]
[debug] &amp#27;[38;5;32m[AndroidUiautomator2Driver@b227 (fe0cd291)]&amp#27;[0m Matched '/element/00000000-0000-0032-ffff-ffff00000114/value' to command name 'setValue'
[debug] &amp#27;[38;5;32m[AndroidUiautomator2Driver@b227 (fe0cd291)]&amp#27;[0m Added 'value' property ["0","8","0","3","3","4","4","3","0","4","8"] to 'setValue' request body
[debug] &amp#27;[38;5;32m[AndroidUiautomator2Driver@b227 (fe0cd291)]&amp#27;[0m Proxying [POST /element/00000000-0000-0032-ffff-ffff00000114/value] to [POST http://127.0.0.1:8200/session/85989a46-cbdd-4bd4-a501-a859808a0843/element/00000000-0000-0032-ffff-ffff00000114/value] with body: {"elementId":"00000000-0000-0032-ffff-ffff00000114","text":"08033443048","replace":false,"value":["0","8","0","3","3","4","4","3","0","4","8"]}
[debug] &amp#27;[38;5;32m[AndroidUiautomator2Driver@b227 (fe0cd291)]&amp#27;[0m Got response with status 200: {"sessionId":"85989a46-cbdd-4bd4-a501-a859808a0843","value":null}
[debug] &amp#27;[38;5;32m[AndroidUiautomator2Driver@b227 (fe0cd291)]&amp#27;[0m Responding to client with driver.setValue() result: null
&amp#27;[38;5;0m[HTTP]&amp#27;[0m &amp#27;[37m<-- POST /session/fe0cd291-8f79-4212-8568-b4785b2dee12/element/00000000-0000-0032-ffff-ffff00000114/value &amp#27;[39m&amp#27;[32m200&amp#27;[39m &amp#27;[90m451 ms - 14&amp#27;[39m
&amp#27;[38;5;0m[HTTP]&amp#27;[0m &amp#27;[90m&amp#27;[39m
&amp#27;[38;5;0m[HTTP]&amp#27;[0m &amp#27;[37m-->&amp#27;[39m &amp#27;[37mPOST&amp#27;[39m &amp#27;[37m/session/fe0cd291-8f79-4212-8568-b4785b2dee12/element&amp#27;[39m
&amp#27;[38;5;0m[HTTP]&amp#27;[0m &amp#27;[90m{"using":"xpath","value":"//android.widget.EditText[@index=12]"}&amp#27;[39m
[debug] &amp#27;[38;5;32m[AndroidUiautomator2Driver@b227 (fe0cd291)]&amp#27;[0m Calling AppiumDriver.findElement() with args: ["xpath","//android.widget.EditText[@index=12]","fe0cd291-8f79-4212-8568-b4785b2dee12"]
[debug] &amp#27;[38;5;32m[AndroidUiautomator2Driver@b227 (fe0cd291)]&amp#27;[0m Valid locator strategies for this request: xpath, id, class name, accessibility id, css selector, -android uiautomator
[debug] &amp#27;[38;5;32m[AndroidUiautomator2Driver@b227 (fe0cd291)]&amp#27;[0m Waiting up to 10000 ms for condition
[debug] &amp#27;[38;5;32m[AndroidUiautomator2Driver@b227 (fe0cd291)]&amp#27;[0m Matched '/element' to command name 'findElement'
[debug] &amp#27;[38;5;32m[AndroidUiautomator2Driver@b227 (fe0cd291)]&amp#27;[0m Proxying [POST /element] to [POST http://127.0.0.1:8200/session/85989a46-cbdd-4bd4-a501-a859808a0843/element] with body: {"strategy":"xpath","selector":"//android.widget.EditText[@index=12]","context":"","multiple":false}
[debug] &amp#27;[38;5;32m[AndroidUiautomator2Driver@b227 (fe0cd291)]&amp#27;[0m Got response with status 200: {"sessionId":"85989a46-cbdd-4bd4-a501-a859808a0843","value":{"ELEMENT":"00000000-0000-0032-ffff-ffff00000117","element-6066-11e4-a52e-4f735466cecf":"00000000-0000-0032-ffff-ffff00000117"}}
[debug] &amp#27;[38;5;32m[AndroidUiautomator2Driver@b227 (fe0cd291)]&amp#27;[0m Responding to client with driver.findElement() result: {"element-6066-11e4-a52e-4f735466cecf":"00000000-0000-0032-ffff-ffff00000117","ELEMENT":"00000000-0000-0032-ffff-ffff00000117"}
&amp#27;[38;5;0m[HTTP]&amp#27;[0m &amp#27;[37m<-- POST /session/fe0cd291-8f79-4212-8568-b4785b2dee12/element &amp#27;[39m&amp#27;[32m200&amp#27;[39m &amp#27;[90m535 ms - 137&amp#27;[39m
&amp#27;[38;5;0m[HTTP]&amp#27;[0m &amp#27;[90m&amp#27;[39m
&amp#27;[38;5;0m[HTTP]&amp#27;[0m &amp#27;[37m-->&amp#27;[39m &amp#27;[37mPOST&amp#27;[39m &amp#27;[37m/session/fe0cd291-8f79-4212-8568-b4785b2dee12/element/00000000-0000-0032-ffff-ffff00000117/value&amp#27;[39m
&amp#27;[38;5;0m[HTTP]&amp#27;[0m &amp#27;[90m{"id":"00000000-0000-0032-ffff-ffff00000117","text":"password","value":["p","a","s","s","w","o","r","d"]}&amp#27;[39m
[debug] &amp#27;[38;5;32m[AndroidUiautomator2Driver@b227 (fe0cd291)]&amp#27;[0m Calling AppiumDriver.setValue() with args: [["p","a","s","s","w","o","r","d"],"00000000-0000-0032-ffff-ffff00000117","fe0cd291-8f79-4212-8568-b4785b2dee12"]
[debug] &amp#27;[38;5;32m[AndroidUiautomator2Driver@b227 (fe0cd291)]&amp#27;[0m Matched '/element/00000000-0000-0032-ffff-ffff00000117/value' to command name 'setValue'
[debug] &amp#27;[38;5;32m[AndroidUiautomator2Driver@b227 (fe0cd291)]&amp#27;[0m Added 'value' property ["p","a","s","s","w","o","r","d"] to 'setValue' request body
[debug] &amp#27;[38;5;32m[AndroidUiautomator2Driver@b227 (fe0cd291)]&amp#27;[0m Proxying [POST /element/00000000-0000-0032-ffff-ffff00000117/value] to [POST http://127.0.0.1:8200/session/85989a46-cbdd-4bd4-a501-a859808a0843/element/00000000-0000-0032-ffff-ffff00000117/value] with body: {"elementId":"00000000-0000-0032-ffff-ffff00000117","text":"password","replace":false,"value":["p","a","s","s","w","o","r","d"]}
[debug] &amp#27;[38;5;32m[AndroidUiautomator2Driver@b227 (fe0cd291)]&amp#27;[0m Got response with status 200: {"sessionId":"85989a46-cbdd-4bd4-a501-a859808a0843","value":null}
[debug] &amp#27;[38;5;32m[AndroidUiautomator2Driver@b227 (fe0cd291)]&amp#27;[0m Responding to client with driver.setValue() result: null
&amp#27;[38;5;0m[HTTP]&amp#27;[0m &amp#27;[37m<-- POST /session/fe0cd291-8f79-4212-8568-b4785b2dee12/element/00000000-0000-0032-ffff-ffff00000117/value &amp#27;[39m&amp#27;[32m200&amp#27;[39m &amp#27;[90m26 ms - 14&amp#27;[39m
&amp#27;[38;5;0m[HTTP]&amp#27;[0m &amp#27;[90m&amp#27;[39m
&amp#27;[38;5;0m[HTTP]&amp#27;[0m &amp#27;[37m-->&amp#27;[39m &amp#27;[37mPOST&amp#27;[39m &amp#27;[37m/session/fe0cd291-8f79-4212-8568-b4785b2dee12/element&amp#27;[39m
&amp#27;[38;5;0m[HTTP]&amp#27;[0m &amp#27;[90m{"using":"xpath","value":"//android.widget.TextView[@text='Register']"}&amp#27;[39m
[debug] &amp#27;[38;5;32m[AndroidUiautomator2Driver@b227 (fe0cd291)]&amp#27;[0m Calling AppiumDriver.findElement() with args: ["xpath","//android.widget.TextView[@text='Register']","fe0cd291-8f79-4212-8568-b4785b2dee12"]
[debug] &amp#27;[38;5;32m[AndroidUiautomator2Driver@b227 (fe0cd291)]&amp#27;[0m Valid locator strategies for this request: xpath, id, class name, accessibility id, css selector, -android uiautomator
[debug] &amp#27;[38;5;32m[AndroidUiautomator2Driver@b227 (fe0cd291)]&amp#27;[0m Waiting up to 10000 ms for condition
[debug] &amp#27;[38;5;32m[AndroidUiautomator2Driver@b227 (fe0cd291)]&amp#27;[0m Matched '/element' to command name 'findElement'
[debug] &amp#27;[38;5;32m[AndroidUiautomator2Driver@b227 (fe0cd291)]&amp#27;[0m Proxying [POST /element] to [POST http://127.0.0.1:8200/session/85989a46-cbdd-4bd4-a501-a859808a0843/element] with body: {"strategy":"xpath","selector":"//android.widget.TextView[@text='Register']","context":"","multiple":false}
[debug] &amp#27;[38;5;32m[AndroidUiautomator2Driver@b227 (fe0cd291)]&amp#27;[0m Got response with status 200: {"sessionId":"85989a46-cbdd-4bd4-a501-a859808a0843","value":{"ELEMENT":"00000000-0000-0032-ffff-ffff00000124","element-6066-11e4-a52e-4f735466cecf":"00000000-0000-0032-ffff-ffff00000124"}}
[debug] &amp#27;[38;5;32m[AndroidUiautomator2Driver@b227 (fe0cd291)]&amp#27;[0m Responding to client with driver.findElement() result: {"element-6066-11e4-a52e-4f735466cecf":"00000000-0000-0032-ffff-ffff00000124","ELEMENT":"00000000-0000-0032-ffff-ffff00000124"}
&amp#27;[38;5;0m[HTTP]&amp#27;[0m &amp#27;[37m<-- POST /session/fe0cd291-8f79-4212-8568-b4785b2dee12/element &amp#27;[39m&amp#27;[32m200&amp#27;[39m &amp#27;[90m620 ms - 137&amp#27;[39m
&amp#27;[38;5;0m[HTTP]&amp#27;[0m &amp#27;[90m&amp#27;[39m
&amp#27;[38;5;0m[HTTP]&amp#27;[0m &amp#27;[37m-->&amp#27;[39m &amp#27;[37mPOST&amp#27;[39m &amp#27;[37m/session/fe0cd291-8f79-4212-8568-b4785b2dee12/element/00000000-0000-0032-ffff-ffff00000124/click&amp#27;[39m
&amp#27;[38;5;0m[HTTP]&amp#27;[0m &amp#27;[90m{"id":"00000000-0000-0032-ffff-ffff00000124"}&amp#27;[39m
[debug] &amp#27;[38;5;32m[AndroidUiautomator2Driver@b227 (fe0cd291)]&amp#27;[0m Calling AppiumDriver.click() with args: ["00000000-0000-0032-ffff-ffff00000124","fe0cd291-8f79-4212-8568-b4785b2dee12"]
[debug] &amp#27;[38;5;32m[AndroidUiautomator2Driver@b227 (fe0cd291)]&amp#27;[0m Matched '/element/00000000-0000-0032-ffff-ffff00000124/click' to command name 'click'
[debug] &amp#27;[38;5;32m[AndroidUiautomator2Driver@b227 (fe0cd291)]&amp#27;[0m Proxying [POST /element/00000000-0000-0032-ffff-ffff00000124/click] to [POST http://127.0.0.1:8200/session/85989a46-cbdd-4bd4-a501-a859808a0843/element/00000000-0000-0032-ffff-ffff00000124/click] with body: {"element":"00000000-0000-0032-ffff-ffff00000124"}
[debug] &amp#27;[38;5;32m[AndroidUiautomator2Driver@b227 (fe0cd291)]&amp#27;[0m Got response with status 200: {"sessionId":"85989a46-cbdd-4bd4-a501-a859808a0843","value":null}
[debug] &amp#27;[38;5;32m[AndroidUiautomator2Driver@b227 (fe0cd291)]&amp#27;[0m Responding to client with driver.click() result: null
&amp#27;[38;5;0m[HTTP]&amp#27;[0m &amp#27;[37m<-- POST /session/fe0cd291-8f79-4212-8568-b4785b2dee12/element/00000000-0000-0032-ffff-ffff00000124/click &amp#27;[39m&amp#27;[32m200&amp#27;[39m &amp#27;[90m49 ms - 14&amp#27;[39m
&amp#27;[38;5;0m[HTTP]&amp#27;[0m &amp#27;[90m&amp#27;[39m
&amp#27;[38;5;0m[HTTP]&amp#27;[0m &amp#27;[37m-->&amp#27;[39m &amp#27;[37mPOST&amp#27;[39m &amp#27;[37m/session/fe0cd291-8f79-4212-8568-b4785b2dee12/element&amp#27;[39m
&amp#27;[38;5;0m[HTTP]&amp#27;[0m &amp#27;[90m{"using":"xpath","value":"//android.widget.TextView[@index=18]"}&amp#27;[39m
[debug] &amp#27;[38;5;32m[AndroidUiautomator2Driver@b227 (fe0cd291)]&amp#27;[0m Calling AppiumDriver.findElement() with args: ["xpath","//android.widget.TextView[@index=18]","fe0cd291-8f79-4212-8568-b4785b2dee12"]
[debug] &amp#27;[38;5;32m[AndroidUiautomator2Driver@b227 (fe0cd291)]&amp#27;[0m Valid locator strategies for this request: xpath, id, class name, accessibility id, css selector, -android uiautomator
[debug] &amp#27;[38;5;32m[AndroidUiautomator2Driver@b227 (fe0cd291)]&amp#27;[0m Waiting up to 10000 ms for condition
[debug] &amp#27;[38;5;32m[AndroidUiautomator2Driver@b227 (fe0cd291)]&amp#27;[0m Matched '/element' to command name 'findElement'
[debug] &amp#27;[38;5;32m[AndroidUiautomator2Driver@b227 (fe0cd291)]&amp#27;[0m Proxying [POST /element] to [POST http://127.0.0.1:8200/session/85989a46-cbdd-4bd4-a501-a859808a0843/element] with body: {"strategy":"xpath","selector":"//android.widget.TextView[@index=18]","context":"","multiple":false}
[debug] &amp#27;[38;5;32m[AndroidUiautomator2Driver@b227 (fe0cd291)]&amp#27;[0m Got response with status 200: {"sessionId":"85989a46-cbdd-4bd4-a501-a859808a0843","value":{"ELEMENT":"00000000-0000-0032-ffff-ffff0000011c","element-6066-11e4-a52e-4f735466cecf":"00000000-0000-0032-ffff-ffff0000011c"}}
[debug] &amp#27;[38;5;32m[AndroidUiautomator2Driver@b227 (fe0cd291)]&amp#27;[0m Responding to client with driver.findElement() result: {"element-6066-11e4-a52e-4f735466cecf":"00000000-0000-0032-ffff-ffff0000011c","ELEMENT":"00000000-0000-0032-ffff-ffff0000011c"}
&amp#27;[38;5;0m[HTTP]&amp#27;[0m &amp#27;[37m<-- POST /session/fe0cd291-8f79-4212-8568-b4785b2dee12/element &amp#27;[39m&amp#27;[32m200&amp#27;[39m &amp#27;[90m33 ms - 137&amp#27;[39m
&amp#27;[38;5;0m[HTTP]&amp#27;[0m &amp#27;[90m&amp#27;[39m
&amp#27;[38;5;0m[HTTP]&amp#27;[0m &amp#27;[37m-->&amp#27;[39m &amp#27;[37mPOST&amp#27;[39m &amp#27;[37m/session/fe0cd291-8f79-4212-8568-b4785b2dee12/element/00000000-0000-0032-ffff-ffff0000011c/click&amp#27;[39m
&amp#27;[38;5;0m[HTTP]&amp#27;[0m &amp#27;[90m{"id":"00000000-0000-0032-ffff-ffff0000011c"}&amp#27;[39m
[debug] &amp#27;[38;5;32m[AndroidUiautomator2Driver@b227 (fe0cd291)]&amp#27;[0m Calling AppiumDriver.click() with args: ["00000000-0000-0032-ffff-ffff0000011c","fe0cd291-8f79-4212-8568-b4785b2dee12"]
[debug] &amp#27;[38;5;32m[AndroidUiautomator2Driver@b227 (fe0cd291)]&amp#27;[0m Matched '/element/00000000-0000-0032-ffff-ffff0000011c/click' to command name 'click'
[debug] &amp#27;[38;5;32m[AndroidUiautomator2Driver@b227 (fe0cd291)]&amp#27;[0m Proxying [POST /element/00000000-0000-0032-ffff-ffff0000011c/click] to [POST http://127.0.0.1:8200/session/85989a46-cbdd-4bd4-a501-a859808a0843/element/00000000-0000-0032-ffff-ffff0000011c/click] with body: {"element":"00000000-0000-0032-ffff-ffff0000011c"}
[debug] &amp#27;[38;5;32m[AndroidUiautomator2Driver@b227 (fe0cd291)]&amp#27;[0m Got response with status 200: {"sessionId":"85989a46-cbdd-4bd4-a501-a859808a0843","value":null}
[debug] &amp#27;[38;5;32m[AndroidUiautomator2Driver@b227 (fe0cd291)]&amp#27;[0m Responding to client with driver.click() result: null
&amp#27;[38;5;0m[HTTP]&amp#27;[0m &amp#27;[37m<-- POST /session/fe0cd291-8f79-4212-8568-b4785b2dee12/element/00000000-0000-0032-ffff-ffff0000011c/click &amp#27;[39m&amp#27;[32m200&amp#27;[39m &amp#27;[90m55 ms - 14&amp#27;[39m
&amp#27;[38;5;0m[HTTP]&amp#27;[0m &amp#27;[90m&amp#27;[39m
&amp#27;[38;5;0m[HTTP]&amp#27;[0m &amp#27;[37m-->&amp#27;[39m &amp#27;[37mGET&amp#27;[39m &amp#27;[37m/session/d6c1cc38-6946-4747-89f8-56067f4364bb/timeouts&amp#27;[39m
&amp#27;[38;5;0m[HTTP]&amp#27;[0m &amp#27;[90m{}&amp#27;[39m
[debug] &amp#27;[38;5;16m[AppiumDriver@6ebe]&amp#27;[0m Encountered internal error running command: NoSuchDriverError: A session is either terminated or not started
[debug] &amp#27;[38;5;16m[AppiumDriver@6ebe]&amp#27;[0m     at asyncHandler (C:\Users\daniel.ogagavworia\AppData\Roaming\npm\node_modules\appium\node_modules\@appium\base-driver\lib\protocol\protocol.js:315:15)
[debug] &amp#27;[38;5;16m[AppiumDriver@6ebe]&amp#27;[0m     at C:\Users\daniel.ogagavworia\AppData\Roaming\npm\node_modules\appium\node_modules\@appium\base-driver\lib\protocol\protocol.js:518:15
[debug] &amp#27;[38;5;16m[AppiumDriver@6ebe]&amp#27;[0m     at Layer.handle [as handle_request] (C:\Users\daniel.ogagavworia\AppData\Roaming\npm\node_modules\appium\node_modules\express\lib\router\layer.js:95:5)
[debug] &amp#27;[38;5;16m[AppiumDriver@6ebe]&amp#27;[0m     at next (C:\Users\daniel.ogagavworia\AppData\Roaming\npm\node_modules\appium\node_modules\express\lib\router\route.js:144:13)
[debug] &amp#27;[38;5;16m[AppiumDriver@6ebe]&amp#27;[0m     at Route.dispatch (C:\Users\daniel.ogagavworia\AppData\Roaming\npm\node_modules\appium\node_modules\express\lib\router\route.js:114:3)
[debug] &amp#27;[38;5;16m[AppiumDriver@6ebe]&amp#27;[0m     at Layer.handle [as handle_request] (C:\Users\daniel.ogagavworia\AppData\Roaming\npm\node_modules\appium\node_modules\express\lib\router\layer.js:95:5)
[debug] &amp#27;[38;5;16m[AppiumDriver@6ebe]&amp#27;[0m     at C:\Users\daniel.ogagavworia\AppData\Roaming\npm\node_modules\appium\node_modules\express\lib\router\index.js:284:15
[debug] &amp#27;[38;5;16m[AppiumDriver@6ebe]&amp#27;[0m     at param (C:\Users\daniel.ogagavworia\AppData\Roaming\npm\node_modules\appium\node_modules\express\lib\router\index.js:365:14)
[debug] &amp#27;[38;5;16m[AppiumDriver@6ebe]&amp#27;[0m     at param (C:\Users\daniel.ogagavworia\AppData\Roaming\npm\node_modules\appium\node_modules\express\lib\router\index.js:376:14)
[debug] &amp#27;[38;5;16m[AppiumDriver@6ebe]&amp#27;[0m     at Function.process_params (C:\Users\daniel.ogagavworia\AppData\Roaming\npm\node_modules\appium\node_modules\express\lib\router\index.js:421:3)
[debug] &amp#27;[38;5;16m[AppiumDriver@6ebe]&amp#27;[0m     at next (C:\Users\daniel.ogagavworia\AppData\Roaming\npm\node_modules\appium\node_modules\express\lib\router\index.js:280:10)
[debug] &amp#27;[38;5;16m[AppiumDriver@6ebe]&amp#27;[0m     at logger (C:\Users\daniel.ogagavworia\AppData\Roaming\npm\node_modules\appium\node_modules\morgan\index.js:144:5)
[debug] &amp#27;[38;5;16m[AppiumDriver@6ebe]&amp#27;[0m     at Layer.handle [as handle_request] (C:\Users\daniel.ogagavworia\AppData\Roaming\npm\node_modules\appium\node_modules\express\lib\router\layer.js:95:5)
[debug] &amp#27;[38;5;16m[AppiumDriver@6ebe]&amp#27;[0m     at trim_prefix (C:\Users\daniel.ogagavworia\AppData\Roaming\npm\node_modules\appium\node_modules\express\lib\router\index.js:328:13)
[debug] &amp#27;[38;5;16m[AppiumDriver@6ebe]&amp#27;[0m     at C:\Users\daniel.ogagavworia\AppData\Roaming\npm\node_modules\appium\node_modules\express\lib\router\index.js:286:9
[debug] &amp#27;[38;5;16m[AppiumDriver@6ebe]&amp#27;[0m     at Function.process_params (C:\Users\daniel.ogagavworia\AppData\Roaming\npm\node_modules\appium\node_modules\express\lib\router\index.js:346:12)
[debug] &amp#27;[38;5;16m[AppiumDriver@6ebe]&amp#27;[0m     at next (C:\Users\daniel.ogagavworia\AppData\Roaming\npm\node_modules\appium\node_modules\express\lib\router\index.js:280:10)
[debug] &amp#27;[38;5;16m[AppiumDriver@6ebe]&amp#27;[0m     at jsonParser (C:\Users\daniel.ogagavworia\AppData\Roaming\npm\node_modules\appium\node_modules\body-parser\lib\types\json.js:113:7)
[debug] &amp#27;[38;5;16m[AppiumDriver@6ebe]&amp#27;[0m     at Layer.handle [as handle_request] (C:\Users\daniel.ogagavworia\AppData\Roaming\npm\node_modules\appium\node_modules\express\lib\router\layer.js:95:5)
[debug] &amp#27;[38;5;16m[AppiumDriver@6ebe]&amp#27;[0m     at trim_prefix (C:\Users\daniel.ogagavworia\AppData\Roaming\npm\node_modules\appium\node_modules\express\lib\router\index.js:328:13)
[debug] &amp#27;[38;5;16m[AppiumDriver@6ebe]&amp#27;[0m     at C:\Users\daniel.ogagavworia\AppData\Roaming\npm\node_modules\appium\node_modules\express\lib\router\index.js:286:9
[debug] &amp#27;[38;5;16m[AppiumDriver@6ebe]&amp#27;[0m     at Function.process_params (C:\Users\daniel.ogagavworia\AppData\Roaming\npm\node_modules\appium\node_modules\express\lib\router\index.js:346:12)
&amp#27;[38;5;0m[HTTP]&amp#27;[0m &amp#27;[37m<-- GET /session/d6c1cc38-6946-4747-89f8-56067f4364bb/timeouts &amp#27;[39m&amp#27;[33m404&amp#27;[39m &amp#27;[90m2 ms - 3517&amp#27;[39m
&amp#27;[38;5;0m[HTTP]&amp#27;[0m &amp#27;[90m&amp#27;[39m
&amp#27;[38;5;0m[HTTP]&amp#27;[0m &amp#27;[37m-->&amp#27;[39m &amp#27;[37mPOST&amp#27;[39m &amp#27;[37m/session/fe0cd291-8f79-4212-8568-b4785b2dee12/element&amp#27;[39m
&amp#27;[38;5;0m[HTTP]&amp#27;[0m &amp#27;[90m{"using":"xpath","value":"//android.widget.TextView[@text='Register']"}&amp#27;[39m
[debug] &amp#27;[38;5;32m[AndroidUiautomator2Driver@b227 (fe0cd291)]&amp#27;[0m Calling AppiumDriver.findElement() with args: ["xpath","//android.widget.TextView[@text='Register']","fe0cd291-8f79-4212-8568-b4785b2dee12"]
[debug] &amp#27;[38;5;32m[AndroidUiautomator2Driver@b227 (fe0cd291)]&amp#27;[0m Valid locator strategies for this request: xpath, id, class name, accessibility id, css selector, -android uiautomator
[debug] &amp#27;[38;5;32m[AndroidUiautomator2Driver@b227 (fe0cd291)]&amp#27;[0m Waiting up to 10000 ms for condition
[debug] &amp#27;[38;5;32m[AndroidUiautomator2Driver@b227 (fe0cd291)]&amp#27;[0m Matched '/element' to command name 'findElement'
[debug] &amp#27;[38;5;32m[AndroidUiautomator2Driver@b227 (fe0cd291)]&amp#27;[0m Proxying [POST /element] to [POST http://127.0.0.1:8200/session/85989a46-cbdd-4bd4-a501-a859808a0843/element] with body: {"strategy":"xpath","selector":"//android.widget.TextView[@text='Register']","context":"","multiple":false}
[debug] &amp#27;[38;5;32m[AndroidUiautomator2Driver@b227 (fe0cd291)]&amp#27;[0m Got response with status 200: {"sessionId":"85989a46-cbdd-4bd4-a501-a859808a0843","value":{"ELEMENT":"00000000-0000-0032-ffff-ffff00000124","element-6066-11e4-a52e-4f735466cecf":"00000000-0000-0032-ffff-ffff00000124"}}
[debug] &amp#27;[38;5;32m[AndroidUiautomator2Driver@b227 (fe0cd291)]&amp#27;[0m Responding to client with driver.findElement() result: {"element-6066-11e4-a52e-4f735466cecf":"00000000-0000-0032-ffff-ffff00000124","ELEMENT":"00000000-0000-0032-ffff-ffff00000124"}
&amp#27;[38;5;0m[HTTP]&amp#27;[0m &amp#27;[37m<-- POST /session/fe0cd291-8f79-4212-8568-b4785b2dee12/element &amp#27;[39m&amp#27;[32m200&amp#27;[39m &amp#27;[90m38 ms - 137&amp#27;[39m
&amp#27;[38;5;0m[HTTP]&amp#27;[0m &amp#27;[90m&amp#27;[39m
&amp#27;[38;5;0m[HTTP]&amp#27;[0m &amp#27;[37m-->&amp#27;[39m &amp#27;[37mPOST&amp#27;[39m &amp#27;[37m/session/fe0cd291-8f79-4212-8568-b4785b2dee12/element/00000000-0000-0032-ffff-ffff00000124/click&amp#27;[39m
&amp#27;[38;5;0m[HTTP]&amp#27;[0m &amp#27;[90m{"id":"00000000-0000-0032-ffff-ffff00000124"}&amp#27;[39m
[debug] &amp#27;[38;5;32m[AndroidUiautomator2Driver@b227 (fe0cd291)]&amp#27;[0m Calling AppiumDriver.click() with args: ["00000000-0000-0032-ffff-ffff00000124","fe0cd291-8f79-4212-8568-b4785b2dee12"]
[debug] &amp#27;[38;5;32m[AndroidUiautomator2Driver@b227 (fe0cd291)]&amp#27;[0m Matched '/element/00000000-0000-0032-ffff-ffff00000124/click' to command name 'click'
[debug] &amp#27;[38;5;32m[AndroidUiautomator2Driver@b227 (fe0cd291)]&amp#27;[0m Proxying [POST /element/00000000-0000-0032-ffff-ffff00000124/click] to [POST http://127.0.0.1:8200/session/85989a46-cbdd-4bd4-a501-a859808a0843/element/00000000-0000-0032-ffff-ffff00000124/click] with body: {"element":"00000000-0000-0032-ffff-ffff00000124"}
[debug] &amp#27;[38;5;32m[AndroidUiautomator2Driver@b227 (fe0cd291)]&amp#27;[0m Got response with status 200: {"sessionId":"85989a46-cbdd-4bd4-a501-a859808a0843","value":null}
[debug] &amp#27;[38;5;32m[AndroidUiautomator2Driver@b227 (fe0cd291)]&amp#27;[0m Responding to client with driver.click() result: null
&amp#27;[38;5;0m[HTTP]&amp#27;[0m &amp#27;[37m<-- POST /session/fe0cd291-8f79-4212-8568-b4785b2dee12/element/00000000-0000-0032-ffff-ffff00000124/click &amp#27;[39m&amp#27;[32m200&amp#27;[39m &amp#27;[90m39 ms - 14&amp#27;[39m
&amp#27;[38;5;0m[HTTP]&amp#27;[0m &amp#27;[90m&amp#27;[39m
&amp#27;[38;5;0m[HTTP]&amp#27;[0m &amp#27;[37m-->&amp#27;[39m &amp#27;[37mPOST&amp#27;[39m &amp#27;[37m/session/fe0cd291-8f79-4212-8568-b4785b2dee12/element&amp#27;[39m
&amp#27;[38;5;0m[HTTP]&amp#27;[0m &amp#27;[90m{"using":"xpath","value":"//android.widget.TextView[@index=7]"}&amp#27;[39m
[debug] &amp#27;[38;5;32m[AndroidUiautomator2Driver@b227 (fe0cd291)]&amp#27;[0m Calling AppiumDriver.findElement() with args: ["xpath","//android.widget.TextView[@index=7]","fe0cd291-8f79-4212-8568-b4785b2dee12"]
[debug] &amp#27;[38;5;32m[AndroidUiautomator2Driver@b227 (fe0cd291)]&amp#27;[0m Valid locator strategies for this request: xpath, id, class name, accessibility id, css selector, -android uiautomator
[debug] &amp#27;[38;5;32m[AndroidUiautomator2Driver@b227 (fe0cd291)]&amp#27;[0m Waiting up to 10000 ms for condition
[debug] &amp#27;[38;5;32m[AndroidUiautomator2Driver@b227 (fe0cd291)]&amp#27;[0m Matched '/element' to command name 'findElement'
[debug] &amp#27;[38;5;32m[AndroidUiautomator2Driver@b227 (fe0cd291)]&amp#27;[0m Proxying [POST /element] to [POST http://127.0.0.1:8200/session/85989a46-cbdd-4bd4-a501-a859808a0843/element] with body: {"strategy":"xpath","selector":"//android.widget.TextView[@index=7]","context":"","multiple":false}
[debug] &amp#27;[38;5;32m[AndroidUiautomator2Driver@b227 (fe0cd291)]&amp#27;[0m Got response with status 200: {"sessionId":"85989a46-cbdd-4bd4-a501-a859808a0843","value":{"ELEMENT":"00000000-0000-0032-ffff-ffff00000112","element-6066-11e4-a52e-4f735466cecf":"00000000-0000-0032-ffff-ffff00000112"}}
[debug] &amp#27;[38;5;32m[AndroidUiautomator2Driver@b227 (fe0cd291)]&amp#27;[0m Responding to client with driver.findElement() result: {"element-6066-11e4-a52e-4f735466cecf":"00000000-0000-0032-ffff-ffff00000112","ELEMENT":"00000000-0000-0032-ffff-ffff00000112"}
&amp#27;[38;5;0m[HTTP]&amp#27;[0m &amp#27;[37m<-- POST /session/fe0cd291-8f79-4212-8568-b4785b2dee12/element &amp#27;[39m&amp#27;[32m200&amp#27;[39m &amp#27;[90m46 ms - 137&amp#27;[39m
&amp#27;[38;5;0m[HTTP]&amp#27;[0m &amp#27;[90m&amp#27;[39m
&amp#27;[38;5;0m[HTTP]&amp#27;[0m &amp#27;[37m-->&amp#27;[39m &amp#27;[37mPOST&amp#27;[39m &amp#27;[37m/session/fe0cd291-8f79-4212-8568-b4785b2dee12/element&amp#27;[39m
&amp#27;[38;5;0m[HTTP]&amp#27;[0m &amp#27;[90m{"using":"xpath","value":"//android.widget.TextView[@index=7]"}&amp#27;[39m
[debug] &amp#27;[38;5;32m[AndroidUiautomator2Driver@b227 (fe0cd291)]&amp#27;[0m Calling AppiumDriver.findElement() with args: ["xpath","//android.widget.TextView[@index=7]","fe0cd291-8f79-4212-8568-b4785b2dee12"]
[debug] &amp#27;[38;5;32m[AndroidUiautomator2Driver@b227 (fe0cd291)]&amp#27;[0m Valid locator strategies for this request: xpath, id, class name, accessibility id, css selector, -android uiautomator
[debug] &amp#27;[38;5;32m[AndroidUiautomator2Driver@b227 (fe0cd291)]&amp#27;[0m Waiting up to 10000 ms for condition
[debug] &amp#27;[38;5;32m[AndroidUiautomator2Driver@b227 (fe0cd291)]&amp#27;[0m Matched '/element' to command name 'findElement'
[debug] &amp#27;[38;5;32m[AndroidUiautomator2Driver@b227 (fe0cd291)]&amp#27;[0m Proxying [POST /element] to [POST http://127.0.0.1:8200/session/85989a46-cbdd-4bd4-a501-a859808a0843/element] with body: {"strategy":"xpath","selector":"//android.widget.TextView[@index=7]","context":"","multiple":false}
[debug] &amp#27;[38;5;32m[AndroidUiautomator2Driver@b227 (fe0cd291)]&amp#27;[0m Got response with status 200: {"sessionId":"85989a46-cbdd-4bd4-a501-a859808a0843","value":{"ELEMENT":"00000000-0000-0032-ffff-ffff00000112","element-6066-11e4-a52e-4f735466cecf":"00000000-0000-0032-ffff-ffff00000112"}}
[debug] &amp#27;[38;5;32m[AndroidUiautomator2Driver@b227 (fe0cd291)]&amp#27;[0m Responding to client with driver.findElement() result: {"element-6066-11e4-a52e-4f735466cecf":"00000000-0000-0032-ffff-ffff00000112","ELEMENT":"00000000-0000-0032-ffff-ffff00000112"}
&amp#27;[38;5;0m[HTTP]&amp#27;[0m &amp#27;[37m<-- POST /session/fe0cd291-8f79-4212-8568-b4785b2dee12/element &amp#27;[39m&amp#27;[32m200&amp#27;[39m &amp#27;[90m596 ms - 137&amp#27;[39m
&amp#27;[38;5;0m[HTTP]&amp#27;[0m &amp#27;[90m&amp#27;[39m
&amp#27;[38;5;0m[HTTP]&amp#27;[0m &amp#27;[37m-->&amp#27;[39m &amp#27;[37mGET&amp#27;[39m &amp#27;[37m/session/fe0cd291-8f79-4212-8568-b4785b2dee12/element/00000000-0000-0032-ffff-ffff00000112/text&amp#27;[39m
&amp#27;[38;5;0m[HTTP]&amp#27;[0m &amp#27;[90m{}&amp#27;[39m
&amp#27;[38;5;32m[AndroidUiautomator2Driver@b227 (fe0cd291)]&amp#27;[0m Driver proxy active, passing request on via HTTP proxy
[debug] &amp#27;[38;5;32m[AndroidUiautomator2Driver@b227 (fe0cd291)]&amp#27;[0m Matched '/session/fe0cd291-8f79-4212-8568-b4785b2dee12/element/00000000-0000-0032-ffff-ffff00000112/text' to command name 'getText'
[debug] &amp#27;[38;5;32m[AndroidUiautomator2Driver@b227 (fe0cd291)]&amp#27;[0m Proxying [GET /session/fe0cd291-8f79-4212-8568-b4785b2dee12/element/00000000-0000-0032-ffff-ffff00000112/text] to [GET http://127.0.0.1:8200/session/85989a46-cbdd-4bd4-a501-a859808a0843/element/00000000-0000-0032-ffff-ffff00000112/text] with no body
[debug] &amp#27;[38;5;32m[AndroidUiautomator2Driver@b227 (fe0cd291)]&amp#27;[0m Got response with status 200: {"sessionId":"85989a46-cbdd-4bd4-a501-a859808a0843","value":"This domain is not supported on Quickteller. Kindly use another email address"}
&amp#27;[38;5;32m[AndroidUiautomator2Driver@b227 (fe0cd291)]&amp#27;[0m Replacing sessionId 85989a46-cbdd-4bd4-a501-a859808a0843 with fe0cd291-8f79-4212-8568-b4785b2dee12
&amp#27;[38;5;0m[HTTP]&amp#27;[0m &amp#27;[37m<-- GET /session/fe0cd291-8f79-4212-8568-b4785b2dee12/element/00000000-0000-0032-ffff-ffff00000112/text &amp#27;[39m&amp#27;[32m200&amp#27;[39m &amp#27;[90m7 ms - 140&amp#27;[39m
&amp#27;[38;5;0m[HTTP]&amp#27;[0m &amp#27;[90m&amp#27;[39m
]]></system-out>
  </testcase>
  <testcase name="Testcase_One[gmai.com](6)" classname="testcases.Android.DisposableDomain_QTM_2874" time="8.261">
    <system-out><![CDATA[&amp#27;[38;5;0m[HTTP]&amp#27;[0m &amp#27;[37m-->&amp#27;[39m &amp#27;[37mPOST&amp#27;[39m &amp#27;[37m/session/fe0cd291-8f79-4212-8568-b4785b2dee12/element&amp#27;[39m
&amp#27;[38;5;0m[HTTP]&amp#27;[0m &amp#27;[90m{"using":"xpath","value":"//android.widget.TextView[@index=0]"}&amp#27;[39m
[debug] &amp#27;[38;5;32m[AndroidUiautomator2Driver@b227 (fe0cd291)]&amp#27;[0m Calling AppiumDriver.findElement() with args: ["xpath","//android.widget.TextView[@index=0]","fe0cd291-8f79-4212-8568-b4785b2dee12"]
[debug] &amp#27;[38;5;32m[AndroidUiautomator2Driver@b227 (fe0cd291)]&amp#27;[0m Valid locator strategies for this request: xpath, id, class name, accessibility id, css selector, -android uiautomator
[debug] &amp#27;[38;5;32m[AndroidUiautomator2Driver@b227 (fe0cd291)]&amp#27;[0m Waiting up to 10000 ms for condition
[debug] &amp#27;[38;5;32m[AndroidUiautomator2Driver@b227 (fe0cd291)]&amp#27;[0m Matched '/element' to command name 'findElement'
[debug] &amp#27;[38;5;32m[AndroidUiautomator2Driver@b227 (fe0cd291)]&amp#27;[0m Proxying [POST /element] to [POST http://127.0.0.1:8200/session/85989a46-cbdd-4bd4-a501-a859808a0843/element] with body: {"strategy":"xpath","selector":"//android.widget.TextView[@index=0]","context":"","multiple":false}
[debug] &amp#27;[38;5;32m[AndroidUiautomator2Driver@b227 (fe0cd291)]&amp#27;[0m Got response with status 200: {"sessionId":"85989a46-cbdd-4bd4-a501-a859808a0843","value":{"ELEMENT":"00000000-0000-0032-ffff-ffff00000106","element-6066-11e4-a52e-4f735466cecf":"00000000-0000-0032-ffff-ffff00000106"}}
[debug] &amp#27;[38;5;32m[AndroidUiautomator2Driver@b227 (fe0cd291)]&amp#27;[0m Responding to client with driver.findElement() result: {"element-6066-11e4-a52e-4f735466cecf":"00000000-0000-0032-ffff-ffff00000106","ELEMENT":"00000000-0000-0032-ffff-ffff00000106"}
&amp#27;[38;5;0m[HTTP]&amp#27;[0m &amp#27;[37m<-- POST /session/fe0cd291-8f79-4212-8568-b4785b2dee12/element &amp#27;[39m&amp#27;[32m200&amp#27;[39m &amp#27;[90m45 ms - 137&amp#27;[39m
&amp#27;[38;5;0m[HTTP]&amp#27;[0m &amp#27;[90m&amp#27;[39m
&amp#27;[38;5;0m[HTTP]&amp#27;[0m &amp#27;[37m-->&amp#27;[39m &amp#27;[37mPOST&amp#27;[39m &amp#27;[37m/session/fe0cd291-8f79-4212-8568-b4785b2dee12/element/00000000-0000-0032-ffff-ffff00000106/click&amp#27;[39m
&amp#27;[38;5;0m[HTTP]&amp#27;[0m &amp#27;[90m{"id":"00000000-0000-0032-ffff-ffff00000106"}&amp#27;[39m
[debug] &amp#27;[38;5;32m[AndroidUiautomator2Driver@b227 (fe0cd291)]&amp#27;[0m Calling AppiumDriver.click() with args: ["00000000-0000-0032-ffff-ffff00000106","fe0cd291-8f79-4212-8568-b4785b2dee12"]
[debug] &amp#27;[38;5;32m[AndroidUiautomator2Driver@b227 (fe0cd291)]&amp#27;[0m Matched '/element/00000000-0000-0032-ffff-ffff00000106/click' to command name 'click'
[debug] &amp#27;[38;5;32m[AndroidUiautomator2Driver@b227 (fe0cd291)]&amp#27;[0m Proxying [POST /element/00000000-0000-0032-ffff-ffff00000106/click] to [POST http://127.0.0.1:8200/session/85989a46-cbdd-4bd4-a501-a859808a0843/element/00000000-0000-0032-ffff-ffff00000106/click] with body: {"element":"00000000-0000-0032-ffff-ffff00000106"}
[debug] &amp#27;[38;5;32m[AndroidUiautomator2Driver@b227 (fe0cd291)]&amp#27;[0m Got response with status 200: {"sessionId":"85989a46-cbdd-4bd4-a501-a859808a0843","value":null}
[debug] &amp#27;[38;5;32m[AndroidUiautomator2Driver@b227 (fe0cd291)]&amp#27;[0m Responding to client with driver.click() result: null
&amp#27;[38;5;0m[HTTP]&amp#27;[0m &amp#27;[37m<-- POST /session/fe0cd291-8f79-4212-8568-b4785b2dee12/element/00000000-0000-0032-ffff-ffff00000106/click &amp#27;[39m&amp#27;[32m200&amp#27;[39m &amp#27;[90m52 ms - 14&amp#27;[39m
&amp#27;[38;5;0m[HTTP]&amp#27;[0m &amp#27;[90m&amp#27;[39m
&amp#27;[38;5;0m[HTTP]&amp#27;[0m &amp#27;[37m-->&amp#27;[39m &amp#27;[37mPOST&amp#27;[39m &amp#27;[37m/session/fe0cd291-8f79-4212-8568-b4785b2dee12/timeouts&amp#27;[39m
&amp#27;[38;5;0m[HTTP]&amp#27;[0m &amp#27;[90m{"implicit":6000}&amp#27;[39m
[debug] &amp#27;[38;5;32m[AndroidUiautomator2Driver@b227 (fe0cd291)]&amp#27;[0m Calling AppiumDriver.timeouts() with args: [null,null,null,null,6000,"fe0cd291-8f79-4212-8568-b4785b2dee12"]
[debug] &amp#27;[38;5;32m[AndroidUiautomator2Driver@b227 (fe0cd291)]&amp#27;[0m W3C timeout argument: {"implicit":6000}}
[debug] &amp#27;[38;5;32m[AndroidUiautomator2Driver@b227 (fe0cd291)]&amp#27;[0m Set implicit wait to 6000ms
[debug] &amp#27;[38;5;32m[AndroidUiautomator2Driver@b227 (fe0cd291)]&amp#27;[0m Responding to client with driver.timeouts() result: null
&amp#27;[38;5;0m[HTTP]&amp#27;[0m &amp#27;[37m<-- POST /session/fe0cd291-8f79-4212-8568-b4785b2dee12/timeouts &amp#27;[39m&amp#27;[32m200&amp#27;[39m &amp#27;[90m1 ms - 14&amp#27;[39m
&amp#27;[38;5;0m[HTTP]&amp#27;[0m &amp#27;[90m&amp#27;[39m
&amp#27;[38;5;0m[HTTP]&amp#27;[0m &amp#27;[37m-->&amp#27;[39m &amp#27;[37mPOST&amp#27;[39m &amp#27;[37m/session/fe0cd291-8f79-4212-8568-b4785b2dee12/element&amp#27;[39m
&amp#27;[38;5;0m[HTTP]&amp#27;[0m &amp#27;[90m{"using":"xpath","value":"//android.widget.Button[@text='Allow']"}&amp#27;[39m
[debug] &amp#27;[38;5;32m[AndroidUiautomator2Driver@b227 (fe0cd291)]&amp#27;[0m Calling AppiumDriver.findElement() with args: ["xpath","//android.widget.Button[@text='Allow']","fe0cd291-8f79-4212-8568-b4785b2dee12"]
[debug] &amp#27;[38;5;32m[AndroidUiautomator2Driver@b227 (fe0cd291)]&amp#27;[0m Valid locator strategies for this request: xpath, id, class name, accessibility id, css selector, -android uiautomator
[debug] &amp#27;[38;5;32m[AndroidUiautomator2Driver@b227 (fe0cd291)]&amp#27;[0m Waiting up to 6000 ms for condition
[debug] &amp#27;[38;5;32m[AndroidUiautomator2Driver@b227 (fe0cd291)]&amp#27;[0m Matched '/element' to command name 'findElement'
[debug] &amp#27;[38;5;32m[AndroidUiautomator2Driver@b227 (fe0cd291)]&amp#27;[0m Proxying [POST /element] to [POST http://127.0.0.1:8200/session/85989a46-cbdd-4bd4-a501-a859808a0843/element] with body: {"strategy":"xpath","selector":"//android.widget.Button[@text='Allow']","context":"","multiple":false}
&amp#27;[38;5;32m[AndroidUiautomator2Driver@b227 (fe0cd291)]&amp#27;[0m Got response with status 404: {"sessionId":"85989a46-cbdd-4bd4-a501-a859808a0843","value":{"error":"no such element","message":"An element could not be located on the page using the given search parameters","stacktrace":"io.appium.uiautomator2.common.exceptions.ElementNotFoundException: An element could not be located on the page using the given search parameters\n\tat io.appium.uiautomator2.utils.ElementLocationHelpers.findElement(ElementLocationHelpers.java:156)\n\tat io.appium.uiautomator2.handler.FindElement.safeHandle(FindElement.java:60)\n\tat io.appium.uiautomator2.handler.request.SafeRequestHandler.handle(SafeRequestHandler.java:59)\n\tat io.appium.uiautomator2.server.AppiumServlet.handleRequest(AppiumServlet.java:277)\n\tat io.appium.uiautomator2.server.AppiumServlet.handleHttpRequest(AppiumServlet.java:271)\n\tat io.appium.uiautomator2.http.ServerHandler.channelRead(ServerHandler.java:68)\n\tat io.netty.channel.AbstractChannelHandlerContext.invokeChannelRead(AbstractChannelHandlerContext.java:366)\n\tat io.netty.channel.Abstr...
[debug] &amp#27;[38;5;128m[W3C]&amp#27;[0m Matched W3C error code 'no such element' to NoSuchElementError
[debug] &amp#27;[38;5;32m[AndroidUiautomator2Driver@b227 (fe0cd291)]&amp#27;[0m Waited for 44 ms so far
[debug] &amp#27;[38;5;32m[AndroidUiautomator2Driver@b227 (fe0cd291)]&amp#27;[0m Matched '/element' to command name 'findElement'
[debug] &amp#27;[38;5;32m[AndroidUiautomator2Driver@b227 (fe0cd291)]&amp#27;[0m Proxying [POST /element] to [POST http://127.0.0.1:8200/session/85989a46-cbdd-4bd4-a501-a859808a0843/element] with body: {"strategy":"xpath","selector":"//android.widget.Button[@text='Allow']","context":"","multiple":false}
&amp#27;[38;5;32m[AndroidUiautomator2Driver@b227 (fe0cd291)]&amp#27;[0m Got response with status 404: {"sessionId":"85989a46-cbdd-4bd4-a501-a859808a0843","value":{"error":"no such element","message":"An element could not be located on the page using the given search parameters","stacktrace":"io.appium.uiautomator2.common.exceptions.ElementNotFoundException: An element could not be located on the page using the given search parameters\n\tat io.appium.uiautomator2.utils.ElementLocationHelpers.findElement(ElementLocationHelpers.java:156)\n\tat io.appium.uiautomator2.handler.FindElement.safeHandle(FindElement.java:60)\n\tat io.appium.uiautomator2.handler.request.SafeRequestHandler.handle(SafeRequestHandler.java:59)\n\tat io.appium.uiautomator2.server.AppiumServlet.handleRequest(AppiumServlet.java:277)\n\tat io.appium.uiautomator2.server.AppiumServlet.handleHttpRequest(AppiumServlet.java:271)\n\tat io.appium.uiautomator2.http.ServerHandler.channelRead(ServerHandler.java:68)\n\tat io.netty.channel.AbstractChannelHandlerContext.invokeChannelRead(AbstractChannelHandlerContext.java:366)\n\tat io.netty.channel.Abstr...
[debug] &amp#27;[38;5;128m[W3C]&amp#27;[0m Matched W3C error code 'no such element' to NoSuchElementError
[debug] &amp#27;[38;5;32m[AndroidUiautomator2Driver@b227 (fe0cd291)]&amp#27;[0m Waited for 1002 ms so far
[debug] &amp#27;[38;5;32m[AndroidUiautomator2Driver@b227 (fe0cd291)]&amp#27;[0m Matched '/element' to command name 'findElement'
[debug] &amp#27;[38;5;32m[AndroidUiautomator2Driver@b227 (fe0cd291)]&amp#27;[0m Proxying [POST /element] to [POST http://127.0.0.1:8200/session/85989a46-cbdd-4bd4-a501-a859808a0843/element] with body: {"strategy":"xpath","selector":"//android.widget.Button[@text='Allow']","context":"","multiple":false}
&amp#27;[38;5;32m[AndroidUiautomator2Driver@b227 (fe0cd291)]&amp#27;[0m Got response with status 404: {"sessionId":"85989a46-cbdd-4bd4-a501-a859808a0843","value":{"error":"no such element","message":"An element could not be located on the page using the given search parameters","stacktrace":"io.appium.uiautomator2.common.exceptions.ElementNotFoundException: An element could not be located on the page using the given search parameters\n\tat io.appium.uiautomator2.utils.ElementLocationHelpers.findElement(ElementLocationHelpers.java:156)\n\tat io.appium.uiautomator2.handler.FindElement.safeHandle(FindElement.java:60)\n\tat io.appium.uiautomator2.handler.request.SafeRequestHandler.handle(SafeRequestHandler.java:59)\n\tat io.appium.uiautomator2.server.AppiumServlet.handleRequest(AppiumServlet.java:277)\n\tat io.appium.uiautomator2.server.AppiumServlet.handleHttpRequest(AppiumServlet.java:271)\n\tat io.appium.uiautomator2.http.ServerHandler.channelRead(ServerHandler.java:68)\n\tat io.netty.channel.AbstractChannelHandlerContext.invokeChannelRead(AbstractChannelHandlerContext.java:366)\n\tat io.netty.channel.Abstr...
[debug] &amp#27;[38;5;128m[W3C]&amp#27;[0m Matched W3C error code 'no such element' to NoSuchElementError
[debug] &amp#27;[38;5;32m[AndroidUiautomator2Driver@b227 (fe0cd291)]&amp#27;[0m Waited for 1532 ms so far
[debug] &amp#27;[38;5;32m[AndroidUiautomator2Driver@b227 (fe0cd291)]&amp#27;[0m Matched '/element' to command name 'findElement'
[debug] &amp#27;[38;5;32m[AndroidUiautomator2Driver@b227 (fe0cd291)]&amp#27;[0m Proxying [POST /element] to [POST http://127.0.0.1:8200/session/85989a46-cbdd-4bd4-a501-a859808a0843/element] with body: {"strategy":"xpath","selector":"//android.widget.Button[@text='Allow']","context":"","multiple":false}
&amp#27;[38;5;32m[AndroidUiautomator2Driver@b227 (fe0cd291)]&amp#27;[0m Got response with status 404: {"sessionId":"85989a46-cbdd-4bd4-a501-a859808a0843","value":{"error":"no such element","message":"An element could not be located on the page using the given search parameters","stacktrace":"io.appium.uiautomator2.common.exceptions.ElementNotFoundException: An element could not be located on the page using the given search parameters\n\tat io.appium.uiautomator2.utils.ElementLocationHelpers.findElement(ElementLocationHelpers.java:156)\n\tat io.appium.uiautomator2.handler.FindElement.safeHandle(FindElement.java:60)\n\tat io.appium.uiautomator2.handler.request.SafeRequestHandler.handle(SafeRequestHandler.java:59)\n\tat io.appium.uiautomator2.server.AppiumServlet.handleRequest(AppiumServlet.java:277)\n\tat io.appium.uiautomator2.server.AppiumServlet.handleHttpRequest(AppiumServlet.java:271)\n\tat io.appium.uiautomator2.http.ServerHandler.channelRead(ServerHandler.java:68)\n\tat io.netty.channel.AbstractChannelHandlerContext.invokeChannelRead(AbstractChannelHandlerContext.java:366)\n\tat io.netty.channel.Abstr...
[debug] &amp#27;[38;5;128m[W3C]&amp#27;[0m Matched W3C error code 'no such element' to NoSuchElementError
[debug] &amp#27;[38;5;32m[AndroidUiautomator2Driver@b227 (fe0cd291)]&amp#27;[0m Waited for 2060 ms so far
[debug] &amp#27;[38;5;32m[AndroidUiautomator2Driver@b227 (fe0cd291)]&amp#27;[0m Matched '/element' to command name 'findElement'
[debug] &amp#27;[38;5;32m[AndroidUiautomator2Driver@b227 (fe0cd291)]&amp#27;[0m Proxying [POST /element] to [POST http://127.0.0.1:8200/session/85989a46-cbdd-4bd4-a501-a859808a0843/element] with body: {"strategy":"xpath","selector":"//android.widget.Button[@text='Allow']","context":"","multiple":false}
&amp#27;[38;5;32m[AndroidUiautomator2Driver@b227 (fe0cd291)]&amp#27;[0m Got response with status 404: {"sessionId":"85989a46-cbdd-4bd4-a501-a859808a0843","value":{"error":"no such element","message":"An element could not be located on the page using the given search parameters","stacktrace":"io.appium.uiautomator2.common.exceptions.ElementNotFoundException: An element could not be located on the page using the given search parameters\n\tat io.appium.uiautomator2.utils.ElementLocationHelpers.findElement(ElementLocationHelpers.java:156)\n\tat io.appium.uiautomator2.handler.FindElement.safeHandle(FindElement.java:60)\n\tat io.appium.uiautomator2.handler.request.SafeRequestHandler.handle(SafeRequestHandler.java:59)\n\tat io.appium.uiautomator2.server.AppiumServlet.handleRequest(AppiumServlet.java:277)\n\tat io.appium.uiautomator2.server.AppiumServlet.handleHttpRequest(AppiumServlet.java:271)\n\tat io.appium.uiautomator2.http.ServerHandler.channelRead(ServerHandler.java:68)\n\tat io.netty.channel.AbstractChannelHandlerContext.invokeChannelRead(AbstractChannelHandlerContext.java:366)\n\tat io.netty.channel.Abstr...
[debug] &amp#27;[38;5;128m[W3C]&amp#27;[0m Matched W3C error code 'no such element' to NoSuchElementError
[debug] &amp#27;[38;5;32m[AndroidUiautomator2Driver@b227 (fe0cd291)]&amp#27;[0m Waited for 2591 ms so far
[debug] &amp#27;[38;5;32m[AndroidUiautomator2Driver@b227 (fe0cd291)]&amp#27;[0m Matched '/element' to command name 'findElement'
[debug] &amp#27;[38;5;32m[AndroidUiautomator2Driver@b227 (fe0cd291)]&amp#27;[0m Proxying [POST /element] to [POST http://127.0.0.1:8200/session/85989a46-cbdd-4bd4-a501-a859808a0843/element] with body: {"strategy":"xpath","selector":"//android.widget.Button[@text='Allow']","context":"","multiple":false}
&amp#27;[38;5;32m[AndroidUiautomator2Driver@b227 (fe0cd291)]&amp#27;[0m Got response with status 404: {"sessionId":"85989a46-cbdd-4bd4-a501-a859808a0843","value":{"error":"no such element","message":"An element could not be located on the page using the given search parameters","stacktrace":"io.appium.uiautomator2.common.exceptions.ElementNotFoundException: An element could not be located on the page using the given search parameters\n\tat io.appium.uiautomator2.utils.ElementLocationHelpers.findElement(ElementLocationHelpers.java:156)\n\tat io.appium.uiautomator2.handler.FindElement.safeHandle(FindElement.java:60)\n\tat io.appium.uiautomator2.handler.request.SafeRequestHandler.handle(SafeRequestHandler.java:59)\n\tat io.appium.uiautomator2.server.AppiumServlet.handleRequest(AppiumServlet.java:277)\n\tat io.appium.uiautomator2.server.AppiumServlet.handleHttpRequest(AppiumServlet.java:271)\n\tat io.appium.uiautomator2.http.ServerHandler.channelRead(ServerHandler.java:68)\n\tat io.netty.channel.AbstractChannelHandlerContext.invokeChannelRead(AbstractChannelHandlerContext.java:366)\n\tat io.netty.channel.Abstr...
[debug] &amp#27;[38;5;128m[W3C]&amp#27;[0m Matched W3C error code 'no such element' to NoSuchElementError
[debug] &amp#27;[38;5;32m[AndroidUiautomator2Driver@b227 (fe0cd291)]&amp#27;[0m Waited for 3121 ms so far
[debug] &amp#27;[38;5;32m[AndroidUiautomator2Driver@b227 (fe0cd291)]&amp#27;[0m Matched '/element' to command name 'findElement'
[debug] &amp#27;[38;5;32m[AndroidUiautomator2Driver@b227 (fe0cd291)]&amp#27;[0m Proxying [POST /element] to [POST http://127.0.0.1:8200/session/85989a46-cbdd-4bd4-a501-a859808a0843/element] with body: {"strategy":"xpath","selector":"//android.widget.Button[@text='Allow']","context":"","multiple":false}
&amp#27;[38;5;32m[AndroidUiautomator2Driver@b227 (fe0cd291)]&amp#27;[0m Got response with status 404: {"sessionId":"85989a46-cbdd-4bd4-a501-a859808a0843","value":{"error":"no such element","message":"An element could not be located on the page using the given search parameters","stacktrace":"io.appium.uiautomator2.common.exceptions.ElementNotFoundException: An element could not be located on the page using the given search parameters\n\tat io.appium.uiautomator2.utils.ElementLocationHelpers.findElement(ElementLocationHelpers.java:156)\n\tat io.appium.uiautomator2.handler.FindElement.safeHandle(FindElement.java:60)\n\tat io.appium.uiautomator2.handler.request.SafeRequestHandler.handle(SafeRequestHandler.java:59)\n\tat io.appium.uiautomator2.server.AppiumServlet.handleRequest(AppiumServlet.java:277)\n\tat io.appium.uiautomator2.server.AppiumServlet.handleHttpRequest(AppiumServlet.java:271)\n\tat io.appium.uiautomator2.http.ServerHandler.channelRead(ServerHandler.java:68)\n\tat io.netty.channel.AbstractChannelHandlerContext.invokeChannelRead(AbstractChannelHandlerContext.java:366)\n\tat io.netty.channel.Abstr...
[debug] &amp#27;[38;5;128m[W3C]&amp#27;[0m Matched W3C error code 'no such element' to NoSuchElementError
[debug] &amp#27;[38;5;32m[AndroidUiautomator2Driver@b227 (fe0cd291)]&amp#27;[0m Waited for 3652 ms so far
[debug] &amp#27;[38;5;32m[AndroidUiautomator2Driver@b227 (fe0cd291)]&amp#27;[0m Matched '/element' to command name 'findElement'
[debug] &amp#27;[38;5;32m[AndroidUiautomator2Driver@b227 (fe0cd291)]&amp#27;[0m Proxying [POST /element] to [POST http://127.0.0.1:8200/session/85989a46-cbdd-4bd4-a501-a859808a0843/element] with body: {"strategy":"xpath","selector":"//android.widget.Button[@text='Allow']","context":"","multiple":false}
&amp#27;[38;5;32m[AndroidUiautomator2Driver@b227 (fe0cd291)]&amp#27;[0m Got response with status 404: {"sessionId":"85989a46-cbdd-4bd4-a501-a859808a0843","value":{"error":"no such element","message":"An element could not be located on the page using the given search parameters","stacktrace":"io.appium.uiautomator2.common.exceptions.ElementNotFoundException: An element could not be located on the page using the given search parameters\n\tat io.appium.uiautomator2.utils.ElementLocationHelpers.findElement(ElementLocationHelpers.java:156)\n\tat io.appium.uiautomator2.handler.FindElement.safeHandle(FindElement.java:60)\n\tat io.appium.uiautomator2.handler.request.SafeRequestHandler.handle(SafeRequestHandler.java:59)\n\tat io.appium.uiautomator2.server.AppiumServlet.handleRequest(AppiumServlet.java:277)\n\tat io.appium.uiautomator2.server.AppiumServlet.handleHttpRequest(AppiumServlet.java:271)\n\tat io.appium.uiautomator2.http.ServerHandler.channelRead(ServerHandler.java:68)\n\tat io.netty.channel.AbstractChannelHandlerContext.invokeChannelRead(AbstractChannelHandlerContext.java:366)\n\tat io.netty.channel.Abstr...
[debug] &amp#27;[38;5;128m[W3C]&amp#27;[0m Matched W3C error code 'no such element' to NoSuchElementError
[debug] &amp#27;[38;5;32m[AndroidUiautomator2Driver@b227 (fe0cd291)]&amp#27;[0m Waited for 4187 ms so far
[debug] &amp#27;[38;5;32m[AndroidUiautomator2Driver@b227 (fe0cd291)]&amp#27;[0m Matched '/element' to command name 'findElement'
[debug] &amp#27;[38;5;32m[AndroidUiautomator2Driver@b227 (fe0cd291)]&amp#27;[0m Proxying [POST /element] to [POST http://127.0.0.1:8200/session/85989a46-cbdd-4bd4-a501-a859808a0843/element] with body: {"strategy":"xpath","selector":"//android.widget.Button[@text='Allow']","context":"","multiple":false}
&amp#27;[38;5;32m[AndroidUiautomator2Driver@b227 (fe0cd291)]&amp#27;[0m Got response with status 404: {"sessionId":"85989a46-cbdd-4bd4-a501-a859808a0843","value":{"error":"no such element","message":"An element could not be located on the page using the given search parameters","stacktrace":"io.appium.uiautomator2.common.exceptions.ElementNotFoundException: An element could not be located on the page using the given search parameters\n\tat io.appium.uiautomator2.utils.ElementLocationHelpers.findElement(ElementLocationHelpers.java:156)\n\tat io.appium.uiautomator2.handler.FindElement.safeHandle(FindElement.java:60)\n\tat io.appium.uiautomator2.handler.request.SafeRequestHandler.handle(SafeRequestHandler.java:59)\n\tat io.appium.uiautomator2.server.AppiumServlet.handleRequest(AppiumServlet.java:277)\n\tat io.appium.uiautomator2.server.AppiumServlet.handleHttpRequest(AppiumServlet.java:271)\n\tat io.appium.uiautomator2.http.ServerHandler.channelRead(ServerHandler.java:68)\n\tat io.netty.channel.AbstractChannelHandlerContext.invokeChannelRead(AbstractChannelHandlerContext.java:366)\n\tat io.netty.channel.Abstr...
[debug] &amp#27;[38;5;128m[W3C]&amp#27;[0m Matched W3C error code 'no such element' to NoSuchElementError
[debug] &amp#27;[38;5;32m[AndroidUiautomator2Driver@b227 (fe0cd291)]&amp#27;[0m Waited for 4713 ms so far
[debug] &amp#27;[38;5;32m[AndroidUiautomator2Driver@b227 (fe0cd291)]&amp#27;[0m Matched '/element' to command name 'findElement'
[debug] &amp#27;[38;5;32m[AndroidUiautomator2Driver@b227 (fe0cd291)]&amp#27;[0m Proxying [POST /element] to [POST http://127.0.0.1:8200/session/85989a46-cbdd-4bd4-a501-a859808a0843/element] with body: {"strategy":"xpath","selector":"//android.widget.Button[@text='Allow']","context":"","multiple":false}
&amp#27;[38;5;32m[AndroidUiautomator2Driver@b227 (fe0cd291)]&amp#27;[0m Got response with status 404: {"sessionId":"85989a46-cbdd-4bd4-a501-a859808a0843","value":{"error":"no such element","message":"An element could not be located on the page using the given search parameters","stacktrace":"io.appium.uiautomator2.common.exceptions.ElementNotFoundException: An element could not be located on the page using the given search parameters\n\tat io.appium.uiautomator2.utils.ElementLocationHelpers.findElement(ElementLocationHelpers.java:156)\n\tat io.appium.uiautomator2.handler.FindElement.safeHandle(FindElement.java:60)\n\tat io.appium.uiautomator2.handler.request.SafeRequestHandler.handle(SafeRequestHandler.java:59)\n\tat io.appium.uiautomator2.server.AppiumServlet.handleRequest(AppiumServlet.java:277)\n\tat io.appium.uiautomator2.server.AppiumServlet.handleHttpRequest(AppiumServlet.java:271)\n\tat io.appium.uiautomator2.http.ServerHandler.channelRead(ServerHandler.java:68)\n\tat io.netty.channel.AbstractChannelHandlerContext.invokeChannelRead(AbstractChannelHandlerContext.java:366)\n\tat io.netty.channel.Abstr...
[debug] &amp#27;[38;5;128m[W3C]&amp#27;[0m Matched W3C error code 'no such element' to NoSuchElementError
[debug] &amp#27;[38;5;32m[AndroidUiautomator2Driver@b227 (fe0cd291)]&amp#27;[0m Waited for 5247 ms so far
[debug] &amp#27;[38;5;32m[AndroidUiautomator2Driver@b227 (fe0cd291)]&amp#27;[0m Matched '/element' to command name 'findElement'
[debug] &amp#27;[38;5;32m[AndroidUiautomator2Driver@b227 (fe0cd291)]&amp#27;[0m Proxying [POST /element] to [POST http://127.0.0.1:8200/session/85989a46-cbdd-4bd4-a501-a859808a0843/element] with body: {"strategy":"xpath","selector":"//android.widget.Button[@text='Allow']","context":"","multiple":false}
&amp#27;[38;5;32m[AndroidUiautomator2Driver@b227 (fe0cd291)]&amp#27;[0m Got response with status 404: {"sessionId":"85989a46-cbdd-4bd4-a501-a859808a0843","value":{"error":"no such element","message":"An element could not be located on the page using the given search parameters","stacktrace":"io.appium.uiautomator2.common.exceptions.ElementNotFoundException: An element could not be located on the page using the given search parameters\n\tat io.appium.uiautomator2.utils.ElementLocationHelpers.findElement(ElementLocationHelpers.java:156)\n\tat io.appium.uiautomator2.handler.FindElement.safeHandle(FindElement.java:60)\n\tat io.appium.uiautomator2.handler.request.SafeRequestHandler.handle(SafeRequestHandler.java:59)\n\tat io.appium.uiautomator2.server.AppiumServlet.handleRequest(AppiumServlet.java:277)\n\tat io.appium.uiautomator2.server.AppiumServlet.handleHttpRequest(AppiumServlet.java:271)\n\tat io.appium.uiautomator2.http.ServerHandler.channelRead(ServerHandler.java:68)\n\tat io.netty.channel.AbstractChannelHandlerContext.invokeChannelRead(AbstractChannelHandlerContext.java:366)\n\tat io.netty.channel.Abstr...
[debug] &amp#27;[38;5;128m[W3C]&amp#27;[0m Matched W3C error code 'no such element' to NoSuchElementError
[debug] &amp#27;[38;5;32m[AndroidUiautomator2Driver@b227 (fe0cd291)]&amp#27;[0m Waited for 5773 ms so far
[debug] &amp#27;[38;5;32m[AndroidUiautomator2Driver@b227 (fe0cd291)]&amp#27;[0m Matched '/element' to command name 'findElement'
[debug] &amp#27;[38;5;32m[AndroidUiautomator2Driver@b227 (fe0cd291)]&amp#27;[0m Proxying [POST /element] to [POST http://127.0.0.1:8200/session/85989a46-cbdd-4bd4-a501-a859808a0843/element] with body: {"strategy":"xpath","selector":"//android.widget.Button[@text='Allow']","context":"","multiple":false}
&amp#27;[38;5;32m[AndroidUiautomator2Driver@b227 (fe0cd291)]&amp#27;[0m Got response with status 404: {"sessionId":"85989a46-cbdd-4bd4-a501-a859808a0843","value":{"error":"no such element","message":"An element could not be located on the page using the given search parameters","stacktrace":"io.appium.uiautomator2.common.exceptions.ElementNotFoundException: An element could not be located on the page using the given search parameters\n\tat io.appium.uiautomator2.utils.ElementLocationHelpers.findElement(ElementLocationHelpers.java:156)\n\tat io.appium.uiautomator2.handler.FindElement.safeHandle(FindElement.java:60)\n\tat io.appium.uiautomator2.handler.request.SafeRequestHandler.handle(SafeRequestHandler.java:59)\n\tat io.appium.uiautomator2.server.AppiumServlet.handleRequest(AppiumServlet.java:277)\n\tat io.appium.uiautomator2.server.AppiumServlet.handleHttpRequest(AppiumServlet.java:271)\n\tat io.appium.uiautomator2.http.ServerHandler.channelRead(ServerHandler.java:68)\n\tat io.netty.channel.AbstractChannelHandlerContext.invokeChannelRead(AbstractChannelHandlerContext.java:366)\n\tat io.netty.channel.Abstr...
[debug] &amp#27;[38;5;128m[W3C]&amp#27;[0m Matched W3C error code 'no such element' to NoSuchElementError
[debug] &amp#27;[38;5;32m[AndroidUiautomator2Driver@b227 (fe0cd291)]&amp#27;[0m Encountered internal error running command: NoSuchElementError: An element could not be located on the page using the given search parameters.
[debug] &amp#27;[38;5;32m[AndroidUiautomator2Driver@b227 (fe0cd291)]&amp#27;[0m     at AndroidUiautomator2Driver.findElOrEls (C:\Users\daniel.ogagavworia\.appium\node_modules\appium-uiautomator2-driver\node_modules\appium-android-driver\lib\commands\find.js:75:11)
[debug] &amp#27;[38;5;32m[AndroidUiautomator2Driver@b227 (fe0cd291)]&amp#27;[0m     at processTicksAndRejections (node:internal/process/task_queues:95:5)
[debug] &amp#27;[38;5;32m[AndroidUiautomator2Driver@b227 (fe0cd291)]&amp#27;[0m     at AndroidUiautomator2Driver.findElOrElsWithProcessing (C:\Users\daniel.ogagavworia\AppData\Roaming\npm\node_modules\appium\node_modules\@appium\base-driver\lib\basedriver\commands\find.ts:60:12)
[debug] &amp#27;[38;5;32m[AndroidUiautomator2Driver@b227 (fe0cd291)]&amp#27;[0m     at AndroidUiautomator2Driver.findElement (C:\Users\daniel.ogagavworia\AppData\Roaming\npm\node_modules\appium\node_modules\@appium\base-driver\lib\basedriver\commands\find.ts:75:12)
&amp#27;[38;5;0m[HTTP]&amp#27;[0m &amp#27;[37m<-- POST /session/fe0cd291-8f79-4212-8568-b4785b2dee12/element &amp#27;[39m&amp#27;[33m404&amp#27;[39m &amp#27;[90m6026 ms - 929&amp#27;[39m
&amp#27;[38;5;0m[HTTP]&amp#27;[0m &amp#27;[90m&amp#27;[39m
&amp#27;[38;5;0m[HTTP]&amp#27;[0m &amp#27;[37m-->&amp#27;[39m &amp#27;[37mPOST&amp#27;[39m &amp#27;[37m/session/fe0cd291-8f79-4212-8568-b4785b2dee12/element&amp#27;[39m
&amp#27;[38;5;0m[HTTP]&amp#27;[0m &amp#27;[90m{"using":"xpath","value":"//android.widget.TextView[@text='REGISTER']"}&amp#27;[39m
[debug] &amp#27;[38;5;32m[AndroidUiautomator2Driver@b227 (fe0cd291)]&amp#27;[0m Calling AppiumDriver.findElement() with args: ["xpath","//android.widget.TextView[@text='REGISTER']","fe0cd291-8f79-4212-8568-b4785b2dee12"]
[debug] &amp#27;[38;5;32m[AndroidUiautomator2Driver@b227 (fe0cd291)]&amp#27;[0m Valid locator strategies for this request: xpath, id, class name, accessibility id, css selector, -android uiautomator
[debug] &amp#27;[38;5;32m[AndroidUiautomator2Driver@b227 (fe0cd291)]&amp#27;[0m Waiting up to 6000 ms for condition
[debug] &amp#27;[38;5;32m[AndroidUiautomator2Driver@b227 (fe0cd291)]&amp#27;[0m Matched '/element' to command name 'findElement'
[debug] &amp#27;[38;5;32m[AndroidUiautomator2Driver@b227 (fe0cd291)]&amp#27;[0m Proxying [POST /element] to [POST http://127.0.0.1:8200/session/85989a46-cbdd-4bd4-a501-a859808a0843/element] with body: {"strategy":"xpath","selector":"//android.widget.TextView[@text='REGISTER']","context":"","multiple":false}
[debug] &amp#27;[38;5;32m[AndroidUiautomator2Driver@b227 (fe0cd291)]&amp#27;[0m Got response with status 200: {"sessionId":"85989a46-cbdd-4bd4-a501-a859808a0843","value":{"ELEMENT":"00000000-0000-0032-ffff-ffff0000002e","element-6066-11e4-a52e-4f735466cecf":"00000000-0000-0032-ffff-ffff0000002e"}}
[debug] &amp#27;[38;5;32m[AndroidUiautomator2Driver@b227 (fe0cd291)]&amp#27;[0m Responding to client with driver.findElement() result: {"element-6066-11e4-a52e-4f735466cecf":"00000000-0000-0032-ffff-ffff0000002e","ELEMENT":"00000000-0000-0032-ffff-ffff0000002e"}
&amp#27;[38;5;0m[HTTP]&amp#27;[0m &amp#27;[37m<-- POST /session/fe0cd291-8f79-4212-8568-b4785b2dee12/element &amp#27;[39m&amp#27;[32m200&amp#27;[39m &amp#27;[90m19 ms - 137&amp#27;[39m
&amp#27;[38;5;0m[HTTP]&amp#27;[0m &amp#27;[90m&amp#27;[39m
&amp#27;[38;5;0m[HTTP]&amp#27;[0m &amp#27;[37m-->&amp#27;[39m &amp#27;[37mPOST&amp#27;[39m &amp#27;[37m/session/fe0cd291-8f79-4212-8568-b4785b2dee12/element/00000000-0000-0032-ffff-ffff0000002e/click&amp#27;[39m
&amp#27;[38;5;0m[HTTP]&amp#27;[0m &amp#27;[90m{"id":"00000000-0000-0032-ffff-ffff0000002e"}&amp#27;[39m
[debug] &amp#27;[38;5;32m[AndroidUiautomator2Driver@b227 (fe0cd291)]&amp#27;[0m Calling AppiumDriver.click() with args: ["00000000-0000-0032-ffff-ffff0000002e","fe0cd291-8f79-4212-8568-b4785b2dee12"]
[debug] &amp#27;[38;5;32m[AndroidUiautomator2Driver@b227 (fe0cd291)]&amp#27;[0m Matched '/element/00000000-0000-0032-ffff-ffff0000002e/click' to command name 'click'
[debug] &amp#27;[38;5;32m[AndroidUiautomator2Driver@b227 (fe0cd291)]&amp#27;[0m Proxying [POST /element/00000000-0000-0032-ffff-ffff0000002e/click] to [POST http://127.0.0.1:8200/session/85989a46-cbdd-4bd4-a501-a859808a0843/element/00000000-0000-0032-ffff-ffff0000002e/click] with body: {"element":"00000000-0000-0032-ffff-ffff0000002e"}
[debug] &amp#27;[38;5;32m[AndroidUiautomator2Driver@b227 (fe0cd291)]&amp#27;[0m Got response with status 200: {"sessionId":"85989a46-cbdd-4bd4-a501-a859808a0843","value":null}
[debug] &amp#27;[38;5;32m[AndroidUiautomator2Driver@b227 (fe0cd291)]&amp#27;[0m Responding to client with driver.click() result: null
&amp#27;[38;5;0m[HTTP]&amp#27;[0m &amp#27;[37m<-- POST /session/fe0cd291-8f79-4212-8568-b4785b2dee12/element/00000000-0000-0032-ffff-ffff0000002e/click &amp#27;[39m&amp#27;[32m200&amp#27;[39m &amp#27;[90m39 ms - 14&amp#27;[39m
&amp#27;[38;5;0m[HTTP]&amp#27;[0m &amp#27;[90m&amp#27;[39m
&amp#27;[38;5;0m[HTTP]&amp#27;[0m &amp#27;[37m-->&amp#27;[39m &amp#27;[37mPOST&amp#27;[39m &amp#27;[37m/session/fe0cd291-8f79-4212-8568-b4785b2dee12/timeouts&amp#27;[39m
&amp#27;[38;5;0m[HTTP]&amp#27;[0m &amp#27;[90m{"implicit":10000}&amp#27;[39m
[debug] &amp#27;[38;5;32m[AndroidUiautomator2Driver@b227 (fe0cd291)]&amp#27;[0m Calling AppiumDriver.timeouts() with args: [null,null,null,null,10000,"fe0cd291-8f79-4212-8568-b4785b2dee12"]
[debug] &amp#27;[38;5;32m[AndroidUiautomator2Driver@b227 (fe0cd291)]&amp#27;[0m W3C timeout argument: {"implicit":10000}}
[debug] &amp#27;[38;5;32m[AndroidUiautomator2Driver@b227 (fe0cd291)]&amp#27;[0m Set implicit wait to 10000ms
[debug] &amp#27;[38;5;32m[AndroidUiautomator2Driver@b227 (fe0cd291)]&amp#27;[0m Responding to client with driver.timeouts() result: null
&amp#27;[38;5;0m[HTTP]&amp#27;[0m &amp#27;[37m<-- POST /session/fe0cd291-8f79-4212-8568-b4785b2dee12/timeouts &amp#27;[39m&amp#27;[32m200&amp#27;[39m &amp#27;[90m1 ms - 14&amp#27;[39m
&amp#27;[38;5;0m[HTTP]&amp#27;[0m &amp#27;[90m&amp#27;[39m
&amp#27;[38;5;0m[HTTP]&amp#27;[0m &amp#27;[37m-->&amp#27;[39m &amp#27;[37mPOST&amp#27;[39m &amp#27;[37m/session/fe0cd291-8f79-4212-8568-b4785b2dee12/element&amp#27;[39m
&amp#27;[38;5;0m[HTTP]&amp#27;[0m &amp#27;[90m{"using":"xpath","value":"//android.widget.EditText[@index=3]"}&amp#27;[39m
[debug] &amp#27;[38;5;32m[AndroidUiautomator2Driver@b227 (fe0cd291)]&amp#27;[0m Calling AppiumDriver.findElement() with args: ["xpath","//android.widget.EditText[@index=3]","fe0cd291-8f79-4212-8568-b4785b2dee12"]
[debug] &amp#27;[38;5;32m[AndroidUiautomator2Driver@b227 (fe0cd291)]&amp#27;[0m Valid locator strategies for this request: xpath, id, class name, accessibility id, css selector, -android uiautomator
[debug] &amp#27;[38;5;32m[AndroidUiautomator2Driver@b227 (fe0cd291)]&amp#27;[0m Waiting up to 10000 ms for condition
[debug] &amp#27;[38;5;32m[AndroidUiautomator2Driver@b227 (fe0cd291)]&amp#27;[0m Matched '/element' to command name 'findElement'
[debug] &amp#27;[38;5;32m[AndroidUiautomator2Driver@b227 (fe0cd291)]&amp#27;[0m Proxying [POST /element] to [POST http://127.0.0.1:8200/session/85989a46-cbdd-4bd4-a501-a859808a0843/element] with body: {"strategy":"xpath","selector":"//android.widget.EditText[@index=3]","context":"","multiple":false}
&amp#27;[38;5;32m[AndroidUiautomator2Driver@b227 (fe0cd291)]&amp#27;[0m Got response with status 404: {"sessionId":"85989a46-cbdd-4bd4-a501-a859808a0843","value":{"error":"no such element","message":"An element could not be located on the page using the given search parameters","stacktrace":"io.appium.uiautomator2.common.exceptions.ElementNotFoundException: An element could not be located on the page using the given search parameters\n\tat io.appium.uiautomator2.utils.ElementLocationHelpers.findElement(ElementLocationHelpers.java:156)\n\tat io.appium.uiautomator2.handler.FindElement.safeHandle(FindElement.java:60)\n\tat io.appium.uiautomator2.handler.request.SafeRequestHandler.handle(SafeRequestHandler.java:59)\n\tat io.appium.uiautomator2.server.AppiumServlet.handleRequest(AppiumServlet.java:277)\n\tat io.appium.uiautomator2.server.AppiumServlet.handleHttpRequest(AppiumServlet.java:271)\n\tat io.appium.uiautomator2.http.ServerHandler.channelRead(ServerHandler.java:68)\n\tat io.netty.channel.AbstractChannelHandlerContext.invokeChannelRead(AbstractChannelHandlerContext.java:366)\n\tat io.netty.channel.Abstr...
[debug] &amp#27;[38;5;128m[W3C]&amp#27;[0m Matched W3C error code 'no such element' to NoSuchElementError
[debug] &amp#27;[38;5;32m[AndroidUiautomator2Driver@b227 (fe0cd291)]&amp#27;[0m Waited for 40 ms so far
[debug] &amp#27;[38;5;32m[AndroidUiautomator2Driver@b227 (fe0cd291)]&amp#27;[0m Matched '/element' to command name 'findElement'
[debug] &amp#27;[38;5;32m[AndroidUiautomator2Driver@b227 (fe0cd291)]&amp#27;[0m Proxying [POST /element] to [POST http://127.0.0.1:8200/session/85989a46-cbdd-4bd4-a501-a859808a0843/element] with body: {"strategy":"xpath","selector":"//android.widget.EditText[@index=3]","context":"","multiple":false}
[debug] &amp#27;[38;5;32m[AndroidUiautomator2Driver@b227 (fe0cd291)]&amp#27;[0m Got response with status 200: {"sessionId":"85989a46-cbdd-4bd4-a501-a859808a0843","value":{"ELEMENT":"00000000-0000-0032-ffff-ffff00000140","element-6066-11e4-a52e-4f735466cecf":"00000000-0000-0032-ffff-ffff00000140"}}
[debug] &amp#27;[38;5;32m[AndroidUiautomator2Driver@b227 (fe0cd291)]&amp#27;[0m Responding to client with driver.findElement() result: {"element-6066-11e4-a52e-4f735466cecf":"00000000-0000-0032-ffff-ffff00000140","ELEMENT":"00000000-0000-0032-ffff-ffff00000140"}
&amp#27;[38;5;0m[HTTP]&amp#27;[0m &amp#27;[37m<-- POST /session/fe0cd291-8f79-4212-8568-b4785b2dee12/element &amp#27;[39m&amp#27;[32m200&amp#27;[39m &amp#27;[90m1075 ms - 137&amp#27;[39m
&amp#27;[38;5;0m[HTTP]&amp#27;[0m &amp#27;[90m&amp#27;[39m
&amp#27;[38;5;0m[HTTP]&amp#27;[0m &amp#27;[37m-->&amp#27;[39m &amp#27;[37mPOST&amp#27;[39m &amp#27;[37m/session/fe0cd291-8f79-4212-8568-b4785b2dee12/element/00000000-0000-0032-ffff-ffff00000140/value&amp#27;[39m
&amp#27;[38;5;0m[HTTP]&amp#27;[0m &amp#27;[90m{"id":"00000000-0000-0032-ffff-ffff00000140","text":"Daniel Ogaga","value":["D","a","n","i","e","l"," ","O","g","a","g","a"]}&amp#27;[39m
[debug] &amp#27;[38;5;32m[AndroidUiautomator2Driver@b227 (fe0cd291)]&amp#27;[0m Calling AppiumDriver.setValue() with args: [["D","a","n","i","e","l"," ","O","g","a","g","a"],"00000000-0000-0032-ffff-ffff00000140","fe0cd291-8f79-4212-8568-b4785b2dee12"]
[debug] &amp#27;[38;5;32m[AndroidUiautomator2Driver@b227 (fe0cd291)]&amp#27;[0m Matched '/element/00000000-0000-0032-ffff-ffff00000140/value' to command name 'setValue'
[debug] &amp#27;[38;5;32m[AndroidUiautomator2Driver@b227 (fe0cd291)]&amp#27;[0m Added 'value' property ["D","a","n","i","e","l"," ","O","g","a","g","a"] to 'setValue' request body
[debug] &amp#27;[38;5;32m[AndroidUiautomator2Driver@b227 (fe0cd291)]&amp#27;[0m Proxying [POST /element/00000000-0000-0032-ffff-ffff00000140/value] to [POST http://127.0.0.1:8200/session/85989a46-cbdd-4bd4-a501-a859808a0843/element/00000000-0000-0032-ffff-ffff00000140/value] with body: {"elementId":"00000000-0000-0032-ffff-ffff00000140","text":"Daniel Ogaga","replace":false,"value":["D","a","n","i","e","l"," ","O","g","a","g","a"]}
[debug] &amp#27;[38;5;32m[AndroidUiautomator2Driver@b227 (fe0cd291)]&amp#27;[0m Got response with status 200: {"sessionId":"85989a46-cbdd-4bd4-a501-a859808a0843","value":null}
[debug] &amp#27;[38;5;32m[AndroidUiautomator2Driver@b227 (fe0cd291)]&amp#27;[0m Responding to client with driver.setValue() result: null
&amp#27;[38;5;0m[HTTP]&amp#27;[0m &amp#27;[37m<-- POST /session/fe0cd291-8f79-4212-8568-b4785b2dee12/element/00000000-0000-0032-ffff-ffff00000140/value &amp#27;[39m&amp#27;[32m200&amp#27;[39m &amp#27;[90m12 ms - 14&amp#27;[39m
&amp#27;[38;5;0m[HTTP]&amp#27;[0m &amp#27;[90m&amp#27;[39m
&amp#27;[38;5;0m[HTTP]&amp#27;[0m &amp#27;[37m-->&amp#27;[39m &amp#27;[37mPOST&amp#27;[39m &amp#27;[37m/session/fe0cd291-8f79-4212-8568-b4785b2dee12/element&amp#27;[39m
&amp#27;[38;5;0m[HTTP]&amp#27;[0m &amp#27;[90m{"using":"xpath","value":"//android.widget.EditText[@index=6]"}&amp#27;[39m
[debug] &amp#27;[38;5;32m[AndroidUiautomator2Driver@b227 (fe0cd291)]&amp#27;[0m Calling AppiumDriver.findElement() with args: ["xpath","//android.widget.EditText[@index=6]","fe0cd291-8f79-4212-8568-b4785b2dee12"]
[debug] &amp#27;[38;5;32m[AndroidUiautomator2Driver@b227 (fe0cd291)]&amp#27;[0m Valid locator strategies for this request: xpath, id, class name, accessibility id, css selector, -android uiautomator
[debug] &amp#27;[38;5;32m[AndroidUiautomator2Driver@b227 (fe0cd291)]&amp#27;[0m Waiting up to 10000 ms for condition
[debug] &amp#27;[38;5;32m[AndroidUiautomator2Driver@b227 (fe0cd291)]&amp#27;[0m Matched '/element' to command name 'findElement'
[debug] &amp#27;[38;5;32m[AndroidUiautomator2Driver@b227 (fe0cd291)]&amp#27;[0m Proxying [POST /element] to [POST http://127.0.0.1:8200/session/85989a46-cbdd-4bd4-a501-a859808a0843/element] with body: {"strategy":"xpath","selector":"//android.widget.EditText[@index=6]","context":"","multiple":false}
[debug] &amp#27;[38;5;32m[AndroidUiautomator2Driver@b227 (fe0cd291)]&amp#27;[0m Got response with status 200: {"sessionId":"85989a46-cbdd-4bd4-a501-a859808a0843","value":{"ELEMENT":"00000000-0000-0032-ffff-ffff00000143","element-6066-11e4-a52e-4f735466cecf":"00000000-0000-0032-ffff-ffff00000143"}}
[debug] &amp#27;[38;5;32m[AndroidUiautomator2Driver@b227 (fe0cd291)]&amp#27;[0m Responding to client with driver.findElement() result: {"element-6066-11e4-a52e-4f735466cecf":"00000000-0000-0032-ffff-ffff00000143","ELEMENT":"00000000-0000-0032-ffff-ffff00000143"}
&amp#27;[38;5;0m[HTTP]&amp#27;[0m &amp#27;[37m<-- POST /session/fe0cd291-8f79-4212-8568-b4785b2dee12/element &amp#27;[39m&amp#27;[32m200&amp#27;[39m &amp#27;[90m36 ms - 137&amp#27;[39m
&amp#27;[38;5;0m[HTTP]&amp#27;[0m &amp#27;[90m&amp#27;[39m
&amp#27;[38;5;0m[HTTP]&amp#27;[0m &amp#27;[37m-->&amp#27;[39m &amp#27;[37mPOST&amp#27;[39m &amp#27;[37m/session/fe0cd291-8f79-4212-8568-b4785b2dee12/element/00000000-0000-0032-ffff-ffff00000143/value&amp#27;[39m
&amp#27;[38;5;0m[HTTP]&amp#27;[0m &amp#27;[90m{"id":"00000000-0000-0032-ffff-ffff00000143","text":"vada.deckow@gmai.com","value":["v","a","d","a",".","d","e","c","k","o","w","@","g","m","a","i",".","c","o","m"]}&amp#27;[39m
[debug] &amp#27;[38;5;32m[AndroidUiautomator2Driver@b227 (fe0cd291)]&amp#27;[0m Calling AppiumDriver.setValue() with args: [["v","a","d","a",".","d","e","c","k","o","w","@","g","m","a","i",".","c","o","m"],"00000000-0000-0032-ffff-ffff00000143","fe0cd291-8f79-4212-8568-b4785b2dee12"]
[debug] &amp#27;[38;5;32m[AndroidUiautomator2Driver@b227 (fe0cd291)]&amp#27;[0m Matched '/element/00000000-0000-0032-ffff-ffff00000143/value' to command name 'setValue'
[debug] &amp#27;[38;5;32m[AndroidUiautomator2Driver@b227 (fe0cd291)]&amp#27;[0m Added 'value' property ["v","a","d","a",".","d","e","c","k","o","w","@","g","m","a","i",".","c","o","m"] to 'setValue' request body
[debug] &amp#27;[38;5;32m[AndroidUiautomator2Driver@b227 (fe0cd291)]&amp#27;[0m Proxying [POST /element/00000000-0000-0032-ffff-ffff00000143/value] to [POST http://127.0.0.1:8200/session/85989a46-cbdd-4bd4-a501-a859808a0843/element/00000000-0000-0032-ffff-ffff00000143/value] with body: {"elementId":"00000000-0000-0032-ffff-ffff00000143","text":"vada.deckow@gmai.com","replace":false,"value":["v","a","d","a",".","d","e","c","k","o","w","@","g","m","a","i",".","c","o","m"]}
[debug] &amp#27;[38;5;32m[AndroidUiautomator2Driver@b227 (fe0cd291)]&amp#27;[0m Got response with status 200: {"sessionId":"85989a46-cbdd-4bd4-a501-a859808a0843","value":null}
[debug] &amp#27;[38;5;32m[AndroidUiautomator2Driver@b227 (fe0cd291)]&amp#27;[0m Responding to client with driver.setValue() result: null
&amp#27;[38;5;0m[HTTP]&amp#27;[0m &amp#27;[37m<-- POST /session/fe0cd291-8f79-4212-8568-b4785b2dee12/element/00000000-0000-0032-ffff-ffff00000143/value &amp#27;[39m&amp#27;[32m200&amp#27;[39m &amp#27;[90m470 ms - 14&amp#27;[39m
&amp#27;[38;5;0m[HTTP]&amp#27;[0m &amp#27;[90m&amp#27;[39m
&amp#27;[38;5;0m[HTTP]&amp#27;[0m &amp#27;[37m-->&amp#27;[39m &amp#27;[37mPOST&amp#27;[39m &amp#27;[37m/session/fe0cd291-8f79-4212-8568-b4785b2dee12/element&amp#27;[39m
&amp#27;[38;5;0m[HTTP]&amp#27;[0m &amp#27;[90m{"using":"xpath","value":"//android.widget.EditText[@index=9]"}&amp#27;[39m
[debug] &amp#27;[38;5;32m[AndroidUiautomator2Driver@b227 (fe0cd291)]&amp#27;[0m Calling AppiumDriver.findElement() with args: ["xpath","//android.widget.EditText[@index=9]","fe0cd291-8f79-4212-8568-b4785b2dee12"]
[debug] &amp#27;[38;5;32m[AndroidUiautomator2Driver@b227 (fe0cd291)]&amp#27;[0m Valid locator strategies for this request: xpath, id, class name, accessibility id, css selector, -android uiautomator
[debug] &amp#27;[38;5;32m[AndroidUiautomator2Driver@b227 (fe0cd291)]&amp#27;[0m Waiting up to 10000 ms for condition
[debug] &amp#27;[38;5;32m[AndroidUiautomator2Driver@b227 (fe0cd291)]&amp#27;[0m Matched '/element' to command name 'findElement'
[debug] &amp#27;[38;5;32m[AndroidUiautomator2Driver@b227 (fe0cd291)]&amp#27;[0m Proxying [POST /element] to [POST http://127.0.0.1:8200/session/85989a46-cbdd-4bd4-a501-a859808a0843/element] with body: {"strategy":"xpath","selector":"//android.widget.EditText[@index=9]","context":"","multiple":false}
[debug] &amp#27;[38;5;32m[AndroidUiautomator2Driver@b227 (fe0cd291)]&amp#27;[0m Got response with status 200: {"sessionId":"85989a46-cbdd-4bd4-a501-a859808a0843","value":{"ELEMENT":"00000000-0000-0032-ffff-ffff00000146","element-6066-11e4-a52e-4f735466cecf":"00000000-0000-0032-ffff-ffff00000146"}}
[debug] &amp#27;[38;5;32m[AndroidUiautomator2Driver@b227 (fe0cd291)]&amp#27;[0m Responding to client with driver.findElement() result: {"element-6066-11e4-a52e-4f735466cecf":"00000000-0000-0032-ffff-ffff00000146","ELEMENT":"00000000-0000-0032-ffff-ffff00000146"}
&amp#27;[38;5;0m[HTTP]&amp#27;[0m &amp#27;[37m<-- POST /session/fe0cd291-8f79-4212-8568-b4785b2dee12/element &amp#27;[39m&amp#27;[32m200&amp#27;[39m &amp#27;[90m522 ms - 137&amp#27;[39m
&amp#27;[38;5;0m[HTTP]&amp#27;[0m &amp#27;[90m&amp#27;[39m
&amp#27;[38;5;0m[HTTP]&amp#27;[0m &amp#27;[37m-->&amp#27;[39m &amp#27;[37mPOST&amp#27;[39m &amp#27;[37m/session/fe0cd291-8f79-4212-8568-b4785b2dee12/element/00000000-0000-0032-ffff-ffff00000146/value&amp#27;[39m
&amp#27;[38;5;0m[HTTP]&amp#27;[0m &amp#27;[90m{"id":"00000000-0000-0032-ffff-ffff00000146","text":"08033443048","value":["0","8","0","3","3","4","4","3","0","4","8"]}&amp#27;[39m
[debug] &amp#27;[38;5;32m[AndroidUiautomator2Driver@b227 (fe0cd291)]&amp#27;[0m Calling AppiumDriver.setValue() with args: [["0","8","0","3","3","4","4","3","0","4","8"],"00000000-0000-0032-ffff-ffff00000146","fe0cd291-8f79-4212-8568-b4785b2dee12"]
[debug] &amp#27;[38;5;32m[AndroidUiautomator2Driver@b227 (fe0cd291)]&amp#27;[0m Matched '/element/00000000-0000-0032-ffff-ffff00000146/value' to command name 'setValue'
[debug] &amp#27;[38;5;32m[AndroidUiautomator2Driver@b227 (fe0cd291)]&amp#27;[0m Added 'value' property ["0","8","0","3","3","4","4","3","0","4","8"] to 'setValue' request body
[debug] &amp#27;[38;5;32m[AndroidUiautomator2Driver@b227 (fe0cd291)]&amp#27;[0m Proxying [POST /element/00000000-0000-0032-ffff-ffff00000146/value] to [POST http://127.0.0.1:8200/session/85989a46-cbdd-4bd4-a501-a859808a0843/element/00000000-0000-0032-ffff-ffff00000146/value] with body: {"elementId":"00000000-0000-0032-ffff-ffff00000146","text":"08033443048","replace":false,"value":["0","8","0","3","3","4","4","3","0","4","8"]}
[debug] &amp#27;[38;5;32m[AndroidUiautomator2Driver@b227 (fe0cd291)]&amp#27;[0m Got response with status 200: {"sessionId":"85989a46-cbdd-4bd4-a501-a859808a0843","value":null}
[debug] &amp#27;[38;5;32m[AndroidUiautomator2Driver@b227 (fe0cd291)]&amp#27;[0m Responding to client with driver.setValue() result: null
&amp#27;[38;5;0m[HTTP]&amp#27;[0m &amp#27;[37m<-- POST /session/fe0cd291-8f79-4212-8568-b4785b2dee12/element/00000000-0000-0032-ffff-ffff00000146/value &amp#27;[39m&amp#27;[32m200&amp#27;[39m &amp#27;[90m12 ms - 14&amp#27;[39m
&amp#27;[38;5;0m[HTTP]&amp#27;[0m &amp#27;[90m&amp#27;[39m
&amp#27;[38;5;0m[HTTP]&amp#27;[0m &amp#27;[37m-->&amp#27;[39m &amp#27;[37mPOST&amp#27;[39m &amp#27;[37m/session/fe0cd291-8f79-4212-8568-b4785b2dee12/element&amp#27;[39m
&amp#27;[38;5;0m[HTTP]&amp#27;[0m &amp#27;[90m{"using":"xpath","value":"//android.widget.EditText[@index=12]"}&amp#27;[39m
[debug] &amp#27;[38;5;32m[AndroidUiautomator2Driver@b227 (fe0cd291)]&amp#27;[0m Calling AppiumDriver.findElement() with args: ["xpath","//android.widget.EditText[@index=12]","fe0cd291-8f79-4212-8568-b4785b2dee12"]
[debug] &amp#27;[38;5;32m[AndroidUiautomator2Driver@b227 (fe0cd291)]&amp#27;[0m Valid locator strategies for this request: xpath, id, class name, accessibility id, css selector, -android uiautomator
[debug] &amp#27;[38;5;32m[AndroidUiautomator2Driver@b227 (fe0cd291)]&amp#27;[0m Waiting up to 10000 ms for condition
[debug] &amp#27;[38;5;32m[AndroidUiautomator2Driver@b227 (fe0cd291)]&amp#27;[0m Matched '/element' to command name 'findElement'
[debug] &amp#27;[38;5;32m[AndroidUiautomator2Driver@b227 (fe0cd291)]&amp#27;[0m Proxying [POST /element] to [POST http://127.0.0.1:8200/session/85989a46-cbdd-4bd4-a501-a859808a0843/element] with body: {"strategy":"xpath","selector":"//android.widget.EditText[@index=12]","context":"","multiple":false}
[debug] &amp#27;[38;5;32m[AndroidUiautomator2Driver@b227 (fe0cd291)]&amp#27;[0m Got response with status 200: {"sessionId":"85989a46-cbdd-4bd4-a501-a859808a0843","value":{"ELEMENT":"00000000-0000-0032-ffff-ffff00000149","element-6066-11e4-a52e-4f735466cecf":"00000000-0000-0032-ffff-ffff00000149"}}
[debug] &amp#27;[38;5;32m[AndroidUiautomator2Driver@b227 (fe0cd291)]&amp#27;[0m Responding to client with driver.findElement() result: {"element-6066-11e4-a52e-4f735466cecf":"00000000-0000-0032-ffff-ffff00000149","ELEMENT":"00000000-0000-0032-ffff-ffff00000149"}
&amp#27;[38;5;0m[HTTP]&amp#27;[0m &amp#27;[37m<-- POST /session/fe0cd291-8f79-4212-8568-b4785b2dee12/element &amp#27;[39m&amp#27;[32m200&amp#27;[39m &amp#27;[90m55 ms - 137&amp#27;[39m
&amp#27;[38;5;0m[HTTP]&amp#27;[0m &amp#27;[90m&amp#27;[39m
&amp#27;[38;5;0m[HTTP]&amp#27;[0m &amp#27;[37m-->&amp#27;[39m &amp#27;[37mPOST&amp#27;[39m &amp#27;[37m/session/fe0cd291-8f79-4212-8568-b4785b2dee12/element/00000000-0000-0032-ffff-ffff00000149/value&amp#27;[39m
&amp#27;[38;5;0m[HTTP]&amp#27;[0m &amp#27;[90m{"id":"00000000-0000-0032-ffff-ffff00000149","text":"password","value":["p","a","s","s","w","o","r","d"]}&amp#27;[39m
[debug] &amp#27;[38;5;32m[AndroidUiautomator2Driver@b227 (fe0cd291)]&amp#27;[0m Calling AppiumDriver.setValue() with args: [["p","a","s","s","w","o","r","d"],"00000000-0000-0032-ffff-ffff00000149","fe0cd291-8f79-4212-8568-b4785b2dee12"]
[debug] &amp#27;[38;5;32m[AndroidUiautomator2Driver@b227 (fe0cd291)]&amp#27;[0m Matched '/element/00000000-0000-0032-ffff-ffff00000149/value' to command name 'setValue'
[debug] &amp#27;[38;5;32m[AndroidUiautomator2Driver@b227 (fe0cd291)]&amp#27;[0m Added 'value' property ["p","a","s","s","w","o","r","d"] to 'setValue' request body
[debug] &amp#27;[38;5;32m[AndroidUiautomator2Driver@b227 (fe0cd291)]&amp#27;[0m Proxying [POST /element/00000000-0000-0032-ffff-ffff00000149/value] to [POST http://127.0.0.1:8200/session/85989a46-cbdd-4bd4-a501-a859808a0843/element/00000000-0000-0032-ffff-ffff00000149/value] with body: {"elementId":"00000000-0000-0032-ffff-ffff00000149","text":"password","replace":false,"value":["p","a","s","s","w","o","r","d"]}
[debug] &amp#27;[38;5;32m[AndroidUiautomator2Driver@b227 (fe0cd291)]&amp#27;[0m Got response with status 200: {"sessionId":"85989a46-cbdd-4bd4-a501-a859808a0843","value":null}
[debug] &amp#27;[38;5;32m[AndroidUiautomator2Driver@b227 (fe0cd291)]&amp#27;[0m Responding to client with driver.setValue() result: null
&amp#27;[38;5;0m[HTTP]&amp#27;[0m &amp#27;[37m<-- POST /session/fe0cd291-8f79-4212-8568-b4785b2dee12/element/00000000-0000-0032-ffff-ffff00000149/value &amp#27;[39m&amp#27;[32m200&amp#27;[39m &amp#27;[90m451 ms - 14&amp#27;[39m
&amp#27;[38;5;0m[HTTP]&amp#27;[0m &amp#27;[90m&amp#27;[39m
&amp#27;[38;5;0m[HTTP]&amp#27;[0m &amp#27;[37m-->&amp#27;[39m &amp#27;[37mPOST&amp#27;[39m &amp#27;[37m/session/fe0cd291-8f79-4212-8568-b4785b2dee12/element&amp#27;[39m
&amp#27;[38;5;0m[HTTP]&amp#27;[0m &amp#27;[90m{"using":"xpath","value":"//android.widget.TextView[@text='Register']"}&amp#27;[39m
[debug] &amp#27;[38;5;32m[AndroidUiautomator2Driver@b227 (fe0cd291)]&amp#27;[0m Calling AppiumDriver.findElement() with args: ["xpath","//android.widget.TextView[@text='Register']","fe0cd291-8f79-4212-8568-b4785b2dee12"]
[debug] &amp#27;[38;5;32m[AndroidUiautomator2Driver@b227 (fe0cd291)]&amp#27;[0m Valid locator strategies for this request: xpath, id, class name, accessibility id, css selector, -android uiautomator
[debug] &amp#27;[38;5;32m[AndroidUiautomator2Driver@b227 (fe0cd291)]&amp#27;[0m Waiting up to 10000 ms for condition
[debug] &amp#27;[38;5;32m[AndroidUiautomator2Driver@b227 (fe0cd291)]&amp#27;[0m Matched '/element' to command name 'findElement'
[debug] &amp#27;[38;5;32m[AndroidUiautomator2Driver@b227 (fe0cd291)]&amp#27;[0m Proxying [POST /element] to [POST http://127.0.0.1:8200/session/85989a46-cbdd-4bd4-a501-a859808a0843/element] with body: {"strategy":"xpath","selector":"//android.widget.TextView[@text='Register']","context":"","multiple":false}
[debug] &amp#27;[38;5;32m[AndroidUiautomator2Driver@b227 (fe0cd291)]&amp#27;[0m Got response with status 200: {"sessionId":"85989a46-cbdd-4bd4-a501-a859808a0843","value":{"ELEMENT":"00000000-0000-0032-ffff-ffff00000156","element-6066-11e4-a52e-4f735466cecf":"00000000-0000-0032-ffff-ffff00000156"}}
[debug] &amp#27;[38;5;32m[AndroidUiautomator2Driver@b227 (fe0cd291)]&amp#27;[0m Responding to client with driver.findElement() result: {"element-6066-11e4-a52e-4f735466cecf":"00000000-0000-0032-ffff-ffff00000156","ELEMENT":"00000000-0000-0032-ffff-ffff00000156"}
&amp#27;[38;5;0m[HTTP]&amp#27;[0m &amp#27;[37m<-- POST /session/fe0cd291-8f79-4212-8568-b4785b2dee12/element &amp#27;[39m&amp#27;[32m200&amp#27;[39m &amp#27;[90m632 ms - 137&amp#27;[39m
&amp#27;[38;5;0m[HTTP]&amp#27;[0m &amp#27;[90m&amp#27;[39m
&amp#27;[38;5;0m[HTTP]&amp#27;[0m &amp#27;[37m-->&amp#27;[39m &amp#27;[37mPOST&amp#27;[39m &amp#27;[37m/session/fe0cd291-8f79-4212-8568-b4785b2dee12/element/00000000-0000-0032-ffff-ffff00000156/click&amp#27;[39m
&amp#27;[38;5;0m[HTTP]&amp#27;[0m &amp#27;[90m{"id":"00000000-0000-0032-ffff-ffff00000156"}&amp#27;[39m
[debug] &amp#27;[38;5;32m[AndroidUiautomator2Driver@b227 (fe0cd291)]&amp#27;[0m Calling AppiumDriver.click() with args: ["00000000-0000-0032-ffff-ffff00000156","fe0cd291-8f79-4212-8568-b4785b2dee12"]
[debug] &amp#27;[38;5;32m[AndroidUiautomator2Driver@b227 (fe0cd291)]&amp#27;[0m Matched '/element/00000000-0000-0032-ffff-ffff00000156/click' to command name 'click'
[debug] &amp#27;[38;5;32m[AndroidUiautomator2Driver@b227 (fe0cd291)]&amp#27;[0m Proxying [POST /element/00000000-0000-0032-ffff-ffff00000156/click] to [POST http://127.0.0.1:8200/session/85989a46-cbdd-4bd4-a501-a859808a0843/element/00000000-0000-0032-ffff-ffff00000156/click] with body: {"element":"00000000-0000-0032-ffff-ffff00000156"}
[debug] &amp#27;[38;5;32m[AndroidUiautomator2Driver@b227 (fe0cd291)]&amp#27;[0m Got response with status 200: {"sessionId":"85989a46-cbdd-4bd4-a501-a859808a0843","value":null}
[debug] &amp#27;[38;5;32m[AndroidUiautomator2Driver@b227 (fe0cd291)]&amp#27;[0m Responding to client with driver.click() result: null
&amp#27;[38;5;0m[HTTP]&amp#27;[0m &amp#27;[37m<-- POST /session/fe0cd291-8f79-4212-8568-b4785b2dee12/element/00000000-0000-0032-ffff-ffff00000156/click &amp#27;[39m&amp#27;[32m200&amp#27;[39m &amp#27;[90m40 ms - 14&amp#27;[39m
&amp#27;[38;5;0m[HTTP]&amp#27;[0m &amp#27;[90m&amp#27;[39m
&amp#27;[38;5;0m[HTTP]&amp#27;[0m &amp#27;[37m-->&amp#27;[39m &amp#27;[37mPOST&amp#27;[39m &amp#27;[37m/session/fe0cd291-8f79-4212-8568-b4785b2dee12/element&amp#27;[39m
&amp#27;[38;5;0m[HTTP]&amp#27;[0m &amp#27;[90m{"using":"xpath","value":"//android.widget.TextView[@index=18]"}&amp#27;[39m
[debug] &amp#27;[38;5;32m[AndroidUiautomator2Driver@b227 (fe0cd291)]&amp#27;[0m Calling AppiumDriver.findElement() with args: ["xpath","//android.widget.TextView[@index=18]","fe0cd291-8f79-4212-8568-b4785b2dee12"]
[debug] &amp#27;[38;5;32m[AndroidUiautomator2Driver@b227 (fe0cd291)]&amp#27;[0m Valid locator strategies for this request: xpath, id, class name, accessibility id, css selector, -android uiautomator
[debug] &amp#27;[38;5;32m[AndroidUiautomator2Driver@b227 (fe0cd291)]&amp#27;[0m Waiting up to 10000 ms for condition
[debug] &amp#27;[38;5;32m[AndroidUiautomator2Driver@b227 (fe0cd291)]&amp#27;[0m Matched '/element' to command name 'findElement'
[debug] &amp#27;[38;5;32m[AndroidUiautomator2Driver@b227 (fe0cd291)]&amp#27;[0m Proxying [POST /element] to [POST http://127.0.0.1:8200/session/85989a46-cbdd-4bd4-a501-a859808a0843/element] with body: {"strategy":"xpath","selector":"//android.widget.TextView[@index=18]","context":"","multiple":false}
[debug] &amp#27;[38;5;32m[AndroidUiautomator2Driver@b227 (fe0cd291)]&amp#27;[0m Got response with status 200: {"sessionId":"85989a46-cbdd-4bd4-a501-a859808a0843","value":{"ELEMENT":"00000000-0000-0032-ffff-ffff0000014e","element-6066-11e4-a52e-4f735466cecf":"00000000-0000-0032-ffff-ffff0000014e"}}
[debug] &amp#27;[38;5;32m[AndroidUiautomator2Driver@b227 (fe0cd291)]&amp#27;[0m Responding to client with driver.findElement() result: {"element-6066-11e4-a52e-4f735466cecf":"00000000-0000-0032-ffff-ffff0000014e","ELEMENT":"00000000-0000-0032-ffff-ffff0000014e"}
&amp#27;[38;5;0m[HTTP]&amp#27;[0m &amp#27;[37m<-- POST /session/fe0cd291-8f79-4212-8568-b4785b2dee12/element &amp#27;[39m&amp#27;[32m200&amp#27;[39m &amp#27;[90m35 ms - 137&amp#27;[39m
&amp#27;[38;5;0m[HTTP]&amp#27;[0m &amp#27;[90m&amp#27;[39m
&amp#27;[38;5;0m[HTTP]&amp#27;[0m &amp#27;[37m-->&amp#27;[39m &amp#27;[37mPOST&amp#27;[39m &amp#27;[37m/session/fe0cd291-8f79-4212-8568-b4785b2dee12/element/00000000-0000-0032-ffff-ffff0000014e/click&amp#27;[39m
&amp#27;[38;5;0m[HTTP]&amp#27;[0m &amp#27;[90m{"id":"00000000-0000-0032-ffff-ffff0000014e"}&amp#27;[39m
[debug] &amp#27;[38;5;32m[AndroidUiautomator2Driver@b227 (fe0cd291)]&amp#27;[0m Calling AppiumDriver.click() with args: ["00000000-0000-0032-ffff-ffff0000014e","fe0cd291-8f79-4212-8568-b4785b2dee12"]
[debug] &amp#27;[38;5;32m[AndroidUiautomator2Driver@b227 (fe0cd291)]&amp#27;[0m Matched '/element/00000000-0000-0032-ffff-ffff0000014e/click' to command name 'click'
[debug] &amp#27;[38;5;32m[AndroidUiautomator2Driver@b227 (fe0cd291)]&amp#27;[0m Proxying [POST /element/00000000-0000-0032-ffff-ffff0000014e/click] to [POST http://127.0.0.1:8200/session/85989a46-cbdd-4bd4-a501-a859808a0843/element/00000000-0000-0032-ffff-ffff0000014e/click] with body: {"element":"00000000-0000-0032-ffff-ffff0000014e"}
[debug] &amp#27;[38;5;32m[AndroidUiautomator2Driver@b227 (fe0cd291)]&amp#27;[0m Got response with status 200: {"sessionId":"85989a46-cbdd-4bd4-a501-a859808a0843","value":null}
[debug] &amp#27;[38;5;32m[AndroidUiautomator2Driver@b227 (fe0cd291)]&amp#27;[0m Responding to client with driver.click() result: null
&amp#27;[38;5;0m[HTTP]&amp#27;[0m &amp#27;[37m<-- POST /session/fe0cd291-8f79-4212-8568-b4785b2dee12/element/00000000-0000-0032-ffff-ffff0000014e/click &amp#27;[39m&amp#27;[32m200&amp#27;[39m &amp#27;[90m50 ms - 14&amp#27;[39m
&amp#27;[38;5;0m[HTTP]&amp#27;[0m &amp#27;[90m&amp#27;[39m
&amp#27;[38;5;0m[HTTP]&amp#27;[0m &amp#27;[37m-->&amp#27;[39m &amp#27;[37mPOST&amp#27;[39m &amp#27;[37m/session/fe0cd291-8f79-4212-8568-b4785b2dee12/element&amp#27;[39m
&amp#27;[38;5;0m[HTTP]&amp#27;[0m &amp#27;[90m{"using":"xpath","value":"//android.widget.TextView[@text='Register']"}&amp#27;[39m
[debug] &amp#27;[38;5;32m[AndroidUiautomator2Driver@b227 (fe0cd291)]&amp#27;[0m Calling AppiumDriver.findElement() with args: ["xpath","//android.widget.TextView[@text='Register']","fe0cd291-8f79-4212-8568-b4785b2dee12"]
[debug] &amp#27;[38;5;32m[AndroidUiautomator2Driver@b227 (fe0cd291)]&amp#27;[0m Valid locator strategies for this request: xpath, id, class name, accessibility id, css selector, -android uiautomator
[debug] &amp#27;[38;5;32m[AndroidUiautomator2Driver@b227 (fe0cd291)]&amp#27;[0m Waiting up to 10000 ms for condition
[debug] &amp#27;[38;5;32m[AndroidUiautomator2Driver@b227 (fe0cd291)]&amp#27;[0m Matched '/element' to command name 'findElement'
[debug] &amp#27;[38;5;32m[AndroidUiautomator2Driver@b227 (fe0cd291)]&amp#27;[0m Proxying [POST /element] to [POST http://127.0.0.1:8200/session/85989a46-cbdd-4bd4-a501-a859808a0843/element] with body: {"strategy":"xpath","selector":"//android.widget.TextView[@text='Register']","context":"","multiple":false}
[debug] &amp#27;[38;5;32m[AndroidUiautomator2Driver@b227 (fe0cd291)]&amp#27;[0m Got response with status 200: {"sessionId":"85989a46-cbdd-4bd4-a501-a859808a0843","value":{"ELEMENT":"00000000-0000-0032-ffff-ffff00000156","element-6066-11e4-a52e-4f735466cecf":"00000000-0000-0032-ffff-ffff00000156"}}
[debug] &amp#27;[38;5;32m[AndroidUiautomator2Driver@b227 (fe0cd291)]&amp#27;[0m Responding to client with driver.findElement() result: {"element-6066-11e4-a52e-4f735466cecf":"00000000-0000-0032-ffff-ffff00000156","ELEMENT":"00000000-0000-0032-ffff-ffff00000156"}
&amp#27;[38;5;0m[HTTP]&amp#27;[0m &amp#27;[37m<-- POST /session/fe0cd291-8f79-4212-8568-b4785b2dee12/element &amp#27;[39m&amp#27;[32m200&amp#27;[39m &amp#27;[90m31 ms - 137&amp#27;[39m
&amp#27;[38;5;0m[HTTP]&amp#27;[0m &amp#27;[90m&amp#27;[39m
&amp#27;[38;5;0m[HTTP]&amp#27;[0m &amp#27;[37m-->&amp#27;[39m &amp#27;[37mPOST&amp#27;[39m &amp#27;[37m/session/fe0cd291-8f79-4212-8568-b4785b2dee12/element/00000000-0000-0032-ffff-ffff00000156/click&amp#27;[39m
&amp#27;[38;5;0m[HTTP]&amp#27;[0m &amp#27;[90m{"id":"00000000-0000-0032-ffff-ffff00000156"}&amp#27;[39m
[debug] &amp#27;[38;5;32m[AndroidUiautomator2Driver@b227 (fe0cd291)]&amp#27;[0m Calling AppiumDriver.click() with args: ["00000000-0000-0032-ffff-ffff00000156","fe0cd291-8f79-4212-8568-b4785b2dee12"]
[debug] &amp#27;[38;5;32m[AndroidUiautomator2Driver@b227 (fe0cd291)]&amp#27;[0m Matched '/element/00000000-0000-0032-ffff-ffff00000156/click' to command name 'click'
[debug] &amp#27;[38;5;32m[AndroidUiautomator2Driver@b227 (fe0cd291)]&amp#27;[0m Proxying [POST /element/00000000-0000-0032-ffff-ffff00000156/click] to [POST http://127.0.0.1:8200/session/85989a46-cbdd-4bd4-a501-a859808a0843/element/00000000-0000-0032-ffff-ffff00000156/click] with body: {"element":"00000000-0000-0032-ffff-ffff00000156"}
[debug] &amp#27;[38;5;32m[AndroidUiautomator2Driver@b227 (fe0cd291)]&amp#27;[0m Got response with status 200: {"sessionId":"85989a46-cbdd-4bd4-a501-a859808a0843","value":null}
[debug] &amp#27;[38;5;32m[AndroidUiautomator2Driver@b227 (fe0cd291)]&amp#27;[0m Responding to client with driver.click() result: null
&amp#27;[38;5;0m[HTTP]&amp#27;[0m &amp#27;[37m<-- POST /session/fe0cd291-8f79-4212-8568-b4785b2dee12/element/00000000-0000-0032-ffff-ffff00000156/click &amp#27;[39m&amp#27;[32m200&amp#27;[39m &amp#27;[90m50 ms - 14&amp#27;[39m
&amp#27;[38;5;0m[HTTP]&amp#27;[0m &amp#27;[90m&amp#27;[39m
&amp#27;[38;5;0m[HTTP]&amp#27;[0m &amp#27;[37m-->&amp#27;[39m &amp#27;[37mPOST&amp#27;[39m &amp#27;[37m/session/fe0cd291-8f79-4212-8568-b4785b2dee12/element&amp#27;[39m
&amp#27;[38;5;0m[HTTP]&amp#27;[0m &amp#27;[90m{"using":"xpath","value":"//android.widget.TextView[@index=7]"}&amp#27;[39m
[debug] &amp#27;[38;5;32m[AndroidUiautomator2Driver@b227 (fe0cd291)]&amp#27;[0m Calling AppiumDriver.findElement() with args: ["xpath","//android.widget.TextView[@index=7]","fe0cd291-8f79-4212-8568-b4785b2dee12"]
[debug] &amp#27;[38;5;32m[AndroidUiautomator2Driver@b227 (fe0cd291)]&amp#27;[0m Valid locator strategies for this request: xpath, id, class name, accessibility id, css selector, -android uiautomator
[debug] &amp#27;[38;5;32m[AndroidUiautomator2Driver@b227 (fe0cd291)]&amp#27;[0m Waiting up to 10000 ms for condition
[debug] &amp#27;[38;5;32m[AndroidUiautomator2Driver@b227 (fe0cd291)]&amp#27;[0m Matched '/element' to command name 'findElement'
[debug] &amp#27;[38;5;32m[AndroidUiautomator2Driver@b227 (fe0cd291)]&amp#27;[0m Proxying [POST /element] to [POST http://127.0.0.1:8200/session/85989a46-cbdd-4bd4-a501-a859808a0843/element] with body: {"strategy":"xpath","selector":"//android.widget.TextView[@index=7]","context":"","multiple":false}
[debug] &amp#27;[38;5;32m[AndroidUiautomator2Driver@b227 (fe0cd291)]&amp#27;[0m Got response with status 200: {"sessionId":"85989a46-cbdd-4bd4-a501-a859808a0843","value":{"ELEMENT":"00000000-0000-0032-ffff-ffff00000144","element-6066-11e4-a52e-4f735466cecf":"00000000-0000-0032-ffff-ffff00000144"}}
[debug] &amp#27;[38;5;32m[AndroidUiautomator2Driver@b227 (fe0cd291)]&amp#27;[0m Responding to client with driver.findElement() result: {"element-6066-11e4-a52e-4f735466cecf":"00000000-0000-0032-ffff-ffff00000144","ELEMENT":"00000000-0000-0032-ffff-ffff00000144"}
&amp#27;[38;5;0m[HTTP]&amp#27;[0m &amp#27;[37m<-- POST /session/fe0cd291-8f79-4212-8568-b4785b2dee12/element &amp#27;[39m&amp#27;[32m200&amp#27;[39m &amp#27;[90m666 ms - 137&amp#27;[39m
&amp#27;[38;5;0m[HTTP]&amp#27;[0m &amp#27;[90m&amp#27;[39m
&amp#27;[38;5;0m[HTTP]&amp#27;[0m &amp#27;[37m-->&amp#27;[39m &amp#27;[37mPOST&amp#27;[39m &amp#27;[37m/session/fe0cd291-8f79-4212-8568-b4785b2dee12/element&amp#27;[39m
&amp#27;[38;5;0m[HTTP]&amp#27;[0m &amp#27;[90m{"using":"xpath","value":"//android.widget.TextView[@index=7]"}&amp#27;[39m
[debug] &amp#27;[38;5;32m[AndroidUiautomator2Driver@b227 (fe0cd291)]&amp#27;[0m Calling AppiumDriver.findElement() with args: ["xpath","//android.widget.TextView[@index=7]","fe0cd291-8f79-4212-8568-b4785b2dee12"]
[debug] &amp#27;[38;5;32m[AndroidUiautomator2Driver@b227 (fe0cd291)]&amp#27;[0m Valid locator strategies for this request: xpath, id, class name, accessibility id, css selector, -android uiautomator
[debug] &amp#27;[38;5;32m[AndroidUiautomator2Driver@b227 (fe0cd291)]&amp#27;[0m Waiting up to 10000 ms for condition
[debug] &amp#27;[38;5;32m[AndroidUiautomator2Driver@b227 (fe0cd291)]&amp#27;[0m Matched '/element' to command name 'findElement'
[debug] &amp#27;[38;5;32m[AndroidUiautomator2Driver@b227 (fe0cd291)]&amp#27;[0m Proxying [POST /element] to [POST http://127.0.0.1:8200/session/85989a46-cbdd-4bd4-a501-a859808a0843/element] with body: {"strategy":"xpath","selector":"//android.widget.TextView[@index=7]","context":"","multiple":false}
[debug] &amp#27;[38;5;32m[AndroidUiautomator2Driver@b227 (fe0cd291)]&amp#27;[0m Got response with status 200: {"sessionId":"85989a46-cbdd-4bd4-a501-a859808a0843","value":{"ELEMENT":"00000000-0000-0032-ffff-ffff00000144","element-6066-11e4-a52e-4f735466cecf":"00000000-0000-0032-ffff-ffff00000144"}}
[debug] &amp#27;[38;5;32m[AndroidUiautomator2Driver@b227 (fe0cd291)]&amp#27;[0m Responding to client with driver.findElement() result: {"element-6066-11e4-a52e-4f735466cecf":"00000000-0000-0032-ffff-ffff00000144","ELEMENT":"00000000-0000-0032-ffff-ffff00000144"}
&amp#27;[38;5;0m[HTTP]&amp#27;[0m &amp#27;[37m<-- POST /session/fe0cd291-8f79-4212-8568-b4785b2dee12/element &amp#27;[39m&amp#27;[32m200&amp#27;[39m &amp#27;[90m58 ms - 137&amp#27;[39m
&amp#27;[38;5;0m[HTTP]&amp#27;[0m &amp#27;[90m&amp#27;[39m
&amp#27;[38;5;0m[HTTP]&amp#27;[0m &amp#27;[37m-->&amp#27;[39m &amp#27;[37mGET&amp#27;[39m &amp#27;[37m/session/fe0cd291-8f79-4212-8568-b4785b2dee12/element/00000000-0000-0032-ffff-ffff00000144/text&amp#27;[39m
&amp#27;[38;5;0m[HTTP]&amp#27;[0m &amp#27;[90m{}&amp#27;[39m
&amp#27;[38;5;32m[AndroidUiautomator2Driver@b227 (fe0cd291)]&amp#27;[0m Driver proxy active, passing request on via HTTP proxy
[debug] &amp#27;[38;5;32m[AndroidUiautomator2Driver@b227 (fe0cd291)]&amp#27;[0m Matched '/session/fe0cd291-8f79-4212-8568-b4785b2dee12/element/00000000-0000-0032-ffff-ffff00000144/text' to command name 'getText'
[debug] &amp#27;[38;5;32m[AndroidUiautomator2Driver@b227 (fe0cd291)]&amp#27;[0m Proxying [GET /session/fe0cd291-8f79-4212-8568-b4785b2dee12/element/00000000-0000-0032-ffff-ffff00000144/text] to [GET http://127.0.0.1:8200/session/85989a46-cbdd-4bd4-a501-a859808a0843/element/00000000-0000-0032-ffff-ffff00000144/text] with no body
[debug] &amp#27;[38;5;32m[AndroidUiautomator2Driver@b227 (fe0cd291)]&amp#27;[0m Got response with status 200: {"sessionId":"85989a46-cbdd-4bd4-a501-a859808a0843","value":"This domain is not supported on Quickteller. Kindly use another email address"}
&amp#27;[38;5;32m[AndroidUiautomator2Driver@b227 (fe0cd291)]&amp#27;[0m Replacing sessionId 85989a46-cbdd-4bd4-a501-a859808a0843 with fe0cd291-8f79-4212-8568-b4785b2dee12
&amp#27;[38;5;0m[HTTP]&amp#27;[0m &amp#27;[37m<-- GET /session/fe0cd291-8f79-4212-8568-b4785b2dee12/element/00000000-0000-0032-ffff-ffff00000144/text &amp#27;[39m&amp#27;[32m200&amp#27;[39m &amp#27;[90m13 ms - 140&amp#27;[39m
&amp#27;[38;5;0m[HTTP]&amp#27;[0m &amp#27;[90m&amp#27;[39m
]]></system-out>
  </testcase>
  <testcase name="Testcase_One[gmeil.com](7)" classname="testcases.Android.DisposableDomain_QTM_2874" time="8.175">
    <system-out><![CDATA[&amp#27;[38;5;0m[HTTP]&amp#27;[0m &amp#27;[37m-->&amp#27;[39m &amp#27;[37mPOST&amp#27;[39m &amp#27;[37m/session/fe0cd291-8f79-4212-8568-b4785b2dee12/element&amp#27;[39m
&amp#27;[38;5;0m[HTTP]&amp#27;[0m &amp#27;[90m{"using":"xpath","value":"//android.widget.TextView[@index=0]"}&amp#27;[39m
[debug] &amp#27;[38;5;32m[AndroidUiautomator2Driver@b227 (fe0cd291)]&amp#27;[0m Calling AppiumDriver.findElement() with args: ["xpath","//android.widget.TextView[@index=0]","fe0cd291-8f79-4212-8568-b4785b2dee12"]
[debug] &amp#27;[38;5;32m[AndroidUiautomator2Driver@b227 (fe0cd291)]&amp#27;[0m Valid locator strategies for this request: xpath, id, class name, accessibility id, css selector, -android uiautomator
[debug] &amp#27;[38;5;32m[AndroidUiautomator2Driver@b227 (fe0cd291)]&amp#27;[0m Waiting up to 10000 ms for condition
[debug] &amp#27;[38;5;32m[AndroidUiautomator2Driver@b227 (fe0cd291)]&amp#27;[0m Matched '/element' to command name 'findElement'
[debug] &amp#27;[38;5;32m[AndroidUiautomator2Driver@b227 (fe0cd291)]&amp#27;[0m Proxying [POST /element] to [POST http://127.0.0.1:8200/session/85989a46-cbdd-4bd4-a501-a859808a0843/element] with body: {"strategy":"xpath","selector":"//android.widget.TextView[@index=0]","context":"","multiple":false}
[debug] &amp#27;[38;5;32m[AndroidUiautomator2Driver@b227 (fe0cd291)]&amp#27;[0m Got response with status 200: {"sessionId":"85989a46-cbdd-4bd4-a501-a859808a0843","value":{"ELEMENT":"00000000-0000-0032-ffff-ffff00000138","element-6066-11e4-a52e-4f735466cecf":"00000000-0000-0032-ffff-ffff00000138"}}
[debug] &amp#27;[38;5;32m[AndroidUiautomator2Driver@b227 (fe0cd291)]&amp#27;[0m Responding to client with driver.findElement() result: {"element-6066-11e4-a52e-4f735466cecf":"00000000-0000-0032-ffff-ffff00000138","ELEMENT":"00000000-0000-0032-ffff-ffff00000138"}
&amp#27;[38;5;0m[HTTP]&amp#27;[0m &amp#27;[37m<-- POST /session/fe0cd291-8f79-4212-8568-b4785b2dee12/element &amp#27;[39m&amp#27;[32m200&amp#27;[39m &amp#27;[90m63 ms - 137&amp#27;[39m
&amp#27;[38;5;0m[HTTP]&amp#27;[0m &amp#27;[90m&amp#27;[39m
&amp#27;[38;5;0m[HTTP]&amp#27;[0m &amp#27;[37m-->&amp#27;[39m &amp#27;[37mPOST&amp#27;[39m &amp#27;[37m/session/fe0cd291-8f79-4212-8568-b4785b2dee12/element/00000000-0000-0032-ffff-ffff00000138/click&amp#27;[39m
&amp#27;[38;5;0m[HTTP]&amp#27;[0m &amp#27;[90m{"id":"00000000-0000-0032-ffff-ffff00000138"}&amp#27;[39m
[debug] &amp#27;[38;5;32m[AndroidUiautomator2Driver@b227 (fe0cd291)]&amp#27;[0m Calling AppiumDriver.click() with args: ["00000000-0000-0032-ffff-ffff00000138","fe0cd291-8f79-4212-8568-b4785b2dee12"]
[debug] &amp#27;[38;5;32m[AndroidUiautomator2Driver@b227 (fe0cd291)]&amp#27;[0m Matched '/element/00000000-0000-0032-ffff-ffff00000138/click' to command name 'click'
[debug] &amp#27;[38;5;32m[AndroidUiautomator2Driver@b227 (fe0cd291)]&amp#27;[0m Proxying [POST /element/00000000-0000-0032-ffff-ffff00000138/click] to [POST http://127.0.0.1:8200/session/85989a46-cbdd-4bd4-a501-a859808a0843/element/00000000-0000-0032-ffff-ffff00000138/click] with body: {"element":"00000000-0000-0032-ffff-ffff00000138"}
[debug] &amp#27;[38;5;32m[AndroidUiautomator2Driver@b227 (fe0cd291)]&amp#27;[0m Got response with status 200: {"sessionId":"85989a46-cbdd-4bd4-a501-a859808a0843","value":null}
[debug] &amp#27;[38;5;32m[AndroidUiautomator2Driver@b227 (fe0cd291)]&amp#27;[0m Responding to client with driver.click() result: null
&amp#27;[38;5;0m[HTTP]&amp#27;[0m &amp#27;[37m<-- POST /session/fe0cd291-8f79-4212-8568-b4785b2dee12/element/00000000-0000-0032-ffff-ffff00000138/click &amp#27;[39m&amp#27;[32m200&amp#27;[39m &amp#27;[90m59 ms - 14&amp#27;[39m
&amp#27;[38;5;0m[HTTP]&amp#27;[0m &amp#27;[90m&amp#27;[39m
&amp#27;[38;5;0m[HTTP]&amp#27;[0m &amp#27;[37m-->&amp#27;[39m &amp#27;[37mPOST&amp#27;[39m &amp#27;[37m/session/fe0cd291-8f79-4212-8568-b4785b2dee12/timeouts&amp#27;[39m
&amp#27;[38;5;0m[HTTP]&amp#27;[0m &amp#27;[90m{"implicit":6000}&amp#27;[39m
[debug] &amp#27;[38;5;32m[AndroidUiautomator2Driver@b227 (fe0cd291)]&amp#27;[0m Calling AppiumDriver.timeouts() with args: [null,null,null,null,6000,"fe0cd291-8f79-4212-8568-b4785b2dee12"]
[debug] &amp#27;[38;5;32m[AndroidUiautomator2Driver@b227 (fe0cd291)]&amp#27;[0m W3C timeout argument: {"implicit":6000}}
[debug] &amp#27;[38;5;32m[AndroidUiautomator2Driver@b227 (fe0cd291)]&amp#27;[0m Set implicit wait to 6000ms
[debug] &amp#27;[38;5;32m[AndroidUiautomator2Driver@b227 (fe0cd291)]&amp#27;[0m Responding to client with driver.timeouts() result: null
&amp#27;[38;5;0m[HTTP]&amp#27;[0m &amp#27;[37m<-- POST /session/fe0cd291-8f79-4212-8568-b4785b2dee12/timeouts &amp#27;[39m&amp#27;[32m200&amp#27;[39m &amp#27;[90m1 ms - 14&amp#27;[39m
&amp#27;[38;5;0m[HTTP]&amp#27;[0m &amp#27;[90m&amp#27;[39m
&amp#27;[38;5;0m[HTTP]&amp#27;[0m &amp#27;[37m-->&amp#27;[39m &amp#27;[37mPOST&amp#27;[39m &amp#27;[37m/session/fe0cd291-8f79-4212-8568-b4785b2dee12/element&amp#27;[39m
&amp#27;[38;5;0m[HTTP]&amp#27;[0m &amp#27;[90m{"using":"xpath","value":"//android.widget.Button[@text='Allow']"}&amp#27;[39m
[debug] &amp#27;[38;5;32m[AndroidUiautomator2Driver@b227 (fe0cd291)]&amp#27;[0m Calling AppiumDriver.findElement() with args: ["xpath","//android.widget.Button[@text='Allow']","fe0cd291-8f79-4212-8568-b4785b2dee12"]
[debug] &amp#27;[38;5;32m[AndroidUiautomator2Driver@b227 (fe0cd291)]&amp#27;[0m Valid locator strategies for this request: xpath, id, class name, accessibility id, css selector, -android uiautomator
[debug] &amp#27;[38;5;32m[AndroidUiautomator2Driver@b227 (fe0cd291)]&amp#27;[0m Waiting up to 6000 ms for condition
[debug] &amp#27;[38;5;32m[AndroidUiautomator2Driver@b227 (fe0cd291)]&amp#27;[0m Matched '/element' to command name 'findElement'
[debug] &amp#27;[38;5;32m[AndroidUiautomator2Driver@b227 (fe0cd291)]&amp#27;[0m Proxying [POST /element] to [POST http://127.0.0.1:8200/session/85989a46-cbdd-4bd4-a501-a859808a0843/element] with body: {"strategy":"xpath","selector":"//android.widget.Button[@text='Allow']","context":"","multiple":false}
&amp#27;[38;5;32m[AndroidUiautomator2Driver@b227 (fe0cd291)]&amp#27;[0m Got response with status 404: {"sessionId":"85989a46-cbdd-4bd4-a501-a859808a0843","value":{"error":"no such element","message":"An element could not be located on the page using the given search parameters","stacktrace":"io.appium.uiautomator2.common.exceptions.ElementNotFoundException: An element could not be located on the page using the given search parameters\n\tat io.appium.uiautomator2.utils.ElementLocationHelpers.findElement(ElementLocationHelpers.java:156)\n\tat io.appium.uiautomator2.handler.FindElement.safeHandle(FindElement.java:60)\n\tat io.appium.uiautomator2.handler.request.SafeRequestHandler.handle(SafeRequestHandler.java:59)\n\tat io.appium.uiautomator2.server.AppiumServlet.handleRequest(AppiumServlet.java:277)\n\tat io.appium.uiautomator2.server.AppiumServlet.handleHttpRequest(AppiumServlet.java:271)\n\tat io.appium.uiautomator2.http.ServerHandler.channelRead(ServerHandler.java:68)\n\tat io.netty.channel.AbstractChannelHandlerContext.invokeChannelRead(AbstractChannelHandlerContext.java:366)\n\tat io.netty.channel.Abstr...
[debug] &amp#27;[38;5;128m[W3C]&amp#27;[0m Matched W3C error code 'no such element' to NoSuchElementError
[debug] &amp#27;[38;5;32m[AndroidUiautomator2Driver@b227 (fe0cd291)]&amp#27;[0m Waited for 605 ms so far
[debug] &amp#27;[38;5;32m[AndroidUiautomator2Driver@b227 (fe0cd291)]&amp#27;[0m Matched '/element' to command name 'findElement'
[debug] &amp#27;[38;5;32m[AndroidUiautomator2Driver@b227 (fe0cd291)]&amp#27;[0m Proxying [POST /element] to [POST http://127.0.0.1:8200/session/85989a46-cbdd-4bd4-a501-a859808a0843/element] with body: {"strategy":"xpath","selector":"//android.widget.Button[@text='Allow']","context":"","multiple":false}
&amp#27;[38;5;32m[AndroidUiautomator2Driver@b227 (fe0cd291)]&amp#27;[0m Got response with status 404: {"sessionId":"85989a46-cbdd-4bd4-a501-a859808a0843","value":{"error":"no such element","message":"An element could not be located on the page using the given search parameters","stacktrace":"io.appium.uiautomator2.common.exceptions.ElementNotFoundException: An element could not be located on the page using the given search parameters\n\tat io.appium.uiautomator2.utils.ElementLocationHelpers.findElement(ElementLocationHelpers.java:156)\n\tat io.appium.uiautomator2.handler.FindElement.safeHandle(FindElement.java:60)\n\tat io.appium.uiautomator2.handler.request.SafeRequestHandler.handle(SafeRequestHandler.java:59)\n\tat io.appium.uiautomator2.server.AppiumServlet.handleRequest(AppiumServlet.java:277)\n\tat io.appium.uiautomator2.server.AppiumServlet.handleHttpRequest(AppiumServlet.java:271)\n\tat io.appium.uiautomator2.http.ServerHandler.channelRead(ServerHandler.java:68)\n\tat io.netty.channel.AbstractChannelHandlerContext.invokeChannelRead(AbstractChannelHandlerContext.java:366)\n\tat io.netty.channel.Abstr...
[debug] &amp#27;[38;5;128m[W3C]&amp#27;[0m Matched W3C error code 'no such element' to NoSuchElementError
[debug] &amp#27;[38;5;32m[AndroidUiautomator2Driver@b227 (fe0cd291)]&amp#27;[0m Waited for 1272 ms so far
[debug] &amp#27;[38;5;32m[AndroidUiautomator2Driver@b227 (fe0cd291)]&amp#27;[0m Matched '/element' to command name 'findElement'
[debug] &amp#27;[38;5;32m[AndroidUiautomator2Driver@b227 (fe0cd291)]&amp#27;[0m Proxying [POST /element] to [POST http://127.0.0.1:8200/session/85989a46-cbdd-4bd4-a501-a859808a0843/element] with body: {"strategy":"xpath","selector":"//android.widget.Button[@text='Allow']","context":"","multiple":false}
&amp#27;[38;5;32m[AndroidUiautomator2Driver@b227 (fe0cd291)]&amp#27;[0m Got response with status 404: {"sessionId":"85989a46-cbdd-4bd4-a501-a859808a0843","value":{"error":"no such element","message":"An element could not be located on the page using the given search parameters","stacktrace":"io.appium.uiautomator2.common.exceptions.ElementNotFoundException: An element could not be located on the page using the given search parameters\n\tat io.appium.uiautomator2.utils.ElementLocationHelpers.findElement(ElementLocationHelpers.java:156)\n\tat io.appium.uiautomator2.handler.FindElement.safeHandle(FindElement.java:60)\n\tat io.appium.uiautomator2.handler.request.SafeRequestHandler.handle(SafeRequestHandler.java:59)\n\tat io.appium.uiautomator2.server.AppiumServlet.handleRequest(AppiumServlet.java:277)\n\tat io.appium.uiautomator2.server.AppiumServlet.handleHttpRequest(AppiumServlet.java:271)\n\tat io.appium.uiautomator2.http.ServerHandler.channelRead(ServerHandler.java:68)\n\tat io.netty.channel.AbstractChannelHandlerContext.invokeChannelRead(AbstractChannelHandlerContext.java:366)\n\tat io.netty.channel.Abstr...
[debug] &amp#27;[38;5;128m[W3C]&amp#27;[0m Matched W3C error code 'no such element' to NoSuchElementError
[debug] &amp#27;[38;5;32m[AndroidUiautomator2Driver@b227 (fe0cd291)]&amp#27;[0m Waited for 1962 ms so far
[debug] &amp#27;[38;5;32m[AndroidUiautomator2Driver@b227 (fe0cd291)]&amp#27;[0m Matched '/element' to command name 'findElement'
[debug] &amp#27;[38;5;32m[AndroidUiautomator2Driver@b227 (fe0cd291)]&amp#27;[0m Proxying [POST /element] to [POST http://127.0.0.1:8200/session/85989a46-cbdd-4bd4-a501-a859808a0843/element] with body: {"strategy":"xpath","selector":"//android.widget.Button[@text='Allow']","context":"","multiple":false}
&amp#27;[38;5;32m[AndroidUiautomator2Driver@b227 (fe0cd291)]&amp#27;[0m Got response with status 404: {"sessionId":"85989a46-cbdd-4bd4-a501-a859808a0843","value":{"error":"no such element","message":"An element could not be located on the page using the given search parameters","stacktrace":"io.appium.uiautomator2.common.exceptions.ElementNotFoundException: An element could not be located on the page using the given search parameters\n\tat io.appium.uiautomator2.utils.ElementLocationHelpers.findElement(ElementLocationHelpers.java:156)\n\tat io.appium.uiautomator2.handler.FindElement.safeHandle(FindElement.java:60)\n\tat io.appium.uiautomator2.handler.request.SafeRequestHandler.handle(SafeRequestHandler.java:59)\n\tat io.appium.uiautomator2.server.AppiumServlet.handleRequest(AppiumServlet.java:277)\n\tat io.appium.uiautomator2.server.AppiumServlet.handleHttpRequest(AppiumServlet.java:271)\n\tat io.appium.uiautomator2.http.ServerHandler.channelRead(ServerHandler.java:68)\n\tat io.netty.channel.AbstractChannelHandlerContext.invokeChannelRead(AbstractChannelHandlerContext.java:366)\n\tat io.netty.channel.Abstr...
[debug] &amp#27;[38;5;128m[W3C]&amp#27;[0m Matched W3C error code 'no such element' to NoSuchElementError
[debug] &amp#27;[38;5;32m[AndroidUiautomator2Driver@b227 (fe0cd291)]&amp#27;[0m Waited for 2601 ms so far
[debug] &amp#27;[38;5;32m[AndroidUiautomator2Driver@b227 (fe0cd291)]&amp#27;[0m Matched '/element' to command name 'findElement'
[debug] &amp#27;[38;5;32m[AndroidUiautomator2Driver@b227 (fe0cd291)]&amp#27;[0m Proxying [POST /element] to [POST http://127.0.0.1:8200/session/85989a46-cbdd-4bd4-a501-a859808a0843/element] with body: {"strategy":"xpath","selector":"//android.widget.Button[@text='Allow']","context":"","multiple":false}
&amp#27;[38;5;32m[AndroidUiautomator2Driver@b227 (fe0cd291)]&amp#27;[0m Got response with status 404: {"sessionId":"85989a46-cbdd-4bd4-a501-a859808a0843","value":{"error":"no such element","message":"An element could not be located on the page using the given search parameters","stacktrace":"io.appium.uiautomator2.common.exceptions.ElementNotFoundException: An element could not be located on the page using the given search parameters\n\tat io.appium.uiautomator2.utils.ElementLocationHelpers.findElement(ElementLocationHelpers.java:156)\n\tat io.appium.uiautomator2.handler.FindElement.safeHandle(FindElement.java:60)\n\tat io.appium.uiautomator2.handler.request.SafeRequestHandler.handle(SafeRequestHandler.java:59)\n\tat io.appium.uiautomator2.server.AppiumServlet.handleRequest(AppiumServlet.java:277)\n\tat io.appium.uiautomator2.server.AppiumServlet.handleHttpRequest(AppiumServlet.java:271)\n\tat io.appium.uiautomator2.http.ServerHandler.channelRead(ServerHandler.java:68)\n\tat io.netty.channel.AbstractChannelHandlerContext.invokeChannelRead(AbstractChannelHandlerContext.java:366)\n\tat io.netty.channel.Abstr...
[debug] &amp#27;[38;5;128m[W3C]&amp#27;[0m Matched W3C error code 'no such element' to NoSuchElementError
[debug] &amp#27;[38;5;32m[AndroidUiautomator2Driver@b227 (fe0cd291)]&amp#27;[0m Waited for 3229 ms so far
[debug] &amp#27;[38;5;32m[AndroidUiautomator2Driver@b227 (fe0cd291)]&amp#27;[0m Matched '/element' to command name 'findElement'
[debug] &amp#27;[38;5;32m[AndroidUiautomator2Driver@b227 (fe0cd291)]&amp#27;[0m Proxying [POST /element] to [POST http://127.0.0.1:8200/session/85989a46-cbdd-4bd4-a501-a859808a0843/element] with body: {"strategy":"xpath","selector":"//android.widget.Button[@text='Allow']","context":"","multiple":false}
&amp#27;[38;5;32m[AndroidUiautomator2Driver@b227 (fe0cd291)]&amp#27;[0m Got response with status 404: {"sessionId":"85989a46-cbdd-4bd4-a501-a859808a0843","value":{"error":"no such element","message":"An element could not be located on the page using the given search parameters","stacktrace":"io.appium.uiautomator2.common.exceptions.ElementNotFoundException: An element could not be located on the page using the given search parameters\n\tat io.appium.uiautomator2.utils.ElementLocationHelpers.findElement(ElementLocationHelpers.java:156)\n\tat io.appium.uiautomator2.handler.FindElement.safeHandle(FindElement.java:60)\n\tat io.appium.uiautomator2.handler.request.SafeRequestHandler.handle(SafeRequestHandler.java:59)\n\tat io.appium.uiautomator2.server.AppiumServlet.handleRequest(AppiumServlet.java:277)\n\tat io.appium.uiautomator2.server.AppiumServlet.handleHttpRequest(AppiumServlet.java:271)\n\tat io.appium.uiautomator2.http.ServerHandler.channelRead(ServerHandler.java:68)\n\tat io.netty.channel.AbstractChannelHandlerContext.invokeChannelRead(AbstractChannelHandlerContext.java:366)\n\tat io.netty.channel.Abstr...
[debug] &amp#27;[38;5;128m[W3C]&amp#27;[0m Matched W3C error code 'no such element' to NoSuchElementError
[debug] &amp#27;[38;5;32m[AndroidUiautomator2Driver@b227 (fe0cd291)]&amp#27;[0m Waited for 3903 ms so far
[debug] &amp#27;[38;5;32m[AndroidUiautomator2Driver@b227 (fe0cd291)]&amp#27;[0m Matched '/element' to command name 'findElement'
[debug] &amp#27;[38;5;32m[AndroidUiautomator2Driver@b227 (fe0cd291)]&amp#27;[0m Proxying [POST /element] to [POST http://127.0.0.1:8200/session/85989a46-cbdd-4bd4-a501-a859808a0843/element] with body: {"strategy":"xpath","selector":"//android.widget.Button[@text='Allow']","context":"","multiple":false}
&amp#27;[38;5;32m[AndroidUiautomator2Driver@b227 (fe0cd291)]&amp#27;[0m Got response with status 404: {"sessionId":"85989a46-cbdd-4bd4-a501-a859808a0843","value":{"error":"no such element","message":"An element could not be located on the page using the given search parameters","stacktrace":"io.appium.uiautomator2.common.exceptions.ElementNotFoundException: An element could not be located on the page using the given search parameters\n\tat io.appium.uiautomator2.utils.ElementLocationHelpers.findElement(ElementLocationHelpers.java:156)\n\tat io.appium.uiautomator2.handler.FindElement.safeHandle(FindElement.java:60)\n\tat io.appium.uiautomator2.handler.request.SafeRequestHandler.handle(SafeRequestHandler.java:59)\n\tat io.appium.uiautomator2.server.AppiumServlet.handleRequest(AppiumServlet.java:277)\n\tat io.appium.uiautomator2.server.AppiumServlet.handleHttpRequest(AppiumServlet.java:271)\n\tat io.appium.uiautomator2.http.ServerHandler.channelRead(ServerHandler.java:68)\n\tat io.netty.channel.AbstractChannelHandlerContext.invokeChannelRead(AbstractChannelHandlerContext.java:366)\n\tat io.netty.channel.Abstr...
[debug] &amp#27;[38;5;128m[W3C]&amp#27;[0m Matched W3C error code 'no such element' to NoSuchElementError
[debug] &amp#27;[38;5;32m[AndroidUiautomator2Driver@b227 (fe0cd291)]&amp#27;[0m Waited for 4655 ms so far
[debug] &amp#27;[38;5;32m[AndroidUiautomator2Driver@b227 (fe0cd291)]&amp#27;[0m Matched '/element' to command name 'findElement'
[debug] &amp#27;[38;5;32m[AndroidUiautomator2Driver@b227 (fe0cd291)]&amp#27;[0m Proxying [POST /element] to [POST http://127.0.0.1:8200/session/85989a46-cbdd-4bd4-a501-a859808a0843/element] with body: {"strategy":"xpath","selector":"//android.widget.Button[@text='Allow']","context":"","multiple":false}
&amp#27;[38;5;32m[AndroidUiautomator2Driver@b227 (fe0cd291)]&amp#27;[0m Got response with status 404: {"sessionId":"85989a46-cbdd-4bd4-a501-a859808a0843","value":{"error":"no such element","message":"An element could not be located on the page using the given search parameters","stacktrace":"io.appium.uiautomator2.common.exceptions.ElementNotFoundException: An element could not be located on the page using the given search parameters\n\tat io.appium.uiautomator2.utils.ElementLocationHelpers.findElement(ElementLocationHelpers.java:156)\n\tat io.appium.uiautomator2.handler.FindElement.safeHandle(FindElement.java:60)\n\tat io.appium.uiautomator2.handler.request.SafeRequestHandler.handle(SafeRequestHandler.java:59)\n\tat io.appium.uiautomator2.server.AppiumServlet.handleRequest(AppiumServlet.java:277)\n\tat io.appium.uiautomator2.server.AppiumServlet.handleHttpRequest(AppiumServlet.java:271)\n\tat io.appium.uiautomator2.http.ServerHandler.channelRead(ServerHandler.java:68)\n\tat io.netty.channel.AbstractChannelHandlerContext.invokeChannelRead(AbstractChannelHandlerContext.java:366)\n\tat io.netty.channel.Abstr...
[debug] &amp#27;[38;5;128m[W3C]&amp#27;[0m Matched W3C error code 'no such element' to NoSuchElementError
[debug] &amp#27;[38;5;32m[AndroidUiautomator2Driver@b227 (fe0cd291)]&amp#27;[0m Waited for 5194 ms so far
[debug] &amp#27;[38;5;32m[AndroidUiautomator2Driver@b227 (fe0cd291)]&amp#27;[0m Matched '/element' to command name 'findElement'
[debug] &amp#27;[38;5;32m[AndroidUiautomator2Driver@b227 (fe0cd291)]&amp#27;[0m Proxying [POST /element] to [POST http://127.0.0.1:8200/session/85989a46-cbdd-4bd4-a501-a859808a0843/element] with body: {"strategy":"xpath","selector":"//android.widget.Button[@text='Allow']","context":"","multiple":false}
&amp#27;[38;5;32m[AndroidUiautomator2Driver@b227 (fe0cd291)]&amp#27;[0m Got response with status 404: {"sessionId":"85989a46-cbdd-4bd4-a501-a859808a0843","value":{"error":"no such element","message":"An element could not be located on the page using the given search parameters","stacktrace":"io.appium.uiautomator2.common.exceptions.ElementNotFoundException: An element could not be located on the page using the given search parameters\n\tat io.appium.uiautomator2.utils.ElementLocationHelpers.findElement(ElementLocationHelpers.java:156)\n\tat io.appium.uiautomator2.handler.FindElement.safeHandle(FindElement.java:60)\n\tat io.appium.uiautomator2.handler.request.SafeRequestHandler.handle(SafeRequestHandler.java:59)\n\tat io.appium.uiautomator2.server.AppiumServlet.handleRequest(AppiumServlet.java:277)\n\tat io.appium.uiautomator2.server.AppiumServlet.handleHttpRequest(AppiumServlet.java:271)\n\tat io.appium.uiautomator2.http.ServerHandler.channelRead(ServerHandler.java:68)\n\tat io.netty.channel.AbstractChannelHandlerContext.invokeChannelRead(AbstractChannelHandlerContext.java:366)\n\tat io.netty.channel.Abstr...
[debug] &amp#27;[38;5;128m[W3C]&amp#27;[0m Matched W3C error code 'no such element' to NoSuchElementError
[debug] &amp#27;[38;5;32m[AndroidUiautomator2Driver@b227 (fe0cd291)]&amp#27;[0m Waited for 5714 ms so far
[debug] &amp#27;[38;5;32m[AndroidUiautomator2Driver@b227 (fe0cd291)]&amp#27;[0m Matched '/element' to command name 'findElement'
[debug] &amp#27;[38;5;32m[AndroidUiautomator2Driver@b227 (fe0cd291)]&amp#27;[0m Proxying [POST /element] to [POST http://127.0.0.1:8200/session/85989a46-cbdd-4bd4-a501-a859808a0843/element] with body: {"strategy":"xpath","selector":"//android.widget.Button[@text='Allow']","context":"","multiple":false}
&amp#27;[38;5;32m[AndroidUiautomator2Driver@b227 (fe0cd291)]&amp#27;[0m Got response with status 404: {"sessionId":"85989a46-cbdd-4bd4-a501-a859808a0843","value":{"error":"no such element","message":"An element could not be located on the page using the given search parameters","stacktrace":"io.appium.uiautomator2.common.exceptions.ElementNotFoundException: An element could not be located on the page using the given search parameters\n\tat io.appium.uiautomator2.utils.ElementLocationHelpers.findElement(ElementLocationHelpers.java:156)\n\tat io.appium.uiautomator2.handler.FindElement.safeHandle(FindElement.java:60)\n\tat io.appium.uiautomator2.handler.request.SafeRequestHandler.handle(SafeRequestHandler.java:59)\n\tat io.appium.uiautomator2.server.AppiumServlet.handleRequest(AppiumServlet.java:277)\n\tat io.appium.uiautomator2.server.AppiumServlet.handleHttpRequest(AppiumServlet.java:271)\n\tat io.appium.uiautomator2.http.ServerHandler.channelRead(ServerHandler.java:68)\n\tat io.netty.channel.AbstractChannelHandlerContext.invokeChannelRead(AbstractChannelHandlerContext.java:366)\n\tat io.netty.channel.Abstr...
[debug] &amp#27;[38;5;128m[W3C]&amp#27;[0m Matched W3C error code 'no such element' to NoSuchElementError
[debug] &amp#27;[38;5;32m[AndroidUiautomator2Driver@b227 (fe0cd291)]&amp#27;[0m Encountered internal error running command: NoSuchElementError: An element could not be located on the page using the given search parameters.
[debug] &amp#27;[38;5;32m[AndroidUiautomator2Driver@b227 (fe0cd291)]&amp#27;[0m     at AndroidUiautomator2Driver.findElOrEls (C:\Users\daniel.ogagavworia\.appium\node_modules\appium-uiautomator2-driver\node_modules\appium-android-driver\lib\commands\find.js:75:11)
[debug] &amp#27;[38;5;32m[AndroidUiautomator2Driver@b227 (fe0cd291)]&amp#27;[0m     at processTicksAndRejections (node:internal/process/task_queues:95:5)
[debug] &amp#27;[38;5;32m[AndroidUiautomator2Driver@b227 (fe0cd291)]&amp#27;[0m     at AndroidUiautomator2Driver.findElOrElsWithProcessing (C:\Users\daniel.ogagavworia\AppData\Roaming\npm\node_modules\appium\node_modules\@appium\base-driver\lib\basedriver\commands\find.ts:60:12)
[debug] &amp#27;[38;5;32m[AndroidUiautomator2Driver@b227 (fe0cd291)]&amp#27;[0m     at AndroidUiautomator2Driver.findElement (C:\Users\daniel.ogagavworia\AppData\Roaming\npm\node_modules\appium\node_modules\@appium\base-driver\lib\basedriver\commands\find.ts:75:12)
&amp#27;[38;5;0m[HTTP]&amp#27;[0m &amp#27;[37m<-- POST /session/fe0cd291-8f79-4212-8568-b4785b2dee12/element &amp#27;[39m&amp#27;[33m404&amp#27;[39m &amp#27;[90m6032 ms - 929&amp#27;[39m
&amp#27;[38;5;0m[HTTP]&amp#27;[0m &amp#27;[90m&amp#27;[39m
&amp#27;[38;5;0m[HTTP]&amp#27;[0m &amp#27;[37m-->&amp#27;[39m &amp#27;[37mPOST&amp#27;[39m &amp#27;[37m/session/fe0cd291-8f79-4212-8568-b4785b2dee12/element&amp#27;[39m
&amp#27;[38;5;0m[HTTP]&amp#27;[0m &amp#27;[90m{"using":"xpath","value":"//android.widget.TextView[@text='REGISTER']"}&amp#27;[39m
[debug] &amp#27;[38;5;32m[AndroidUiautomator2Driver@b227 (fe0cd291)]&amp#27;[0m Calling AppiumDriver.findElement() with args: ["xpath","//android.widget.TextView[@text='REGISTER']","fe0cd291-8f79-4212-8568-b4785b2dee12"]
[debug] &amp#27;[38;5;32m[AndroidUiautomator2Driver@b227 (fe0cd291)]&amp#27;[0m Valid locator strategies for this request: xpath, id, class name, accessibility id, css selector, -android uiautomator
[debug] &amp#27;[38;5;32m[AndroidUiautomator2Driver@b227 (fe0cd291)]&amp#27;[0m Waiting up to 6000 ms for condition
[debug] &amp#27;[38;5;32m[AndroidUiautomator2Driver@b227 (fe0cd291)]&amp#27;[0m Matched '/element' to command name 'findElement'
[debug] &amp#27;[38;5;32m[AndroidUiautomator2Driver@b227 (fe0cd291)]&amp#27;[0m Proxying [POST /element] to [POST http://127.0.0.1:8200/session/85989a46-cbdd-4bd4-a501-a859808a0843/element] with body: {"strategy":"xpath","selector":"//android.widget.TextView[@text='REGISTER']","context":"","multiple":false}
[debug] &amp#27;[38;5;32m[AndroidUiautomator2Driver@b227 (fe0cd291)]&amp#27;[0m Got response with status 200: {"sessionId":"85989a46-cbdd-4bd4-a501-a859808a0843","value":{"ELEMENT":"00000000-0000-0032-ffff-ffff0000002e","element-6066-11e4-a52e-4f735466cecf":"00000000-0000-0032-ffff-ffff0000002e"}}
[debug] &amp#27;[38;5;32m[AndroidUiautomator2Driver@b227 (fe0cd291)]&amp#27;[0m Responding to client with driver.findElement() result: {"element-6066-11e4-a52e-4f735466cecf":"00000000-0000-0032-ffff-ffff0000002e","ELEMENT":"00000000-0000-0032-ffff-ffff0000002e"}
&amp#27;[38;5;0m[HTTP]&amp#27;[0m &amp#27;[37m<-- POST /session/fe0cd291-8f79-4212-8568-b4785b2dee12/element &amp#27;[39m&amp#27;[32m200&amp#27;[39m &amp#27;[90m20 ms - 137&amp#27;[39m
&amp#27;[38;5;0m[HTTP]&amp#27;[0m &amp#27;[90m&amp#27;[39m
&amp#27;[38;5;0m[HTTP]&amp#27;[0m &amp#27;[37m-->&amp#27;[39m &amp#27;[37mPOST&amp#27;[39m &amp#27;[37m/session/fe0cd291-8f79-4212-8568-b4785b2dee12/element/00000000-0000-0032-ffff-ffff0000002e/click&amp#27;[39m
&amp#27;[38;5;0m[HTTP]&amp#27;[0m &amp#27;[90m{"id":"00000000-0000-0032-ffff-ffff0000002e"}&amp#27;[39m
[debug] &amp#27;[38;5;32m[AndroidUiautomator2Driver@b227 (fe0cd291)]&amp#27;[0m Calling AppiumDriver.click() with args: ["00000000-0000-0032-ffff-ffff0000002e","fe0cd291-8f79-4212-8568-b4785b2dee12"]
[debug] &amp#27;[38;5;32m[AndroidUiautomator2Driver@b227 (fe0cd291)]&amp#27;[0m Matched '/element/00000000-0000-0032-ffff-ffff0000002e/click' to command name 'click'
[debug] &amp#27;[38;5;32m[AndroidUiautomator2Driver@b227 (fe0cd291)]&amp#27;[0m Proxying [POST /element/00000000-0000-0032-ffff-ffff0000002e/click] to [POST http://127.0.0.1:8200/session/85989a46-cbdd-4bd4-a501-a859808a0843/element/00000000-0000-0032-ffff-ffff0000002e/click] with body: {"element":"00000000-0000-0032-ffff-ffff0000002e"}
[debug] &amp#27;[38;5;32m[AndroidUiautomator2Driver@b227 (fe0cd291)]&amp#27;[0m Got response with status 200: {"sessionId":"85989a46-cbdd-4bd4-a501-a859808a0843","value":null}
[debug] &amp#27;[38;5;32m[AndroidUiautomator2Driver@b227 (fe0cd291)]&amp#27;[0m Responding to client with driver.click() result: null
&amp#27;[38;5;0m[HTTP]&amp#27;[0m &amp#27;[37m<-- POST /session/fe0cd291-8f79-4212-8568-b4785b2dee12/element/00000000-0000-0032-ffff-ffff0000002e/click &amp#27;[39m&amp#27;[32m200&amp#27;[39m &amp#27;[90m63 ms - 14&amp#27;[39m
&amp#27;[38;5;0m[HTTP]&amp#27;[0m &amp#27;[90m&amp#27;[39m
&amp#27;[38;5;0m[HTTP]&amp#27;[0m &amp#27;[37m-->&amp#27;[39m &amp#27;[37mPOST&amp#27;[39m &amp#27;[37m/session/fe0cd291-8f79-4212-8568-b4785b2dee12/timeouts&amp#27;[39m
&amp#27;[38;5;0m[HTTP]&amp#27;[0m &amp#27;[90m{"implicit":10000}&amp#27;[39m
[debug] &amp#27;[38;5;32m[AndroidUiautomator2Driver@b227 (fe0cd291)]&amp#27;[0m Calling AppiumDriver.timeouts() with args: [null,null,null,null,10000,"fe0cd291-8f79-4212-8568-b4785b2dee12"]
[debug] &amp#27;[38;5;32m[AndroidUiautomator2Driver@b227 (fe0cd291)]&amp#27;[0m W3C timeout argument: {"implicit":10000}}
[debug] &amp#27;[38;5;32m[AndroidUiautomator2Driver@b227 (fe0cd291)]&amp#27;[0m Set implicit wait to 10000ms
[debug] &amp#27;[38;5;32m[AndroidUiautomator2Driver@b227 (fe0cd291)]&amp#27;[0m Responding to client with driver.timeouts() result: null
&amp#27;[38;5;0m[HTTP]&amp#27;[0m &amp#27;[37m<-- POST /session/fe0cd291-8f79-4212-8568-b4785b2dee12/timeouts &amp#27;[39m&amp#27;[32m200&amp#27;[39m &amp#27;[90m1 ms - 14&amp#27;[39m
&amp#27;[38;5;0m[HTTP]&amp#27;[0m &amp#27;[90m&amp#27;[39m
&amp#27;[38;5;0m[HTTP]&amp#27;[0m &amp#27;[37m-->&amp#27;[39m &amp#27;[37mPOST&amp#27;[39m &amp#27;[37m/session/fe0cd291-8f79-4212-8568-b4785b2dee12/element&amp#27;[39m
&amp#27;[38;5;0m[HTTP]&amp#27;[0m &amp#27;[90m{"using":"xpath","value":"//android.widget.EditText[@index=3]"}&amp#27;[39m
[debug] &amp#27;[38;5;32m[AndroidUiautomator2Driver@b227 (fe0cd291)]&amp#27;[0m Calling AppiumDriver.findElement() with args: ["xpath","//android.widget.EditText[@index=3]","fe0cd291-8f79-4212-8568-b4785b2dee12"]
[debug] &amp#27;[38;5;32m[AndroidUiautomator2Driver@b227 (fe0cd291)]&amp#27;[0m Valid locator strategies for this request: xpath, id, class name, accessibility id, css selector, -android uiautomator
[debug] &amp#27;[38;5;32m[AndroidUiautomator2Driver@b227 (fe0cd291)]&amp#27;[0m Waiting up to 10000 ms for condition
[debug] &amp#27;[38;5;32m[AndroidUiautomator2Driver@b227 (fe0cd291)]&amp#27;[0m Matched '/element' to command name 'findElement'
[debug] &amp#27;[38;5;32m[AndroidUiautomator2Driver@b227 (fe0cd291)]&amp#27;[0m Proxying [POST /element] to [POST http://127.0.0.1:8200/session/85989a46-cbdd-4bd4-a501-a859808a0843/element] with body: {"strategy":"xpath","selector":"//android.widget.EditText[@index=3]","context":"","multiple":false}
&amp#27;[38;5;32m[AndroidUiautomator2Driver@b227 (fe0cd291)]&amp#27;[0m Got response with status 404: {"sessionId":"85989a46-cbdd-4bd4-a501-a859808a0843","value":{"error":"no such element","message":"An element could not be located on the page using the given search parameters","stacktrace":"io.appium.uiautomator2.common.exceptions.ElementNotFoundException: An element could not be located on the page using the given search parameters\n\tat io.appium.uiautomator2.utils.ElementLocationHelpers.findElement(ElementLocationHelpers.java:156)\n\tat io.appium.uiautomator2.handler.FindElement.safeHandle(FindElement.java:60)\n\tat io.appium.uiautomator2.handler.request.SafeRequestHandler.handle(SafeRequestHandler.java:59)\n\tat io.appium.uiautomator2.server.AppiumServlet.handleRequest(AppiumServlet.java:277)\n\tat io.appium.uiautomator2.server.AppiumServlet.handleHttpRequest(AppiumServlet.java:271)\n\tat io.appium.uiautomator2.http.ServerHandler.channelRead(ServerHandler.java:68)\n\tat io.netty.channel.AbstractChannelHandlerContext.invokeChannelRead(AbstractChannelHandlerContext.java:366)\n\tat io.netty.channel.Abstr...
[debug] &amp#27;[38;5;128m[W3C]&amp#27;[0m Matched W3C error code 'no such element' to NoSuchElementError
[debug] &amp#27;[38;5;32m[AndroidUiautomator2Driver@b227 (fe0cd291)]&amp#27;[0m Waited for 30 ms so far
[debug] &amp#27;[38;5;32m[AndroidUiautomator2Driver@b227 (fe0cd291)]&amp#27;[0m Matched '/element' to command name 'findElement'
[debug] &amp#27;[38;5;32m[AndroidUiautomator2Driver@b227 (fe0cd291)]&amp#27;[0m Proxying [POST /element] to [POST http://127.0.0.1:8200/session/85989a46-cbdd-4bd4-a501-a859808a0843/element] with body: {"strategy":"xpath","selector":"//android.widget.EditText[@index=3]","context":"","multiple":false}
[debug] &amp#27;[38;5;32m[AndroidUiautomator2Driver@b227 (fe0cd291)]&amp#27;[0m Got response with status 200: {"sessionId":"85989a46-cbdd-4bd4-a501-a859808a0843","value":{"ELEMENT":"00000000-0000-0032-ffff-ffff00000172","element-6066-11e4-a52e-4f735466cecf":"00000000-0000-0032-ffff-ffff00000172"}}
[debug] &amp#27;[38;5;32m[AndroidUiautomator2Driver@b227 (fe0cd291)]&amp#27;[0m Responding to client with driver.findElement() result: {"element-6066-11e4-a52e-4f735466cecf":"00000000-0000-0032-ffff-ffff00000172","ELEMENT":"00000000-0000-0032-ffff-ffff00000172"}
&amp#27;[38;5;0m[HTTP]&amp#27;[0m &amp#27;[37m<-- POST /session/fe0cd291-8f79-4212-8568-b4785b2dee12/element &amp#27;[39m&amp#27;[32m200&amp#27;[39m &amp#27;[90m1083 ms - 137&amp#27;[39m
&amp#27;[38;5;0m[HTTP]&amp#27;[0m &amp#27;[90m&amp#27;[39m
&amp#27;[38;5;0m[HTTP]&amp#27;[0m &amp#27;[37m-->&amp#27;[39m &amp#27;[37mPOST&amp#27;[39m &amp#27;[37m/session/fe0cd291-8f79-4212-8568-b4785b2dee12/element/00000000-0000-0032-ffff-ffff00000172/value&amp#27;[39m
&amp#27;[38;5;0m[HTTP]&amp#27;[0m &amp#27;[90m{"id":"00000000-0000-0032-ffff-ffff00000172","text":"Daniel Ogaga","value":["D","a","n","i","e","l"," ","O","g","a","g","a"]}&amp#27;[39m
[debug] &amp#27;[38;5;32m[AndroidUiautomator2Driver@b227 (fe0cd291)]&amp#27;[0m Calling AppiumDriver.setValue() with args: [["D","a","n","i","e","l"," ","O","g","a","g","a"],"00000000-0000-0032-ffff-ffff00000172","fe0cd291-8f79-4212-8568-b4785b2dee12"]
[debug] &amp#27;[38;5;32m[AndroidUiautomator2Driver@b227 (fe0cd291)]&amp#27;[0m Matched '/element/00000000-0000-0032-ffff-ffff00000172/value' to command name 'setValue'
[debug] &amp#27;[38;5;32m[AndroidUiautomator2Driver@b227 (fe0cd291)]&amp#27;[0m Added 'value' property ["D","a","n","i","e","l"," ","O","g","a","g","a"] to 'setValue' request body
[debug] &amp#27;[38;5;32m[AndroidUiautomator2Driver@b227 (fe0cd291)]&amp#27;[0m Proxying [POST /element/00000000-0000-0032-ffff-ffff00000172/value] to [POST http://127.0.0.1:8200/session/85989a46-cbdd-4bd4-a501-a859808a0843/element/00000000-0000-0032-ffff-ffff00000172/value] with body: {"elementId":"00000000-0000-0032-ffff-ffff00000172","text":"Daniel Ogaga","replace":false,"value":["D","a","n","i","e","l"," ","O","g","a","g","a"]}
[debug] &amp#27;[38;5;32m[AndroidUiautomator2Driver@b227 (fe0cd291)]&amp#27;[0m Got response with status 200: {"sessionId":"85989a46-cbdd-4bd4-a501-a859808a0843","value":null}
[debug] &amp#27;[38;5;32m[AndroidUiautomator2Driver@b227 (fe0cd291)]&amp#27;[0m Responding to client with driver.setValue() result: null
&amp#27;[38;5;0m[HTTP]&amp#27;[0m &amp#27;[37m<-- POST /session/fe0cd291-8f79-4212-8568-b4785b2dee12/element/00000000-0000-0032-ffff-ffff00000172/value &amp#27;[39m&amp#27;[32m200&amp#27;[39m &amp#27;[90m18 ms - 14&amp#27;[39m
&amp#27;[38;5;0m[HTTP]&amp#27;[0m &amp#27;[90m&amp#27;[39m
&amp#27;[38;5;0m[HTTP]&amp#27;[0m &amp#27;[37m-->&amp#27;[39m &amp#27;[37mPOST&amp#27;[39m &amp#27;[37m/session/fe0cd291-8f79-4212-8568-b4785b2dee12/element&amp#27;[39m
&amp#27;[38;5;0m[HTTP]&amp#27;[0m &amp#27;[90m{"using":"xpath","value":"//android.widget.EditText[@index=6]"}&amp#27;[39m
[debug] &amp#27;[38;5;32m[AndroidUiautomator2Driver@b227 (fe0cd291)]&amp#27;[0m Calling AppiumDriver.findElement() with args: ["xpath","//android.widget.EditText[@index=6]","fe0cd291-8f79-4212-8568-b4785b2dee12"]
[debug] &amp#27;[38;5;32m[AndroidUiautomator2Driver@b227 (fe0cd291)]&amp#27;[0m Valid locator strategies for this request: xpath, id, class name, accessibility id, css selector, -android uiautomator
[debug] &amp#27;[38;5;32m[AndroidUiautomator2Driver@b227 (fe0cd291)]&amp#27;[0m Waiting up to 10000 ms for condition
[debug] &amp#27;[38;5;32m[AndroidUiautomator2Driver@b227 (fe0cd291)]&amp#27;[0m Matched '/element' to command name 'findElement'
[debug] &amp#27;[38;5;32m[AndroidUiautomator2Driver@b227 (fe0cd291)]&amp#27;[0m Proxying [POST /element] to [POST http://127.0.0.1:8200/session/85989a46-cbdd-4bd4-a501-a859808a0843/element] with body: {"strategy":"xpath","selector":"//android.widget.EditText[@index=6]","context":"","multiple":false}
[debug] &amp#27;[38;5;32m[AndroidUiautomator2Driver@b227 (fe0cd291)]&amp#27;[0m Got response with status 200: {"sessionId":"85989a46-cbdd-4bd4-a501-a859808a0843","value":{"ELEMENT":"00000000-0000-0032-ffff-ffff00000175","element-6066-11e4-a52e-4f735466cecf":"00000000-0000-0032-ffff-ffff00000175"}}
[debug] &amp#27;[38;5;32m[AndroidUiautomator2Driver@b227 (fe0cd291)]&amp#27;[0m Responding to client with driver.findElement() result: {"element-6066-11e4-a52e-4f735466cecf":"00000000-0000-0032-ffff-ffff00000175","ELEMENT":"00000000-0000-0032-ffff-ffff00000175"}
&amp#27;[38;5;0m[HTTP]&amp#27;[0m &amp#27;[37m<-- POST /session/fe0cd291-8f79-4212-8568-b4785b2dee12/element &amp#27;[39m&amp#27;[32m200&amp#27;[39m &amp#27;[90m527 ms - 137&amp#27;[39m
&amp#27;[38;5;0m[HTTP]&amp#27;[0m &amp#27;[90m&amp#27;[39m
&amp#27;[38;5;0m[HTTP]&amp#27;[0m &amp#27;[37m-->&amp#27;[39m &amp#27;[37mPOST&amp#27;[39m &amp#27;[37m/session/fe0cd291-8f79-4212-8568-b4785b2dee12/element/00000000-0000-0032-ffff-ffff00000175/value&amp#27;[39m
&amp#27;[38;5;0m[HTTP]&amp#27;[0m &amp#27;[90m{"id":"00000000-0000-0032-ffff-ffff00000175","text":"vada.deckow@gmeil.com","value":["v","a","d","a",".","d","e","c","k","o","w","@","g","m","e","i","l",".","c","o","m"]}&amp#27;[39m
[debug] &amp#27;[38;5;32m[AndroidUiautomator2Driver@b227 (fe0cd291)]&amp#27;[0m Calling AppiumDriver.setValue() with args: [["v","a","d","a",".","d","e","c","k","o","w","@","g","m","e","i","l",".","c","o","m"],"00000000-0000-0032-ffff-ffff00000175","fe0cd291-8f79-4212-8568-b4785b2dee12"]
[debug] &amp#27;[38;5;32m[AndroidUiautomator2Driver@b227 (fe0cd291)]&amp#27;[0m Matched '/element/00000000-0000-0032-ffff-ffff00000175/value' to command name 'setValue'
[debug] &amp#27;[38;5;32m[AndroidUiautomator2Driver@b227 (fe0cd291)]&amp#27;[0m Added 'value' property ["v","a","d","a",".","d","e","c","k","o","w","@","g","m","e","i","l",".","c","o","m"] to 'setValue' request body
[debug] &amp#27;[38;5;32m[AndroidUiautomator2Driver@b227 (fe0cd291)]&amp#27;[0m Proxying [POST /element/00000000-0000-0032-ffff-ffff00000175/value] to [POST http://127.0.0.1:8200/session/85989a46-cbdd-4bd4-a501-a859808a0843/element/00000000-0000-0032-ffff-ffff00000175/value] with body: {"elementId":"00000000-0000-0032-ffff-ffff00000175","text":"vada.deckow@gmeil.com","replace":false,"value":["v","a","d","a",".","d","e","c","k","o","w","@","g","m","e","i","l",".","c","o","m"]}
[debug] &amp#27;[38;5;32m[AndroidUiautomator2Driver@b227 (fe0cd291)]&amp#27;[0m Got response with status 200: {"sessionId":"85989a46-cbdd-4bd4-a501-a859808a0843","value":null}
[debug] &amp#27;[38;5;32m[AndroidUiautomator2Driver@b227 (fe0cd291)]&amp#27;[0m Responding to client with driver.setValue() result: null
&amp#27;[38;5;0m[HTTP]&amp#27;[0m &amp#27;[37m<-- POST /session/fe0cd291-8f79-4212-8568-b4785b2dee12/element/00000000-0000-0032-ffff-ffff00000175/value &amp#27;[39m&amp#27;[32m200&amp#27;[39m &amp#27;[90m13 ms - 14&amp#27;[39m
&amp#27;[38;5;0m[HTTP]&amp#27;[0m &amp#27;[90m&amp#27;[39m
&amp#27;[38;5;0m[HTTP]&amp#27;[0m &amp#27;[37m-->&amp#27;[39m &amp#27;[37mPOST&amp#27;[39m &amp#27;[37m/session/fe0cd291-8f79-4212-8568-b4785b2dee12/element&amp#27;[39m
&amp#27;[38;5;0m[HTTP]&amp#27;[0m &amp#27;[90m{"using":"xpath","value":"//android.widget.EditText[@index=9]"}&amp#27;[39m
[debug] &amp#27;[38;5;32m[AndroidUiautomator2Driver@b227 (fe0cd291)]&amp#27;[0m Calling AppiumDriver.findElement() with args: ["xpath","//android.widget.EditText[@index=9]","fe0cd291-8f79-4212-8568-b4785b2dee12"]
[debug] &amp#27;[38;5;32m[AndroidUiautomator2Driver@b227 (fe0cd291)]&amp#27;[0m Valid locator strategies for this request: xpath, id, class name, accessibility id, css selector, -android uiautomator
[debug] &amp#27;[38;5;32m[AndroidUiautomator2Driver@b227 (fe0cd291)]&amp#27;[0m Waiting up to 10000 ms for condition
[debug] &amp#27;[38;5;32m[AndroidUiautomator2Driver@b227 (fe0cd291)]&amp#27;[0m Matched '/element' to command name 'findElement'
[debug] &amp#27;[38;5;32m[AndroidUiautomator2Driver@b227 (fe0cd291)]&amp#27;[0m Proxying [POST /element] to [POST http://127.0.0.1:8200/session/85989a46-cbdd-4bd4-a501-a859808a0843/element] with body: {"strategy":"xpath","selector":"//android.widget.EditText[@index=9]","context":"","multiple":false}
[debug] &amp#27;[38;5;32m[AndroidUiautomator2Driver@b227 (fe0cd291)]&amp#27;[0m Got response with status 200: {"sessionId":"85989a46-cbdd-4bd4-a501-a859808a0843","value":{"ELEMENT":"00000000-0000-0032-ffff-ffff00000178","element-6066-11e4-a52e-4f735466cecf":"00000000-0000-0032-ffff-ffff00000178"}}
[debug] &amp#27;[38;5;32m[AndroidUiautomator2Driver@b227 (fe0cd291)]&amp#27;[0m Responding to client with driver.findElement() result: {"element-6066-11e4-a52e-4f735466cecf":"00000000-0000-0032-ffff-ffff00000178","ELEMENT":"00000000-0000-0032-ffff-ffff00000178"}
&amp#27;[38;5;0m[HTTP]&amp#27;[0m &amp#27;[37m<-- POST /session/fe0cd291-8f79-4212-8568-b4785b2dee12/element &amp#27;[39m&amp#27;[32m200&amp#27;[39m &amp#27;[90m52 ms - 137&amp#27;[39m
&amp#27;[38;5;0m[HTTP]&amp#27;[0m &amp#27;[90m&amp#27;[39m
&amp#27;[38;5;0m[HTTP]&amp#27;[0m &amp#27;[37m-->&amp#27;[39m &amp#27;[37mPOST&amp#27;[39m &amp#27;[37m/session/fe0cd291-8f79-4212-8568-b4785b2dee12/element/00000000-0000-0032-ffff-ffff00000178/value&amp#27;[39m
&amp#27;[38;5;0m[HTTP]&amp#27;[0m &amp#27;[90m{"id":"00000000-0000-0032-ffff-ffff00000178","text":"08033443048","value":["0","8","0","3","3","4","4","3","0","4","8"]}&amp#27;[39m
[debug] &amp#27;[38;5;32m[AndroidUiautomator2Driver@b227 (fe0cd291)]&amp#27;[0m Calling AppiumDriver.setValue() with args: [["0","8","0","3","3","4","4","3","0","4","8"],"00000000-0000-0032-ffff-ffff00000178","fe0cd291-8f79-4212-8568-b4785b2dee12"]
[debug] &amp#27;[38;5;32m[AndroidUiautomator2Driver@b227 (fe0cd291)]&amp#27;[0m Matched '/element/00000000-0000-0032-ffff-ffff00000178/value' to command name 'setValue'
[debug] &amp#27;[38;5;32m[AndroidUiautomator2Driver@b227 (fe0cd291)]&amp#27;[0m Added 'value' property ["0","8","0","3","3","4","4","3","0","4","8"] to 'setValue' request body
[debug] &amp#27;[38;5;32m[AndroidUiautomator2Driver@b227 (fe0cd291)]&amp#27;[0m Proxying [POST /element/00000000-0000-0032-ffff-ffff00000178/value] to [POST http://127.0.0.1:8200/session/85989a46-cbdd-4bd4-a501-a859808a0843/element/00000000-0000-0032-ffff-ffff00000178/value] with body: {"elementId":"00000000-0000-0032-ffff-ffff00000178","text":"08033443048","replace":false,"value":["0","8","0","3","3","4","4","3","0","4","8"]}
[debug] &amp#27;[38;5;32m[AndroidUiautomator2Driver@b227 (fe0cd291)]&amp#27;[0m Got response with status 200: {"sessionId":"85989a46-cbdd-4bd4-a501-a859808a0843","value":null}
[debug] &amp#27;[38;5;32m[AndroidUiautomator2Driver@b227 (fe0cd291)]&amp#27;[0m Responding to client with driver.setValue() result: null
&amp#27;[38;5;0m[HTTP]&amp#27;[0m &amp#27;[37m<-- POST /session/fe0cd291-8f79-4212-8568-b4785b2dee12/element/00000000-0000-0032-ffff-ffff00000178/value &amp#27;[39m&amp#27;[32m200&amp#27;[39m &amp#27;[90m453 ms - 14&amp#27;[39m
&amp#27;[38;5;0m[HTTP]&amp#27;[0m &amp#27;[90m&amp#27;[39m
&amp#27;[38;5;0m[HTTP]&amp#27;[0m &amp#27;[37m-->&amp#27;[39m &amp#27;[37mPOST&amp#27;[39m &amp#27;[37m/session/fe0cd291-8f79-4212-8568-b4785b2dee12/element&amp#27;[39m
&amp#27;[38;5;0m[HTTP]&amp#27;[0m &amp#27;[90m{"using":"xpath","value":"//android.widget.EditText[@index=12]"}&amp#27;[39m
[debug] &amp#27;[38;5;32m[AndroidUiautomator2Driver@b227 (fe0cd291)]&amp#27;[0m Calling AppiumDriver.findElement() with args: ["xpath","//android.widget.EditText[@index=12]","fe0cd291-8f79-4212-8568-b4785b2dee12"]
[debug] &amp#27;[38;5;32m[AndroidUiautomator2Driver@b227 (fe0cd291)]&amp#27;[0m Valid locator strategies for this request: xpath, id, class name, accessibility id, css selector, -android uiautomator
[debug] &amp#27;[38;5;32m[AndroidUiautomator2Driver@b227 (fe0cd291)]&amp#27;[0m Waiting up to 10000 ms for condition
[debug] &amp#27;[38;5;32m[AndroidUiautomator2Driver@b227 (fe0cd291)]&amp#27;[0m Matched '/element' to command name 'findElement'
[debug] &amp#27;[38;5;32m[AndroidUiautomator2Driver@b227 (fe0cd291)]&amp#27;[0m Proxying [POST /element] to [POST http://127.0.0.1:8200/session/85989a46-cbdd-4bd4-a501-a859808a0843/element] with body: {"strategy":"xpath","selector":"//android.widget.EditText[@index=12]","context":"","multiple":false}
[debug] &amp#27;[38;5;32m[AndroidUiautomator2Driver@b227 (fe0cd291)]&amp#27;[0m Got response with status 200: {"sessionId":"85989a46-cbdd-4bd4-a501-a859808a0843","value":{"ELEMENT":"00000000-0000-0032-ffff-ffff0000017b","element-6066-11e4-a52e-4f735466cecf":"00000000-0000-0032-ffff-ffff0000017b"}}
[debug] &amp#27;[38;5;32m[AndroidUiautomator2Driver@b227 (fe0cd291)]&amp#27;[0m Responding to client with driver.findElement() result: {"element-6066-11e4-a52e-4f735466cecf":"00000000-0000-0032-ffff-ffff0000017b","ELEMENT":"00000000-0000-0032-ffff-ffff0000017b"}
&amp#27;[38;5;0m[HTTP]&amp#27;[0m &amp#27;[37m<-- POST /session/fe0cd291-8f79-4212-8568-b4785b2dee12/element &amp#27;[39m&amp#27;[32m200&amp#27;[39m &amp#27;[90m526 ms - 137&amp#27;[39m
&amp#27;[38;5;0m[HTTP]&amp#27;[0m &amp#27;[90m&amp#27;[39m
&amp#27;[38;5;0m[HTTP]&amp#27;[0m &amp#27;[37m-->&amp#27;[39m &amp#27;[37mPOST&amp#27;[39m &amp#27;[37m/session/fe0cd291-8f79-4212-8568-b4785b2dee12/element/00000000-0000-0032-ffff-ffff0000017b/value&amp#27;[39m
&amp#27;[38;5;0m[HTTP]&amp#27;[0m &amp#27;[90m{"id":"00000000-0000-0032-ffff-ffff0000017b","text":"password","value":["p","a","s","s","w","o","r","d"]}&amp#27;[39m
[debug] &amp#27;[38;5;32m[AndroidUiautomator2Driver@b227 (fe0cd291)]&amp#27;[0m Calling AppiumDriver.setValue() with args: [["p","a","s","s","w","o","r","d"],"00000000-0000-0032-ffff-ffff0000017b","fe0cd291-8f79-4212-8568-b4785b2dee12"]
[debug] &amp#27;[38;5;32m[AndroidUiautomator2Driver@b227 (fe0cd291)]&amp#27;[0m Matched '/element/00000000-0000-0032-ffff-ffff0000017b/value' to command name 'setValue'
[debug] &amp#27;[38;5;32m[AndroidUiautomator2Driver@b227 (fe0cd291)]&amp#27;[0m Added 'value' property ["p","a","s","s","w","o","r","d"] to 'setValue' request body
[debug] &amp#27;[38;5;32m[AndroidUiautomator2Driver@b227 (fe0cd291)]&amp#27;[0m Proxying [POST /element/00000000-0000-0032-ffff-ffff0000017b/value] to [POST http://127.0.0.1:8200/session/85989a46-cbdd-4bd4-a501-a859808a0843/element/00000000-0000-0032-ffff-ffff0000017b/value] with body: {"elementId":"00000000-0000-0032-ffff-ffff0000017b","text":"password","replace":false,"value":["p","a","s","s","w","o","r","d"]}
[debug] &amp#27;[38;5;32m[AndroidUiautomator2Driver@b227 (fe0cd291)]&amp#27;[0m Got response with status 200: {"sessionId":"85989a46-cbdd-4bd4-a501-a859808a0843","value":null}
[debug] &amp#27;[38;5;32m[AndroidUiautomator2Driver@b227 (fe0cd291)]&amp#27;[0m Responding to client with driver.setValue() result: null
&amp#27;[38;5;0m[HTTP]&amp#27;[0m &amp#27;[37m<-- POST /session/fe0cd291-8f79-4212-8568-b4785b2dee12/element/00000000-0000-0032-ffff-ffff0000017b/value &amp#27;[39m&amp#27;[32m200&amp#27;[39m &amp#27;[90m13 ms - 14&amp#27;[39m
&amp#27;[38;5;0m[HTTP]&amp#27;[0m &amp#27;[90m&amp#27;[39m
&amp#27;[38;5;0m[HTTP]&amp#27;[0m &amp#27;[37m-->&amp#27;[39m &amp#27;[37mPOST&amp#27;[39m &amp#27;[37m/session/fe0cd291-8f79-4212-8568-b4785b2dee12/element&amp#27;[39m
&amp#27;[38;5;0m[HTTP]&amp#27;[0m &amp#27;[90m{"using":"xpath","value":"//android.widget.TextView[@text='Register']"}&amp#27;[39m
[debug] &amp#27;[38;5;32m[AndroidUiautomator2Driver@b227 (fe0cd291)]&amp#27;[0m Calling AppiumDriver.findElement() with args: ["xpath","//android.widget.TextView[@text='Register']","fe0cd291-8f79-4212-8568-b4785b2dee12"]
[debug] &amp#27;[38;5;32m[AndroidUiautomator2Driver@b227 (fe0cd291)]&amp#27;[0m Valid locator strategies for this request: xpath, id, class name, accessibility id, css selector, -android uiautomator
[debug] &amp#27;[38;5;32m[AndroidUiautomator2Driver@b227 (fe0cd291)]&amp#27;[0m Waiting up to 10000 ms for condition
[debug] &amp#27;[38;5;32m[AndroidUiautomator2Driver@b227 (fe0cd291)]&amp#27;[0m Matched '/element' to command name 'findElement'
[debug] &amp#27;[38;5;32m[AndroidUiautomator2Driver@b227 (fe0cd291)]&amp#27;[0m Proxying [POST /element] to [POST http://127.0.0.1:8200/session/85989a46-cbdd-4bd4-a501-a859808a0843/element] with body: {"strategy":"xpath","selector":"//android.widget.TextView[@text='Register']","context":"","multiple":false}
[debug] &amp#27;[38;5;32m[AndroidUiautomator2Driver@b227 (fe0cd291)]&amp#27;[0m Got response with status 200: {"sessionId":"85989a46-cbdd-4bd4-a501-a859808a0843","value":{"ELEMENT":"00000000-0000-0032-ffff-ffff00000188","element-6066-11e4-a52e-4f735466cecf":"00000000-0000-0032-ffff-ffff00000188"}}
[debug] &amp#27;[38;5;32m[AndroidUiautomator2Driver@b227 (fe0cd291)]&amp#27;[0m Responding to client with driver.findElement() result: {"element-6066-11e4-a52e-4f735466cecf":"00000000-0000-0032-ffff-ffff00000188","ELEMENT":"00000000-0000-0032-ffff-ffff00000188"}
&amp#27;[38;5;0m[HTTP]&amp#27;[0m &amp#27;[37m<-- POST /session/fe0cd291-8f79-4212-8568-b4785b2dee12/element &amp#27;[39m&amp#27;[32m200&amp#27;[39m &amp#27;[90m48 ms - 137&amp#27;[39m
&amp#27;[38;5;0m[HTTP]&amp#27;[0m &amp#27;[90m&amp#27;[39m
&amp#27;[38;5;0m[HTTP]&amp#27;[0m &amp#27;[37m-->&amp#27;[39m &amp#27;[37mPOST&amp#27;[39m &amp#27;[37m/session/fe0cd291-8f79-4212-8568-b4785b2dee12/element/00000000-0000-0032-ffff-ffff00000188/click&amp#27;[39m
&amp#27;[38;5;0m[HTTP]&amp#27;[0m &amp#27;[90m{"id":"00000000-0000-0032-ffff-ffff00000188"}&amp#27;[39m
[debug] &amp#27;[38;5;32m[AndroidUiautomator2Driver@b227 (fe0cd291)]&amp#27;[0m Calling AppiumDriver.click() with args: ["00000000-0000-0032-ffff-ffff00000188","fe0cd291-8f79-4212-8568-b4785b2dee12"]
[debug] &amp#27;[38;5;32m[AndroidUiautomator2Driver@b227 (fe0cd291)]&amp#27;[0m Matched '/element/00000000-0000-0032-ffff-ffff00000188/click' to command name 'click'
[debug] &amp#27;[38;5;32m[AndroidUiautomator2Driver@b227 (fe0cd291)]&amp#27;[0m Proxying [POST /element/00000000-0000-0032-ffff-ffff00000188/click] to [POST http://127.0.0.1:8200/session/85989a46-cbdd-4bd4-a501-a859808a0843/element/00000000-0000-0032-ffff-ffff00000188/click] with body: {"element":"00000000-0000-0032-ffff-ffff00000188"}
[debug] &amp#27;[38;5;32m[AndroidUiautomator2Driver@b227 (fe0cd291)]&amp#27;[0m Got response with status 200: {"sessionId":"85989a46-cbdd-4bd4-a501-a859808a0843","value":null}
[debug] &amp#27;[38;5;32m[AndroidUiautomator2Driver@b227 (fe0cd291)]&amp#27;[0m Responding to client with driver.click() result: null
&amp#27;[38;5;0m[HTTP]&amp#27;[0m &amp#27;[37m<-- POST /session/fe0cd291-8f79-4212-8568-b4785b2dee12/element/00000000-0000-0032-ffff-ffff00000188/click &amp#27;[39m&amp#27;[32m200&amp#27;[39m &amp#27;[90m597 ms - 14&amp#27;[39m
&amp#27;[38;5;0m[HTTP]&amp#27;[0m &amp#27;[90m&amp#27;[39m
&amp#27;[38;5;0m[HTTP]&amp#27;[0m &amp#27;[37m-->&amp#27;[39m &amp#27;[37mPOST&amp#27;[39m &amp#27;[37m/session/fe0cd291-8f79-4212-8568-b4785b2dee12/element&amp#27;[39m
&amp#27;[38;5;0m[HTTP]&amp#27;[0m &amp#27;[90m{"using":"xpath","value":"//android.widget.TextView[@index=18]"}&amp#27;[39m
[debug] &amp#27;[38;5;32m[AndroidUiautomator2Driver@b227 (fe0cd291)]&amp#27;[0m Calling AppiumDriver.findElement() with args: ["xpath","//android.widget.TextView[@index=18]","fe0cd291-8f79-4212-8568-b4785b2dee12"]
[debug] &amp#27;[38;5;32m[AndroidUiautomator2Driver@b227 (fe0cd291)]&amp#27;[0m Valid locator strategies for this request: xpath, id, class name, accessibility id, css selector, -android uiautomator
[debug] &amp#27;[38;5;32m[AndroidUiautomator2Driver@b227 (fe0cd291)]&amp#27;[0m Waiting up to 10000 ms for condition
[debug] &amp#27;[38;5;32m[AndroidUiautomator2Driver@b227 (fe0cd291)]&amp#27;[0m Matched '/element' to command name 'findElement'
[debug] &amp#27;[38;5;32m[AndroidUiautomator2Driver@b227 (fe0cd291)]&amp#27;[0m Proxying [POST /element] to [POST http://127.0.0.1:8200/session/85989a46-cbdd-4bd4-a501-a859808a0843/element] with body: {"strategy":"xpath","selector":"//android.widget.TextView[@index=18]","context":"","multiple":false}
[debug] &amp#27;[38;5;32m[AndroidUiautomator2Driver@b227 (fe0cd291)]&amp#27;[0m Got response with status 200: {"sessionId":"85989a46-cbdd-4bd4-a501-a859808a0843","value":{"ELEMENT":"00000000-0000-0032-ffff-ffff00000180","element-6066-11e4-a52e-4f735466cecf":"00000000-0000-0032-ffff-ffff00000180"}}
[debug] &amp#27;[38;5;32m[AndroidUiautomator2Driver@b227 (fe0cd291)]&amp#27;[0m Responding to client with driver.findElement() result: {"element-6066-11e4-a52e-4f735466cecf":"00000000-0000-0032-ffff-ffff00000180","ELEMENT":"00000000-0000-0032-ffff-ffff00000180"}
&amp#27;[38;5;0m[HTTP]&amp#27;[0m &amp#27;[37m<-- POST /session/fe0cd291-8f79-4212-8568-b4785b2dee12/element &amp#27;[39m&amp#27;[32m200&amp#27;[39m &amp#27;[90m40 ms - 137&amp#27;[39m
&amp#27;[38;5;0m[HTTP]&amp#27;[0m &amp#27;[90m&amp#27;[39m
&amp#27;[38;5;0m[HTTP]&amp#27;[0m &amp#27;[37m-->&amp#27;[39m &amp#27;[37mPOST&amp#27;[39m &amp#27;[37m/session/fe0cd291-8f79-4212-8568-b4785b2dee12/element/00000000-0000-0032-ffff-ffff00000180/click&amp#27;[39m
&amp#27;[38;5;0m[HTTP]&amp#27;[0m &amp#27;[90m{"id":"00000000-0000-0032-ffff-ffff00000180"}&amp#27;[39m
[debug] &amp#27;[38;5;32m[AndroidUiautomator2Driver@b227 (fe0cd291)]&amp#27;[0m Calling AppiumDriver.click() with args: ["00000000-0000-0032-ffff-ffff00000180","fe0cd291-8f79-4212-8568-b4785b2dee12"]
[debug] &amp#27;[38;5;32m[AndroidUiautomator2Driver@b227 (fe0cd291)]&amp#27;[0m Matched '/element/00000000-0000-0032-ffff-ffff00000180/click' to command name 'click'
[debug] &amp#27;[38;5;32m[AndroidUiautomator2Driver@b227 (fe0cd291)]&amp#27;[0m Proxying [POST /element/00000000-0000-0032-ffff-ffff00000180/click] to [POST http://127.0.0.1:8200/session/85989a46-cbdd-4bd4-a501-a859808a0843/element/00000000-0000-0032-ffff-ffff00000180/click] with body: {"element":"00000000-0000-0032-ffff-ffff00000180"}
[debug] &amp#27;[38;5;32m[AndroidUiautomator2Driver@b227 (fe0cd291)]&amp#27;[0m Got response with status 200: {"sessionId":"85989a46-cbdd-4bd4-a501-a859808a0843","value":null}
[debug] &amp#27;[38;5;32m[AndroidUiautomator2Driver@b227 (fe0cd291)]&amp#27;[0m Responding to client with driver.click() result: null
&amp#27;[38;5;0m[HTTP]&amp#27;[0m &amp#27;[37m<-- POST /session/fe0cd291-8f79-4212-8568-b4785b2dee12/element/00000000-0000-0032-ffff-ffff00000180/click &amp#27;[39m&amp#27;[32m200&amp#27;[39m &amp#27;[90m40 ms - 14&amp#27;[39m
&amp#27;[38;5;0m[HTTP]&amp#27;[0m &amp#27;[90m&amp#27;[39m
&amp#27;[38;5;0m[HTTP]&amp#27;[0m &amp#27;[37m-->&amp#27;[39m &amp#27;[37mPOST&amp#27;[39m &amp#27;[37m/session/fe0cd291-8f79-4212-8568-b4785b2dee12/element&amp#27;[39m
&amp#27;[38;5;0m[HTTP]&amp#27;[0m &amp#27;[90m{"using":"xpath","value":"//android.widget.TextView[@text='Register']"}&amp#27;[39m
[debug] &amp#27;[38;5;32m[AndroidUiautomator2Driver@b227 (fe0cd291)]&amp#27;[0m Calling AppiumDriver.findElement() with args: ["xpath","//android.widget.TextView[@text='Register']","fe0cd291-8f79-4212-8568-b4785b2dee12"]
[debug] &amp#27;[38;5;32m[AndroidUiautomator2Driver@b227 (fe0cd291)]&amp#27;[0m Valid locator strategies for this request: xpath, id, class name, accessibility id, css selector, -android uiautomator
[debug] &amp#27;[38;5;32m[AndroidUiautomator2Driver@b227 (fe0cd291)]&amp#27;[0m Waiting up to 10000 ms for condition
[debug] &amp#27;[38;5;32m[AndroidUiautomator2Driver@b227 (fe0cd291)]&amp#27;[0m Matched '/element' to command name 'findElement'
[debug] &amp#27;[38;5;32m[AndroidUiautomator2Driver@b227 (fe0cd291)]&amp#27;[0m Proxying [POST /element] to [POST http://127.0.0.1:8200/session/85989a46-cbdd-4bd4-a501-a859808a0843/element] with body: {"strategy":"xpath","selector":"//android.widget.TextView[@text='Register']","context":"","multiple":false}
[debug] &amp#27;[38;5;32m[AndroidUiautomator2Driver@b227 (fe0cd291)]&amp#27;[0m Got response with status 200: {"sessionId":"85989a46-cbdd-4bd4-a501-a859808a0843","value":{"ELEMENT":"00000000-0000-0032-ffff-ffff00000188","element-6066-11e4-a52e-4f735466cecf":"00000000-0000-0032-ffff-ffff00000188"}}
[debug] &amp#27;[38;5;32m[AndroidUiautomator2Driver@b227 (fe0cd291)]&amp#27;[0m Responding to client with driver.findElement() result: {"element-6066-11e4-a52e-4f735466cecf":"00000000-0000-0032-ffff-ffff00000188","ELEMENT":"00000000-0000-0032-ffff-ffff00000188"}
&amp#27;[38;5;0m[HTTP]&amp#27;[0m &amp#27;[37m<-- POST /session/fe0cd291-8f79-4212-8568-b4785b2dee12/element &amp#27;[39m&amp#27;[32m200&amp#27;[39m &amp#27;[90m34 ms - 137&amp#27;[39m
&amp#27;[38;5;0m[HTTP]&amp#27;[0m &amp#27;[90m&amp#27;[39m
&amp#27;[38;5;0m[HTTP]&amp#27;[0m &amp#27;[37m-->&amp#27;[39m &amp#27;[37mPOST&amp#27;[39m &amp#27;[37m/session/fe0cd291-8f79-4212-8568-b4785b2dee12/element/00000000-0000-0032-ffff-ffff00000188/click&amp#27;[39m
&amp#27;[38;5;0m[HTTP]&amp#27;[0m &amp#27;[90m{"id":"00000000-0000-0032-ffff-ffff00000188"}&amp#27;[39m
[debug] &amp#27;[38;5;32m[AndroidUiautomator2Driver@b227 (fe0cd291)]&amp#27;[0m Calling AppiumDriver.click() with args: ["00000000-0000-0032-ffff-ffff00000188","fe0cd291-8f79-4212-8568-b4785b2dee12"]
[debug] &amp#27;[38;5;32m[AndroidUiautomator2Driver@b227 (fe0cd291)]&amp#27;[0m Matched '/element/00000000-0000-0032-ffff-ffff00000188/click' to command name 'click'
[debug] &amp#27;[38;5;32m[AndroidUiautomator2Driver@b227 (fe0cd291)]&amp#27;[0m Proxying [POST /element/00000000-0000-0032-ffff-ffff00000188/click] to [POST http://127.0.0.1:8200/session/85989a46-cbdd-4bd4-a501-a859808a0843/element/00000000-0000-0032-ffff-ffff00000188/click] with body: {"element":"00000000-0000-0032-ffff-ffff00000188"}
[debug] &amp#27;[38;5;32m[AndroidUiautomator2Driver@b227 (fe0cd291)]&amp#27;[0m Got response with status 200: {"sessionId":"85989a46-cbdd-4bd4-a501-a859808a0843","value":null}
[debug] &amp#27;[38;5;32m[AndroidUiautomator2Driver@b227 (fe0cd291)]&amp#27;[0m Responding to client with driver.click() result: null
&amp#27;[38;5;0m[HTTP]&amp#27;[0m &amp#27;[37m<-- POST /session/fe0cd291-8f79-4212-8568-b4785b2dee12/element/00000000-0000-0032-ffff-ffff00000188/click &amp#27;[39m&amp#27;[32m200&amp#27;[39m &amp#27;[90m34 ms - 14&amp#27;[39m
&amp#27;[38;5;0m[HTTP]&amp#27;[0m &amp#27;[90m&amp#27;[39m
&amp#27;[38;5;0m[HTTP]&amp#27;[0m &amp#27;[37m-->&amp#27;[39m &amp#27;[37mPOST&amp#27;[39m &amp#27;[37m/session/fe0cd291-8f79-4212-8568-b4785b2dee12/element&amp#27;[39m
&amp#27;[38;5;0m[HTTP]&amp#27;[0m &amp#27;[90m{"using":"xpath","value":"//android.widget.TextView[@index=7]"}&amp#27;[39m
[debug] &amp#27;[38;5;32m[AndroidUiautomator2Driver@b227 (fe0cd291)]&amp#27;[0m Calling AppiumDriver.findElement() with args: ["xpath","//android.widget.TextView[@index=7]","fe0cd291-8f79-4212-8568-b4785b2dee12"]
[debug] &amp#27;[38;5;32m[AndroidUiautomator2Driver@b227 (fe0cd291)]&amp#27;[0m Valid locator strategies for this request: xpath, id, class name, accessibility id, css selector, -android uiautomator
[debug] &amp#27;[38;5;32m[AndroidUiautomator2Driver@b227 (fe0cd291)]&amp#27;[0m Waiting up to 10000 ms for condition
[debug] &amp#27;[38;5;32m[AndroidUiautomator2Driver@b227 (fe0cd291)]&amp#27;[0m Matched '/element' to command name 'findElement'
[debug] &amp#27;[38;5;32m[AndroidUiautomator2Driver@b227 (fe0cd291)]&amp#27;[0m Proxying [POST /element] to [POST http://127.0.0.1:8200/session/85989a46-cbdd-4bd4-a501-a859808a0843/element] with body: {"strategy":"xpath","selector":"//android.widget.TextView[@index=7]","context":"","multiple":false}
[debug] &amp#27;[38;5;32m[AndroidUiautomator2Driver@b227 (fe0cd291)]&amp#27;[0m Got response with status 200: {"sessionId":"85989a46-cbdd-4bd4-a501-a859808a0843","value":{"ELEMENT":"00000000-0000-0032-ffff-ffff00000176","element-6066-11e4-a52e-4f735466cecf":"00000000-0000-0032-ffff-ffff00000176"}}
[debug] &amp#27;[38;5;32m[AndroidUiautomator2Driver@b227 (fe0cd291)]&amp#27;[0m Responding to client with driver.findElement() result: {"element-6066-11e4-a52e-4f735466cecf":"00000000-0000-0032-ffff-ffff00000176","ELEMENT":"00000000-0000-0032-ffff-ffff00000176"}
&amp#27;[38;5;0m[HTTP]&amp#27;[0m &amp#27;[37m<-- POST /session/fe0cd291-8f79-4212-8568-b4785b2dee12/element &amp#27;[39m&amp#27;[32m200&amp#27;[39m &amp#27;[90m46 ms - 137&amp#27;[39m
&amp#27;[38;5;0m[HTTP]&amp#27;[0m &amp#27;[90m&amp#27;[39m
&amp#27;[38;5;0m[HTTP]&amp#27;[0m &amp#27;[37m-->&amp#27;[39m &amp#27;[37mPOST&amp#27;[39m &amp#27;[37m/session/fe0cd291-8f79-4212-8568-b4785b2dee12/element&amp#27;[39m
&amp#27;[38;5;0m[HTTP]&amp#27;[0m &amp#27;[90m{"using":"xpath","value":"//android.widget.TextView[@index=7]"}&amp#27;[39m
[debug] &amp#27;[38;5;32m[AndroidUiautomator2Driver@b227 (fe0cd291)]&amp#27;[0m Calling AppiumDriver.findElement() with args: ["xpath","//android.widget.TextView[@index=7]","fe0cd291-8f79-4212-8568-b4785b2dee12"]
[debug] &amp#27;[38;5;32m[AndroidUiautomator2Driver@b227 (fe0cd291)]&amp#27;[0m Valid locator strategies for this request: xpath, id, class name, accessibility id, css selector, -android uiautomator
[debug] &amp#27;[38;5;32m[AndroidUiautomator2Driver@b227 (fe0cd291)]&amp#27;[0m Waiting up to 10000 ms for condition
[debug] &amp#27;[38;5;32m[AndroidUiautomator2Driver@b227 (fe0cd291)]&amp#27;[0m Matched '/element' to command name 'findElement'
[debug] &amp#27;[38;5;32m[AndroidUiautomator2Driver@b227 (fe0cd291)]&amp#27;[0m Proxying [POST /element] to [POST http://127.0.0.1:8200/session/85989a46-cbdd-4bd4-a501-a859808a0843/element] with body: {"strategy":"xpath","selector":"//android.widget.TextView[@index=7]","context":"","multiple":false}
[debug] &amp#27;[38;5;32m[AndroidUiautomator2Driver@b227 (fe0cd291)]&amp#27;[0m Got response with status 200: {"sessionId":"85989a46-cbdd-4bd4-a501-a859808a0843","value":{"ELEMENT":"00000000-0000-0032-ffff-ffff00000176","element-6066-11e4-a52e-4f735466cecf":"00000000-0000-0032-ffff-ffff00000176"}}
[debug] &amp#27;[38;5;32m[AndroidUiautomator2Driver@b227 (fe0cd291)]&amp#27;[0m Responding to client with driver.findElement() result: {"element-6066-11e4-a52e-4f735466cecf":"00000000-0000-0032-ffff-ffff00000176","ELEMENT":"00000000-0000-0032-ffff-ffff00000176"}
&amp#27;[38;5;0m[HTTP]&amp#27;[0m &amp#27;[37m<-- POST /session/fe0cd291-8f79-4212-8568-b4785b2dee12/element &amp#27;[39m&amp#27;[32m200&amp#27;[39m &amp#27;[90m599 ms - 137&amp#27;[39m
&amp#27;[38;5;0m[HTTP]&amp#27;[0m &amp#27;[90m&amp#27;[39m
&amp#27;[38;5;0m[HTTP]&amp#27;[0m &amp#27;[37m-->&amp#27;[39m &amp#27;[37mGET&amp#27;[39m &amp#27;[37m/session/fe0cd291-8f79-4212-8568-b4785b2dee12/element/00000000-0000-0032-ffff-ffff00000176/text&amp#27;[39m
&amp#27;[38;5;0m[HTTP]&amp#27;[0m &amp#27;[90m{}&amp#27;[39m
&amp#27;[38;5;32m[AndroidUiautomator2Driver@b227 (fe0cd291)]&amp#27;[0m Driver proxy active, passing request on via HTTP proxy
[debug] &amp#27;[38;5;32m[AndroidUiautomator2Driver@b227 (fe0cd291)]&amp#27;[0m Matched '/session/fe0cd291-8f79-4212-8568-b4785b2dee12/element/00000000-0000-0032-ffff-ffff00000176/text' to command name 'getText'
[debug] &amp#27;[38;5;32m[AndroidUiautomator2Driver@b227 (fe0cd291)]&amp#27;[0m Proxying [GET /session/fe0cd291-8f79-4212-8568-b4785b2dee12/element/00000000-0000-0032-ffff-ffff00000176/text] to [GET http://127.0.0.1:8200/session/85989a46-cbdd-4bd4-a501-a859808a0843/element/00000000-0000-0032-ffff-ffff00000176/text] with no body
[debug] &amp#27;[38;5;32m[AndroidUiautomator2Driver@b227 (fe0cd291)]&amp#27;[0m Got response with status 200: {"sessionId":"85989a46-cbdd-4bd4-a501-a859808a0843","value":"This domain is not supported on Quickteller. Kindly use another email address"}
&amp#27;[38;5;32m[AndroidUiautomator2Driver@b227 (fe0cd291)]&amp#27;[0m Replacing sessionId 85989a46-cbdd-4bd4-a501-a859808a0843 with fe0cd291-8f79-4212-8568-b4785b2dee12
&amp#27;[38;5;0m[HTTP]&amp#27;[0m &amp#27;[37m<-- GET /session/fe0cd291-8f79-4212-8568-b4785b2dee12/element/00000000-0000-0032-ffff-ffff00000176/text &amp#27;[39m&amp#27;[32m200&amp#27;[39m &amp#27;[90m9 ms - 140&amp#27;[39m
&amp#27;[38;5;0m[HTTP]&amp#27;[0m &amp#27;[90m&amp#27;[39m
]]></system-out>
  </testcase>
  <testcase name="Testcase_One[mail.com](8)" classname="testcases.Android.DisposableDomain_QTM_2874" time="8.077">
    <system-out><![CDATA[&amp#27;[38;5;0m[HTTP]&amp#27;[0m &amp#27;[37m-->&amp#27;[39m &amp#27;[37mPOST&amp#27;[39m &amp#27;[37m/session/fe0cd291-8f79-4212-8568-b4785b2dee12/element&amp#27;[39m
&amp#27;[38;5;0m[HTTP]&amp#27;[0m &amp#27;[90m{"using":"xpath","value":"//android.widget.TextView[@index=0]"}&amp#27;[39m
[debug] &amp#27;[38;5;32m[AndroidUiautomator2Driver@b227 (fe0cd291)]&amp#27;[0m Calling AppiumDriver.findElement() with args: ["xpath","//android.widget.TextView[@index=0]","fe0cd291-8f79-4212-8568-b4785b2dee12"]
[debug] &amp#27;[38;5;32m[AndroidUiautomator2Driver@b227 (fe0cd291)]&amp#27;[0m Valid locator strategies for this request: xpath, id, class name, accessibility id, css selector, -android uiautomator
[debug] &amp#27;[38;5;32m[AndroidUiautomator2Driver@b227 (fe0cd291)]&amp#27;[0m Waiting up to 10000 ms for condition
[debug] &amp#27;[38;5;32m[AndroidUiautomator2Driver@b227 (fe0cd291)]&amp#27;[0m Matched '/element' to command name 'findElement'
[debug] &amp#27;[38;5;32m[AndroidUiautomator2Driver@b227 (fe0cd291)]&amp#27;[0m Proxying [POST /element] to [POST http://127.0.0.1:8200/session/85989a46-cbdd-4bd4-a501-a859808a0843/element] with body: {"strategy":"xpath","selector":"//android.widget.TextView[@index=0]","context":"","multiple":false}
[debug] &amp#27;[38;5;32m[AndroidUiautomator2Driver@b227 (fe0cd291)]&amp#27;[0m Got response with status 200: {"sessionId":"85989a46-cbdd-4bd4-a501-a859808a0843","value":{"ELEMENT":"00000000-0000-0032-ffff-ffff0000016a","element-6066-11e4-a52e-4f735466cecf":"00000000-0000-0032-ffff-ffff0000016a"}}
[debug] &amp#27;[38;5;32m[AndroidUiautomator2Driver@b227 (fe0cd291)]&amp#27;[0m Responding to client with driver.findElement() result: {"element-6066-11e4-a52e-4f735466cecf":"00000000-0000-0032-ffff-ffff0000016a","ELEMENT":"00000000-0000-0032-ffff-ffff0000016a"}
&amp#27;[38;5;0m[HTTP]&amp#27;[0m &amp#27;[37m<-- POST /session/fe0cd291-8f79-4212-8568-b4785b2dee12/element &amp#27;[39m&amp#27;[32m200&amp#27;[39m &amp#27;[90m43 ms - 137&amp#27;[39m
&amp#27;[38;5;0m[HTTP]&amp#27;[0m &amp#27;[90m&amp#27;[39m
&amp#27;[38;5;0m[HTTP]&amp#27;[0m &amp#27;[37m-->&amp#27;[39m &amp#27;[37mPOST&amp#27;[39m &amp#27;[37m/session/fe0cd291-8f79-4212-8568-b4785b2dee12/element/00000000-0000-0032-ffff-ffff0000016a/click&amp#27;[39m
&amp#27;[38;5;0m[HTTP]&amp#27;[0m &amp#27;[90m{"id":"00000000-0000-0032-ffff-ffff0000016a"}&amp#27;[39m
[debug] &amp#27;[38;5;32m[AndroidUiautomator2Driver@b227 (fe0cd291)]&amp#27;[0m Calling AppiumDriver.click() with args: ["00000000-0000-0032-ffff-ffff0000016a","fe0cd291-8f79-4212-8568-b4785b2dee12"]
[debug] &amp#27;[38;5;32m[AndroidUiautomator2Driver@b227 (fe0cd291)]&amp#27;[0m Matched '/element/00000000-0000-0032-ffff-ffff0000016a/click' to command name 'click'
[debug] &amp#27;[38;5;32m[AndroidUiautomator2Driver@b227 (fe0cd291)]&amp#27;[0m Proxying [POST /element/00000000-0000-0032-ffff-ffff0000016a/click] to [POST http://127.0.0.1:8200/session/85989a46-cbdd-4bd4-a501-a859808a0843/element/00000000-0000-0032-ffff-ffff0000016a/click] with body: {"element":"00000000-0000-0032-ffff-ffff0000016a"}
[debug] &amp#27;[38;5;32m[AndroidUiautomator2Driver@b227 (fe0cd291)]&amp#27;[0m Got response with status 200: {"sessionId":"85989a46-cbdd-4bd4-a501-a859808a0843","value":null}
[debug] &amp#27;[38;5;32m[AndroidUiautomator2Driver@b227 (fe0cd291)]&amp#27;[0m Responding to client with driver.click() result: null
&amp#27;[38;5;0m[HTTP]&amp#27;[0m &amp#27;[37m<-- POST /session/fe0cd291-8f79-4212-8568-b4785b2dee12/element/00000000-0000-0032-ffff-ffff0000016a/click &amp#27;[39m&amp#27;[32m200&amp#27;[39m &amp#27;[90m48 ms - 14&amp#27;[39m
&amp#27;[38;5;0m[HTTP]&amp#27;[0m &amp#27;[90m&amp#27;[39m
&amp#27;[38;5;0m[HTTP]&amp#27;[0m &amp#27;[37m-->&amp#27;[39m &amp#27;[37mPOST&amp#27;[39m &amp#27;[37m/session/fe0cd291-8f79-4212-8568-b4785b2dee12/timeouts&amp#27;[39m
&amp#27;[38;5;0m[HTTP]&amp#27;[0m &amp#27;[90m{"implicit":6000}&amp#27;[39m
[debug] &amp#27;[38;5;32m[AndroidUiautomator2Driver@b227 (fe0cd291)]&amp#27;[0m Calling AppiumDriver.timeouts() with args: [null,null,null,null,6000,"fe0cd291-8f79-4212-8568-b4785b2dee12"]
[debug] &amp#27;[38;5;32m[AndroidUiautomator2Driver@b227 (fe0cd291)]&amp#27;[0m W3C timeout argument: {"implicit":6000}}
[debug] &amp#27;[38;5;32m[AndroidUiautomator2Driver@b227 (fe0cd291)]&amp#27;[0m Set implicit wait to 6000ms
[debug] &amp#27;[38;5;32m[AndroidUiautomator2Driver@b227 (fe0cd291)]&amp#27;[0m Responding to client with driver.timeouts() result: null
&amp#27;[38;5;0m[HTTP]&amp#27;[0m &amp#27;[37m<-- POST /session/fe0cd291-8f79-4212-8568-b4785b2dee12/timeouts &amp#27;[39m&amp#27;[32m200&amp#27;[39m &amp#27;[90m1 ms - 14&amp#27;[39m
&amp#27;[38;5;0m[HTTP]&amp#27;[0m &amp#27;[90m&amp#27;[39m
&amp#27;[38;5;0m[HTTP]&amp#27;[0m &amp#27;[37m-->&amp#27;[39m &amp#27;[37mPOST&amp#27;[39m &amp#27;[37m/session/fe0cd291-8f79-4212-8568-b4785b2dee12/element&amp#27;[39m
&amp#27;[38;5;0m[HTTP]&amp#27;[0m &amp#27;[90m{"using":"xpath","value":"//android.widget.Button[@text='Allow']"}&amp#27;[39m
[debug] &amp#27;[38;5;32m[AndroidUiautomator2Driver@b227 (fe0cd291)]&amp#27;[0m Calling AppiumDriver.findElement() with args: ["xpath","//android.widget.Button[@text='Allow']","fe0cd291-8f79-4212-8568-b4785b2dee12"]
[debug] &amp#27;[38;5;32m[AndroidUiautomator2Driver@b227 (fe0cd291)]&amp#27;[0m Valid locator strategies for this request: xpath, id, class name, accessibility id, css selector, -android uiautomator
[debug] &amp#27;[38;5;32m[AndroidUiautomator2Driver@b227 (fe0cd291)]&amp#27;[0m Waiting up to 6000 ms for condition
[debug] &amp#27;[38;5;32m[AndroidUiautomator2Driver@b227 (fe0cd291)]&amp#27;[0m Matched '/element' to command name 'findElement'
[debug] &amp#27;[38;5;32m[AndroidUiautomator2Driver@b227 (fe0cd291)]&amp#27;[0m Proxying [POST /element] to [POST http://127.0.0.1:8200/session/85989a46-cbdd-4bd4-a501-a859808a0843/element] with body: {"strategy":"xpath","selector":"//android.widget.Button[@text='Allow']","context":"","multiple":false}
&amp#27;[38;5;32m[AndroidUiautomator2Driver@b227 (fe0cd291)]&amp#27;[0m Got response with status 404: {"sessionId":"85989a46-cbdd-4bd4-a501-a859808a0843","value":{"error":"no such element","message":"An element could not be located on the page using the given search parameters","stacktrace":"io.appium.uiautomator2.common.exceptions.ElementNotFoundException: An element could not be located on the page using the given search parameters\n\tat io.appium.uiautomator2.utils.ElementLocationHelpers.findElement(ElementLocationHelpers.java:156)\n\tat io.appium.uiautomator2.handler.FindElement.safeHandle(FindElement.java:60)\n\tat io.appium.uiautomator2.handler.request.SafeRequestHandler.handle(SafeRequestHandler.java:59)\n\tat io.appium.uiautomator2.server.AppiumServlet.handleRequest(AppiumServlet.java:277)\n\tat io.appium.uiautomator2.server.AppiumServlet.handleHttpRequest(AppiumServlet.java:271)\n\tat io.appium.uiautomator2.http.ServerHandler.channelRead(ServerHandler.java:68)\n\tat io.netty.channel.AbstractChannelHandlerContext.invokeChannelRead(AbstractChannelHandlerContext.java:366)\n\tat io.netty.channel.Abstr...
[debug] &amp#27;[38;5;128m[W3C]&amp#27;[0m Matched W3C error code 'no such element' to NoSuchElementError
[debug] &amp#27;[38;5;32m[AndroidUiautomator2Driver@b227 (fe0cd291)]&amp#27;[0m Waited for 52 ms so far
[debug] &amp#27;[38;5;32m[AndroidUiautomator2Driver@b227 (fe0cd291)]&amp#27;[0m Matched '/element' to command name 'findElement'
[debug] &amp#27;[38;5;32m[AndroidUiautomator2Driver@b227 (fe0cd291)]&amp#27;[0m Proxying [POST /element] to [POST http://127.0.0.1:8200/session/85989a46-cbdd-4bd4-a501-a859808a0843/element] with body: {"strategy":"xpath","selector":"//android.widget.Button[@text='Allow']","context":"","multiple":false}
&amp#27;[38;5;32m[AndroidUiautomator2Driver@b227 (fe0cd291)]&amp#27;[0m Got response with status 404: {"sessionId":"85989a46-cbdd-4bd4-a501-a859808a0843","value":{"error":"no such element","message":"An element could not be located on the page using the given search parameters","stacktrace":"io.appium.uiautomator2.common.exceptions.ElementNotFoundException: An element could not be located on the page using the given search parameters\n\tat io.appium.uiautomator2.utils.ElementLocationHelpers.findElement(ElementLocationHelpers.java:156)\n\tat io.appium.uiautomator2.handler.FindElement.safeHandle(FindElement.java:60)\n\tat io.appium.uiautomator2.handler.request.SafeRequestHandler.handle(SafeRequestHandler.java:59)\n\tat io.appium.uiautomator2.server.AppiumServlet.handleRequest(AppiumServlet.java:277)\n\tat io.appium.uiautomator2.server.AppiumServlet.handleHttpRequest(AppiumServlet.java:271)\n\tat io.appium.uiautomator2.http.ServerHandler.channelRead(ServerHandler.java:68)\n\tat io.netty.channel.AbstractChannelHandlerContext.invokeChannelRead(AbstractChannelHandlerContext.java:366)\n\tat io.netty.channel.Abstr...
[debug] &amp#27;[38;5;128m[W3C]&amp#27;[0m Matched W3C error code 'no such element' to NoSuchElementError
[debug] &amp#27;[38;5;32m[AndroidUiautomator2Driver@b227 (fe0cd291)]&amp#27;[0m Waited for 1008 ms so far
[debug] &amp#27;[38;5;32m[AndroidUiautomator2Driver@b227 (fe0cd291)]&amp#27;[0m Matched '/element' to command name 'findElement'
[debug] &amp#27;[38;5;32m[AndroidUiautomator2Driver@b227 (fe0cd291)]&amp#27;[0m Proxying [POST /element] to [POST http://127.0.0.1:8200/session/85989a46-cbdd-4bd4-a501-a859808a0843/element] with body: {"strategy":"xpath","selector":"//android.widget.Button[@text='Allow']","context":"","multiple":false}
&amp#27;[38;5;32m[AndroidUiautomator2Driver@b227 (fe0cd291)]&amp#27;[0m Got response with status 404: {"sessionId":"85989a46-cbdd-4bd4-a501-a859808a0843","value":{"error":"no such element","message":"An element could not be located on the page using the given search parameters","stacktrace":"io.appium.uiautomator2.common.exceptions.ElementNotFoundException: An element could not be located on the page using the given search parameters\n\tat io.appium.uiautomator2.utils.ElementLocationHelpers.findElement(ElementLocationHelpers.java:156)\n\tat io.appium.uiautomator2.handler.FindElement.safeHandle(FindElement.java:60)\n\tat io.appium.uiautomator2.handler.request.SafeRequestHandler.handle(SafeRequestHandler.java:59)\n\tat io.appium.uiautomator2.server.AppiumServlet.handleRequest(AppiumServlet.java:277)\n\tat io.appium.uiautomator2.server.AppiumServlet.handleHttpRequest(AppiumServlet.java:271)\n\tat io.appium.uiautomator2.http.ServerHandler.channelRead(ServerHandler.java:68)\n\tat io.netty.channel.AbstractChannelHandlerContext.invokeChannelRead(AbstractChannelHandlerContext.java:366)\n\tat io.netty.channel.Abstr...
[debug] &amp#27;[38;5;128m[W3C]&amp#27;[0m Matched W3C error code 'no such element' to NoSuchElementError
[debug] &amp#27;[38;5;32m[AndroidUiautomator2Driver@b227 (fe0cd291)]&amp#27;[0m Waited for 1539 ms so far
[debug] &amp#27;[38;5;32m[AndroidUiautomator2Driver@b227 (fe0cd291)]&amp#27;[0m Matched '/element' to command name 'findElement'
[debug] &amp#27;[38;5;32m[AndroidUiautomator2Driver@b227 (fe0cd291)]&amp#27;[0m Proxying [POST /element] to [POST http://127.0.0.1:8200/session/85989a46-cbdd-4bd4-a501-a859808a0843/element] with body: {"strategy":"xpath","selector":"//android.widget.Button[@text='Allow']","context":"","multiple":false}
&amp#27;[38;5;32m[AndroidUiautomator2Driver@b227 (fe0cd291)]&amp#27;[0m Got response with status 404: {"sessionId":"85989a46-cbdd-4bd4-a501-a859808a0843","value":{"error":"no such element","message":"An element could not be located on the page using the given search parameters","stacktrace":"io.appium.uiautomator2.common.exceptions.ElementNotFoundException: An element could not be located on the page using the given search parameters\n\tat io.appium.uiautomator2.utils.ElementLocationHelpers.findElement(ElementLocationHelpers.java:156)\n\tat io.appium.uiautomator2.handler.FindElement.safeHandle(FindElement.java:60)\n\tat io.appium.uiautomator2.handler.request.SafeRequestHandler.handle(SafeRequestHandler.java:59)\n\tat io.appium.uiautomator2.server.AppiumServlet.handleRequest(AppiumServlet.java:277)\n\tat io.appium.uiautomator2.server.AppiumServlet.handleHttpRequest(AppiumServlet.java:271)\n\tat io.appium.uiautomator2.http.ServerHandler.channelRead(ServerHandler.java:68)\n\tat io.netty.channel.AbstractChannelHandlerContext.invokeChannelRead(AbstractChannelHandlerContext.java:366)\n\tat io.netty.channel.Abstr...
[debug] &amp#27;[38;5;128m[W3C]&amp#27;[0m Matched W3C error code 'no such element' to NoSuchElementError
[debug] &amp#27;[38;5;32m[AndroidUiautomator2Driver@b227 (fe0cd291)]&amp#27;[0m Waited for 2067 ms so far
[debug] &amp#27;[38;5;32m[AndroidUiautomator2Driver@b227 (fe0cd291)]&amp#27;[0m Matched '/element' to command name 'findElement'
[debug] &amp#27;[38;5;32m[AndroidUiautomator2Driver@b227 (fe0cd291)]&amp#27;[0m Proxying [POST /element] to [POST http://127.0.0.1:8200/session/85989a46-cbdd-4bd4-a501-a859808a0843/element] with body: {"strategy":"xpath","selector":"//android.widget.Button[@text='Allow']","context":"","multiple":false}
&amp#27;[38;5;32m[AndroidUiautomator2Driver@b227 (fe0cd291)]&amp#27;[0m Got response with status 404: {"sessionId":"85989a46-cbdd-4bd4-a501-a859808a0843","value":{"error":"no such element","message":"An element could not be located on the page using the given search parameters","stacktrace":"io.appium.uiautomator2.common.exceptions.ElementNotFoundException: An element could not be located on the page using the given search parameters\n\tat io.appium.uiautomator2.utils.ElementLocationHelpers.findElement(ElementLocationHelpers.java:156)\n\tat io.appium.uiautomator2.handler.FindElement.safeHandle(FindElement.java:60)\n\tat io.appium.uiautomator2.handler.request.SafeRequestHandler.handle(SafeRequestHandler.java:59)\n\tat io.appium.uiautomator2.server.AppiumServlet.handleRequest(AppiumServlet.java:277)\n\tat io.appium.uiautomator2.server.AppiumServlet.handleHttpRequest(AppiumServlet.java:271)\n\tat io.appium.uiautomator2.http.ServerHandler.channelRead(ServerHandler.java:68)\n\tat io.netty.channel.AbstractChannelHandlerContext.invokeChannelRead(AbstractChannelHandlerContext.java:366)\n\tat io.netty.channel.Abstr...
[debug] &amp#27;[38;5;128m[W3C]&amp#27;[0m Matched W3C error code 'no such element' to NoSuchElementError
[debug] &amp#27;[38;5;32m[AndroidUiautomator2Driver@b227 (fe0cd291)]&amp#27;[0m Waited for 2595 ms so far
[debug] &amp#27;[38;5;32m[AndroidUiautomator2Driver@b227 (fe0cd291)]&amp#27;[0m Matched '/element' to command name 'findElement'
[debug] &amp#27;[38;5;32m[AndroidUiautomator2Driver@b227 (fe0cd291)]&amp#27;[0m Proxying [POST /element] to [POST http://127.0.0.1:8200/session/85989a46-cbdd-4bd4-a501-a859808a0843/element] with body: {"strategy":"xpath","selector":"//android.widget.Button[@text='Allow']","context":"","multiple":false}
&amp#27;[38;5;32m[AndroidUiautomator2Driver@b227 (fe0cd291)]&amp#27;[0m Got response with status 404: {"sessionId":"85989a46-cbdd-4bd4-a501-a859808a0843","value":{"error":"no such element","message":"An element could not be located on the page using the given search parameters","stacktrace":"io.appium.uiautomator2.common.exceptions.ElementNotFoundException: An element could not be located on the page using the given search parameters\n\tat io.appium.uiautomator2.utils.ElementLocationHelpers.findElement(ElementLocationHelpers.java:156)\n\tat io.appium.uiautomator2.handler.FindElement.safeHandle(FindElement.java:60)\n\tat io.appium.uiautomator2.handler.request.SafeRequestHandler.handle(SafeRequestHandler.java:59)\n\tat io.appium.uiautomator2.server.AppiumServlet.handleRequest(AppiumServlet.java:277)\n\tat io.appium.uiautomator2.server.AppiumServlet.handleHttpRequest(AppiumServlet.java:271)\n\tat io.appium.uiautomator2.http.ServerHandler.channelRead(ServerHandler.java:68)\n\tat io.netty.channel.AbstractChannelHandlerContext.invokeChannelRead(AbstractChannelHandlerContext.java:366)\n\tat io.netty.channel.Abstr...
[debug] &amp#27;[38;5;128m[W3C]&amp#27;[0m Matched W3C error code 'no such element' to NoSuchElementError
[debug] &amp#27;[38;5;32m[AndroidUiautomator2Driver@b227 (fe0cd291)]&amp#27;[0m Waited for 3123 ms so far
[debug] &amp#27;[38;5;32m[AndroidUiautomator2Driver@b227 (fe0cd291)]&amp#27;[0m Matched '/element' to command name 'findElement'
[debug] &amp#27;[38;5;32m[AndroidUiautomator2Driver@b227 (fe0cd291)]&amp#27;[0m Proxying [POST /element] to [POST http://127.0.0.1:8200/session/85989a46-cbdd-4bd4-a501-a859808a0843/element] with body: {"strategy":"xpath","selector":"//android.widget.Button[@text='Allow']","context":"","multiple":false}
&amp#27;[38;5;32m[AndroidUiautomator2Driver@b227 (fe0cd291)]&amp#27;[0m Got response with status 404: {"sessionId":"85989a46-cbdd-4bd4-a501-a859808a0843","value":{"error":"no such element","message":"An element could not be located on the page using the given search parameters","stacktrace":"io.appium.uiautomator2.common.exceptions.ElementNotFoundException: An element could not be located on the page using the given search parameters\n\tat io.appium.uiautomator2.utils.ElementLocationHelpers.findElement(ElementLocationHelpers.java:156)\n\tat io.appium.uiautomator2.handler.FindElement.safeHandle(FindElement.java:60)\n\tat io.appium.uiautomator2.handler.request.SafeRequestHandler.handle(SafeRequestHandler.java:59)\n\tat io.appium.uiautomator2.server.AppiumServlet.handleRequest(AppiumServlet.java:277)\n\tat io.appium.uiautomator2.server.AppiumServlet.handleHttpRequest(AppiumServlet.java:271)\n\tat io.appium.uiautomator2.http.ServerHandler.channelRead(ServerHandler.java:68)\n\tat io.netty.channel.AbstractChannelHandlerContext.invokeChannelRead(AbstractChannelHandlerContext.java:366)\n\tat io.netty.channel.Abstr...
[debug] &amp#27;[38;5;128m[W3C]&amp#27;[0m Matched W3C error code 'no such element' to NoSuchElementError
[debug] &amp#27;[38;5;32m[AndroidUiautomator2Driver@b227 (fe0cd291)]&amp#27;[0m Waited for 3658 ms so far
[debug] &amp#27;[38;5;32m[AndroidUiautomator2Driver@b227 (fe0cd291)]&amp#27;[0m Matched '/element' to command name 'findElement'
[debug] &amp#27;[38;5;32m[AndroidUiautomator2Driver@b227 (fe0cd291)]&amp#27;[0m Proxying [POST /element] to [POST http://127.0.0.1:8200/session/85989a46-cbdd-4bd4-a501-a859808a0843/element] with body: {"strategy":"xpath","selector":"//android.widget.Button[@text='Allow']","context":"","multiple":false}
&amp#27;[38;5;32m[AndroidUiautomator2Driver@b227 (fe0cd291)]&amp#27;[0m Got response with status 404: {"sessionId":"85989a46-cbdd-4bd4-a501-a859808a0843","value":{"error":"no such element","message":"An element could not be located on the page using the given search parameters","stacktrace":"io.appium.uiautomator2.common.exceptions.ElementNotFoundException: An element could not be located on the page using the given search parameters\n\tat io.appium.uiautomator2.utils.ElementLocationHelpers.findElement(ElementLocationHelpers.java:156)\n\tat io.appium.uiautomator2.handler.FindElement.safeHandle(FindElement.java:60)\n\tat io.appium.uiautomator2.handler.request.SafeRequestHandler.handle(SafeRequestHandler.java:59)\n\tat io.appium.uiautomator2.server.AppiumServlet.handleRequest(AppiumServlet.java:277)\n\tat io.appium.uiautomator2.server.AppiumServlet.handleHttpRequest(AppiumServlet.java:271)\n\tat io.appium.uiautomator2.http.ServerHandler.channelRead(ServerHandler.java:68)\n\tat io.netty.channel.AbstractChannelHandlerContext.invokeChannelRead(AbstractChannelHandlerContext.java:366)\n\tat io.netty.channel.Abstr...
[debug] &amp#27;[38;5;128m[W3C]&amp#27;[0m Matched W3C error code 'no such element' to NoSuchElementError
[debug] &amp#27;[38;5;32m[AndroidUiautomator2Driver@b227 (fe0cd291)]&amp#27;[0m Waited for 4192 ms so far
[debug] &amp#27;[38;5;32m[AndroidUiautomator2Driver@b227 (fe0cd291)]&amp#27;[0m Matched '/element' to command name 'findElement'
[debug] &amp#27;[38;5;32m[AndroidUiautomator2Driver@b227 (fe0cd291)]&amp#27;[0m Proxying [POST /element] to [POST http://127.0.0.1:8200/session/85989a46-cbdd-4bd4-a501-a859808a0843/element] with body: {"strategy":"xpath","selector":"//android.widget.Button[@text='Allow']","context":"","multiple":false}
&amp#27;[38;5;32m[AndroidUiautomator2Driver@b227 (fe0cd291)]&amp#27;[0m Got response with status 404: {"sessionId":"85989a46-cbdd-4bd4-a501-a859808a0843","value":{"error":"no such element","message":"An element could not be located on the page using the given search parameters","stacktrace":"io.appium.uiautomator2.common.exceptions.ElementNotFoundException: An element could not be located on the page using the given search parameters\n\tat io.appium.uiautomator2.utils.ElementLocationHelpers.findElement(ElementLocationHelpers.java:156)\n\tat io.appium.uiautomator2.handler.FindElement.safeHandle(FindElement.java:60)\n\tat io.appium.uiautomator2.handler.request.SafeRequestHandler.handle(SafeRequestHandler.java:59)\n\tat io.appium.uiautomator2.server.AppiumServlet.handleRequest(AppiumServlet.java:277)\n\tat io.appium.uiautomator2.server.AppiumServlet.handleHttpRequest(AppiumServlet.java:271)\n\tat io.appium.uiautomator2.http.ServerHandler.channelRead(ServerHandler.java:68)\n\tat io.netty.channel.AbstractChannelHandlerContext.invokeChannelRead(AbstractChannelHandlerContext.java:366)\n\tat io.netty.channel.Abstr...
[debug] &amp#27;[38;5;128m[W3C]&amp#27;[0m Matched W3C error code 'no such element' to NoSuchElementError
[debug] &amp#27;[38;5;32m[AndroidUiautomator2Driver@b227 (fe0cd291)]&amp#27;[0m Waited for 4718 ms so far
[debug] &amp#27;[38;5;32m[AndroidUiautomator2Driver@b227 (fe0cd291)]&amp#27;[0m Matched '/element' to command name 'findElement'
[debug] &amp#27;[38;5;32m[AndroidUiautomator2Driver@b227 (fe0cd291)]&amp#27;[0m Proxying [POST /element] to [POST http://127.0.0.1:8200/session/85989a46-cbdd-4bd4-a501-a859808a0843/element] with body: {"strategy":"xpath","selector":"//android.widget.Button[@text='Allow']","context":"","multiple":false}
&amp#27;[38;5;32m[AndroidUiautomator2Driver@b227 (fe0cd291)]&amp#27;[0m Got response with status 404: {"sessionId":"85989a46-cbdd-4bd4-a501-a859808a0843","value":{"error":"no such element","message":"An element could not be located on the page using the given search parameters","stacktrace":"io.appium.uiautomator2.common.exceptions.ElementNotFoundException: An element could not be located on the page using the given search parameters\n\tat io.appium.uiautomator2.utils.ElementLocationHelpers.findElement(ElementLocationHelpers.java:156)\n\tat io.appium.uiautomator2.handler.FindElement.safeHandle(FindElement.java:60)\n\tat io.appium.uiautomator2.handler.request.SafeRequestHandler.handle(SafeRequestHandler.java:59)\n\tat io.appium.uiautomator2.server.AppiumServlet.handleRequest(AppiumServlet.java:277)\n\tat io.appium.uiautomator2.server.AppiumServlet.handleHttpRequest(AppiumServlet.java:271)\n\tat io.appium.uiautomator2.http.ServerHandler.channelRead(ServerHandler.java:68)\n\tat io.netty.channel.AbstractChannelHandlerContext.invokeChannelRead(AbstractChannelHandlerContext.java:366)\n\tat io.netty.channel.Abstr...
[debug] &amp#27;[38;5;128m[W3C]&amp#27;[0m Matched W3C error code 'no such element' to NoSuchElementError
[debug] &amp#27;[38;5;32m[AndroidUiautomator2Driver@b227 (fe0cd291)]&amp#27;[0m Waited for 5254 ms so far
[debug] &amp#27;[38;5;32m[AndroidUiautomator2Driver@b227 (fe0cd291)]&amp#27;[0m Matched '/element' to command name 'findElement'
[debug] &amp#27;[38;5;32m[AndroidUiautomator2Driver@b227 (fe0cd291)]&amp#27;[0m Proxying [POST /element] to [POST http://127.0.0.1:8200/session/85989a46-cbdd-4bd4-a501-a859808a0843/element] with body: {"strategy":"xpath","selector":"//android.widget.Button[@text='Allow']","context":"","multiple":false}
&amp#27;[38;5;32m[AndroidUiautomator2Driver@b227 (fe0cd291)]&amp#27;[0m Got response with status 404: {"sessionId":"85989a46-cbdd-4bd4-a501-a859808a0843","value":{"error":"no such element","message":"An element could not be located on the page using the given search parameters","stacktrace":"io.appium.uiautomator2.common.exceptions.ElementNotFoundException: An element could not be located on the page using the given search parameters\n\tat io.appium.uiautomator2.utils.ElementLocationHelpers.findElement(ElementLocationHelpers.java:156)\n\tat io.appium.uiautomator2.handler.FindElement.safeHandle(FindElement.java:60)\n\tat io.appium.uiautomator2.handler.request.SafeRequestHandler.handle(SafeRequestHandler.java:59)\n\tat io.appium.uiautomator2.server.AppiumServlet.handleRequest(AppiumServlet.java:277)\n\tat io.appium.uiautomator2.server.AppiumServlet.handleHttpRequest(AppiumServlet.java:271)\n\tat io.appium.uiautomator2.http.ServerHandler.channelRead(ServerHandler.java:68)\n\tat io.netty.channel.AbstractChannelHandlerContext.invokeChannelRead(AbstractChannelHandlerContext.java:366)\n\tat io.netty.channel.Abstr...
[debug] &amp#27;[38;5;128m[W3C]&amp#27;[0m Matched W3C error code 'no such element' to NoSuchElementError
[debug] &amp#27;[38;5;32m[AndroidUiautomator2Driver@b227 (fe0cd291)]&amp#27;[0m Waited for 5785 ms so far
[debug] &amp#27;[38;5;32m[AndroidUiautomator2Driver@b227 (fe0cd291)]&amp#27;[0m Matched '/element' to command name 'findElement'
[debug] &amp#27;[38;5;32m[AndroidUiautomator2Driver@b227 (fe0cd291)]&amp#27;[0m Proxying [POST /element] to [POST http://127.0.0.1:8200/session/85989a46-cbdd-4bd4-a501-a859808a0843/element] with body: {"strategy":"xpath","selector":"//android.widget.Button[@text='Allow']","context":"","multiple":false}
&amp#27;[38;5;32m[AndroidUiautomator2Driver@b227 (fe0cd291)]&amp#27;[0m Got response with status 404: {"sessionId":"85989a46-cbdd-4bd4-a501-a859808a0843","value":{"error":"no such element","message":"An element could not be located on the page using the given search parameters","stacktrace":"io.appium.uiautomator2.common.exceptions.ElementNotFoundException: An element could not be located on the page using the given search parameters\n\tat io.appium.uiautomator2.utils.ElementLocationHelpers.findElement(ElementLocationHelpers.java:156)\n\tat io.appium.uiautomator2.handler.FindElement.safeHandle(FindElement.java:60)\n\tat io.appium.uiautomator2.handler.request.SafeRequestHandler.handle(SafeRequestHandler.java:59)\n\tat io.appium.uiautomator2.server.AppiumServlet.handleRequest(AppiumServlet.java:277)\n\tat io.appium.uiautomator2.server.AppiumServlet.handleHttpRequest(AppiumServlet.java:271)\n\tat io.appium.uiautomator2.http.ServerHandler.channelRead(ServerHandler.java:68)\n\tat io.netty.channel.AbstractChannelHandlerContext.invokeChannelRead(AbstractChannelHandlerContext.java:366)\n\tat io.netty.channel.Abstr...
[debug] &amp#27;[38;5;128m[W3C]&amp#27;[0m Matched W3C error code 'no such element' to NoSuchElementError
[debug] &amp#27;[38;5;32m[AndroidUiautomator2Driver@b227 (fe0cd291)]&amp#27;[0m Encountered internal error running command: NoSuchElementError: An element could not be located on the page using the given search parameters.
[debug] &amp#27;[38;5;32m[AndroidUiautomator2Driver@b227 (fe0cd291)]&amp#27;[0m     at AndroidUiautomator2Driver.findElOrEls (C:\Users\daniel.ogagavworia\.appium\node_modules\appium-uiautomator2-driver\node_modules\appium-android-driver\lib\commands\find.js:75:11)
[debug] &amp#27;[38;5;32m[AndroidUiautomator2Driver@b227 (fe0cd291)]&amp#27;[0m     at processTicksAndRejections (node:internal/process/task_queues:95:5)
[debug] &amp#27;[38;5;32m[AndroidUiautomator2Driver@b227 (fe0cd291)]&amp#27;[0m     at AndroidUiautomator2Driver.findElOrElsWithProcessing (C:\Users\daniel.ogagavworia\AppData\Roaming\npm\node_modules\appium\node_modules\@appium\base-driver\lib\basedriver\commands\find.ts:60:12)
[debug] &amp#27;[38;5;32m[AndroidUiautomator2Driver@b227 (fe0cd291)]&amp#27;[0m     at AndroidUiautomator2Driver.findElement (C:\Users\daniel.ogagavworia\AppData\Roaming\npm\node_modules\appium\node_modules\@appium\base-driver\lib\basedriver\commands\find.ts:75:12)
&amp#27;[38;5;0m[HTTP]&amp#27;[0m &amp#27;[37m<-- POST /session/fe0cd291-8f79-4212-8568-b4785b2dee12/element &amp#27;[39m&amp#27;[33m404&amp#27;[39m &amp#27;[90m6019 ms - 929&amp#27;[39m
&amp#27;[38;5;0m[HTTP]&amp#27;[0m &amp#27;[90m&amp#27;[39m
&amp#27;[38;5;0m[HTTP]&amp#27;[0m &amp#27;[37m-->&amp#27;[39m &amp#27;[37mPOST&amp#27;[39m &amp#27;[37m/session/fe0cd291-8f79-4212-8568-b4785b2dee12/element&amp#27;[39m
&amp#27;[38;5;0m[HTTP]&amp#27;[0m &amp#27;[90m{"using":"xpath","value":"//android.widget.TextView[@text='REGISTER']"}&amp#27;[39m
[debug] &amp#27;[38;5;32m[AndroidUiautomator2Driver@b227 (fe0cd291)]&amp#27;[0m Calling AppiumDriver.findElement() with args: ["xpath","//android.widget.TextView[@text='REGISTER']","fe0cd291-8f79-4212-8568-b4785b2dee12"]
[debug] &amp#27;[38;5;32m[AndroidUiautomator2Driver@b227 (fe0cd291)]&amp#27;[0m Valid locator strategies for this request: xpath, id, class name, accessibility id, css selector, -android uiautomator
[debug] &amp#27;[38;5;32m[AndroidUiautomator2Driver@b227 (fe0cd291)]&amp#27;[0m Waiting up to 6000 ms for condition
[debug] &amp#27;[38;5;32m[AndroidUiautomator2Driver@b227 (fe0cd291)]&amp#27;[0m Matched '/element' to command name 'findElement'
[debug] &amp#27;[38;5;32m[AndroidUiautomator2Driver@b227 (fe0cd291)]&amp#27;[0m Proxying [POST /element] to [POST http://127.0.0.1:8200/session/85989a46-cbdd-4bd4-a501-a859808a0843/element] with body: {"strategy":"xpath","selector":"//android.widget.TextView[@text='REGISTER']","context":"","multiple":false}
[debug] &amp#27;[38;5;32m[AndroidUiautomator2Driver@b227 (fe0cd291)]&amp#27;[0m Got response with status 200: {"sessionId":"85989a46-cbdd-4bd4-a501-a859808a0843","value":{"ELEMENT":"00000000-0000-0032-ffff-ffff0000002e","element-6066-11e4-a52e-4f735466cecf":"00000000-0000-0032-ffff-ffff0000002e"}}
[debug] &amp#27;[38;5;32m[AndroidUiautomator2Driver@b227 (fe0cd291)]&amp#27;[0m Responding to client with driver.findElement() result: {"element-6066-11e4-a52e-4f735466cecf":"00000000-0000-0032-ffff-ffff0000002e","ELEMENT":"00000000-0000-0032-ffff-ffff0000002e"}
&amp#27;[38;5;0m[HTTP]&amp#27;[0m &amp#27;[37m<-- POST /session/fe0cd291-8f79-4212-8568-b4785b2dee12/element &amp#27;[39m&amp#27;[32m200&amp#27;[39m &amp#27;[90m16 ms - 137&amp#27;[39m
&amp#27;[38;5;0m[HTTP]&amp#27;[0m &amp#27;[90m&amp#27;[39m
&amp#27;[38;5;0m[HTTP]&amp#27;[0m &amp#27;[37m-->&amp#27;[39m &amp#27;[37mPOST&amp#27;[39m &amp#27;[37m/session/fe0cd291-8f79-4212-8568-b4785b2dee12/element/00000000-0000-0032-ffff-ffff0000002e/click&amp#27;[39m
&amp#27;[38;5;0m[HTTP]&amp#27;[0m &amp#27;[90m{"id":"00000000-0000-0032-ffff-ffff0000002e"}&amp#27;[39m
[debug] &amp#27;[38;5;32m[AndroidUiautomator2Driver@b227 (fe0cd291)]&amp#27;[0m Calling AppiumDriver.click() with args: ["00000000-0000-0032-ffff-ffff0000002e","fe0cd291-8f79-4212-8568-b4785b2dee12"]
[debug] &amp#27;[38;5;32m[AndroidUiautomator2Driver@b227 (fe0cd291)]&amp#27;[0m Matched '/element/00000000-0000-0032-ffff-ffff0000002e/click' to command name 'click'
[debug] &amp#27;[38;5;32m[AndroidUiautomator2Driver@b227 (fe0cd291)]&amp#27;[0m Proxying [POST /element/00000000-0000-0032-ffff-ffff0000002e/click] to [POST http://127.0.0.1:8200/session/85989a46-cbdd-4bd4-a501-a859808a0843/element/00000000-0000-0032-ffff-ffff0000002e/click] with body: {"element":"00000000-0000-0032-ffff-ffff0000002e"}
[debug] &amp#27;[38;5;32m[AndroidUiautomator2Driver@b227 (fe0cd291)]&amp#27;[0m Got response with status 200: {"sessionId":"85989a46-cbdd-4bd4-a501-a859808a0843","value":null}
[debug] &amp#27;[38;5;32m[AndroidUiautomator2Driver@b227 (fe0cd291)]&amp#27;[0m Responding to client with driver.click() result: null
&amp#27;[38;5;0m[HTTP]&amp#27;[0m &amp#27;[37m<-- POST /session/fe0cd291-8f79-4212-8568-b4785b2dee12/element/00000000-0000-0032-ffff-ffff0000002e/click &amp#27;[39m&amp#27;[32m200&amp#27;[39m &amp#27;[90m62 ms - 14&amp#27;[39m
&amp#27;[38;5;0m[HTTP]&amp#27;[0m &amp#27;[90m&amp#27;[39m
&amp#27;[38;5;0m[HTTP]&amp#27;[0m &amp#27;[37m-->&amp#27;[39m &amp#27;[37mPOST&amp#27;[39m &amp#27;[37m/session/fe0cd291-8f79-4212-8568-b4785b2dee12/timeouts&amp#27;[39m
&amp#27;[38;5;0m[HTTP]&amp#27;[0m &amp#27;[90m{"implicit":10000}&amp#27;[39m
[debug] &amp#27;[38;5;32m[AndroidUiautomator2Driver@b227 (fe0cd291)]&amp#27;[0m Calling AppiumDriver.timeouts() with args: [null,null,null,null,10000,"fe0cd291-8f79-4212-8568-b4785b2dee12"]
[debug] &amp#27;[38;5;32m[AndroidUiautomator2Driver@b227 (fe0cd291)]&amp#27;[0m W3C timeout argument: {"implicit":10000}}
[debug] &amp#27;[38;5;32m[AndroidUiautomator2Driver@b227 (fe0cd291)]&amp#27;[0m Set implicit wait to 10000ms
[debug] &amp#27;[38;5;32m[AndroidUiautomator2Driver@b227 (fe0cd291)]&amp#27;[0m Responding to client with driver.timeouts() result: null
&amp#27;[38;5;0m[HTTP]&amp#27;[0m &amp#27;[37m<-- POST /session/fe0cd291-8f79-4212-8568-b4785b2dee12/timeouts &amp#27;[39m&amp#27;[32m200&amp#27;[39m &amp#27;[90m1 ms - 14&amp#27;[39m
&amp#27;[38;5;0m[HTTP]&amp#27;[0m &amp#27;[90m&amp#27;[39m
&amp#27;[38;5;0m[HTTP]&amp#27;[0m &amp#27;[37m-->&amp#27;[39m &amp#27;[37mPOST&amp#27;[39m &amp#27;[37m/session/fe0cd291-8f79-4212-8568-b4785b2dee12/element&amp#27;[39m
&amp#27;[38;5;0m[HTTP]&amp#27;[0m &amp#27;[90m{"using":"xpath","value":"//android.widget.EditText[@index=3]"}&amp#27;[39m
[debug] &amp#27;[38;5;32m[AndroidUiautomator2Driver@b227 (fe0cd291)]&amp#27;[0m Calling AppiumDriver.findElement() with args: ["xpath","//android.widget.EditText[@index=3]","fe0cd291-8f79-4212-8568-b4785b2dee12"]
[debug] &amp#27;[38;5;32m[AndroidUiautomator2Driver@b227 (fe0cd291)]&amp#27;[0m Valid locator strategies for this request: xpath, id, class name, accessibility id, css selector, -android uiautomator
[debug] &amp#27;[38;5;32m[AndroidUiautomator2Driver@b227 (fe0cd291)]&amp#27;[0m Waiting up to 10000 ms for condition
[debug] &amp#27;[38;5;32m[AndroidUiautomator2Driver@b227 (fe0cd291)]&amp#27;[0m Matched '/element' to command name 'findElement'
[debug] &amp#27;[38;5;32m[AndroidUiautomator2Driver@b227 (fe0cd291)]&amp#27;[0m Proxying [POST /element] to [POST http://127.0.0.1:8200/session/85989a46-cbdd-4bd4-a501-a859808a0843/element] with body: {"strategy":"xpath","selector":"//android.widget.EditText[@index=3]","context":"","multiple":false}
&amp#27;[38;5;32m[AndroidUiautomator2Driver@b227 (fe0cd291)]&amp#27;[0m Got response with status 404: {"sessionId":"85989a46-cbdd-4bd4-a501-a859808a0843","value":{"error":"no such element","message":"An element could not be located on the page using the given search parameters","stacktrace":"io.appium.uiautomator2.common.exceptions.ElementNotFoundException: An element could not be located on the page using the given search parameters\n\tat io.appium.uiautomator2.utils.ElementLocationHelpers.findElement(ElementLocationHelpers.java:156)\n\tat io.appium.uiautomator2.handler.FindElement.safeHandle(FindElement.java:60)\n\tat io.appium.uiautomator2.handler.request.SafeRequestHandler.handle(SafeRequestHandler.java:59)\n\tat io.appium.uiautomator2.server.AppiumServlet.handleRequest(AppiumServlet.java:277)\n\tat io.appium.uiautomator2.server.AppiumServlet.handleHttpRequest(AppiumServlet.java:271)\n\tat io.appium.uiautomator2.http.ServerHandler.channelRead(ServerHandler.java:68)\n\tat io.netty.channel.AbstractChannelHandlerContext.invokeChannelRead(AbstractChannelHandlerContext.java:366)\n\tat io.netty.channel.Abstr...
[debug] &amp#27;[38;5;128m[W3C]&amp#27;[0m Matched W3C error code 'no such element' to NoSuchElementError
[debug] &amp#27;[38;5;32m[AndroidUiautomator2Driver@b227 (fe0cd291)]&amp#27;[0m Waited for 63 ms so far
[debug] &amp#27;[38;5;32m[AndroidUiautomator2Driver@b227 (fe0cd291)]&amp#27;[0m Matched '/element' to command name 'findElement'
[debug] &amp#27;[38;5;32m[AndroidUiautomator2Driver@b227 (fe0cd291)]&amp#27;[0m Proxying [POST /element] to [POST http://127.0.0.1:8200/session/85989a46-cbdd-4bd4-a501-a859808a0843/element] with body: {"strategy":"xpath","selector":"//android.widget.EditText[@index=3]","context":"","multiple":false}
[debug] &amp#27;[38;5;32m[AndroidUiautomator2Driver@b227 (fe0cd291)]&amp#27;[0m Got response with status 200: {"sessionId":"85989a46-cbdd-4bd4-a501-a859808a0843","value":{"ELEMENT":"00000000-0000-0032-ffff-ffff000001a4","element-6066-11e4-a52e-4f735466cecf":"00000000-0000-0032-ffff-ffff000001a4"}}
[debug] &amp#27;[38;5;32m[AndroidUiautomator2Driver@b227 (fe0cd291)]&amp#27;[0m Responding to client with driver.findElement() result: {"element-6066-11e4-a52e-4f735466cecf":"00000000-0000-0032-ffff-ffff000001a4","ELEMENT":"00000000-0000-0032-ffff-ffff000001a4"}
&amp#27;[38;5;0m[HTTP]&amp#27;[0m &amp#27;[37m<-- POST /session/fe0cd291-8f79-4212-8568-b4785b2dee12/element &amp#27;[39m&amp#27;[32m200&amp#27;[39m &amp#27;[90m984 ms - 137&amp#27;[39m
&amp#27;[38;5;0m[HTTP]&amp#27;[0m &amp#27;[90m&amp#27;[39m
&amp#27;[38;5;0m[HTTP]&amp#27;[0m &amp#27;[37m-->&amp#27;[39m &amp#27;[37mPOST&amp#27;[39m &amp#27;[37m/session/fe0cd291-8f79-4212-8568-b4785b2dee12/element/00000000-0000-0032-ffff-ffff000001a4/value&amp#27;[39m
&amp#27;[38;5;0m[HTTP]&amp#27;[0m &amp#27;[90m{"id":"00000000-0000-0032-ffff-ffff000001a4","text":"Daniel Ogaga","value":["D","a","n","i","e","l"," ","O","g","a","g","a"]}&amp#27;[39m
[debug] &amp#27;[38;5;32m[AndroidUiautomator2Driver@b227 (fe0cd291)]&amp#27;[0m Calling AppiumDriver.setValue() with args: [["D","a","n","i","e","l"," ","O","g","a","g","a"],"00000000-0000-0032-ffff-ffff000001a4","fe0cd291-8f79-4212-8568-b4785b2dee12"]
[debug] &amp#27;[38;5;32m[AndroidUiautomator2Driver@b227 (fe0cd291)]&amp#27;[0m Matched '/element/00000000-0000-0032-ffff-ffff000001a4/value' to command name 'setValue'
[debug] &amp#27;[38;5;32m[AndroidUiautomator2Driver@b227 (fe0cd291)]&amp#27;[0m Added 'value' property ["D","a","n","i","e","l"," ","O","g","a","g","a"] to 'setValue' request body
[debug] &amp#27;[38;5;32m[AndroidUiautomator2Driver@b227 (fe0cd291)]&amp#27;[0m Proxying [POST /element/00000000-0000-0032-ffff-ffff000001a4/value] to [POST http://127.0.0.1:8200/session/85989a46-cbdd-4bd4-a501-a859808a0843/element/00000000-0000-0032-ffff-ffff000001a4/value] with body: {"elementId":"00000000-0000-0032-ffff-ffff000001a4","text":"Daniel Ogaga","replace":false,"value":["D","a","n","i","e","l"," ","O","g","a","g","a"]}
[debug] &amp#27;[38;5;32m[AndroidUiautomator2Driver@b227 (fe0cd291)]&amp#27;[0m Got response with status 200: {"sessionId":"85989a46-cbdd-4bd4-a501-a859808a0843","value":null}
[debug] &amp#27;[38;5;32m[AndroidUiautomator2Driver@b227 (fe0cd291)]&amp#27;[0m Responding to client with driver.setValue() result: null
&amp#27;[38;5;0m[HTTP]&amp#27;[0m &amp#27;[37m<-- POST /session/fe0cd291-8f79-4212-8568-b4785b2dee12/element/00000000-0000-0032-ffff-ffff000001a4/value &amp#27;[39m&amp#27;[32m200&amp#27;[39m &amp#27;[90m12 ms - 14&amp#27;[39m
&amp#27;[38;5;0m[HTTP]&amp#27;[0m &amp#27;[90m&amp#27;[39m
&amp#27;[38;5;0m[HTTP]&amp#27;[0m &amp#27;[37m-->&amp#27;[39m &amp#27;[37mPOST&amp#27;[39m &amp#27;[37m/session/fe0cd291-8f79-4212-8568-b4785b2dee12/element&amp#27;[39m
&amp#27;[38;5;0m[HTTP]&amp#27;[0m &amp#27;[90m{"using":"xpath","value":"//android.widget.EditText[@index=6]"}&amp#27;[39m
[debug] &amp#27;[38;5;32m[AndroidUiautomator2Driver@b227 (fe0cd291)]&amp#27;[0m Calling AppiumDriver.findElement() with args: ["xpath","//android.widget.EditText[@index=6]","fe0cd291-8f79-4212-8568-b4785b2dee12"]
[debug] &amp#27;[38;5;32m[AndroidUiautomator2Driver@b227 (fe0cd291)]&amp#27;[0m Valid locator strategies for this request: xpath, id, class name, accessibility id, css selector, -android uiautomator
[debug] &amp#27;[38;5;32m[AndroidUiautomator2Driver@b227 (fe0cd291)]&amp#27;[0m Waiting up to 10000 ms for condition
[debug] &amp#27;[38;5;32m[AndroidUiautomator2Driver@b227 (fe0cd291)]&amp#27;[0m Matched '/element' to command name 'findElement'
[debug] &amp#27;[38;5;32m[AndroidUiautomator2Driver@b227 (fe0cd291)]&amp#27;[0m Proxying [POST /element] to [POST http://127.0.0.1:8200/session/85989a46-cbdd-4bd4-a501-a859808a0843/element] with body: {"strategy":"xpath","selector":"//android.widget.EditText[@index=6]","context":"","multiple":false}
[debug] &amp#27;[38;5;32m[AndroidUiautomator2Driver@b227 (fe0cd291)]&amp#27;[0m Got response with status 200: {"sessionId":"85989a46-cbdd-4bd4-a501-a859808a0843","value":{"ELEMENT":"00000000-0000-0032-ffff-ffff000001a7","element-6066-11e4-a52e-4f735466cecf":"00000000-0000-0032-ffff-ffff000001a7"}}
[debug] &amp#27;[38;5;32m[AndroidUiautomator2Driver@b227 (fe0cd291)]&amp#27;[0m Responding to client with driver.findElement() result: {"element-6066-11e4-a52e-4f735466cecf":"00000000-0000-0032-ffff-ffff000001a7","ELEMENT":"00000000-0000-0032-ffff-ffff000001a7"}
&amp#27;[38;5;0m[HTTP]&amp#27;[0m &amp#27;[37m<-- POST /session/fe0cd291-8f79-4212-8568-b4785b2dee12/element &amp#27;[39m&amp#27;[32m200&amp#27;[39m &amp#27;[90m62 ms - 137&amp#27;[39m
&amp#27;[38;5;0m[HTTP]&amp#27;[0m &amp#27;[90m&amp#27;[39m
&amp#27;[38;5;0m[HTTP]&amp#27;[0m &amp#27;[37m-->&amp#27;[39m &amp#27;[37mPOST&amp#27;[39m &amp#27;[37m/session/fe0cd291-8f79-4212-8568-b4785b2dee12/element/00000000-0000-0032-ffff-ffff000001a7/value&amp#27;[39m
&amp#27;[38;5;0m[HTTP]&amp#27;[0m &amp#27;[90m{"id":"00000000-0000-0032-ffff-ffff000001a7","text":"vada.deckow@mail.com","value":["v","a","d","a",".","d","e","c","k","o","w","@","m","a","i","l",".","c","o","m"]}&amp#27;[39m
[debug] &amp#27;[38;5;32m[AndroidUiautomator2Driver@b227 (fe0cd291)]&amp#27;[0m Calling AppiumDriver.setValue() with args: [["v","a","d","a",".","d","e","c","k","o","w","@","m","a","i","l",".","c","o","m"],"00000000-0000-0032-ffff-ffff000001a7","fe0cd291-8f79-4212-8568-b4785b2dee12"]
[debug] &amp#27;[38;5;32m[AndroidUiautomator2Driver@b227 (fe0cd291)]&amp#27;[0m Matched '/element/00000000-0000-0032-ffff-ffff000001a7/value' to command name 'setValue'
[debug] &amp#27;[38;5;32m[AndroidUiautomator2Driver@b227 (fe0cd291)]&amp#27;[0m Added 'value' property ["v","a","d","a",".","d","e","c","k","o","w","@","m","a","i","l",".","c","o","m"] to 'setValue' request body
[debug] &amp#27;[38;5;32m[AndroidUiautomator2Driver@b227 (fe0cd291)]&amp#27;[0m Proxying [POST /element/00000000-0000-0032-ffff-ffff000001a7/value] to [POST http://127.0.0.1:8200/session/85989a46-cbdd-4bd4-a501-a859808a0843/element/00000000-0000-0032-ffff-ffff000001a7/value] with body: {"elementId":"00000000-0000-0032-ffff-ffff000001a7","text":"vada.deckow@mail.com","replace":false,"value":["v","a","d","a",".","d","e","c","k","o","w","@","m","a","i","l",".","c","o","m"]}
[debug] &amp#27;[38;5;32m[AndroidUiautomator2Driver@b227 (fe0cd291)]&amp#27;[0m Got response with status 200: {"sessionId":"85989a46-cbdd-4bd4-a501-a859808a0843","value":null}
[debug] &amp#27;[38;5;32m[AndroidUiautomator2Driver@b227 (fe0cd291)]&amp#27;[0m Responding to client with driver.setValue() result: null
&amp#27;[38;5;0m[HTTP]&amp#27;[0m &amp#27;[37m<-- POST /session/fe0cd291-8f79-4212-8568-b4785b2dee12/element/00000000-0000-0032-ffff-ffff000001a7/value &amp#27;[39m&amp#27;[32m200&amp#27;[39m &amp#27;[90m444 ms - 14&amp#27;[39m
&amp#27;[38;5;0m[HTTP]&amp#27;[0m &amp#27;[90m&amp#27;[39m
&amp#27;[38;5;0m[HTTP]&amp#27;[0m &amp#27;[37m-->&amp#27;[39m &amp#27;[37mPOST&amp#27;[39m &amp#27;[37m/session/fe0cd291-8f79-4212-8568-b4785b2dee12/element&amp#27;[39m
&amp#27;[38;5;0m[HTTP]&amp#27;[0m &amp#27;[90m{"using":"xpath","value":"//android.widget.EditText[@index=9]"}&amp#27;[39m
[debug] &amp#27;[38;5;32m[AndroidUiautomator2Driver@b227 (fe0cd291)]&amp#27;[0m Calling AppiumDriver.findElement() with args: ["xpath","//android.widget.EditText[@index=9]","fe0cd291-8f79-4212-8568-b4785b2dee12"]
[debug] &amp#27;[38;5;32m[AndroidUiautomator2Driver@b227 (fe0cd291)]&amp#27;[0m Valid locator strategies for this request: xpath, id, class name, accessibility id, css selector, -android uiautomator
[debug] &amp#27;[38;5;32m[AndroidUiautomator2Driver@b227 (fe0cd291)]&amp#27;[0m Waiting up to 10000 ms for condition
[debug] &amp#27;[38;5;32m[AndroidUiautomator2Driver@b227 (fe0cd291)]&amp#27;[0m Matched '/element' to command name 'findElement'
[debug] &amp#27;[38;5;32m[AndroidUiautomator2Driver@b227 (fe0cd291)]&amp#27;[0m Proxying [POST /element] to [POST http://127.0.0.1:8200/session/85989a46-cbdd-4bd4-a501-a859808a0843/element] with body: {"strategy":"xpath","selector":"//android.widget.EditText[@index=9]","context":"","multiple":false}
[debug] &amp#27;[38;5;32m[AndroidUiautomator2Driver@b227 (fe0cd291)]&amp#27;[0m Got response with status 200: {"sessionId":"85989a46-cbdd-4bd4-a501-a859808a0843","value":{"ELEMENT":"00000000-0000-0032-ffff-ffff000001aa","element-6066-11e4-a52e-4f735466cecf":"00000000-0000-0032-ffff-ffff000001aa"}}
[debug] &amp#27;[38;5;32m[AndroidUiautomator2Driver@b227 (fe0cd291)]&amp#27;[0m Responding to client with driver.findElement() result: {"element-6066-11e4-a52e-4f735466cecf":"00000000-0000-0032-ffff-ffff000001aa","ELEMENT":"00000000-0000-0032-ffff-ffff000001aa"}
&amp#27;[38;5;0m[HTTP]&amp#27;[0m &amp#27;[37m<-- POST /session/fe0cd291-8f79-4212-8568-b4785b2dee12/element &amp#27;[39m&amp#27;[32m200&amp#27;[39m &amp#27;[90m521 ms - 137&amp#27;[39m
&amp#27;[38;5;0m[HTTP]&amp#27;[0m &amp#27;[90m&amp#27;[39m
&amp#27;[38;5;0m[HTTP]&amp#27;[0m &amp#27;[37m-->&amp#27;[39m &amp#27;[37mPOST&amp#27;[39m &amp#27;[37m/session/fe0cd291-8f79-4212-8568-b4785b2dee12/element/00000000-0000-0032-ffff-ffff000001aa/value&amp#27;[39m
&amp#27;[38;5;0m[HTTP]&amp#27;[0m &amp#27;[90m{"id":"00000000-0000-0032-ffff-ffff000001aa","text":"08033443048","value":["0","8","0","3","3","4","4","3","0","4","8"]}&amp#27;[39m
[debug] &amp#27;[38;5;32m[AndroidUiautomator2Driver@b227 (fe0cd291)]&amp#27;[0m Calling AppiumDriver.setValue() with args: [["0","8","0","3","3","4","4","3","0","4","8"],"00000000-0000-0032-ffff-ffff000001aa","fe0cd291-8f79-4212-8568-b4785b2dee12"]
[debug] &amp#27;[38;5;32m[AndroidUiautomator2Driver@b227 (fe0cd291)]&amp#27;[0m Matched '/element/00000000-0000-0032-ffff-ffff000001aa/value' to command name 'setValue'
[debug] &amp#27;[38;5;32m[AndroidUiautomator2Driver@b227 (fe0cd291)]&amp#27;[0m Added 'value' property ["0","8","0","3","3","4","4","3","0","4","8"] to 'setValue' request body
[debug] &amp#27;[38;5;32m[AndroidUiautomator2Driver@b227 (fe0cd291)]&amp#27;[0m Proxying [POST /element/00000000-0000-0032-ffff-ffff000001aa/value] to [POST http://127.0.0.1:8200/session/85989a46-cbdd-4bd4-a501-a859808a0843/element/00000000-0000-0032-ffff-ffff000001aa/value] with body: {"elementId":"00000000-0000-0032-ffff-ffff000001aa","text":"08033443048","replace":false,"value":["0","8","0","3","3","4","4","3","0","4","8"]}
[debug] &amp#27;[38;5;32m[AndroidUiautomator2Driver@b227 (fe0cd291)]&amp#27;[0m Got response with status 200: {"sessionId":"85989a46-cbdd-4bd4-a501-a859808a0843","value":null}
[debug] &amp#27;[38;5;32m[AndroidUiautomator2Driver@b227 (fe0cd291)]&amp#27;[0m Responding to client with driver.setValue() result: null
&amp#27;[38;5;0m[HTTP]&amp#27;[0m &amp#27;[37m<-- POST /session/fe0cd291-8f79-4212-8568-b4785b2dee12/element/00000000-0000-0032-ffff-ffff000001aa/value &amp#27;[39m&amp#27;[32m200&amp#27;[39m &amp#27;[90m13 ms - 14&amp#27;[39m
&amp#27;[38;5;0m[HTTP]&amp#27;[0m &amp#27;[90m&amp#27;[39m
&amp#27;[38;5;0m[HTTP]&amp#27;[0m &amp#27;[37m-->&amp#27;[39m &amp#27;[37mPOST&amp#27;[39m &amp#27;[37m/session/fe0cd291-8f79-4212-8568-b4785b2dee12/element&amp#27;[39m
&amp#27;[38;5;0m[HTTP]&amp#27;[0m &amp#27;[90m{"using":"xpath","value":"//android.widget.EditText[@index=12]"}&amp#27;[39m
[debug] &amp#27;[38;5;32m[AndroidUiautomator2Driver@b227 (fe0cd291)]&amp#27;[0m Calling AppiumDriver.findElement() with args: ["xpath","//android.widget.EditText[@index=12]","fe0cd291-8f79-4212-8568-b4785b2dee12"]
[debug] &amp#27;[38;5;32m[AndroidUiautomator2Driver@b227 (fe0cd291)]&amp#27;[0m Valid locator strategies for this request: xpath, id, class name, accessibility id, css selector, -android uiautomator
[debug] &amp#27;[38;5;32m[AndroidUiautomator2Driver@b227 (fe0cd291)]&amp#27;[0m Waiting up to 10000 ms for condition
[debug] &amp#27;[38;5;32m[AndroidUiautomator2Driver@b227 (fe0cd291)]&amp#27;[0m Matched '/element' to command name 'findElement'
[debug] &amp#27;[38;5;32m[AndroidUiautomator2Driver@b227 (fe0cd291)]&amp#27;[0m Proxying [POST /element] to [POST http://127.0.0.1:8200/session/85989a46-cbdd-4bd4-a501-a859808a0843/element] with body: {"strategy":"xpath","selector":"//android.widget.EditText[@index=12]","context":"","multiple":false}
[debug] &amp#27;[38;5;32m[AndroidUiautomator2Driver@b227 (fe0cd291)]&amp#27;[0m Got response with status 200: {"sessionId":"85989a46-cbdd-4bd4-a501-a859808a0843","value":{"ELEMENT":"00000000-0000-0032-ffff-ffff000001ad","element-6066-11e4-a52e-4f735466cecf":"00000000-0000-0032-ffff-ffff000001ad"}}
[debug] &amp#27;[38;5;32m[AndroidUiautomator2Driver@b227 (fe0cd291)]&amp#27;[0m Responding to client with driver.findElement() result: {"element-6066-11e4-a52e-4f735466cecf":"00000000-0000-0032-ffff-ffff000001ad","ELEMENT":"00000000-0000-0032-ffff-ffff000001ad"}
&amp#27;[38;5;0m[HTTP]&amp#27;[0m &amp#27;[37m<-- POST /session/fe0cd291-8f79-4212-8568-b4785b2dee12/element &amp#27;[39m&amp#27;[32m200&amp#27;[39m &amp#27;[90m518 ms - 137&amp#27;[39m
&amp#27;[38;5;0m[HTTP]&amp#27;[0m &amp#27;[90m&amp#27;[39m
&amp#27;[38;5;0m[HTTP]&amp#27;[0m &amp#27;[37m-->&amp#27;[39m &amp#27;[37mPOST&amp#27;[39m &amp#27;[37m/session/fe0cd291-8f79-4212-8568-b4785b2dee12/element/00000000-0000-0032-ffff-ffff000001ad/value&amp#27;[39m
&amp#27;[38;5;0m[HTTP]&amp#27;[0m &amp#27;[90m{"id":"00000000-0000-0032-ffff-ffff000001ad","text":"password","value":["p","a","s","s","w","o","r","d"]}&amp#27;[39m
[debug] &amp#27;[38;5;32m[AndroidUiautomator2Driver@b227 (fe0cd291)]&amp#27;[0m Calling AppiumDriver.setValue() with args: [["p","a","s","s","w","o","r","d"],"00000000-0000-0032-ffff-ffff000001ad","fe0cd291-8f79-4212-8568-b4785b2dee12"]
[debug] &amp#27;[38;5;32m[AndroidUiautomator2Driver@b227 (fe0cd291)]&amp#27;[0m Matched '/element/00000000-0000-0032-ffff-ffff000001ad/value' to command name 'setValue'
[debug] &amp#27;[38;5;32m[AndroidUiautomator2Driver@b227 (fe0cd291)]&amp#27;[0m Added 'value' property ["p","a","s","s","w","o","r","d"] to 'setValue' request body
[debug] &amp#27;[38;5;32m[AndroidUiautomator2Driver@b227 (fe0cd291)]&amp#27;[0m Proxying [POST /element/00000000-0000-0032-ffff-ffff000001ad/value] to [POST http://127.0.0.1:8200/session/85989a46-cbdd-4bd4-a501-a859808a0843/element/00000000-0000-0032-ffff-ffff000001ad/value] with body: {"elementId":"00000000-0000-0032-ffff-ffff000001ad","text":"password","replace":false,"value":["p","a","s","s","w","o","r","d"]}
[debug] &amp#27;[38;5;32m[AndroidUiautomator2Driver@b227 (fe0cd291)]&amp#27;[0m Got response with status 200: {"sessionId":"85989a46-cbdd-4bd4-a501-a859808a0843","value":null}
[debug] &amp#27;[38;5;32m[AndroidUiautomator2Driver@b227 (fe0cd291)]&amp#27;[0m Responding to client with driver.setValue() result: null
&amp#27;[38;5;0m[HTTP]&amp#27;[0m &amp#27;[37m<-- POST /session/fe0cd291-8f79-4212-8568-b4785b2dee12/element/00000000-0000-0032-ffff-ffff000001ad/value &amp#27;[39m&amp#27;[32m200&amp#27;[39m &amp#27;[90m14 ms - 14&amp#27;[39m
&amp#27;[38;5;0m[HTTP]&amp#27;[0m &amp#27;[90m&amp#27;[39m
&amp#27;[38;5;0m[HTTP]&amp#27;[0m &amp#27;[37m-->&amp#27;[39m &amp#27;[37mPOST&amp#27;[39m &amp#27;[37m/session/fe0cd291-8f79-4212-8568-b4785b2dee12/element&amp#27;[39m
&amp#27;[38;5;0m[HTTP]&amp#27;[0m &amp#27;[90m{"using":"xpath","value":"//android.widget.TextView[@text='Register']"}&amp#27;[39m
[debug] &amp#27;[38;5;32m[AndroidUiautomator2Driver@b227 (fe0cd291)]&amp#27;[0m Calling AppiumDriver.findElement() with args: ["xpath","//android.widget.TextView[@text='Register']","fe0cd291-8f79-4212-8568-b4785b2dee12"]
[debug] &amp#27;[38;5;32m[AndroidUiautomator2Driver@b227 (fe0cd291)]&amp#27;[0m Valid locator strategies for this request: xpath, id, class name, accessibility id, css selector, -android uiautomator
[debug] &amp#27;[38;5;32m[AndroidUiautomator2Driver@b227 (fe0cd291)]&amp#27;[0m Waiting up to 10000 ms for condition
[debug] &amp#27;[38;5;32m[AndroidUiautomator2Driver@b227 (fe0cd291)]&amp#27;[0m Matched '/element' to command name 'findElement'
[debug] &amp#27;[38;5;32m[AndroidUiautomator2Driver@b227 (fe0cd291)]&amp#27;[0m Proxying [POST /element] to [POST http://127.0.0.1:8200/session/85989a46-cbdd-4bd4-a501-a859808a0843/element] with body: {"strategy":"xpath","selector":"//android.widget.TextView[@text='Register']","context":"","multiple":false}
[debug] &amp#27;[38;5;32m[AndroidUiautomator2Driver@b227 (fe0cd291)]&amp#27;[0m Got response with status 200: {"sessionId":"85989a46-cbdd-4bd4-a501-a859808a0843","value":{"ELEMENT":"00000000-0000-0032-ffff-ffff000001ba","element-6066-11e4-a52e-4f735466cecf":"00000000-0000-0032-ffff-ffff000001ba"}}
[debug] &amp#27;[38;5;32m[AndroidUiautomator2Driver@b227 (fe0cd291)]&amp#27;[0m Responding to client with driver.findElement() result: {"element-6066-11e4-a52e-4f735466cecf":"00000000-0000-0032-ffff-ffff000001ba","ELEMENT":"00000000-0000-0032-ffff-ffff000001ba"}
&amp#27;[38;5;0m[HTTP]&amp#27;[0m &amp#27;[37m<-- POST /session/fe0cd291-8f79-4212-8568-b4785b2dee12/element &amp#27;[39m&amp#27;[32m200&amp#27;[39m &amp#27;[90m37 ms - 137&amp#27;[39m
&amp#27;[38;5;0m[HTTP]&amp#27;[0m &amp#27;[90m&amp#27;[39m
&amp#27;[38;5;0m[HTTP]&amp#27;[0m &amp#27;[37m-->&amp#27;[39m &amp#27;[37mPOST&amp#27;[39m &amp#27;[37m/session/fe0cd291-8f79-4212-8568-b4785b2dee12/element/00000000-0000-0032-ffff-ffff000001ba/click&amp#27;[39m
&amp#27;[38;5;0m[HTTP]&amp#27;[0m &amp#27;[90m{"id":"00000000-0000-0032-ffff-ffff000001ba"}&amp#27;[39m
[debug] &amp#27;[38;5;32m[AndroidUiautomator2Driver@b227 (fe0cd291)]&amp#27;[0m Calling AppiumDriver.click() with args: ["00000000-0000-0032-ffff-ffff000001ba","fe0cd291-8f79-4212-8568-b4785b2dee12"]
[debug] &amp#27;[38;5;32m[AndroidUiautomator2Driver@b227 (fe0cd291)]&amp#27;[0m Matched '/element/00000000-0000-0032-ffff-ffff000001ba/click' to command name 'click'
[debug] &amp#27;[38;5;32m[AndroidUiautomator2Driver@b227 (fe0cd291)]&amp#27;[0m Proxying [POST /element/00000000-0000-0032-ffff-ffff000001ba/click] to [POST http://127.0.0.1:8200/session/85989a46-cbdd-4bd4-a501-a859808a0843/element/00000000-0000-0032-ffff-ffff000001ba/click] with body: {"element":"00000000-0000-0032-ffff-ffff000001ba"}
[debug] &amp#27;[38;5;32m[AndroidUiautomator2Driver@b227 (fe0cd291)]&amp#27;[0m Got response with status 200: {"sessionId":"85989a46-cbdd-4bd4-a501-a859808a0843","value":null}
[debug] &amp#27;[38;5;32m[AndroidUiautomator2Driver@b227 (fe0cd291)]&amp#27;[0m Responding to client with driver.click() result: null
&amp#27;[38;5;0m[HTTP]&amp#27;[0m &amp#27;[37m<-- POST /session/fe0cd291-8f79-4212-8568-b4785b2dee12/element/00000000-0000-0032-ffff-ffff000001ba/click &amp#27;[39m&amp#27;[32m200&amp#27;[39m &amp#27;[90m598 ms - 14&amp#27;[39m
&amp#27;[38;5;0m[HTTP]&amp#27;[0m &amp#27;[90m&amp#27;[39m
&amp#27;[38;5;0m[HTTP]&amp#27;[0m &amp#27;[37m-->&amp#27;[39m &amp#27;[37mPOST&amp#27;[39m &amp#27;[37m/session/fe0cd291-8f79-4212-8568-b4785b2dee12/element&amp#27;[39m
&amp#27;[38;5;0m[HTTP]&amp#27;[0m &amp#27;[90m{"using":"xpath","value":"//android.widget.TextView[@index=18]"}&amp#27;[39m
[debug] &amp#27;[38;5;32m[AndroidUiautomator2Driver@b227 (fe0cd291)]&amp#27;[0m Calling AppiumDriver.findElement() with args: ["xpath","//android.widget.TextView[@index=18]","fe0cd291-8f79-4212-8568-b4785b2dee12"]
[debug] &amp#27;[38;5;32m[AndroidUiautomator2Driver@b227 (fe0cd291)]&amp#27;[0m Valid locator strategies for this request: xpath, id, class name, accessibility id, css selector, -android uiautomator
[debug] &amp#27;[38;5;32m[AndroidUiautomator2Driver@b227 (fe0cd291)]&amp#27;[0m Waiting up to 10000 ms for condition
[debug] &amp#27;[38;5;32m[AndroidUiautomator2Driver@b227 (fe0cd291)]&amp#27;[0m Matched '/element' to command name 'findElement'
[debug] &amp#27;[38;5;32m[AndroidUiautomator2Driver@b227 (fe0cd291)]&amp#27;[0m Proxying [POST /element] to [POST http://127.0.0.1:8200/session/85989a46-cbdd-4bd4-a501-a859808a0843/element] with body: {"strategy":"xpath","selector":"//android.widget.TextView[@index=18]","context":"","multiple":false}
[debug] &amp#27;[38;5;32m[AndroidUiautomator2Driver@b227 (fe0cd291)]&amp#27;[0m Got response with status 200: {"sessionId":"85989a46-cbdd-4bd4-a501-a859808a0843","value":{"ELEMENT":"00000000-0000-0032-ffff-ffff000001b2","element-6066-11e4-a52e-4f735466cecf":"00000000-0000-0032-ffff-ffff000001b2"}}
[debug] &amp#27;[38;5;32m[AndroidUiautomator2Driver@b227 (fe0cd291)]&amp#27;[0m Responding to client with driver.findElement() result: {"element-6066-11e4-a52e-4f735466cecf":"00000000-0000-0032-ffff-ffff000001b2","ELEMENT":"00000000-0000-0032-ffff-ffff000001b2"}
&amp#27;[38;5;0m[HTTP]&amp#27;[0m &amp#27;[37m<-- POST /session/fe0cd291-8f79-4212-8568-b4785b2dee12/element &amp#27;[39m&amp#27;[32m200&amp#27;[39m &amp#27;[90m70 ms - 137&amp#27;[39m
&amp#27;[38;5;0m[HTTP]&amp#27;[0m &amp#27;[90m&amp#27;[39m
&amp#27;[38;5;0m[HTTP]&amp#27;[0m &amp#27;[37m-->&amp#27;[39m &amp#27;[37mPOST&amp#27;[39m &amp#27;[37m/session/fe0cd291-8f79-4212-8568-b4785b2dee12/element/00000000-0000-0032-ffff-ffff000001b2/click&amp#27;[39m
&amp#27;[38;5;0m[HTTP]&amp#27;[0m &amp#27;[90m{"id":"00000000-0000-0032-ffff-ffff000001b2"}&amp#27;[39m
[debug] &amp#27;[38;5;32m[AndroidUiautomator2Driver@b227 (fe0cd291)]&amp#27;[0m Calling AppiumDriver.click() with args: ["00000000-0000-0032-ffff-ffff000001b2","fe0cd291-8f79-4212-8568-b4785b2dee12"]
[debug] &amp#27;[38;5;32m[AndroidUiautomator2Driver@b227 (fe0cd291)]&amp#27;[0m Matched '/element/00000000-0000-0032-ffff-ffff000001b2/click' to command name 'click'
[debug] &amp#27;[38;5;32m[AndroidUiautomator2Driver@b227 (fe0cd291)]&amp#27;[0m Proxying [POST /element/00000000-0000-0032-ffff-ffff000001b2/click] to [POST http://127.0.0.1:8200/session/85989a46-cbdd-4bd4-a501-a859808a0843/element/00000000-0000-0032-ffff-ffff000001b2/click] with body: {"element":"00000000-0000-0032-ffff-ffff000001b2"}
[debug] &amp#27;[38;5;32m[AndroidUiautomator2Driver@b227 (fe0cd291)]&amp#27;[0m Got response with status 200: {"sessionId":"85989a46-cbdd-4bd4-a501-a859808a0843","value":null}
[debug] &amp#27;[38;5;32m[AndroidUiautomator2Driver@b227 (fe0cd291)]&amp#27;[0m Responding to client with driver.click() result: null
&amp#27;[38;5;0m[HTTP]&amp#27;[0m &amp#27;[37m<-- POST /session/fe0cd291-8f79-4212-8568-b4785b2dee12/element/00000000-0000-0032-ffff-ffff000001b2/click &amp#27;[39m&amp#27;[32m200&amp#27;[39m &amp#27;[90m41 ms - 14&amp#27;[39m
&amp#27;[38;5;0m[HTTP]&amp#27;[0m &amp#27;[90m&amp#27;[39m
&amp#27;[38;5;0m[HTTP]&amp#27;[0m &amp#27;[37m-->&amp#27;[39m &amp#27;[37mPOST&amp#27;[39m &amp#27;[37m/session/fe0cd291-8f79-4212-8568-b4785b2dee12/element&amp#27;[39m
&amp#27;[38;5;0m[HTTP]&amp#27;[0m &amp#27;[90m{"using":"xpath","value":"//android.widget.TextView[@text='Register']"}&amp#27;[39m
[debug] &amp#27;[38;5;32m[AndroidUiautomator2Driver@b227 (fe0cd291)]&amp#27;[0m Calling AppiumDriver.findElement() with args: ["xpath","//android.widget.TextView[@text='Register']","fe0cd291-8f79-4212-8568-b4785b2dee12"]
[debug] &amp#27;[38;5;32m[AndroidUiautomator2Driver@b227 (fe0cd291)]&amp#27;[0m Valid locator strategies for this request: xpath, id, class name, accessibility id, css selector, -android uiautomator
[debug] &amp#27;[38;5;32m[AndroidUiautomator2Driver@b227 (fe0cd291)]&amp#27;[0m Waiting up to 10000 ms for condition
[debug] &amp#27;[38;5;32m[AndroidUiautomator2Driver@b227 (fe0cd291)]&amp#27;[0m Matched '/element' to command name 'findElement'
[debug] &amp#27;[38;5;32m[AndroidUiautomator2Driver@b227 (fe0cd291)]&amp#27;[0m Proxying [POST /element] to [POST http://127.0.0.1:8200/session/85989a46-cbdd-4bd4-a501-a859808a0843/element] with body: {"strategy":"xpath","selector":"//android.widget.TextView[@text='Register']","context":"","multiple":false}
[debug] &amp#27;[38;5;32m[AndroidUiautomator2Driver@b227 (fe0cd291)]&amp#27;[0m Got response with status 200: {"sessionId":"85989a46-cbdd-4bd4-a501-a859808a0843","value":{"ELEMENT":"00000000-0000-0032-ffff-ffff000001ba","element-6066-11e4-a52e-4f735466cecf":"00000000-0000-0032-ffff-ffff000001ba"}}
[debug] &amp#27;[38;5;32m[AndroidUiautomator2Driver@b227 (fe0cd291)]&amp#27;[0m Responding to client with driver.findElement() result: {"element-6066-11e4-a52e-4f735466cecf":"00000000-0000-0032-ffff-ffff000001ba","ELEMENT":"00000000-0000-0032-ffff-ffff000001ba"}
&amp#27;[38;5;0m[HTTP]&amp#27;[0m &amp#27;[37m<-- POST /session/fe0cd291-8f79-4212-8568-b4785b2dee12/element &amp#27;[39m&amp#27;[32m200&amp#27;[39m &amp#27;[90m26 ms - 137&amp#27;[39m
&amp#27;[38;5;0m[HTTP]&amp#27;[0m &amp#27;[90m&amp#27;[39m
&amp#27;[38;5;0m[HTTP]&amp#27;[0m &amp#27;[37m-->&amp#27;[39m &amp#27;[37mPOST&amp#27;[39m &amp#27;[37m/session/fe0cd291-8f79-4212-8568-b4785b2dee12/element/00000000-0000-0032-ffff-ffff000001ba/click&amp#27;[39m
&amp#27;[38;5;0m[HTTP]&amp#27;[0m &amp#27;[90m{"id":"00000000-0000-0032-ffff-ffff000001ba"}&amp#27;[39m
[debug] &amp#27;[38;5;32m[AndroidUiautomator2Driver@b227 (fe0cd291)]&amp#27;[0m Calling AppiumDriver.click() with args: ["00000000-0000-0032-ffff-ffff000001ba","fe0cd291-8f79-4212-8568-b4785b2dee12"]
[debug] &amp#27;[38;5;32m[AndroidUiautomator2Driver@b227 (fe0cd291)]&amp#27;[0m Matched '/element/00000000-0000-0032-ffff-ffff000001ba/click' to command name 'click'
[debug] &amp#27;[38;5;32m[AndroidUiautomator2Driver@b227 (fe0cd291)]&amp#27;[0m Proxying [POST /element/00000000-0000-0032-ffff-ffff000001ba/click] to [POST http://127.0.0.1:8200/session/85989a46-cbdd-4bd4-a501-a859808a0843/element/00000000-0000-0032-ffff-ffff000001ba/click] with body: {"element":"00000000-0000-0032-ffff-ffff000001ba"}
[debug] &amp#27;[38;5;32m[AndroidUiautomator2Driver@b227 (fe0cd291)]&amp#27;[0m Got response with status 200: {"sessionId":"85989a46-cbdd-4bd4-a501-a859808a0843","value":null}
[debug] &amp#27;[38;5;32m[AndroidUiautomator2Driver@b227 (fe0cd291)]&amp#27;[0m Responding to client with driver.click() result: null
&amp#27;[38;5;0m[HTTP]&amp#27;[0m &amp#27;[37m<-- POST /session/fe0cd291-8f79-4212-8568-b4785b2dee12/element/00000000-0000-0032-ffff-ffff000001ba/click &amp#27;[39m&amp#27;[32m200&amp#27;[39m &amp#27;[90m44 ms - 14&amp#27;[39m
&amp#27;[38;5;0m[HTTP]&amp#27;[0m &amp#27;[90m&amp#27;[39m
&amp#27;[38;5;0m[HTTP]&amp#27;[0m &amp#27;[37m-->&amp#27;[39m &amp#27;[37mPOST&amp#27;[39m &amp#27;[37m/session/fe0cd291-8f79-4212-8568-b4785b2dee12/element&amp#27;[39m
&amp#27;[38;5;0m[HTTP]&amp#27;[0m &amp#27;[90m{"using":"xpath","value":"//android.widget.TextView[@index=7]"}&amp#27;[39m
[debug] &amp#27;[38;5;32m[AndroidUiautomator2Driver@b227 (fe0cd291)]&amp#27;[0m Calling AppiumDriver.findElement() with args: ["xpath","//android.widget.TextView[@index=7]","fe0cd291-8f79-4212-8568-b4785b2dee12"]
[debug] &amp#27;[38;5;32m[AndroidUiautomator2Driver@b227 (fe0cd291)]&amp#27;[0m Valid locator strategies for this request: xpath, id, class name, accessibility id, css selector, -android uiautomator
[debug] &amp#27;[38;5;32m[AndroidUiautomator2Driver@b227 (fe0cd291)]&amp#27;[0m Waiting up to 10000 ms for condition
[debug] &amp#27;[38;5;32m[AndroidUiautomator2Driver@b227 (fe0cd291)]&amp#27;[0m Matched '/element' to command name 'findElement'
[debug] &amp#27;[38;5;32m[AndroidUiautomator2Driver@b227 (fe0cd291)]&amp#27;[0m Proxying [POST /element] to [POST http://127.0.0.1:8200/session/85989a46-cbdd-4bd4-a501-a859808a0843/element] with body: {"strategy":"xpath","selector":"//android.widget.TextView[@index=7]","context":"","multiple":false}
[debug] &amp#27;[38;5;32m[AndroidUiautomator2Driver@b227 (fe0cd291)]&amp#27;[0m Got response with status 200: {"sessionId":"85989a46-cbdd-4bd4-a501-a859808a0843","value":{"ELEMENT":"00000000-0000-0032-ffff-ffff000001a8","element-6066-11e4-a52e-4f735466cecf":"00000000-0000-0032-ffff-ffff000001a8"}}
[debug] &amp#27;[38;5;32m[AndroidUiautomator2Driver@b227 (fe0cd291)]&amp#27;[0m Responding to client with driver.findElement() result: {"element-6066-11e4-a52e-4f735466cecf":"00000000-0000-0032-ffff-ffff000001a8","ELEMENT":"00000000-0000-0032-ffff-ffff000001a8"}
&amp#27;[38;5;0m[HTTP]&amp#27;[0m &amp#27;[37m<-- POST /session/fe0cd291-8f79-4212-8568-b4785b2dee12/element &amp#27;[39m&amp#27;[32m200&amp#27;[39m &amp#27;[90m49 ms - 137&amp#27;[39m
&amp#27;[38;5;0m[HTTP]&amp#27;[0m &amp#27;[90m&amp#27;[39m
&amp#27;[38;5;0m[HTTP]&amp#27;[0m &amp#27;[37m-->&amp#27;[39m &amp#27;[37mPOST&amp#27;[39m &amp#27;[37m/session/fe0cd291-8f79-4212-8568-b4785b2dee12/element&amp#27;[39m
&amp#27;[38;5;0m[HTTP]&amp#27;[0m &amp#27;[90m{"using":"xpath","value":"//android.widget.TextView[@index=7]"}&amp#27;[39m
[debug] &amp#27;[38;5;32m[AndroidUiautomator2Driver@b227 (fe0cd291)]&amp#27;[0m Calling AppiumDriver.findElement() with args: ["xpath","//android.widget.TextView[@index=7]","fe0cd291-8f79-4212-8568-b4785b2dee12"]
[debug] &amp#27;[38;5;32m[AndroidUiautomator2Driver@b227 (fe0cd291)]&amp#27;[0m Valid locator strategies for this request: xpath, id, class name, accessibility id, css selector, -android uiautomator
[debug] &amp#27;[38;5;32m[AndroidUiautomator2Driver@b227 (fe0cd291)]&amp#27;[0m Waiting up to 10000 ms for condition
[debug] &amp#27;[38;5;32m[AndroidUiautomator2Driver@b227 (fe0cd291)]&amp#27;[0m Matched '/element' to command name 'findElement'
[debug] &amp#27;[38;5;32m[AndroidUiautomator2Driver@b227 (fe0cd291)]&amp#27;[0m Proxying [POST /element] to [POST http://127.0.0.1:8200/session/85989a46-cbdd-4bd4-a501-a859808a0843/element] with body: {"strategy":"xpath","selector":"//android.widget.TextView[@index=7]","context":"","multiple":false}
[debug] &amp#27;[38;5;32m[AndroidUiautomator2Driver@b227 (fe0cd291)]&amp#27;[0m Got response with status 200: {"sessionId":"85989a46-cbdd-4bd4-a501-a859808a0843","value":{"ELEMENT":"00000000-0000-0032-ffff-ffff000001a8","element-6066-11e4-a52e-4f735466cecf":"00000000-0000-0032-ffff-ffff000001a8"}}
[debug] &amp#27;[38;5;32m[AndroidUiautomator2Driver@b227 (fe0cd291)]&amp#27;[0m Responding to client with driver.findElement() result: {"element-6066-11e4-a52e-4f735466cecf":"00000000-0000-0032-ffff-ffff000001a8","ELEMENT":"00000000-0000-0032-ffff-ffff000001a8"}
&amp#27;[38;5;0m[HTTP]&amp#27;[0m &amp#27;[37m<-- POST /session/fe0cd291-8f79-4212-8568-b4785b2dee12/element &amp#27;[39m&amp#27;[32m200&amp#27;[39m &amp#27;[90m586 ms - 137&amp#27;[39m
&amp#27;[38;5;0m[HTTP]&amp#27;[0m &amp#27;[90m&amp#27;[39m
&amp#27;[38;5;0m[HTTP]&amp#27;[0m &amp#27;[37m-->&amp#27;[39m &amp#27;[37mGET&amp#27;[39m &amp#27;[37m/session/fe0cd291-8f79-4212-8568-b4785b2dee12/element/00000000-0000-0032-ffff-ffff000001a8/text&amp#27;[39m
&amp#27;[38;5;0m[HTTP]&amp#27;[0m &amp#27;[90m{}&amp#27;[39m
&amp#27;[38;5;32m[AndroidUiautomator2Driver@b227 (fe0cd291)]&amp#27;[0m Driver proxy active, passing request on via HTTP proxy
[debug] &amp#27;[38;5;32m[AndroidUiautomator2Driver@b227 (fe0cd291)]&amp#27;[0m Matched '/session/fe0cd291-8f79-4212-8568-b4785b2dee12/element/00000000-0000-0032-ffff-ffff000001a8/text' to command name 'getText'
[debug] &amp#27;[38;5;32m[AndroidUiautomator2Driver@b227 (fe0cd291)]&amp#27;[0m Proxying [GET /session/fe0cd291-8f79-4212-8568-b4785b2dee12/element/00000000-0000-0032-ffff-ffff000001a8/text] to [GET http://127.0.0.1:8200/session/85989a46-cbdd-4bd4-a501-a859808a0843/element/00000000-0000-0032-ffff-ffff000001a8/text] with no body
[debug] &amp#27;[38;5;32m[AndroidUiautomator2Driver@b227 (fe0cd291)]&amp#27;[0m Got response with status 200: {"sessionId":"85989a46-cbdd-4bd4-a501-a859808a0843","value":"This domain is not supported on Quickteller. Kindly use another email address"}
&amp#27;[38;5;32m[AndroidUiautomator2Driver@b227 (fe0cd291)]&amp#27;[0m Replacing sessionId 85989a46-cbdd-4bd4-a501-a859808a0843 with fe0cd291-8f79-4212-8568-b4785b2dee12
&amp#27;[38;5;0m[HTTP]&amp#27;[0m &amp#27;[37m<-- GET /session/fe0cd291-8f79-4212-8568-b4785b2dee12/element/00000000-0000-0032-ffff-ffff000001a8/text &amp#27;[39m&amp#27;[32m200&amp#27;[39m &amp#27;[90m8 ms - 140&amp#27;[39m
&amp#27;[38;5;0m[HTTP]&amp#27;[0m &amp#27;[90m&amp#27;[39m
]]></system-out>
  </testcase>
  <testcase name="Testcase_One[gmali.com](9)" classname="testcases.Android.DisposableDomain_QTM_2874" time="8.179">
    <system-out><![CDATA[&amp#27;[38;5;0m[HTTP]&amp#27;[0m &amp#27;[37m-->&amp#27;[39m &amp#27;[37mPOST&amp#27;[39m &amp#27;[37m/session/fe0cd291-8f79-4212-8568-b4785b2dee12/element&amp#27;[39m
&amp#27;[38;5;0m[HTTP]&amp#27;[0m &amp#27;[90m{"using":"xpath","value":"//android.widget.TextView[@index=0]"}&amp#27;[39m
[debug] &amp#27;[38;5;32m[AndroidUiautomator2Driver@b227 (fe0cd291)]&amp#27;[0m Calling AppiumDriver.findElement() with args: ["xpath","//android.widget.TextView[@index=0]","fe0cd291-8f79-4212-8568-b4785b2dee12"]
[debug] &amp#27;[38;5;32m[AndroidUiautomator2Driver@b227 (fe0cd291)]&amp#27;[0m Valid locator strategies for this request: xpath, id, class name, accessibility id, css selector, -android uiautomator
[debug] &amp#27;[38;5;32m[AndroidUiautomator2Driver@b227 (fe0cd291)]&amp#27;[0m Waiting up to 10000 ms for condition
[debug] &amp#27;[38;5;32m[AndroidUiautomator2Driver@b227 (fe0cd291)]&amp#27;[0m Matched '/element' to command name 'findElement'
[debug] &amp#27;[38;5;32m[AndroidUiautomator2Driver@b227 (fe0cd291)]&amp#27;[0m Proxying [POST /element] to [POST http://127.0.0.1:8200/session/85989a46-cbdd-4bd4-a501-a859808a0843/element] with body: {"strategy":"xpath","selector":"//android.widget.TextView[@index=0]","context":"","multiple":false}
[debug] &amp#27;[38;5;32m[AndroidUiautomator2Driver@b227 (fe0cd291)]&amp#27;[0m Got response with status 200: {"sessionId":"85989a46-cbdd-4bd4-a501-a859808a0843","value":{"ELEMENT":"00000000-0000-0032-ffff-ffff0000019c","element-6066-11e4-a52e-4f735466cecf":"00000000-0000-0032-ffff-ffff0000019c"}}
[debug] &amp#27;[38;5;32m[AndroidUiautomator2Driver@b227 (fe0cd291)]&amp#27;[0m Responding to client with driver.findElement() result: {"element-6066-11e4-a52e-4f735466cecf":"00000000-0000-0032-ffff-ffff0000019c","ELEMENT":"00000000-0000-0032-ffff-ffff0000019c"}
&amp#27;[38;5;0m[HTTP]&amp#27;[0m &amp#27;[37m<-- POST /session/fe0cd291-8f79-4212-8568-b4785b2dee12/element &amp#27;[39m&amp#27;[32m200&amp#27;[39m &amp#27;[90m35 ms - 137&amp#27;[39m
&amp#27;[38;5;0m[HTTP]&amp#27;[0m &amp#27;[90m&amp#27;[39m
&amp#27;[38;5;0m[HTTP]&amp#27;[0m &amp#27;[37m-->&amp#27;[39m &amp#27;[37mPOST&amp#27;[39m &amp#27;[37m/session/fe0cd291-8f79-4212-8568-b4785b2dee12/element/00000000-0000-0032-ffff-ffff0000019c/click&amp#27;[39m
&amp#27;[38;5;0m[HTTP]&amp#27;[0m &amp#27;[90m{"id":"00000000-0000-0032-ffff-ffff0000019c"}&amp#27;[39m
[debug] &amp#27;[38;5;32m[AndroidUiautomator2Driver@b227 (fe0cd291)]&amp#27;[0m Calling AppiumDriver.click() with args: ["00000000-0000-0032-ffff-ffff0000019c","fe0cd291-8f79-4212-8568-b4785b2dee12"]
[debug] &amp#27;[38;5;32m[AndroidUiautomator2Driver@b227 (fe0cd291)]&amp#27;[0m Matched '/element/00000000-0000-0032-ffff-ffff0000019c/click' to command name 'click'
[debug] &amp#27;[38;5;32m[AndroidUiautomator2Driver@b227 (fe0cd291)]&amp#27;[0m Proxying [POST /element/00000000-0000-0032-ffff-ffff0000019c/click] to [POST http://127.0.0.1:8200/session/85989a46-cbdd-4bd4-a501-a859808a0843/element/00000000-0000-0032-ffff-ffff0000019c/click] with body: {"element":"00000000-0000-0032-ffff-ffff0000019c"}
[debug] &amp#27;[38;5;32m[AndroidUiautomator2Driver@b227 (fe0cd291)]&amp#27;[0m Got response with status 200: {"sessionId":"85989a46-cbdd-4bd4-a501-a859808a0843","value":null}
[debug] &amp#27;[38;5;32m[AndroidUiautomator2Driver@b227 (fe0cd291)]&amp#27;[0m Responding to client with driver.click() result: null
&amp#27;[38;5;0m[HTTP]&amp#27;[0m &amp#27;[37m<-- POST /session/fe0cd291-8f79-4212-8568-b4785b2dee12/element/00000000-0000-0032-ffff-ffff0000019c/click &amp#27;[39m&amp#27;[32m200&amp#27;[39m &amp#27;[90m44 ms - 14&amp#27;[39m
&amp#27;[38;5;0m[HTTP]&amp#27;[0m &amp#27;[90m&amp#27;[39m
&amp#27;[38;5;0m[HTTP]&amp#27;[0m &amp#27;[37m-->&amp#27;[39m &amp#27;[37mPOST&amp#27;[39m &amp#27;[37m/session/fe0cd291-8f79-4212-8568-b4785b2dee12/timeouts&amp#27;[39m
&amp#27;[38;5;0m[HTTP]&amp#27;[0m &amp#27;[90m{"implicit":6000}&amp#27;[39m
[debug] &amp#27;[38;5;32m[AndroidUiautomator2Driver@b227 (fe0cd291)]&amp#27;[0m Calling AppiumDriver.timeouts() with args: [null,null,null,null,6000,"fe0cd291-8f79-4212-8568-b4785b2dee12"]
[debug] &amp#27;[38;5;32m[AndroidUiautomator2Driver@b227 (fe0cd291)]&amp#27;[0m W3C timeout argument: {"implicit":6000}}
[debug] &amp#27;[38;5;32m[AndroidUiautomator2Driver@b227 (fe0cd291)]&amp#27;[0m Set implicit wait to 6000ms
[debug] &amp#27;[38;5;32m[AndroidUiautomator2Driver@b227 (fe0cd291)]&amp#27;[0m Responding to client with driver.timeouts() result: null
&amp#27;[38;5;0m[HTTP]&amp#27;[0m &amp#27;[37m<-- POST /session/fe0cd291-8f79-4212-8568-b4785b2dee12/timeouts &amp#27;[39m&amp#27;[32m200&amp#27;[39m &amp#27;[90m1 ms - 14&amp#27;[39m
&amp#27;[38;5;0m[HTTP]&amp#27;[0m &amp#27;[90m&amp#27;[39m
&amp#27;[38;5;0m[HTTP]&amp#27;[0m &amp#27;[37m-->&amp#27;[39m &amp#27;[37mPOST&amp#27;[39m &amp#27;[37m/session/fe0cd291-8f79-4212-8568-b4785b2dee12/element&amp#27;[39m
&amp#27;[38;5;0m[HTTP]&amp#27;[0m &amp#27;[90m{"using":"xpath","value":"//android.widget.Button[@text='Allow']"}&amp#27;[39m
[debug] &amp#27;[38;5;32m[AndroidUiautomator2Driver@b227 (fe0cd291)]&amp#27;[0m Calling AppiumDriver.findElement() with args: ["xpath","//android.widget.Button[@text='Allow']","fe0cd291-8f79-4212-8568-b4785b2dee12"]
[debug] &amp#27;[38;5;32m[AndroidUiautomator2Driver@b227 (fe0cd291)]&amp#27;[0m Valid locator strategies for this request: xpath, id, class name, accessibility id, css selector, -android uiautomator
[debug] &amp#27;[38;5;32m[AndroidUiautomator2Driver@b227 (fe0cd291)]&amp#27;[0m Waiting up to 6000 ms for condition
[debug] &amp#27;[38;5;32m[AndroidUiautomator2Driver@b227 (fe0cd291)]&amp#27;[0m Matched '/element' to command name 'findElement'
[debug] &amp#27;[38;5;32m[AndroidUiautomator2Driver@b227 (fe0cd291)]&amp#27;[0m Proxying [POST /element] to [POST http://127.0.0.1:8200/session/85989a46-cbdd-4bd4-a501-a859808a0843/element] with body: {"strategy":"xpath","selector":"//android.widget.Button[@text='Allow']","context":"","multiple":false}
&amp#27;[38;5;32m[AndroidUiautomator2Driver@b227 (fe0cd291)]&amp#27;[0m Got response with status 404: {"sessionId":"85989a46-cbdd-4bd4-a501-a859808a0843","value":{"error":"no such element","message":"An element could not be located on the page using the given search parameters","stacktrace":"io.appium.uiautomator2.common.exceptions.ElementNotFoundException: An element could not be located on the page using the given search parameters\n\tat io.appium.uiautomator2.utils.ElementLocationHelpers.findElement(ElementLocationHelpers.java:156)\n\tat io.appium.uiautomator2.handler.FindElement.safeHandle(FindElement.java:60)\n\tat io.appium.uiautomator2.handler.request.SafeRequestHandler.handle(SafeRequestHandler.java:59)\n\tat io.appium.uiautomator2.server.AppiumServlet.handleRequest(AppiumServlet.java:277)\n\tat io.appium.uiautomator2.server.AppiumServlet.handleHttpRequest(AppiumServlet.java:271)\n\tat io.appium.uiautomator2.http.ServerHandler.channelRead(ServerHandler.java:68)\n\tat io.netty.channel.AbstractChannelHandlerContext.invokeChannelRead(AbstractChannelHandlerContext.java:366)\n\tat io.netty.channel.Abstr...
[debug] &amp#27;[38;5;128m[W3C]&amp#27;[0m Matched W3C error code 'no such element' to NoSuchElementError
[debug] &amp#27;[38;5;32m[AndroidUiautomator2Driver@b227 (fe0cd291)]&amp#27;[0m Waited for 99 ms so far
[debug] &amp#27;[38;5;32m[AndroidUiautomator2Driver@b227 (fe0cd291)]&amp#27;[0m Matched '/element' to command name 'findElement'
[debug] &amp#27;[38;5;32m[AndroidUiautomator2Driver@b227 (fe0cd291)]&amp#27;[0m Proxying [POST /element] to [POST http://127.0.0.1:8200/session/85989a46-cbdd-4bd4-a501-a859808a0843/element] with body: {"strategy":"xpath","selector":"//android.widget.Button[@text='Allow']","context":"","multiple":false}
&amp#27;[38;5;32m[AndroidUiautomator2Driver@b227 (fe0cd291)]&amp#27;[0m Got response with status 404: {"sessionId":"85989a46-cbdd-4bd4-a501-a859808a0843","value":{"error":"no such element","message":"An element could not be located on the page using the given search parameters","stacktrace":"io.appium.uiautomator2.common.exceptions.ElementNotFoundException: An element could not be located on the page using the given search parameters\n\tat io.appium.uiautomator2.utils.ElementLocationHelpers.findElement(ElementLocationHelpers.java:156)\n\tat io.appium.uiautomator2.handler.FindElement.safeHandle(FindElement.java:60)\n\tat io.appium.uiautomator2.handler.request.SafeRequestHandler.handle(SafeRequestHandler.java:59)\n\tat io.appium.uiautomator2.server.AppiumServlet.handleRequest(AppiumServlet.java:277)\n\tat io.appium.uiautomator2.server.AppiumServlet.handleHttpRequest(AppiumServlet.java:271)\n\tat io.appium.uiautomator2.http.ServerHandler.channelRead(ServerHandler.java:68)\n\tat io.netty.channel.AbstractChannelHandlerContext.invokeChannelRead(AbstractChannelHandlerContext.java:366)\n\tat io.netty.channel.Abstr...
[debug] &amp#27;[38;5;128m[W3C]&amp#27;[0m Matched W3C error code 'no such element' to NoSuchElementError
[debug] &amp#27;[38;5;32m[AndroidUiautomator2Driver@b227 (fe0cd291)]&amp#27;[0m Waited for 989 ms so far
[debug] &amp#27;[38;5;32m[AndroidUiautomator2Driver@b227 (fe0cd291)]&amp#27;[0m Matched '/element' to command name 'findElement'
[debug] &amp#27;[38;5;32m[AndroidUiautomator2Driver@b227 (fe0cd291)]&amp#27;[0m Proxying [POST /element] to [POST http://127.0.0.1:8200/session/85989a46-cbdd-4bd4-a501-a859808a0843/element] with body: {"strategy":"xpath","selector":"//android.widget.Button[@text='Allow']","context":"","multiple":false}
&amp#27;[38;5;32m[AndroidUiautomator2Driver@b227 (fe0cd291)]&amp#27;[0m Got response with status 404: {"sessionId":"85989a46-cbdd-4bd4-a501-a859808a0843","value":{"error":"no such element","message":"An element could not be located on the page using the given search parameters","stacktrace":"io.appium.uiautomator2.common.exceptions.ElementNotFoundException: An element could not be located on the page using the given search parameters\n\tat io.appium.uiautomator2.utils.ElementLocationHelpers.findElement(ElementLocationHelpers.java:156)\n\tat io.appium.uiautomator2.handler.FindElement.safeHandle(FindElement.java:60)\n\tat io.appium.uiautomator2.handler.request.SafeRequestHandler.handle(SafeRequestHandler.java:59)\n\tat io.appium.uiautomator2.server.AppiumServlet.handleRequest(AppiumServlet.java:277)\n\tat io.appium.uiautomator2.server.AppiumServlet.handleHttpRequest(AppiumServlet.java:271)\n\tat io.appium.uiautomator2.http.ServerHandler.channelRead(ServerHandler.java:68)\n\tat io.netty.channel.AbstractChannelHandlerContext.invokeChannelRead(AbstractChannelHandlerContext.java:366)\n\tat io.netty.channel.Abstr...
[debug] &amp#27;[38;5;128m[W3C]&amp#27;[0m Matched W3C error code 'no such element' to NoSuchElementError
[debug] &amp#27;[38;5;32m[AndroidUiautomator2Driver@b227 (fe0cd291)]&amp#27;[0m Waited for 1528 ms so far
[debug] &amp#27;[38;5;32m[AndroidUiautomator2Driver@b227 (fe0cd291)]&amp#27;[0m Matched '/element' to command name 'findElement'
[debug] &amp#27;[38;5;32m[AndroidUiautomator2Driver@b227 (fe0cd291)]&amp#27;[0m Proxying [POST /element] to [POST http://127.0.0.1:8200/session/85989a46-cbdd-4bd4-a501-a859808a0843/element] with body: {"strategy":"xpath","selector":"//android.widget.Button[@text='Allow']","context":"","multiple":false}
&amp#27;[38;5;32m[AndroidUiautomator2Driver@b227 (fe0cd291)]&amp#27;[0m Got response with status 404: {"sessionId":"85989a46-cbdd-4bd4-a501-a859808a0843","value":{"error":"no such element","message":"An element could not be located on the page using the given search parameters","stacktrace":"io.appium.uiautomator2.common.exceptions.ElementNotFoundException: An element could not be located on the page using the given search parameters\n\tat io.appium.uiautomator2.utils.ElementLocationHelpers.findElement(ElementLocationHelpers.java:156)\n\tat io.appium.uiautomator2.handler.FindElement.safeHandle(FindElement.java:60)\n\tat io.appium.uiautomator2.handler.request.SafeRequestHandler.handle(SafeRequestHandler.java:59)\n\tat io.appium.uiautomator2.server.AppiumServlet.handleRequest(AppiumServlet.java:277)\n\tat io.appium.uiautomator2.server.AppiumServlet.handleHttpRequest(AppiumServlet.java:271)\n\tat io.appium.uiautomator2.http.ServerHandler.channelRead(ServerHandler.java:68)\n\tat io.netty.channel.AbstractChannelHandlerContext.invokeChannelRead(AbstractChannelHandlerContext.java:366)\n\tat io.netty.channel.Abstr...
[debug] &amp#27;[38;5;128m[W3C]&amp#27;[0m Matched W3C error code 'no such element' to NoSuchElementError
[debug] &amp#27;[38;5;32m[AndroidUiautomator2Driver@b227 (fe0cd291)]&amp#27;[0m Waited for 2057 ms so far
[debug] &amp#27;[38;5;32m[AndroidUiautomator2Driver@b227 (fe0cd291)]&amp#27;[0m Matched '/element' to command name 'findElement'
[debug] &amp#27;[38;5;32m[AndroidUiautomator2Driver@b227 (fe0cd291)]&amp#27;[0m Proxying [POST /element] to [POST http://127.0.0.1:8200/session/85989a46-cbdd-4bd4-a501-a859808a0843/element] with body: {"strategy":"xpath","selector":"//android.widget.Button[@text='Allow']","context":"","multiple":false}
&amp#27;[38;5;32m[AndroidUiautomator2Driver@b227 (fe0cd291)]&amp#27;[0m Got response with status 404: {"sessionId":"85989a46-cbdd-4bd4-a501-a859808a0843","value":{"error":"no such element","message":"An element could not be located on the page using the given search parameters","stacktrace":"io.appium.uiautomator2.common.exceptions.ElementNotFoundException: An element could not be located on the page using the given search parameters\n\tat io.appium.uiautomator2.utils.ElementLocationHelpers.findElement(ElementLocationHelpers.java:156)\n\tat io.appium.uiautomator2.handler.FindElement.safeHandle(FindElement.java:60)\n\tat io.appium.uiautomator2.handler.request.SafeRequestHandler.handle(SafeRequestHandler.java:59)\n\tat io.appium.uiautomator2.server.AppiumServlet.handleRequest(AppiumServlet.java:277)\n\tat io.appium.uiautomator2.server.AppiumServlet.handleHttpRequest(AppiumServlet.java:271)\n\tat io.appium.uiautomator2.http.ServerHandler.channelRead(ServerHandler.java:68)\n\tat io.netty.channel.AbstractChannelHandlerContext.invokeChannelRead(AbstractChannelHandlerContext.java:366)\n\tat io.netty.channel.Abstr...
[debug] &amp#27;[38;5;128m[W3C]&amp#27;[0m Matched W3C error code 'no such element' to NoSuchElementError
[debug] &amp#27;[38;5;32m[AndroidUiautomator2Driver@b227 (fe0cd291)]&amp#27;[0m Waited for 2589 ms so far
[debug] &amp#27;[38;5;32m[AndroidUiautomator2Driver@b227 (fe0cd291)]&amp#27;[0m Matched '/element' to command name 'findElement'
[debug] &amp#27;[38;5;32m[AndroidUiautomator2Driver@b227 (fe0cd291)]&amp#27;[0m Proxying [POST /element] to [POST http://127.0.0.1:8200/session/85989a46-cbdd-4bd4-a501-a859808a0843/element] with body: {"strategy":"xpath","selector":"//android.widget.Button[@text='Allow']","context":"","multiple":false}
&amp#27;[38;5;32m[AndroidUiautomator2Driver@b227 (fe0cd291)]&amp#27;[0m Got response with status 404: {"sessionId":"85989a46-cbdd-4bd4-a501-a859808a0843","value":{"error":"no such element","message":"An element could not be located on the page using the given search parameters","stacktrace":"io.appium.uiautomator2.common.exceptions.ElementNotFoundException: An element could not be located on the page using the given search parameters\n\tat io.appium.uiautomator2.utils.ElementLocationHelpers.findElement(ElementLocationHelpers.java:156)\n\tat io.appium.uiautomator2.handler.FindElement.safeHandle(FindElement.java:60)\n\tat io.appium.uiautomator2.handler.request.SafeRequestHandler.handle(SafeRequestHandler.java:59)\n\tat io.appium.uiautomator2.server.AppiumServlet.handleRequest(AppiumServlet.java:277)\n\tat io.appium.uiautomator2.server.AppiumServlet.handleHttpRequest(AppiumServlet.java:271)\n\tat io.appium.uiautomator2.http.ServerHandler.channelRead(ServerHandler.java:68)\n\tat io.netty.channel.AbstractChannelHandlerContext.invokeChannelRead(AbstractChannelHandlerContext.java:366)\n\tat io.netty.channel.Abstr...
[debug] &amp#27;[38;5;128m[W3C]&amp#27;[0m Matched W3C error code 'no such element' to NoSuchElementError
[debug] &amp#27;[38;5;32m[AndroidUiautomator2Driver@b227 (fe0cd291)]&amp#27;[0m Waited for 3118 ms so far
[debug] &amp#27;[38;5;32m[AndroidUiautomator2Driver@b227 (fe0cd291)]&amp#27;[0m Matched '/element' to command name 'findElement'
[debug] &amp#27;[38;5;32m[AndroidUiautomator2Driver@b227 (fe0cd291)]&amp#27;[0m Proxying [POST /element] to [POST http://127.0.0.1:8200/session/85989a46-cbdd-4bd4-a501-a859808a0843/element] with body: {"strategy":"xpath","selector":"//android.widget.Button[@text='Allow']","context":"","multiple":false}
&amp#27;[38;5;32m[AndroidUiautomator2Driver@b227 (fe0cd291)]&amp#27;[0m Got response with status 404: {"sessionId":"85989a46-cbdd-4bd4-a501-a859808a0843","value":{"error":"no such element","message":"An element could not be located on the page using the given search parameters","stacktrace":"io.appium.uiautomator2.common.exceptions.ElementNotFoundException: An element could not be located on the page using the given search parameters\n\tat io.appium.uiautomator2.utils.ElementLocationHelpers.findElement(ElementLocationHelpers.java:156)\n\tat io.appium.uiautomator2.handler.FindElement.safeHandle(FindElement.java:60)\n\tat io.appium.uiautomator2.handler.request.SafeRequestHandler.handle(SafeRequestHandler.java:59)\n\tat io.appium.uiautomator2.server.AppiumServlet.handleRequest(AppiumServlet.java:277)\n\tat io.appium.uiautomator2.server.AppiumServlet.handleHttpRequest(AppiumServlet.java:271)\n\tat io.appium.uiautomator2.http.ServerHandler.channelRead(ServerHandler.java:68)\n\tat io.netty.channel.AbstractChannelHandlerContext.invokeChannelRead(AbstractChannelHandlerContext.java:366)\n\tat io.netty.channel.Abstr...
[debug] &amp#27;[38;5;128m[W3C]&amp#27;[0m Matched W3C error code 'no such element' to NoSuchElementError
[debug] &amp#27;[38;5;32m[AndroidUiautomator2Driver@b227 (fe0cd291)]&amp#27;[0m Waited for 3652 ms so far
[debug] &amp#27;[38;5;32m[AndroidUiautomator2Driver@b227 (fe0cd291)]&amp#27;[0m Matched '/element' to command name 'findElement'
[debug] &amp#27;[38;5;32m[AndroidUiautomator2Driver@b227 (fe0cd291)]&amp#27;[0m Proxying [POST /element] to [POST http://127.0.0.1:8200/session/85989a46-cbdd-4bd4-a501-a859808a0843/element] with body: {"strategy":"xpath","selector":"//android.widget.Button[@text='Allow']","context":"","multiple":false}
&amp#27;[38;5;32m[AndroidUiautomator2Driver@b227 (fe0cd291)]&amp#27;[0m Got response with status 404: {"sessionId":"85989a46-cbdd-4bd4-a501-a859808a0843","value":{"error":"no such element","message":"An element could not be located on the page using the given search parameters","stacktrace":"io.appium.uiautomator2.common.exceptions.ElementNotFoundException: An element could not be located on the page using the given search parameters\n\tat io.appium.uiautomator2.utils.ElementLocationHelpers.findElement(ElementLocationHelpers.java:156)\n\tat io.appium.uiautomator2.handler.FindElement.safeHandle(FindElement.java:60)\n\tat io.appium.uiautomator2.handler.request.SafeRequestHandler.handle(SafeRequestHandler.java:59)\n\tat io.appium.uiautomator2.server.AppiumServlet.handleRequest(AppiumServlet.java:277)\n\tat io.appium.uiautomator2.server.AppiumServlet.handleHttpRequest(AppiumServlet.java:271)\n\tat io.appium.uiautomator2.http.ServerHandler.channelRead(ServerHandler.java:68)\n\tat io.netty.channel.AbstractChannelHandlerContext.invokeChannelRead(AbstractChannelHandlerContext.java:366)\n\tat io.netty.channel.Abstr...
[debug] &amp#27;[38;5;128m[W3C]&amp#27;[0m Matched W3C error code 'no such element' to NoSuchElementError
[debug] &amp#27;[38;5;32m[AndroidUiautomator2Driver@b227 (fe0cd291)]&amp#27;[0m Waited for 4172 ms so far
[debug] &amp#27;[38;5;32m[AndroidUiautomator2Driver@b227 (fe0cd291)]&amp#27;[0m Matched '/element' to command name 'findElement'
[debug] &amp#27;[38;5;32m[AndroidUiautomator2Driver@b227 (fe0cd291)]&amp#27;[0m Proxying [POST /element] to [POST http://127.0.0.1:8200/session/85989a46-cbdd-4bd4-a501-a859808a0843/element] with body: {"strategy":"xpath","selector":"//android.widget.Button[@text='Allow']","context":"","multiple":false}
&amp#27;[38;5;32m[AndroidUiautomator2Driver@b227 (fe0cd291)]&amp#27;[0m Got response with status 404: {"sessionId":"85989a46-cbdd-4bd4-a501-a859808a0843","value":{"error":"no such element","message":"An element could not be located on the page using the given search parameters","stacktrace":"io.appium.uiautomator2.common.exceptions.ElementNotFoundException: An element could not be located on the page using the given search parameters\n\tat io.appium.uiautomator2.utils.ElementLocationHelpers.findElement(ElementLocationHelpers.java:156)\n\tat io.appium.uiautomator2.handler.FindElement.safeHandle(FindElement.java:60)\n\tat io.appium.uiautomator2.handler.request.SafeRequestHandler.handle(SafeRequestHandler.java:59)\n\tat io.appium.uiautomator2.server.AppiumServlet.handleRequest(AppiumServlet.java:277)\n\tat io.appium.uiautomator2.server.AppiumServlet.handleHttpRequest(AppiumServlet.java:271)\n\tat io.appium.uiautomator2.http.ServerHandler.channelRead(ServerHandler.java:68)\n\tat io.netty.channel.AbstractChannelHandlerContext.invokeChannelRead(AbstractChannelHandlerContext.java:366)\n\tat io.netty.channel.Abstr...
[debug] &amp#27;[38;5;128m[W3C]&amp#27;[0m Matched W3C error code 'no such element' to NoSuchElementError
[debug] &amp#27;[38;5;32m[AndroidUiautomator2Driver@b227 (fe0cd291)]&amp#27;[0m Waited for 4701 ms so far
[debug] &amp#27;[38;5;32m[AndroidUiautomator2Driver@b227 (fe0cd291)]&amp#27;[0m Matched '/element' to command name 'findElement'
[debug] &amp#27;[38;5;32m[AndroidUiautomator2Driver@b227 (fe0cd291)]&amp#27;[0m Proxying [POST /element] to [POST http://127.0.0.1:8200/session/85989a46-cbdd-4bd4-a501-a859808a0843/element] with body: {"strategy":"xpath","selector":"//android.widget.Button[@text='Allow']","context":"","multiple":false}
&amp#27;[38;5;32m[AndroidUiautomator2Driver@b227 (fe0cd291)]&amp#27;[0m Got response with status 404: {"sessionId":"85989a46-cbdd-4bd4-a501-a859808a0843","value":{"error":"no such element","message":"An element could not be located on the page using the given search parameters","stacktrace":"io.appium.uiautomator2.common.exceptions.ElementNotFoundException: An element could not be located on the page using the given search parameters\n\tat io.appium.uiautomator2.utils.ElementLocationHelpers.findElement(ElementLocationHelpers.java:156)\n\tat io.appium.uiautomator2.handler.FindElement.safeHandle(FindElement.java:60)\n\tat io.appium.uiautomator2.handler.request.SafeRequestHandler.handle(SafeRequestHandler.java:59)\n\tat io.appium.uiautomator2.server.AppiumServlet.handleRequest(AppiumServlet.java:277)\n\tat io.appium.uiautomator2.server.AppiumServlet.handleHttpRequest(AppiumServlet.java:271)\n\tat io.appium.uiautomator2.http.ServerHandler.channelRead(ServerHandler.java:68)\n\tat io.netty.channel.AbstractChannelHandlerContext.invokeChannelRead(AbstractChannelHandlerContext.java:366)\n\tat io.netty.channel.Abstr...
[debug] &amp#27;[38;5;128m[W3C]&amp#27;[0m Matched W3C error code 'no such element' to NoSuchElementError
[debug] &amp#27;[38;5;32m[AndroidUiautomator2Driver@b227 (fe0cd291)]&amp#27;[0m Waited for 5233 ms so far
[debug] &amp#27;[38;5;32m[AndroidUiautomator2Driver@b227 (fe0cd291)]&amp#27;[0m Matched '/element' to command name 'findElement'
[debug] &amp#27;[38;5;32m[AndroidUiautomator2Driver@b227 (fe0cd291)]&amp#27;[0m Proxying [POST /element] to [POST http://127.0.0.1:8200/session/85989a46-cbdd-4bd4-a501-a859808a0843/element] with body: {"strategy":"xpath","selector":"//android.widget.Button[@text='Allow']","context":"","multiple":false}
&amp#27;[38;5;32m[AndroidUiautomator2Driver@b227 (fe0cd291)]&amp#27;[0m Got response with status 404: {"sessionId":"85989a46-cbdd-4bd4-a501-a859808a0843","value":{"error":"no such element","message":"An element could not be located on the page using the given search parameters","stacktrace":"io.appium.uiautomator2.common.exceptions.ElementNotFoundException: An element could not be located on the page using the given search parameters\n\tat io.appium.uiautomator2.utils.ElementLocationHelpers.findElement(ElementLocationHelpers.java:156)\n\tat io.appium.uiautomator2.handler.FindElement.safeHandle(FindElement.java:60)\n\tat io.appium.uiautomator2.handler.request.SafeRequestHandler.handle(SafeRequestHandler.java:59)\n\tat io.appium.uiautomator2.server.AppiumServlet.handleRequest(AppiumServlet.java:277)\n\tat io.appium.uiautomator2.server.AppiumServlet.handleHttpRequest(AppiumServlet.java:271)\n\tat io.appium.uiautomator2.http.ServerHandler.channelRead(ServerHandler.java:68)\n\tat io.netty.channel.AbstractChannelHandlerContext.invokeChannelRead(AbstractChannelHandlerContext.java:366)\n\tat io.netty.channel.Abstr...
[debug] &amp#27;[38;5;128m[W3C]&amp#27;[0m Matched W3C error code 'no such element' to NoSuchElementError
[debug] &amp#27;[38;5;32m[AndroidUiautomator2Driver@b227 (fe0cd291)]&amp#27;[0m Waited for 5759 ms so far
[debug] &amp#27;[38;5;32m[AndroidUiautomator2Driver@b227 (fe0cd291)]&amp#27;[0m Matched '/element' to command name 'findElement'
[debug] &amp#27;[38;5;32m[AndroidUiautomator2Driver@b227 (fe0cd291)]&amp#27;[0m Proxying [POST /element] to [POST http://127.0.0.1:8200/session/85989a46-cbdd-4bd4-a501-a859808a0843/element] with body: {"strategy":"xpath","selector":"//android.widget.Button[@text='Allow']","context":"","multiple":false}
&amp#27;[38;5;32m[AndroidUiautomator2Driver@b227 (fe0cd291)]&amp#27;[0m Got response with status 404: {"sessionId":"85989a46-cbdd-4bd4-a501-a859808a0843","value":{"error":"no such element","message":"An element could not be located on the page using the given search parameters","stacktrace":"io.appium.uiautomator2.common.exceptions.ElementNotFoundException: An element could not be located on the page using the given search parameters\n\tat io.appium.uiautomator2.utils.ElementLocationHelpers.findElement(ElementLocationHelpers.java:156)\n\tat io.appium.uiautomator2.handler.FindElement.safeHandle(FindElement.java:60)\n\tat io.appium.uiautomator2.handler.request.SafeRequestHandler.handle(SafeRequestHandler.java:59)\n\tat io.appium.uiautomator2.server.AppiumServlet.handleRequest(AppiumServlet.java:277)\n\tat io.appium.uiautomator2.server.AppiumServlet.handleHttpRequest(AppiumServlet.java:271)\n\tat io.appium.uiautomator2.http.ServerHandler.channelRead(ServerHandler.java:68)\n\tat io.netty.channel.AbstractChannelHandlerContext.invokeChannelRead(AbstractChannelHandlerContext.java:366)\n\tat io.netty.channel.Abstr...
[debug] &amp#27;[38;5;128m[W3C]&amp#27;[0m Matched W3C error code 'no such element' to NoSuchElementError
[debug] &amp#27;[38;5;32m[AndroidUiautomator2Driver@b227 (fe0cd291)]&amp#27;[0m Encountered internal error running command: NoSuchElementError: An element could not be located on the page using the given search parameters.
[debug] &amp#27;[38;5;32m[AndroidUiautomator2Driver@b227 (fe0cd291)]&amp#27;[0m     at AndroidUiautomator2Driver.findElOrEls (C:\Users\daniel.ogagavworia\.appium\node_modules\appium-uiautomator2-driver\node_modules\appium-android-driver\lib\commands\find.js:75:11)
[debug] &amp#27;[38;5;32m[AndroidUiautomator2Driver@b227 (fe0cd291)]&amp#27;[0m     at processTicksAndRejections (node:internal/process/task_queues:95:5)
[debug] &amp#27;[38;5;32m[AndroidUiautomator2Driver@b227 (fe0cd291)]&amp#27;[0m     at AndroidUiautomator2Driver.findElOrElsWithProcessing (C:\Users\daniel.ogagavworia\AppData\Roaming\npm\node_modules\appium\node_modules\@appium\base-driver\lib\basedriver\commands\find.ts:60:12)
[debug] &amp#27;[38;5;32m[AndroidUiautomator2Driver@b227 (fe0cd291)]&amp#27;[0m     at AndroidUiautomator2Driver.findElement (C:\Users\daniel.ogagavworia\AppData\Roaming\npm\node_modules\appium\node_modules\@appium\base-driver\lib\basedriver\commands\find.ts:75:12)
&amp#27;[38;5;0m[HTTP]&amp#27;[0m &amp#27;[37m<-- POST /session/fe0cd291-8f79-4212-8568-b4785b2dee12/element &amp#27;[39m&amp#27;[33m404&amp#27;[39m &amp#27;[90m6037 ms - 929&amp#27;[39m
&amp#27;[38;5;0m[HTTP]&amp#27;[0m &amp#27;[90m&amp#27;[39m
&amp#27;[38;5;0m[HTTP]&amp#27;[0m &amp#27;[37m-->&amp#27;[39m &amp#27;[37mPOST&amp#27;[39m &amp#27;[37m/session/fe0cd291-8f79-4212-8568-b4785b2dee12/element&amp#27;[39m
&amp#27;[38;5;0m[HTTP]&amp#27;[0m &amp#27;[90m{"using":"xpath","value":"//android.widget.TextView[@text='REGISTER']"}&amp#27;[39m
[debug] &amp#27;[38;5;32m[AndroidUiautomator2Driver@b227 (fe0cd291)]&amp#27;[0m Calling AppiumDriver.findElement() with args: ["xpath","//android.widget.TextView[@text='REGISTER']","fe0cd291-8f79-4212-8568-b4785b2dee12"]
[debug] &amp#27;[38;5;32m[AndroidUiautomator2Driver@b227 (fe0cd291)]&amp#27;[0m Valid locator strategies for this request: xpath, id, class name, accessibility id, css selector, -android uiautomator
[debug] &amp#27;[38;5;32m[AndroidUiautomator2Driver@b227 (fe0cd291)]&amp#27;[0m Waiting up to 6000 ms for condition
[debug] &amp#27;[38;5;32m[AndroidUiautomator2Driver@b227 (fe0cd291)]&amp#27;[0m Matched '/element' to command name 'findElement'
[debug] &amp#27;[38;5;32m[AndroidUiautomator2Driver@b227 (fe0cd291)]&amp#27;[0m Proxying [POST /element] to [POST http://127.0.0.1:8200/session/85989a46-cbdd-4bd4-a501-a859808a0843/element] with body: {"strategy":"xpath","selector":"//android.widget.TextView[@text='REGISTER']","context":"","multiple":false}
[debug] &amp#27;[38;5;32m[AndroidUiautomator2Driver@b227 (fe0cd291)]&amp#27;[0m Got response with status 200: {"sessionId":"85989a46-cbdd-4bd4-a501-a859808a0843","value":{"ELEMENT":"00000000-0000-0032-ffff-ffff0000002e","element-6066-11e4-a52e-4f735466cecf":"00000000-0000-0032-ffff-ffff0000002e"}}
[debug] &amp#27;[38;5;32m[AndroidUiautomator2Driver@b227 (fe0cd291)]&amp#27;[0m Responding to client with driver.findElement() result: {"element-6066-11e4-a52e-4f735466cecf":"00000000-0000-0032-ffff-ffff0000002e","ELEMENT":"00000000-0000-0032-ffff-ffff0000002e"}
&amp#27;[38;5;0m[HTTP]&amp#27;[0m &amp#27;[37m<-- POST /session/fe0cd291-8f79-4212-8568-b4785b2dee12/element &amp#27;[39m&amp#27;[32m200&amp#27;[39m &amp#27;[90m19 ms - 137&amp#27;[39m
&amp#27;[38;5;0m[HTTP]&amp#27;[0m &amp#27;[90m&amp#27;[39m
&amp#27;[38;5;0m[HTTP]&amp#27;[0m &amp#27;[37m-->&amp#27;[39m &amp#27;[37mPOST&amp#27;[39m &amp#27;[37m/session/fe0cd291-8f79-4212-8568-b4785b2dee12/element/00000000-0000-0032-ffff-ffff0000002e/click&amp#27;[39m
&amp#27;[38;5;0m[HTTP]&amp#27;[0m &amp#27;[90m{"id":"00000000-0000-0032-ffff-ffff0000002e"}&amp#27;[39m
[debug] &amp#27;[38;5;32m[AndroidUiautomator2Driver@b227 (fe0cd291)]&amp#27;[0m Calling AppiumDriver.click() with args: ["00000000-0000-0032-ffff-ffff0000002e","fe0cd291-8f79-4212-8568-b4785b2dee12"]
[debug] &amp#27;[38;5;32m[AndroidUiautomator2Driver@b227 (fe0cd291)]&amp#27;[0m Matched '/element/00000000-0000-0032-ffff-ffff0000002e/click' to command name 'click'
[debug] &amp#27;[38;5;32m[AndroidUiautomator2Driver@b227 (fe0cd291)]&amp#27;[0m Proxying [POST /element/00000000-0000-0032-ffff-ffff0000002e/click] to [POST http://127.0.0.1:8200/session/85989a46-cbdd-4bd4-a501-a859808a0843/element/00000000-0000-0032-ffff-ffff0000002e/click] with body: {"element":"00000000-0000-0032-ffff-ffff0000002e"}
[debug] &amp#27;[38;5;32m[AndroidUiautomator2Driver@b227 (fe0cd291)]&amp#27;[0m Got response with status 200: {"sessionId":"85989a46-cbdd-4bd4-a501-a859808a0843","value":null}
[debug] &amp#27;[38;5;32m[AndroidUiautomator2Driver@b227 (fe0cd291)]&amp#27;[0m Responding to client with driver.click() result: null
&amp#27;[38;5;0m[HTTP]&amp#27;[0m &amp#27;[37m<-- POST /session/fe0cd291-8f79-4212-8568-b4785b2dee12/element/00000000-0000-0032-ffff-ffff0000002e/click &amp#27;[39m&amp#27;[32m200&amp#27;[39m &amp#27;[90m55 ms - 14&amp#27;[39m
&amp#27;[38;5;0m[HTTP]&amp#27;[0m &amp#27;[90m&amp#27;[39m
&amp#27;[38;5;0m[HTTP]&amp#27;[0m &amp#27;[37m-->&amp#27;[39m &amp#27;[37mPOST&amp#27;[39m &amp#27;[37m/session/fe0cd291-8f79-4212-8568-b4785b2dee12/timeouts&amp#27;[39m
&amp#27;[38;5;0m[HTTP]&amp#27;[0m &amp#27;[90m{"implicit":10000}&amp#27;[39m
[debug] &amp#27;[38;5;32m[AndroidUiautomator2Driver@b227 (fe0cd291)]&amp#27;[0m Calling AppiumDriver.timeouts() with args: [null,null,null,null,10000,"fe0cd291-8f79-4212-8568-b4785b2dee12"]
[debug] &amp#27;[38;5;32m[AndroidUiautomator2Driver@b227 (fe0cd291)]&amp#27;[0m W3C timeout argument: {"implicit":10000}}
[debug] &amp#27;[38;5;32m[AndroidUiautomator2Driver@b227 (fe0cd291)]&amp#27;[0m Set implicit wait to 10000ms
[debug] &amp#27;[38;5;32m[AndroidUiautomator2Driver@b227 (fe0cd291)]&amp#27;[0m Responding to client with driver.timeouts() result: null
&amp#27;[38;5;0m[HTTP]&amp#27;[0m &amp#27;[37m<-- POST /session/fe0cd291-8f79-4212-8568-b4785b2dee12/timeouts &amp#27;[39m&amp#27;[32m200&amp#27;[39m &amp#27;[90m1 ms - 14&amp#27;[39m
&amp#27;[38;5;0m[HTTP]&amp#27;[0m &amp#27;[90m&amp#27;[39m
&amp#27;[38;5;0m[HTTP]&amp#27;[0m &amp#27;[37m-->&amp#27;[39m &amp#27;[37mPOST&amp#27;[39m &amp#27;[37m/session/fe0cd291-8f79-4212-8568-b4785b2dee12/element&amp#27;[39m
&amp#27;[38;5;0m[HTTP]&amp#27;[0m &amp#27;[90m{"using":"xpath","value":"//android.widget.EditText[@index=3]"}&amp#27;[39m
[debug] &amp#27;[38;5;32m[AndroidUiautomator2Driver@b227 (fe0cd291)]&amp#27;[0m Calling AppiumDriver.findElement() with args: ["xpath","//android.widget.EditText[@index=3]","fe0cd291-8f79-4212-8568-b4785b2dee12"]
[debug] &amp#27;[38;5;32m[AndroidUiautomator2Driver@b227 (fe0cd291)]&amp#27;[0m Valid locator strategies for this request: xpath, id, class name, accessibility id, css selector, -android uiautomator
[debug] &amp#27;[38;5;32m[AndroidUiautomator2Driver@b227 (fe0cd291)]&amp#27;[0m Waiting up to 10000 ms for condition
[debug] &amp#27;[38;5;32m[AndroidUiautomator2Driver@b227 (fe0cd291)]&amp#27;[0m Matched '/element' to command name 'findElement'
[debug] &amp#27;[38;5;32m[AndroidUiautomator2Driver@b227 (fe0cd291)]&amp#27;[0m Proxying [POST /element] to [POST http://127.0.0.1:8200/session/85989a46-cbdd-4bd4-a501-a859808a0843/element] with body: {"strategy":"xpath","selector":"//android.widget.EditText[@index=3]","context":"","multiple":false}
&amp#27;[38;5;32m[AndroidUiautomator2Driver@b227 (fe0cd291)]&amp#27;[0m Got response with status 404: {"sessionId":"85989a46-cbdd-4bd4-a501-a859808a0843","value":{"error":"no such element","message":"An element could not be located on the page using the given search parameters","stacktrace":"io.appium.uiautomator2.common.exceptions.ElementNotFoundException: An element could not be located on the page using the given search parameters\n\tat io.appium.uiautomator2.utils.ElementLocationHelpers.findElement(ElementLocationHelpers.java:156)\n\tat io.appium.uiautomator2.handler.FindElement.safeHandle(FindElement.java:60)\n\tat io.appium.uiautomator2.handler.request.SafeRequestHandler.handle(SafeRequestHandler.java:59)\n\tat io.appium.uiautomator2.server.AppiumServlet.handleRequest(AppiumServlet.java:277)\n\tat io.appium.uiautomator2.server.AppiumServlet.handleHttpRequest(AppiumServlet.java:271)\n\tat io.appium.uiautomator2.http.ServerHandler.channelRead(ServerHandler.java:68)\n\tat io.netty.channel.AbstractChannelHandlerContext.invokeChannelRead(AbstractChannelHandlerContext.java:366)\n\tat io.netty.channel.Abstr...
[debug] &amp#27;[38;5;128m[W3C]&amp#27;[0m Matched W3C error code 'no such element' to NoSuchElementError
[debug] &amp#27;[38;5;32m[AndroidUiautomator2Driver@b227 (fe0cd291)]&amp#27;[0m Waited for 34 ms so far
[debug] &amp#27;[38;5;32m[AndroidUiautomator2Driver@b227 (fe0cd291)]&amp#27;[0m Matched '/element' to command name 'findElement'
[debug] &amp#27;[38;5;32m[AndroidUiautomator2Driver@b227 (fe0cd291)]&amp#27;[0m Proxying [POST /element] to [POST http://127.0.0.1:8200/session/85989a46-cbdd-4bd4-a501-a859808a0843/element] with body: {"strategy":"xpath","selector":"//android.widget.EditText[@index=3]","context":"","multiple":false}
[debug] &amp#27;[38;5;32m[AndroidUiautomator2Driver@b227 (fe0cd291)]&amp#27;[0m Got response with status 200: {"sessionId":"85989a46-cbdd-4bd4-a501-a859808a0843","value":{"ELEMENT":"00000000-0000-0032-ffff-ffff000001d6","element-6066-11e4-a52e-4f735466cecf":"00000000-0000-0032-ffff-ffff000001d6"}}
[debug] &amp#27;[38;5;32m[AndroidUiautomator2Driver@b227 (fe0cd291)]&amp#27;[0m Responding to client with driver.findElement() result: {"element-6066-11e4-a52e-4f735466cecf":"00000000-0000-0032-ffff-ffff000001d6","ELEMENT":"00000000-0000-0032-ffff-ffff000001d6"}
&amp#27;[38;5;0m[HTTP]&amp#27;[0m &amp#27;[37m<-- POST /session/fe0cd291-8f79-4212-8568-b4785b2dee12/element &amp#27;[39m&amp#27;[32m200&amp#27;[39m &amp#27;[90m1071 ms - 137&amp#27;[39m
&amp#27;[38;5;0m[HTTP]&amp#27;[0m &amp#27;[90m&amp#27;[39m
&amp#27;[38;5;0m[HTTP]&amp#27;[0m &amp#27;[37m-->&amp#27;[39m &amp#27;[37mPOST&amp#27;[39m &amp#27;[37m/session/fe0cd291-8f79-4212-8568-b4785b2dee12/element/00000000-0000-0032-ffff-ffff000001d6/value&amp#27;[39m
&amp#27;[38;5;0m[HTTP]&amp#27;[0m &amp#27;[90m{"id":"00000000-0000-0032-ffff-ffff000001d6","text":"Daniel Ogaga","value":["D","a","n","i","e","l"," ","O","g","a","g","a"]}&amp#27;[39m
[debug] &amp#27;[38;5;32m[AndroidUiautomator2Driver@b227 (fe0cd291)]&amp#27;[0m Calling AppiumDriver.setValue() with args: [["D","a","n","i","e","l"," ","O","g","a","g","a"],"00000000-0000-0032-ffff-ffff000001d6","fe0cd291-8f79-4212-8568-b4785b2dee12"]
[debug] &amp#27;[38;5;32m[AndroidUiautomator2Driver@b227 (fe0cd291)]&amp#27;[0m Matched '/element/00000000-0000-0032-ffff-ffff000001d6/value' to command name 'setValue'
[debug] &amp#27;[38;5;32m[AndroidUiautomator2Driver@b227 (fe0cd291)]&amp#27;[0m Added 'value' property ["D","a","n","i","e","l"," ","O","g","a","g","a"] to 'setValue' request body
[debug] &amp#27;[38;5;32m[AndroidUiautomator2Driver@b227 (fe0cd291)]&amp#27;[0m Proxying [POST /element/00000000-0000-0032-ffff-ffff000001d6/value] to [POST http://127.0.0.1:8200/session/85989a46-cbdd-4bd4-a501-a859808a0843/element/00000000-0000-0032-ffff-ffff000001d6/value] with body: {"elementId":"00000000-0000-0032-ffff-ffff000001d6","text":"Daniel Ogaga","replace":false,"value":["D","a","n","i","e","l"," ","O","g","a","g","a"]}
[debug] &amp#27;[38;5;32m[AndroidUiautomator2Driver@b227 (fe0cd291)]&amp#27;[0m Got response with status 200: {"sessionId":"85989a46-cbdd-4bd4-a501-a859808a0843","value":null}
[debug] &amp#27;[38;5;32m[AndroidUiautomator2Driver@b227 (fe0cd291)]&amp#27;[0m Responding to client with driver.setValue() result: null
&amp#27;[38;5;0m[HTTP]&amp#27;[0m &amp#27;[37m<-- POST /session/fe0cd291-8f79-4212-8568-b4785b2dee12/element/00000000-0000-0032-ffff-ffff000001d6/value &amp#27;[39m&amp#27;[32m200&amp#27;[39m &amp#27;[90m12 ms - 14&amp#27;[39m
&amp#27;[38;5;0m[HTTP]&amp#27;[0m &amp#27;[90m&amp#27;[39m
&amp#27;[38;5;0m[HTTP]&amp#27;[0m &amp#27;[37m-->&amp#27;[39m &amp#27;[37mPOST&amp#27;[39m &amp#27;[37m/session/fe0cd291-8f79-4212-8568-b4785b2dee12/element&amp#27;[39m
&amp#27;[38;5;0m[HTTP]&amp#27;[0m &amp#27;[90m{"using":"xpath","value":"//android.widget.EditText[@index=6]"}&amp#27;[39m
[debug] &amp#27;[38;5;32m[AndroidUiautomator2Driver@b227 (fe0cd291)]&amp#27;[0m Calling AppiumDriver.findElement() with args: ["xpath","//android.widget.EditText[@index=6]","fe0cd291-8f79-4212-8568-b4785b2dee12"]
[debug] &amp#27;[38;5;32m[AndroidUiautomator2Driver@b227 (fe0cd291)]&amp#27;[0m Valid locator strategies for this request: xpath, id, class name, accessibility id, css selector, -android uiautomator
[debug] &amp#27;[38;5;32m[AndroidUiautomator2Driver@b227 (fe0cd291)]&amp#27;[0m Waiting up to 10000 ms for condition
[debug] &amp#27;[38;5;32m[AndroidUiautomator2Driver@b227 (fe0cd291)]&amp#27;[0m Matched '/element' to command name 'findElement'
[debug] &amp#27;[38;5;32m[AndroidUiautomator2Driver@b227 (fe0cd291)]&amp#27;[0m Proxying [POST /element] to [POST http://127.0.0.1:8200/session/85989a46-cbdd-4bd4-a501-a859808a0843/element] with body: {"strategy":"xpath","selector":"//android.widget.EditText[@index=6]","context":"","multiple":false}
[debug] &amp#27;[38;5;32m[AndroidUiautomator2Driver@b227 (fe0cd291)]&amp#27;[0m Got response with status 200: {"sessionId":"85989a46-cbdd-4bd4-a501-a859808a0843","value":{"ELEMENT":"00000000-0000-0032-ffff-ffff000001d9","element-6066-11e4-a52e-4f735466cecf":"00000000-0000-0032-ffff-ffff000001d9"}}
[debug] &amp#27;[38;5;32m[AndroidUiautomator2Driver@b227 (fe0cd291)]&amp#27;[0m Responding to client with driver.findElement() result: {"element-6066-11e4-a52e-4f735466cecf":"00000000-0000-0032-ffff-ffff000001d9","ELEMENT":"00000000-0000-0032-ffff-ffff000001d9"}
&amp#27;[38;5;0m[HTTP]&amp#27;[0m &amp#27;[37m<-- POST /session/fe0cd291-8f79-4212-8568-b4785b2dee12/element &amp#27;[39m&amp#27;[32m200&amp#27;[39m &amp#27;[90m39 ms - 137&amp#27;[39m
&amp#27;[38;5;0m[HTTP]&amp#27;[0m &amp#27;[90m&amp#27;[39m
&amp#27;[38;5;0m[HTTP]&amp#27;[0m &amp#27;[37m-->&amp#27;[39m &amp#27;[37mPOST&amp#27;[39m &amp#27;[37m/session/fe0cd291-8f79-4212-8568-b4785b2dee12/element/00000000-0000-0032-ffff-ffff000001d9/value&amp#27;[39m
&amp#27;[38;5;0m[HTTP]&amp#27;[0m &amp#27;[90m{"id":"00000000-0000-0032-ffff-ffff000001d9","text":"vada.deckow@gmali.com","value":["v","a","d","a",".","d","e","c","k","o","w","@","g","m","a","l","i",".","c","o","m"]}&amp#27;[39m
[debug] &amp#27;[38;5;32m[AndroidUiautomator2Driver@b227 (fe0cd291)]&amp#27;[0m Calling AppiumDriver.setValue() with args: [["v","a","d","a",".","d","e","c","k","o","w","@","g","m","a","l","i",".","c","o","m"],"00000000-0000-0032-ffff-ffff000001d9","fe0cd291-8f79-4212-8568-b4785b2dee12"]
[debug] &amp#27;[38;5;32m[AndroidUiautomator2Driver@b227 (fe0cd291)]&amp#27;[0m Matched '/element/00000000-0000-0032-ffff-ffff000001d9/value' to command name 'setValue'
[debug] &amp#27;[38;5;32m[AndroidUiautomator2Driver@b227 (fe0cd291)]&amp#27;[0m Added 'value' property ["v","a","d","a",".","d","e","c","k","o","w","@","g","m","a","l","i",".","c","o","m"] to 'setValue' request body
[debug] &amp#27;[38;5;32m[AndroidUiautomator2Driver@b227 (fe0cd291)]&amp#27;[0m Proxying [POST /element/00000000-0000-0032-ffff-ffff000001d9/value] to [POST http://127.0.0.1:8200/session/85989a46-cbdd-4bd4-a501-a859808a0843/element/00000000-0000-0032-ffff-ffff000001d9/value] with body: {"elementId":"00000000-0000-0032-ffff-ffff000001d9","text":"vada.deckow@gmali.com","replace":false,"value":["v","a","d","a",".","d","e","c","k","o","w","@","g","m","a","l","i",".","c","o","m"]}
[debug] &amp#27;[38;5;32m[AndroidUiautomator2Driver@b227 (fe0cd291)]&amp#27;[0m Got response with status 200: {"sessionId":"85989a46-cbdd-4bd4-a501-a859808a0843","value":null}
[debug] &amp#27;[38;5;32m[AndroidUiautomator2Driver@b227 (fe0cd291)]&amp#27;[0m Responding to client with driver.setValue() result: null
&amp#27;[38;5;0m[HTTP]&amp#27;[0m &amp#27;[37m<-- POST /session/fe0cd291-8f79-4212-8568-b4785b2dee12/element/00000000-0000-0032-ffff-ffff000001d9/value &amp#27;[39m&amp#27;[32m200&amp#27;[39m &amp#27;[90m461 ms - 14&amp#27;[39m
&amp#27;[38;5;0m[HTTP]&amp#27;[0m &amp#27;[90m&amp#27;[39m
&amp#27;[38;5;0m[HTTP]&amp#27;[0m &amp#27;[37m-->&amp#27;[39m &amp#27;[37mPOST&amp#27;[39m &amp#27;[37m/session/fe0cd291-8f79-4212-8568-b4785b2dee12/element&amp#27;[39m
&amp#27;[38;5;0m[HTTP]&amp#27;[0m &amp#27;[90m{"using":"xpath","value":"//android.widget.EditText[@index=9]"}&amp#27;[39m
[debug] &amp#27;[38;5;32m[AndroidUiautomator2Driver@b227 (fe0cd291)]&amp#27;[0m Calling AppiumDriver.findElement() with args: ["xpath","//android.widget.EditText[@index=9]","fe0cd291-8f79-4212-8568-b4785b2dee12"]
[debug] &amp#27;[38;5;32m[AndroidUiautomator2Driver@b227 (fe0cd291)]&amp#27;[0m Valid locator strategies for this request: xpath, id, class name, accessibility id, css selector, -android uiautomator
[debug] &amp#27;[38;5;32m[AndroidUiautomator2Driver@b227 (fe0cd291)]&amp#27;[0m Waiting up to 10000 ms for condition
[debug] &amp#27;[38;5;32m[AndroidUiautomator2Driver@b227 (fe0cd291)]&amp#27;[0m Matched '/element' to command name 'findElement'
[debug] &amp#27;[38;5;32m[AndroidUiautomator2Driver@b227 (fe0cd291)]&amp#27;[0m Proxying [POST /element] to [POST http://127.0.0.1:8200/session/85989a46-cbdd-4bd4-a501-a859808a0843/element] with body: {"strategy":"xpath","selector":"//android.widget.EditText[@index=9]","context":"","multiple":false}
[debug] &amp#27;[38;5;32m[AndroidUiautomator2Driver@b227 (fe0cd291)]&amp#27;[0m Got response with status 200: {"sessionId":"85989a46-cbdd-4bd4-a501-a859808a0843","value":{"ELEMENT":"00000000-0000-0032-ffff-ffff000001dc","element-6066-11e4-a52e-4f735466cecf":"00000000-0000-0032-ffff-ffff000001dc"}}
[debug] &amp#27;[38;5;32m[AndroidUiautomator2Driver@b227 (fe0cd291)]&amp#27;[0m Responding to client with driver.findElement() result: {"element-6066-11e4-a52e-4f735466cecf":"00000000-0000-0032-ffff-ffff000001dc","ELEMENT":"00000000-0000-0032-ffff-ffff000001dc"}
&amp#27;[38;5;0m[HTTP]&amp#27;[0m &amp#27;[37m<-- POST /session/fe0cd291-8f79-4212-8568-b4785b2dee12/element &amp#27;[39m&amp#27;[32m200&amp#27;[39m &amp#27;[90m48 ms - 137&amp#27;[39m
&amp#27;[38;5;0m[HTTP]&amp#27;[0m &amp#27;[90m&amp#27;[39m
&amp#27;[38;5;0m[HTTP]&amp#27;[0m &amp#27;[37m-->&amp#27;[39m &amp#27;[37mPOST&amp#27;[39m &amp#27;[37m/session/fe0cd291-8f79-4212-8568-b4785b2dee12/element/00000000-0000-0032-ffff-ffff000001dc/value&amp#27;[39m
&amp#27;[38;5;0m[HTTP]&amp#27;[0m &amp#27;[90m{"id":"00000000-0000-0032-ffff-ffff000001dc","text":"08033443048","value":["0","8","0","3","3","4","4","3","0","4","8"]}&amp#27;[39m
[debug] &amp#27;[38;5;32m[AndroidUiautomator2Driver@b227 (fe0cd291)]&amp#27;[0m Calling AppiumDriver.setValue() with args: [["0","8","0","3","3","4","4","3","0","4","8"],"00000000-0000-0032-ffff-ffff000001dc","fe0cd291-8f79-4212-8568-b4785b2dee12"]
[debug] &amp#27;[38;5;32m[AndroidUiautomator2Driver@b227 (fe0cd291)]&amp#27;[0m Matched '/element/00000000-0000-0032-ffff-ffff000001dc/value' to command name 'setValue'
[debug] &amp#27;[38;5;32m[AndroidUiautomator2Driver@b227 (fe0cd291)]&amp#27;[0m Added 'value' property ["0","8","0","3","3","4","4","3","0","4","8"] to 'setValue' request body
[debug] &amp#27;[38;5;32m[AndroidUiautomator2Driver@b227 (fe0cd291)]&amp#27;[0m Proxying [POST /element/00000000-0000-0032-ffff-ffff000001dc/value] to [POST http://127.0.0.1:8200/session/85989a46-cbdd-4bd4-a501-a859808a0843/element/00000000-0000-0032-ffff-ffff000001dc/value] with body: {"elementId":"00000000-0000-0032-ffff-ffff000001dc","text":"08033443048","replace":false,"value":["0","8","0","3","3","4","4","3","0","4","8"]}
[debug] &amp#27;[38;5;32m[AndroidUiautomator2Driver@b227 (fe0cd291)]&amp#27;[0m Got response with status 200: {"sessionId":"85989a46-cbdd-4bd4-a501-a859808a0843","value":null}
[debug] &amp#27;[38;5;32m[AndroidUiautomator2Driver@b227 (fe0cd291)]&amp#27;[0m Responding to client with driver.setValue() result: null
&amp#27;[38;5;0m[HTTP]&amp#27;[0m &amp#27;[37m<-- POST /session/fe0cd291-8f79-4212-8568-b4785b2dee12/element/00000000-0000-0032-ffff-ffff000001dc/value &amp#27;[39m&amp#27;[32m200&amp#27;[39m &amp#27;[90m454 ms - 14&amp#27;[39m
&amp#27;[38;5;0m[HTTP]&amp#27;[0m &amp#27;[90m&amp#27;[39m
&amp#27;[38;5;0m[HTTP]&amp#27;[0m &amp#27;[37m-->&amp#27;[39m &amp#27;[37mPOST&amp#27;[39m &amp#27;[37m/session/fe0cd291-8f79-4212-8568-b4785b2dee12/element&amp#27;[39m
&amp#27;[38;5;0m[HTTP]&amp#27;[0m &amp#27;[90m{"using":"xpath","value":"//android.widget.EditText[@index=12]"}&amp#27;[39m
[debug] &amp#27;[38;5;32m[AndroidUiautomator2Driver@b227 (fe0cd291)]&amp#27;[0m Calling AppiumDriver.findElement() with args: ["xpath","//android.widget.EditText[@index=12]","fe0cd291-8f79-4212-8568-b4785b2dee12"]
[debug] &amp#27;[38;5;32m[AndroidUiautomator2Driver@b227 (fe0cd291)]&amp#27;[0m Valid locator strategies for this request: xpath, id, class name, accessibility id, css selector, -android uiautomator
[debug] &amp#27;[38;5;32m[AndroidUiautomator2Driver@b227 (fe0cd291)]&amp#27;[0m Waiting up to 10000 ms for condition
[debug] &amp#27;[38;5;32m[AndroidUiautomator2Driver@b227 (fe0cd291)]&amp#27;[0m Matched '/element' to command name 'findElement'
[debug] &amp#27;[38;5;32m[AndroidUiautomator2Driver@b227 (fe0cd291)]&amp#27;[0m Proxying [POST /element] to [POST http://127.0.0.1:8200/session/85989a46-cbdd-4bd4-a501-a859808a0843/element] with body: {"strategy":"xpath","selector":"//android.widget.EditText[@index=12]","context":"","multiple":false}
[debug] &amp#27;[38;5;32m[AndroidUiautomator2Driver@b227 (fe0cd291)]&amp#27;[0m Got response with status 200: {"sessionId":"85989a46-cbdd-4bd4-a501-a859808a0843","value":{"ELEMENT":"00000000-0000-0032-ffff-ffff000001df","element-6066-11e4-a52e-4f735466cecf":"00000000-0000-0032-ffff-ffff000001df"}}
[debug] &amp#27;[38;5;32m[AndroidUiautomator2Driver@b227 (fe0cd291)]&amp#27;[0m Responding to client with driver.findElement() result: {"element-6066-11e4-a52e-4f735466cecf":"00000000-0000-0032-ffff-ffff000001df","ELEMENT":"00000000-0000-0032-ffff-ffff000001df"}
&amp#27;[38;5;0m[HTTP]&amp#27;[0m &amp#27;[37m<-- POST /session/fe0cd291-8f79-4212-8568-b4785b2dee12/element &amp#27;[39m&amp#27;[32m200&amp#27;[39m &amp#27;[90m529 ms - 137&amp#27;[39m
&amp#27;[38;5;0m[HTTP]&amp#27;[0m &amp#27;[90m&amp#27;[39m
&amp#27;[38;5;0m[HTTP]&amp#27;[0m &amp#27;[37m-->&amp#27;[39m &amp#27;[37mPOST&amp#27;[39m &amp#27;[37m/session/fe0cd291-8f79-4212-8568-b4785b2dee12/element/00000000-0000-0032-ffff-ffff000001df/value&amp#27;[39m
&amp#27;[38;5;0m[HTTP]&amp#27;[0m &amp#27;[90m{"id":"00000000-0000-0032-ffff-ffff000001df","text":"password","value":["p","a","s","s","w","o","r","d"]}&amp#27;[39m
[debug] &amp#27;[38;5;32m[AndroidUiautomator2Driver@b227 (fe0cd291)]&amp#27;[0m Calling AppiumDriver.setValue() with args: [["p","a","s","s","w","o","r","d"],"00000000-0000-0032-ffff-ffff000001df","fe0cd291-8f79-4212-8568-b4785b2dee12"]
[debug] &amp#27;[38;5;32m[AndroidUiautomator2Driver@b227 (fe0cd291)]&amp#27;[0m Matched '/element/00000000-0000-0032-ffff-ffff000001df/value' to command name 'setValue'
[debug] &amp#27;[38;5;32m[AndroidUiautomator2Driver@b227 (fe0cd291)]&amp#27;[0m Added 'value' property ["p","a","s","s","w","o","r","d"] to 'setValue' request body
[debug] &amp#27;[38;5;32m[AndroidUiautomator2Driver@b227 (fe0cd291)]&amp#27;[0m Proxying [POST /element/00000000-0000-0032-ffff-ffff000001df/value] to [POST http://127.0.0.1:8200/session/85989a46-cbdd-4bd4-a501-a859808a0843/element/00000000-0000-0032-ffff-ffff000001df/value] with body: {"elementId":"00000000-0000-0032-ffff-ffff000001df","text":"password","replace":false,"value":["p","a","s","s","w","o","r","d"]}
[debug] &amp#27;[38;5;32m[AndroidUiautomator2Driver@b227 (fe0cd291)]&amp#27;[0m Got response with status 200: {"sessionId":"85989a46-cbdd-4bd4-a501-a859808a0843","value":null}
[debug] &amp#27;[38;5;32m[AndroidUiautomator2Driver@b227 (fe0cd291)]&amp#27;[0m Responding to client with driver.setValue() result: null
&amp#27;[38;5;0m[HTTP]&amp#27;[0m &amp#27;[37m<-- POST /session/fe0cd291-8f79-4212-8568-b4785b2dee12/element/00000000-0000-0032-ffff-ffff000001df/value &amp#27;[39m&amp#27;[32m200&amp#27;[39m &amp#27;[90m15 ms - 14&amp#27;[39m
&amp#27;[38;5;0m[HTTP]&amp#27;[0m &amp#27;[90m&amp#27;[39m
&amp#27;[38;5;0m[HTTP]&amp#27;[0m &amp#27;[37m-->&amp#27;[39m &amp#27;[37mPOST&amp#27;[39m &amp#27;[37m/session/fe0cd291-8f79-4212-8568-b4785b2dee12/element&amp#27;[39m
&amp#27;[38;5;0m[HTTP]&amp#27;[0m &amp#27;[90m{"using":"xpath","value":"//android.widget.TextView[@text='Register']"}&amp#27;[39m
[debug] &amp#27;[38;5;32m[AndroidUiautomator2Driver@b227 (fe0cd291)]&amp#27;[0m Calling AppiumDriver.findElement() with args: ["xpath","//android.widget.TextView[@text='Register']","fe0cd291-8f79-4212-8568-b4785b2dee12"]
[debug] &amp#27;[38;5;32m[AndroidUiautomator2Driver@b227 (fe0cd291)]&amp#27;[0m Valid locator strategies for this request: xpath, id, class name, accessibility id, css selector, -android uiautomator
[debug] &amp#27;[38;5;32m[AndroidUiautomator2Driver@b227 (fe0cd291)]&amp#27;[0m Waiting up to 10000 ms for condition
[debug] &amp#27;[38;5;32m[AndroidUiautomator2Driver@b227 (fe0cd291)]&amp#27;[0m Matched '/element' to command name 'findElement'
[debug] &amp#27;[38;5;32m[AndroidUiautomator2Driver@b227 (fe0cd291)]&amp#27;[0m Proxying [POST /element] to [POST http://127.0.0.1:8200/session/85989a46-cbdd-4bd4-a501-a859808a0843/element] with body: {"strategy":"xpath","selector":"//android.widget.TextView[@text='Register']","context":"","multiple":false}
[debug] &amp#27;[38;5;32m[AndroidUiautomator2Driver@b227 (fe0cd291)]&amp#27;[0m Got response with status 200: {"sessionId":"85989a46-cbdd-4bd4-a501-a859808a0843","value":{"ELEMENT":"00000000-0000-0032-ffff-ffff000001ec","element-6066-11e4-a52e-4f735466cecf":"00000000-0000-0032-ffff-ffff000001ec"}}
[debug] &amp#27;[38;5;32m[AndroidUiautomator2Driver@b227 (fe0cd291)]&amp#27;[0m Responding to client with driver.findElement() result: {"element-6066-11e4-a52e-4f735466cecf":"00000000-0000-0032-ffff-ffff000001ec","ELEMENT":"00000000-0000-0032-ffff-ffff000001ec"}
&amp#27;[38;5;0m[HTTP]&amp#27;[0m &amp#27;[37m<-- POST /session/fe0cd291-8f79-4212-8568-b4785b2dee12/element &amp#27;[39m&amp#27;[32m200&amp#27;[39m &amp#27;[90m39 ms - 137&amp#27;[39m
&amp#27;[38;5;0m[HTTP]&amp#27;[0m &amp#27;[90m&amp#27;[39m
&amp#27;[38;5;0m[HTTP]&amp#27;[0m &amp#27;[37m-->&amp#27;[39m &amp#27;[37mPOST&amp#27;[39m &amp#27;[37m/session/fe0cd291-8f79-4212-8568-b4785b2dee12/element/00000000-0000-0032-ffff-ffff000001ec/click&amp#27;[39m
&amp#27;[38;5;0m[HTTP]&amp#27;[0m &amp#27;[90m{"id":"00000000-0000-0032-ffff-ffff000001ec"}&amp#27;[39m
[debug] &amp#27;[38;5;32m[AndroidUiautomator2Driver@b227 (fe0cd291)]&amp#27;[0m Calling AppiumDriver.click() with args: ["00000000-0000-0032-ffff-ffff000001ec","fe0cd291-8f79-4212-8568-b4785b2dee12"]
[debug] &amp#27;[38;5;32m[AndroidUiautomator2Driver@b227 (fe0cd291)]&amp#27;[0m Matched '/element/00000000-0000-0032-ffff-ffff000001ec/click' to command name 'click'
[debug] &amp#27;[38;5;32m[AndroidUiautomator2Driver@b227 (fe0cd291)]&amp#27;[0m Proxying [POST /element/00000000-0000-0032-ffff-ffff000001ec/click] to [POST http://127.0.0.1:8200/session/85989a46-cbdd-4bd4-a501-a859808a0843/element/00000000-0000-0032-ffff-ffff000001ec/click] with body: {"element":"00000000-0000-0032-ffff-ffff000001ec"}
[debug] &amp#27;[38;5;32m[AndroidUiautomator2Driver@b227 (fe0cd291)]&amp#27;[0m Got response with status 200: {"sessionId":"85989a46-cbdd-4bd4-a501-a859808a0843","value":null}
[debug] &amp#27;[38;5;32m[AndroidUiautomator2Driver@b227 (fe0cd291)]&amp#27;[0m Responding to client with driver.click() result: null
&amp#27;[38;5;0m[HTTP]&amp#27;[0m &amp#27;[37m<-- POST /session/fe0cd291-8f79-4212-8568-b4785b2dee12/element/00000000-0000-0032-ffff-ffff000001ec/click &amp#27;[39m&amp#27;[32m200&amp#27;[39m &amp#27;[90m606 ms - 14&amp#27;[39m
&amp#27;[38;5;0m[HTTP]&amp#27;[0m &amp#27;[90m&amp#27;[39m
&amp#27;[38;5;0m[HTTP]&amp#27;[0m &amp#27;[37m-->&amp#27;[39m &amp#27;[37mPOST&amp#27;[39m &amp#27;[37m/session/fe0cd291-8f79-4212-8568-b4785b2dee12/element&amp#27;[39m
&amp#27;[38;5;0m[HTTP]&amp#27;[0m &amp#27;[90m{"using":"xpath","value":"//android.widget.TextView[@index=18]"}&amp#27;[39m
[debug] &amp#27;[38;5;32m[AndroidUiautomator2Driver@b227 (fe0cd291)]&amp#27;[0m Calling AppiumDriver.findElement() with args: ["xpath","//android.widget.TextView[@index=18]","fe0cd291-8f79-4212-8568-b4785b2dee12"]
[debug] &amp#27;[38;5;32m[AndroidUiautomator2Driver@b227 (fe0cd291)]&amp#27;[0m Valid locator strategies for this request: xpath, id, class name, accessibility id, css selector, -android uiautomator
[debug] &amp#27;[38;5;32m[AndroidUiautomator2Driver@b227 (fe0cd291)]&amp#27;[0m Waiting up to 10000 ms for condition
[debug] &amp#27;[38;5;32m[AndroidUiautomator2Driver@b227 (fe0cd291)]&amp#27;[0m Matched '/element' to command name 'findElement'
[debug] &amp#27;[38;5;32m[AndroidUiautomator2Driver@b227 (fe0cd291)]&amp#27;[0m Proxying [POST /element] to [POST http://127.0.0.1:8200/session/85989a46-cbdd-4bd4-a501-a859808a0843/element] with body: {"strategy":"xpath","selector":"//android.widget.TextView[@index=18]","context":"","multiple":false}
[debug] &amp#27;[38;5;32m[AndroidUiautomator2Driver@b227 (fe0cd291)]&amp#27;[0m Got response with status 200: {"sessionId":"85989a46-cbdd-4bd4-a501-a859808a0843","value":{"ELEMENT":"00000000-0000-0032-ffff-ffff000001e4","element-6066-11e4-a52e-4f735466cecf":"00000000-0000-0032-ffff-ffff000001e4"}}
[debug] &amp#27;[38;5;32m[AndroidUiautomator2Driver@b227 (fe0cd291)]&amp#27;[0m Responding to client with driver.findElement() result: {"element-6066-11e4-a52e-4f735466cecf":"00000000-0000-0032-ffff-ffff000001e4","ELEMENT":"00000000-0000-0032-ffff-ffff000001e4"}
&amp#27;[38;5;0m[HTTP]&amp#27;[0m &amp#27;[37m<-- POST /session/fe0cd291-8f79-4212-8568-b4785b2dee12/element &amp#27;[39m&amp#27;[32m200&amp#27;[39m &amp#27;[90m35 ms - 137&amp#27;[39m
&amp#27;[38;5;0m[HTTP]&amp#27;[0m &amp#27;[90m&amp#27;[39m
&amp#27;[38;5;0m[HTTP]&amp#27;[0m &amp#27;[37m-->&amp#27;[39m &amp#27;[37mPOST&amp#27;[39m &amp#27;[37m/session/fe0cd291-8f79-4212-8568-b4785b2dee12/element/00000000-0000-0032-ffff-ffff000001e4/click&amp#27;[39m
&amp#27;[38;5;0m[HTTP]&amp#27;[0m &amp#27;[90m{"id":"00000000-0000-0032-ffff-ffff000001e4"}&amp#27;[39m
[debug] &amp#27;[38;5;32m[AndroidUiautomator2Driver@b227 (fe0cd291)]&amp#27;[0m Calling AppiumDriver.click() with args: ["00000000-0000-0032-ffff-ffff000001e4","fe0cd291-8f79-4212-8568-b4785b2dee12"]
[debug] &amp#27;[38;5;32m[AndroidUiautomator2Driver@b227 (fe0cd291)]&amp#27;[0m Matched '/element/00000000-0000-0032-ffff-ffff000001e4/click' to command name 'click'
[debug] &amp#27;[38;5;32m[AndroidUiautomator2Driver@b227 (fe0cd291)]&amp#27;[0m Proxying [POST /element/00000000-0000-0032-ffff-ffff000001e4/click] to [POST http://127.0.0.1:8200/session/85989a46-cbdd-4bd4-a501-a859808a0843/element/00000000-0000-0032-ffff-ffff000001e4/click] with body: {"element":"00000000-0000-0032-ffff-ffff000001e4"}
[debug] &amp#27;[38;5;32m[AndroidUiautomator2Driver@b227 (fe0cd291)]&amp#27;[0m Got response with status 200: {"sessionId":"85989a46-cbdd-4bd4-a501-a859808a0843","value":null}
[debug] &amp#27;[38;5;32m[AndroidUiautomator2Driver@b227 (fe0cd291)]&amp#27;[0m Responding to client with driver.click() result: null
&amp#27;[38;5;0m[HTTP]&amp#27;[0m &amp#27;[37m<-- POST /session/fe0cd291-8f79-4212-8568-b4785b2dee12/element/00000000-0000-0032-ffff-ffff000001e4/click &amp#27;[39m&amp#27;[32m200&amp#27;[39m &amp#27;[90m47 ms - 14&amp#27;[39m
&amp#27;[38;5;0m[HTTP]&amp#27;[0m &amp#27;[90m&amp#27;[39m
&amp#27;[38;5;0m[HTTP]&amp#27;[0m &amp#27;[37m-->&amp#27;[39m &amp#27;[37mPOST&amp#27;[39m &amp#27;[37m/session/fe0cd291-8f79-4212-8568-b4785b2dee12/element&amp#27;[39m
&amp#27;[38;5;0m[HTTP]&amp#27;[0m &amp#27;[90m{"using":"xpath","value":"//android.widget.TextView[@text='Register']"}&amp#27;[39m
[debug] &amp#27;[38;5;32m[AndroidUiautomator2Driver@b227 (fe0cd291)]&amp#27;[0m Calling AppiumDriver.findElement() with args: ["xpath","//android.widget.TextView[@text='Register']","fe0cd291-8f79-4212-8568-b4785b2dee12"]
[debug] &amp#27;[38;5;32m[AndroidUiautomator2Driver@b227 (fe0cd291)]&amp#27;[0m Valid locator strategies for this request: xpath, id, class name, accessibility id, css selector, -android uiautomator
[debug] &amp#27;[38;5;32m[AndroidUiautomator2Driver@b227 (fe0cd291)]&amp#27;[0m Waiting up to 10000 ms for condition
[debug] &amp#27;[38;5;32m[AndroidUiautomator2Driver@b227 (fe0cd291)]&amp#27;[0m Matched '/element' to command name 'findElement'
[debug] &amp#27;[38;5;32m[AndroidUiautomator2Driver@b227 (fe0cd291)]&amp#27;[0m Proxying [POST /element] to [POST http://127.0.0.1:8200/session/85989a46-cbdd-4bd4-a501-a859808a0843/element] with body: {"strategy":"xpath","selector":"//android.widget.TextView[@text='Register']","context":"","multiple":false}
[debug] &amp#27;[38;5;32m[AndroidUiautomator2Driver@b227 (fe0cd291)]&amp#27;[0m Got response with status 200: {"sessionId":"85989a46-cbdd-4bd4-a501-a859808a0843","value":{"ELEMENT":"00000000-0000-0032-ffff-ffff000001ec","element-6066-11e4-a52e-4f735466cecf":"00000000-0000-0032-ffff-ffff000001ec"}}
[debug] &amp#27;[38;5;32m[AndroidUiautomator2Driver@b227 (fe0cd291)]&amp#27;[0m Responding to client with driver.findElement() result: {"element-6066-11e4-a52e-4f735466cecf":"00000000-0000-0032-ffff-ffff000001ec","ELEMENT":"00000000-0000-0032-ffff-ffff000001ec"}
&amp#27;[38;5;0m[HTTP]&amp#27;[0m &amp#27;[37m<-- POST /session/fe0cd291-8f79-4212-8568-b4785b2dee12/element &amp#27;[39m&amp#27;[32m200&amp#27;[39m &amp#27;[90m65 ms - 137&amp#27;[39m
&amp#27;[38;5;0m[HTTP]&amp#27;[0m &amp#27;[90m&amp#27;[39m
&amp#27;[38;5;0m[HTTP]&amp#27;[0m &amp#27;[37m-->&amp#27;[39m &amp#27;[37mPOST&amp#27;[39m &amp#27;[37m/session/fe0cd291-8f79-4212-8568-b4785b2dee12/element/00000000-0000-0032-ffff-ffff000001ec/click&amp#27;[39m
&amp#27;[38;5;0m[HTTP]&amp#27;[0m &amp#27;[90m{"id":"00000000-0000-0032-ffff-ffff000001ec"}&amp#27;[39m
[debug] &amp#27;[38;5;32m[AndroidUiautomator2Driver@b227 (fe0cd291)]&amp#27;[0m Calling AppiumDriver.click() with args: ["00000000-0000-0032-ffff-ffff000001ec","fe0cd291-8f79-4212-8568-b4785b2dee12"]
[debug] &amp#27;[38;5;32m[AndroidUiautomator2Driver@b227 (fe0cd291)]&amp#27;[0m Matched '/element/00000000-0000-0032-ffff-ffff000001ec/click' to command name 'click'
[debug] &amp#27;[38;5;32m[AndroidUiautomator2Driver@b227 (fe0cd291)]&amp#27;[0m Proxying [POST /element/00000000-0000-0032-ffff-ffff000001ec/click] to [POST http://127.0.0.1:8200/session/85989a46-cbdd-4bd4-a501-a859808a0843/element/00000000-0000-0032-ffff-ffff000001ec/click] with body: {"element":"00000000-0000-0032-ffff-ffff000001ec"}
[debug] &amp#27;[38;5;32m[AndroidUiautomator2Driver@b227 (fe0cd291)]&amp#27;[0m Got response with status 200: {"sessionId":"85989a46-cbdd-4bd4-a501-a859808a0843","value":null}
[debug] &amp#27;[38;5;32m[AndroidUiautomator2Driver@b227 (fe0cd291)]&amp#27;[0m Responding to client with driver.click() result: null
&amp#27;[38;5;0m[HTTP]&amp#27;[0m &amp#27;[37m<-- POST /session/fe0cd291-8f79-4212-8568-b4785b2dee12/element/00000000-0000-0032-ffff-ffff000001ec/click &amp#27;[39m&amp#27;[32m200&amp#27;[39m &amp#27;[90m56 ms - 14&amp#27;[39m
&amp#27;[38;5;0m[HTTP]&amp#27;[0m &amp#27;[90m&amp#27;[39m
&amp#27;[38;5;0m[HTTP]&amp#27;[0m &amp#27;[37m-->&amp#27;[39m &amp#27;[37mPOST&amp#27;[39m &amp#27;[37m/session/fe0cd291-8f79-4212-8568-b4785b2dee12/element&amp#27;[39m
&amp#27;[38;5;0m[HTTP]&amp#27;[0m &amp#27;[90m{"using":"xpath","value":"//android.widget.TextView[@index=7]"}&amp#27;[39m
[debug] &amp#27;[38;5;32m[AndroidUiautomator2Driver@b227 (fe0cd291)]&amp#27;[0m Calling AppiumDriver.findElement() with args: ["xpath","//android.widget.TextView[@index=7]","fe0cd291-8f79-4212-8568-b4785b2dee12"]
[debug] &amp#27;[38;5;32m[AndroidUiautomator2Driver@b227 (fe0cd291)]&amp#27;[0m Valid locator strategies for this request: xpath, id, class name, accessibility id, css selector, -android uiautomator
[debug] &amp#27;[38;5;32m[AndroidUiautomator2Driver@b227 (fe0cd291)]&amp#27;[0m Waiting up to 10000 ms for condition
[debug] &amp#27;[38;5;32m[AndroidUiautomator2Driver@b227 (fe0cd291)]&amp#27;[0m Matched '/element' to command name 'findElement'
[debug] &amp#27;[38;5;32m[AndroidUiautomator2Driver@b227 (fe0cd291)]&amp#27;[0m Proxying [POST /element] to [POST http://127.0.0.1:8200/session/85989a46-cbdd-4bd4-a501-a859808a0843/element] with body: {"strategy":"xpath","selector":"//android.widget.TextView[@index=7]","context":"","multiple":false}
&amp#27;[38;5;0m[HTTP]&amp#27;[0m &amp#27;[37m-->&amp#27;[39m &amp#27;[37mGET&amp#27;[39m &amp#27;[37m/session/d6c1cc38-6946-4747-89f8-56067f4364bb/timeouts&amp#27;[39m
&amp#27;[38;5;0m[HTTP]&amp#27;[0m &amp#27;[90m{}&amp#27;[39m
[debug] &amp#27;[38;5;16m[AppiumDriver@6ebe]&amp#27;[0m Encountered internal error running command: NoSuchDriverError: A session is either terminated or not started
[debug] &amp#27;[38;5;16m[AppiumDriver@6ebe]&amp#27;[0m     at asyncHandler (C:\Users\daniel.ogagavworia\AppData\Roaming\npm\node_modules\appium\node_modules\@appium\base-driver\lib\protocol\protocol.js:315:15)
[debug] &amp#27;[38;5;16m[AppiumDriver@6ebe]&amp#27;[0m     at C:\Users\daniel.ogagavworia\AppData\Roaming\npm\node_modules\appium\node_modules\@appium\base-driver\lib\protocol\protocol.js:518:15
[debug] &amp#27;[38;5;16m[AppiumDriver@6ebe]&amp#27;[0m     at Layer.handle [as handle_request] (C:\Users\daniel.ogagavworia\AppData\Roaming\npm\node_modules\appium\node_modules\express\lib\router\layer.js:95:5)
[debug] &amp#27;[38;5;16m[AppiumDriver@6ebe]&amp#27;[0m     at next (C:\Users\daniel.ogagavworia\AppData\Roaming\npm\node_modules\appium\node_modules\express\lib\router\route.js:144:13)
[debug] &amp#27;[38;5;16m[AppiumDriver@6ebe]&amp#27;[0m     at Route.dispatch (C:\Users\daniel.ogagavworia\AppData\Roaming\npm\node_modules\appium\node_modules\express\lib\router\route.js:114:3)
[debug] &amp#27;[38;5;16m[AppiumDriver@6ebe]&amp#27;[0m     at Layer.handle [as handle_request] (C:\Users\daniel.ogagavworia\AppData\Roaming\npm\node_modules\appium\node_modules\express\lib\router\layer.js:95:5)
[debug] &amp#27;[38;5;16m[AppiumDriver@6ebe]&amp#27;[0m     at C:\Users\daniel.ogagavworia\AppData\Roaming\npm\node_modules\appium\node_modules\express\lib\router\index.js:284:15
[debug] &amp#27;[38;5;16m[AppiumDriver@6ebe]&amp#27;[0m     at param (C:\Users\daniel.ogagavworia\AppData\Roaming\npm\node_modules\appium\node_modules\express\lib\router\index.js:365:14)
[debug] &amp#27;[38;5;16m[AppiumDriver@6ebe]&amp#27;[0m     at param (C:\Users\daniel.ogagavworia\AppData\Roaming\npm\node_modules\appium\node_modules\express\lib\router\index.js:376:14)
[debug] &amp#27;[38;5;16m[AppiumDriver@6ebe]&amp#27;[0m     at Function.process_params (C:\Users\daniel.ogagavworia\AppData\Roaming\npm\node_modules\appium\node_modules\express\lib\router\index.js:421:3)
[debug] &amp#27;[38;5;16m[AppiumDriver@6ebe]&amp#27;[0m     at next (C:\Users\daniel.ogagavworia\AppData\Roaming\npm\node_modules\appium\node_modules\express\lib\router\index.js:280:10)
[debug] &amp#27;[38;5;16m[AppiumDriver@6ebe]&amp#27;[0m     at logger (C:\Users\daniel.ogagavworia\AppData\Roaming\npm\node_modules\appium\node_modules\morgan\index.js:144:5)
[debug] &amp#27;[38;5;16m[AppiumDriver@6ebe]&amp#27;[0m     at Layer.handle [as handle_request] (C:\Users\daniel.ogagavworia\AppData\Roaming\npm\node_modules\appium\node_modules\express\lib\router\layer.js:95:5)
[debug] &amp#27;[38;5;16m[AppiumDriver@6ebe]&amp#27;[0m     at trim_prefix (C:\Users\daniel.ogagavworia\AppData\Roaming\npm\node_modules\appium\node_modules\express\lib\router\index.js:328:13)
[debug] &amp#27;[38;5;16m[AppiumDriver@6ebe]&amp#27;[0m     at C:\Users\daniel.ogagavworia\AppData\Roaming\npm\node_modules\appium\node_modules\express\lib\router\index.js:286:9
[debug] &amp#27;[38;5;16m[AppiumDriver@6ebe]&amp#27;[0m     at Function.process_params (C:\Users\daniel.ogagavworia\AppData\Roaming\npm\node_modules\appium\node_modules\express\lib\router\index.js:346:12)
[debug] &amp#27;[38;5;16m[AppiumDriver@6ebe]&amp#27;[0m     at next (C:\Users\daniel.ogagavworia\AppData\Roaming\npm\node_modules\appium\node_modules\express\lib\router\index.js:280:10)
[debug] &amp#27;[38;5;16m[AppiumDriver@6ebe]&amp#27;[0m     at jsonParser (C:\Users\daniel.ogagavworia\AppData\Roaming\npm\node_modules\appium\node_modules\body-parser\lib\types\json.js:113:7)
[debug] &amp#27;[38;5;16m[AppiumDriver@6ebe]&amp#27;[0m     at Layer.handle [as handle_request] (C:\Users\daniel.ogagavworia\AppData\Roaming\npm\node_modules\appium\node_modules\express\lib\router\layer.js:95:5)
[debug] &amp#27;[38;5;16m[AppiumDriver@6ebe]&amp#27;[0m     at trim_prefix (C:\Users\daniel.ogagavworia\AppData\Roaming\npm\node_modules\appium\node_modules\express\lib\router\index.js:328:13)
[debug] &amp#27;[38;5;16m[AppiumDriver@6ebe]&amp#27;[0m     at C:\Users\daniel.ogagavworia\AppData\Roaming\npm\node_modules\appium\node_modules\express\lib\router\index.js:286:9
[debug] &amp#27;[38;5;16m[AppiumDriver@6ebe]&amp#27;[0m     at Function.process_params (C:\Users\daniel.ogagavworia\AppData\Roaming\npm\node_modules\appium\node_modules\express\lib\router\index.js:346:12)
&amp#27;[38;5;0m[HTTP]&amp#27;[0m &amp#27;[37m<-- GET /session/d6c1cc38-6946-4747-89f8-56067f4364bb/timeouts &amp#27;[39m&amp#27;[33m404&amp#27;[39m &amp#27;[90m2 ms - 3517&amp#27;[39m
&amp#27;[38;5;0m[HTTP]&amp#27;[0m &amp#27;[90m&amp#27;[39m
[debug] &amp#27;[38;5;32m[AndroidUiautomator2Driver@b227 (fe0cd291)]&amp#27;[0m Got response with status 200: {"sessionId":"85989a46-cbdd-4bd4-a501-a859808a0843","value":{"ELEMENT":"00000000-0000-0032-ffff-ffff000001da","element-6066-11e4-a52e-4f735466cecf":"00000000-0000-0032-ffff-ffff000001da"}}
[debug] &amp#27;[38;5;32m[AndroidUiautomator2Driver@b227 (fe0cd291)]&amp#27;[0m Responding to client with driver.findElement() result: {"element-6066-11e4-a52e-4f735466cecf":"00000000-0000-0032-ffff-ffff000001da","ELEMENT":"00000000-0000-0032-ffff-ffff000001da"}
&amp#27;[38;5;0m[HTTP]&amp#27;[0m &amp#27;[37m<-- POST /session/fe0cd291-8f79-4212-8568-b4785b2dee12/element &amp#27;[39m&amp#27;[32m200&amp#27;[39m &amp#27;[90m629 ms - 137&amp#27;[39m
&amp#27;[38;5;0m[HTTP]&amp#27;[0m &amp#27;[90m&amp#27;[39m
&amp#27;[38;5;0m[HTTP]&amp#27;[0m &amp#27;[37m-->&amp#27;[39m &amp#27;[37mPOST&amp#27;[39m &amp#27;[37m/session/fe0cd291-8f79-4212-8568-b4785b2dee12/element&amp#27;[39m
&amp#27;[38;5;0m[HTTP]&amp#27;[0m &amp#27;[90m{"using":"xpath","value":"//android.widget.TextView[@index=7]"}&amp#27;[39m
[debug] &amp#27;[38;5;32m[AndroidUiautomator2Driver@b227 (fe0cd291)]&amp#27;[0m Calling AppiumDriver.findElement() with args: ["xpath","//android.widget.TextView[@index=7]","fe0cd291-8f79-4212-8568-b4785b2dee12"]
[debug] &amp#27;[38;5;32m[AndroidUiautomator2Driver@b227 (fe0cd291)]&amp#27;[0m Valid locator strategies for this request: xpath, id, class name, accessibility id, css selector, -android uiautomator
[debug] &amp#27;[38;5;32m[AndroidUiautomator2Driver@b227 (fe0cd291)]&amp#27;[0m Waiting up to 10000 ms for condition
[debug] &amp#27;[38;5;32m[AndroidUiautomator2Driver@b227 (fe0cd291)]&amp#27;[0m Matched '/element' to command name 'findElement'
[debug] &amp#27;[38;5;32m[AndroidUiautomator2Driver@b227 (fe0cd291)]&amp#27;[0m Proxying [POST /element] to [POST http://127.0.0.1:8200/session/85989a46-cbdd-4bd4-a501-a859808a0843/element] with body: {"strategy":"xpath","selector":"//android.widget.TextView[@index=7]","context":"","multiple":false}
[debug] &amp#27;[38;5;32m[AndroidUiautomator2Driver@b227 (fe0cd291)]&amp#27;[0m Got response with status 200: {"sessionId":"85989a46-cbdd-4bd4-a501-a859808a0843","value":{"ELEMENT":"00000000-0000-0032-ffff-ffff000001da","element-6066-11e4-a52e-4f735466cecf":"00000000-0000-0032-ffff-ffff000001da"}}
[debug] &amp#27;[38;5;32m[AndroidUiautomator2Driver@b227 (fe0cd291)]&amp#27;[0m Responding to client with driver.findElement() result: {"element-6066-11e4-a52e-4f735466cecf":"00000000-0000-0032-ffff-ffff000001da","ELEMENT":"00000000-0000-0032-ffff-ffff000001da"}
&amp#27;[38;5;0m[HTTP]&amp#27;[0m &amp#27;[37m<-- POST /session/fe0cd291-8f79-4212-8568-b4785b2dee12/element &amp#27;[39m&amp#27;[32m200&amp#27;[39m &amp#27;[90m23 ms - 137&amp#27;[39m
&amp#27;[38;5;0m[HTTP]&amp#27;[0m &amp#27;[90m&amp#27;[39m
&amp#27;[38;5;0m[HTTP]&amp#27;[0m &amp#27;[37m-->&amp#27;[39m &amp#27;[37mGET&amp#27;[39m &amp#27;[37m/session/fe0cd291-8f79-4212-8568-b4785b2dee12/element/00000000-0000-0032-ffff-ffff000001da/text&amp#27;[39m
&amp#27;[38;5;0m[HTTP]&amp#27;[0m &amp#27;[90m{}&amp#27;[39m
&amp#27;[38;5;32m[AndroidUiautomator2Driver@b227 (fe0cd291)]&amp#27;[0m Driver proxy active, passing request on via HTTP proxy
[debug] &amp#27;[38;5;32m[AndroidUiautomator2Driver@b227 (fe0cd291)]&amp#27;[0m Matched '/session/fe0cd291-8f79-4212-8568-b4785b2dee12/element/00000000-0000-0032-ffff-ffff000001da/text' to command name 'getText'
[debug] &amp#27;[38;5;32m[AndroidUiautomator2Driver@b227 (fe0cd291)]&amp#27;[0m Proxying [GET /session/fe0cd291-8f79-4212-8568-b4785b2dee12/element/00000000-0000-0032-ffff-ffff000001da/text] to [GET http://127.0.0.1:8200/session/85989a46-cbdd-4bd4-a501-a859808a0843/element/00000000-0000-0032-ffff-ffff000001da/text] with no body
[debug] &amp#27;[38;5;32m[AndroidUiautomator2Driver@b227 (fe0cd291)]&amp#27;[0m Got response with status 200: {"sessionId":"85989a46-cbdd-4bd4-a501-a859808a0843","value":"This domain is not supported on Quickteller. Kindly use another email address"}
&amp#27;[38;5;32m[AndroidUiautomator2Driver@b227 (fe0cd291)]&amp#27;[0m Replacing sessionId 85989a46-cbdd-4bd4-a501-a859808a0843 with fe0cd291-8f79-4212-8568-b4785b2dee12
&amp#27;[38;5;0m[HTTP]&amp#27;[0m &amp#27;[37m<-- GET /session/fe0cd291-8f79-4212-8568-b4785b2dee12/element/00000000-0000-0032-ffff-ffff000001da/text &amp#27;[39m&amp#27;[32m200&amp#27;[39m &amp#27;[90m12 ms - 140&amp#27;[39m
&amp#27;[38;5;0m[HTTP]&amp#27;[0m &amp#27;[90m&amp#27;[39m
]]></system-out>
  </testcase>
  <testcase name="Testcase_One[g.mail.com](10)" classname="testcases.Android.DisposableDomain_QTM_2874" time="8.241">
    <system-out><![CDATA[&amp#27;[38;5;0m[HTTP]&amp#27;[0m &amp#27;[37m-->&amp#27;[39m &amp#27;[37mPOST&amp#27;[39m &amp#27;[37m/session/fe0cd291-8f79-4212-8568-b4785b2dee12/element&amp#27;[39m
&amp#27;[38;5;0m[HTTP]&amp#27;[0m &amp#27;[90m{"using":"xpath","value":"//android.widget.TextView[@index=0]"}&amp#27;[39m
[debug] &amp#27;[38;5;32m[AndroidUiautomator2Driver@b227 (fe0cd291)]&amp#27;[0m Calling AppiumDriver.findElement() with args: ["xpath","//android.widget.TextView[@index=0]","fe0cd291-8f79-4212-8568-b4785b2dee12"]
[debug] &amp#27;[38;5;32m[AndroidUiautomator2Driver@b227 (fe0cd291)]&amp#27;[0m Valid locator strategies for this request: xpath, id, class name, accessibility id, css selector, -android uiautomator
[debug] &amp#27;[38;5;32m[AndroidUiautomator2Driver@b227 (fe0cd291)]&amp#27;[0m Waiting up to 10000 ms for condition
[debug] &amp#27;[38;5;32m[AndroidUiautomator2Driver@b227 (fe0cd291)]&amp#27;[0m Matched '/element' to command name 'findElement'
[debug] &amp#27;[38;5;32m[AndroidUiautomator2Driver@b227 (fe0cd291)]&amp#27;[0m Proxying [POST /element] to [POST http://127.0.0.1:8200/session/85989a46-cbdd-4bd4-a501-a859808a0843/element] with body: {"strategy":"xpath","selector":"//android.widget.TextView[@index=0]","context":"","multiple":false}
[debug] &amp#27;[38;5;32m[AndroidUiautomator2Driver@b227 (fe0cd291)]&amp#27;[0m Got response with status 200: {"sessionId":"85989a46-cbdd-4bd4-a501-a859808a0843","value":{"ELEMENT":"00000000-0000-0032-ffff-ffff000001ce","element-6066-11e4-a52e-4f735466cecf":"00000000-0000-0032-ffff-ffff000001ce"}}
[debug] &amp#27;[38;5;32m[AndroidUiautomator2Driver@b227 (fe0cd291)]&amp#27;[0m Responding to client with driver.findElement() result: {"element-6066-11e4-a52e-4f735466cecf":"00000000-0000-0032-ffff-ffff000001ce","ELEMENT":"00000000-0000-0032-ffff-ffff000001ce"}
&amp#27;[38;5;0m[HTTP]&amp#27;[0m &amp#27;[37m<-- POST /session/fe0cd291-8f79-4212-8568-b4785b2dee12/element &amp#27;[39m&amp#27;[32m200&amp#27;[39m &amp#27;[90m37 ms - 137&amp#27;[39m
&amp#27;[38;5;0m[HTTP]&amp#27;[0m &amp#27;[90m&amp#27;[39m
&amp#27;[38;5;0m[HTTP]&amp#27;[0m &amp#27;[37m-->&amp#27;[39m &amp#27;[37mPOST&amp#27;[39m &amp#27;[37m/session/fe0cd291-8f79-4212-8568-b4785b2dee12/element/00000000-0000-0032-ffff-ffff000001ce/click&amp#27;[39m
&amp#27;[38;5;0m[HTTP]&amp#27;[0m &amp#27;[90m{"id":"00000000-0000-0032-ffff-ffff000001ce"}&amp#27;[39m
[debug] &amp#27;[38;5;32m[AndroidUiautomator2Driver@b227 (fe0cd291)]&amp#27;[0m Calling AppiumDriver.click() with args: ["00000000-0000-0032-ffff-ffff000001ce","fe0cd291-8f79-4212-8568-b4785b2dee12"]
[debug] &amp#27;[38;5;32m[AndroidUiautomator2Driver@b227 (fe0cd291)]&amp#27;[0m Matched '/element/00000000-0000-0032-ffff-ffff000001ce/click' to command name 'click'
[debug] &amp#27;[38;5;32m[AndroidUiautomator2Driver@b227 (fe0cd291)]&amp#27;[0m Proxying [POST /element/00000000-0000-0032-ffff-ffff000001ce/click] to [POST http://127.0.0.1:8200/session/85989a46-cbdd-4bd4-a501-a859808a0843/element/00000000-0000-0032-ffff-ffff000001ce/click] with body: {"element":"00000000-0000-0032-ffff-ffff000001ce"}
[debug] &amp#27;[38;5;32m[AndroidUiautomator2Driver@b227 (fe0cd291)]&amp#27;[0m Got response with status 200: {"sessionId":"85989a46-cbdd-4bd4-a501-a859808a0843","value":null}
[debug] &amp#27;[38;5;32m[AndroidUiautomator2Driver@b227 (fe0cd291)]&amp#27;[0m Responding to client with driver.click() result: null
&amp#27;[38;5;0m[HTTP]&amp#27;[0m &amp#27;[37m<-- POST /session/fe0cd291-8f79-4212-8568-b4785b2dee12/element/00000000-0000-0032-ffff-ffff000001ce/click &amp#27;[39m&amp#27;[32m200&amp#27;[39m &amp#27;[90m44 ms - 14&amp#27;[39m
&amp#27;[38;5;0m[HTTP]&amp#27;[0m &amp#27;[90m&amp#27;[39m
&amp#27;[38;5;0m[HTTP]&amp#27;[0m &amp#27;[37m-->&amp#27;[39m &amp#27;[37mPOST&amp#27;[39m &amp#27;[37m/session/fe0cd291-8f79-4212-8568-b4785b2dee12/timeouts&amp#27;[39m
&amp#27;[38;5;0m[HTTP]&amp#27;[0m &amp#27;[90m{"implicit":6000}&amp#27;[39m
[debug] &amp#27;[38;5;32m[AndroidUiautomator2Driver@b227 (fe0cd291)]&amp#27;[0m Calling AppiumDriver.timeouts() with args: [null,null,null,null,6000,"fe0cd291-8f79-4212-8568-b4785b2dee12"]
[debug] &amp#27;[38;5;32m[AndroidUiautomator2Driver@b227 (fe0cd291)]&amp#27;[0m W3C timeout argument: {"implicit":6000}}
[debug] &amp#27;[38;5;32m[AndroidUiautomator2Driver@b227 (fe0cd291)]&amp#27;[0m Set implicit wait to 6000ms
[debug] &amp#27;[38;5;32m[AndroidUiautomator2Driver@b227 (fe0cd291)]&amp#27;[0m Responding to client with driver.timeouts() result: null
&amp#27;[38;5;0m[HTTP]&amp#27;[0m &amp#27;[37m<-- POST /session/fe0cd291-8f79-4212-8568-b4785b2dee12/timeouts &amp#27;[39m&amp#27;[32m200&amp#27;[39m &amp#27;[90m1 ms - 14&amp#27;[39m
&amp#27;[38;5;0m[HTTP]&amp#27;[0m &amp#27;[90m&amp#27;[39m
&amp#27;[38;5;0m[HTTP]&amp#27;[0m &amp#27;[37m-->&amp#27;[39m &amp#27;[37mPOST&amp#27;[39m &amp#27;[37m/session/fe0cd291-8f79-4212-8568-b4785b2dee12/element&amp#27;[39m
&amp#27;[38;5;0m[HTTP]&amp#27;[0m &amp#27;[90m{"using":"xpath","value":"//android.widget.Button[@text='Allow']"}&amp#27;[39m
[debug] &amp#27;[38;5;32m[AndroidUiautomator2Driver@b227 (fe0cd291)]&amp#27;[0m Calling AppiumDriver.findElement() with args: ["xpath","//android.widget.Button[@text='Allow']","fe0cd291-8f79-4212-8568-b4785b2dee12"]
[debug] &amp#27;[38;5;32m[AndroidUiautomator2Driver@b227 (fe0cd291)]&amp#27;[0m Valid locator strategies for this request: xpath, id, class name, accessibility id, css selector, -android uiautomator
[debug] &amp#27;[38;5;32m[AndroidUiautomator2Driver@b227 (fe0cd291)]&amp#27;[0m Waiting up to 6000 ms for condition
[debug] &amp#27;[38;5;32m[AndroidUiautomator2Driver@b227 (fe0cd291)]&amp#27;[0m Matched '/element' to command name 'findElement'
[debug] &amp#27;[38;5;32m[AndroidUiautomator2Driver@b227 (fe0cd291)]&amp#27;[0m Proxying [POST /element] to [POST http://127.0.0.1:8200/session/85989a46-cbdd-4bd4-a501-a859808a0843/element] with body: {"strategy":"xpath","selector":"//android.widget.Button[@text='Allow']","context":"","multiple":false}
&amp#27;[38;5;32m[AndroidUiautomator2Driver@b227 (fe0cd291)]&amp#27;[0m Got response with status 404: {"sessionId":"85989a46-cbdd-4bd4-a501-a859808a0843","value":{"error":"no such element","message":"An element could not be located on the page using the given search parameters","stacktrace":"io.appium.uiautomator2.common.exceptions.ElementNotFoundException: An element could not be located on the page using the given search parameters\n\tat io.appium.uiautomator2.utils.ElementLocationHelpers.findElement(ElementLocationHelpers.java:156)\n\tat io.appium.uiautomator2.handler.FindElement.safeHandle(FindElement.java:60)\n\tat io.appium.uiautomator2.handler.request.SafeRequestHandler.handle(SafeRequestHandler.java:59)\n\tat io.appium.uiautomator2.server.AppiumServlet.handleRequest(AppiumServlet.java:277)\n\tat io.appium.uiautomator2.server.AppiumServlet.handleHttpRequest(AppiumServlet.java:271)\n\tat io.appium.uiautomator2.http.ServerHandler.channelRead(ServerHandler.java:68)\n\tat io.netty.channel.AbstractChannelHandlerContext.invokeChannelRead(AbstractChannelHandlerContext.java:366)\n\tat io.netty.channel.Abstr...
[debug] &amp#27;[38;5;128m[W3C]&amp#27;[0m Matched W3C error code 'no such element' to NoSuchElementError
[debug] &amp#27;[38;5;32m[AndroidUiautomator2Driver@b227 (fe0cd291)]&amp#27;[0m Waited for 52 ms so far
[debug] &amp#27;[38;5;32m[AndroidUiautomator2Driver@b227 (fe0cd291)]&amp#27;[0m Matched '/element' to command name 'findElement'
[debug] &amp#27;[38;5;32m[AndroidUiautomator2Driver@b227 (fe0cd291)]&amp#27;[0m Proxying [POST /element] to [POST http://127.0.0.1:8200/session/85989a46-cbdd-4bd4-a501-a859808a0843/element] with body: {"strategy":"xpath","selector":"//android.widget.Button[@text='Allow']","context":"","multiple":false}
&amp#27;[38;5;32m[AndroidUiautomator2Driver@b227 (fe0cd291)]&amp#27;[0m Got response with status 404: {"sessionId":"85989a46-cbdd-4bd4-a501-a859808a0843","value":{"error":"no such element","message":"An element could not be located on the page using the given search parameters","stacktrace":"io.appium.uiautomator2.common.exceptions.ElementNotFoundException: An element could not be located on the page using the given search parameters\n\tat io.appium.uiautomator2.utils.ElementLocationHelpers.findElement(ElementLocationHelpers.java:156)\n\tat io.appium.uiautomator2.handler.FindElement.safeHandle(FindElement.java:60)\n\tat io.appium.uiautomator2.handler.request.SafeRequestHandler.handle(SafeRequestHandler.java:59)\n\tat io.appium.uiautomator2.server.AppiumServlet.handleRequest(AppiumServlet.java:277)\n\tat io.appium.uiautomator2.server.AppiumServlet.handleHttpRequest(AppiumServlet.java:271)\n\tat io.appium.uiautomator2.http.ServerHandler.channelRead(ServerHandler.java:68)\n\tat io.netty.channel.AbstractChannelHandlerContext.invokeChannelRead(AbstractChannelHandlerContext.java:366)\n\tat io.netty.channel.Abstr...
[debug] &amp#27;[38;5;128m[W3C]&amp#27;[0m Matched W3C error code 'no such element' to NoSuchElementError
[debug] &amp#27;[38;5;32m[AndroidUiautomator2Driver@b227 (fe0cd291)]&amp#27;[0m Waited for 1023 ms so far
[debug] &amp#27;[38;5;32m[AndroidUiautomator2Driver@b227 (fe0cd291)]&amp#27;[0m Matched '/element' to command name 'findElement'
[debug] &amp#27;[38;5;32m[AndroidUiautomator2Driver@b227 (fe0cd291)]&amp#27;[0m Proxying [POST /element] to [POST http://127.0.0.1:8200/session/85989a46-cbdd-4bd4-a501-a859808a0843/element] with body: {"strategy":"xpath","selector":"//android.widget.Button[@text='Allow']","context":"","multiple":false}
&amp#27;[38;5;32m[AndroidUiautomator2Driver@b227 (fe0cd291)]&amp#27;[0m Got response with status 404: {"sessionId":"85989a46-cbdd-4bd4-a501-a859808a0843","value":{"error":"no such element","message":"An element could not be located on the page using the given search parameters","stacktrace":"io.appium.uiautomator2.common.exceptions.ElementNotFoundException: An element could not be located on the page using the given search parameters\n\tat io.appium.uiautomator2.utils.ElementLocationHelpers.findElement(ElementLocationHelpers.java:156)\n\tat io.appium.uiautomator2.handler.FindElement.safeHandle(FindElement.java:60)\n\tat io.appium.uiautomator2.handler.request.SafeRequestHandler.handle(SafeRequestHandler.java:59)\n\tat io.appium.uiautomator2.server.AppiumServlet.handleRequest(AppiumServlet.java:277)\n\tat io.appium.uiautomator2.server.AppiumServlet.handleHttpRequest(AppiumServlet.java:271)\n\tat io.appium.uiautomator2.http.ServerHandler.channelRead(ServerHandler.java:68)\n\tat io.netty.channel.AbstractChannelHandlerContext.invokeChannelRead(AbstractChannelHandlerContext.java:366)\n\tat io.netty.channel.Abstr...
[debug] &amp#27;[38;5;128m[W3C]&amp#27;[0m Matched W3C error code 'no such element' to NoSuchElementError
[debug] &amp#27;[38;5;32m[AndroidUiautomator2Driver@b227 (fe0cd291)]&amp#27;[0m Waited for 1558 ms so far
[debug] &amp#27;[38;5;32m[AndroidUiautomator2Driver@b227 (fe0cd291)]&amp#27;[0m Matched '/element' to command name 'findElement'
[debug] &amp#27;[38;5;32m[AndroidUiautomator2Driver@b227 (fe0cd291)]&amp#27;[0m Proxying [POST /element] to [POST http://127.0.0.1:8200/session/85989a46-cbdd-4bd4-a501-a859808a0843/element] with body: {"strategy":"xpath","selector":"//android.widget.Button[@text='Allow']","context":"","multiple":false}
&amp#27;[38;5;32m[AndroidUiautomator2Driver@b227 (fe0cd291)]&amp#27;[0m Got response with status 404: {"sessionId":"85989a46-cbdd-4bd4-a501-a859808a0843","value":{"error":"no such element","message":"An element could not be located on the page using the given search parameters","stacktrace":"io.appium.uiautomator2.common.exceptions.ElementNotFoundException: An element could not be located on the page using the given search parameters\n\tat io.appium.uiautomator2.utils.ElementLocationHelpers.findElement(ElementLocationHelpers.java:156)\n\tat io.appium.uiautomator2.handler.FindElement.safeHandle(FindElement.java:60)\n\tat io.appium.uiautomator2.handler.request.SafeRequestHandler.handle(SafeRequestHandler.java:59)\n\tat io.appium.uiautomator2.server.AppiumServlet.handleRequest(AppiumServlet.java:277)\n\tat io.appium.uiautomator2.server.AppiumServlet.handleHttpRequest(AppiumServlet.java:271)\n\tat io.appium.uiautomator2.http.ServerHandler.channelRead(ServerHandler.java:68)\n\tat io.netty.channel.AbstractChannelHandlerContext.invokeChannelRead(AbstractChannelHandlerContext.java:366)\n\tat io.netty.channel.Abstr...
[debug] &amp#27;[38;5;128m[W3C]&amp#27;[0m Matched W3C error code 'no such element' to NoSuchElementError
[debug] &amp#27;[38;5;32m[AndroidUiautomator2Driver@b227 (fe0cd291)]&amp#27;[0m Waited for 2082 ms so far
[debug] &amp#27;[38;5;32m[AndroidUiautomator2Driver@b227 (fe0cd291)]&amp#27;[0m Matched '/element' to command name 'findElement'
[debug] &amp#27;[38;5;32m[AndroidUiautomator2Driver@b227 (fe0cd291)]&amp#27;[0m Proxying [POST /element] to [POST http://127.0.0.1:8200/session/85989a46-cbdd-4bd4-a501-a859808a0843/element] with body: {"strategy":"xpath","selector":"//android.widget.Button[@text='Allow']","context":"","multiple":false}
&amp#27;[38;5;32m[AndroidUiautomator2Driver@b227 (fe0cd291)]&amp#27;[0m Got response with status 404: {"sessionId":"85989a46-cbdd-4bd4-a501-a859808a0843","value":{"error":"no such element","message":"An element could not be located on the page using the given search parameters","stacktrace":"io.appium.uiautomator2.common.exceptions.ElementNotFoundException: An element could not be located on the page using the given search parameters\n\tat io.appium.uiautomator2.utils.ElementLocationHelpers.findElement(ElementLocationHelpers.java:156)\n\tat io.appium.uiautomator2.handler.FindElement.safeHandle(FindElement.java:60)\n\tat io.appium.uiautomator2.handler.request.SafeRequestHandler.handle(SafeRequestHandler.java:59)\n\tat io.appium.uiautomator2.server.AppiumServlet.handleRequest(AppiumServlet.java:277)\n\tat io.appium.uiautomator2.server.AppiumServlet.handleHttpRequest(AppiumServlet.java:271)\n\tat io.appium.uiautomator2.http.ServerHandler.channelRead(ServerHandler.java:68)\n\tat io.netty.channel.AbstractChannelHandlerContext.invokeChannelRead(AbstractChannelHandlerContext.java:366)\n\tat io.netty.channel.Abstr...
[debug] &amp#27;[38;5;128m[W3C]&amp#27;[0m Matched W3C error code 'no such element' to NoSuchElementError
[debug] &amp#27;[38;5;32m[AndroidUiautomator2Driver@b227 (fe0cd291)]&amp#27;[0m Waited for 2608 ms so far
[debug] &amp#27;[38;5;32m[AndroidUiautomator2Driver@b227 (fe0cd291)]&amp#27;[0m Matched '/element' to command name 'findElement'
[debug] &amp#27;[38;5;32m[AndroidUiautomator2Driver@b227 (fe0cd291)]&amp#27;[0m Proxying [POST /element] to [POST http://127.0.0.1:8200/session/85989a46-cbdd-4bd4-a501-a859808a0843/element] with body: {"strategy":"xpath","selector":"//android.widget.Button[@text='Allow']","context":"","multiple":false}
&amp#27;[38;5;32m[AndroidUiautomator2Driver@b227 (fe0cd291)]&amp#27;[0m Got response with status 404: {"sessionId":"85989a46-cbdd-4bd4-a501-a859808a0843","value":{"error":"no such element","message":"An element could not be located on the page using the given search parameters","stacktrace":"io.appium.uiautomator2.common.exceptions.ElementNotFoundException: An element could not be located on the page using the given search parameters\n\tat io.appium.uiautomator2.utils.ElementLocationHelpers.findElement(ElementLocationHelpers.java:156)\n\tat io.appium.uiautomator2.handler.FindElement.safeHandle(FindElement.java:60)\n\tat io.appium.uiautomator2.handler.request.SafeRequestHandler.handle(SafeRequestHandler.java:59)\n\tat io.appium.uiautomator2.server.AppiumServlet.handleRequest(AppiumServlet.java:277)\n\tat io.appium.uiautomator2.server.AppiumServlet.handleHttpRequest(AppiumServlet.java:271)\n\tat io.appium.uiautomator2.http.ServerHandler.channelRead(ServerHandler.java:68)\n\tat io.netty.channel.AbstractChannelHandlerContext.invokeChannelRead(AbstractChannelHandlerContext.java:366)\n\tat io.netty.channel.Abstr...
[debug] &amp#27;[38;5;128m[W3C]&amp#27;[0m Matched W3C error code 'no such element' to NoSuchElementError
[debug] &amp#27;[38;5;32m[AndroidUiautomator2Driver@b227 (fe0cd291)]&amp#27;[0m Waited for 3141 ms so far
[debug] &amp#27;[38;5;32m[AndroidUiautomator2Driver@b227 (fe0cd291)]&amp#27;[0m Matched '/element' to command name 'findElement'
[debug] &amp#27;[38;5;32m[AndroidUiautomator2Driver@b227 (fe0cd291)]&amp#27;[0m Proxying [POST /element] to [POST http://127.0.0.1:8200/session/85989a46-cbdd-4bd4-a501-a859808a0843/element] with body: {"strategy":"xpath","selector":"//android.widget.Button[@text='Allow']","context":"","multiple":false}
&amp#27;[38;5;32m[AndroidUiautomator2Driver@b227 (fe0cd291)]&amp#27;[0m Got response with status 404: {"sessionId":"85989a46-cbdd-4bd4-a501-a859808a0843","value":{"error":"no such element","message":"An element could not be located on the page using the given search parameters","stacktrace":"io.appium.uiautomator2.common.exceptions.ElementNotFoundException: An element could not be located on the page using the given search parameters\n\tat io.appium.uiautomator2.utils.ElementLocationHelpers.findElement(ElementLocationHelpers.java:156)\n\tat io.appium.uiautomator2.handler.FindElement.safeHandle(FindElement.java:60)\n\tat io.appium.uiautomator2.handler.request.SafeRequestHandler.handle(SafeRequestHandler.java:59)\n\tat io.appium.uiautomator2.server.AppiumServlet.handleRequest(AppiumServlet.java:277)\n\tat io.appium.uiautomator2.server.AppiumServlet.handleHttpRequest(AppiumServlet.java:271)\n\tat io.appium.uiautomator2.http.ServerHandler.channelRead(ServerHandler.java:68)\n\tat io.netty.channel.AbstractChannelHandlerContext.invokeChannelRead(AbstractChannelHandlerContext.java:366)\n\tat io.netty.channel.Abstr...
[debug] &amp#27;[38;5;128m[W3C]&amp#27;[0m Matched W3C error code 'no such element' to NoSuchElementError
[debug] &amp#27;[38;5;32m[AndroidUiautomator2Driver@b227 (fe0cd291)]&amp#27;[0m Waited for 3675 ms so far
[debug] &amp#27;[38;5;32m[AndroidUiautomator2Driver@b227 (fe0cd291)]&amp#27;[0m Matched '/element' to command name 'findElement'
[debug] &amp#27;[38;5;32m[AndroidUiautomator2Driver@b227 (fe0cd291)]&amp#27;[0m Proxying [POST /element] to [POST http://127.0.0.1:8200/session/85989a46-cbdd-4bd4-a501-a859808a0843/element] with body: {"strategy":"xpath","selector":"//android.widget.Button[@text='Allow']","context":"","multiple":false}
&amp#27;[38;5;32m[AndroidUiautomator2Driver@b227 (fe0cd291)]&amp#27;[0m Got response with status 404: {"sessionId":"85989a46-cbdd-4bd4-a501-a859808a0843","value":{"error":"no such element","message":"An element could not be located on the page using the given search parameters","stacktrace":"io.appium.uiautomator2.common.exceptions.ElementNotFoundException: An element could not be located on the page using the given search parameters\n\tat io.appium.uiautomator2.utils.ElementLocationHelpers.findElement(ElementLocationHelpers.java:156)\n\tat io.appium.uiautomator2.handler.FindElement.safeHandle(FindElement.java:60)\n\tat io.appium.uiautomator2.handler.request.SafeRequestHandler.handle(SafeRequestHandler.java:59)\n\tat io.appium.uiautomator2.server.AppiumServlet.handleRequest(AppiumServlet.java:277)\n\tat io.appium.uiautomator2.server.AppiumServlet.handleHttpRequest(AppiumServlet.java:271)\n\tat io.appium.uiautomator2.http.ServerHandler.channelRead(ServerHandler.java:68)\n\tat io.netty.channel.AbstractChannelHandlerContext.invokeChannelRead(AbstractChannelHandlerContext.java:366)\n\tat io.netty.channel.Abstr...
[debug] &amp#27;[38;5;128m[W3C]&amp#27;[0m Matched W3C error code 'no such element' to NoSuchElementError
[debug] &amp#27;[38;5;32m[AndroidUiautomator2Driver@b227 (fe0cd291)]&amp#27;[0m Waited for 4205 ms so far
[debug] &amp#27;[38;5;32m[AndroidUiautomator2Driver@b227 (fe0cd291)]&amp#27;[0m Matched '/element' to command name 'findElement'
[debug] &amp#27;[38;5;32m[AndroidUiautomator2Driver@b227 (fe0cd291)]&amp#27;[0m Proxying [POST /element] to [POST http://127.0.0.1:8200/session/85989a46-cbdd-4bd4-a501-a859808a0843/element] with body: {"strategy":"xpath","selector":"//android.widget.Button[@text='Allow']","context":"","multiple":false}
&amp#27;[38;5;32m[AndroidUiautomator2Driver@b227 (fe0cd291)]&amp#27;[0m Got response with status 404: {"sessionId":"85989a46-cbdd-4bd4-a501-a859808a0843","value":{"error":"no such element","message":"An element could not be located on the page using the given search parameters","stacktrace":"io.appium.uiautomator2.common.exceptions.ElementNotFoundException: An element could not be located on the page using the given search parameters\n\tat io.appium.uiautomator2.utils.ElementLocationHelpers.findElement(ElementLocationHelpers.java:156)\n\tat io.appium.uiautomator2.handler.FindElement.safeHandle(FindElement.java:60)\n\tat io.appium.uiautomator2.handler.request.SafeRequestHandler.handle(SafeRequestHandler.java:59)\n\tat io.appium.uiautomator2.server.AppiumServlet.handleRequest(AppiumServlet.java:277)\n\tat io.appium.uiautomator2.server.AppiumServlet.handleHttpRequest(AppiumServlet.java:271)\n\tat io.appium.uiautomator2.http.ServerHandler.channelRead(ServerHandler.java:68)\n\tat io.netty.channel.AbstractChannelHandlerContext.invokeChannelRead(AbstractChannelHandlerContext.java:366)\n\tat io.netty.channel.Abstr...
[debug] &amp#27;[38;5;128m[W3C]&amp#27;[0m Matched W3C error code 'no such element' to NoSuchElementError
[debug] &amp#27;[38;5;32m[AndroidUiautomator2Driver@b227 (fe0cd291)]&amp#27;[0m Waited for 4734 ms so far
[debug] &amp#27;[38;5;32m[AndroidUiautomator2Driver@b227 (fe0cd291)]&amp#27;[0m Matched '/element' to command name 'findElement'
[debug] &amp#27;[38;5;32m[AndroidUiautomator2Driver@b227 (fe0cd291)]&amp#27;[0m Proxying [POST /element] to [POST http://127.0.0.1:8200/session/85989a46-cbdd-4bd4-a501-a859808a0843/element] with body: {"strategy":"xpath","selector":"//android.widget.Button[@text='Allow']","context":"","multiple":false}
&amp#27;[38;5;32m[AndroidUiautomator2Driver@b227 (fe0cd291)]&amp#27;[0m Got response with status 404: {"sessionId":"85989a46-cbdd-4bd4-a501-a859808a0843","value":{"error":"no such element","message":"An element could not be located on the page using the given search parameters","stacktrace":"io.appium.uiautomator2.common.exceptions.ElementNotFoundException: An element could not be located on the page using the given search parameters\n\tat io.appium.uiautomator2.utils.ElementLocationHelpers.findElement(ElementLocationHelpers.java:156)\n\tat io.appium.uiautomator2.handler.FindElement.safeHandle(FindElement.java:60)\n\tat io.appium.uiautomator2.handler.request.SafeRequestHandler.handle(SafeRequestHandler.java:59)\n\tat io.appium.uiautomator2.server.AppiumServlet.handleRequest(AppiumServlet.java:277)\n\tat io.appium.uiautomator2.server.AppiumServlet.handleHttpRequest(AppiumServlet.java:271)\n\tat io.appium.uiautomator2.http.ServerHandler.channelRead(ServerHandler.java:68)\n\tat io.netty.channel.AbstractChannelHandlerContext.invokeChannelRead(AbstractChannelHandlerContext.java:366)\n\tat io.netty.channel.Abstr...
[debug] &amp#27;[38;5;128m[W3C]&amp#27;[0m Matched W3C error code 'no such element' to NoSuchElementError
[debug] &amp#27;[38;5;32m[AndroidUiautomator2Driver@b227 (fe0cd291)]&amp#27;[0m Waited for 5262 ms so far
[debug] &amp#27;[38;5;32m[AndroidUiautomator2Driver@b227 (fe0cd291)]&amp#27;[0m Matched '/element' to command name 'findElement'
[debug] &amp#27;[38;5;32m[AndroidUiautomator2Driver@b227 (fe0cd291)]&amp#27;[0m Proxying [POST /element] to [POST http://127.0.0.1:8200/session/85989a46-cbdd-4bd4-a501-a859808a0843/element] with body: {"strategy":"xpath","selector":"//android.widget.Button[@text='Allow']","context":"","multiple":false}
&amp#27;[38;5;32m[AndroidUiautomator2Driver@b227 (fe0cd291)]&amp#27;[0m Got response with status 404: {"sessionId":"85989a46-cbdd-4bd4-a501-a859808a0843","value":{"error":"no such element","message":"An element could not be located on the page using the given search parameters","stacktrace":"io.appium.uiautomator2.common.exceptions.ElementNotFoundException: An element could not be located on the page using the given search parameters\n\tat io.appium.uiautomator2.utils.ElementLocationHelpers.findElement(ElementLocationHelpers.java:156)\n\tat io.appium.uiautomator2.handler.FindElement.safeHandle(FindElement.java:60)\n\tat io.appium.uiautomator2.handler.request.SafeRequestHandler.handle(SafeRequestHandler.java:59)\n\tat io.appium.uiautomator2.server.AppiumServlet.handleRequest(AppiumServlet.java:277)\n\tat io.appium.uiautomator2.server.AppiumServlet.handleHttpRequest(AppiumServlet.java:271)\n\tat io.appium.uiautomator2.http.ServerHandler.channelRead(ServerHandler.java:68)\n\tat io.netty.channel.AbstractChannelHandlerContext.invokeChannelRead(AbstractChannelHandlerContext.java:366)\n\tat io.netty.channel.Abstr...
[debug] &amp#27;[38;5;128m[W3C]&amp#27;[0m Matched W3C error code 'no such element' to NoSuchElementError
[debug] &amp#27;[38;5;32m[AndroidUiautomator2Driver@b227 (fe0cd291)]&amp#27;[0m Waited for 5801 ms so far
[debug] &amp#27;[38;5;32m[AndroidUiautomator2Driver@b227 (fe0cd291)]&amp#27;[0m Matched '/element' to command name 'findElement'
[debug] &amp#27;[38;5;32m[AndroidUiautomator2Driver@b227 (fe0cd291)]&amp#27;[0m Proxying [POST /element] to [POST http://127.0.0.1:8200/session/85989a46-cbdd-4bd4-a501-a859808a0843/element] with body: {"strategy":"xpath","selector":"//android.widget.Button[@text='Allow']","context":"","multiple":false}
&amp#27;[38;5;32m[AndroidUiautomator2Driver@b227 (fe0cd291)]&amp#27;[0m Got response with status 404: {"sessionId":"85989a46-cbdd-4bd4-a501-a859808a0843","value":{"error":"no such element","message":"An element could not be located on the page using the given search parameters","stacktrace":"io.appium.uiautomator2.common.exceptions.ElementNotFoundException: An element could not be located on the page using the given search parameters\n\tat io.appium.uiautomator2.utils.ElementLocationHelpers.findElement(ElementLocationHelpers.java:156)\n\tat io.appium.uiautomator2.handler.FindElement.safeHandle(FindElement.java:60)\n\tat io.appium.uiautomator2.handler.request.SafeRequestHandler.handle(SafeRequestHandler.java:59)\n\tat io.appium.uiautomator2.server.AppiumServlet.handleRequest(AppiumServlet.java:277)\n\tat io.appium.uiautomator2.server.AppiumServlet.handleHttpRequest(AppiumServlet.java:271)\n\tat io.appium.uiautomator2.http.ServerHandler.channelRead(ServerHandler.java:68)\n\tat io.netty.channel.AbstractChannelHandlerContext.invokeChannelRead(AbstractChannelHandlerContext.java:366)\n\tat io.netty.channel.Abstr...
[debug] &amp#27;[38;5;128m[W3C]&amp#27;[0m Matched W3C error code 'no such element' to NoSuchElementError
[debug] &amp#27;[38;5;32m[AndroidUiautomator2Driver@b227 (fe0cd291)]&amp#27;[0m Encountered internal error running command: NoSuchElementError: An element could not be located on the page using the given search parameters.
[debug] &amp#27;[38;5;32m[AndroidUiautomator2Driver@b227 (fe0cd291)]&amp#27;[0m     at AndroidUiautomator2Driver.findElOrEls (C:\Users\daniel.ogagavworia\.appium\node_modules\appium-uiautomator2-driver\node_modules\appium-android-driver\lib\commands\find.js:75:11)
[debug] &amp#27;[38;5;32m[AndroidUiautomator2Driver@b227 (fe0cd291)]&amp#27;[0m     at processTicksAndRejections (node:internal/process/task_queues:95:5)
[debug] &amp#27;[38;5;32m[AndroidUiautomator2Driver@b227 (fe0cd291)]&amp#27;[0m     at AndroidUiautomator2Driver.findElOrElsWithProcessing (C:\Users\daniel.ogagavworia\AppData\Roaming\npm\node_modules\appium\node_modules\@appium\base-driver\lib\basedriver\commands\find.ts:60:12)
[debug] &amp#27;[38;5;32m[AndroidUiautomator2Driver@b227 (fe0cd291)]&amp#27;[0m     at AndroidUiautomator2Driver.findElement (C:\Users\daniel.ogagavworia\AppData\Roaming\npm\node_modules\appium\node_modules\@appium\base-driver\lib\basedriver\commands\find.ts:75:12)
&amp#27;[38;5;0m[HTTP]&amp#27;[0m &amp#27;[37m<-- POST /session/fe0cd291-8f79-4212-8568-b4785b2dee12/element &amp#27;[39m&amp#27;[33m404&amp#27;[39m &amp#27;[90m6032 ms - 929&amp#27;[39m
&amp#27;[38;5;0m[HTTP]&amp#27;[0m &amp#27;[90m&amp#27;[39m
&amp#27;[38;5;0m[HTTP]&amp#27;[0m &amp#27;[37m-->&amp#27;[39m &amp#27;[37mPOST&amp#27;[39m &amp#27;[37m/session/fe0cd291-8f79-4212-8568-b4785b2dee12/element&amp#27;[39m
&amp#27;[38;5;0m[HTTP]&amp#27;[0m &amp#27;[90m{"using":"xpath","value":"//android.widget.TextView[@text='REGISTER']"}&amp#27;[39m
[debug] &amp#27;[38;5;32m[AndroidUiautomator2Driver@b227 (fe0cd291)]&amp#27;[0m Calling AppiumDriver.findElement() with args: ["xpath","//android.widget.TextView[@text='REGISTER']","fe0cd291-8f79-4212-8568-b4785b2dee12"]
[debug] &amp#27;[38;5;32m[AndroidUiautomator2Driver@b227 (fe0cd291)]&amp#27;[0m Valid locator strategies for this request: xpath, id, class name, accessibility id, css selector, -android uiautomator
[debug] &amp#27;[38;5;32m[AndroidUiautomator2Driver@b227 (fe0cd291)]&amp#27;[0m Waiting up to 6000 ms for condition
[debug] &amp#27;[38;5;32m[AndroidUiautomator2Driver@b227 (fe0cd291)]&amp#27;[0m Matched '/element' to command name 'findElement'
[debug] &amp#27;[38;5;32m[AndroidUiautomator2Driver@b227 (fe0cd291)]&amp#27;[0m Proxying [POST /element] to [POST http://127.0.0.1:8200/session/85989a46-cbdd-4bd4-a501-a859808a0843/element] with body: {"strategy":"xpath","selector":"//android.widget.TextView[@text='REGISTER']","context":"","multiple":false}
[debug] &amp#27;[38;5;32m[AndroidUiautomator2Driver@b227 (fe0cd291)]&amp#27;[0m Got response with status 200: {"sessionId":"85989a46-cbdd-4bd4-a501-a859808a0843","value":{"ELEMENT":"00000000-0000-0032-ffff-ffff0000002e","element-6066-11e4-a52e-4f735466cecf":"00000000-0000-0032-ffff-ffff0000002e"}}
[debug] &amp#27;[38;5;32m[AndroidUiautomator2Driver@b227 (fe0cd291)]&amp#27;[0m Responding to client with driver.findElement() result: {"element-6066-11e4-a52e-4f735466cecf":"00000000-0000-0032-ffff-ffff0000002e","ELEMENT":"00000000-0000-0032-ffff-ffff0000002e"}
&amp#27;[38;5;0m[HTTP]&amp#27;[0m &amp#27;[37m<-- POST /session/fe0cd291-8f79-4212-8568-b4785b2dee12/element &amp#27;[39m&amp#27;[32m200&amp#27;[39m &amp#27;[90m16 ms - 137&amp#27;[39m
&amp#27;[38;5;0m[HTTP]&amp#27;[0m &amp#27;[90m&amp#27;[39m
&amp#27;[38;5;0m[HTTP]&amp#27;[0m &amp#27;[37m-->&amp#27;[39m &amp#27;[37mPOST&amp#27;[39m &amp#27;[37m/session/fe0cd291-8f79-4212-8568-b4785b2dee12/element/00000000-0000-0032-ffff-ffff0000002e/click&amp#27;[39m
&amp#27;[38;5;0m[HTTP]&amp#27;[0m &amp#27;[90m{"id":"00000000-0000-0032-ffff-ffff0000002e"}&amp#27;[39m
[debug] &amp#27;[38;5;32m[AndroidUiautomator2Driver@b227 (fe0cd291)]&amp#27;[0m Calling AppiumDriver.click() with args: ["00000000-0000-0032-ffff-ffff0000002e","fe0cd291-8f79-4212-8568-b4785b2dee12"]
[debug] &amp#27;[38;5;32m[AndroidUiautomator2Driver@b227 (fe0cd291)]&amp#27;[0m Matched '/element/00000000-0000-0032-ffff-ffff0000002e/click' to command name 'click'
[debug] &amp#27;[38;5;32m[AndroidUiautomator2Driver@b227 (fe0cd291)]&amp#27;[0m Proxying [POST /element/00000000-0000-0032-ffff-ffff0000002e/click] to [POST http://127.0.0.1:8200/session/85989a46-cbdd-4bd4-a501-a859808a0843/element/00000000-0000-0032-ffff-ffff0000002e/click] with body: {"element":"00000000-0000-0032-ffff-ffff0000002e"}
[debug] &amp#27;[38;5;32m[AndroidUiautomator2Driver@b227 (fe0cd291)]&amp#27;[0m Got response with status 200: {"sessionId":"85989a46-cbdd-4bd4-a501-a859808a0843","value":null}
[debug] &amp#27;[38;5;32m[AndroidUiautomator2Driver@b227 (fe0cd291)]&amp#27;[0m Responding to client with driver.click() result: null
&amp#27;[38;5;0m[HTTP]&amp#27;[0m &amp#27;[37m<-- POST /session/fe0cd291-8f79-4212-8568-b4785b2dee12/element/00000000-0000-0032-ffff-ffff0000002e/click &amp#27;[39m&amp#27;[32m200&amp#27;[39m &amp#27;[90m54 ms - 14&amp#27;[39m
&amp#27;[38;5;0m[HTTP]&amp#27;[0m &amp#27;[90m&amp#27;[39m
&amp#27;[38;5;0m[HTTP]&amp#27;[0m &amp#27;[37m-->&amp#27;[39m &amp#27;[37mPOST&amp#27;[39m &amp#27;[37m/session/fe0cd291-8f79-4212-8568-b4785b2dee12/timeouts&amp#27;[39m
&amp#27;[38;5;0m[HTTP]&amp#27;[0m &amp#27;[90m{"implicit":10000}&amp#27;[39m
[debug] &amp#27;[38;5;32m[AndroidUiautomator2Driver@b227 (fe0cd291)]&amp#27;[0m Calling AppiumDriver.timeouts() with args: [null,null,null,null,10000,"fe0cd291-8f79-4212-8568-b4785b2dee12"]
[debug] &amp#27;[38;5;32m[AndroidUiautomator2Driver@b227 (fe0cd291)]&amp#27;[0m W3C timeout argument: {"implicit":10000}}
[debug] &amp#27;[38;5;32m[AndroidUiautomator2Driver@b227 (fe0cd291)]&amp#27;[0m Set implicit wait to 10000ms
[debug] &amp#27;[38;5;32m[AndroidUiautomator2Driver@b227 (fe0cd291)]&amp#27;[0m Responding to client with driver.timeouts() result: null
&amp#27;[38;5;0m[HTTP]&amp#27;[0m &amp#27;[37m<-- POST /session/fe0cd291-8f79-4212-8568-b4785b2dee12/timeouts &amp#27;[39m&amp#27;[32m200&amp#27;[39m &amp#27;[90m1 ms - 14&amp#27;[39m
&amp#27;[38;5;0m[HTTP]&amp#27;[0m &amp#27;[90m&amp#27;[39m
&amp#27;[38;5;0m[HTTP]&amp#27;[0m &amp#27;[37m-->&amp#27;[39m &amp#27;[37mPOST&amp#27;[39m &amp#27;[37m/session/fe0cd291-8f79-4212-8568-b4785b2dee12/element&amp#27;[39m
&amp#27;[38;5;0m[HTTP]&amp#27;[0m &amp#27;[90m{"using":"xpath","value":"//android.widget.EditText[@index=3]"}&amp#27;[39m
[debug] &amp#27;[38;5;32m[AndroidUiautomator2Driver@b227 (fe0cd291)]&amp#27;[0m Calling AppiumDriver.findElement() with args: ["xpath","//android.widget.EditText[@index=3]","fe0cd291-8f79-4212-8568-b4785b2dee12"]
[debug] &amp#27;[38;5;32m[AndroidUiautomator2Driver@b227 (fe0cd291)]&amp#27;[0m Valid locator strategies for this request: xpath, id, class name, accessibility id, css selector, -android uiautomator
[debug] &amp#27;[38;5;32m[AndroidUiautomator2Driver@b227 (fe0cd291)]&amp#27;[0m Waiting up to 10000 ms for condition
[debug] &amp#27;[38;5;32m[AndroidUiautomator2Driver@b227 (fe0cd291)]&amp#27;[0m Matched '/element' to command name 'findElement'
[debug] &amp#27;[38;5;32m[AndroidUiautomator2Driver@b227 (fe0cd291)]&amp#27;[0m Proxying [POST /element] to [POST http://127.0.0.1:8200/session/85989a46-cbdd-4bd4-a501-a859808a0843/element] with body: {"strategy":"xpath","selector":"//android.widget.EditText[@index=3]","context":"","multiple":false}
&amp#27;[38;5;32m[AndroidUiautomator2Driver@b227 (fe0cd291)]&amp#27;[0m Got response with status 404: {"sessionId":"85989a46-cbdd-4bd4-a501-a859808a0843","value":{"error":"no such element","message":"An element could not be located on the page using the given search parameters","stacktrace":"io.appium.uiautomator2.common.exceptions.ElementNotFoundException: An element could not be located on the page using the given search parameters\n\tat io.appium.uiautomator2.utils.ElementLocationHelpers.findElement(ElementLocationHelpers.java:156)\n\tat io.appium.uiautomator2.handler.FindElement.safeHandle(FindElement.java:60)\n\tat io.appium.uiautomator2.handler.request.SafeRequestHandler.handle(SafeRequestHandler.java:59)\n\tat io.appium.uiautomator2.server.AppiumServlet.handleRequest(AppiumServlet.java:277)\n\tat io.appium.uiautomator2.server.AppiumServlet.handleHttpRequest(AppiumServlet.java:271)\n\tat io.appium.uiautomator2.http.ServerHandler.channelRead(ServerHandler.java:68)\n\tat io.netty.channel.AbstractChannelHandlerContext.invokeChannelRead(AbstractChannelHandlerContext.java:366)\n\tat io.netty.channel.Abstr...
[debug] &amp#27;[38;5;128m[W3C]&amp#27;[0m Matched W3C error code 'no such element' to NoSuchElementError
[debug] &amp#27;[38;5;32m[AndroidUiautomator2Driver@b227 (fe0cd291)]&amp#27;[0m Waited for 110 ms so far
[debug] &amp#27;[38;5;32m[AndroidUiautomator2Driver@b227 (fe0cd291)]&amp#27;[0m Matched '/element' to command name 'findElement'
[debug] &amp#27;[38;5;32m[AndroidUiautomator2Driver@b227 (fe0cd291)]&amp#27;[0m Proxying [POST /element] to [POST http://127.0.0.1:8200/session/85989a46-cbdd-4bd4-a501-a859808a0843/element] with body: {"strategy":"xpath","selector":"//android.widget.EditText[@index=3]","context":"","multiple":false}
[debug] &amp#27;[38;5;32m[AndroidUiautomator2Driver@b227 (fe0cd291)]&amp#27;[0m Got response with status 200: {"sessionId":"85989a46-cbdd-4bd4-a501-a859808a0843","value":{"ELEMENT":"00000000-0000-0032-ffff-ffff00000208","element-6066-11e4-a52e-4f735466cecf":"00000000-0000-0032-ffff-ffff00000208"}}
[debug] &amp#27;[38;5;32m[AndroidUiautomator2Driver@b227 (fe0cd291)]&amp#27;[0m Responding to client with driver.findElement() result: {"element-6066-11e4-a52e-4f735466cecf":"00000000-0000-0032-ffff-ffff00000208","ELEMENT":"00000000-0000-0032-ffff-ffff00000208"}
&amp#27;[38;5;0m[HTTP]&amp#27;[0m &amp#27;[37m<-- POST /session/fe0cd291-8f79-4212-8568-b4785b2dee12/element &amp#27;[39m&amp#27;[32m200&amp#27;[39m &amp#27;[90m1021 ms - 137&amp#27;[39m
&amp#27;[38;5;0m[HTTP]&amp#27;[0m &amp#27;[90m&amp#27;[39m
&amp#27;[38;5;0m[HTTP]&amp#27;[0m &amp#27;[37m-->&amp#27;[39m &amp#27;[37mPOST&amp#27;[39m &amp#27;[37m/session/fe0cd291-8f79-4212-8568-b4785b2dee12/element/00000000-0000-0032-ffff-ffff00000208/value&amp#27;[39m
&amp#27;[38;5;0m[HTTP]&amp#27;[0m &amp#27;[90m{"id":"00000000-0000-0032-ffff-ffff00000208","text":"Daniel Ogaga","value":["D","a","n","i","e","l"," ","O","g","a","g","a"]}&amp#27;[39m
[debug] &amp#27;[38;5;32m[AndroidUiautomator2Driver@b227 (fe0cd291)]&amp#27;[0m Calling AppiumDriver.setValue() with args: [["D","a","n","i","e","l"," ","O","g","a","g","a"],"00000000-0000-0032-ffff-ffff00000208","fe0cd291-8f79-4212-8568-b4785b2dee12"]
[debug] &amp#27;[38;5;32m[AndroidUiautomator2Driver@b227 (fe0cd291)]&amp#27;[0m Matched '/element/00000000-0000-0032-ffff-ffff00000208/value' to command name 'setValue'
[debug] &amp#27;[38;5;32m[AndroidUiautomator2Driver@b227 (fe0cd291)]&amp#27;[0m Added 'value' property ["D","a","n","i","e","l"," ","O","g","a","g","a"] to 'setValue' request body
[debug] &amp#27;[38;5;32m[AndroidUiautomator2Driver@b227 (fe0cd291)]&amp#27;[0m Proxying [POST /element/00000000-0000-0032-ffff-ffff00000208/value] to [POST http://127.0.0.1:8200/session/85989a46-cbdd-4bd4-a501-a859808a0843/element/00000000-0000-0032-ffff-ffff00000208/value] with body: {"elementId":"00000000-0000-0032-ffff-ffff00000208","text":"Daniel Ogaga","replace":false,"value":["D","a","n","i","e","l"," ","O","g","a","g","a"]}
[debug] &amp#27;[38;5;32m[AndroidUiautomator2Driver@b227 (fe0cd291)]&amp#27;[0m Got response with status 200: {"sessionId":"85989a46-cbdd-4bd4-a501-a859808a0843","value":null}
[debug] &amp#27;[38;5;32m[AndroidUiautomator2Driver@b227 (fe0cd291)]&amp#27;[0m Responding to client with driver.setValue() result: null
&amp#27;[38;5;0m[HTTP]&amp#27;[0m &amp#27;[37m<-- POST /session/fe0cd291-8f79-4212-8568-b4785b2dee12/element/00000000-0000-0032-ffff-ffff00000208/value &amp#27;[39m&amp#27;[32m200&amp#27;[39m &amp#27;[90m12 ms - 14&amp#27;[39m
&amp#27;[38;5;0m[HTTP]&amp#27;[0m &amp#27;[90m&amp#27;[39m
&amp#27;[38;5;0m[HTTP]&amp#27;[0m &amp#27;[37m-->&amp#27;[39m &amp#27;[37mPOST&amp#27;[39m &amp#27;[37m/session/fe0cd291-8f79-4212-8568-b4785b2dee12/element&amp#27;[39m
&amp#27;[38;5;0m[HTTP]&amp#27;[0m &amp#27;[90m{"using":"xpath","value":"//android.widget.EditText[@index=6]"}&amp#27;[39m
[debug] &amp#27;[38;5;32m[AndroidUiautomator2Driver@b227 (fe0cd291)]&amp#27;[0m Calling AppiumDriver.findElement() with args: ["xpath","//android.widget.EditText[@index=6]","fe0cd291-8f79-4212-8568-b4785b2dee12"]
[debug] &amp#27;[38;5;32m[AndroidUiautomator2Driver@b227 (fe0cd291)]&amp#27;[0m Valid locator strategies for this request: xpath, id, class name, accessibility id, css selector, -android uiautomator
[debug] &amp#27;[38;5;32m[AndroidUiautomator2Driver@b227 (fe0cd291)]&amp#27;[0m Waiting up to 10000 ms for condition
[debug] &amp#27;[38;5;32m[AndroidUiautomator2Driver@b227 (fe0cd291)]&amp#27;[0m Matched '/element' to command name 'findElement'
[debug] &amp#27;[38;5;32m[AndroidUiautomator2Driver@b227 (fe0cd291)]&amp#27;[0m Proxying [POST /element] to [POST http://127.0.0.1:8200/session/85989a46-cbdd-4bd4-a501-a859808a0843/element] with body: {"strategy":"xpath","selector":"//android.widget.EditText[@index=6]","context":"","multiple":false}
[debug] &amp#27;[38;5;32m[AndroidUiautomator2Driver@b227 (fe0cd291)]&amp#27;[0m Got response with status 200: {"sessionId":"85989a46-cbdd-4bd4-a501-a859808a0843","value":{"ELEMENT":"00000000-0000-0032-ffff-ffff0000020b","element-6066-11e4-a52e-4f735466cecf":"00000000-0000-0032-ffff-ffff0000020b"}}
[debug] &amp#27;[38;5;32m[AndroidUiautomator2Driver@b227 (fe0cd291)]&amp#27;[0m Responding to client with driver.findElement() result: {"element-6066-11e4-a52e-4f735466cecf":"00000000-0000-0032-ffff-ffff0000020b","ELEMENT":"00000000-0000-0032-ffff-ffff0000020b"}
&amp#27;[38;5;0m[HTTP]&amp#27;[0m &amp#27;[37m<-- POST /session/fe0cd291-8f79-4212-8568-b4785b2dee12/element &amp#27;[39m&amp#27;[32m200&amp#27;[39m &amp#27;[90m516 ms - 137&amp#27;[39m
&amp#27;[38;5;0m[HTTP]&amp#27;[0m &amp#27;[90m&amp#27;[39m
&amp#27;[38;5;0m[HTTP]&amp#27;[0m &amp#27;[37m-->&amp#27;[39m &amp#27;[37mPOST&amp#27;[39m &amp#27;[37m/session/fe0cd291-8f79-4212-8568-b4785b2dee12/element/00000000-0000-0032-ffff-ffff0000020b/value&amp#27;[39m
&amp#27;[38;5;0m[HTTP]&amp#27;[0m &amp#27;[90m{"id":"00000000-0000-0032-ffff-ffff0000020b","text":"vada.deckow@g.mail.com","value":["v","a","d","a",".","d","e","c","k","o","w","@","g",".","m","a","i","l",".","c","o","m"]}&amp#27;[39m
[debug] &amp#27;[38;5;32m[AndroidUiautomator2Driver@b227 (fe0cd291)]&amp#27;[0m Calling AppiumDriver.setValue() with args: [["v","a","d","a",".","d","e","c","k","o","w","@","g",".","m","a","i","l",".","c","o","m"],"00000000-0000-0032-ffff-ffff0000020b","fe0cd291-8f79-4212-8568-b4785b2dee12"]
[debug] &amp#27;[38;5;32m[AndroidUiautomator2Driver@b227 (fe0cd291)]&amp#27;[0m Matched '/element/00000000-0000-0032-ffff-ffff0000020b/value' to command name 'setValue'
[debug] &amp#27;[38;5;32m[AndroidUiautomator2Driver@b227 (fe0cd291)]&amp#27;[0m Added 'value' property ["v","a","d","a",".","d","e","c","k","o","w","@","g",".","m","a","i","l",".","c","o","m"] to 'setValue' request body
[debug] &amp#27;[38;5;32m[AndroidUiautomator2Driver@b227 (fe0cd291)]&amp#27;[0m Proxying [POST /element/00000000-0000-0032-ffff-ffff0000020b/value] to [POST http://127.0.0.1:8200/session/85989a46-cbdd-4bd4-a501-a859808a0843/element/00000000-0000-0032-ffff-ffff0000020b/value] with body: {"elementId":"00000000-0000-0032-ffff-ffff0000020b","text":"vada.deckow@g.mail.com","replace":false,"value":["v","a","d","a",".","d","e","c","k","o","w","@","g",".","m","a","i","l",".","c","o","m"]}
[debug] &amp#27;[38;5;32m[AndroidUiautomator2Driver@b227 (fe0cd291)]&amp#27;[0m Got response with status 200: {"sessionId":"85989a46-cbdd-4bd4-a501-a859808a0843","value":null}
[debug] &amp#27;[38;5;32m[AndroidUiautomator2Driver@b227 (fe0cd291)]&amp#27;[0m Responding to client with driver.setValue() result: null
&amp#27;[38;5;0m[HTTP]&amp#27;[0m &amp#27;[37m<-- POST /session/fe0cd291-8f79-4212-8568-b4785b2dee12/element/00000000-0000-0032-ffff-ffff0000020b/value &amp#27;[39m&amp#27;[32m200&amp#27;[39m &amp#27;[90m11 ms - 14&amp#27;[39m
&amp#27;[38;5;0m[HTTP]&amp#27;[0m &amp#27;[90m&amp#27;[39m
&amp#27;[38;5;0m[HTTP]&amp#27;[0m &amp#27;[37m-->&amp#27;[39m &amp#27;[37mPOST&amp#27;[39m &amp#27;[37m/session/fe0cd291-8f79-4212-8568-b4785b2dee12/element&amp#27;[39m
&amp#27;[38;5;0m[HTTP]&amp#27;[0m &amp#27;[90m{"using":"xpath","value":"//android.widget.EditText[@index=9]"}&amp#27;[39m
[debug] &amp#27;[38;5;32m[AndroidUiautomator2Driver@b227 (fe0cd291)]&amp#27;[0m Calling AppiumDriver.findElement() with args: ["xpath","//android.widget.EditText[@index=9]","fe0cd291-8f79-4212-8568-b4785b2dee12"]
[debug] &amp#27;[38;5;32m[AndroidUiautomator2Driver@b227 (fe0cd291)]&amp#27;[0m Valid locator strategies for this request: xpath, id, class name, accessibility id, css selector, -android uiautomator
[debug] &amp#27;[38;5;32m[AndroidUiautomator2Driver@b227 (fe0cd291)]&amp#27;[0m Waiting up to 10000 ms for condition
[debug] &amp#27;[38;5;32m[AndroidUiautomator2Driver@b227 (fe0cd291)]&amp#27;[0m Matched '/element' to command name 'findElement'
[debug] &amp#27;[38;5;32m[AndroidUiautomator2Driver@b227 (fe0cd291)]&amp#27;[0m Proxying [POST /element] to [POST http://127.0.0.1:8200/session/85989a46-cbdd-4bd4-a501-a859808a0843/element] with body: {"strategy":"xpath","selector":"//android.widget.EditText[@index=9]","context":"","multiple":false}
[debug] &amp#27;[38;5;32m[AndroidUiautomator2Driver@b227 (fe0cd291)]&amp#27;[0m Got response with status 200: {"sessionId":"85989a46-cbdd-4bd4-a501-a859808a0843","value":{"ELEMENT":"00000000-0000-0032-ffff-ffff0000020e","element-6066-11e4-a52e-4f735466cecf":"00000000-0000-0032-ffff-ffff0000020e"}}
[debug] &amp#27;[38;5;32m[AndroidUiautomator2Driver@b227 (fe0cd291)]&amp#27;[0m Responding to client with driver.findElement() result: {"element-6066-11e4-a52e-4f735466cecf":"00000000-0000-0032-ffff-ffff0000020e","ELEMENT":"00000000-0000-0032-ffff-ffff0000020e"}
&amp#27;[38;5;0m[HTTP]&amp#27;[0m &amp#27;[37m<-- POST /session/fe0cd291-8f79-4212-8568-b4785b2dee12/element &amp#27;[39m&amp#27;[32m200&amp#27;[39m &amp#27;[90m531 ms - 137&amp#27;[39m
&amp#27;[38;5;0m[HTTP]&amp#27;[0m &amp#27;[90m&amp#27;[39m
&amp#27;[38;5;0m[HTTP]&amp#27;[0m &amp#27;[37m-->&amp#27;[39m &amp#27;[37mPOST&amp#27;[39m &amp#27;[37m/session/fe0cd291-8f79-4212-8568-b4785b2dee12/element/00000000-0000-0032-ffff-ffff0000020e/value&amp#27;[39m
&amp#27;[38;5;0m[HTTP]&amp#27;[0m &amp#27;[90m{"id":"00000000-0000-0032-ffff-ffff0000020e","text":"08033443048","value":["0","8","0","3","3","4","4","3","0","4","8"]}&amp#27;[39m
[debug] &amp#27;[38;5;32m[AndroidUiautomator2Driver@b227 (fe0cd291)]&amp#27;[0m Calling AppiumDriver.setValue() with args: [["0","8","0","3","3","4","4","3","0","4","8"],"00000000-0000-0032-ffff-ffff0000020e","fe0cd291-8f79-4212-8568-b4785b2dee12"]
[debug] &amp#27;[38;5;32m[AndroidUiautomator2Driver@b227 (fe0cd291)]&amp#27;[0m Matched '/element/00000000-0000-0032-ffff-ffff0000020e/value' to command name 'setValue'
[debug] &amp#27;[38;5;32m[AndroidUiautomator2Driver@b227 (fe0cd291)]&amp#27;[0m Added 'value' property ["0","8","0","3","3","4","4","3","0","4","8"] to 'setValue' request body
[debug] &amp#27;[38;5;32m[AndroidUiautomator2Driver@b227 (fe0cd291)]&amp#27;[0m Proxying [POST /element/00000000-0000-0032-ffff-ffff0000020e/value] to [POST http://127.0.0.1:8200/session/85989a46-cbdd-4bd4-a501-a859808a0843/element/00000000-0000-0032-ffff-ffff0000020e/value] with body: {"elementId":"00000000-0000-0032-ffff-ffff0000020e","text":"08033443048","replace":false,"value":["0","8","0","3","3","4","4","3","0","4","8"]}
[debug] &amp#27;[38;5;32m[AndroidUiautomator2Driver@b227 (fe0cd291)]&amp#27;[0m Got response with status 200: {"sessionId":"85989a46-cbdd-4bd4-a501-a859808a0843","value":null}
[debug] &amp#27;[38;5;32m[AndroidUiautomator2Driver@b227 (fe0cd291)]&amp#27;[0m Responding to client with driver.setValue() result: null
&amp#27;[38;5;0m[HTTP]&amp#27;[0m &amp#27;[37m<-- POST /session/fe0cd291-8f79-4212-8568-b4785b2dee12/element/00000000-0000-0032-ffff-ffff0000020e/value &amp#27;[39m&amp#27;[32m200&amp#27;[39m &amp#27;[90m20 ms - 14&amp#27;[39m
&amp#27;[38;5;0m[HTTP]&amp#27;[0m &amp#27;[90m&amp#27;[39m
&amp#27;[38;5;0m[HTTP]&amp#27;[0m &amp#27;[37m-->&amp#27;[39m &amp#27;[37mPOST&amp#27;[39m &amp#27;[37m/session/fe0cd291-8f79-4212-8568-b4785b2dee12/element&amp#27;[39m
&amp#27;[38;5;0m[HTTP]&amp#27;[0m &amp#27;[90m{"using":"xpath","value":"//android.widget.EditText[@index=12]"}&amp#27;[39m
[debug] &amp#27;[38;5;32m[AndroidUiautomator2Driver@b227 (fe0cd291)]&amp#27;[0m Calling AppiumDriver.findElement() with args: ["xpath","//android.widget.EditText[@index=12]","fe0cd291-8f79-4212-8568-b4785b2dee12"]
[debug] &amp#27;[38;5;32m[AndroidUiautomator2Driver@b227 (fe0cd291)]&amp#27;[0m Valid locator strategies for this request: xpath, id, class name, accessibility id, css selector, -android uiautomator
[debug] &amp#27;[38;5;32m[AndroidUiautomator2Driver@b227 (fe0cd291)]&amp#27;[0m Waiting up to 10000 ms for condition
[debug] &amp#27;[38;5;32m[AndroidUiautomator2Driver@b227 (fe0cd291)]&amp#27;[0m Matched '/element' to command name 'findElement'
[debug] &amp#27;[38;5;32m[AndroidUiautomator2Driver@b227 (fe0cd291)]&amp#27;[0m Proxying [POST /element] to [POST http://127.0.0.1:8200/session/85989a46-cbdd-4bd4-a501-a859808a0843/element] with body: {"strategy":"xpath","selector":"//android.widget.EditText[@index=12]","context":"","multiple":false}
[debug] &amp#27;[38;5;32m[AndroidUiautomator2Driver@b227 (fe0cd291)]&amp#27;[0m Got response with status 200: {"sessionId":"85989a46-cbdd-4bd4-a501-a859808a0843","value":{"ELEMENT":"00000000-0000-0032-ffff-ffff00000211","element-6066-11e4-a52e-4f735466cecf":"00000000-0000-0032-ffff-ffff00000211"}}
[debug] &amp#27;[38;5;32m[AndroidUiautomator2Driver@b227 (fe0cd291)]&amp#27;[0m Responding to client with driver.findElement() result: {"element-6066-11e4-a52e-4f735466cecf":"00000000-0000-0032-ffff-ffff00000211","ELEMENT":"00000000-0000-0032-ffff-ffff00000211"}
&amp#27;[38;5;0m[HTTP]&amp#27;[0m &amp#27;[37m<-- POST /session/fe0cd291-8f79-4212-8568-b4785b2dee12/element &amp#27;[39m&amp#27;[32m200&amp#27;[39m &amp#27;[90m540 ms - 137&amp#27;[39m
&amp#27;[38;5;0m[HTTP]&amp#27;[0m &amp#27;[90m&amp#27;[39m
&amp#27;[38;5;0m[HTTP]&amp#27;[0m &amp#27;[37m-->&amp#27;[39m &amp#27;[37mPOST&amp#27;[39m &amp#27;[37m/session/fe0cd291-8f79-4212-8568-b4785b2dee12/element/00000000-0000-0032-ffff-ffff00000211/value&amp#27;[39m
&amp#27;[38;5;0m[HTTP]&amp#27;[0m &amp#27;[90m{"id":"00000000-0000-0032-ffff-ffff00000211","text":"password","value":["p","a","s","s","w","o","r","d"]}&amp#27;[39m
[debug] &amp#27;[38;5;32m[AndroidUiautomator2Driver@b227 (fe0cd291)]&amp#27;[0m Calling AppiumDriver.setValue() with args: [["p","a","s","s","w","o","r","d"],"00000000-0000-0032-ffff-ffff00000211","fe0cd291-8f79-4212-8568-b4785b2dee12"]
[debug] &amp#27;[38;5;32m[AndroidUiautomator2Driver@b227 (fe0cd291)]&amp#27;[0m Matched '/element/00000000-0000-0032-ffff-ffff00000211/value' to command name 'setValue'
[debug] &amp#27;[38;5;32m[AndroidUiautomator2Driver@b227 (fe0cd291)]&amp#27;[0m Added 'value' property ["p","a","s","s","w","o","r","d"] to 'setValue' request body
[debug] &amp#27;[38;5;32m[AndroidUiautomator2Driver@b227 (fe0cd291)]&amp#27;[0m Proxying [POST /element/00000000-0000-0032-ffff-ffff00000211/value] to [POST http://127.0.0.1:8200/session/85989a46-cbdd-4bd4-a501-a859808a0843/element/00000000-0000-0032-ffff-ffff00000211/value] with body: {"elementId":"00000000-0000-0032-ffff-ffff00000211","text":"password","replace":false,"value":["p","a","s","s","w","o","r","d"]}
[debug] &amp#27;[38;5;32m[AndroidUiautomator2Driver@b227 (fe0cd291)]&amp#27;[0m Got response with status 200: {"sessionId":"85989a46-cbdd-4bd4-a501-a859808a0843","value":null}
[debug] &amp#27;[38;5;32m[AndroidUiautomator2Driver@b227 (fe0cd291)]&amp#27;[0m Responding to client with driver.setValue() result: null
&amp#27;[38;5;0m[HTTP]&amp#27;[0m &amp#27;[37m<-- POST /session/fe0cd291-8f79-4212-8568-b4785b2dee12/element/00000000-0000-0032-ffff-ffff00000211/value &amp#27;[39m&amp#27;[32m200&amp#27;[39m &amp#27;[90m14 ms - 14&amp#27;[39m
&amp#27;[38;5;0m[HTTP]&amp#27;[0m &amp#27;[90m&amp#27;[39m
&amp#27;[38;5;0m[HTTP]&amp#27;[0m &amp#27;[37m-->&amp#27;[39m &amp#27;[37mPOST&amp#27;[39m &amp#27;[37m/session/fe0cd291-8f79-4212-8568-b4785b2dee12/element&amp#27;[39m
&amp#27;[38;5;0m[HTTP]&amp#27;[0m &amp#27;[90m{"using":"xpath","value":"//android.widget.TextView[@text='Register']"}&amp#27;[39m
[debug] &amp#27;[38;5;32m[AndroidUiautomator2Driver@b227 (fe0cd291)]&amp#27;[0m Calling AppiumDriver.findElement() with args: ["xpath","//android.widget.TextView[@text='Register']","fe0cd291-8f79-4212-8568-b4785b2dee12"]
[debug] &amp#27;[38;5;32m[AndroidUiautomator2Driver@b227 (fe0cd291)]&amp#27;[0m Valid locator strategies for this request: xpath, id, class name, accessibility id, css selector, -android uiautomator
[debug] &amp#27;[38;5;32m[AndroidUiautomator2Driver@b227 (fe0cd291)]&amp#27;[0m Waiting up to 10000 ms for condition
[debug] &amp#27;[38;5;32m[AndroidUiautomator2Driver@b227 (fe0cd291)]&amp#27;[0m Matched '/element' to command name 'findElement'
[debug] &amp#27;[38;5;32m[AndroidUiautomator2Driver@b227 (fe0cd291)]&amp#27;[0m Proxying [POST /element] to [POST http://127.0.0.1:8200/session/85989a46-cbdd-4bd4-a501-a859808a0843/element] with body: {"strategy":"xpath","selector":"//android.widget.TextView[@text='Register']","context":"","multiple":false}
[debug] &amp#27;[38;5;32m[AndroidUiautomator2Driver@b227 (fe0cd291)]&amp#27;[0m Got response with status 200: {"sessionId":"85989a46-cbdd-4bd4-a501-a859808a0843","value":{"ELEMENT":"00000000-0000-0032-ffff-ffff0000021e","element-6066-11e4-a52e-4f735466cecf":"00000000-0000-0032-ffff-ffff0000021e"}}
[debug] &amp#27;[38;5;32m[AndroidUiautomator2Driver@b227 (fe0cd291)]&amp#27;[0m Responding to client with driver.findElement() result: {"element-6066-11e4-a52e-4f735466cecf":"00000000-0000-0032-ffff-ffff0000021e","ELEMENT":"00000000-0000-0032-ffff-ffff0000021e"}
&amp#27;[38;5;0m[HTTP]&amp#27;[0m &amp#27;[37m<-- POST /session/fe0cd291-8f79-4212-8568-b4785b2dee12/element &amp#27;[39m&amp#27;[32m200&amp#27;[39m &amp#27;[90m629 ms - 137&amp#27;[39m
&amp#27;[38;5;0m[HTTP]&amp#27;[0m &amp#27;[90m&amp#27;[39m
&amp#27;[38;5;0m[HTTP]&amp#27;[0m &amp#27;[37m-->&amp#27;[39m &amp#27;[37mPOST&amp#27;[39m &amp#27;[37m/session/fe0cd291-8f79-4212-8568-b4785b2dee12/element/00000000-0000-0032-ffff-ffff0000021e/click&amp#27;[39m
&amp#27;[38;5;0m[HTTP]&amp#27;[0m &amp#27;[90m{"id":"00000000-0000-0032-ffff-ffff0000021e"}&amp#27;[39m
[debug] &amp#27;[38;5;32m[AndroidUiautomator2Driver@b227 (fe0cd291)]&amp#27;[0m Calling AppiumDriver.click() with args: ["00000000-0000-0032-ffff-ffff0000021e","fe0cd291-8f79-4212-8568-b4785b2dee12"]
[debug] &amp#27;[38;5;32m[AndroidUiautomator2Driver@b227 (fe0cd291)]&amp#27;[0m Matched '/element/00000000-0000-0032-ffff-ffff0000021e/click' to command name 'click'
[debug] &amp#27;[38;5;32m[AndroidUiautomator2Driver@b227 (fe0cd291)]&amp#27;[0m Proxying [POST /element/00000000-0000-0032-ffff-ffff0000021e/click] to [POST http://127.0.0.1:8200/session/85989a46-cbdd-4bd4-a501-a859808a0843/element/00000000-0000-0032-ffff-ffff0000021e/click] with body: {"element":"00000000-0000-0032-ffff-ffff0000021e"}
[debug] &amp#27;[38;5;32m[AndroidUiautomator2Driver@b227 (fe0cd291)]&amp#27;[0m Got response with status 200: {"sessionId":"85989a46-cbdd-4bd4-a501-a859808a0843","value":null}
[debug] &amp#27;[38;5;32m[AndroidUiautomator2Driver@b227 (fe0cd291)]&amp#27;[0m Responding to client with driver.click() result: null
&amp#27;[38;5;0m[HTTP]&amp#27;[0m &amp#27;[37m<-- POST /session/fe0cd291-8f79-4212-8568-b4785b2dee12/element/00000000-0000-0032-ffff-ffff0000021e/click &amp#27;[39m&amp#27;[32m200&amp#27;[39m &amp#27;[90m48 ms - 14&amp#27;[39m
&amp#27;[38;5;0m[HTTP]&amp#27;[0m &amp#27;[90m&amp#27;[39m
&amp#27;[38;5;0m[HTTP]&amp#27;[0m &amp#27;[37m-->&amp#27;[39m &amp#27;[37mPOST&amp#27;[39m &amp#27;[37m/session/fe0cd291-8f79-4212-8568-b4785b2dee12/element&amp#27;[39m
&amp#27;[38;5;0m[HTTP]&amp#27;[0m &amp#27;[90m{"using":"xpath","value":"//android.widget.TextView[@index=18]"}&amp#27;[39m
[debug] &amp#27;[38;5;32m[AndroidUiautomator2Driver@b227 (fe0cd291)]&amp#27;[0m Calling AppiumDriver.findElement() with args: ["xpath","//android.widget.TextView[@index=18]","fe0cd291-8f79-4212-8568-b4785b2dee12"]
[debug] &amp#27;[38;5;32m[AndroidUiautomator2Driver@b227 (fe0cd291)]&amp#27;[0m Valid locator strategies for this request: xpath, id, class name, accessibility id, css selector, -android uiautomator
[debug] &amp#27;[38;5;32m[AndroidUiautomator2Driver@b227 (fe0cd291)]&amp#27;[0m Waiting up to 10000 ms for condition
[debug] &amp#27;[38;5;32m[AndroidUiautomator2Driver@b227 (fe0cd291)]&amp#27;[0m Matched '/element' to command name 'findElement'
[debug] &amp#27;[38;5;32m[AndroidUiautomator2Driver@b227 (fe0cd291)]&amp#27;[0m Proxying [POST /element] to [POST http://127.0.0.1:8200/session/85989a46-cbdd-4bd4-a501-a859808a0843/element] with body: {"strategy":"xpath","selector":"//android.widget.TextView[@index=18]","context":"","multiple":false}
[debug] &amp#27;[38;5;32m[AndroidUiautomator2Driver@b227 (fe0cd291)]&amp#27;[0m Got response with status 200: {"sessionId":"85989a46-cbdd-4bd4-a501-a859808a0843","value":{"ELEMENT":"00000000-0000-0032-ffff-ffff00000216","element-6066-11e4-a52e-4f735466cecf":"00000000-0000-0032-ffff-ffff00000216"}}
[debug] &amp#27;[38;5;32m[AndroidUiautomator2Driver@b227 (fe0cd291)]&amp#27;[0m Responding to client with driver.findElement() result: {"element-6066-11e4-a52e-4f735466cecf":"00000000-0000-0032-ffff-ffff00000216","ELEMENT":"00000000-0000-0032-ffff-ffff00000216"}
&amp#27;[38;5;0m[HTTP]&amp#27;[0m &amp#27;[37m<-- POST /session/fe0cd291-8f79-4212-8568-b4785b2dee12/element &amp#27;[39m&amp#27;[32m200&amp#27;[39m &amp#27;[90m33 ms - 137&amp#27;[39m
&amp#27;[38;5;0m[HTTP]&amp#27;[0m &amp#27;[90m&amp#27;[39m
&amp#27;[38;5;0m[HTTP]&amp#27;[0m &amp#27;[37m-->&amp#27;[39m &amp#27;[37mPOST&amp#27;[39m &amp#27;[37m/session/fe0cd291-8f79-4212-8568-b4785b2dee12/element/00000000-0000-0032-ffff-ffff00000216/click&amp#27;[39m
&amp#27;[38;5;0m[HTTP]&amp#27;[0m &amp#27;[90m{"id":"00000000-0000-0032-ffff-ffff00000216"}&amp#27;[39m
[debug] &amp#27;[38;5;32m[AndroidUiautomator2Driver@b227 (fe0cd291)]&amp#27;[0m Calling AppiumDriver.click() with args: ["00000000-0000-0032-ffff-ffff00000216","fe0cd291-8f79-4212-8568-b4785b2dee12"]
[debug] &amp#27;[38;5;32m[AndroidUiautomator2Driver@b227 (fe0cd291)]&amp#27;[0m Matched '/element/00000000-0000-0032-ffff-ffff00000216/click' to command name 'click'
[debug] &amp#27;[38;5;32m[AndroidUiautomator2Driver@b227 (fe0cd291)]&amp#27;[0m Proxying [POST /element/00000000-0000-0032-ffff-ffff00000216/click] to [POST http://127.0.0.1:8200/session/85989a46-cbdd-4bd4-a501-a859808a0843/element/00000000-0000-0032-ffff-ffff00000216/click] with body: {"element":"00000000-0000-0032-ffff-ffff00000216"}
[debug] &amp#27;[38;5;32m[AndroidUiautomator2Driver@b227 (fe0cd291)]&amp#27;[0m Got response with status 200: {"sessionId":"85989a46-cbdd-4bd4-a501-a859808a0843","value":null}
[debug] &amp#27;[38;5;32m[AndroidUiautomator2Driver@b227 (fe0cd291)]&amp#27;[0m Responding to client with driver.click() result: null
&amp#27;[38;5;0m[HTTP]&amp#27;[0m &amp#27;[37m<-- POST /session/fe0cd291-8f79-4212-8568-b4785b2dee12/element/00000000-0000-0032-ffff-ffff00000216/click &amp#27;[39m&amp#27;[32m200&amp#27;[39m &amp#27;[90m49 ms - 14&amp#27;[39m
&amp#27;[38;5;0m[HTTP]&amp#27;[0m &amp#27;[90m&amp#27;[39m
&amp#27;[38;5;0m[HTTP]&amp#27;[0m &amp#27;[37m-->&amp#27;[39m &amp#27;[37mPOST&amp#27;[39m &amp#27;[37m/session/fe0cd291-8f79-4212-8568-b4785b2dee12/element&amp#27;[39m
&amp#27;[38;5;0m[HTTP]&amp#27;[0m &amp#27;[90m{"using":"xpath","value":"//android.widget.TextView[@text='Register']"}&amp#27;[39m
[debug] &amp#27;[38;5;32m[AndroidUiautomator2Driver@b227 (fe0cd291)]&amp#27;[0m Calling AppiumDriver.findElement() with args: ["xpath","//android.widget.TextView[@text='Register']","fe0cd291-8f79-4212-8568-b4785b2dee12"]
[debug] &amp#27;[38;5;32m[AndroidUiautomator2Driver@b227 (fe0cd291)]&amp#27;[0m Valid locator strategies for this request: xpath, id, class name, accessibility id, css selector, -android uiautomator
[debug] &amp#27;[38;5;32m[AndroidUiautomator2Driver@b227 (fe0cd291)]&amp#27;[0m Waiting up to 10000 ms for condition
[debug] &amp#27;[38;5;32m[AndroidUiautomator2Driver@b227 (fe0cd291)]&amp#27;[0m Matched '/element' to command name 'findElement'
[debug] &amp#27;[38;5;32m[AndroidUiautomator2Driver@b227 (fe0cd291)]&amp#27;[0m Proxying [POST /element] to [POST http://127.0.0.1:8200/session/85989a46-cbdd-4bd4-a501-a859808a0843/element] with body: {"strategy":"xpath","selector":"//android.widget.TextView[@text='Register']","context":"","multiple":false}
[debug] &amp#27;[38;5;32m[AndroidUiautomator2Driver@b227 (fe0cd291)]&amp#27;[0m Got response with status 200: {"sessionId":"85989a46-cbdd-4bd4-a501-a859808a0843","value":{"ELEMENT":"00000000-0000-0032-ffff-ffff0000021e","element-6066-11e4-a52e-4f735466cecf":"00000000-0000-0032-ffff-ffff0000021e"}}
[debug] &amp#27;[38;5;32m[AndroidUiautomator2Driver@b227 (fe0cd291)]&amp#27;[0m Responding to client with driver.findElement() result: {"element-6066-11e4-a52e-4f735466cecf":"00000000-0000-0032-ffff-ffff0000021e","ELEMENT":"00000000-0000-0032-ffff-ffff0000021e"}
&amp#27;[38;5;0m[HTTP]&amp#27;[0m &amp#27;[37m<-- POST /session/fe0cd291-8f79-4212-8568-b4785b2dee12/element &amp#27;[39m&amp#27;[32m200&amp#27;[39m &amp#27;[90m31 ms - 137&amp#27;[39m
&amp#27;[38;5;0m[HTTP]&amp#27;[0m &amp#27;[90m&amp#27;[39m
&amp#27;[38;5;0m[HTTP]&amp#27;[0m &amp#27;[37m-->&amp#27;[39m &amp#27;[37mPOST&amp#27;[39m &amp#27;[37m/session/fe0cd291-8f79-4212-8568-b4785b2dee12/element/00000000-0000-0032-ffff-ffff0000021e/click&amp#27;[39m
&amp#27;[38;5;0m[HTTP]&amp#27;[0m &amp#27;[90m{"id":"00000000-0000-0032-ffff-ffff0000021e"}&amp#27;[39m
[debug] &amp#27;[38;5;32m[AndroidUiautomator2Driver@b227 (fe0cd291)]&amp#27;[0m Calling AppiumDriver.click() with args: ["00000000-0000-0032-ffff-ffff0000021e","fe0cd291-8f79-4212-8568-b4785b2dee12"]
[debug] &amp#27;[38;5;32m[AndroidUiautomator2Driver@b227 (fe0cd291)]&amp#27;[0m Matched '/element/00000000-0000-0032-ffff-ffff0000021e/click' to command name 'click'
[debug] &amp#27;[38;5;32m[AndroidUiautomator2Driver@b227 (fe0cd291)]&amp#27;[0m Proxying [POST /element/00000000-0000-0032-ffff-ffff0000021e/click] to [POST http://127.0.0.1:8200/session/85989a46-cbdd-4bd4-a501-a859808a0843/element/00000000-0000-0032-ffff-ffff0000021e/click] with body: {"element":"00000000-0000-0032-ffff-ffff0000021e"}
[debug] &amp#27;[38;5;32m[AndroidUiautomator2Driver@b227 (fe0cd291)]&amp#27;[0m Got response with status 200: {"sessionId":"85989a46-cbdd-4bd4-a501-a859808a0843","value":null}
[debug] &amp#27;[38;5;32m[AndroidUiautomator2Driver@b227 (fe0cd291)]&amp#27;[0m Responding to client with driver.click() result: null
&amp#27;[38;5;0m[HTTP]&amp#27;[0m &amp#27;[37m<-- POST /session/fe0cd291-8f79-4212-8568-b4785b2dee12/element/00000000-0000-0032-ffff-ffff0000021e/click &amp#27;[39m&amp#27;[32m200&amp#27;[39m &amp#27;[90m59 ms - 14&amp#27;[39m
&amp#27;[38;5;0m[HTTP]&amp#27;[0m &amp#27;[90m&amp#27;[39m
&amp#27;[38;5;0m[HTTP]&amp#27;[0m &amp#27;[37m-->&amp#27;[39m &amp#27;[37mPOST&amp#27;[39m &amp#27;[37m/session/fe0cd291-8f79-4212-8568-b4785b2dee12/element&amp#27;[39m
&amp#27;[38;5;0m[HTTP]&amp#27;[0m &amp#27;[90m{"using":"xpath","value":"//android.widget.TextView[@index=7]"}&amp#27;[39m
[debug] &amp#27;[38;5;32m[AndroidUiautomator2Driver@b227 (fe0cd291)]&amp#27;[0m Calling AppiumDriver.findElement() with args: ["xpath","//android.widget.TextView[@index=7]","fe0cd291-8f79-4212-8568-b4785b2dee12"]
[debug] &amp#27;[38;5;32m[AndroidUiautomator2Driver@b227 (fe0cd291)]&amp#27;[0m Valid locator strategies for this request: xpath, id, class name, accessibility id, css selector, -android uiautomator
[debug] &amp#27;[38;5;32m[AndroidUiautomator2Driver@b227 (fe0cd291)]&amp#27;[0m Waiting up to 10000 ms for condition
[debug] &amp#27;[38;5;32m[AndroidUiautomator2Driver@b227 (fe0cd291)]&amp#27;[0m Matched '/element' to command name 'findElement'
[debug] &amp#27;[38;5;32m[AndroidUiautomator2Driver@b227 (fe0cd291)]&amp#27;[0m Proxying [POST /element] to [POST http://127.0.0.1:8200/session/85989a46-cbdd-4bd4-a501-a859808a0843/element] with body: {"strategy":"xpath","selector":"//android.widget.TextView[@index=7]","context":"","multiple":false}
[debug] &amp#27;[38;5;32m[AndroidUiautomator2Driver@b227 (fe0cd291)]&amp#27;[0m Got response with status 200: {"sessionId":"85989a46-cbdd-4bd4-a501-a859808a0843","value":{"ELEMENT":"00000000-0000-0032-ffff-ffff0000020c","element-6066-11e4-a52e-4f735466cecf":"00000000-0000-0032-ffff-ffff0000020c"}}
[debug] &amp#27;[38;5;32m[AndroidUiautomator2Driver@b227 (fe0cd291)]&amp#27;[0m Responding to client with driver.findElement() result: {"element-6066-11e4-a52e-4f735466cecf":"00000000-0000-0032-ffff-ffff0000020c","ELEMENT":"00000000-0000-0032-ffff-ffff0000020c"}
&amp#27;[38;5;0m[HTTP]&amp#27;[0m &amp#27;[37m<-- POST /session/fe0cd291-8f79-4212-8568-b4785b2dee12/element &amp#27;[39m&amp#27;[32m200&amp#27;[39m &amp#27;[90m624 ms - 137&amp#27;[39m
&amp#27;[38;5;0m[HTTP]&amp#27;[0m &amp#27;[90m&amp#27;[39m
&amp#27;[38;5;0m[HTTP]&amp#27;[0m &amp#27;[37m-->&amp#27;[39m &amp#27;[37mPOST&amp#27;[39m &amp#27;[37m/session/fe0cd291-8f79-4212-8568-b4785b2dee12/element&amp#27;[39m
&amp#27;[38;5;0m[HTTP]&amp#27;[0m &amp#27;[90m{"using":"xpath","value":"//android.widget.TextView[@index=7]"}&amp#27;[39m
[debug] &amp#27;[38;5;32m[AndroidUiautomator2Driver@b227 (fe0cd291)]&amp#27;[0m Calling AppiumDriver.findElement() with args: ["xpath","//android.widget.TextView[@index=7]","fe0cd291-8f79-4212-8568-b4785b2dee12"]
[debug] &amp#27;[38;5;32m[AndroidUiautomator2Driver@b227 (fe0cd291)]&amp#27;[0m Valid locator strategies for this request: xpath, id, class name, accessibility id, css selector, -android uiautomator
[debug] &amp#27;[38;5;32m[AndroidUiautomator2Driver@b227 (fe0cd291)]&amp#27;[0m Waiting up to 10000 ms for condition
[debug] &amp#27;[38;5;32m[AndroidUiautomator2Driver@b227 (fe0cd291)]&amp#27;[0m Matched '/element' to command name 'findElement'
[debug] &amp#27;[38;5;32m[AndroidUiautomator2Driver@b227 (fe0cd291)]&amp#27;[0m Proxying [POST /element] to [POST http://127.0.0.1:8200/session/85989a46-cbdd-4bd4-a501-a859808a0843/element] with body: {"strategy":"xpath","selector":"//android.widget.TextView[@index=7]","context":"","multiple":false}
[debug] &amp#27;[38;5;32m[AndroidUiautomator2Driver@b227 (fe0cd291)]&amp#27;[0m Got response with status 200: {"sessionId":"85989a46-cbdd-4bd4-a501-a859808a0843","value":{"ELEMENT":"00000000-0000-0032-ffff-ffff0000020c","element-6066-11e4-a52e-4f735466cecf":"00000000-0000-0032-ffff-ffff0000020c"}}
[debug] &amp#27;[38;5;32m[AndroidUiautomator2Driver@b227 (fe0cd291)]&amp#27;[0m Responding to client with driver.findElement() result: {"element-6066-11e4-a52e-4f735466cecf":"00000000-0000-0032-ffff-ffff0000020c","ELEMENT":"00000000-0000-0032-ffff-ffff0000020c"}
&amp#27;[38;5;0m[HTTP]&amp#27;[0m &amp#27;[37m<-- POST /session/fe0cd291-8f79-4212-8568-b4785b2dee12/element &amp#27;[39m&amp#27;[32m200&amp#27;[39m &amp#27;[90m41 ms - 137&amp#27;[39m
&amp#27;[38;5;0m[HTTP]&amp#27;[0m &amp#27;[90m&amp#27;[39m
&amp#27;[38;5;0m[HTTP]&amp#27;[0m &amp#27;[37m-->&amp#27;[39m &amp#27;[37mGET&amp#27;[39m &amp#27;[37m/session/fe0cd291-8f79-4212-8568-b4785b2dee12/element/00000000-0000-0032-ffff-ffff0000020c/text&amp#27;[39m
&amp#27;[38;5;0m[HTTP]&amp#27;[0m &amp#27;[90m{}&amp#27;[39m
&amp#27;[38;5;32m[AndroidUiautomator2Driver@b227 (fe0cd291)]&amp#27;[0m Driver proxy active, passing request on via HTTP proxy
[debug] &amp#27;[38;5;32m[AndroidUiautomator2Driver@b227 (fe0cd291)]&amp#27;[0m Matched '/session/fe0cd291-8f79-4212-8568-b4785b2dee12/element/00000000-0000-0032-ffff-ffff0000020c/text' to command name 'getText'
[debug] &amp#27;[38;5;32m[AndroidUiautomator2Driver@b227 (fe0cd291)]&amp#27;[0m Proxying [GET /session/fe0cd291-8f79-4212-8568-b4785b2dee12/element/00000000-0000-0032-ffff-ffff0000020c/text] to [GET http://127.0.0.1:8200/session/85989a46-cbdd-4bd4-a501-a859808a0843/element/00000000-0000-0032-ffff-ffff0000020c/text] with no body
[debug] &amp#27;[38;5;32m[AndroidUiautomator2Driver@b227 (fe0cd291)]&amp#27;[0m Got response with status 200: {"sessionId":"85989a46-cbdd-4bd4-a501-a859808a0843","value":"This domain is not supported on Quickteller. Kindly use another email address"}
&amp#27;[38;5;32m[AndroidUiautomator2Driver@b227 (fe0cd291)]&amp#27;[0m Replacing sessionId 85989a46-cbdd-4bd4-a501-a859808a0843 with fe0cd291-8f79-4212-8568-b4785b2dee12
&amp#27;[38;5;0m[HTTP]&amp#27;[0m &amp#27;[37m<-- GET /session/fe0cd291-8f79-4212-8568-b4785b2dee12/element/00000000-0000-0032-ffff-ffff0000020c/text &amp#27;[39m&amp#27;[32m200&amp#27;[39m &amp#27;[90m10 ms - 140&amp#27;[39m
&amp#27;[38;5;0m[HTTP]&amp#27;[0m &amp#27;[90m&amp#27;[39m
]]></system-out>
  </testcase>
  <testcase name="Testcase_One[gmain.com](11)" classname="testcases.Android.DisposableDomain_QTM_2874" time="8.139">
    <system-out><![CDATA[&amp#27;[38;5;0m[HTTP]&amp#27;[0m &amp#27;[37m-->&amp#27;[39m &amp#27;[37mPOST&amp#27;[39m &amp#27;[37m/session/fe0cd291-8f79-4212-8568-b4785b2dee12/element&amp#27;[39m
&amp#27;[38;5;0m[HTTP]&amp#27;[0m &amp#27;[90m{"using":"xpath","value":"//android.widget.TextView[@index=0]"}&amp#27;[39m
[debug] &amp#27;[38;5;32m[AndroidUiautomator2Driver@b227 (fe0cd291)]&amp#27;[0m Calling AppiumDriver.findElement() with args: ["xpath","//android.widget.TextView[@index=0]","fe0cd291-8f79-4212-8568-b4785b2dee12"]
[debug] &amp#27;[38;5;32m[AndroidUiautomator2Driver@b227 (fe0cd291)]&amp#27;[0m Valid locator strategies for this request: xpath, id, class name, accessibility id, css selector, -android uiautomator
[debug] &amp#27;[38;5;32m[AndroidUiautomator2Driver@b227 (fe0cd291)]&amp#27;[0m Waiting up to 10000 ms for condition
[debug] &amp#27;[38;5;32m[AndroidUiautomator2Driver@b227 (fe0cd291)]&amp#27;[0m Matched '/element' to command name 'findElement'
[debug] &amp#27;[38;5;32m[AndroidUiautomator2Driver@b227 (fe0cd291)]&amp#27;[0m Proxying [POST /element] to [POST http://127.0.0.1:8200/session/85989a46-cbdd-4bd4-a501-a859808a0843/element] with body: {"strategy":"xpath","selector":"//android.widget.TextView[@index=0]","context":"","multiple":false}
[debug] &amp#27;[38;5;32m[AndroidUiautomator2Driver@b227 (fe0cd291)]&amp#27;[0m Got response with status 200: {"sessionId":"85989a46-cbdd-4bd4-a501-a859808a0843","value":{"ELEMENT":"00000000-0000-0032-ffff-ffff00000200","element-6066-11e4-a52e-4f735466cecf":"00000000-0000-0032-ffff-ffff00000200"}}
[debug] &amp#27;[38;5;32m[AndroidUiautomator2Driver@b227 (fe0cd291)]&amp#27;[0m Responding to client with driver.findElement() result: {"element-6066-11e4-a52e-4f735466cecf":"00000000-0000-0032-ffff-ffff00000200","ELEMENT":"00000000-0000-0032-ffff-ffff00000200"}
&amp#27;[38;5;0m[HTTP]&amp#27;[0m &amp#27;[37m<-- POST /session/fe0cd291-8f79-4212-8568-b4785b2dee12/element &amp#27;[39m&amp#27;[32m200&amp#27;[39m &amp#27;[90m31 ms - 137&amp#27;[39m
&amp#27;[38;5;0m[HTTP]&amp#27;[0m &amp#27;[90m&amp#27;[39m
&amp#27;[38;5;0m[HTTP]&amp#27;[0m &amp#27;[37m-->&amp#27;[39m &amp#27;[37mPOST&amp#27;[39m &amp#27;[37m/session/fe0cd291-8f79-4212-8568-b4785b2dee12/element/00000000-0000-0032-ffff-ffff00000200/click&amp#27;[39m
&amp#27;[38;5;0m[HTTP]&amp#27;[0m &amp#27;[90m{"id":"00000000-0000-0032-ffff-ffff00000200"}&amp#27;[39m
[debug] &amp#27;[38;5;32m[AndroidUiautomator2Driver@b227 (fe0cd291)]&amp#27;[0m Calling AppiumDriver.click() with args: ["00000000-0000-0032-ffff-ffff00000200","fe0cd291-8f79-4212-8568-b4785b2dee12"]
[debug] &amp#27;[38;5;32m[AndroidUiautomator2Driver@b227 (fe0cd291)]&amp#27;[0m Matched '/element/00000000-0000-0032-ffff-ffff00000200/click' to command name 'click'
[debug] &amp#27;[38;5;32m[AndroidUiautomator2Driver@b227 (fe0cd291)]&amp#27;[0m Proxying [POST /element/00000000-0000-0032-ffff-ffff00000200/click] to [POST http://127.0.0.1:8200/session/85989a46-cbdd-4bd4-a501-a859808a0843/element/00000000-0000-0032-ffff-ffff00000200/click] with body: {"element":"00000000-0000-0032-ffff-ffff00000200"}
[debug] &amp#27;[38;5;32m[AndroidUiautomator2Driver@b227 (fe0cd291)]&amp#27;[0m Got response with status 200: {"sessionId":"85989a46-cbdd-4bd4-a501-a859808a0843","value":null}
[debug] &amp#27;[38;5;32m[AndroidUiautomator2Driver@b227 (fe0cd291)]&amp#27;[0m Responding to client with driver.click() result: null
&amp#27;[38;5;0m[HTTP]&amp#27;[0m &amp#27;[37m<-- POST /session/fe0cd291-8f79-4212-8568-b4785b2dee12/element/00000000-0000-0032-ffff-ffff00000200/click &amp#27;[39m&amp#27;[32m200&amp#27;[39m &amp#27;[90m53 ms - 14&amp#27;[39m
&amp#27;[38;5;0m[HTTP]&amp#27;[0m &amp#27;[90m&amp#27;[39m
&amp#27;[38;5;0m[HTTP]&amp#27;[0m &amp#27;[37m-->&amp#27;[39m &amp#27;[37mPOST&amp#27;[39m &amp#27;[37m/session/fe0cd291-8f79-4212-8568-b4785b2dee12/timeouts&amp#27;[39m
&amp#27;[38;5;0m[HTTP]&amp#27;[0m &amp#27;[90m{"implicit":6000}&amp#27;[39m
[debug] &amp#27;[38;5;32m[AndroidUiautomator2Driver@b227 (fe0cd291)]&amp#27;[0m Calling AppiumDriver.timeouts() with args: [null,null,null,null,6000,"fe0cd291-8f79-4212-8568-b4785b2dee12"]
[debug] &amp#27;[38;5;32m[AndroidUiautomator2Driver@b227 (fe0cd291)]&amp#27;[0m W3C timeout argument: {"implicit":6000}}
[debug] &amp#27;[38;5;32m[AndroidUiautomator2Driver@b227 (fe0cd291)]&amp#27;[0m Set implicit wait to 6000ms
[debug] &amp#27;[38;5;32m[AndroidUiautomator2Driver@b227 (fe0cd291)]&amp#27;[0m Responding to client with driver.timeouts() result: null
&amp#27;[38;5;0m[HTTP]&amp#27;[0m &amp#27;[37m<-- POST /session/fe0cd291-8f79-4212-8568-b4785b2dee12/timeouts &amp#27;[39m&amp#27;[32m200&amp#27;[39m &amp#27;[90m1 ms - 14&amp#27;[39m
&amp#27;[38;5;0m[HTTP]&amp#27;[0m &amp#27;[90m&amp#27;[39m
&amp#27;[38;5;0m[HTTP]&amp#27;[0m &amp#27;[37m-->&amp#27;[39m &amp#27;[37mPOST&amp#27;[39m &amp#27;[37m/session/fe0cd291-8f79-4212-8568-b4785b2dee12/element&amp#27;[39m
&amp#27;[38;5;0m[HTTP]&amp#27;[0m &amp#27;[90m{"using":"xpath","value":"//android.widget.Button[@text='Allow']"}&amp#27;[39m
[debug] &amp#27;[38;5;32m[AndroidUiautomator2Driver@b227 (fe0cd291)]&amp#27;[0m Calling AppiumDriver.findElement() with args: ["xpath","//android.widget.Button[@text='Allow']","fe0cd291-8f79-4212-8568-b4785b2dee12"]
[debug] &amp#27;[38;5;32m[AndroidUiautomator2Driver@b227 (fe0cd291)]&amp#27;[0m Valid locator strategies for this request: xpath, id, class name, accessibility id, css selector, -android uiautomator
[debug] &amp#27;[38;5;32m[AndroidUiautomator2Driver@b227 (fe0cd291)]&amp#27;[0m Waiting up to 6000 ms for condition
[debug] &amp#27;[38;5;32m[AndroidUiautomator2Driver@b227 (fe0cd291)]&amp#27;[0m Matched '/element' to command name 'findElement'
[debug] &amp#27;[38;5;32m[AndroidUiautomator2Driver@b227 (fe0cd291)]&amp#27;[0m Proxying [POST /element] to [POST http://127.0.0.1:8200/session/85989a46-cbdd-4bd4-a501-a859808a0843/element] with body: {"strategy":"xpath","selector":"//android.widget.Button[@text='Allow']","context":"","multiple":false}
&amp#27;[38;5;32m[AndroidUiautomator2Driver@b227 (fe0cd291)]&amp#27;[0m Got response with status 404: {"sessionId":"85989a46-cbdd-4bd4-a501-a859808a0843","value":{"error":"no such element","message":"An element could not be located on the page using the given search parameters","stacktrace":"io.appium.uiautomator2.common.exceptions.ElementNotFoundException: An element could not be located on the page using the given search parameters\n\tat io.appium.uiautomator2.utils.ElementLocationHelpers.findElement(ElementLocationHelpers.java:156)\n\tat io.appium.uiautomator2.handler.FindElement.safeHandle(FindElement.java:60)\n\tat io.appium.uiautomator2.handler.request.SafeRequestHandler.handle(SafeRequestHandler.java:59)\n\tat io.appium.uiautomator2.server.AppiumServlet.handleRequest(AppiumServlet.java:277)\n\tat io.appium.uiautomator2.server.AppiumServlet.handleHttpRequest(AppiumServlet.java:271)\n\tat io.appium.uiautomator2.http.ServerHandler.channelRead(ServerHandler.java:68)\n\tat io.netty.channel.AbstractChannelHandlerContext.invokeChannelRead(AbstractChannelHandlerContext.java:366)\n\tat io.netty.channel.Abstr...
[debug] &amp#27;[38;5;128m[W3C]&amp#27;[0m Matched W3C error code 'no such element' to NoSuchElementError
[debug] &amp#27;[38;5;32m[AndroidUiautomator2Driver@b227 (fe0cd291)]&amp#27;[0m Waited for 69 ms so far
[debug] &amp#27;[38;5;32m[AndroidUiautomator2Driver@b227 (fe0cd291)]&amp#27;[0m Matched '/element' to command name 'findElement'
[debug] &amp#27;[38;5;32m[AndroidUiautomator2Driver@b227 (fe0cd291)]&amp#27;[0m Proxying [POST /element] to [POST http://127.0.0.1:8200/session/85989a46-cbdd-4bd4-a501-a859808a0843/element] with body: {"strategy":"xpath","selector":"//android.widget.Button[@text='Allow']","context":"","multiple":false}
&amp#27;[38;5;32m[AndroidUiautomator2Driver@b227 (fe0cd291)]&amp#27;[0m Got response with status 404: {"sessionId":"85989a46-cbdd-4bd4-a501-a859808a0843","value":{"error":"no such element","message":"An element could not be located on the page using the given search parameters","stacktrace":"io.appium.uiautomator2.common.exceptions.ElementNotFoundException: An element could not be located on the page using the given search parameters\n\tat io.appium.uiautomator2.utils.ElementLocationHelpers.findElement(ElementLocationHelpers.java:156)\n\tat io.appium.uiautomator2.handler.FindElement.safeHandle(FindElement.java:60)\n\tat io.appium.uiautomator2.handler.request.SafeRequestHandler.handle(SafeRequestHandler.java:59)\n\tat io.appium.uiautomator2.server.AppiumServlet.handleRequest(AppiumServlet.java:277)\n\tat io.appium.uiautomator2.server.AppiumServlet.handleHttpRequest(AppiumServlet.java:271)\n\tat io.appium.uiautomator2.http.ServerHandler.channelRead(ServerHandler.java:68)\n\tat io.netty.channel.AbstractChannelHandlerContext.invokeChannelRead(AbstractChannelHandlerContext.java:366)\n\tat io.netty.channel.Abstr...
[debug] &amp#27;[38;5;128m[W3C]&amp#27;[0m Matched W3C error code 'no such element' to NoSuchElementError
[debug] &amp#27;[38;5;32m[AndroidUiautomator2Driver@b227 (fe0cd291)]&amp#27;[0m Waited for 978 ms so far
[debug] &amp#27;[38;5;32m[AndroidUiautomator2Driver@b227 (fe0cd291)]&amp#27;[0m Matched '/element' to command name 'findElement'
[debug] &amp#27;[38;5;32m[AndroidUiautomator2Driver@b227 (fe0cd291)]&amp#27;[0m Proxying [POST /element] to [POST http://127.0.0.1:8200/session/85989a46-cbdd-4bd4-a501-a859808a0843/element] with body: {"strategy":"xpath","selector":"//android.widget.Button[@text='Allow']","context":"","multiple":false}
&amp#27;[38;5;32m[AndroidUiautomator2Driver@b227 (fe0cd291)]&amp#27;[0m Got response with status 404: {"sessionId":"85989a46-cbdd-4bd4-a501-a859808a0843","value":{"error":"no such element","message":"An element could not be located on the page using the given search parameters","stacktrace":"io.appium.uiautomator2.common.exceptions.ElementNotFoundException: An element could not be located on the page using the given search parameters\n\tat io.appium.uiautomator2.utils.ElementLocationHelpers.findElement(ElementLocationHelpers.java:156)\n\tat io.appium.uiautomator2.handler.FindElement.safeHandle(FindElement.java:60)\n\tat io.appium.uiautomator2.handler.request.SafeRequestHandler.handle(SafeRequestHandler.java:59)\n\tat io.appium.uiautomator2.server.AppiumServlet.handleRequest(AppiumServlet.java:277)\n\tat io.appium.uiautomator2.server.AppiumServlet.handleHttpRequest(AppiumServlet.java:271)\n\tat io.appium.uiautomator2.http.ServerHandler.channelRead(ServerHandler.java:68)\n\tat io.netty.channel.AbstractChannelHandlerContext.invokeChannelRead(AbstractChannelHandlerContext.java:366)\n\tat io.netty.channel.Abstr...
[debug] &amp#27;[38;5;128m[W3C]&amp#27;[0m Matched W3C error code 'no such element' to NoSuchElementError
[debug] &amp#27;[38;5;32m[AndroidUiautomator2Driver@b227 (fe0cd291)]&amp#27;[0m Waited for 1506 ms so far
[debug] &amp#27;[38;5;32m[AndroidUiautomator2Driver@b227 (fe0cd291)]&amp#27;[0m Matched '/element' to command name 'findElement'
[debug] &amp#27;[38;5;32m[AndroidUiautomator2Driver@b227 (fe0cd291)]&amp#27;[0m Proxying [POST /element] to [POST http://127.0.0.1:8200/session/85989a46-cbdd-4bd4-a501-a859808a0843/element] with body: {"strategy":"xpath","selector":"//android.widget.Button[@text='Allow']","context":"","multiple":false}
&amp#27;[38;5;32m[AndroidUiautomator2Driver@b227 (fe0cd291)]&amp#27;[0m Got response with status 404: {"sessionId":"85989a46-cbdd-4bd4-a501-a859808a0843","value":{"error":"no such element","message":"An element could not be located on the page using the given search parameters","stacktrace":"io.appium.uiautomator2.common.exceptions.ElementNotFoundException: An element could not be located on the page using the given search parameters\n\tat io.appium.uiautomator2.utils.ElementLocationHelpers.findElement(ElementLocationHelpers.java:156)\n\tat io.appium.uiautomator2.handler.FindElement.safeHandle(FindElement.java:60)\n\tat io.appium.uiautomator2.handler.request.SafeRequestHandler.handle(SafeRequestHandler.java:59)\n\tat io.appium.uiautomator2.server.AppiumServlet.handleRequest(AppiumServlet.java:277)\n\tat io.appium.uiautomator2.server.AppiumServlet.handleHttpRequest(AppiumServlet.java:271)\n\tat io.appium.uiautomator2.http.ServerHandler.channelRead(ServerHandler.java:68)\n\tat io.netty.channel.AbstractChannelHandlerContext.invokeChannelRead(AbstractChannelHandlerContext.java:366)\n\tat io.netty.channel.Abstr...
[debug] &amp#27;[38;5;128m[W3C]&amp#27;[0m Matched W3C error code 'no such element' to NoSuchElementError
[debug] &amp#27;[38;5;32m[AndroidUiautomator2Driver@b227 (fe0cd291)]&amp#27;[0m Waited for 2036 ms so far
[debug] &amp#27;[38;5;32m[AndroidUiautomator2Driver@b227 (fe0cd291)]&amp#27;[0m Matched '/element' to command name 'findElement'
[debug] &amp#27;[38;5;32m[AndroidUiautomator2Driver@b227 (fe0cd291)]&amp#27;[0m Proxying [POST /element] to [POST http://127.0.0.1:8200/session/85989a46-cbdd-4bd4-a501-a859808a0843/element] with body: {"strategy":"xpath","selector":"//android.widget.Button[@text='Allow']","context":"","multiple":false}
&amp#27;[38;5;32m[AndroidUiautomator2Driver@b227 (fe0cd291)]&amp#27;[0m Got response with status 404: {"sessionId":"85989a46-cbdd-4bd4-a501-a859808a0843","value":{"error":"no such element","message":"An element could not be located on the page using the given search parameters","stacktrace":"io.appium.uiautomator2.common.exceptions.ElementNotFoundException: An element could not be located on the page using the given search parameters\n\tat io.appium.uiautomator2.utils.ElementLocationHelpers.findElement(ElementLocationHelpers.java:156)\n\tat io.appium.uiautomator2.handler.FindElement.safeHandle(FindElement.java:60)\n\tat io.appium.uiautomator2.handler.request.SafeRequestHandler.handle(SafeRequestHandler.java:59)\n\tat io.appium.uiautomator2.server.AppiumServlet.handleRequest(AppiumServlet.java:277)\n\tat io.appium.uiautomator2.server.AppiumServlet.handleHttpRequest(AppiumServlet.java:271)\n\tat io.appium.uiautomator2.http.ServerHandler.channelRead(ServerHandler.java:68)\n\tat io.netty.channel.AbstractChannelHandlerContext.invokeChannelRead(AbstractChannelHandlerContext.java:366)\n\tat io.netty.channel.Abstr...
[debug] &amp#27;[38;5;128m[W3C]&amp#27;[0m Matched W3C error code 'no such element' to NoSuchElementError
[debug] &amp#27;[38;5;32m[AndroidUiautomator2Driver@b227 (fe0cd291)]&amp#27;[0m Waited for 2561 ms so far
[debug] &amp#27;[38;5;32m[AndroidUiautomator2Driver@b227 (fe0cd291)]&amp#27;[0m Matched '/element' to command name 'findElement'
[debug] &amp#27;[38;5;32m[AndroidUiautomator2Driver@b227 (fe0cd291)]&amp#27;[0m Proxying [POST /element] to [POST http://127.0.0.1:8200/session/85989a46-cbdd-4bd4-a501-a859808a0843/element] with body: {"strategy":"xpath","selector":"//android.widget.Button[@text='Allow']","context":"","multiple":false}
&amp#27;[38;5;32m[AndroidUiautomator2Driver@b227 (fe0cd291)]&amp#27;[0m Got response with status 404: {"sessionId":"85989a46-cbdd-4bd4-a501-a859808a0843","value":{"error":"no such element","message":"An element could not be located on the page using the given search parameters","stacktrace":"io.appium.uiautomator2.common.exceptions.ElementNotFoundException: An element could not be located on the page using the given search parameters\n\tat io.appium.uiautomator2.utils.ElementLocationHelpers.findElement(ElementLocationHelpers.java:156)\n\tat io.appium.uiautomator2.handler.FindElement.safeHandle(FindElement.java:60)\n\tat io.appium.uiautomator2.handler.request.SafeRequestHandler.handle(SafeRequestHandler.java:59)\n\tat io.appium.uiautomator2.server.AppiumServlet.handleRequest(AppiumServlet.java:277)\n\tat io.appium.uiautomator2.server.AppiumServlet.handleHttpRequest(AppiumServlet.java:271)\n\tat io.appium.uiautomator2.http.ServerHandler.channelRead(ServerHandler.java:68)\n\tat io.netty.channel.AbstractChannelHandlerContext.invokeChannelRead(AbstractChannelHandlerContext.java:366)\n\tat io.netty.channel.Abstr...
[debug] &amp#27;[38;5;128m[W3C]&amp#27;[0m Matched W3C error code 'no such element' to NoSuchElementError
[debug] &amp#27;[38;5;32m[AndroidUiautomator2Driver@b227 (fe0cd291)]&amp#27;[0m Waited for 3096 ms so far
[debug] &amp#27;[38;5;32m[AndroidUiautomator2Driver@b227 (fe0cd291)]&amp#27;[0m Matched '/element' to command name 'findElement'
[debug] &amp#27;[38;5;32m[AndroidUiautomator2Driver@b227 (fe0cd291)]&amp#27;[0m Proxying [POST /element] to [POST http://127.0.0.1:8200/session/85989a46-cbdd-4bd4-a501-a859808a0843/element] with body: {"strategy":"xpath","selector":"//android.widget.Button[@text='Allow']","context":"","multiple":false}
&amp#27;[38;5;32m[AndroidUiautomator2Driver@b227 (fe0cd291)]&amp#27;[0m Got response with status 404: {"sessionId":"85989a46-cbdd-4bd4-a501-a859808a0843","value":{"error":"no such element","message":"An element could not be located on the page using the given search parameters","stacktrace":"io.appium.uiautomator2.common.exceptions.ElementNotFoundException: An element could not be located on the page using the given search parameters\n\tat io.appium.uiautomator2.utils.ElementLocationHelpers.findElement(ElementLocationHelpers.java:156)\n\tat io.appium.uiautomator2.handler.FindElement.safeHandle(FindElement.java:60)\n\tat io.appium.uiautomator2.handler.request.SafeRequestHandler.handle(SafeRequestHandler.java:59)\n\tat io.appium.uiautomator2.server.AppiumServlet.handleRequest(AppiumServlet.java:277)\n\tat io.appium.uiautomator2.server.AppiumServlet.handleHttpRequest(AppiumServlet.java:271)\n\tat io.appium.uiautomator2.http.ServerHandler.channelRead(ServerHandler.java:68)\n\tat io.netty.channel.AbstractChannelHandlerContext.invokeChannelRead(AbstractChannelHandlerContext.java:366)\n\tat io.netty.channel.Abstr...
[debug] &amp#27;[38;5;128m[W3C]&amp#27;[0m Matched W3C error code 'no such element' to NoSuchElementError
[debug] &amp#27;[38;5;32m[AndroidUiautomator2Driver@b227 (fe0cd291)]&amp#27;[0m Waited for 3621 ms so far
[debug] &amp#27;[38;5;32m[AndroidUiautomator2Driver@b227 (fe0cd291)]&amp#27;[0m Matched '/element' to command name 'findElement'
[debug] &amp#27;[38;5;32m[AndroidUiautomator2Driver@b227 (fe0cd291)]&amp#27;[0m Proxying [POST /element] to [POST http://127.0.0.1:8200/session/85989a46-cbdd-4bd4-a501-a859808a0843/element] with body: {"strategy":"xpath","selector":"//android.widget.Button[@text='Allow']","context":"","multiple":false}
&amp#27;[38;5;32m[AndroidUiautomator2Driver@b227 (fe0cd291)]&amp#27;[0m Got response with status 404: {"sessionId":"85989a46-cbdd-4bd4-a501-a859808a0843","value":{"error":"no such element","message":"An element could not be located on the page using the given search parameters","stacktrace":"io.appium.uiautomator2.common.exceptions.ElementNotFoundException: An element could not be located on the page using the given search parameters\n\tat io.appium.uiautomator2.utils.ElementLocationHelpers.findElement(ElementLocationHelpers.java:156)\n\tat io.appium.uiautomator2.handler.FindElement.safeHandle(FindElement.java:60)\n\tat io.appium.uiautomator2.handler.request.SafeRequestHandler.handle(SafeRequestHandler.java:59)\n\tat io.appium.uiautomator2.server.AppiumServlet.handleRequest(AppiumServlet.java:277)\n\tat io.appium.uiautomator2.server.AppiumServlet.handleHttpRequest(AppiumServlet.java:271)\n\tat io.appium.uiautomator2.http.ServerHandler.channelRead(ServerHandler.java:68)\n\tat io.netty.channel.AbstractChannelHandlerContext.invokeChannelRead(AbstractChannelHandlerContext.java:366)\n\tat io.netty.channel.Abstr...
[debug] &amp#27;[38;5;128m[W3C]&amp#27;[0m Matched W3C error code 'no such element' to NoSuchElementError
[debug] &amp#27;[38;5;32m[AndroidUiautomator2Driver@b227 (fe0cd291)]&amp#27;[0m Waited for 4141 ms so far
[debug] &amp#27;[38;5;32m[AndroidUiautomator2Driver@b227 (fe0cd291)]&amp#27;[0m Matched '/element' to command name 'findElement'
[debug] &amp#27;[38;5;32m[AndroidUiautomator2Driver@b227 (fe0cd291)]&amp#27;[0m Proxying [POST /element] to [POST http://127.0.0.1:8200/session/85989a46-cbdd-4bd4-a501-a859808a0843/element] with body: {"strategy":"xpath","selector":"//android.widget.Button[@text='Allow']","context":"","multiple":false}
&amp#27;[38;5;32m[AndroidUiautomator2Driver@b227 (fe0cd291)]&amp#27;[0m Got response with status 404: {"sessionId":"85989a46-cbdd-4bd4-a501-a859808a0843","value":{"error":"no such element","message":"An element could not be located on the page using the given search parameters","stacktrace":"io.appium.uiautomator2.common.exceptions.ElementNotFoundException: An element could not be located on the page using the given search parameters\n\tat io.appium.uiautomator2.utils.ElementLocationHelpers.findElement(ElementLocationHelpers.java:156)\n\tat io.appium.uiautomator2.handler.FindElement.safeHandle(FindElement.java:60)\n\tat io.appium.uiautomator2.handler.request.SafeRequestHandler.handle(SafeRequestHandler.java:59)\n\tat io.appium.uiautomator2.server.AppiumServlet.handleRequest(AppiumServlet.java:277)\n\tat io.appium.uiautomator2.server.AppiumServlet.handleHttpRequest(AppiumServlet.java:271)\n\tat io.appium.uiautomator2.http.ServerHandler.channelRead(ServerHandler.java:68)\n\tat io.netty.channel.AbstractChannelHandlerContext.invokeChannelRead(AbstractChannelHandlerContext.java:366)\n\tat io.netty.channel.Abstr...
[debug] &amp#27;[38;5;128m[W3C]&amp#27;[0m Matched W3C error code 'no such element' to NoSuchElementError
[debug] &amp#27;[38;5;32m[AndroidUiautomator2Driver@b227 (fe0cd291)]&amp#27;[0m Waited for 4671 ms so far
[debug] &amp#27;[38;5;32m[AndroidUiautomator2Driver@b227 (fe0cd291)]&amp#27;[0m Matched '/element' to command name 'findElement'
[debug] &amp#27;[38;5;32m[AndroidUiautomator2Driver@b227 (fe0cd291)]&amp#27;[0m Proxying [POST /element] to [POST http://127.0.0.1:8200/session/85989a46-cbdd-4bd4-a501-a859808a0843/element] with body: {"strategy":"xpath","selector":"//android.widget.Button[@text='Allow']","context":"","multiple":false}
&amp#27;[38;5;32m[AndroidUiautomator2Driver@b227 (fe0cd291)]&amp#27;[0m Got response with status 404: {"sessionId":"85989a46-cbdd-4bd4-a501-a859808a0843","value":{"error":"no such element","message":"An element could not be located on the page using the given search parameters","stacktrace":"io.appium.uiautomator2.common.exceptions.ElementNotFoundException: An element could not be located on the page using the given search parameters\n\tat io.appium.uiautomator2.utils.ElementLocationHelpers.findElement(ElementLocationHelpers.java:156)\n\tat io.appium.uiautomator2.handler.FindElement.safeHandle(FindElement.java:60)\n\tat io.appium.uiautomator2.handler.request.SafeRequestHandler.handle(SafeRequestHandler.java:59)\n\tat io.appium.uiautomator2.server.AppiumServlet.handleRequest(AppiumServlet.java:277)\n\tat io.appium.uiautomator2.server.AppiumServlet.handleHttpRequest(AppiumServlet.java:271)\n\tat io.appium.uiautomator2.http.ServerHandler.channelRead(ServerHandler.java:68)\n\tat io.netty.channel.AbstractChannelHandlerContext.invokeChannelRead(AbstractChannelHandlerContext.java:366)\n\tat io.netty.channel.Abstr...
[debug] &amp#27;[38;5;128m[W3C]&amp#27;[0m Matched W3C error code 'no such element' to NoSuchElementError
[debug] &amp#27;[38;5;32m[AndroidUiautomator2Driver@b227 (fe0cd291)]&amp#27;[0m Waited for 5203 ms so far
[debug] &amp#27;[38;5;32m[AndroidUiautomator2Driver@b227 (fe0cd291)]&amp#27;[0m Matched '/element' to command name 'findElement'
[debug] &amp#27;[38;5;32m[AndroidUiautomator2Driver@b227 (fe0cd291)]&amp#27;[0m Proxying [POST /element] to [POST http://127.0.0.1:8200/session/85989a46-cbdd-4bd4-a501-a859808a0843/element] with body: {"strategy":"xpath","selector":"//android.widget.Button[@text='Allow']","context":"","multiple":false}
&amp#27;[38;5;32m[AndroidUiautomator2Driver@b227 (fe0cd291)]&amp#27;[0m Got response with status 404: {"sessionId":"85989a46-cbdd-4bd4-a501-a859808a0843","value":{"error":"no such element","message":"An element could not be located on the page using the given search parameters","stacktrace":"io.appium.uiautomator2.common.exceptions.ElementNotFoundException: An element could not be located on the page using the given search parameters\n\tat io.appium.uiautomator2.utils.ElementLocationHelpers.findElement(ElementLocationHelpers.java:156)\n\tat io.appium.uiautomator2.handler.FindElement.safeHandle(FindElement.java:60)\n\tat io.appium.uiautomator2.handler.request.SafeRequestHandler.handle(SafeRequestHandler.java:59)\n\tat io.appium.uiautomator2.server.AppiumServlet.handleRequest(AppiumServlet.java:277)\n\tat io.appium.uiautomator2.server.AppiumServlet.handleHttpRequest(AppiumServlet.java:271)\n\tat io.appium.uiautomator2.http.ServerHandler.channelRead(ServerHandler.java:68)\n\tat io.netty.channel.AbstractChannelHandlerContext.invokeChannelRead(AbstractChannelHandlerContext.java:366)\n\tat io.netty.channel.Abstr...
[debug] &amp#27;[38;5;128m[W3C]&amp#27;[0m Matched W3C error code 'no such element' to NoSuchElementError
[debug] &amp#27;[38;5;32m[AndroidUiautomator2Driver@b227 (fe0cd291)]&amp#27;[0m Waited for 5738 ms so far
[debug] &amp#27;[38;5;32m[AndroidUiautomator2Driver@b227 (fe0cd291)]&amp#27;[0m Matched '/element' to command name 'findElement'
[debug] &amp#27;[38;5;32m[AndroidUiautomator2Driver@b227 (fe0cd291)]&amp#27;[0m Proxying [POST /element] to [POST http://127.0.0.1:8200/session/85989a46-cbdd-4bd4-a501-a859808a0843/element] with body: {"strategy":"xpath","selector":"//android.widget.Button[@text='Allow']","context":"","multiple":false}
&amp#27;[38;5;32m[AndroidUiautomator2Driver@b227 (fe0cd291)]&amp#27;[0m Got response with status 404: {"sessionId":"85989a46-cbdd-4bd4-a501-a859808a0843","value":{"error":"no such element","message":"An element could not be located on the page using the given search parameters","stacktrace":"io.appium.uiautomator2.common.exceptions.ElementNotFoundException: An element could not be located on the page using the given search parameters\n\tat io.appium.uiautomator2.utils.ElementLocationHelpers.findElement(ElementLocationHelpers.java:156)\n\tat io.appium.uiautomator2.handler.FindElement.safeHandle(FindElement.java:60)\n\tat io.appium.uiautomator2.handler.request.SafeRequestHandler.handle(SafeRequestHandler.java:59)\n\tat io.appium.uiautomator2.server.AppiumServlet.handleRequest(AppiumServlet.java:277)\n\tat io.appium.uiautomator2.server.AppiumServlet.handleHttpRequest(AppiumServlet.java:271)\n\tat io.appium.uiautomator2.http.ServerHandler.channelRead(ServerHandler.java:68)\n\tat io.netty.channel.AbstractChannelHandlerContext.invokeChannelRead(AbstractChannelHandlerContext.java:366)\n\tat io.netty.channel.Abstr...
[debug] &amp#27;[38;5;128m[W3C]&amp#27;[0m Matched W3C error code 'no such element' to NoSuchElementError
[debug] &amp#27;[38;5;32m[AndroidUiautomator2Driver@b227 (fe0cd291)]&amp#27;[0m Encountered internal error running command: NoSuchElementError: An element could not be located on the page using the given search parameters.
[debug] &amp#27;[38;5;32m[AndroidUiautomator2Driver@b227 (fe0cd291)]&amp#27;[0m     at AndroidUiautomator2Driver.findElOrEls (C:\Users\daniel.ogagavworia\.appium\node_modules\appium-uiautomator2-driver\node_modules\appium-android-driver\lib\commands\find.js:75:11)
[debug] &amp#27;[38;5;32m[AndroidUiautomator2Driver@b227 (fe0cd291)]&amp#27;[0m     at processTicksAndRejections (node:internal/process/task_queues:95:5)
[debug] &amp#27;[38;5;32m[AndroidUiautomator2Driver@b227 (fe0cd291)]&amp#27;[0m     at AndroidUiautomator2Driver.findElOrElsWithProcessing (C:\Users\daniel.ogagavworia\AppData\Roaming\npm\node_modules\appium\node_modules\@appium\base-driver\lib\basedriver\commands\find.ts:60:12)
[debug] &amp#27;[38;5;32m[AndroidUiautomator2Driver@b227 (fe0cd291)]&amp#27;[0m     at AndroidUiautomator2Driver.findElement (C:\Users\daniel.ogagavworia\AppData\Roaming\npm\node_modules\appium\node_modules\@appium\base-driver\lib\basedriver\commands\find.ts:75:12)
&amp#27;[38;5;0m[HTTP]&amp#27;[0m &amp#27;[37m<-- POST /session/fe0cd291-8f79-4212-8568-b4785b2dee12/element &amp#27;[39m&amp#27;[33m404&amp#27;[39m &amp#27;[90m6029 ms - 929&amp#27;[39m
&amp#27;[38;5;0m[HTTP]&amp#27;[0m &amp#27;[90m&amp#27;[39m
&amp#27;[38;5;0m[HTTP]&amp#27;[0m &amp#27;[37m-->&amp#27;[39m &amp#27;[37mPOST&amp#27;[39m &amp#27;[37m/session/fe0cd291-8f79-4212-8568-b4785b2dee12/element&amp#27;[39m
&amp#27;[38;5;0m[HTTP]&amp#27;[0m &amp#27;[90m{"using":"xpath","value":"//android.widget.TextView[@text='REGISTER']"}&amp#27;[39m
[debug] &amp#27;[38;5;32m[AndroidUiautomator2Driver@b227 (fe0cd291)]&amp#27;[0m Calling AppiumDriver.findElement() with args: ["xpath","//android.widget.TextView[@text='REGISTER']","fe0cd291-8f79-4212-8568-b4785b2dee12"]
[debug] &amp#27;[38;5;32m[AndroidUiautomator2Driver@b227 (fe0cd291)]&amp#27;[0m Valid locator strategies for this request: xpath, id, class name, accessibility id, css selector, -android uiautomator
[debug] &amp#27;[38;5;32m[AndroidUiautomator2Driver@b227 (fe0cd291)]&amp#27;[0m Waiting up to 6000 ms for condition
[debug] &amp#27;[38;5;32m[AndroidUiautomator2Driver@b227 (fe0cd291)]&amp#27;[0m Matched '/element' to command name 'findElement'
[debug] &amp#27;[38;5;32m[AndroidUiautomator2Driver@b227 (fe0cd291)]&amp#27;[0m Proxying [POST /element] to [POST http://127.0.0.1:8200/session/85989a46-cbdd-4bd4-a501-a859808a0843/element] with body: {"strategy":"xpath","selector":"//android.widget.TextView[@text='REGISTER']","context":"","multiple":false}
[debug] &amp#27;[38;5;32m[AndroidUiautomator2Driver@b227 (fe0cd291)]&amp#27;[0m Got response with status 200: {"sessionId":"85989a46-cbdd-4bd4-a501-a859808a0843","value":{"ELEMENT":"00000000-0000-0032-ffff-ffff0000002e","element-6066-11e4-a52e-4f735466cecf":"00000000-0000-0032-ffff-ffff0000002e"}}
[debug] &amp#27;[38;5;32m[AndroidUiautomator2Driver@b227 (fe0cd291)]&amp#27;[0m Responding to client with driver.findElement() result: {"element-6066-11e4-a52e-4f735466cecf":"00000000-0000-0032-ffff-ffff0000002e","ELEMENT":"00000000-0000-0032-ffff-ffff0000002e"}
&amp#27;[38;5;0m[HTTP]&amp#27;[0m &amp#27;[37m<-- POST /session/fe0cd291-8f79-4212-8568-b4785b2dee12/element &amp#27;[39m&amp#27;[32m200&amp#27;[39m &amp#27;[90m15 ms - 137&amp#27;[39m
&amp#27;[38;5;0m[HTTP]&amp#27;[0m &amp#27;[90m&amp#27;[39m
&amp#27;[38;5;0m[HTTP]&amp#27;[0m &amp#27;[37m-->&amp#27;[39m &amp#27;[37mPOST&amp#27;[39m &amp#27;[37m/session/fe0cd291-8f79-4212-8568-b4785b2dee12/element/00000000-0000-0032-ffff-ffff0000002e/click&amp#27;[39m
&amp#27;[38;5;0m[HTTP]&amp#27;[0m &amp#27;[90m{"id":"00000000-0000-0032-ffff-ffff0000002e"}&amp#27;[39m
[debug] &amp#27;[38;5;32m[AndroidUiautomator2Driver@b227 (fe0cd291)]&amp#27;[0m Calling AppiumDriver.click() with args: ["00000000-0000-0032-ffff-ffff0000002e","fe0cd291-8f79-4212-8568-b4785b2dee12"]
[debug] &amp#27;[38;5;32m[AndroidUiautomator2Driver@b227 (fe0cd291)]&amp#27;[0m Matched '/element/00000000-0000-0032-ffff-ffff0000002e/click' to command name 'click'
[debug] &amp#27;[38;5;32m[AndroidUiautomator2Driver@b227 (fe0cd291)]&amp#27;[0m Proxying [POST /element/00000000-0000-0032-ffff-ffff0000002e/click] to [POST http://127.0.0.1:8200/session/85989a46-cbdd-4bd4-a501-a859808a0843/element/00000000-0000-0032-ffff-ffff0000002e/click] with body: {"element":"00000000-0000-0032-ffff-ffff0000002e"}
[debug] &amp#27;[38;5;32m[AndroidUiautomator2Driver@b227 (fe0cd291)]&amp#27;[0m Got response with status 200: {"sessionId":"85989a46-cbdd-4bd4-a501-a859808a0843","value":null}
[debug] &amp#27;[38;5;32m[AndroidUiautomator2Driver@b227 (fe0cd291)]&amp#27;[0m Responding to client with driver.click() result: null
&amp#27;[38;5;0m[HTTP]&amp#27;[0m &amp#27;[37m<-- POST /session/fe0cd291-8f79-4212-8568-b4785b2dee12/element/00000000-0000-0032-ffff-ffff0000002e/click &amp#27;[39m&amp#27;[32m200&amp#27;[39m &amp#27;[90m58 ms - 14&amp#27;[39m
&amp#27;[38;5;0m[HTTP]&amp#27;[0m &amp#27;[90m&amp#27;[39m
&amp#27;[38;5;0m[HTTP]&amp#27;[0m &amp#27;[37m-->&amp#27;[39m &amp#27;[37mPOST&amp#27;[39m &amp#27;[37m/session/fe0cd291-8f79-4212-8568-b4785b2dee12/timeouts&amp#27;[39m
&amp#27;[38;5;0m[HTTP]&amp#27;[0m &amp#27;[90m{"implicit":10000}&amp#27;[39m
[debug] &amp#27;[38;5;32m[AndroidUiautomator2Driver@b227 (fe0cd291)]&amp#27;[0m Calling AppiumDriver.timeouts() with args: [null,null,null,null,10000,"fe0cd291-8f79-4212-8568-b4785b2dee12"]
[debug] &amp#27;[38;5;32m[AndroidUiautomator2Driver@b227 (fe0cd291)]&amp#27;[0m W3C timeout argument: {"implicit":10000}}
[debug] &amp#27;[38;5;32m[AndroidUiautomator2Driver@b227 (fe0cd291)]&amp#27;[0m Set implicit wait to 10000ms
[debug] &amp#27;[38;5;32m[AndroidUiautomator2Driver@b227 (fe0cd291)]&amp#27;[0m Responding to client with driver.timeouts() result: null
&amp#27;[38;5;0m[HTTP]&amp#27;[0m &amp#27;[37m<-- POST /session/fe0cd291-8f79-4212-8568-b4785b2dee12/timeouts &amp#27;[39m&amp#27;[32m200&amp#27;[39m &amp#27;[90m1 ms - 14&amp#27;[39m
&amp#27;[38;5;0m[HTTP]&amp#27;[0m &amp#27;[90m&amp#27;[39m
&amp#27;[38;5;0m[HTTP]&amp#27;[0m &amp#27;[37m-->&amp#27;[39m &amp#27;[37mPOST&amp#27;[39m &amp#27;[37m/session/fe0cd291-8f79-4212-8568-b4785b2dee12/element&amp#27;[39m
&amp#27;[38;5;0m[HTTP]&amp#27;[0m &amp#27;[90m{"using":"xpath","value":"//android.widget.EditText[@index=3]"}&amp#27;[39m
[debug] &amp#27;[38;5;32m[AndroidUiautomator2Driver@b227 (fe0cd291)]&amp#27;[0m Calling AppiumDriver.findElement() with args: ["xpath","//android.widget.EditText[@index=3]","fe0cd291-8f79-4212-8568-b4785b2dee12"]
[debug] &amp#27;[38;5;32m[AndroidUiautomator2Driver@b227 (fe0cd291)]&amp#27;[0m Valid locator strategies for this request: xpath, id, class name, accessibility id, css selector, -android uiautomator
[debug] &amp#27;[38;5;32m[AndroidUiautomator2Driver@b227 (fe0cd291)]&amp#27;[0m Waiting up to 10000 ms for condition
[debug] &amp#27;[38;5;32m[AndroidUiautomator2Driver@b227 (fe0cd291)]&amp#27;[0m Matched '/element' to command name 'findElement'
[debug] &amp#27;[38;5;32m[AndroidUiautomator2Driver@b227 (fe0cd291)]&amp#27;[0m Proxying [POST /element] to [POST http://127.0.0.1:8200/session/85989a46-cbdd-4bd4-a501-a859808a0843/element] with body: {"strategy":"xpath","selector":"//android.widget.EditText[@index=3]","context":"","multiple":false}
&amp#27;[38;5;32m[AndroidUiautomator2Driver@b227 (fe0cd291)]&amp#27;[0m Got response with status 404: {"sessionId":"85989a46-cbdd-4bd4-a501-a859808a0843","value":{"error":"no such element","message":"An element could not be located on the page using the given search parameters","stacktrace":"io.appium.uiautomator2.common.exceptions.ElementNotFoundException: An element could not be located on the page using the given search parameters\n\tat io.appium.uiautomator2.utils.ElementLocationHelpers.findElement(ElementLocationHelpers.java:156)\n\tat io.appium.uiautomator2.handler.FindElement.safeHandle(FindElement.java:60)\n\tat io.appium.uiautomator2.handler.request.SafeRequestHandler.handle(SafeRequestHandler.java:59)\n\tat io.appium.uiautomator2.server.AppiumServlet.handleRequest(AppiumServlet.java:277)\n\tat io.appium.uiautomator2.server.AppiumServlet.handleHttpRequest(AppiumServlet.java:271)\n\tat io.appium.uiautomator2.http.ServerHandler.channelRead(ServerHandler.java:68)\n\tat io.netty.channel.AbstractChannelHandlerContext.invokeChannelRead(AbstractChannelHandlerContext.java:366)\n\tat io.netty.channel.Abstr...
[debug] &amp#27;[38;5;128m[W3C]&amp#27;[0m Matched W3C error code 'no such element' to NoSuchElementError
[debug] &amp#27;[38;5;32m[AndroidUiautomator2Driver@b227 (fe0cd291)]&amp#27;[0m Waited for 43 ms so far
[debug] &amp#27;[38;5;32m[AndroidUiautomator2Driver@b227 (fe0cd291)]&amp#27;[0m Matched '/element' to command name 'findElement'
[debug] &amp#27;[38;5;32m[AndroidUiautomator2Driver@b227 (fe0cd291)]&amp#27;[0m Proxying [POST /element] to [POST http://127.0.0.1:8200/session/85989a46-cbdd-4bd4-a501-a859808a0843/element] with body: {"strategy":"xpath","selector":"//android.widget.EditText[@index=3]","context":"","multiple":false}
[debug] &amp#27;[38;5;32m[AndroidUiautomator2Driver@b227 (fe0cd291)]&amp#27;[0m Got response with status 200: {"sessionId":"85989a46-cbdd-4bd4-a501-a859808a0843","value":{"ELEMENT":"00000000-0000-0032-ffff-ffff0000023a","element-6066-11e4-a52e-4f735466cecf":"00000000-0000-0032-ffff-ffff0000023a"}}
[debug] &amp#27;[38;5;32m[AndroidUiautomator2Driver@b227 (fe0cd291)]&amp#27;[0m Responding to client with driver.findElement() result: {"element-6066-11e4-a52e-4f735466cecf":"00000000-0000-0032-ffff-ffff0000023a","ELEMENT":"00000000-0000-0032-ffff-ffff0000023a"}
&amp#27;[38;5;0m[HTTP]&amp#27;[0m &amp#27;[37m<-- POST /session/fe0cd291-8f79-4212-8568-b4785b2dee12/element &amp#27;[39m&amp#27;[32m200&amp#27;[39m &amp#27;[90m1079 ms - 137&amp#27;[39m
&amp#27;[38;5;0m[HTTP]&amp#27;[0m &amp#27;[90m&amp#27;[39m
&amp#27;[38;5;0m[HTTP]&amp#27;[0m &amp#27;[37m-->&amp#27;[39m &amp#27;[37mPOST&amp#27;[39m &amp#27;[37m/session/fe0cd291-8f79-4212-8568-b4785b2dee12/element/00000000-0000-0032-ffff-ffff0000023a/value&amp#27;[39m
&amp#27;[38;5;0m[HTTP]&amp#27;[0m &amp#27;[90m{"id":"00000000-0000-0032-ffff-ffff0000023a","text":"Daniel Ogaga","value":["D","a","n","i","e","l"," ","O","g","a","g","a"]}&amp#27;[39m
[debug] &amp#27;[38;5;32m[AndroidUiautomator2Driver@b227 (fe0cd291)]&amp#27;[0m Calling AppiumDriver.setValue() with args: [["D","a","n","i","e","l"," ","O","g","a","g","a"],"00000000-0000-0032-ffff-ffff0000023a","fe0cd291-8f79-4212-8568-b4785b2dee12"]
[debug] &amp#27;[38;5;32m[AndroidUiautomator2Driver@b227 (fe0cd291)]&amp#27;[0m Matched '/element/00000000-0000-0032-ffff-ffff0000023a/value' to command name 'setValue'
[debug] &amp#27;[38;5;32m[AndroidUiautomator2Driver@b227 (fe0cd291)]&amp#27;[0m Added 'value' property ["D","a","n","i","e","l"," ","O","g","a","g","a"] to 'setValue' request body
[debug] &amp#27;[38;5;32m[AndroidUiautomator2Driver@b227 (fe0cd291)]&amp#27;[0m Proxying [POST /element/00000000-0000-0032-ffff-ffff0000023a/value] to [POST http://127.0.0.1:8200/session/85989a46-cbdd-4bd4-a501-a859808a0843/element/00000000-0000-0032-ffff-ffff0000023a/value] with body: {"elementId":"00000000-0000-0032-ffff-ffff0000023a","text":"Daniel Ogaga","replace":false,"value":["D","a","n","i","e","l"," ","O","g","a","g","a"]}
[debug] &amp#27;[38;5;32m[AndroidUiautomator2Driver@b227 (fe0cd291)]&amp#27;[0m Got response with status 200: {"sessionId":"85989a46-cbdd-4bd4-a501-a859808a0843","value":null}
[debug] &amp#27;[38;5;32m[AndroidUiautomator2Driver@b227 (fe0cd291)]&amp#27;[0m Responding to client with driver.setValue() result: null
&amp#27;[38;5;0m[HTTP]&amp#27;[0m &amp#27;[37m<-- POST /session/fe0cd291-8f79-4212-8568-b4785b2dee12/element/00000000-0000-0032-ffff-ffff0000023a/value &amp#27;[39m&amp#27;[32m200&amp#27;[39m &amp#27;[90m11 ms - 14&amp#27;[39m
&amp#27;[38;5;0m[HTTP]&amp#27;[0m &amp#27;[90m&amp#27;[39m
&amp#27;[38;5;0m[HTTP]&amp#27;[0m &amp#27;[37m-->&amp#27;[39m &amp#27;[37mPOST&amp#27;[39m &amp#27;[37m/session/fe0cd291-8f79-4212-8568-b4785b2dee12/element&amp#27;[39m
&amp#27;[38;5;0m[HTTP]&amp#27;[0m &amp#27;[90m{"using":"xpath","value":"//android.widget.EditText[@index=6]"}&amp#27;[39m
[debug] &amp#27;[38;5;32m[AndroidUiautomator2Driver@b227 (fe0cd291)]&amp#27;[0m Calling AppiumDriver.findElement() with args: ["xpath","//android.widget.EditText[@index=6]","fe0cd291-8f79-4212-8568-b4785b2dee12"]
[debug] &amp#27;[38;5;32m[AndroidUiautomator2Driver@b227 (fe0cd291)]&amp#27;[0m Valid locator strategies for this request: xpath, id, class name, accessibility id, css selector, -android uiautomator
[debug] &amp#27;[38;5;32m[AndroidUiautomator2Driver@b227 (fe0cd291)]&amp#27;[0m Waiting up to 10000 ms for condition
[debug] &amp#27;[38;5;32m[AndroidUiautomator2Driver@b227 (fe0cd291)]&amp#27;[0m Matched '/element' to command name 'findElement'
[debug] &amp#27;[38;5;32m[AndroidUiautomator2Driver@b227 (fe0cd291)]&amp#27;[0m Proxying [POST /element] to [POST http://127.0.0.1:8200/session/85989a46-cbdd-4bd4-a501-a859808a0843/element] with body: {"strategy":"xpath","selector":"//android.widget.EditText[@index=6]","context":"","multiple":false}
[debug] &amp#27;[38;5;32m[AndroidUiautomator2Driver@b227 (fe0cd291)]&amp#27;[0m Got response with status 200: {"sessionId":"85989a46-cbdd-4bd4-a501-a859808a0843","value":{"ELEMENT":"00000000-0000-0032-ffff-ffff0000023d","element-6066-11e4-a52e-4f735466cecf":"00000000-0000-0032-ffff-ffff0000023d"}}
[debug] &amp#27;[38;5;32m[AndroidUiautomator2Driver@b227 (fe0cd291)]&amp#27;[0m Responding to client with driver.findElement() result: {"element-6066-11e4-a52e-4f735466cecf":"00000000-0000-0032-ffff-ffff0000023d","ELEMENT":"00000000-0000-0032-ffff-ffff0000023d"}
&amp#27;[38;5;0m[HTTP]&amp#27;[0m &amp#27;[37m<-- POST /session/fe0cd291-8f79-4212-8568-b4785b2dee12/element &amp#27;[39m&amp#27;[32m200&amp#27;[39m &amp#27;[90m42 ms - 137&amp#27;[39m
&amp#27;[38;5;0m[HTTP]&amp#27;[0m &amp#27;[90m&amp#27;[39m
&amp#27;[38;5;0m[HTTP]&amp#27;[0m &amp#27;[37m-->&amp#27;[39m &amp#27;[37mPOST&amp#27;[39m &amp#27;[37m/session/fe0cd291-8f79-4212-8568-b4785b2dee12/element/00000000-0000-0032-ffff-ffff0000023d/value&amp#27;[39m
&amp#27;[38;5;0m[HTTP]&amp#27;[0m &amp#27;[90m{"id":"00000000-0000-0032-ffff-ffff0000023d","text":"vada.deckow@gmain.com","value":["v","a","d","a",".","d","e","c","k","o","w","@","g","m","a","i","n",".","c","o","m"]}&amp#27;[39m
[debug] &amp#27;[38;5;32m[AndroidUiautomator2Driver@b227 (fe0cd291)]&amp#27;[0m Calling AppiumDriver.setValue() with args: [["v","a","d","a",".","d","e","c","k","o","w","@","g","m","a","i","n",".","c","o","m"],"00000000-0000-0032-ffff-ffff0000023d","fe0cd291-8f79-4212-8568-b4785b2dee12"]
[debug] &amp#27;[38;5;32m[AndroidUiautomator2Driver@b227 (fe0cd291)]&amp#27;[0m Matched '/element/00000000-0000-0032-ffff-ffff0000023d/value' to command name 'setValue'
[debug] &amp#27;[38;5;32m[AndroidUiautomator2Driver@b227 (fe0cd291)]&amp#27;[0m Added 'value' property ["v","a","d","a",".","d","e","c","k","o","w","@","g","m","a","i","n",".","c","o","m"] to 'setValue' request body
[debug] &amp#27;[38;5;32m[AndroidUiautomator2Driver@b227 (fe0cd291)]&amp#27;[0m Proxying [POST /element/00000000-0000-0032-ffff-ffff0000023d/value] to [POST http://127.0.0.1:8200/session/85989a46-cbdd-4bd4-a501-a859808a0843/element/00000000-0000-0032-ffff-ffff0000023d/value] with body: {"elementId":"00000000-0000-0032-ffff-ffff0000023d","text":"vada.deckow@gmain.com","replace":false,"value":["v","a","d","a",".","d","e","c","k","o","w","@","g","m","a","i","n",".","c","o","m"]}
[debug] &amp#27;[38;5;32m[AndroidUiautomator2Driver@b227 (fe0cd291)]&amp#27;[0m Got response with status 200: {"sessionId":"85989a46-cbdd-4bd4-a501-a859808a0843","value":null}
[debug] &amp#27;[38;5;32m[AndroidUiautomator2Driver@b227 (fe0cd291)]&amp#27;[0m Responding to client with driver.setValue() result: null
&amp#27;[38;5;0m[HTTP]&amp#27;[0m &amp#27;[37m<-- POST /session/fe0cd291-8f79-4212-8568-b4785b2dee12/element/00000000-0000-0032-ffff-ffff0000023d/value &amp#27;[39m&amp#27;[32m200&amp#27;[39m &amp#27;[90m465 ms - 14&amp#27;[39m
&amp#27;[38;5;0m[HTTP]&amp#27;[0m &amp#27;[90m&amp#27;[39m
&amp#27;[38;5;0m[HTTP]&amp#27;[0m &amp#27;[37m-->&amp#27;[39m &amp#27;[37mPOST&amp#27;[39m &amp#27;[37m/session/fe0cd291-8f79-4212-8568-b4785b2dee12/element&amp#27;[39m
&amp#27;[38;5;0m[HTTP]&amp#27;[0m &amp#27;[90m{"using":"xpath","value":"//android.widget.EditText[@index=9]"}&amp#27;[39m
[debug] &amp#27;[38;5;32m[AndroidUiautomator2Driver@b227 (fe0cd291)]&amp#27;[0m Calling AppiumDriver.findElement() with args: ["xpath","//android.widget.EditText[@index=9]","fe0cd291-8f79-4212-8568-b4785b2dee12"]
[debug] &amp#27;[38;5;32m[AndroidUiautomator2Driver@b227 (fe0cd291)]&amp#27;[0m Valid locator strategies for this request: xpath, id, class name, accessibility id, css selector, -android uiautomator
[debug] &amp#27;[38;5;32m[AndroidUiautomator2Driver@b227 (fe0cd291)]&amp#27;[0m Waiting up to 10000 ms for condition
[debug] &amp#27;[38;5;32m[AndroidUiautomator2Driver@b227 (fe0cd291)]&amp#27;[0m Matched '/element' to command name 'findElement'
[debug] &amp#27;[38;5;32m[AndroidUiautomator2Driver@b227 (fe0cd291)]&amp#27;[0m Proxying [POST /element] to [POST http://127.0.0.1:8200/session/85989a46-cbdd-4bd4-a501-a859808a0843/element] with body: {"strategy":"xpath","selector":"//android.widget.EditText[@index=9]","context":"","multiple":false}
[debug] &amp#27;[38;5;32m[AndroidUiautomator2Driver@b227 (fe0cd291)]&amp#27;[0m Got response with status 200: {"sessionId":"85989a46-cbdd-4bd4-a501-a859808a0843","value":{"ELEMENT":"00000000-0000-0032-ffff-ffff00000240","element-6066-11e4-a52e-4f735466cecf":"00000000-0000-0032-ffff-ffff00000240"}}
[debug] &amp#27;[38;5;32m[AndroidUiautomator2Driver@b227 (fe0cd291)]&amp#27;[0m Responding to client with driver.findElement() result: {"element-6066-11e4-a52e-4f735466cecf":"00000000-0000-0032-ffff-ffff00000240","ELEMENT":"00000000-0000-0032-ffff-ffff00000240"}
&amp#27;[38;5;0m[HTTP]&amp#27;[0m &amp#27;[37m<-- POST /session/fe0cd291-8f79-4212-8568-b4785b2dee12/element &amp#27;[39m&amp#27;[32m200&amp#27;[39m &amp#27;[90m45 ms - 137&amp#27;[39m
&amp#27;[38;5;0m[HTTP]&amp#27;[0m &amp#27;[90m&amp#27;[39m
&amp#27;[38;5;0m[HTTP]&amp#27;[0m &amp#27;[37m-->&amp#27;[39m &amp#27;[37mPOST&amp#27;[39m &amp#27;[37m/session/fe0cd291-8f79-4212-8568-b4785b2dee12/element/00000000-0000-0032-ffff-ffff00000240/value&amp#27;[39m
&amp#27;[38;5;0m[HTTP]&amp#27;[0m &amp#27;[90m{"id":"00000000-0000-0032-ffff-ffff00000240","text":"08033443048","value":["0","8","0","3","3","4","4","3","0","4","8"]}&amp#27;[39m
[debug] &amp#27;[38;5;32m[AndroidUiautomator2Driver@b227 (fe0cd291)]&amp#27;[0m Calling AppiumDriver.setValue() with args: [["0","8","0","3","3","4","4","3","0","4","8"],"00000000-0000-0032-ffff-ffff00000240","fe0cd291-8f79-4212-8568-b4785b2dee12"]
[debug] &amp#27;[38;5;32m[AndroidUiautomator2Driver@b227 (fe0cd291)]&amp#27;[0m Matched '/element/00000000-0000-0032-ffff-ffff00000240/value' to command name 'setValue'
[debug] &amp#27;[38;5;32m[AndroidUiautomator2Driver@b227 (fe0cd291)]&amp#27;[0m Added 'value' property ["0","8","0","3","3","4","4","3","0","4","8"] to 'setValue' request body
[debug] &amp#27;[38;5;32m[AndroidUiautomator2Driver@b227 (fe0cd291)]&amp#27;[0m Proxying [POST /element/00000000-0000-0032-ffff-ffff00000240/value] to [POST http://127.0.0.1:8200/session/85989a46-cbdd-4bd4-a501-a859808a0843/element/00000000-0000-0032-ffff-ffff00000240/value] with body: {"elementId":"00000000-0000-0032-ffff-ffff00000240","text":"08033443048","replace":false,"value":["0","8","0","3","3","4","4","3","0","4","8"]}
[debug] &amp#27;[38;5;32m[AndroidUiautomator2Driver@b227 (fe0cd291)]&amp#27;[0m Got response with status 200: {"sessionId":"85989a46-cbdd-4bd4-a501-a859808a0843","value":null}
[debug] &amp#27;[38;5;32m[AndroidUiautomator2Driver@b227 (fe0cd291)]&amp#27;[0m Responding to client with driver.setValue() result: null
&amp#27;[38;5;0m[HTTP]&amp#27;[0m &amp#27;[37m<-- POST /session/fe0cd291-8f79-4212-8568-b4785b2dee12/element/00000000-0000-0032-ffff-ffff00000240/value &amp#27;[39m&amp#27;[32m200&amp#27;[39m &amp#27;[90m462 ms - 14&amp#27;[39m
&amp#27;[38;5;0m[HTTP]&amp#27;[0m &amp#27;[90m&amp#27;[39m
&amp#27;[38;5;0m[HTTP]&amp#27;[0m &amp#27;[37m-->&amp#27;[39m &amp#27;[37mPOST&amp#27;[39m &amp#27;[37m/session/fe0cd291-8f79-4212-8568-b4785b2dee12/element&amp#27;[39m
&amp#27;[38;5;0m[HTTP]&amp#27;[0m &amp#27;[90m{"using":"xpath","value":"//android.widget.EditText[@index=12]"}&amp#27;[39m
[debug] &amp#27;[38;5;32m[AndroidUiautomator2Driver@b227 (fe0cd291)]&amp#27;[0m Calling AppiumDriver.findElement() with args: ["xpath","//android.widget.EditText[@index=12]","fe0cd291-8f79-4212-8568-b4785b2dee12"]
[debug] &amp#27;[38;5;32m[AndroidUiautomator2Driver@b227 (fe0cd291)]&amp#27;[0m Valid locator strategies for this request: xpath, id, class name, accessibility id, css selector, -android uiautomator
[debug] &amp#27;[38;5;32m[AndroidUiautomator2Driver@b227 (fe0cd291)]&amp#27;[0m Waiting up to 10000 ms for condition
[debug] &amp#27;[38;5;32m[AndroidUiautomator2Driver@b227 (fe0cd291)]&amp#27;[0m Matched '/element' to command name 'findElement'
[debug] &amp#27;[38;5;32m[AndroidUiautomator2Driver@b227 (fe0cd291)]&amp#27;[0m Proxying [POST /element] to [POST http://127.0.0.1:8200/session/85989a46-cbdd-4bd4-a501-a859808a0843/element] with body: {"strategy":"xpath","selector":"//android.widget.EditText[@index=12]","context":"","multiple":false}
[debug] &amp#27;[38;5;32m[AndroidUiautomator2Driver@b227 (fe0cd291)]&amp#27;[0m Got response with status 200: {"sessionId":"85989a46-cbdd-4bd4-a501-a859808a0843","value":{"ELEMENT":"00000000-0000-0032-ffff-ffff00000243","element-6066-11e4-a52e-4f735466cecf":"00000000-0000-0032-ffff-ffff00000243"}}
[debug] &amp#27;[38;5;32m[AndroidUiautomator2Driver@b227 (fe0cd291)]&amp#27;[0m Responding to client with driver.findElement() result: {"element-6066-11e4-a52e-4f735466cecf":"00000000-0000-0032-ffff-ffff00000243","ELEMENT":"00000000-0000-0032-ffff-ffff00000243"}
&amp#27;[38;5;0m[HTTP]&amp#27;[0m &amp#27;[37m<-- POST /session/fe0cd291-8f79-4212-8568-b4785b2dee12/element &amp#27;[39m&amp#27;[32m200&amp#27;[39m &amp#27;[90m36 ms - 137&amp#27;[39m
&amp#27;[38;5;0m[HTTP]&amp#27;[0m &amp#27;[90m&amp#27;[39m
&amp#27;[38;5;0m[HTTP]&amp#27;[0m &amp#27;[37m-->&amp#27;[39m &amp#27;[37mPOST&amp#27;[39m &amp#27;[37m/session/fe0cd291-8f79-4212-8568-b4785b2dee12/element/00000000-0000-0032-ffff-ffff00000243/value&amp#27;[39m
&amp#27;[38;5;0m[HTTP]&amp#27;[0m &amp#27;[90m{"id":"00000000-0000-0032-ffff-ffff00000243","text":"password","value":["p","a","s","s","w","o","r","d"]}&amp#27;[39m
[debug] &amp#27;[38;5;32m[AndroidUiautomator2Driver@b227 (fe0cd291)]&amp#27;[0m Calling AppiumDriver.setValue() with args: [["p","a","s","s","w","o","r","d"],"00000000-0000-0032-ffff-ffff00000243","fe0cd291-8f79-4212-8568-b4785b2dee12"]
[debug] &amp#27;[38;5;32m[AndroidUiautomator2Driver@b227 (fe0cd291)]&amp#27;[0m Matched '/element/00000000-0000-0032-ffff-ffff00000243/value' to command name 'setValue'
[debug] &amp#27;[38;5;32m[AndroidUiautomator2Driver@b227 (fe0cd291)]&amp#27;[0m Added 'value' property ["p","a","s","s","w","o","r","d"] to 'setValue' request body
[debug] &amp#27;[38;5;32m[AndroidUiautomator2Driver@b227 (fe0cd291)]&amp#27;[0m Proxying [POST /element/00000000-0000-0032-ffff-ffff00000243/value] to [POST http://127.0.0.1:8200/session/85989a46-cbdd-4bd4-a501-a859808a0843/element/00000000-0000-0032-ffff-ffff00000243/value] with body: {"elementId":"00000000-0000-0032-ffff-ffff00000243","text":"password","replace":false,"value":["p","a","s","s","w","o","r","d"]}
[debug] &amp#27;[38;5;32m[AndroidUiautomator2Driver@b227 (fe0cd291)]&amp#27;[0m Got response with status 200: {"sessionId":"85989a46-cbdd-4bd4-a501-a859808a0843","value":null}
[debug] &amp#27;[38;5;32m[AndroidUiautomator2Driver@b227 (fe0cd291)]&amp#27;[0m Responding to client with driver.setValue() result: null
&amp#27;[38;5;0m[HTTP]&amp#27;[0m &amp#27;[37m<-- POST /session/fe0cd291-8f79-4212-8568-b4785b2dee12/element/00000000-0000-0032-ffff-ffff00000243/value &amp#27;[39m&amp#27;[32m200&amp#27;[39m &amp#27;[90m467 ms - 14&amp#27;[39m
&amp#27;[38;5;0m[HTTP]&amp#27;[0m &amp#27;[90m&amp#27;[39m
&amp#27;[38;5;0m[HTTP]&amp#27;[0m &amp#27;[37m-->&amp#27;[39m &amp#27;[37mPOST&amp#27;[39m &amp#27;[37m/session/fe0cd291-8f79-4212-8568-b4785b2dee12/element&amp#27;[39m
&amp#27;[38;5;0m[HTTP]&amp#27;[0m &amp#27;[90m{"using":"xpath","value":"//android.widget.TextView[@text='Register']"}&amp#27;[39m
[debug] &amp#27;[38;5;32m[AndroidUiautomator2Driver@b227 (fe0cd291)]&amp#27;[0m Calling AppiumDriver.findElement() with args: ["xpath","//android.widget.TextView[@text='Register']","fe0cd291-8f79-4212-8568-b4785b2dee12"]
[debug] &amp#27;[38;5;32m[AndroidUiautomator2Driver@b227 (fe0cd291)]&amp#27;[0m Valid locator strategies for this request: xpath, id, class name, accessibility id, css selector, -android uiautomator
[debug] &amp#27;[38;5;32m[AndroidUiautomator2Driver@b227 (fe0cd291)]&amp#27;[0m Waiting up to 10000 ms for condition
[debug] &amp#27;[38;5;32m[AndroidUiautomator2Driver@b227 (fe0cd291)]&amp#27;[0m Matched '/element' to command name 'findElement'
[debug] &amp#27;[38;5;32m[AndroidUiautomator2Driver@b227 (fe0cd291)]&amp#27;[0m Proxying [POST /element] to [POST http://127.0.0.1:8200/session/85989a46-cbdd-4bd4-a501-a859808a0843/element] with body: {"strategy":"xpath","selector":"//android.widget.TextView[@text='Register']","context":"","multiple":false}
[debug] &amp#27;[38;5;32m[AndroidUiautomator2Driver@b227 (fe0cd291)]&amp#27;[0m Got response with status 200: {"sessionId":"85989a46-cbdd-4bd4-a501-a859808a0843","value":{"ELEMENT":"00000000-0000-0032-ffff-ffff00000250","element-6066-11e4-a52e-4f735466cecf":"00000000-0000-0032-ffff-ffff00000250"}}
[debug] &amp#27;[38;5;32m[AndroidUiautomator2Driver@b227 (fe0cd291)]&amp#27;[0m Responding to client with driver.findElement() result: {"element-6066-11e4-a52e-4f735466cecf":"00000000-0000-0032-ffff-ffff00000250","ELEMENT":"00000000-0000-0032-ffff-ffff00000250"}
&amp#27;[38;5;0m[HTTP]&amp#27;[0m &amp#27;[37m<-- POST /session/fe0cd291-8f79-4212-8568-b4785b2dee12/element &amp#27;[39m&amp#27;[32m200&amp#27;[39m &amp#27;[90m48 ms - 137&amp#27;[39m
&amp#27;[38;5;0m[HTTP]&amp#27;[0m &amp#27;[90m&amp#27;[39m
&amp#27;[38;5;0m[HTTP]&amp#27;[0m &amp#27;[37m-->&amp#27;[39m &amp#27;[37mPOST&amp#27;[39m &amp#27;[37m/session/fe0cd291-8f79-4212-8568-b4785b2dee12/element/00000000-0000-0032-ffff-ffff00000250/click&amp#27;[39m
&amp#27;[38;5;0m[HTTP]&amp#27;[0m &amp#27;[90m{"id":"00000000-0000-0032-ffff-ffff00000250"}&amp#27;[39m
[debug] &amp#27;[38;5;32m[AndroidUiautomator2Driver@b227 (fe0cd291)]&amp#27;[0m Calling AppiumDriver.click() with args: ["00000000-0000-0032-ffff-ffff00000250","fe0cd291-8f79-4212-8568-b4785b2dee12"]
[debug] &amp#27;[38;5;32m[AndroidUiautomator2Driver@b227 (fe0cd291)]&amp#27;[0m Matched '/element/00000000-0000-0032-ffff-ffff00000250/click' to command name 'click'
[debug] &amp#27;[38;5;32m[AndroidUiautomator2Driver@b227 (fe0cd291)]&amp#27;[0m Proxying [POST /element/00000000-0000-0032-ffff-ffff00000250/click] to [POST http://127.0.0.1:8200/session/85989a46-cbdd-4bd4-a501-a859808a0843/element/00000000-0000-0032-ffff-ffff00000250/click] with body: {"element":"00000000-0000-0032-ffff-ffff00000250"}
[debug] &amp#27;[38;5;32m[AndroidUiautomator2Driver@b227 (fe0cd291)]&amp#27;[0m Got response with status 200: {"sessionId":"85989a46-cbdd-4bd4-a501-a859808a0843","value":null}
[debug] &amp#27;[38;5;32m[AndroidUiautomator2Driver@b227 (fe0cd291)]&amp#27;[0m Responding to client with driver.click() result: null
&amp#27;[38;5;0m[HTTP]&amp#27;[0m &amp#27;[37m<-- POST /session/fe0cd291-8f79-4212-8568-b4785b2dee12/element/00000000-0000-0032-ffff-ffff00000250/click &amp#27;[39m&amp#27;[32m200&amp#27;[39m &amp#27;[90m607 ms - 14&amp#27;[39m
&amp#27;[38;5;0m[HTTP]&amp#27;[0m &amp#27;[90m&amp#27;[39m
&amp#27;[38;5;0m[HTTP]&amp#27;[0m &amp#27;[37m-->&amp#27;[39m &amp#27;[37mPOST&amp#27;[39m &amp#27;[37m/session/fe0cd291-8f79-4212-8568-b4785b2dee12/element&amp#27;[39m
&amp#27;[38;5;0m[HTTP]&amp#27;[0m &amp#27;[90m{"using":"xpath","value":"//android.widget.TextView[@index=18]"}&amp#27;[39m
[debug] &amp#27;[38;5;32m[AndroidUiautomator2Driver@b227 (fe0cd291)]&amp#27;[0m Calling AppiumDriver.findElement() with args: ["xpath","//android.widget.TextView[@index=18]","fe0cd291-8f79-4212-8568-b4785b2dee12"]
[debug] &amp#27;[38;5;32m[AndroidUiautomator2Driver@b227 (fe0cd291)]&amp#27;[0m Valid locator strategies for this request: xpath, id, class name, accessibility id, css selector, -android uiautomator
[debug] &amp#27;[38;5;32m[AndroidUiautomator2Driver@b227 (fe0cd291)]&amp#27;[0m Waiting up to 10000 ms for condition
[debug] &amp#27;[38;5;32m[AndroidUiautomator2Driver@b227 (fe0cd291)]&amp#27;[0m Matched '/element' to command name 'findElement'
[debug] &amp#27;[38;5;32m[AndroidUiautomator2Driver@b227 (fe0cd291)]&amp#27;[0m Proxying [POST /element] to [POST http://127.0.0.1:8200/session/85989a46-cbdd-4bd4-a501-a859808a0843/element] with body: {"strategy":"xpath","selector":"//android.widget.TextView[@index=18]","context":"","multiple":false}
[debug] &amp#27;[38;5;32m[AndroidUiautomator2Driver@b227 (fe0cd291)]&amp#27;[0m Got response with status 200: {"sessionId":"85989a46-cbdd-4bd4-a501-a859808a0843","value":{"ELEMENT":"00000000-0000-0032-ffff-ffff00000248","element-6066-11e4-a52e-4f735466cecf":"00000000-0000-0032-ffff-ffff00000248"}}
[debug] &amp#27;[38;5;32m[AndroidUiautomator2Driver@b227 (fe0cd291)]&amp#27;[0m Responding to client with driver.findElement() result: {"element-6066-11e4-a52e-4f735466cecf":"00000000-0000-0032-ffff-ffff00000248","ELEMENT":"00000000-0000-0032-ffff-ffff00000248"}
&amp#27;[38;5;0m[HTTP]&amp#27;[0m &amp#27;[37m<-- POST /session/fe0cd291-8f79-4212-8568-b4785b2dee12/element &amp#27;[39m&amp#27;[32m200&amp#27;[39m &amp#27;[90m33 ms - 137&amp#27;[39m
&amp#27;[38;5;0m[HTTP]&amp#27;[0m &amp#27;[90m&amp#27;[39m
&amp#27;[38;5;0m[HTTP]&amp#27;[0m &amp#27;[37m-->&amp#27;[39m &amp#27;[37mPOST&amp#27;[39m &amp#27;[37m/session/fe0cd291-8f79-4212-8568-b4785b2dee12/element/00000000-0000-0032-ffff-ffff00000248/click&amp#27;[39m
&amp#27;[38;5;0m[HTTP]&amp#27;[0m &amp#27;[90m{"id":"00000000-0000-0032-ffff-ffff00000248"}&amp#27;[39m
[debug] &amp#27;[38;5;32m[AndroidUiautomator2Driver@b227 (fe0cd291)]&amp#27;[0m Calling AppiumDriver.click() with args: ["00000000-0000-0032-ffff-ffff00000248","fe0cd291-8f79-4212-8568-b4785b2dee12"]
[debug] &amp#27;[38;5;32m[AndroidUiautomator2Driver@b227 (fe0cd291)]&amp#27;[0m Matched '/element/00000000-0000-0032-ffff-ffff00000248/click' to command name 'click'
[debug] &amp#27;[38;5;32m[AndroidUiautomator2Driver@b227 (fe0cd291)]&amp#27;[0m Proxying [POST /element/00000000-0000-0032-ffff-ffff00000248/click] to [POST http://127.0.0.1:8200/session/85989a46-cbdd-4bd4-a501-a859808a0843/element/00000000-0000-0032-ffff-ffff00000248/click] with body: {"element":"00000000-0000-0032-ffff-ffff00000248"}
[debug] &amp#27;[38;5;32m[AndroidUiautomator2Driver@b227 (fe0cd291)]&amp#27;[0m Got response with status 200: {"sessionId":"85989a46-cbdd-4bd4-a501-a859808a0843","value":null}
[debug] &amp#27;[38;5;32m[AndroidUiautomator2Driver@b227 (fe0cd291)]&amp#27;[0m Responding to client with driver.click() result: null
&amp#27;[38;5;0m[HTTP]&amp#27;[0m &amp#27;[37m<-- POST /session/fe0cd291-8f79-4212-8568-b4785b2dee12/element/00000000-0000-0032-ffff-ffff00000248/click &amp#27;[39m&amp#27;[32m200&amp#27;[39m &amp#27;[90m44 ms - 14&amp#27;[39m
&amp#27;[38;5;0m[HTTP]&amp#27;[0m &amp#27;[90m&amp#27;[39m
&amp#27;[38;5;0m[HTTP]&amp#27;[0m &amp#27;[37m-->&amp#27;[39m &amp#27;[37mPOST&amp#27;[39m &amp#27;[37m/session/fe0cd291-8f79-4212-8568-b4785b2dee12/element&amp#27;[39m
&amp#27;[38;5;0m[HTTP]&amp#27;[0m &amp#27;[90m{"using":"xpath","value":"//android.widget.TextView[@text='Register']"}&amp#27;[39m
[debug] &amp#27;[38;5;32m[AndroidUiautomator2Driver@b227 (fe0cd291)]&amp#27;[0m Calling AppiumDriver.findElement() with args: ["xpath","//android.widget.TextView[@text='Register']","fe0cd291-8f79-4212-8568-b4785b2dee12"]
[debug] &amp#27;[38;5;32m[AndroidUiautomator2Driver@b227 (fe0cd291)]&amp#27;[0m Valid locator strategies for this request: xpath, id, class name, accessibility id, css selector, -android uiautomator
[debug] &amp#27;[38;5;32m[AndroidUiautomator2Driver@b227 (fe0cd291)]&amp#27;[0m Waiting up to 10000 ms for condition
[debug] &amp#27;[38;5;32m[AndroidUiautomator2Driver@b227 (fe0cd291)]&amp#27;[0m Matched '/element' to command name 'findElement'
[debug] &amp#27;[38;5;32m[AndroidUiautomator2Driver@b227 (fe0cd291)]&amp#27;[0m Proxying [POST /element] to [POST http://127.0.0.1:8200/session/85989a46-cbdd-4bd4-a501-a859808a0843/element] with body: {"strategy":"xpath","selector":"//android.widget.TextView[@text='Register']","context":"","multiple":false}
[debug] &amp#27;[38;5;32m[AndroidUiautomator2Driver@b227 (fe0cd291)]&amp#27;[0m Got response with status 200: {"sessionId":"85989a46-cbdd-4bd4-a501-a859808a0843","value":{"ELEMENT":"00000000-0000-0032-ffff-ffff00000250","element-6066-11e4-a52e-4f735466cecf":"00000000-0000-0032-ffff-ffff00000250"}}
[debug] &amp#27;[38;5;32m[AndroidUiautomator2Driver@b227 (fe0cd291)]&amp#27;[0m Responding to client with driver.findElement() result: {"element-6066-11e4-a52e-4f735466cecf":"00000000-0000-0032-ffff-ffff00000250","ELEMENT":"00000000-0000-0032-ffff-ffff00000250"}
&amp#27;[38;5;0m[HTTP]&amp#27;[0m &amp#27;[37m<-- POST /session/fe0cd291-8f79-4212-8568-b4785b2dee12/element &amp#27;[39m&amp#27;[32m200&amp#27;[39m &amp#27;[90m33 ms - 137&amp#27;[39m
&amp#27;[38;5;0m[HTTP]&amp#27;[0m &amp#27;[90m&amp#27;[39m
&amp#27;[38;5;0m[HTTP]&amp#27;[0m &amp#27;[37m-->&amp#27;[39m &amp#27;[37mPOST&amp#27;[39m &amp#27;[37m/session/fe0cd291-8f79-4212-8568-b4785b2dee12/element/00000000-0000-0032-ffff-ffff00000250/click&amp#27;[39m
&amp#27;[38;5;0m[HTTP]&amp#27;[0m &amp#27;[90m{"id":"00000000-0000-0032-ffff-ffff00000250"}&amp#27;[39m
[debug] &amp#27;[38;5;32m[AndroidUiautomator2Driver@b227 (fe0cd291)]&amp#27;[0m Calling AppiumDriver.click() with args: ["00000000-0000-0032-ffff-ffff00000250","fe0cd291-8f79-4212-8568-b4785b2dee12"]
[debug] &amp#27;[38;5;32m[AndroidUiautomator2Driver@b227 (fe0cd291)]&amp#27;[0m Matched '/element/00000000-0000-0032-ffff-ffff00000250/click' to command name 'click'
[debug] &amp#27;[38;5;32m[AndroidUiautomator2Driver@b227 (fe0cd291)]&amp#27;[0m Proxying [POST /element/00000000-0000-0032-ffff-ffff00000250/click] to [POST http://127.0.0.1:8200/session/85989a46-cbdd-4bd4-a501-a859808a0843/element/00000000-0000-0032-ffff-ffff00000250/click] with body: {"element":"00000000-0000-0032-ffff-ffff00000250"}
[debug] &amp#27;[38;5;32m[AndroidUiautomator2Driver@b227 (fe0cd291)]&amp#27;[0m Got response with status 200: {"sessionId":"85989a46-cbdd-4bd4-a501-a859808a0843","value":null}
[debug] &amp#27;[38;5;32m[AndroidUiautomator2Driver@b227 (fe0cd291)]&amp#27;[0m Responding to client with driver.click() result: null
&amp#27;[38;5;0m[HTTP]&amp#27;[0m &amp#27;[37m<-- POST /session/fe0cd291-8f79-4212-8568-b4785b2dee12/element/00000000-0000-0032-ffff-ffff00000250/click &amp#27;[39m&amp#27;[32m200&amp#27;[39m &amp#27;[90m40 ms - 14&amp#27;[39m
&amp#27;[38;5;0m[HTTP]&amp#27;[0m &amp#27;[90m&amp#27;[39m
&amp#27;[38;5;0m[HTTP]&amp#27;[0m &amp#27;[37m-->&amp#27;[39m &amp#27;[37mPOST&amp#27;[39m &amp#27;[37m/session/fe0cd291-8f79-4212-8568-b4785b2dee12/element&amp#27;[39m
&amp#27;[38;5;0m[HTTP]&amp#27;[0m &amp#27;[90m{"using":"xpath","value":"//android.widget.TextView[@index=7]"}&amp#27;[39m
[debug] &amp#27;[38;5;32m[AndroidUiautomator2Driver@b227 (fe0cd291)]&amp#27;[0m Calling AppiumDriver.findElement() with args: ["xpath","//android.widget.TextView[@index=7]","fe0cd291-8f79-4212-8568-b4785b2dee12"]
[debug] &amp#27;[38;5;32m[AndroidUiautomator2Driver@b227 (fe0cd291)]&amp#27;[0m Valid locator strategies for this request: xpath, id, class name, accessibility id, css selector, -android uiautomator
[debug] &amp#27;[38;5;32m[AndroidUiautomator2Driver@b227 (fe0cd291)]&amp#27;[0m Waiting up to 10000 ms for condition
[debug] &amp#27;[38;5;32m[AndroidUiautomator2Driver@b227 (fe0cd291)]&amp#27;[0m Matched '/element' to command name 'findElement'
[debug] &amp#27;[38;5;32m[AndroidUiautomator2Driver@b227 (fe0cd291)]&amp#27;[0m Proxying [POST /element] to [POST http://127.0.0.1:8200/session/85989a46-cbdd-4bd4-a501-a859808a0843/element] with body: {"strategy":"xpath","selector":"//android.widget.TextView[@index=7]","context":"","multiple":false}
[debug] &amp#27;[38;5;32m[AndroidUiautomator2Driver@b227 (fe0cd291)]&amp#27;[0m Got response with status 200: {"sessionId":"85989a46-cbdd-4bd4-a501-a859808a0843","value":{"ELEMENT":"00000000-0000-0032-ffff-ffff0000023e","element-6066-11e4-a52e-4f735466cecf":"00000000-0000-0032-ffff-ffff0000023e"}}
[debug] &amp#27;[38;5;32m[AndroidUiautomator2Driver@b227 (fe0cd291)]&amp#27;[0m Responding to client with driver.findElement() result: {"element-6066-11e4-a52e-4f735466cecf":"00000000-0000-0032-ffff-ffff0000023e","ELEMENT":"00000000-0000-0032-ffff-ffff0000023e"}
&amp#27;[38;5;0m[HTTP]&amp#27;[0m &amp#27;[37m<-- POST /session/fe0cd291-8f79-4212-8568-b4785b2dee12/element &amp#27;[39m&amp#27;[32m200&amp#27;[39m &amp#27;[90m41 ms - 137&amp#27;[39m
&amp#27;[38;5;0m[HTTP]&amp#27;[0m &amp#27;[90m&amp#27;[39m
&amp#27;[38;5;0m[HTTP]&amp#27;[0m &amp#27;[37m-->&amp#27;[39m &amp#27;[37mPOST&amp#27;[39m &amp#27;[37m/session/fe0cd291-8f79-4212-8568-b4785b2dee12/element&amp#27;[39m
&amp#27;[38;5;0m[HTTP]&amp#27;[0m &amp#27;[90m{"using":"xpath","value":"//android.widget.TextView[@index=7]"}&amp#27;[39m
[debug] &amp#27;[38;5;32m[AndroidUiautomator2Driver@b227 (fe0cd291)]&amp#27;[0m Calling AppiumDriver.findElement() with args: ["xpath","//android.widget.TextView[@index=7]","fe0cd291-8f79-4212-8568-b4785b2dee12"]
[debug] &amp#27;[38;5;32m[AndroidUiautomator2Driver@b227 (fe0cd291)]&amp#27;[0m Valid locator strategies for this request: xpath, id, class name, accessibility id, css selector, -android uiautomator
[debug] &amp#27;[38;5;32m[AndroidUiautomator2Driver@b227 (fe0cd291)]&amp#27;[0m Waiting up to 10000 ms for condition
[debug] &amp#27;[38;5;32m[AndroidUiautomator2Driver@b227 (fe0cd291)]&amp#27;[0m Matched '/element' to command name 'findElement'
[debug] &amp#27;[38;5;32m[AndroidUiautomator2Driver@b227 (fe0cd291)]&amp#27;[0m Proxying [POST /element] to [POST http://127.0.0.1:8200/session/85989a46-cbdd-4bd4-a501-a859808a0843/element] with body: {"strategy":"xpath","selector":"//android.widget.TextView[@index=7]","context":"","multiple":false}
[debug] &amp#27;[38;5;32m[AndroidUiautomator2Driver@b227 (fe0cd291)]&amp#27;[0m Got response with status 200: {"sessionId":"85989a46-cbdd-4bd4-a501-a859808a0843","value":{"ELEMENT":"00000000-0000-0032-ffff-ffff0000023e","element-6066-11e4-a52e-4f735466cecf":"00000000-0000-0032-ffff-ffff0000023e"}}
[debug] &amp#27;[38;5;32m[AndroidUiautomator2Driver@b227 (fe0cd291)]&amp#27;[0m Responding to client with driver.findElement() result: {"element-6066-11e4-a52e-4f735466cecf":"00000000-0000-0032-ffff-ffff0000023e","ELEMENT":"00000000-0000-0032-ffff-ffff0000023e"}
&amp#27;[38;5;0m[HTTP]&amp#27;[0m &amp#27;[37m<-- POST /session/fe0cd291-8f79-4212-8568-b4785b2dee12/element &amp#27;[39m&amp#27;[32m200&amp#27;[39m &amp#27;[90m619 ms - 137&amp#27;[39m
&amp#27;[38;5;0m[HTTP]&amp#27;[0m &amp#27;[90m&amp#27;[39m
&amp#27;[38;5;0m[HTTP]&amp#27;[0m &amp#27;[37m-->&amp#27;[39m &amp#27;[37mGET&amp#27;[39m &amp#27;[37m/session/fe0cd291-8f79-4212-8568-b4785b2dee12/element/00000000-0000-0032-ffff-ffff0000023e/text&amp#27;[39m
&amp#27;[38;5;0m[HTTP]&amp#27;[0m &amp#27;[90m{}&amp#27;[39m
&amp#27;[38;5;32m[AndroidUiautomator2Driver@b227 (fe0cd291)]&amp#27;[0m Driver proxy active, passing request on via HTTP proxy
[debug] &amp#27;[38;5;32m[AndroidUiautomator2Driver@b227 (fe0cd291)]&amp#27;[0m Matched '/session/fe0cd291-8f79-4212-8568-b4785b2dee12/element/00000000-0000-0032-ffff-ffff0000023e/text' to command name 'getText'
[debug] &amp#27;[38;5;32m[AndroidUiautomator2Driver@b227 (fe0cd291)]&amp#27;[0m Proxying [GET /session/fe0cd291-8f79-4212-8568-b4785b2dee12/element/00000000-0000-0032-ffff-ffff0000023e/text] to [GET http://127.0.0.1:8200/session/85989a46-cbdd-4bd4-a501-a859808a0843/element/00000000-0000-0032-ffff-ffff0000023e/text] with no body
[debug] &amp#27;[38;5;32m[AndroidUiautomator2Driver@b227 (fe0cd291)]&amp#27;[0m Got response with status 200: {"sessionId":"85989a46-cbdd-4bd4-a501-a859808a0843","value":"This domain is not supported on Quickteller. Kindly use another email address"}
&amp#27;[38;5;32m[AndroidUiautomator2Driver@b227 (fe0cd291)]&amp#27;[0m Replacing sessionId 85989a46-cbdd-4bd4-a501-a859808a0843 with fe0cd291-8f79-4212-8568-b4785b2dee12
&amp#27;[38;5;0m[HTTP]&amp#27;[0m &amp#27;[37m<-- GET /session/fe0cd291-8f79-4212-8568-b4785b2dee12/element/00000000-0000-0032-ffff-ffff0000023e/text &amp#27;[39m&amp#27;[32m200&amp#27;[39m &amp#27;[90m13 ms - 140&amp#27;[39m
&amp#27;[38;5;0m[HTTP]&amp#27;[0m &amp#27;[90m&amp#27;[39m
]]></system-out>
  </testcase>
  <testcase name="Testcase_One[gnail.com](12)" classname="testcases.Android.DisposableDomain_QTM_2874" time="8.953">
    <system-out><![CDATA[&amp#27;[38;5;0m[HTTP]&amp#27;[0m &amp#27;[37m-->&amp#27;[39m &amp#27;[37mPOST&amp#27;[39m &amp#27;[37m/session/fe0cd291-8f79-4212-8568-b4785b2dee12/element&amp#27;[39m
&amp#27;[38;5;0m[HTTP]&amp#27;[0m &amp#27;[90m{"using":"xpath","value":"//android.widget.TextView[@index=0]"}&amp#27;[39m
[debug] &amp#27;[38;5;32m[AndroidUiautomator2Driver@b227 (fe0cd291)]&amp#27;[0m Calling AppiumDriver.findElement() with args: ["xpath","//android.widget.TextView[@index=0]","fe0cd291-8f79-4212-8568-b4785b2dee12"]
[debug] &amp#27;[38;5;32m[AndroidUiautomator2Driver@b227 (fe0cd291)]&amp#27;[0m Valid locator strategies for this request: xpath, id, class name, accessibility id, css selector, -android uiautomator
[debug] &amp#27;[38;5;32m[AndroidUiautomator2Driver@b227 (fe0cd291)]&amp#27;[0m Waiting up to 10000 ms for condition
[debug] &amp#27;[38;5;32m[AndroidUiautomator2Driver@b227 (fe0cd291)]&amp#27;[0m Matched '/element' to command name 'findElement'
[debug] &amp#27;[38;5;32m[AndroidUiautomator2Driver@b227 (fe0cd291)]&amp#27;[0m Proxying [POST /element] to [POST http://127.0.0.1:8200/session/85989a46-cbdd-4bd4-a501-a859808a0843/element] with body: {"strategy":"xpath","selector":"//android.widget.TextView[@index=0]","context":"","multiple":false}
[debug] &amp#27;[38;5;32m[AndroidUiautomator2Driver@b227 (fe0cd291)]&amp#27;[0m Got response with status 200: {"sessionId":"85989a46-cbdd-4bd4-a501-a859808a0843","value":{"ELEMENT":"00000000-0000-0032-ffff-ffff00000232","element-6066-11e4-a52e-4f735466cecf":"00000000-0000-0032-ffff-ffff00000232"}}
[debug] &amp#27;[38;5;32m[AndroidUiautomator2Driver@b227 (fe0cd291)]&amp#27;[0m Responding to client with driver.findElement() result: {"element-6066-11e4-a52e-4f735466cecf":"00000000-0000-0032-ffff-ffff00000232","ELEMENT":"00000000-0000-0032-ffff-ffff00000232"}
&amp#27;[38;5;0m[HTTP]&amp#27;[0m &amp#27;[37m<-- POST /session/fe0cd291-8f79-4212-8568-b4785b2dee12/element &amp#27;[39m&amp#27;[32m200&amp#27;[39m &amp#27;[90m28 ms - 137&amp#27;[39m
&amp#27;[38;5;0m[HTTP]&amp#27;[0m &amp#27;[90m&amp#27;[39m
&amp#27;[38;5;0m[HTTP]&amp#27;[0m &amp#27;[37m-->&amp#27;[39m &amp#27;[37mPOST&amp#27;[39m &amp#27;[37m/session/fe0cd291-8f79-4212-8568-b4785b2dee12/element/00000000-0000-0032-ffff-ffff00000232/click&amp#27;[39m
&amp#27;[38;5;0m[HTTP]&amp#27;[0m &amp#27;[90m{"id":"00000000-0000-0032-ffff-ffff00000232"}&amp#27;[39m
[debug] &amp#27;[38;5;32m[AndroidUiautomator2Driver@b227 (fe0cd291)]&amp#27;[0m Calling AppiumDriver.click() with args: ["00000000-0000-0032-ffff-ffff00000232","fe0cd291-8f79-4212-8568-b4785b2dee12"]
[debug] &amp#27;[38;5;32m[AndroidUiautomator2Driver@b227 (fe0cd291)]&amp#27;[0m Matched '/element/00000000-0000-0032-ffff-ffff00000232/click' to command name 'click'
[debug] &amp#27;[38;5;32m[AndroidUiautomator2Driver@b227 (fe0cd291)]&amp#27;[0m Proxying [POST /element/00000000-0000-0032-ffff-ffff00000232/click] to [POST http://127.0.0.1:8200/session/85989a46-cbdd-4bd4-a501-a859808a0843/element/00000000-0000-0032-ffff-ffff00000232/click] with body: {"element":"00000000-0000-0032-ffff-ffff00000232"}
[debug] &amp#27;[38;5;32m[AndroidUiautomator2Driver@b227 (fe0cd291)]&amp#27;[0m Got response with status 200: {"sessionId":"85989a46-cbdd-4bd4-a501-a859808a0843","value":null}
[debug] &amp#27;[38;5;32m[AndroidUiautomator2Driver@b227 (fe0cd291)]&amp#27;[0m Responding to client with driver.click() result: null
&amp#27;[38;5;0m[HTTP]&amp#27;[0m &amp#27;[37m<-- POST /session/fe0cd291-8f79-4212-8568-b4785b2dee12/element/00000000-0000-0032-ffff-ffff00000232/click &amp#27;[39m&amp#27;[32m200&amp#27;[39m &amp#27;[90m56 ms - 14&amp#27;[39m
&amp#27;[38;5;0m[HTTP]&amp#27;[0m &amp#27;[90m&amp#27;[39m
&amp#27;[38;5;0m[HTTP]&amp#27;[0m &amp#27;[37m-->&amp#27;[39m &amp#27;[37mPOST&amp#27;[39m &amp#27;[37m/session/fe0cd291-8f79-4212-8568-b4785b2dee12/timeouts&amp#27;[39m
&amp#27;[38;5;0m[HTTP]&amp#27;[0m &amp#27;[90m{"implicit":6000}&amp#27;[39m
[debug] &amp#27;[38;5;32m[AndroidUiautomator2Driver@b227 (fe0cd291)]&amp#27;[0m Calling AppiumDriver.timeouts() with args: [null,null,null,null,6000,"fe0cd291-8f79-4212-8568-b4785b2dee12"]
[debug] &amp#27;[38;5;32m[AndroidUiautomator2Driver@b227 (fe0cd291)]&amp#27;[0m W3C timeout argument: {"implicit":6000}}
[debug] &amp#27;[38;5;32m[AndroidUiautomator2Driver@b227 (fe0cd291)]&amp#27;[0m Set implicit wait to 6000ms
[debug] &amp#27;[38;5;32m[AndroidUiautomator2Driver@b227 (fe0cd291)]&amp#27;[0m Responding to client with driver.timeouts() result: null
&amp#27;[38;5;0m[HTTP]&amp#27;[0m &amp#27;[37m<-- POST /session/fe0cd291-8f79-4212-8568-b4785b2dee12/timeouts &amp#27;[39m&amp#27;[32m200&amp#27;[39m &amp#27;[90m1 ms - 14&amp#27;[39m
&amp#27;[38;5;0m[HTTP]&amp#27;[0m &amp#27;[90m&amp#27;[39m
&amp#27;[38;5;0m[HTTP]&amp#27;[0m &amp#27;[37m-->&amp#27;[39m &amp#27;[37mPOST&amp#27;[39m &amp#27;[37m/session/fe0cd291-8f79-4212-8568-b4785b2dee12/element&amp#27;[39m
&amp#27;[38;5;0m[HTTP]&amp#27;[0m &amp#27;[90m{"using":"xpath","value":"//android.widget.Button[@text='Allow']"}&amp#27;[39m
[debug] &amp#27;[38;5;32m[AndroidUiautomator2Driver@b227 (fe0cd291)]&amp#27;[0m Calling AppiumDriver.findElement() with args: ["xpath","//android.widget.Button[@text='Allow']","fe0cd291-8f79-4212-8568-b4785b2dee12"]
[debug] &amp#27;[38;5;32m[AndroidUiautomator2Driver@b227 (fe0cd291)]&amp#27;[0m Valid locator strategies for this request: xpath, id, class name, accessibility id, css selector, -android uiautomator
[debug] &amp#27;[38;5;32m[AndroidUiautomator2Driver@b227 (fe0cd291)]&amp#27;[0m Waiting up to 6000 ms for condition
[debug] &amp#27;[38;5;32m[AndroidUiautomator2Driver@b227 (fe0cd291)]&amp#27;[0m Matched '/element' to command name 'findElement'
[debug] &amp#27;[38;5;32m[AndroidUiautomator2Driver@b227 (fe0cd291)]&amp#27;[0m Proxying [POST /element] to [POST http://127.0.0.1:8200/session/85989a46-cbdd-4bd4-a501-a859808a0843/element] with body: {"strategy":"xpath","selector":"//android.widget.Button[@text='Allow']","context":"","multiple":false}
&amp#27;[38;5;32m[AndroidUiautomator2Driver@b227 (fe0cd291)]&amp#27;[0m Got response with status 404: {"sessionId":"85989a46-cbdd-4bd4-a501-a859808a0843","value":{"error":"no such element","message":"An element could not be located on the page using the given search parameters","stacktrace":"io.appium.uiautomator2.common.exceptions.ElementNotFoundException: An element could not be located on the page using the given search parameters\n\tat io.appium.uiautomator2.utils.ElementLocationHelpers.findElement(ElementLocationHelpers.java:156)\n\tat io.appium.uiautomator2.handler.FindElement.safeHandle(FindElement.java:60)\n\tat io.appium.uiautomator2.handler.request.SafeRequestHandler.handle(SafeRequestHandler.java:59)\n\tat io.appium.uiautomator2.server.AppiumServlet.handleRequest(AppiumServlet.java:277)\n\tat io.appium.uiautomator2.server.AppiumServlet.handleHttpRequest(AppiumServlet.java:271)\n\tat io.appium.uiautomator2.http.ServerHandler.channelRead(ServerHandler.java:68)\n\tat io.netty.channel.AbstractChannelHandlerContext.invokeChannelRead(AbstractChannelHandlerContext.java:366)\n\tat io.netty.channel.Abstr...
[debug] &amp#27;[38;5;128m[W3C]&amp#27;[0m Matched W3C error code 'no such element' to NoSuchElementError
[debug] &amp#27;[38;5;32m[AndroidUiautomator2Driver@b227 (fe0cd291)]&amp#27;[0m Waited for 57 ms so far
[debug] &amp#27;[38;5;32m[AndroidUiautomator2Driver@b227 (fe0cd291)]&amp#27;[0m Matched '/element' to command name 'findElement'
[debug] &amp#27;[38;5;32m[AndroidUiautomator2Driver@b227 (fe0cd291)]&amp#27;[0m Proxying [POST /element] to [POST http://127.0.0.1:8200/session/85989a46-cbdd-4bd4-a501-a859808a0843/element] with body: {"strategy":"xpath","selector":"//android.widget.Button[@text='Allow']","context":"","multiple":false}
&amp#27;[38;5;32m[AndroidUiautomator2Driver@b227 (fe0cd291)]&amp#27;[0m Got response with status 404: {"sessionId":"85989a46-cbdd-4bd4-a501-a859808a0843","value":{"error":"no such element","message":"An element could not be located on the page using the given search parameters","stacktrace":"io.appium.uiautomator2.common.exceptions.ElementNotFoundException: An element could not be located on the page using the given search parameters\n\tat io.appium.uiautomator2.utils.ElementLocationHelpers.findElement(ElementLocationHelpers.java:156)\n\tat io.appium.uiautomator2.handler.FindElement.safeHandle(FindElement.java:60)\n\tat io.appium.uiautomator2.handler.request.SafeRequestHandler.handle(SafeRequestHandler.java:59)\n\tat io.appium.uiautomator2.server.AppiumServlet.handleRequest(AppiumServlet.java:277)\n\tat io.appium.uiautomator2.server.AppiumServlet.handleHttpRequest(AppiumServlet.java:271)\n\tat io.appium.uiautomator2.http.ServerHandler.channelRead(ServerHandler.java:68)\n\tat io.netty.channel.AbstractChannelHandlerContext.invokeChannelRead(AbstractChannelHandlerContext.java:366)\n\tat io.netty.channel.Abstr...
[debug] &amp#27;[38;5;128m[W3C]&amp#27;[0m Matched W3C error code 'no such element' to NoSuchElementError
[debug] &amp#27;[38;5;32m[AndroidUiautomator2Driver@b227 (fe0cd291)]&amp#27;[0m Waited for 990 ms so far
[debug] &amp#27;[38;5;32m[AndroidUiautomator2Driver@b227 (fe0cd291)]&amp#27;[0m Matched '/element' to command name 'findElement'
[debug] &amp#27;[38;5;32m[AndroidUiautomator2Driver@b227 (fe0cd291)]&amp#27;[0m Proxying [POST /element] to [POST http://127.0.0.1:8200/session/85989a46-cbdd-4bd4-a501-a859808a0843/element] with body: {"strategy":"xpath","selector":"//android.widget.Button[@text='Allow']","context":"","multiple":false}
&amp#27;[38;5;32m[AndroidUiautomator2Driver@b227 (fe0cd291)]&amp#27;[0m Got response with status 404: {"sessionId":"85989a46-cbdd-4bd4-a501-a859808a0843","value":{"error":"no such element","message":"An element could not be located on the page using the given search parameters","stacktrace":"io.appium.uiautomator2.common.exceptions.ElementNotFoundException: An element could not be located on the page using the given search parameters\n\tat io.appium.uiautomator2.utils.ElementLocationHelpers.findElement(ElementLocationHelpers.java:156)\n\tat io.appium.uiautomator2.handler.FindElement.safeHandle(FindElement.java:60)\n\tat io.appium.uiautomator2.handler.request.SafeRequestHandler.handle(SafeRequestHandler.java:59)\n\tat io.appium.uiautomator2.server.AppiumServlet.handleRequest(AppiumServlet.java:277)\n\tat io.appium.uiautomator2.server.AppiumServlet.handleHttpRequest(AppiumServlet.java:271)\n\tat io.appium.uiautomator2.http.ServerHandler.channelRead(ServerHandler.java:68)\n\tat io.netty.channel.AbstractChannelHandlerContext.invokeChannelRead(AbstractChannelHandlerContext.java:366)\n\tat io.netty.channel.Abstr...
[debug] &amp#27;[38;5;128m[W3C]&amp#27;[0m Matched W3C error code 'no such element' to NoSuchElementError
[debug] &amp#27;[38;5;32m[AndroidUiautomator2Driver@b227 (fe0cd291)]&amp#27;[0m Waited for 1518 ms so far
[debug] &amp#27;[38;5;32m[AndroidUiautomator2Driver@b227 (fe0cd291)]&amp#27;[0m Matched '/element' to command name 'findElement'
[debug] &amp#27;[38;5;32m[AndroidUiautomator2Driver@b227 (fe0cd291)]&amp#27;[0m Proxying [POST /element] to [POST http://127.0.0.1:8200/session/85989a46-cbdd-4bd4-a501-a859808a0843/element] with body: {"strategy":"xpath","selector":"//android.widget.Button[@text='Allow']","context":"","multiple":false}
&amp#27;[38;5;32m[AndroidUiautomator2Driver@b227 (fe0cd291)]&amp#27;[0m Got response with status 404: {"sessionId":"85989a46-cbdd-4bd4-a501-a859808a0843","value":{"error":"no such element","message":"An element could not be located on the page using the given search parameters","stacktrace":"io.appium.uiautomator2.common.exceptions.ElementNotFoundException: An element could not be located on the page using the given search parameters\n\tat io.appium.uiautomator2.utils.ElementLocationHelpers.findElement(ElementLocationHelpers.java:156)\n\tat io.appium.uiautomator2.handler.FindElement.safeHandle(FindElement.java:60)\n\tat io.appium.uiautomator2.handler.request.SafeRequestHandler.handle(SafeRequestHandler.java:59)\n\tat io.appium.uiautomator2.server.AppiumServlet.handleRequest(AppiumServlet.java:277)\n\tat io.appium.uiautomator2.server.AppiumServlet.handleHttpRequest(AppiumServlet.java:271)\n\tat io.appium.uiautomator2.http.ServerHandler.channelRead(ServerHandler.java:68)\n\tat io.netty.channel.AbstractChannelHandlerContext.invokeChannelRead(AbstractChannelHandlerContext.java:366)\n\tat io.netty.channel.Abstr...
[debug] &amp#27;[38;5;128m[W3C]&amp#27;[0m Matched W3C error code 'no such element' to NoSuchElementError
[debug] &amp#27;[38;5;32m[AndroidUiautomator2Driver@b227 (fe0cd291)]&amp#27;[0m Waited for 2044 ms so far
[debug] &amp#27;[38;5;32m[AndroidUiautomator2Driver@b227 (fe0cd291)]&amp#27;[0m Matched '/element' to command name 'findElement'
[debug] &amp#27;[38;5;32m[AndroidUiautomator2Driver@b227 (fe0cd291)]&amp#27;[0m Proxying [POST /element] to [POST http://127.0.0.1:8200/session/85989a46-cbdd-4bd4-a501-a859808a0843/element] with body: {"strategy":"xpath","selector":"//android.widget.Button[@text='Allow']","context":"","multiple":false}
&amp#27;[38;5;32m[AndroidUiautomator2Driver@b227 (fe0cd291)]&amp#27;[0m Got response with status 404: {"sessionId":"85989a46-cbdd-4bd4-a501-a859808a0843","value":{"error":"no such element","message":"An element could not be located on the page using the given search parameters","stacktrace":"io.appium.uiautomator2.common.exceptions.ElementNotFoundException: An element could not be located on the page using the given search parameters\n\tat io.appium.uiautomator2.utils.ElementLocationHelpers.findElement(ElementLocationHelpers.java:156)\n\tat io.appium.uiautomator2.handler.FindElement.safeHandle(FindElement.java:60)\n\tat io.appium.uiautomator2.handler.request.SafeRequestHandler.handle(SafeRequestHandler.java:59)\n\tat io.appium.uiautomator2.server.AppiumServlet.handleRequest(AppiumServlet.java:277)\n\tat io.appium.uiautomator2.server.AppiumServlet.handleHttpRequest(AppiumServlet.java:271)\n\tat io.appium.uiautomator2.http.ServerHandler.channelRead(ServerHandler.java:68)\n\tat io.netty.channel.AbstractChannelHandlerContext.invokeChannelRead(AbstractChannelHandlerContext.java:366)\n\tat io.netty.channel.Abstr...
[debug] &amp#27;[38;5;128m[W3C]&amp#27;[0m Matched W3C error code 'no such element' to NoSuchElementError
[debug] &amp#27;[38;5;32m[AndroidUiautomator2Driver@b227 (fe0cd291)]&amp#27;[0m Waited for 2579 ms so far
[debug] &amp#27;[38;5;32m[AndroidUiautomator2Driver@b227 (fe0cd291)]&amp#27;[0m Matched '/element' to command name 'findElement'
[debug] &amp#27;[38;5;32m[AndroidUiautomator2Driver@b227 (fe0cd291)]&amp#27;[0m Proxying [POST /element] to [POST http://127.0.0.1:8200/session/85989a46-cbdd-4bd4-a501-a859808a0843/element] with body: {"strategy":"xpath","selector":"//android.widget.Button[@text='Allow']","context":"","multiple":false}
&amp#27;[38;5;32m[AndroidUiautomator2Driver@b227 (fe0cd291)]&amp#27;[0m Got response with status 404: {"sessionId":"85989a46-cbdd-4bd4-a501-a859808a0843","value":{"error":"no such element","message":"An element could not be located on the page using the given search parameters","stacktrace":"io.appium.uiautomator2.common.exceptions.ElementNotFoundException: An element could not be located on the page using the given search parameters\n\tat io.appium.uiautomator2.utils.ElementLocationHelpers.findElement(ElementLocationHelpers.java:156)\n\tat io.appium.uiautomator2.handler.FindElement.safeHandle(FindElement.java:60)\n\tat io.appium.uiautomator2.handler.request.SafeRequestHandler.handle(SafeRequestHandler.java:59)\n\tat io.appium.uiautomator2.server.AppiumServlet.handleRequest(AppiumServlet.java:277)\n\tat io.appium.uiautomator2.server.AppiumServlet.handleHttpRequest(AppiumServlet.java:271)\n\tat io.appium.uiautomator2.http.ServerHandler.channelRead(ServerHandler.java:68)\n\tat io.netty.channel.AbstractChannelHandlerContext.invokeChannelRead(AbstractChannelHandlerContext.java:366)\n\tat io.netty.channel.Abstr...
[debug] &amp#27;[38;5;128m[W3C]&amp#27;[0m Matched W3C error code 'no such element' to NoSuchElementError
[debug] &amp#27;[38;5;32m[AndroidUiautomator2Driver@b227 (fe0cd291)]&amp#27;[0m Waited for 3100 ms so far
[debug] &amp#27;[38;5;32m[AndroidUiautomator2Driver@b227 (fe0cd291)]&amp#27;[0m Matched '/element' to command name 'findElement'
[debug] &amp#27;[38;5;32m[AndroidUiautomator2Driver@b227 (fe0cd291)]&amp#27;[0m Proxying [POST /element] to [POST http://127.0.0.1:8200/session/85989a46-cbdd-4bd4-a501-a859808a0843/element] with body: {"strategy":"xpath","selector":"//android.widget.Button[@text='Allow']","context":"","multiple":false}
&amp#27;[38;5;32m[AndroidUiautomator2Driver@b227 (fe0cd291)]&amp#27;[0m Got response with status 404: {"sessionId":"85989a46-cbdd-4bd4-a501-a859808a0843","value":{"error":"no such element","message":"An element could not be located on the page using the given search parameters","stacktrace":"io.appium.uiautomator2.common.exceptions.ElementNotFoundException: An element could not be located on the page using the given search parameters\n\tat io.appium.uiautomator2.utils.ElementLocationHelpers.findElement(ElementLocationHelpers.java:156)\n\tat io.appium.uiautomator2.handler.FindElement.safeHandle(FindElement.java:60)\n\tat io.appium.uiautomator2.handler.request.SafeRequestHandler.handle(SafeRequestHandler.java:59)\n\tat io.appium.uiautomator2.server.AppiumServlet.handleRequest(AppiumServlet.java:277)\n\tat io.appium.uiautomator2.server.AppiumServlet.handleHttpRequest(AppiumServlet.java:271)\n\tat io.appium.uiautomator2.http.ServerHandler.channelRead(ServerHandler.java:68)\n\tat io.netty.channel.AbstractChannelHandlerContext.invokeChannelRead(AbstractChannelHandlerContext.java:366)\n\tat io.netty.channel.Abstr...
[debug] &amp#27;[38;5;128m[W3C]&amp#27;[0m Matched W3C error code 'no such element' to NoSuchElementError
[debug] &amp#27;[38;5;32m[AndroidUiautomator2Driver@b227 (fe0cd291)]&amp#27;[0m Waited for 3630 ms so far
[debug] &amp#27;[38;5;32m[AndroidUiautomator2Driver@b227 (fe0cd291)]&amp#27;[0m Matched '/element' to command name 'findElement'
[debug] &amp#27;[38;5;32m[AndroidUiautomator2Driver@b227 (fe0cd291)]&amp#27;[0m Proxying [POST /element] to [POST http://127.0.0.1:8200/session/85989a46-cbdd-4bd4-a501-a859808a0843/element] with body: {"strategy":"xpath","selector":"//android.widget.Button[@text='Allow']","context":"","multiple":false}
&amp#27;[38;5;32m[AndroidUiautomator2Driver@b227 (fe0cd291)]&amp#27;[0m Got response with status 404: {"sessionId":"85989a46-cbdd-4bd4-a501-a859808a0843","value":{"error":"no such element","message":"An element could not be located on the page using the given search parameters","stacktrace":"io.appium.uiautomator2.common.exceptions.ElementNotFoundException: An element could not be located on the page using the given search parameters\n\tat io.appium.uiautomator2.utils.ElementLocationHelpers.findElement(ElementLocationHelpers.java:156)\n\tat io.appium.uiautomator2.handler.FindElement.safeHandle(FindElement.java:60)\n\tat io.appium.uiautomator2.handler.request.SafeRequestHandler.handle(SafeRequestHandler.java:59)\n\tat io.appium.uiautomator2.server.AppiumServlet.handleRequest(AppiumServlet.java:277)\n\tat io.appium.uiautomator2.server.AppiumServlet.handleHttpRequest(AppiumServlet.java:271)\n\tat io.appium.uiautomator2.http.ServerHandler.channelRead(ServerHandler.java:68)\n\tat io.netty.channel.AbstractChannelHandlerContext.invokeChannelRead(AbstractChannelHandlerContext.java:366)\n\tat io.netty.channel.Abstr...
[debug] &amp#27;[38;5;128m[W3C]&amp#27;[0m Matched W3C error code 'no such element' to NoSuchElementError
[debug] &amp#27;[38;5;32m[AndroidUiautomator2Driver@b227 (fe0cd291)]&amp#27;[0m Waited for 4161 ms so far
[debug] &amp#27;[38;5;32m[AndroidUiautomator2Driver@b227 (fe0cd291)]&amp#27;[0m Matched '/element' to command name 'findElement'
[debug] &amp#27;[38;5;32m[AndroidUiautomator2Driver@b227 (fe0cd291)]&amp#27;[0m Proxying [POST /element] to [POST http://127.0.0.1:8200/session/85989a46-cbdd-4bd4-a501-a859808a0843/element] with body: {"strategy":"xpath","selector":"//android.widget.Button[@text='Allow']","context":"","multiple":false}
&amp#27;[38;5;32m[AndroidUiautomator2Driver@b227 (fe0cd291)]&amp#27;[0m Got response with status 404: {"sessionId":"85989a46-cbdd-4bd4-a501-a859808a0843","value":{"error":"no such element","message":"An element could not be located on the page using the given search parameters","stacktrace":"io.appium.uiautomator2.common.exceptions.ElementNotFoundException: An element could not be located on the page using the given search parameters\n\tat io.appium.uiautomator2.utils.ElementLocationHelpers.findElement(ElementLocationHelpers.java:156)\n\tat io.appium.uiautomator2.handler.FindElement.safeHandle(FindElement.java:60)\n\tat io.appium.uiautomator2.handler.request.SafeRequestHandler.handle(SafeRequestHandler.java:59)\n\tat io.appium.uiautomator2.server.AppiumServlet.handleRequest(AppiumServlet.java:277)\n\tat io.appium.uiautomator2.server.AppiumServlet.handleHttpRequest(AppiumServlet.java:271)\n\tat io.appium.uiautomator2.http.ServerHandler.channelRead(ServerHandler.java:68)\n\tat io.netty.channel.AbstractChannelHandlerContext.invokeChannelRead(AbstractChannelHandlerContext.java:366)\n\tat io.netty.channel.Abstr...
[debug] &amp#27;[38;5;128m[W3C]&amp#27;[0m Matched W3C error code 'no such element' to NoSuchElementError
[debug] &amp#27;[38;5;32m[AndroidUiautomator2Driver@b227 (fe0cd291)]&amp#27;[0m Waited for 4696 ms so far
[debug] &amp#27;[38;5;32m[AndroidUiautomator2Driver@b227 (fe0cd291)]&amp#27;[0m Matched '/element' to command name 'findElement'
[debug] &amp#27;[38;5;32m[AndroidUiautomator2Driver@b227 (fe0cd291)]&amp#27;[0m Proxying [POST /element] to [POST http://127.0.0.1:8200/session/85989a46-cbdd-4bd4-a501-a859808a0843/element] with body: {"strategy":"xpath","selector":"//android.widget.Button[@text='Allow']","context":"","multiple":false}
&amp#27;[38;5;32m[AndroidUiautomator2Driver@b227 (fe0cd291)]&amp#27;[0m Got response with status 404: {"sessionId":"85989a46-cbdd-4bd4-a501-a859808a0843","value":{"error":"no such element","message":"An element could not be located on the page using the given search parameters","stacktrace":"io.appium.uiautomator2.common.exceptions.ElementNotFoundException: An element could not be located on the page using the given search parameters\n\tat io.appium.uiautomator2.utils.ElementLocationHelpers.findElement(ElementLocationHelpers.java:156)\n\tat io.appium.uiautomator2.handler.FindElement.safeHandle(FindElement.java:60)\n\tat io.appium.uiautomator2.handler.request.SafeRequestHandler.handle(SafeRequestHandler.java:59)\n\tat io.appium.uiautomator2.server.AppiumServlet.handleRequest(AppiumServlet.java:277)\n\tat io.appium.uiautomator2.server.AppiumServlet.handleHttpRequest(AppiumServlet.java:271)\n\tat io.appium.uiautomator2.http.ServerHandler.channelRead(ServerHandler.java:68)\n\tat io.netty.channel.AbstractChannelHandlerContext.invokeChannelRead(AbstractChannelHandlerContext.java:366)\n\tat io.netty.channel.Abstr...
[debug] &amp#27;[38;5;128m[W3C]&amp#27;[0m Matched W3C error code 'no such element' to NoSuchElementError
[debug] &amp#27;[38;5;32m[AndroidUiautomator2Driver@b227 (fe0cd291)]&amp#27;[0m Waited for 5256 ms so far
[debug] &amp#27;[38;5;32m[AndroidUiautomator2Driver@b227 (fe0cd291)]&amp#27;[0m Matched '/element' to command name 'findElement'
[debug] &amp#27;[38;5;32m[AndroidUiautomator2Driver@b227 (fe0cd291)]&amp#27;[0m Proxying [POST /element] to [POST http://127.0.0.1:8200/session/85989a46-cbdd-4bd4-a501-a859808a0843/element] with body: {"strategy":"xpath","selector":"//android.widget.Button[@text='Allow']","context":"","multiple":false}
&amp#27;[38;5;32m[AndroidUiautomator2Driver@b227 (fe0cd291)]&amp#27;[0m Got response with status 404: {"sessionId":"85989a46-cbdd-4bd4-a501-a859808a0843","value":{"error":"no such element","message":"An element could not be located on the page using the given search parameters","stacktrace":"io.appium.uiautomator2.common.exceptions.ElementNotFoundException: An element could not be located on the page using the given search parameters\n\tat io.appium.uiautomator2.utils.ElementLocationHelpers.findElement(ElementLocationHelpers.java:156)\n\tat io.appium.uiautomator2.handler.FindElement.safeHandle(FindElement.java:60)\n\tat io.appium.uiautomator2.handler.request.SafeRequestHandler.handle(SafeRequestHandler.java:59)\n\tat io.appium.uiautomator2.server.AppiumServlet.handleRequest(AppiumServlet.java:277)\n\tat io.appium.uiautomator2.server.AppiumServlet.handleHttpRequest(AppiumServlet.java:271)\n\tat io.appium.uiautomator2.http.ServerHandler.channelRead(ServerHandler.java:68)\n\tat io.netty.channel.AbstractChannelHandlerContext.invokeChannelRead(AbstractChannelHandlerContext.java:366)\n\tat io.netty.channel.Abstr...
[debug] &amp#27;[38;5;128m[W3C]&amp#27;[0m Matched W3C error code 'no such element' to NoSuchElementError
[debug] &amp#27;[38;5;32m[AndroidUiautomator2Driver@b227 (fe0cd291)]&amp#27;[0m Waited for 5817 ms so far
[debug] &amp#27;[38;5;32m[AndroidUiautomator2Driver@b227 (fe0cd291)]&amp#27;[0m Matched '/element' to command name 'findElement'
[debug] &amp#27;[38;5;32m[AndroidUiautomator2Driver@b227 (fe0cd291)]&amp#27;[0m Proxying [POST /element] to [POST http://127.0.0.1:8200/session/85989a46-cbdd-4bd4-a501-a859808a0843/element] with body: {"strategy":"xpath","selector":"//android.widget.Button[@text='Allow']","context":"","multiple":false}
&amp#27;[38;5;32m[AndroidUiautomator2Driver@b227 (fe0cd291)]&amp#27;[0m Got response with status 404: {"sessionId":"85989a46-cbdd-4bd4-a501-a859808a0843","value":{"error":"no such element","message":"An element could not be located on the page using the given search parameters","stacktrace":"io.appium.uiautomator2.common.exceptions.ElementNotFoundException: An element could not be located on the page using the given search parameters\n\tat io.appium.uiautomator2.utils.ElementLocationHelpers.findElement(ElementLocationHelpers.java:156)\n\tat io.appium.uiautomator2.handler.FindElement.safeHandle(FindElement.java:60)\n\tat io.appium.uiautomator2.handler.request.SafeRequestHandler.handle(SafeRequestHandler.java:59)\n\tat io.appium.uiautomator2.server.AppiumServlet.handleRequest(AppiumServlet.java:277)\n\tat io.appium.uiautomator2.server.AppiumServlet.handleHttpRequest(AppiumServlet.java:271)\n\tat io.appium.uiautomator2.http.ServerHandler.channelRead(ServerHandler.java:68)\n\tat io.netty.channel.AbstractChannelHandlerContext.invokeChannelRead(AbstractChannelHandlerContext.java:366)\n\tat io.netty.channel.Abstr...
[debug] &amp#27;[38;5;128m[W3C]&amp#27;[0m Matched W3C error code 'no such element' to NoSuchElementError
[debug] &amp#27;[38;5;32m[AndroidUiautomator2Driver@b227 (fe0cd291)]&amp#27;[0m Encountered internal error running command: NoSuchElementError: An element could not be located on the page using the given search parameters.
[debug] &amp#27;[38;5;32m[AndroidUiautomator2Driver@b227 (fe0cd291)]&amp#27;[0m     at AndroidUiautomator2Driver.findElOrEls (C:\Users\daniel.ogagavworia\.appium\node_modules\appium-uiautomator2-driver\node_modules\appium-android-driver\lib\commands\find.js:75:11)
[debug] &amp#27;[38;5;32m[AndroidUiautomator2Driver@b227 (fe0cd291)]&amp#27;[0m     at processTicksAndRejections (node:internal/process/task_queues:95:5)
[debug] &amp#27;[38;5;32m[AndroidUiautomator2Driver@b227 (fe0cd291)]&amp#27;[0m     at AndroidUiautomator2Driver.findElOrElsWithProcessing (C:\Users\daniel.ogagavworia\AppData\Roaming\npm\node_modules\appium\node_modules\@appium\base-driver\lib\basedriver\commands\find.ts:60:12)
[debug] &amp#27;[38;5;32m[AndroidUiautomator2Driver@b227 (fe0cd291)]&amp#27;[0m     at AndroidUiautomator2Driver.findElement (C:\Users\daniel.ogagavworia\AppData\Roaming\npm\node_modules\appium\node_modules\@appium\base-driver\lib\basedriver\commands\find.ts:75:12)
&amp#27;[38;5;0m[HTTP]&amp#27;[0m &amp#27;[37m<-- POST /session/fe0cd291-8f79-4212-8568-b4785b2dee12/element &amp#27;[39m&amp#27;[33m404&amp#27;[39m &amp#27;[90m6098 ms - 929&amp#27;[39m
&amp#27;[38;5;0m[HTTP]&amp#27;[0m &amp#27;[90m&amp#27;[39m
&amp#27;[38;5;0m[HTTP]&amp#27;[0m &amp#27;[37m-->&amp#27;[39m &amp#27;[37mPOST&amp#27;[39m &amp#27;[37m/session/fe0cd291-8f79-4212-8568-b4785b2dee12/element&amp#27;[39m
&amp#27;[38;5;0m[HTTP]&amp#27;[0m &amp#27;[90m{"using":"xpath","value":"//android.widget.TextView[@text='REGISTER']"}&amp#27;[39m
[debug] &amp#27;[38;5;32m[AndroidUiautomator2Driver@b227 (fe0cd291)]&amp#27;[0m Calling AppiumDriver.findElement() with args: ["xpath","//android.widget.TextView[@text='REGISTER']","fe0cd291-8f79-4212-8568-b4785b2dee12"]
[debug] &amp#27;[38;5;32m[AndroidUiautomator2Driver@b227 (fe0cd291)]&amp#27;[0m Valid locator strategies for this request: xpath, id, class name, accessibility id, css selector, -android uiautomator
[debug] &amp#27;[38;5;32m[AndroidUiautomator2Driver@b227 (fe0cd291)]&amp#27;[0m Waiting up to 6000 ms for condition
[debug] &amp#27;[38;5;32m[AndroidUiautomator2Driver@b227 (fe0cd291)]&amp#27;[0m Matched '/element' to command name 'findElement'
[debug] &amp#27;[38;5;32m[AndroidUiautomator2Driver@b227 (fe0cd291)]&amp#27;[0m Proxying [POST /element] to [POST http://127.0.0.1:8200/session/85989a46-cbdd-4bd4-a501-a859808a0843/element] with body: {"strategy":"xpath","selector":"//android.widget.TextView[@text='REGISTER']","context":"","multiple":false}
[debug] &amp#27;[38;5;32m[AndroidUiautomator2Driver@b227 (fe0cd291)]&amp#27;[0m Got response with status 200: {"sessionId":"85989a46-cbdd-4bd4-a501-a859808a0843","value":{"ELEMENT":"00000000-0000-0032-ffff-ffff0000002e","element-6066-11e4-a52e-4f735466cecf":"00000000-0000-0032-ffff-ffff0000002e"}}
[debug] &amp#27;[38;5;32m[AndroidUiautomator2Driver@b227 (fe0cd291)]&amp#27;[0m Responding to client with driver.findElement() result: {"element-6066-11e4-a52e-4f735466cecf":"00000000-0000-0032-ffff-ffff0000002e","ELEMENT":"00000000-0000-0032-ffff-ffff0000002e"}
&amp#27;[38;5;0m[HTTP]&amp#27;[0m &amp#27;[37m<-- POST /session/fe0cd291-8f79-4212-8568-b4785b2dee12/element &amp#27;[39m&amp#27;[32m200&amp#27;[39m &amp#27;[90m200 ms - 137&amp#27;[39m
&amp#27;[38;5;0m[HTTP]&amp#27;[0m &amp#27;[90m&amp#27;[39m
&amp#27;[38;5;0m[HTTP]&amp#27;[0m &amp#27;[37m-->&amp#27;[39m &amp#27;[37mPOST&amp#27;[39m &amp#27;[37m/session/fe0cd291-8f79-4212-8568-b4785b2dee12/element/00000000-0000-0032-ffff-ffff0000002e/click&amp#27;[39m
&amp#27;[38;5;0m[HTTP]&amp#27;[0m &amp#27;[90m{"id":"00000000-0000-0032-ffff-ffff0000002e"}&amp#27;[39m
[debug] &amp#27;[38;5;32m[AndroidUiautomator2Driver@b227 (fe0cd291)]&amp#27;[0m Calling AppiumDriver.click() with args: ["00000000-0000-0032-ffff-ffff0000002e","fe0cd291-8f79-4212-8568-b4785b2dee12"]
[debug] &amp#27;[38;5;32m[AndroidUiautomator2Driver@b227 (fe0cd291)]&amp#27;[0m Matched '/element/00000000-0000-0032-ffff-ffff0000002e/click' to command name 'click'
[debug] &amp#27;[38;5;32m[AndroidUiautomator2Driver@b227 (fe0cd291)]&amp#27;[0m Proxying [POST /element/00000000-0000-0032-ffff-ffff0000002e/click] to [POST http://127.0.0.1:8200/session/85989a46-cbdd-4bd4-a501-a859808a0843/element/00000000-0000-0032-ffff-ffff0000002e/click] with body: {"element":"00000000-0000-0032-ffff-ffff0000002e"}
[debug] &amp#27;[38;5;32m[AndroidUiautomator2Driver@b227 (fe0cd291)]&amp#27;[0m Got response with status 200: {"sessionId":"85989a46-cbdd-4bd4-a501-a859808a0843","value":null}
[debug] &amp#27;[38;5;32m[AndroidUiautomator2Driver@b227 (fe0cd291)]&amp#27;[0m Responding to client with driver.click() result: null
&amp#27;[38;5;0m[HTTP]&amp#27;[0m &amp#27;[37m<-- POST /session/fe0cd291-8f79-4212-8568-b4785b2dee12/element/00000000-0000-0032-ffff-ffff0000002e/click &amp#27;[39m&amp#27;[32m200&amp#27;[39m &amp#27;[90m178 ms - 14&amp#27;[39m
&amp#27;[38;5;0m[HTTP]&amp#27;[0m &amp#27;[90m&amp#27;[39m
&amp#27;[38;5;0m[HTTP]&amp#27;[0m &amp#27;[37m-->&amp#27;[39m &amp#27;[37mPOST&amp#27;[39m &amp#27;[37m/session/fe0cd291-8f79-4212-8568-b4785b2dee12/timeouts&amp#27;[39m
&amp#27;[38;5;0m[HTTP]&amp#27;[0m &amp#27;[90m{"implicit":10000}&amp#27;[39m
[debug] &amp#27;[38;5;32m[AndroidUiautomator2Driver@b227 (fe0cd291)]&amp#27;[0m Calling AppiumDriver.timeouts() with args: [null,null,null,null,10000,"fe0cd291-8f79-4212-8568-b4785b2dee12"]
[debug] &amp#27;[38;5;32m[AndroidUiautomator2Driver@b227 (fe0cd291)]&amp#27;[0m W3C timeout argument: {"implicit":10000}}
[debug] &amp#27;[38;5;32m[AndroidUiautomator2Driver@b227 (fe0cd291)]&amp#27;[0m Set implicit wait to 10000ms
[debug] &amp#27;[38;5;32m[AndroidUiautomator2Driver@b227 (fe0cd291)]&amp#27;[0m Responding to client with driver.timeouts() result: null
&amp#27;[38;5;0m[HTTP]&amp#27;[0m &amp#27;[37m<-- POST /session/fe0cd291-8f79-4212-8568-b4785b2dee12/timeouts &amp#27;[39m&amp#27;[32m200&amp#27;[39m &amp#27;[90m3 ms - 14&amp#27;[39m
&amp#27;[38;5;0m[HTTP]&amp#27;[0m &amp#27;[90m&amp#27;[39m
&amp#27;[38;5;0m[HTTP]&amp#27;[0m &amp#27;[37m-->&amp#27;[39m &amp#27;[37mPOST&amp#27;[39m &amp#27;[37m/session/fe0cd291-8f79-4212-8568-b4785b2dee12/element&amp#27;[39m
&amp#27;[38;5;0m[HTTP]&amp#27;[0m &amp#27;[90m{"using":"xpath","value":"//android.widget.EditText[@index=3]"}&amp#27;[39m
[debug] &amp#27;[38;5;32m[AndroidUiautomator2Driver@b227 (fe0cd291)]&amp#27;[0m Calling AppiumDriver.findElement() with args: ["xpath","//android.widget.EditText[@index=3]","fe0cd291-8f79-4212-8568-b4785b2dee12"]
[debug] &amp#27;[38;5;32m[AndroidUiautomator2Driver@b227 (fe0cd291)]&amp#27;[0m Valid locator strategies for this request: xpath, id, class name, accessibility id, css selector, -android uiautomator
[debug] &amp#27;[38;5;32m[AndroidUiautomator2Driver@b227 (fe0cd291)]&amp#27;[0m Waiting up to 10000 ms for condition
[debug] &amp#27;[38;5;32m[AndroidUiautomator2Driver@b227 (fe0cd291)]&amp#27;[0m Matched '/element' to command name 'findElement'
[debug] &amp#27;[38;5;32m[AndroidUiautomator2Driver@b227 (fe0cd291)]&amp#27;[0m Proxying [POST /element] to [POST http://127.0.0.1:8200/session/85989a46-cbdd-4bd4-a501-a859808a0843/element] with body: {"strategy":"xpath","selector":"//android.widget.EditText[@index=3]","context":"","multiple":false}
&amp#27;[38;5;32m[AndroidUiautomator2Driver@b227 (fe0cd291)]&amp#27;[0m Got response with status 404: {"sessionId":"85989a46-cbdd-4bd4-a501-a859808a0843","value":{"error":"no such element","message":"An element could not be located on the page using the given search parameters","stacktrace":"io.appium.uiautomator2.common.exceptions.ElementNotFoundException: An element could not be located on the page using the given search parameters\n\tat io.appium.uiautomator2.utils.ElementLocationHelpers.findElement(ElementLocationHelpers.java:156)\n\tat io.appium.uiautomator2.handler.FindElement.safeHandle(FindElement.java:60)\n\tat io.appium.uiautomator2.handler.request.SafeRequestHandler.handle(SafeRequestHandler.java:59)\n\tat io.appium.uiautomator2.server.AppiumServlet.handleRequest(AppiumServlet.java:277)\n\tat io.appium.uiautomator2.server.AppiumServlet.handleHttpRequest(AppiumServlet.java:271)\n\tat io.appium.uiautomator2.http.ServerHandler.channelRead(ServerHandler.java:68)\n\tat io.netty.channel.AbstractChannelHandlerContext.invokeChannelRead(AbstractChannelHandlerContext.java:366)\n\tat io.netty.channel.Abstr...
[debug] &amp#27;[38;5;128m[W3C]&amp#27;[0m Matched W3C error code 'no such element' to NoSuchElementError
[debug] &amp#27;[38;5;32m[AndroidUiautomator2Driver@b227 (fe0cd291)]&amp#27;[0m Waited for 172 ms so far
[debug] &amp#27;[38;5;32m[AndroidUiautomator2Driver@b227 (fe0cd291)]&amp#27;[0m Matched '/element' to command name 'findElement'
[debug] &amp#27;[38;5;32m[AndroidUiautomator2Driver@b227 (fe0cd291)]&amp#27;[0m Proxying [POST /element] to [POST http://127.0.0.1:8200/session/85989a46-cbdd-4bd4-a501-a859808a0843/element] with body: {"strategy":"xpath","selector":"//android.widget.EditText[@index=3]","context":"","multiple":false}
[debug] &amp#27;[38;5;32m[AndroidUiautomator2Driver@b227 (fe0cd291)]&amp#27;[0m Got response with status 200: {"sessionId":"85989a46-cbdd-4bd4-a501-a859808a0843","value":{"ELEMENT":"00000000-0000-0032-ffff-ffff0000026c","element-6066-11e4-a52e-4f735466cecf":"00000000-0000-0032-ffff-ffff0000026c"}}
[debug] &amp#27;[38;5;32m[AndroidUiautomator2Driver@b227 (fe0cd291)]&amp#27;[0m Responding to client with driver.findElement() result: {"element-6066-11e4-a52e-4f735466cecf":"00000000-0000-0032-ffff-ffff0000026c","ELEMENT":"00000000-0000-0032-ffff-ffff0000026c"}
&amp#27;[38;5;0m[HTTP]&amp#27;[0m &amp#27;[37m<-- POST /session/fe0cd291-8f79-4212-8568-b4785b2dee12/element &amp#27;[39m&amp#27;[32m200&amp#27;[39m &amp#27;[90m1254 ms - 137&amp#27;[39m
&amp#27;[38;5;0m[HTTP]&amp#27;[0m &amp#27;[90m&amp#27;[39m
&amp#27;[38;5;0m[HTTP]&amp#27;[0m &amp#27;[37m-->&amp#27;[39m &amp#27;[37mPOST&amp#27;[39m &amp#27;[37m/session/fe0cd291-8f79-4212-8568-b4785b2dee12/element/00000000-0000-0032-ffff-ffff0000026c/value&amp#27;[39m
&amp#27;[38;5;0m[HTTP]&amp#27;[0m &amp#27;[90m{"id":"00000000-0000-0032-ffff-ffff0000026c","text":"Daniel Ogaga","value":["D","a","n","i","e","l"," ","O","g","a","g","a"]}&amp#27;[39m
[debug] &amp#27;[38;5;32m[AndroidUiautomator2Driver@b227 (fe0cd291)]&amp#27;[0m Calling AppiumDriver.setValue() with args: [["D","a","n","i","e","l"," ","O","g","a","g","a"],"00000000-0000-0032-ffff-ffff0000026c","fe0cd291-8f79-4212-8568-b4785b2dee12"]
[debug] &amp#27;[38;5;32m[AndroidUiautomator2Driver@b227 (fe0cd291)]&amp#27;[0m Matched '/element/00000000-0000-0032-ffff-ffff0000026c/value' to command name 'setValue'
[debug] &amp#27;[38;5;32m[AndroidUiautomator2Driver@b227 (fe0cd291)]&amp#27;[0m Added 'value' property ["D","a","n","i","e","l"," ","O","g","a","g","a"] to 'setValue' request body
[debug] &amp#27;[38;5;32m[AndroidUiautomator2Driver@b227 (fe0cd291)]&amp#27;[0m Proxying [POST /element/00000000-0000-0032-ffff-ffff0000026c/value] to [POST http://127.0.0.1:8200/session/85989a46-cbdd-4bd4-a501-a859808a0843/element/00000000-0000-0032-ffff-ffff0000026c/value] with body: {"elementId":"00000000-0000-0032-ffff-ffff0000026c","text":"Daniel Ogaga","replace":false,"value":["D","a","n","i","e","l"," ","O","g","a","g","a"]}
[debug] &amp#27;[38;5;32m[AndroidUiautomator2Driver@b227 (fe0cd291)]&amp#27;[0m Got response with status 200: {"sessionId":"85989a46-cbdd-4bd4-a501-a859808a0843","value":null}
[debug] &amp#27;[38;5;32m[AndroidUiautomator2Driver@b227 (fe0cd291)]&amp#27;[0m Responding to client with driver.setValue() result: null
&amp#27;[38;5;0m[HTTP]&amp#27;[0m &amp#27;[37m<-- POST /session/fe0cd291-8f79-4212-8568-b4785b2dee12/element/00000000-0000-0032-ffff-ffff0000026c/value &amp#27;[39m&amp#27;[32m200&amp#27;[39m &amp#27;[90m15 ms - 14&amp#27;[39m
&amp#27;[38;5;0m[HTTP]&amp#27;[0m &amp#27;[90m&amp#27;[39m
&amp#27;[38;5;0m[HTTP]&amp#27;[0m &amp#27;[37m-->&amp#27;[39m &amp#27;[37mPOST&amp#27;[39m &amp#27;[37m/session/fe0cd291-8f79-4212-8568-b4785b2dee12/element&amp#27;[39m
&amp#27;[38;5;0m[HTTP]&amp#27;[0m &amp#27;[90m{"using":"xpath","value":"//android.widget.EditText[@index=6]"}&amp#27;[39m
[debug] &amp#27;[38;5;32m[AndroidUiautomator2Driver@b227 (fe0cd291)]&amp#27;[0m Calling AppiumDriver.findElement() with args: ["xpath","//android.widget.EditText[@index=6]","fe0cd291-8f79-4212-8568-b4785b2dee12"]
[debug] &amp#27;[38;5;32m[AndroidUiautomator2Driver@b227 (fe0cd291)]&amp#27;[0m Valid locator strategies for this request: xpath, id, class name, accessibility id, css selector, -android uiautomator
[debug] &amp#27;[38;5;32m[AndroidUiautomator2Driver@b227 (fe0cd291)]&amp#27;[0m Waiting up to 10000 ms for condition
[debug] &amp#27;[38;5;32m[AndroidUiautomator2Driver@b227 (fe0cd291)]&amp#27;[0m Matched '/element' to command name 'findElement'
[debug] &amp#27;[38;5;32m[AndroidUiautomator2Driver@b227 (fe0cd291)]&amp#27;[0m Proxying [POST /element] to [POST http://127.0.0.1:8200/session/85989a46-cbdd-4bd4-a501-a859808a0843/element] with body: {"strategy":"xpath","selector":"//android.widget.EditText[@index=6]","context":"","multiple":false}
[debug] &amp#27;[38;5;32m[AndroidUiautomator2Driver@b227 (fe0cd291)]&amp#27;[0m Got response with status 200: {"sessionId":"85989a46-cbdd-4bd4-a501-a859808a0843","value":{"ELEMENT":"00000000-0000-0032-ffff-ffff0000026f","element-6066-11e4-a52e-4f735466cecf":"00000000-0000-0032-ffff-ffff0000026f"}}
[debug] &amp#27;[38;5;32m[AndroidUiautomator2Driver@b227 (fe0cd291)]&amp#27;[0m Responding to client with driver.findElement() result: {"element-6066-11e4-a52e-4f735466cecf":"00000000-0000-0032-ffff-ffff0000026f","ELEMENT":"00000000-0000-0032-ffff-ffff0000026f"}
&amp#27;[38;5;0m[HTTP]&amp#27;[0m &amp#27;[37m<-- POST /session/fe0cd291-8f79-4212-8568-b4785b2dee12/element &amp#27;[39m&amp#27;[32m200&amp#27;[39m &amp#27;[90m57 ms - 137&amp#27;[39m
&amp#27;[38;5;0m[HTTP]&amp#27;[0m &amp#27;[90m&amp#27;[39m
&amp#27;[38;5;0m[HTTP]&amp#27;[0m &amp#27;[37m-->&amp#27;[39m &amp#27;[37mPOST&amp#27;[39m &amp#27;[37m/session/fe0cd291-8f79-4212-8568-b4785b2dee12/element/00000000-0000-0032-ffff-ffff0000026f/value&amp#27;[39m
&amp#27;[38;5;0m[HTTP]&amp#27;[0m &amp#27;[90m{"id":"00000000-0000-0032-ffff-ffff0000026f","text":"vada.deckow@gnail.com","value":["v","a","d","a",".","d","e","c","k","o","w","@","g","n","a","i","l",".","c","o","m"]}&amp#27;[39m
[debug] &amp#27;[38;5;32m[AndroidUiautomator2Driver@b227 (fe0cd291)]&amp#27;[0m Calling AppiumDriver.setValue() with args: [["v","a","d","a",".","d","e","c","k","o","w","@","g","n","a","i","l",".","c","o","m"],"00000000-0000-0032-ffff-ffff0000026f","fe0cd291-8f79-4212-8568-b4785b2dee12"]
[debug] &amp#27;[38;5;32m[AndroidUiautomator2Driver@b227 (fe0cd291)]&amp#27;[0m Matched '/element/00000000-0000-0032-ffff-ffff0000026f/value' to command name 'setValue'
[debug] &amp#27;[38;5;32m[AndroidUiautomator2Driver@b227 (fe0cd291)]&amp#27;[0m Added 'value' property ["v","a","d","a",".","d","e","c","k","o","w","@","g","n","a","i","l",".","c","o","m"] to 'setValue' request body
[debug] &amp#27;[38;5;32m[AndroidUiautomator2Driver@b227 (fe0cd291)]&amp#27;[0m Proxying [POST /element/00000000-0000-0032-ffff-ffff0000026f/value] to [POST http://127.0.0.1:8200/session/85989a46-cbdd-4bd4-a501-a859808a0843/element/00000000-0000-0032-ffff-ffff0000026f/value] with body: {"elementId":"00000000-0000-0032-ffff-ffff0000026f","text":"vada.deckow@gnail.com","replace":false,"value":["v","a","d","a",".","d","e","c","k","o","w","@","g","n","a","i","l",".","c","o","m"]}
[debug] &amp#27;[38;5;32m[AndroidUiautomator2Driver@b227 (fe0cd291)]&amp#27;[0m Got response with status 200: {"sessionId":"85989a46-cbdd-4bd4-a501-a859808a0843","value":null}
[debug] &amp#27;[38;5;32m[AndroidUiautomator2Driver@b227 (fe0cd291)]&amp#27;[0m Responding to client with driver.setValue() result: null
&amp#27;[38;5;0m[HTTP]&amp#27;[0m &amp#27;[37m<-- POST /session/fe0cd291-8f79-4212-8568-b4785b2dee12/element/00000000-0000-0032-ffff-ffff0000026f/value &amp#27;[39m&amp#27;[32m200&amp#27;[39m &amp#27;[90m446 ms - 14&amp#27;[39m
&amp#27;[38;5;0m[HTTP]&amp#27;[0m &amp#27;[90m&amp#27;[39m
&amp#27;[38;5;0m[HTTP]&amp#27;[0m &amp#27;[37m-->&amp#27;[39m &amp#27;[37mPOST&amp#27;[39m &amp#27;[37m/session/fe0cd291-8f79-4212-8568-b4785b2dee12/element&amp#27;[39m
&amp#27;[38;5;0m[HTTP]&amp#27;[0m &amp#27;[90m{"using":"xpath","value":"//android.widget.EditText[@index=9]"}&amp#27;[39m
[debug] &amp#27;[38;5;32m[AndroidUiautomator2Driver@b227 (fe0cd291)]&amp#27;[0m Calling AppiumDriver.findElement() with args: ["xpath","//android.widget.EditText[@index=9]","fe0cd291-8f79-4212-8568-b4785b2dee12"]
[debug] &amp#27;[38;5;32m[AndroidUiautomator2Driver@b227 (fe0cd291)]&amp#27;[0m Valid locator strategies for this request: xpath, id, class name, accessibility id, css selector, -android uiautomator
[debug] &amp#27;[38;5;32m[AndroidUiautomator2Driver@b227 (fe0cd291)]&amp#27;[0m Waiting up to 10000 ms for condition
[debug] &amp#27;[38;5;32m[AndroidUiautomator2Driver@b227 (fe0cd291)]&amp#27;[0m Matched '/element' to command name 'findElement'
[debug] &amp#27;[38;5;32m[AndroidUiautomator2Driver@b227 (fe0cd291)]&amp#27;[0m Proxying [POST /element] to [POST http://127.0.0.1:8200/session/85989a46-cbdd-4bd4-a501-a859808a0843/element] with body: {"strategy":"xpath","selector":"//android.widget.EditText[@index=9]","context":"","multiple":false}
[debug] &amp#27;[38;5;32m[AndroidUiautomator2Driver@b227 (fe0cd291)]&amp#27;[0m Got response with status 200: {"sessionId":"85989a46-cbdd-4bd4-a501-a859808a0843","value":{"ELEMENT":"00000000-0000-0032-ffff-ffff00000272","element-6066-11e4-a52e-4f735466cecf":"00000000-0000-0032-ffff-ffff00000272"}}
[debug] &amp#27;[38;5;32m[AndroidUiautomator2Driver@b227 (fe0cd291)]&amp#27;[0m Responding to client with driver.findElement() result: {"element-6066-11e4-a52e-4f735466cecf":"00000000-0000-0032-ffff-ffff00000272","ELEMENT":"00000000-0000-0032-ffff-ffff00000272"}
&amp#27;[38;5;0m[HTTP]&amp#27;[0m &amp#27;[37m<-- POST /session/fe0cd291-8f79-4212-8568-b4785b2dee12/element &amp#27;[39m&amp#27;[32m200&amp#27;[39m &amp#27;[90m543 ms - 137&amp#27;[39m
&amp#27;[38;5;0m[HTTP]&amp#27;[0m &amp#27;[90m&amp#27;[39m
&amp#27;[38;5;0m[HTTP]&amp#27;[0m &amp#27;[37m-->&amp#27;[39m &amp#27;[37mPOST&amp#27;[39m &amp#27;[37m/session/fe0cd291-8f79-4212-8568-b4785b2dee12/element/00000000-0000-0032-ffff-ffff00000272/value&amp#27;[39m
&amp#27;[38;5;0m[HTTP]&amp#27;[0m &amp#27;[90m{"id":"00000000-0000-0032-ffff-ffff00000272","text":"08033443048","value":["0","8","0","3","3","4","4","3","0","4","8"]}&amp#27;[39m
[debug] &amp#27;[38;5;32m[AndroidUiautomator2Driver@b227 (fe0cd291)]&amp#27;[0m Calling AppiumDriver.setValue() with args: [["0","8","0","3","3","4","4","3","0","4","8"],"00000000-0000-0032-ffff-ffff00000272","fe0cd291-8f79-4212-8568-b4785b2dee12"]
[debug] &amp#27;[38;5;32m[AndroidUiautomator2Driver@b227 (fe0cd291)]&amp#27;[0m Matched '/element/00000000-0000-0032-ffff-ffff00000272/value' to command name 'setValue'
[debug] &amp#27;[38;5;32m[AndroidUiautomator2Driver@b227 (fe0cd291)]&amp#27;[0m Added 'value' property ["0","8","0","3","3","4","4","3","0","4","8"] to 'setValue' request body
[debug] &amp#27;[38;5;32m[AndroidUiautomator2Driver@b227 (fe0cd291)]&amp#27;[0m Proxying [POST /element/00000000-0000-0032-ffff-ffff00000272/value] to [POST http://127.0.0.1:8200/session/85989a46-cbdd-4bd4-a501-a859808a0843/element/00000000-0000-0032-ffff-ffff00000272/value] with body: {"elementId":"00000000-0000-0032-ffff-ffff00000272","text":"08033443048","replace":false,"value":["0","8","0","3","3","4","4","3","0","4","8"]}
[debug] &amp#27;[38;5;32m[AndroidUiautomator2Driver@b227 (fe0cd291)]&amp#27;[0m Got response with status 200: {"sessionId":"85989a46-cbdd-4bd4-a501-a859808a0843","value":null}
[debug] &amp#27;[38;5;32m[AndroidUiautomator2Driver@b227 (fe0cd291)]&amp#27;[0m Responding to client with driver.setValue() result: null
&amp#27;[38;5;0m[HTTP]&amp#27;[0m &amp#27;[37m<-- POST /session/fe0cd291-8f79-4212-8568-b4785b2dee12/element/00000000-0000-0032-ffff-ffff00000272/value &amp#27;[39m&amp#27;[32m200&amp#27;[39m &amp#27;[90m18 ms - 14&amp#27;[39m
&amp#27;[38;5;0m[HTTP]&amp#27;[0m &amp#27;[90m&amp#27;[39m
&amp#27;[38;5;0m[HTTP]&amp#27;[0m &amp#27;[37m-->&amp#27;[39m &amp#27;[37mPOST&amp#27;[39m &amp#27;[37m/session/fe0cd291-8f79-4212-8568-b4785b2dee12/element&amp#27;[39m
&amp#27;[38;5;0m[HTTP]&amp#27;[0m &amp#27;[90m{"using":"xpath","value":"//android.widget.EditText[@index=12]"}&amp#27;[39m
[debug] &amp#27;[38;5;32m[AndroidUiautomator2Driver@b227 (fe0cd291)]&amp#27;[0m Calling AppiumDriver.findElement() with args: ["xpath","//android.widget.EditText[@index=12]","fe0cd291-8f79-4212-8568-b4785b2dee12"]
[debug] &amp#27;[38;5;32m[AndroidUiautomator2Driver@b227 (fe0cd291)]&amp#27;[0m Valid locator strategies for this request: xpath, id, class name, accessibility id, css selector, -android uiautomator
[debug] &amp#27;[38;5;32m[AndroidUiautomator2Driver@b227 (fe0cd291)]&amp#27;[0m Waiting up to 10000 ms for condition
[debug] &amp#27;[38;5;32m[AndroidUiautomator2Driver@b227 (fe0cd291)]&amp#27;[0m Matched '/element' to command name 'findElement'
[debug] &amp#27;[38;5;32m[AndroidUiautomator2Driver@b227 (fe0cd291)]&amp#27;[0m Proxying [POST /element] to [POST http://127.0.0.1:8200/session/85989a46-cbdd-4bd4-a501-a859808a0843/element] with body: {"strategy":"xpath","selector":"//android.widget.EditText[@index=12]","context":"","multiple":false}
[debug] &amp#27;[38;5;32m[AndroidUiautomator2Driver@b227 (fe0cd291)]&amp#27;[0m Got response with status 200: {"sessionId":"85989a46-cbdd-4bd4-a501-a859808a0843","value":{"ELEMENT":"00000000-0000-0032-ffff-ffff00000275","element-6066-11e4-a52e-4f735466cecf":"00000000-0000-0032-ffff-ffff00000275"}}
[debug] &amp#27;[38;5;32m[AndroidUiautomator2Driver@b227 (fe0cd291)]&amp#27;[0m Responding to client with driver.findElement() result: {"element-6066-11e4-a52e-4f735466cecf":"00000000-0000-0032-ffff-ffff00000275","ELEMENT":"00000000-0000-0032-ffff-ffff00000275"}
&amp#27;[38;5;0m[HTTP]&amp#27;[0m &amp#27;[37m<-- POST /session/fe0cd291-8f79-4212-8568-b4785b2dee12/element &amp#27;[39m&amp#27;[32m200&amp#27;[39m &amp#27;[90m989 ms - 137&amp#27;[39m
&amp#27;[38;5;0m[HTTP]&amp#27;[0m &amp#27;[90m&amp#27;[39m
&amp#27;[38;5;0m[HTTP]&amp#27;[0m &amp#27;[37m-->&amp#27;[39m &amp#27;[37mPOST&amp#27;[39m &amp#27;[37m/session/fe0cd291-8f79-4212-8568-b4785b2dee12/element/00000000-0000-0032-ffff-ffff00000275/value&amp#27;[39m
&amp#27;[38;5;0m[HTTP]&amp#27;[0m &amp#27;[90m{"id":"00000000-0000-0032-ffff-ffff00000275","text":"password","value":["p","a","s","s","w","o","r","d"]}&amp#27;[39m
[debug] &amp#27;[38;5;32m[AndroidUiautomator2Driver@b227 (fe0cd291)]&amp#27;[0m Calling AppiumDriver.setValue() with args: [["p","a","s","s","w","o","r","d"],"00000000-0000-0032-ffff-ffff00000275","fe0cd291-8f79-4212-8568-b4785b2dee12"]
[debug] &amp#27;[38;5;32m[AndroidUiautomator2Driver@b227 (fe0cd291)]&amp#27;[0m Matched '/element/00000000-0000-0032-ffff-ffff00000275/value' to command name 'setValue'
[debug] &amp#27;[38;5;32m[AndroidUiautomator2Driver@b227 (fe0cd291)]&amp#27;[0m Added 'value' property ["p","a","s","s","w","o","r","d"] to 'setValue' request body
[debug] &amp#27;[38;5;32m[AndroidUiautomator2Driver@b227 (fe0cd291)]&amp#27;[0m Proxying [POST /element/00000000-0000-0032-ffff-ffff00000275/value] to [POST http://127.0.0.1:8200/session/85989a46-cbdd-4bd4-a501-a859808a0843/element/00000000-0000-0032-ffff-ffff00000275/value] with body: {"elementId":"00000000-0000-0032-ffff-ffff00000275","text":"password","replace":false,"value":["p","a","s","s","w","o","r","d"]}
[debug] &amp#27;[38;5;32m[AndroidUiautomator2Driver@b227 (fe0cd291)]&amp#27;[0m Got response with status 200: {"sessionId":"85989a46-cbdd-4bd4-a501-a859808a0843","value":null}
[debug] &amp#27;[38;5;32m[AndroidUiautomator2Driver@b227 (fe0cd291)]&amp#27;[0m Responding to client with driver.setValue() result: null
&amp#27;[38;5;0m[HTTP]&amp#27;[0m &amp#27;[37m<-- POST /session/fe0cd291-8f79-4212-8568-b4785b2dee12/element/00000000-0000-0032-ffff-ffff00000275/value &amp#27;[39m&amp#27;[32m200&amp#27;[39m &amp#27;[90m13 ms - 14&amp#27;[39m
&amp#27;[38;5;0m[HTTP]&amp#27;[0m &amp#27;[90m&amp#27;[39m
&amp#27;[38;5;0m[HTTP]&amp#27;[0m &amp#27;[37m-->&amp#27;[39m &amp#27;[37mPOST&amp#27;[39m &amp#27;[37m/session/fe0cd291-8f79-4212-8568-b4785b2dee12/element&amp#27;[39m
&amp#27;[38;5;0m[HTTP]&amp#27;[0m &amp#27;[90m{"using":"xpath","value":"//android.widget.TextView[@text='Register']"}&amp#27;[39m
[debug] &amp#27;[38;5;32m[AndroidUiautomator2Driver@b227 (fe0cd291)]&amp#27;[0m Calling AppiumDriver.findElement() with args: ["xpath","//android.widget.TextView[@text='Register']","fe0cd291-8f79-4212-8568-b4785b2dee12"]
[debug] &amp#27;[38;5;32m[AndroidUiautomator2Driver@b227 (fe0cd291)]&amp#27;[0m Valid locator strategies for this request: xpath, id, class name, accessibility id, css selector, -android uiautomator
[debug] &amp#27;[38;5;32m[AndroidUiautomator2Driver@b227 (fe0cd291)]&amp#27;[0m Waiting up to 10000 ms for condition
[debug] &amp#27;[38;5;32m[AndroidUiautomator2Driver@b227 (fe0cd291)]&amp#27;[0m Matched '/element' to command name 'findElement'
[debug] &amp#27;[38;5;32m[AndroidUiautomator2Driver@b227 (fe0cd291)]&amp#27;[0m Proxying [POST /element] to [POST http://127.0.0.1:8200/session/85989a46-cbdd-4bd4-a501-a859808a0843/element] with body: {"strategy":"xpath","selector":"//android.widget.TextView[@text='Register']","context":"","multiple":false}
[debug] &amp#27;[38;5;32m[AndroidUiautomator2Driver@b227 (fe0cd291)]&amp#27;[0m Got response with status 200: {"sessionId":"85989a46-cbdd-4bd4-a501-a859808a0843","value":{"ELEMENT":"00000000-0000-0032-ffff-ffff00000282","element-6066-11e4-a52e-4f735466cecf":"00000000-0000-0032-ffff-ffff00000282"}}
[debug] &amp#27;[38;5;32m[AndroidUiautomator2Driver@b227 (fe0cd291)]&amp#27;[0m Responding to client with driver.findElement() result: {"element-6066-11e4-a52e-4f735466cecf":"00000000-0000-0032-ffff-ffff00000282","ELEMENT":"00000000-0000-0032-ffff-ffff00000282"}
&amp#27;[38;5;0m[HTTP]&amp#27;[0m &amp#27;[37m<-- POST /session/fe0cd291-8f79-4212-8568-b4785b2dee12/element &amp#27;[39m&amp#27;[32m200&amp#27;[39m &amp#27;[90m625 ms - 137&amp#27;[39m
&amp#27;[38;5;0m[HTTP]&amp#27;[0m &amp#27;[90m&amp#27;[39m
&amp#27;[38;5;0m[HTTP]&amp#27;[0m &amp#27;[37m-->&amp#27;[39m &amp#27;[37mPOST&amp#27;[39m &amp#27;[37m/session/fe0cd291-8f79-4212-8568-b4785b2dee12/element/00000000-0000-0032-ffff-ffff00000282/click&amp#27;[39m
&amp#27;[38;5;0m[HTTP]&amp#27;[0m &amp#27;[90m{"id":"00000000-0000-0032-ffff-ffff00000282"}&amp#27;[39m
[debug] &amp#27;[38;5;32m[AndroidUiautomator2Driver@b227 (fe0cd291)]&amp#27;[0m Calling AppiumDriver.click() with args: ["00000000-0000-0032-ffff-ffff00000282","fe0cd291-8f79-4212-8568-b4785b2dee12"]
[debug] &amp#27;[38;5;32m[AndroidUiautomator2Driver@b227 (fe0cd291)]&amp#27;[0m Matched '/element/00000000-0000-0032-ffff-ffff00000282/click' to command name 'click'
[debug] &amp#27;[38;5;32m[AndroidUiautomator2Driver@b227 (fe0cd291)]&amp#27;[0m Proxying [POST /element/00000000-0000-0032-ffff-ffff00000282/click] to [POST http://127.0.0.1:8200/session/85989a46-cbdd-4bd4-a501-a859808a0843/element/00000000-0000-0032-ffff-ffff00000282/click] with body: {"element":"00000000-0000-0032-ffff-ffff00000282"}
[debug] &amp#27;[38;5;32m[AndroidUiautomator2Driver@b227 (fe0cd291)]&amp#27;[0m Got response with status 200: {"sessionId":"85989a46-cbdd-4bd4-a501-a859808a0843","value":null}
[debug] &amp#27;[38;5;32m[AndroidUiautomator2Driver@b227 (fe0cd291)]&amp#27;[0m Responding to client with driver.click() result: null
&amp#27;[38;5;0m[HTTP]&amp#27;[0m &amp#27;[37m<-- POST /session/fe0cd291-8f79-4212-8568-b4785b2dee12/element/00000000-0000-0032-ffff-ffff00000282/click &amp#27;[39m&amp#27;[32m200&amp#27;[39m &amp#27;[90m63 ms - 14&amp#27;[39m
&amp#27;[38;5;0m[HTTP]&amp#27;[0m &amp#27;[90m&amp#27;[39m
&amp#27;[38;5;0m[HTTP]&amp#27;[0m &amp#27;[37m-->&amp#27;[39m &amp#27;[37mPOST&amp#27;[39m &amp#27;[37m/session/fe0cd291-8f79-4212-8568-b4785b2dee12/element&amp#27;[39m
&amp#27;[38;5;0m[HTTP]&amp#27;[0m &amp#27;[90m{"using":"xpath","value":"//android.widget.TextView[@index=18]"}&amp#27;[39m
[debug] &amp#27;[38;5;32m[AndroidUiautomator2Driver@b227 (fe0cd291)]&amp#27;[0m Calling AppiumDriver.findElement() with args: ["xpath","//android.widget.TextView[@index=18]","fe0cd291-8f79-4212-8568-b4785b2dee12"]
[debug] &amp#27;[38;5;32m[AndroidUiautomator2Driver@b227 (fe0cd291)]&amp#27;[0m Valid locator strategies for this request: xpath, id, class name, accessibility id, css selector, -android uiautomator
[debug] &amp#27;[38;5;32m[AndroidUiautomator2Driver@b227 (fe0cd291)]&amp#27;[0m Waiting up to 10000 ms for condition
[debug] &amp#27;[38;5;32m[AndroidUiautomator2Driver@b227 (fe0cd291)]&amp#27;[0m Matched '/element' to command name 'findElement'
[debug] &amp#27;[38;5;32m[AndroidUiautomator2Driver@b227 (fe0cd291)]&amp#27;[0m Proxying [POST /element] to [POST http://127.0.0.1:8200/session/85989a46-cbdd-4bd4-a501-a859808a0843/element] with body: {"strategy":"xpath","selector":"//android.widget.TextView[@index=18]","context":"","multiple":false}
[debug] &amp#27;[38;5;32m[AndroidUiautomator2Driver@b227 (fe0cd291)]&amp#27;[0m Got response with status 200: {"sessionId":"85989a46-cbdd-4bd4-a501-a859808a0843","value":{"ELEMENT":"00000000-0000-0032-ffff-ffff0000027a","element-6066-11e4-a52e-4f735466cecf":"00000000-0000-0032-ffff-ffff0000027a"}}
[debug] &amp#27;[38;5;32m[AndroidUiautomator2Driver@b227 (fe0cd291)]&amp#27;[0m Responding to client with driver.findElement() result: {"element-6066-11e4-a52e-4f735466cecf":"00000000-0000-0032-ffff-ffff0000027a","ELEMENT":"00000000-0000-0032-ffff-ffff0000027a"}
&amp#27;[38;5;0m[HTTP]&amp#27;[0m &amp#27;[37m<-- POST /session/fe0cd291-8f79-4212-8568-b4785b2dee12/element &amp#27;[39m&amp#27;[32m200&amp#27;[39m &amp#27;[90m70 ms - 137&amp#27;[39m
&amp#27;[38;5;0m[HTTP]&amp#27;[0m &amp#27;[90m&amp#27;[39m
&amp#27;[38;5;0m[HTTP]&amp#27;[0m &amp#27;[37m-->&amp#27;[39m &amp#27;[37mPOST&amp#27;[39m &amp#27;[37m/session/fe0cd291-8f79-4212-8568-b4785b2dee12/element/00000000-0000-0032-ffff-ffff0000027a/click&amp#27;[39m
&amp#27;[38;5;0m[HTTP]&amp#27;[0m &amp#27;[90m{"id":"00000000-0000-0032-ffff-ffff0000027a"}&amp#27;[39m
[debug] &amp#27;[38;5;32m[AndroidUiautomator2Driver@b227 (fe0cd291)]&amp#27;[0m Calling AppiumDriver.click() with args: ["00000000-0000-0032-ffff-ffff0000027a","fe0cd291-8f79-4212-8568-b4785b2dee12"]
[debug] &amp#27;[38;5;32m[AndroidUiautomator2Driver@b227 (fe0cd291)]&amp#27;[0m Matched '/element/00000000-0000-0032-ffff-ffff0000027a/click' to command name 'click'
[debug] &amp#27;[38;5;32m[AndroidUiautomator2Driver@b227 (fe0cd291)]&amp#27;[0m Proxying [POST /element/00000000-0000-0032-ffff-ffff0000027a/click] to [POST http://127.0.0.1:8200/session/85989a46-cbdd-4bd4-a501-a859808a0843/element/00000000-0000-0032-ffff-ffff0000027a/click] with body: {"element":"00000000-0000-0032-ffff-ffff0000027a"}
[debug] &amp#27;[38;5;32m[AndroidUiautomator2Driver@b227 (fe0cd291)]&amp#27;[0m Got response with status 200: {"sessionId":"85989a46-cbdd-4bd4-a501-a859808a0843","value":null}
[debug] &amp#27;[38;5;32m[AndroidUiautomator2Driver@b227 (fe0cd291)]&amp#27;[0m Responding to client with driver.click() result: null
&amp#27;[38;5;0m[HTTP]&amp#27;[0m &amp#27;[37m<-- POST /session/fe0cd291-8f79-4212-8568-b4785b2dee12/element/00000000-0000-0032-ffff-ffff0000027a/click &amp#27;[39m&amp#27;[32m200&amp#27;[39m &amp#27;[90m43 ms - 14&amp#27;[39m
&amp#27;[38;5;0m[HTTP]&amp#27;[0m &amp#27;[90m&amp#27;[39m
&amp#27;[38;5;0m[HTTP]&amp#27;[0m &amp#27;[37m-->&amp#27;[39m &amp#27;[37mPOST&amp#27;[39m &amp#27;[37m/session/fe0cd291-8f79-4212-8568-b4785b2dee12/element&amp#27;[39m
&amp#27;[38;5;0m[HTTP]&amp#27;[0m &amp#27;[90m{"using":"xpath","value":"//android.widget.TextView[@text='Register']"}&amp#27;[39m
[debug] &amp#27;[38;5;32m[AndroidUiautomator2Driver@b227 (fe0cd291)]&amp#27;[0m Calling AppiumDriver.findElement() with args: ["xpath","//android.widget.TextView[@text='Register']","fe0cd291-8f79-4212-8568-b4785b2dee12"]
[debug] &amp#27;[38;5;32m[AndroidUiautomator2Driver@b227 (fe0cd291)]&amp#27;[0m Valid locator strategies for this request: xpath, id, class name, accessibility id, css selector, -android uiautomator
[debug] &amp#27;[38;5;32m[AndroidUiautomator2Driver@b227 (fe0cd291)]&amp#27;[0m Waiting up to 10000 ms for condition
[debug] &amp#27;[38;5;32m[AndroidUiautomator2Driver@b227 (fe0cd291)]&amp#27;[0m Matched '/element' to command name 'findElement'
[debug] &amp#27;[38;5;32m[AndroidUiautomator2Driver@b227 (fe0cd291)]&amp#27;[0m Proxying [POST /element] to [POST http://127.0.0.1:8200/session/85989a46-cbdd-4bd4-a501-a859808a0843/element] with body: {"strategy":"xpath","selector":"//android.widget.TextView[@text='Register']","context":"","multiple":false}
[debug] &amp#27;[38;5;32m[AndroidUiautomator2Driver@b227 (fe0cd291)]&amp#27;[0m Got response with status 200: {"sessionId":"85989a46-cbdd-4bd4-a501-a859808a0843","value":{"ELEMENT":"00000000-0000-0032-ffff-ffff00000282","element-6066-11e4-a52e-4f735466cecf":"00000000-0000-0032-ffff-ffff00000282"}}
[debug] &amp#27;[38;5;32m[AndroidUiautomator2Driver@b227 (fe0cd291)]&amp#27;[0m Responding to client with driver.findElement() result: {"element-6066-11e4-a52e-4f735466cecf":"00000000-0000-0032-ffff-ffff00000282","ELEMENT":"00000000-0000-0032-ffff-ffff00000282"}
&amp#27;[38;5;0m[HTTP]&amp#27;[0m &amp#27;[37m<-- POST /session/fe0cd291-8f79-4212-8568-b4785b2dee12/element &amp#27;[39m&amp#27;[32m200&amp#27;[39m &amp#27;[90m48 ms - 137&amp#27;[39m
&amp#27;[38;5;0m[HTTP]&amp#27;[0m &amp#27;[90m&amp#27;[39m
&amp#27;[38;5;0m[HTTP]&amp#27;[0m &amp#27;[37m-->&amp#27;[39m &amp#27;[37mPOST&amp#27;[39m &amp#27;[37m/session/fe0cd291-8f79-4212-8568-b4785b2dee12/element/00000000-0000-0032-ffff-ffff00000282/click&amp#27;[39m
&amp#27;[38;5;0m[HTTP]&amp#27;[0m &amp#27;[90m{"id":"00000000-0000-0032-ffff-ffff00000282"}&amp#27;[39m
[debug] &amp#27;[38;5;32m[AndroidUiautomator2Driver@b227 (fe0cd291)]&amp#27;[0m Calling AppiumDriver.click() with args: ["00000000-0000-0032-ffff-ffff00000282","fe0cd291-8f79-4212-8568-b4785b2dee12"]
[debug] &amp#27;[38;5;32m[AndroidUiautomator2Driver@b227 (fe0cd291)]&amp#27;[0m Matched '/element/00000000-0000-0032-ffff-ffff00000282/click' to command name 'click'
[debug] &amp#27;[38;5;32m[AndroidUiautomator2Driver@b227 (fe0cd291)]&amp#27;[0m Proxying [POST /element/00000000-0000-0032-ffff-ffff00000282/click] to [POST http://127.0.0.1:8200/session/85989a46-cbdd-4bd4-a501-a859808a0843/element/00000000-0000-0032-ffff-ffff00000282/click] with body: {"element":"00000000-0000-0032-ffff-ffff00000282"}
[debug] &amp#27;[38;5;32m[AndroidUiautomator2Driver@b227 (fe0cd291)]&amp#27;[0m Got response with status 200: {"sessionId":"85989a46-cbdd-4bd4-a501-a859808a0843","value":null}
[debug] &amp#27;[38;5;32m[AndroidUiautomator2Driver@b227 (fe0cd291)]&amp#27;[0m Responding to client with driver.click() result: null
&amp#27;[38;5;0m[HTTP]&amp#27;[0m &amp#27;[37m<-- POST /session/fe0cd291-8f79-4212-8568-b4785b2dee12/element/00000000-0000-0032-ffff-ffff00000282/click &amp#27;[39m&amp#27;[32m200&amp#27;[39m &amp#27;[90m52 ms - 14&amp#27;[39m
&amp#27;[38;5;0m[HTTP]&amp#27;[0m &amp#27;[90m&amp#27;[39m
&amp#27;[38;5;0m[HTTP]&amp#27;[0m &amp#27;[37m-->&amp#27;[39m &amp#27;[37mPOST&amp#27;[39m &amp#27;[37m/session/fe0cd291-8f79-4212-8568-b4785b2dee12/element&amp#27;[39m
&amp#27;[38;5;0m[HTTP]&amp#27;[0m &amp#27;[90m{"using":"xpath","value":"//android.widget.TextView[@index=7]"}&amp#27;[39m
[debug] &amp#27;[38;5;32m[AndroidUiautomator2Driver@b227 (fe0cd291)]&amp#27;[0m Calling AppiumDriver.findElement() with args: ["xpath","//android.widget.TextView[@index=7]","fe0cd291-8f79-4212-8568-b4785b2dee12"]
[debug] &amp#27;[38;5;32m[AndroidUiautomator2Driver@b227 (fe0cd291)]&amp#27;[0m Valid locator strategies for this request: xpath, id, class name, accessibility id, css selector, -android uiautomator
[debug] &amp#27;[38;5;32m[AndroidUiautomator2Driver@b227 (fe0cd291)]&amp#27;[0m Waiting up to 10000 ms for condition
[debug] &amp#27;[38;5;32m[AndroidUiautomator2Driver@b227 (fe0cd291)]&amp#27;[0m Matched '/element' to command name 'findElement'
[debug] &amp#27;[38;5;32m[AndroidUiautomator2Driver@b227 (fe0cd291)]&amp#27;[0m Proxying [POST /element] to [POST http://127.0.0.1:8200/session/85989a46-cbdd-4bd4-a501-a859808a0843/element] with body: {"strategy":"xpath","selector":"//android.widget.TextView[@index=7]","context":"","multiple":false}
[debug] &amp#27;[38;5;32m[AndroidUiautomator2Driver@b227 (fe0cd291)]&amp#27;[0m Got response with status 200: {"sessionId":"85989a46-cbdd-4bd4-a501-a859808a0843","value":{"ELEMENT":"00000000-0000-0032-ffff-ffff00000270","element-6066-11e4-a52e-4f735466cecf":"00000000-0000-0032-ffff-ffff00000270"}}
[debug] &amp#27;[38;5;32m[AndroidUiautomator2Driver@b227 (fe0cd291)]&amp#27;[0m Responding to client with driver.findElement() result: {"element-6066-11e4-a52e-4f735466cecf":"00000000-0000-0032-ffff-ffff00000270","ELEMENT":"00000000-0000-0032-ffff-ffff00000270"}
&amp#27;[38;5;0m[HTTP]&amp#27;[0m &amp#27;[37m<-- POST /session/fe0cd291-8f79-4212-8568-b4785b2dee12/element &amp#27;[39m&amp#27;[32m200&amp#27;[39m &amp#27;[90m625 ms - 137&amp#27;[39m
&amp#27;[38;5;0m[HTTP]&amp#27;[0m &amp#27;[90m&amp#27;[39m
&amp#27;[38;5;0m[HTTP]&amp#27;[0m &amp#27;[37m-->&amp#27;[39m &amp#27;[37mPOST&amp#27;[39m &amp#27;[37m/session/fe0cd291-8f79-4212-8568-b4785b2dee12/element&amp#27;[39m
&amp#27;[38;5;0m[HTTP]&amp#27;[0m &amp#27;[90m{"using":"xpath","value":"//android.widget.TextView[@index=7]"}&amp#27;[39m
[debug] &amp#27;[38;5;32m[AndroidUiautomator2Driver@b227 (fe0cd291)]&amp#27;[0m Calling AppiumDriver.findElement() with args: ["xpath","//android.widget.TextView[@index=7]","fe0cd291-8f79-4212-8568-b4785b2dee12"]
[debug] &amp#27;[38;5;32m[AndroidUiautomator2Driver@b227 (fe0cd291)]&amp#27;[0m Valid locator strategies for this request: xpath, id, class name, accessibility id, css selector, -android uiautomator
[debug] &amp#27;[38;5;32m[AndroidUiautomator2Driver@b227 (fe0cd291)]&amp#27;[0m Waiting up to 10000 ms for condition
[debug] &amp#27;[38;5;32m[AndroidUiautomator2Driver@b227 (fe0cd291)]&amp#27;[0m Matched '/element' to command name 'findElement'
[debug] &amp#27;[38;5;32m[AndroidUiautomator2Driver@b227 (fe0cd291)]&amp#27;[0m Proxying [POST /element] to [POST http://127.0.0.1:8200/session/85989a46-cbdd-4bd4-a501-a859808a0843/element] with body: {"strategy":"xpath","selector":"//android.widget.TextView[@index=7]","context":"","multiple":false}
[debug] &amp#27;[38;5;32m[AndroidUiautomator2Driver@b227 (fe0cd291)]&amp#27;[0m Got response with status 200: {"sessionId":"85989a46-cbdd-4bd4-a501-a859808a0843","value":{"ELEMENT":"00000000-0000-0032-ffff-ffff00000270","element-6066-11e4-a52e-4f735466cecf":"00000000-0000-0032-ffff-ffff00000270"}}
[debug] &amp#27;[38;5;32m[AndroidUiautomator2Driver@b227 (fe0cd291)]&amp#27;[0m Responding to client with driver.findElement() result: {"element-6066-11e4-a52e-4f735466cecf":"00000000-0000-0032-ffff-ffff00000270","ELEMENT":"00000000-0000-0032-ffff-ffff00000270"}
&amp#27;[38;5;0m[HTTP]&amp#27;[0m &amp#27;[37m<-- POST /session/fe0cd291-8f79-4212-8568-b4785b2dee12/element &amp#27;[39m&amp#27;[32m200&amp#27;[39m &amp#27;[90m38 ms - 137&amp#27;[39m
&amp#27;[38;5;0m[HTTP]&amp#27;[0m &amp#27;[90m&amp#27;[39m
&amp#27;[38;5;0m[HTTP]&amp#27;[0m &amp#27;[37m-->&amp#27;[39m &amp#27;[37mGET&amp#27;[39m &amp#27;[37m/session/fe0cd291-8f79-4212-8568-b4785b2dee12/element/00000000-0000-0032-ffff-ffff00000270/text&amp#27;[39m
&amp#27;[38;5;0m[HTTP]&amp#27;[0m &amp#27;[90m{}&amp#27;[39m
&amp#27;[38;5;32m[AndroidUiautomator2Driver@b227 (fe0cd291)]&amp#27;[0m Driver proxy active, passing request on via HTTP proxy
[debug] &amp#27;[38;5;32m[AndroidUiautomator2Driver@b227 (fe0cd291)]&amp#27;[0m Matched '/session/fe0cd291-8f79-4212-8568-b4785b2dee12/element/00000000-0000-0032-ffff-ffff00000270/text' to command name 'getText'
[debug] &amp#27;[38;5;32m[AndroidUiautomator2Driver@b227 (fe0cd291)]&amp#27;[0m Proxying [GET /session/fe0cd291-8f79-4212-8568-b4785b2dee12/element/00000000-0000-0032-ffff-ffff00000270/text] to [GET http://127.0.0.1:8200/session/85989a46-cbdd-4bd4-a501-a859808a0843/element/00000000-0000-0032-ffff-ffff00000270/text] with no body
[debug] &amp#27;[38;5;32m[AndroidUiautomator2Driver@b227 (fe0cd291)]&amp#27;[0m Got response with status 200: {"sessionId":"85989a46-cbdd-4bd4-a501-a859808a0843","value":"This domain is not supported on Quickteller. Kindly use another email address"}
&amp#27;[38;5;32m[AndroidUiautomator2Driver@b227 (fe0cd291)]&amp#27;[0m Replacing sessionId 85989a46-cbdd-4bd4-a501-a859808a0843 with fe0cd291-8f79-4212-8568-b4785b2dee12
&amp#27;[38;5;0m[HTTP]&amp#27;[0m &amp#27;[37m<-- GET /session/fe0cd291-8f79-4212-8568-b4785b2dee12/element/00000000-0000-0032-ffff-ffff00000270/text &amp#27;[39m&amp#27;[32m200&amp#27;[39m &amp#27;[90m8 ms - 140&amp#27;[39m
&amp#27;[38;5;0m[HTTP]&amp#27;[0m &amp#27;[90m&amp#27;[39m
]]></system-out>
  </testcase>
  <testcase name="Testcase_One[gmall.com](13)" classname="testcases.Android.DisposableDomain_QTM_2874" time="8.563">
    <system-out><![CDATA[&amp#27;[38;5;0m[HTTP]&amp#27;[0m &amp#27;[37m-->&amp#27;[39m &amp#27;[37mPOST&amp#27;[39m &amp#27;[37m/session/fe0cd291-8f79-4212-8568-b4785b2dee12/element&amp#27;[39m
&amp#27;[38;5;0m[HTTP]&amp#27;[0m &amp#27;[90m{"using":"xpath","value":"//android.widget.TextView[@index=0]"}&amp#27;[39m
[debug] &amp#27;[38;5;32m[AndroidUiautomator2Driver@b227 (fe0cd291)]&amp#27;[0m Calling AppiumDriver.findElement() with args: ["xpath","//android.widget.TextView[@index=0]","fe0cd291-8f79-4212-8568-b4785b2dee12"]
[debug] &amp#27;[38;5;32m[AndroidUiautomator2Driver@b227 (fe0cd291)]&amp#27;[0m Valid locator strategies for this request: xpath, id, class name, accessibility id, css selector, -android uiautomator
[debug] &amp#27;[38;5;32m[AndroidUiautomator2Driver@b227 (fe0cd291)]&amp#27;[0m Waiting up to 10000 ms for condition
[debug] &amp#27;[38;5;32m[AndroidUiautomator2Driver@b227 (fe0cd291)]&amp#27;[0m Matched '/element' to command name 'findElement'
[debug] &amp#27;[38;5;32m[AndroidUiautomator2Driver@b227 (fe0cd291)]&amp#27;[0m Proxying [POST /element] to [POST http://127.0.0.1:8200/session/85989a46-cbdd-4bd4-a501-a859808a0843/element] with body: {"strategy":"xpath","selector":"//android.widget.TextView[@index=0]","context":"","multiple":false}
[debug] &amp#27;[38;5;32m[AndroidUiautomator2Driver@b227 (fe0cd291)]&amp#27;[0m Got response with status 200: {"sessionId":"85989a46-cbdd-4bd4-a501-a859808a0843","value":{"ELEMENT":"00000000-0000-0032-ffff-ffff00000264","element-6066-11e4-a52e-4f735466cecf":"00000000-0000-0032-ffff-ffff00000264"}}
[debug] &amp#27;[38;5;32m[AndroidUiautomator2Driver@b227 (fe0cd291)]&amp#27;[0m Responding to client with driver.findElement() result: {"element-6066-11e4-a52e-4f735466cecf":"00000000-0000-0032-ffff-ffff00000264","ELEMENT":"00000000-0000-0032-ffff-ffff00000264"}
&amp#27;[38;5;0m[HTTP]&amp#27;[0m &amp#27;[37m<-- POST /session/fe0cd291-8f79-4212-8568-b4785b2dee12/element &amp#27;[39m&amp#27;[32m200&amp#27;[39m &amp#27;[90m36 ms - 137&amp#27;[39m
&amp#27;[38;5;0m[HTTP]&amp#27;[0m &amp#27;[90m&amp#27;[39m
&amp#27;[38;5;0m[HTTP]&amp#27;[0m &amp#27;[37m-->&amp#27;[39m &amp#27;[37mPOST&amp#27;[39m &amp#27;[37m/session/fe0cd291-8f79-4212-8568-b4785b2dee12/element/00000000-0000-0032-ffff-ffff00000264/click&amp#27;[39m
&amp#27;[38;5;0m[HTTP]&amp#27;[0m &amp#27;[90m{"id":"00000000-0000-0032-ffff-ffff00000264"}&amp#27;[39m
[debug] &amp#27;[38;5;32m[AndroidUiautomator2Driver@b227 (fe0cd291)]&amp#27;[0m Calling AppiumDriver.click() with args: ["00000000-0000-0032-ffff-ffff00000264","fe0cd291-8f79-4212-8568-b4785b2dee12"]
[debug] &amp#27;[38;5;32m[AndroidUiautomator2Driver@b227 (fe0cd291)]&amp#27;[0m Matched '/element/00000000-0000-0032-ffff-ffff00000264/click' to command name 'click'
[debug] &amp#27;[38;5;32m[AndroidUiautomator2Driver@b227 (fe0cd291)]&amp#27;[0m Proxying [POST /element/00000000-0000-0032-ffff-ffff00000264/click] to [POST http://127.0.0.1:8200/session/85989a46-cbdd-4bd4-a501-a859808a0843/element/00000000-0000-0032-ffff-ffff00000264/click] with body: {"element":"00000000-0000-0032-ffff-ffff00000264"}
[debug] &amp#27;[38;5;32m[AndroidUiautomator2Driver@b227 (fe0cd291)]&amp#27;[0m Got response with status 200: {"sessionId":"85989a46-cbdd-4bd4-a501-a859808a0843","value":null}
[debug] &amp#27;[38;5;32m[AndroidUiautomator2Driver@b227 (fe0cd291)]&amp#27;[0m Responding to client with driver.click() result: null
&amp#27;[38;5;0m[HTTP]&amp#27;[0m &amp#27;[37m<-- POST /session/fe0cd291-8f79-4212-8568-b4785b2dee12/element/00000000-0000-0032-ffff-ffff00000264/click &amp#27;[39m&amp#27;[32m200&amp#27;[39m &amp#27;[90m37 ms - 14&amp#27;[39m
&amp#27;[38;5;0m[HTTP]&amp#27;[0m &amp#27;[90m&amp#27;[39m
&amp#27;[38;5;0m[HTTP]&amp#27;[0m &amp#27;[37m-->&amp#27;[39m &amp#27;[37mPOST&amp#27;[39m &amp#27;[37m/session/fe0cd291-8f79-4212-8568-b4785b2dee12/timeouts&amp#27;[39m
&amp#27;[38;5;0m[HTTP]&amp#27;[0m &amp#27;[90m{"implicit":6000}&amp#27;[39m
[debug] &amp#27;[38;5;32m[AndroidUiautomator2Driver@b227 (fe0cd291)]&amp#27;[0m Calling AppiumDriver.timeouts() with args: [null,null,null,null,6000,"fe0cd291-8f79-4212-8568-b4785b2dee12"]
[debug] &amp#27;[38;5;32m[AndroidUiautomator2Driver@b227 (fe0cd291)]&amp#27;[0m W3C timeout argument: {"implicit":6000}}
[debug] &amp#27;[38;5;32m[AndroidUiautomator2Driver@b227 (fe0cd291)]&amp#27;[0m Set implicit wait to 6000ms
[debug] &amp#27;[38;5;32m[AndroidUiautomator2Driver@b227 (fe0cd291)]&amp#27;[0m Responding to client with driver.timeouts() result: null
&amp#27;[38;5;0m[HTTP]&amp#27;[0m &amp#27;[37m<-- POST /session/fe0cd291-8f79-4212-8568-b4785b2dee12/timeouts &amp#27;[39m&amp#27;[32m200&amp#27;[39m &amp#27;[90m1 ms - 14&amp#27;[39m
&amp#27;[38;5;0m[HTTP]&amp#27;[0m &amp#27;[90m&amp#27;[39m
&amp#27;[38;5;0m[HTTP]&amp#27;[0m &amp#27;[37m-->&amp#27;[39m &amp#27;[37mPOST&amp#27;[39m &amp#27;[37m/session/fe0cd291-8f79-4212-8568-b4785b2dee12/element&amp#27;[39m
&amp#27;[38;5;0m[HTTP]&amp#27;[0m &amp#27;[90m{"using":"xpath","value":"//android.widget.Button[@text='Allow']"}&amp#27;[39m
[debug] &amp#27;[38;5;32m[AndroidUiautomator2Driver@b227 (fe0cd291)]&amp#27;[0m Calling AppiumDriver.findElement() with args: ["xpath","//android.widget.Button[@text='Allow']","fe0cd291-8f79-4212-8568-b4785b2dee12"]
[debug] &amp#27;[38;5;32m[AndroidUiautomator2Driver@b227 (fe0cd291)]&amp#27;[0m Valid locator strategies for this request: xpath, id, class name, accessibility id, css selector, -android uiautomator
[debug] &amp#27;[38;5;32m[AndroidUiautomator2Driver@b227 (fe0cd291)]&amp#27;[0m Waiting up to 6000 ms for condition
[debug] &amp#27;[38;5;32m[AndroidUiautomator2Driver@b227 (fe0cd291)]&amp#27;[0m Matched '/element' to command name 'findElement'
[debug] &amp#27;[38;5;32m[AndroidUiautomator2Driver@b227 (fe0cd291)]&amp#27;[0m Proxying [POST /element] to [POST http://127.0.0.1:8200/session/85989a46-cbdd-4bd4-a501-a859808a0843/element] with body: {"strategy":"xpath","selector":"//android.widget.Button[@text='Allow']","context":"","multiple":false}
&amp#27;[38;5;32m[AndroidUiautomator2Driver@b227 (fe0cd291)]&amp#27;[0m Got response with status 404: {"sessionId":"85989a46-cbdd-4bd4-a501-a859808a0843","value":{"error":"no such element","message":"An element could not be located on the page using the given search parameters","stacktrace":"io.appium.uiautomator2.common.exceptions.ElementNotFoundException: An element could not be located on the page using the given search parameters\n\tat io.appium.uiautomator2.utils.ElementLocationHelpers.findElement(ElementLocationHelpers.java:156)\n\tat io.appium.uiautomator2.handler.FindElement.safeHandle(FindElement.java:60)\n\tat io.appium.uiautomator2.handler.request.SafeRequestHandler.handle(SafeRequestHandler.java:59)\n\tat io.appium.uiautomator2.server.AppiumServlet.handleRequest(AppiumServlet.java:277)\n\tat io.appium.uiautomator2.server.AppiumServlet.handleHttpRequest(AppiumServlet.java:271)\n\tat io.appium.uiautomator2.http.ServerHandler.channelRead(ServerHandler.java:68)\n\tat io.netty.channel.AbstractChannelHandlerContext.invokeChannelRead(AbstractChannelHandlerContext.java:366)\n\tat io.netty.channel.Abstr...
[debug] &amp#27;[38;5;128m[W3C]&amp#27;[0m Matched W3C error code 'no such element' to NoSuchElementError
[debug] &amp#27;[38;5;32m[AndroidUiautomator2Driver@b227 (fe0cd291)]&amp#27;[0m Waited for 41 ms so far
[debug] &amp#27;[38;5;32m[AndroidUiautomator2Driver@b227 (fe0cd291)]&amp#27;[0m Matched '/element' to command name 'findElement'
[debug] &amp#27;[38;5;32m[AndroidUiautomator2Driver@b227 (fe0cd291)]&amp#27;[0m Proxying [POST /element] to [POST http://127.0.0.1:8200/session/85989a46-cbdd-4bd4-a501-a859808a0843/element] with body: {"strategy":"xpath","selector":"//android.widget.Button[@text='Allow']","context":"","multiple":false}
&amp#27;[38;5;32m[AndroidUiautomator2Driver@b227 (fe0cd291)]&amp#27;[0m Got response with status 404: {"sessionId":"85989a46-cbdd-4bd4-a501-a859808a0843","value":{"error":"no such element","message":"An element could not be located on the page using the given search parameters","stacktrace":"io.appium.uiautomator2.common.exceptions.ElementNotFoundException: An element could not be located on the page using the given search parameters\n\tat io.appium.uiautomator2.utils.ElementLocationHelpers.findElement(ElementLocationHelpers.java:156)\n\tat io.appium.uiautomator2.handler.FindElement.safeHandle(FindElement.java:60)\n\tat io.appium.uiautomator2.handler.request.SafeRequestHandler.handle(SafeRequestHandler.java:59)\n\tat io.appium.uiautomator2.server.AppiumServlet.handleRequest(AppiumServlet.java:277)\n\tat io.appium.uiautomator2.server.AppiumServlet.handleHttpRequest(AppiumServlet.java:271)\n\tat io.appium.uiautomator2.http.ServerHandler.channelRead(ServerHandler.java:68)\n\tat io.netty.channel.AbstractChannelHandlerContext.invokeChannelRead(AbstractChannelHandlerContext.java:366)\n\tat io.netty.channel.Abstr...
[debug] &amp#27;[38;5;128m[W3C]&amp#27;[0m Matched W3C error code 'no such element' to NoSuchElementError
[debug] &amp#27;[38;5;32m[AndroidUiautomator2Driver@b227 (fe0cd291)]&amp#27;[0m Waited for 1024 ms so far
[debug] &amp#27;[38;5;32m[AndroidUiautomator2Driver@b227 (fe0cd291)]&amp#27;[0m Matched '/element' to command name 'findElement'
[debug] &amp#27;[38;5;32m[AndroidUiautomator2Driver@b227 (fe0cd291)]&amp#27;[0m Proxying [POST /element] to [POST http://127.0.0.1:8200/session/85989a46-cbdd-4bd4-a501-a859808a0843/element] with body: {"strategy":"xpath","selector":"//android.widget.Button[@text='Allow']","context":"","multiple":false}
&amp#27;[38;5;32m[AndroidUiautomator2Driver@b227 (fe0cd291)]&amp#27;[0m Got response with status 404: {"sessionId":"85989a46-cbdd-4bd4-a501-a859808a0843","value":{"error":"no such element","message":"An element could not be located on the page using the given search parameters","stacktrace":"io.appium.uiautomator2.common.exceptions.ElementNotFoundException: An element could not be located on the page using the given search parameters\n\tat io.appium.uiautomator2.utils.ElementLocationHelpers.findElement(ElementLocationHelpers.java:156)\n\tat io.appium.uiautomator2.handler.FindElement.safeHandle(FindElement.java:60)\n\tat io.appium.uiautomator2.handler.request.SafeRequestHandler.handle(SafeRequestHandler.java:59)\n\tat io.appium.uiautomator2.server.AppiumServlet.handleRequest(AppiumServlet.java:277)\n\tat io.appium.uiautomator2.server.AppiumServlet.handleHttpRequest(AppiumServlet.java:271)\n\tat io.appium.uiautomator2.http.ServerHandler.channelRead(ServerHandler.java:68)\n\tat io.netty.channel.AbstractChannelHandlerContext.invokeChannelRead(AbstractChannelHandlerContext.java:366)\n\tat io.netty.channel.Abstr...
[debug] &amp#27;[38;5;128m[W3C]&amp#27;[0m Matched W3C error code 'no such element' to NoSuchElementError
[debug] &amp#27;[38;5;32m[AndroidUiautomator2Driver@b227 (fe0cd291)]&amp#27;[0m Waited for 1559 ms so far
[debug] &amp#27;[38;5;32m[AndroidUiautomator2Driver@b227 (fe0cd291)]&amp#27;[0m Matched '/element' to command name 'findElement'
[debug] &amp#27;[38;5;32m[AndroidUiautomator2Driver@b227 (fe0cd291)]&amp#27;[0m Proxying [POST /element] to [POST http://127.0.0.1:8200/session/85989a46-cbdd-4bd4-a501-a859808a0843/element] with body: {"strategy":"xpath","selector":"//android.widget.Button[@text='Allow']","context":"","multiple":false}
&amp#27;[38;5;32m[AndroidUiautomator2Driver@b227 (fe0cd291)]&amp#27;[0m Got response with status 404: {"sessionId":"85989a46-cbdd-4bd4-a501-a859808a0843","value":{"error":"no such element","message":"An element could not be located on the page using the given search parameters","stacktrace":"io.appium.uiautomator2.common.exceptions.ElementNotFoundException: An element could not be located on the page using the given search parameters\n\tat io.appium.uiautomator2.utils.ElementLocationHelpers.findElement(ElementLocationHelpers.java:156)\n\tat io.appium.uiautomator2.handler.FindElement.safeHandle(FindElement.java:60)\n\tat io.appium.uiautomator2.handler.request.SafeRequestHandler.handle(SafeRequestHandler.java:59)\n\tat io.appium.uiautomator2.server.AppiumServlet.handleRequest(AppiumServlet.java:277)\n\tat io.appium.uiautomator2.server.AppiumServlet.handleHttpRequest(AppiumServlet.java:271)\n\tat io.appium.uiautomator2.http.ServerHandler.channelRead(ServerHandler.java:68)\n\tat io.netty.channel.AbstractChannelHandlerContext.invokeChannelRead(AbstractChannelHandlerContext.java:366)\n\tat io.netty.channel.Abstr...
[debug] &amp#27;[38;5;128m[W3C]&amp#27;[0m Matched W3C error code 'no such element' to NoSuchElementError
[debug] &amp#27;[38;5;32m[AndroidUiautomator2Driver@b227 (fe0cd291)]&amp#27;[0m Waited for 2084 ms so far
[debug] &amp#27;[38;5;32m[AndroidUiautomator2Driver@b227 (fe0cd291)]&amp#27;[0m Matched '/element' to command name 'findElement'
[debug] &amp#27;[38;5;32m[AndroidUiautomator2Driver@b227 (fe0cd291)]&amp#27;[0m Proxying [POST /element] to [POST http://127.0.0.1:8200/session/85989a46-cbdd-4bd4-a501-a859808a0843/element] with body: {"strategy":"xpath","selector":"//android.widget.Button[@text='Allow']","context":"","multiple":false}
&amp#27;[38;5;32m[AndroidUiautomator2Driver@b227 (fe0cd291)]&amp#27;[0m Got response with status 404: {"sessionId":"85989a46-cbdd-4bd4-a501-a859808a0843","value":{"error":"no such element","message":"An element could not be located on the page using the given search parameters","stacktrace":"io.appium.uiautomator2.common.exceptions.ElementNotFoundException: An element could not be located on the page using the given search parameters\n\tat io.appium.uiautomator2.utils.ElementLocationHelpers.findElement(ElementLocationHelpers.java:156)\n\tat io.appium.uiautomator2.handler.FindElement.safeHandle(FindElement.java:60)\n\tat io.appium.uiautomator2.handler.request.SafeRequestHandler.handle(SafeRequestHandler.java:59)\n\tat io.appium.uiautomator2.server.AppiumServlet.handleRequest(AppiumServlet.java:277)\n\tat io.appium.uiautomator2.server.AppiumServlet.handleHttpRequest(AppiumServlet.java:271)\n\tat io.appium.uiautomator2.http.ServerHandler.channelRead(ServerHandler.java:68)\n\tat io.netty.channel.AbstractChannelHandlerContext.invokeChannelRead(AbstractChannelHandlerContext.java:366)\n\tat io.netty.channel.Abstr...
[debug] &amp#27;[38;5;128m[W3C]&amp#27;[0m Matched W3C error code 'no such element' to NoSuchElementError
[debug] &amp#27;[38;5;32m[AndroidUiautomator2Driver@b227 (fe0cd291)]&amp#27;[0m Waited for 2614 ms so far
[debug] &amp#27;[38;5;32m[AndroidUiautomator2Driver@b227 (fe0cd291)]&amp#27;[0m Matched '/element' to command name 'findElement'
[debug] &amp#27;[38;5;32m[AndroidUiautomator2Driver@b227 (fe0cd291)]&amp#27;[0m Proxying [POST /element] to [POST http://127.0.0.1:8200/session/85989a46-cbdd-4bd4-a501-a859808a0843/element] with body: {"strategy":"xpath","selector":"//android.widget.Button[@text='Allow']","context":"","multiple":false}
&amp#27;[38;5;32m[AndroidUiautomator2Driver@b227 (fe0cd291)]&amp#27;[0m Got response with status 404: {"sessionId":"85989a46-cbdd-4bd4-a501-a859808a0843","value":{"error":"no such element","message":"An element could not be located on the page using the given search parameters","stacktrace":"io.appium.uiautomator2.common.exceptions.ElementNotFoundException: An element could not be located on the page using the given search parameters\n\tat io.appium.uiautomator2.utils.ElementLocationHelpers.findElement(ElementLocationHelpers.java:156)\n\tat io.appium.uiautomator2.handler.FindElement.safeHandle(FindElement.java:60)\n\tat io.appium.uiautomator2.handler.request.SafeRequestHandler.handle(SafeRequestHandler.java:59)\n\tat io.appium.uiautomator2.server.AppiumServlet.handleRequest(AppiumServlet.java:277)\n\tat io.appium.uiautomator2.server.AppiumServlet.handleHttpRequest(AppiumServlet.java:271)\n\tat io.appium.uiautomator2.http.ServerHandler.channelRead(ServerHandler.java:68)\n\tat io.netty.channel.AbstractChannelHandlerContext.invokeChannelRead(AbstractChannelHandlerContext.java:366)\n\tat io.netty.channel.Abstr...
[debug] &amp#27;[38;5;128m[W3C]&amp#27;[0m Matched W3C error code 'no such element' to NoSuchElementError
[debug] &amp#27;[38;5;32m[AndroidUiautomator2Driver@b227 (fe0cd291)]&amp#27;[0m Waited for 3139 ms so far
[debug] &amp#27;[38;5;32m[AndroidUiautomator2Driver@b227 (fe0cd291)]&amp#27;[0m Matched '/element' to command name 'findElement'
[debug] &amp#27;[38;5;32m[AndroidUiautomator2Driver@b227 (fe0cd291)]&amp#27;[0m Proxying [POST /element] to [POST http://127.0.0.1:8200/session/85989a46-cbdd-4bd4-a501-a859808a0843/element] with body: {"strategy":"xpath","selector":"//android.widget.Button[@text='Allow']","context":"","multiple":false}
&amp#27;[38;5;32m[AndroidUiautomator2Driver@b227 (fe0cd291)]&amp#27;[0m Got response with status 404: {"sessionId":"85989a46-cbdd-4bd4-a501-a859808a0843","value":{"error":"no such element","message":"An element could not be located on the page using the given search parameters","stacktrace":"io.appium.uiautomator2.common.exceptions.ElementNotFoundException: An element could not be located on the page using the given search parameters\n\tat io.appium.uiautomator2.utils.ElementLocationHelpers.findElement(ElementLocationHelpers.java:156)\n\tat io.appium.uiautomator2.handler.FindElement.safeHandle(FindElement.java:60)\n\tat io.appium.uiautomator2.handler.request.SafeRequestHandler.handle(SafeRequestHandler.java:59)\n\tat io.appium.uiautomator2.server.AppiumServlet.handleRequest(AppiumServlet.java:277)\n\tat io.appium.uiautomator2.server.AppiumServlet.handleHttpRequest(AppiumServlet.java:271)\n\tat io.appium.uiautomator2.http.ServerHandler.channelRead(ServerHandler.java:68)\n\tat io.netty.channel.AbstractChannelHandlerContext.invokeChannelRead(AbstractChannelHandlerContext.java:366)\n\tat io.netty.channel.Abstr...
[debug] &amp#27;[38;5;128m[W3C]&amp#27;[0m Matched W3C error code 'no such element' to NoSuchElementError
[debug] &amp#27;[38;5;32m[AndroidUiautomator2Driver@b227 (fe0cd291)]&amp#27;[0m Waited for 3677 ms so far
[debug] &amp#27;[38;5;32m[AndroidUiautomator2Driver@b227 (fe0cd291)]&amp#27;[0m Matched '/element' to command name 'findElement'
[debug] &amp#27;[38;5;32m[AndroidUiautomator2Driver@b227 (fe0cd291)]&amp#27;[0m Proxying [POST /element] to [POST http://127.0.0.1:8200/session/85989a46-cbdd-4bd4-a501-a859808a0843/element] with body: {"strategy":"xpath","selector":"//android.widget.Button[@text='Allow']","context":"","multiple":false}
&amp#27;[38;5;32m[AndroidUiautomator2Driver@b227 (fe0cd291)]&amp#27;[0m Got response with status 404: {"sessionId":"85989a46-cbdd-4bd4-a501-a859808a0843","value":{"error":"no such element","message":"An element could not be located on the page using the given search parameters","stacktrace":"io.appium.uiautomator2.common.exceptions.ElementNotFoundException: An element could not be located on the page using the given search parameters\n\tat io.appium.uiautomator2.utils.ElementLocationHelpers.findElement(ElementLocationHelpers.java:156)\n\tat io.appium.uiautomator2.handler.FindElement.safeHandle(FindElement.java:60)\n\tat io.appium.uiautomator2.handler.request.SafeRequestHandler.handle(SafeRequestHandler.java:59)\n\tat io.appium.uiautomator2.server.AppiumServlet.handleRequest(AppiumServlet.java:277)\n\tat io.appium.uiautomator2.server.AppiumServlet.handleHttpRequest(AppiumServlet.java:271)\n\tat io.appium.uiautomator2.http.ServerHandler.channelRead(ServerHandler.java:68)\n\tat io.netty.channel.AbstractChannelHandlerContext.invokeChannelRead(AbstractChannelHandlerContext.java:366)\n\tat io.netty.channel.Abstr...
[debug] &amp#27;[38;5;128m[W3C]&amp#27;[0m Matched W3C error code 'no such element' to NoSuchElementError
[debug] &amp#27;[38;5;32m[AndroidUiautomator2Driver@b227 (fe0cd291)]&amp#27;[0m Waited for 4215 ms so far
[debug] &amp#27;[38;5;32m[AndroidUiautomator2Driver@b227 (fe0cd291)]&amp#27;[0m Matched '/element' to command name 'findElement'
[debug] &amp#27;[38;5;32m[AndroidUiautomator2Driver@b227 (fe0cd291)]&amp#27;[0m Proxying [POST /element] to [POST http://127.0.0.1:8200/session/85989a46-cbdd-4bd4-a501-a859808a0843/element] with body: {"strategy":"xpath","selector":"//android.widget.Button[@text='Allow']","context":"","multiple":false}
&amp#27;[38;5;32m[AndroidUiautomator2Driver@b227 (fe0cd291)]&amp#27;[0m Got response with status 404: {"sessionId":"85989a46-cbdd-4bd4-a501-a859808a0843","value":{"error":"no such element","message":"An element could not be located on the page using the given search parameters","stacktrace":"io.appium.uiautomator2.common.exceptions.ElementNotFoundException: An element could not be located on the page using the given search parameters\n\tat io.appium.uiautomator2.utils.ElementLocationHelpers.findElement(ElementLocationHelpers.java:156)\n\tat io.appium.uiautomator2.handler.FindElement.safeHandle(FindElement.java:60)\n\tat io.appium.uiautomator2.handler.request.SafeRequestHandler.handle(SafeRequestHandler.java:59)\n\tat io.appium.uiautomator2.server.AppiumServlet.handleRequest(AppiumServlet.java:277)\n\tat io.appium.uiautomator2.server.AppiumServlet.handleHttpRequest(AppiumServlet.java:271)\n\tat io.appium.uiautomator2.http.ServerHandler.channelRead(ServerHandler.java:68)\n\tat io.netty.channel.AbstractChannelHandlerContext.invokeChannelRead(AbstractChannelHandlerContext.java:366)\n\tat io.netty.channel.Abstr...
[debug] &amp#27;[38;5;128m[W3C]&amp#27;[0m Matched W3C error code 'no such element' to NoSuchElementError
[debug] &amp#27;[38;5;32m[AndroidUiautomator2Driver@b227 (fe0cd291)]&amp#27;[0m Waited for 4737 ms so far
[debug] &amp#27;[38;5;32m[AndroidUiautomator2Driver@b227 (fe0cd291)]&amp#27;[0m Matched '/element' to command name 'findElement'
[debug] &amp#27;[38;5;32m[AndroidUiautomator2Driver@b227 (fe0cd291)]&amp#27;[0m Proxying [POST /element] to [POST http://127.0.0.1:8200/session/85989a46-cbdd-4bd4-a501-a859808a0843/element] with body: {"strategy":"xpath","selector":"//android.widget.Button[@text='Allow']","context":"","multiple":false}
&amp#27;[38;5;32m[AndroidUiautomator2Driver@b227 (fe0cd291)]&amp#27;[0m Got response with status 404: {"sessionId":"85989a46-cbdd-4bd4-a501-a859808a0843","value":{"error":"no such element","message":"An element could not be located on the page using the given search parameters","stacktrace":"io.appium.uiautomator2.common.exceptions.ElementNotFoundException: An element could not be located on the page using the given search parameters\n\tat io.appium.uiautomator2.utils.ElementLocationHelpers.findElement(ElementLocationHelpers.java:156)\n\tat io.appium.uiautomator2.handler.FindElement.safeHandle(FindElement.java:60)\n\tat io.appium.uiautomator2.handler.request.SafeRequestHandler.handle(SafeRequestHandler.java:59)\n\tat io.appium.uiautomator2.server.AppiumServlet.handleRequest(AppiumServlet.java:277)\n\tat io.appium.uiautomator2.server.AppiumServlet.handleHttpRequest(AppiumServlet.java:271)\n\tat io.appium.uiautomator2.http.ServerHandler.channelRead(ServerHandler.java:68)\n\tat io.netty.channel.AbstractChannelHandlerContext.invokeChannelRead(AbstractChannelHandlerContext.java:366)\n\tat io.netty.channel.Abstr...
[debug] &amp#27;[38;5;128m[W3C]&amp#27;[0m Matched W3C error code 'no such element' to NoSuchElementError
[debug] &amp#27;[38;5;32m[AndroidUiautomator2Driver@b227 (fe0cd291)]&amp#27;[0m Waited for 5256 ms so far
[debug] &amp#27;[38;5;32m[AndroidUiautomator2Driver@b227 (fe0cd291)]&amp#27;[0m Matched '/element' to command name 'findElement'
[debug] &amp#27;[38;5;32m[AndroidUiautomator2Driver@b227 (fe0cd291)]&amp#27;[0m Proxying [POST /element] to [POST http://127.0.0.1:8200/session/85989a46-cbdd-4bd4-a501-a859808a0843/element] with body: {"strategy":"xpath","selector":"//android.widget.Button[@text='Allow']","context":"","multiple":false}
&amp#27;[38;5;32m[AndroidUiautomator2Driver@b227 (fe0cd291)]&amp#27;[0m Got response with status 404: {"sessionId":"85989a46-cbdd-4bd4-a501-a859808a0843","value":{"error":"no such element","message":"An element could not be located on the page using the given search parameters","stacktrace":"io.appium.uiautomator2.common.exceptions.ElementNotFoundException: An element could not be located on the page using the given search parameters\n\tat io.appium.uiautomator2.utils.ElementLocationHelpers.findElement(ElementLocationHelpers.java:156)\n\tat io.appium.uiautomator2.handler.FindElement.safeHandle(FindElement.java:60)\n\tat io.appium.uiautomator2.handler.request.SafeRequestHandler.handle(SafeRequestHandler.java:59)\n\tat io.appium.uiautomator2.server.AppiumServlet.handleRequest(AppiumServlet.java:277)\n\tat io.appium.uiautomator2.server.AppiumServlet.handleHttpRequest(AppiumServlet.java:271)\n\tat io.appium.uiautomator2.http.ServerHandler.channelRead(ServerHandler.java:68)\n\tat io.netty.channel.AbstractChannelHandlerContext.invokeChannelRead(AbstractChannelHandlerContext.java:366)\n\tat io.netty.channel.Abstr...
[debug] &amp#27;[38;5;128m[W3C]&amp#27;[0m Matched W3C error code 'no such element' to NoSuchElementError
[debug] &amp#27;[38;5;32m[AndroidUiautomator2Driver@b227 (fe0cd291)]&amp#27;[0m Waited for 5791 ms so far
[debug] &amp#27;[38;5;32m[AndroidUiautomator2Driver@b227 (fe0cd291)]&amp#27;[0m Matched '/element' to command name 'findElement'
[debug] &amp#27;[38;5;32m[AndroidUiautomator2Driver@b227 (fe0cd291)]&amp#27;[0m Proxying [POST /element] to [POST http://127.0.0.1:8200/session/85989a46-cbdd-4bd4-a501-a859808a0843/element] with body: {"strategy":"xpath","selector":"//android.widget.Button[@text='Allow']","context":"","multiple":false}
&amp#27;[38;5;32m[AndroidUiautomator2Driver@b227 (fe0cd291)]&amp#27;[0m Got response with status 404: {"sessionId":"85989a46-cbdd-4bd4-a501-a859808a0843","value":{"error":"no such element","message":"An element could not be located on the page using the given search parameters","stacktrace":"io.appium.uiautomator2.common.exceptions.ElementNotFoundException: An element could not be located on the page using the given search parameters\n\tat io.appium.uiautomator2.utils.ElementLocationHelpers.findElement(ElementLocationHelpers.java:156)\n\tat io.appium.uiautomator2.handler.FindElement.safeHandle(FindElement.java:60)\n\tat io.appium.uiautomator2.handler.request.SafeRequestHandler.handle(SafeRequestHandler.java:59)\n\tat io.appium.uiautomator2.server.AppiumServlet.handleRequest(AppiumServlet.java:277)\n\tat io.appium.uiautomator2.server.AppiumServlet.handleHttpRequest(AppiumServlet.java:271)\n\tat io.appium.uiautomator2.http.ServerHandler.channelRead(ServerHandler.java:68)\n\tat io.netty.channel.AbstractChannelHandlerContext.invokeChannelRead(AbstractChannelHandlerContext.java:366)\n\tat io.netty.channel.Abstr...
[debug] &amp#27;[38;5;128m[W3C]&amp#27;[0m Matched W3C error code 'no such element' to NoSuchElementError
[debug] &amp#27;[38;5;32m[AndroidUiautomator2Driver@b227 (fe0cd291)]&amp#27;[0m Encountered internal error running command: NoSuchElementError: An element could not be located on the page using the given search parameters.
[debug] &amp#27;[38;5;32m[AndroidUiautomator2Driver@b227 (fe0cd291)]&amp#27;[0m     at AndroidUiautomator2Driver.findElOrEls (C:\Users\daniel.ogagavworia\.appium\node_modules\appium-uiautomator2-driver\node_modules\appium-android-driver\lib\commands\find.js:75:11)
[debug] &amp#27;[38;5;32m[AndroidUiautomator2Driver@b227 (fe0cd291)]&amp#27;[0m     at processTicksAndRejections (node:internal/process/task_queues:95:5)
[debug] &amp#27;[38;5;32m[AndroidUiautomator2Driver@b227 (fe0cd291)]&amp#27;[0m     at AndroidUiautomator2Driver.findElOrElsWithProcessing (C:\Users\daniel.ogagavworia\AppData\Roaming\npm\node_modules\appium\node_modules\@appium\base-driver\lib\basedriver\commands\find.ts:60:12)
[debug] &amp#27;[38;5;32m[AndroidUiautomator2Driver@b227 (fe0cd291)]&amp#27;[0m     at AndroidUiautomator2Driver.findElement (C:\Users\daniel.ogagavworia\AppData\Roaming\npm\node_modules\appium\node_modules\@appium\base-driver\lib\basedriver\commands\find.ts:75:12)
&amp#27;[38;5;0m[HTTP]&amp#27;[0m &amp#27;[37m<-- POST /session/fe0cd291-8f79-4212-8568-b4785b2dee12/element &amp#27;[39m&amp#27;[33m404&amp#27;[39m &amp#27;[90m6038 ms - 929&amp#27;[39m
&amp#27;[38;5;0m[HTTP]&amp#27;[0m &amp#27;[90m&amp#27;[39m
&amp#27;[38;5;0m[HTTP]&amp#27;[0m &amp#27;[37m-->&amp#27;[39m &amp#27;[37mPOST&amp#27;[39m &amp#27;[37m/session/fe0cd291-8f79-4212-8568-b4785b2dee12/element&amp#27;[39m
&amp#27;[38;5;0m[HTTP]&amp#27;[0m &amp#27;[90m{"using":"xpath","value":"//android.widget.TextView[@text='REGISTER']"}&amp#27;[39m
[debug] &amp#27;[38;5;32m[AndroidUiautomator2Driver@b227 (fe0cd291)]&amp#27;[0m Calling AppiumDriver.findElement() with args: ["xpath","//android.widget.TextView[@text='REGISTER']","fe0cd291-8f79-4212-8568-b4785b2dee12"]
[debug] &amp#27;[38;5;32m[AndroidUiautomator2Driver@b227 (fe0cd291)]&amp#27;[0m Valid locator strategies for this request: xpath, id, class name, accessibility id, css selector, -android uiautomator
[debug] &amp#27;[38;5;32m[AndroidUiautomator2Driver@b227 (fe0cd291)]&amp#27;[0m Waiting up to 6000 ms for condition
[debug] &amp#27;[38;5;32m[AndroidUiautomator2Driver@b227 (fe0cd291)]&amp#27;[0m Matched '/element' to command name 'findElement'
[debug] &amp#27;[38;5;32m[AndroidUiautomator2Driver@b227 (fe0cd291)]&amp#27;[0m Proxying [POST /element] to [POST http://127.0.0.1:8200/session/85989a46-cbdd-4bd4-a501-a859808a0843/element] with body: {"strategy":"xpath","selector":"//android.widget.TextView[@text='REGISTER']","context":"","multiple":false}
[debug] &amp#27;[38;5;32m[AndroidUiautomator2Driver@b227 (fe0cd291)]&amp#27;[0m Got response with status 200: {"sessionId":"85989a46-cbdd-4bd4-a501-a859808a0843","value":{"ELEMENT":"00000000-0000-0032-ffff-ffff0000002e","element-6066-11e4-a52e-4f735466cecf":"00000000-0000-0032-ffff-ffff0000002e"}}
[debug] &amp#27;[38;5;32m[AndroidUiautomator2Driver@b227 (fe0cd291)]&amp#27;[0m Responding to client with driver.findElement() result: {"element-6066-11e4-a52e-4f735466cecf":"00000000-0000-0032-ffff-ffff0000002e","ELEMENT":"00000000-0000-0032-ffff-ffff0000002e"}
&amp#27;[38;5;0m[HTTP]&amp#27;[0m &amp#27;[37m<-- POST /session/fe0cd291-8f79-4212-8568-b4785b2dee12/element &amp#27;[39m&amp#27;[32m200&amp#27;[39m &amp#27;[90m27 ms - 137&amp#27;[39m
&amp#27;[38;5;0m[HTTP]&amp#27;[0m &amp#27;[90m&amp#27;[39m
&amp#27;[38;5;0m[HTTP]&amp#27;[0m &amp#27;[37m-->&amp#27;[39m &amp#27;[37mPOST&amp#27;[39m &amp#27;[37m/session/fe0cd291-8f79-4212-8568-b4785b2dee12/element/00000000-0000-0032-ffff-ffff0000002e/click&amp#27;[39m
&amp#27;[38;5;0m[HTTP]&amp#27;[0m &amp#27;[90m{"id":"00000000-0000-0032-ffff-ffff0000002e"}&amp#27;[39m
[debug] &amp#27;[38;5;32m[AndroidUiautomator2Driver@b227 (fe0cd291)]&amp#27;[0m Calling AppiumDriver.click() with args: ["00000000-0000-0032-ffff-ffff0000002e","fe0cd291-8f79-4212-8568-b4785b2dee12"]
[debug] &amp#27;[38;5;32m[AndroidUiautomator2Driver@b227 (fe0cd291)]&amp#27;[0m Matched '/element/00000000-0000-0032-ffff-ffff0000002e/click' to command name 'click'
[debug] &amp#27;[38;5;32m[AndroidUiautomator2Driver@b227 (fe0cd291)]&amp#27;[0m Proxying [POST /element/00000000-0000-0032-ffff-ffff0000002e/click] to [POST http://127.0.0.1:8200/session/85989a46-cbdd-4bd4-a501-a859808a0843/element/00000000-0000-0032-ffff-ffff0000002e/click] with body: {"element":"00000000-0000-0032-ffff-ffff0000002e"}
[debug] &amp#27;[38;5;32m[AndroidUiautomator2Driver@b227 (fe0cd291)]&amp#27;[0m Got response with status 200: {"sessionId":"85989a46-cbdd-4bd4-a501-a859808a0843","value":null}
[debug] &amp#27;[38;5;32m[AndroidUiautomator2Driver@b227 (fe0cd291)]&amp#27;[0m Responding to client with driver.click() result: null
&amp#27;[38;5;0m[HTTP]&amp#27;[0m &amp#27;[37m<-- POST /session/fe0cd291-8f79-4212-8568-b4785b2dee12/element/00000000-0000-0032-ffff-ffff0000002e/click &amp#27;[39m&amp#27;[32m200&amp#27;[39m &amp#27;[90m71 ms - 14&amp#27;[39m
&amp#27;[38;5;0m[HTTP]&amp#27;[0m &amp#27;[90m&amp#27;[39m
&amp#27;[38;5;0m[HTTP]&amp#27;[0m &amp#27;[37m-->&amp#27;[39m &amp#27;[37mPOST&amp#27;[39m &amp#27;[37m/session/fe0cd291-8f79-4212-8568-b4785b2dee12/timeouts&amp#27;[39m
&amp#27;[38;5;0m[HTTP]&amp#27;[0m &amp#27;[90m{"implicit":10000}&amp#27;[39m
[debug] &amp#27;[38;5;32m[AndroidUiautomator2Driver@b227 (fe0cd291)]&amp#27;[0m Calling AppiumDriver.timeouts() with args: [null,null,null,null,10000,"fe0cd291-8f79-4212-8568-b4785b2dee12"]
[debug] &amp#27;[38;5;32m[AndroidUiautomator2Driver@b227 (fe0cd291)]&amp#27;[0m W3C timeout argument: {"implicit":10000}}
[debug] &amp#27;[38;5;32m[AndroidUiautomator2Driver@b227 (fe0cd291)]&amp#27;[0m Set implicit wait to 10000ms
[debug] &amp#27;[38;5;32m[AndroidUiautomator2Driver@b227 (fe0cd291)]&amp#27;[0m Responding to client with driver.timeouts() result: null
&amp#27;[38;5;0m[HTTP]&amp#27;[0m &amp#27;[37m<-- POST /session/fe0cd291-8f79-4212-8568-b4785b2dee12/timeouts &amp#27;[39m&amp#27;[32m200&amp#27;[39m &amp#27;[90m1 ms - 14&amp#27;[39m
&amp#27;[38;5;0m[HTTP]&amp#27;[0m &amp#27;[90m&amp#27;[39m
&amp#27;[38;5;0m[HTTP]&amp#27;[0m &amp#27;[37m-->&amp#27;[39m &amp#27;[37mPOST&amp#27;[39m &amp#27;[37m/session/fe0cd291-8f79-4212-8568-b4785b2dee12/element&amp#27;[39m
&amp#27;[38;5;0m[HTTP]&amp#27;[0m &amp#27;[90m{"using":"xpath","value":"//android.widget.EditText[@index=3]"}&amp#27;[39m
[debug] &amp#27;[38;5;32m[AndroidUiautomator2Driver@b227 (fe0cd291)]&amp#27;[0m Calling AppiumDriver.findElement() with args: ["xpath","//android.widget.EditText[@index=3]","fe0cd291-8f79-4212-8568-b4785b2dee12"]
[debug] &amp#27;[38;5;32m[AndroidUiautomator2Driver@b227 (fe0cd291)]&amp#27;[0m Valid locator strategies for this request: xpath, id, class name, accessibility id, css selector, -android uiautomator
[debug] &amp#27;[38;5;32m[AndroidUiautomator2Driver@b227 (fe0cd291)]&amp#27;[0m Waiting up to 10000 ms for condition
[debug] &amp#27;[38;5;32m[AndroidUiautomator2Driver@b227 (fe0cd291)]&amp#27;[0m Matched '/element' to command name 'findElement'
[debug] &amp#27;[38;5;32m[AndroidUiautomator2Driver@b227 (fe0cd291)]&amp#27;[0m Proxying [POST /element] to [POST http://127.0.0.1:8200/session/85989a46-cbdd-4bd4-a501-a859808a0843/element] with body: {"strategy":"xpath","selector":"//android.widget.EditText[@index=3]","context":"","multiple":false}
&amp#27;[38;5;32m[AndroidUiautomator2Driver@b227 (fe0cd291)]&amp#27;[0m Got response with status 404: {"sessionId":"85989a46-cbdd-4bd4-a501-a859808a0843","value":{"error":"no such element","message":"An element could not be located on the page using the given search parameters","stacktrace":"io.appium.uiautomator2.common.exceptions.ElementNotFoundException: An element could not be located on the page using the given search parameters\n\tat io.appium.uiautomator2.utils.ElementLocationHelpers.findElement(ElementLocationHelpers.java:156)\n\tat io.appium.uiautomator2.handler.FindElement.safeHandle(FindElement.java:60)\n\tat io.appium.uiautomator2.handler.request.SafeRequestHandler.handle(SafeRequestHandler.java:59)\n\tat io.appium.uiautomator2.server.AppiumServlet.handleRequest(AppiumServlet.java:277)\n\tat io.appium.uiautomator2.server.AppiumServlet.handleHttpRequest(AppiumServlet.java:271)\n\tat io.appium.uiautomator2.http.ServerHandler.channelRead(ServerHandler.java:68)\n\tat io.netty.channel.AbstractChannelHandlerContext.invokeChannelRead(AbstractChannelHandlerContext.java:366)\n\tat io.netty.channel.Abstr...
[debug] &amp#27;[38;5;128m[W3C]&amp#27;[0m Matched W3C error code 'no such element' to NoSuchElementError
[debug] &amp#27;[38;5;32m[AndroidUiautomator2Driver@b227 (fe0cd291)]&amp#27;[0m Waited for 72 ms so far
[debug] &amp#27;[38;5;32m[AndroidUiautomator2Driver@b227 (fe0cd291)]&amp#27;[0m Matched '/element' to command name 'findElement'
[debug] &amp#27;[38;5;32m[AndroidUiautomator2Driver@b227 (fe0cd291)]&amp#27;[0m Proxying [POST /element] to [POST http://127.0.0.1:8200/session/85989a46-cbdd-4bd4-a501-a859808a0843/element] with body: {"strategy":"xpath","selector":"//android.widget.EditText[@index=3]","context":"","multiple":false}
[debug] &amp#27;[38;5;32m[AndroidUiautomator2Driver@b227 (fe0cd291)]&amp#27;[0m Got response with status 200: {"sessionId":"85989a46-cbdd-4bd4-a501-a859808a0843","value":{"ELEMENT":"00000000-0000-0032-ffff-ffff0000029e","element-6066-11e4-a52e-4f735466cecf":"00000000-0000-0032-ffff-ffff0000029e"}}
[debug] &amp#27;[38;5;32m[AndroidUiautomator2Driver@b227 (fe0cd291)]&amp#27;[0m Responding to client with driver.findElement() result: {"element-6066-11e4-a52e-4f735466cecf":"00000000-0000-0032-ffff-ffff0000029e","ELEMENT":"00000000-0000-0032-ffff-ffff0000029e"}
&amp#27;[38;5;0m[HTTP]&amp#27;[0m &amp#27;[37m<-- POST /session/fe0cd291-8f79-4212-8568-b4785b2dee12/element &amp#27;[39m&amp#27;[32m200&amp#27;[39m &amp#27;[90m1153 ms - 137&amp#27;[39m
&amp#27;[38;5;0m[HTTP]&amp#27;[0m &amp#27;[90m&amp#27;[39m
&amp#27;[38;5;0m[HTTP]&amp#27;[0m &amp#27;[37m-->&amp#27;[39m &amp#27;[37mPOST&amp#27;[39m &amp#27;[37m/session/fe0cd291-8f79-4212-8568-b4785b2dee12/element/00000000-0000-0032-ffff-ffff0000029e/value&amp#27;[39m
&amp#27;[38;5;0m[HTTP]&amp#27;[0m &amp#27;[90m{"id":"00000000-0000-0032-ffff-ffff0000029e","text":"Daniel Ogaga","value":["D","a","n","i","e","l"," ","O","g","a","g","a"]}&amp#27;[39m
[debug] &amp#27;[38;5;32m[AndroidUiautomator2Driver@b227 (fe0cd291)]&amp#27;[0m Calling AppiumDriver.setValue() with args: [["D","a","n","i","e","l"," ","O","g","a","g","a"],"00000000-0000-0032-ffff-ffff0000029e","fe0cd291-8f79-4212-8568-b4785b2dee12"]
[debug] &amp#27;[38;5;32m[AndroidUiautomator2Driver@b227 (fe0cd291)]&amp#27;[0m Matched '/element/00000000-0000-0032-ffff-ffff0000029e/value' to command name 'setValue'
[debug] &amp#27;[38;5;32m[AndroidUiautomator2Driver@b227 (fe0cd291)]&amp#27;[0m Added 'value' property ["D","a","n","i","e","l"," ","O","g","a","g","a"] to 'setValue' request body
[debug] &amp#27;[38;5;32m[AndroidUiautomator2Driver@b227 (fe0cd291)]&amp#27;[0m Proxying [POST /element/00000000-0000-0032-ffff-ffff0000029e/value] to [POST http://127.0.0.1:8200/session/85989a46-cbdd-4bd4-a501-a859808a0843/element/00000000-0000-0032-ffff-ffff0000029e/value] with body: {"elementId":"00000000-0000-0032-ffff-ffff0000029e","text":"Daniel Ogaga","replace":false,"value":["D","a","n","i","e","l"," ","O","g","a","g","a"]}
[debug] &amp#27;[38;5;32m[AndroidUiautomator2Driver@b227 (fe0cd291)]&amp#27;[0m Got response with status 200: {"sessionId":"85989a46-cbdd-4bd4-a501-a859808a0843","value":null}
[debug] &amp#27;[38;5;32m[AndroidUiautomator2Driver@b227 (fe0cd291)]&amp#27;[0m Responding to client with driver.setValue() result: null
&amp#27;[38;5;0m[HTTP]&amp#27;[0m &amp#27;[37m<-- POST /session/fe0cd291-8f79-4212-8568-b4785b2dee12/element/00000000-0000-0032-ffff-ffff0000029e/value &amp#27;[39m&amp#27;[32m200&amp#27;[39m &amp#27;[90m15 ms - 14&amp#27;[39m
&amp#27;[38;5;0m[HTTP]&amp#27;[0m &amp#27;[90m&amp#27;[39m
&amp#27;[38;5;0m[HTTP]&amp#27;[0m &amp#27;[37m-->&amp#27;[39m &amp#27;[37mPOST&amp#27;[39m &amp#27;[37m/session/fe0cd291-8f79-4212-8568-b4785b2dee12/element&amp#27;[39m
&amp#27;[38;5;0m[HTTP]&amp#27;[0m &amp#27;[90m{"using":"xpath","value":"//android.widget.EditText[@index=6]"}&amp#27;[39m
[debug] &amp#27;[38;5;32m[AndroidUiautomator2Driver@b227 (fe0cd291)]&amp#27;[0m Calling AppiumDriver.findElement() with args: ["xpath","//android.widget.EditText[@index=6]","fe0cd291-8f79-4212-8568-b4785b2dee12"]
[debug] &amp#27;[38;5;32m[AndroidUiautomator2Driver@b227 (fe0cd291)]&amp#27;[0m Valid locator strategies for this request: xpath, id, class name, accessibility id, css selector, -android uiautomator
[debug] &amp#27;[38;5;32m[AndroidUiautomator2Driver@b227 (fe0cd291)]&amp#27;[0m Waiting up to 10000 ms for condition
[debug] &amp#27;[38;5;32m[AndroidUiautomator2Driver@b227 (fe0cd291)]&amp#27;[0m Matched '/element' to command name 'findElement'
[debug] &amp#27;[38;5;32m[AndroidUiautomator2Driver@b227 (fe0cd291)]&amp#27;[0m Proxying [POST /element] to [POST http://127.0.0.1:8200/session/85989a46-cbdd-4bd4-a501-a859808a0843/element] with body: {"strategy":"xpath","selector":"//android.widget.EditText[@index=6]","context":"","multiple":false}
[debug] &amp#27;[38;5;32m[AndroidUiautomator2Driver@b227 (fe0cd291)]&amp#27;[0m Got response with status 200: {"sessionId":"85989a46-cbdd-4bd4-a501-a859808a0843","value":{"ELEMENT":"00000000-0000-0032-ffff-ffff000002a1","element-6066-11e4-a52e-4f735466cecf":"00000000-0000-0032-ffff-ffff000002a1"}}
[debug] &amp#27;[38;5;32m[AndroidUiautomator2Driver@b227 (fe0cd291)]&amp#27;[0m Responding to client with driver.findElement() result: {"element-6066-11e4-a52e-4f735466cecf":"00000000-0000-0032-ffff-ffff000002a1","ELEMENT":"00000000-0000-0032-ffff-ffff000002a1"}
&amp#27;[38;5;0m[HTTP]&amp#27;[0m &amp#27;[37m<-- POST /session/fe0cd291-8f79-4212-8568-b4785b2dee12/element &amp#27;[39m&amp#27;[32m200&amp#27;[39m &amp#27;[90m708 ms - 137&amp#27;[39m
&amp#27;[38;5;0m[HTTP]&amp#27;[0m &amp#27;[90m&amp#27;[39m
&amp#27;[38;5;0m[HTTP]&amp#27;[0m &amp#27;[37m-->&amp#27;[39m &amp#27;[37mPOST&amp#27;[39m &amp#27;[37m/session/fe0cd291-8f79-4212-8568-b4785b2dee12/element/00000000-0000-0032-ffff-ffff000002a1/value&amp#27;[39m
&amp#27;[38;5;0m[HTTP]&amp#27;[0m &amp#27;[90m{"id":"00000000-0000-0032-ffff-ffff000002a1","text":"vada.deckow@gmall.com","value":["v","a","d","a",".","d","e","c","k","o","w","@","g","m","a","l","l",".","c","o","m"]}&amp#27;[39m
[debug] &amp#27;[38;5;32m[AndroidUiautomator2Driver@b227 (fe0cd291)]&amp#27;[0m Calling AppiumDriver.setValue() with args: [["v","a","d","a",".","d","e","c","k","o","w","@","g","m","a","l","l",".","c","o","m"],"00000000-0000-0032-ffff-ffff000002a1","fe0cd291-8f79-4212-8568-b4785b2dee12"]
[debug] &amp#27;[38;5;32m[AndroidUiautomator2Driver@b227 (fe0cd291)]&amp#27;[0m Matched '/element/00000000-0000-0032-ffff-ffff000002a1/value' to command name 'setValue'
[debug] &amp#27;[38;5;32m[AndroidUiautomator2Driver@b227 (fe0cd291)]&amp#27;[0m Added 'value' property ["v","a","d","a",".","d","e","c","k","o","w","@","g","m","a","l","l",".","c","o","m"] to 'setValue' request body
[debug] &amp#27;[38;5;32m[AndroidUiautomator2Driver@b227 (fe0cd291)]&amp#27;[0m Proxying [POST /element/00000000-0000-0032-ffff-ffff000002a1/value] to [POST http://127.0.0.1:8200/session/85989a46-cbdd-4bd4-a501-a859808a0843/element/00000000-0000-0032-ffff-ffff000002a1/value] with body: {"elementId":"00000000-0000-0032-ffff-ffff000002a1","text":"vada.deckow@gmall.com","replace":false,"value":["v","a","d","a",".","d","e","c","k","o","w","@","g","m","a","l","l",".","c","o","m"]}
[debug] &amp#27;[38;5;32m[AndroidUiautomator2Driver@b227 (fe0cd291)]&amp#27;[0m Got response with status 200: {"sessionId":"85989a46-cbdd-4bd4-a501-a859808a0843","value":null}
[debug] &amp#27;[38;5;32m[AndroidUiautomator2Driver@b227 (fe0cd291)]&amp#27;[0m Responding to client with driver.setValue() result: null
&amp#27;[38;5;0m[HTTP]&amp#27;[0m &amp#27;[37m<-- POST /session/fe0cd291-8f79-4212-8568-b4785b2dee12/element/00000000-0000-0032-ffff-ffff000002a1/value &amp#27;[39m&amp#27;[32m200&amp#27;[39m &amp#27;[90m97 ms - 14&amp#27;[39m
&amp#27;[38;5;0m[HTTP]&amp#27;[0m &amp#27;[90m&amp#27;[39m
&amp#27;[38;5;0m[HTTP]&amp#27;[0m &amp#27;[37m-->&amp#27;[39m &amp#27;[37mPOST&amp#27;[39m &amp#27;[37m/session/fe0cd291-8f79-4212-8568-b4785b2dee12/element&amp#27;[39m
&amp#27;[38;5;0m[HTTP]&amp#27;[0m &amp#27;[90m{"using":"xpath","value":"//android.widget.EditText[@index=9]"}&amp#27;[39m
[debug] &amp#27;[38;5;32m[AndroidUiautomator2Driver@b227 (fe0cd291)]&amp#27;[0m Calling AppiumDriver.findElement() with args: ["xpath","//android.widget.EditText[@index=9]","fe0cd291-8f79-4212-8568-b4785b2dee12"]
[debug] &amp#27;[38;5;32m[AndroidUiautomator2Driver@b227 (fe0cd291)]&amp#27;[0m Valid locator strategies for this request: xpath, id, class name, accessibility id, css selector, -android uiautomator
[debug] &amp#27;[38;5;32m[AndroidUiautomator2Driver@b227 (fe0cd291)]&amp#27;[0m Waiting up to 10000 ms for condition
[debug] &amp#27;[38;5;32m[AndroidUiautomator2Driver@b227 (fe0cd291)]&amp#27;[0m Matched '/element' to command name 'findElement'
[debug] &amp#27;[38;5;32m[AndroidUiautomator2Driver@b227 (fe0cd291)]&amp#27;[0m Proxying [POST /element] to [POST http://127.0.0.1:8200/session/85989a46-cbdd-4bd4-a501-a859808a0843/element] with body: {"strategy":"xpath","selector":"//android.widget.EditText[@index=9]","context":"","multiple":false}
[debug] &amp#27;[38;5;32m[AndroidUiautomator2Driver@b227 (fe0cd291)]&amp#27;[0m Got response with status 200: {"sessionId":"85989a46-cbdd-4bd4-a501-a859808a0843","value":{"ELEMENT":"00000000-0000-0032-ffff-ffff000002a4","element-6066-11e4-a52e-4f735466cecf":"00000000-0000-0032-ffff-ffff000002a4"}}
[debug] &amp#27;[38;5;32m[AndroidUiautomator2Driver@b227 (fe0cd291)]&amp#27;[0m Responding to client with driver.findElement() result: {"element-6066-11e4-a52e-4f735466cecf":"00000000-0000-0032-ffff-ffff000002a4","ELEMENT":"00000000-0000-0032-ffff-ffff000002a4"}
&amp#27;[38;5;0m[HTTP]&amp#27;[0m &amp#27;[37m<-- POST /session/fe0cd291-8f79-4212-8568-b4785b2dee12/element &amp#27;[39m&amp#27;[32m200&amp#27;[39m &amp#27;[90m62 ms - 137&amp#27;[39m
&amp#27;[38;5;0m[HTTP]&amp#27;[0m &amp#27;[90m&amp#27;[39m
&amp#27;[38;5;0m[HTTP]&amp#27;[0m &amp#27;[37m-->&amp#27;[39m &amp#27;[37mPOST&amp#27;[39m &amp#27;[37m/session/fe0cd291-8f79-4212-8568-b4785b2dee12/element/00000000-0000-0032-ffff-ffff000002a4/value&amp#27;[39m
&amp#27;[38;5;0m[HTTP]&amp#27;[0m &amp#27;[90m{"id":"00000000-0000-0032-ffff-ffff000002a4","text":"08033443048","value":["0","8","0","3","3","4","4","3","0","4","8"]}&amp#27;[39m
[debug] &amp#27;[38;5;32m[AndroidUiautomator2Driver@b227 (fe0cd291)]&amp#27;[0m Calling AppiumDriver.setValue() with args: [["0","8","0","3","3","4","4","3","0","4","8"],"00000000-0000-0032-ffff-ffff000002a4","fe0cd291-8f79-4212-8568-b4785b2dee12"]
[debug] &amp#27;[38;5;32m[AndroidUiautomator2Driver@b227 (fe0cd291)]&amp#27;[0m Matched '/element/00000000-0000-0032-ffff-ffff000002a4/value' to command name 'setValue'
[debug] &amp#27;[38;5;32m[AndroidUiautomator2Driver@b227 (fe0cd291)]&amp#27;[0m Added 'value' property ["0","8","0","3","3","4","4","3","0","4","8"] to 'setValue' request body
[debug] &amp#27;[38;5;32m[AndroidUiautomator2Driver@b227 (fe0cd291)]&amp#27;[0m Proxying [POST /element/00000000-0000-0032-ffff-ffff000002a4/value] to [POST http://127.0.0.1:8200/session/85989a46-cbdd-4bd4-a501-a859808a0843/element/00000000-0000-0032-ffff-ffff000002a4/value] with body: {"elementId":"00000000-0000-0032-ffff-ffff000002a4","text":"08033443048","replace":false,"value":["0","8","0","3","3","4","4","3","0","4","8"]}
[debug] &amp#27;[38;5;32m[AndroidUiautomator2Driver@b227 (fe0cd291)]&amp#27;[0m Got response with status 200: {"sessionId":"85989a46-cbdd-4bd4-a501-a859808a0843","value":null}
[debug] &amp#27;[38;5;32m[AndroidUiautomator2Driver@b227 (fe0cd291)]&amp#27;[0m Responding to client with driver.setValue() result: null
&amp#27;[38;5;0m[HTTP]&amp#27;[0m &amp#27;[37m<-- POST /session/fe0cd291-8f79-4212-8568-b4785b2dee12/element/00000000-0000-0032-ffff-ffff000002a4/value &amp#27;[39m&amp#27;[32m200&amp#27;[39m &amp#27;[90m446 ms - 14&amp#27;[39m
&amp#27;[38;5;0m[HTTP]&amp#27;[0m &amp#27;[90m&amp#27;[39m
&amp#27;[38;5;0m[HTTP]&amp#27;[0m &amp#27;[37m-->&amp#27;[39m &amp#27;[37mPOST&amp#27;[39m &amp#27;[37m/session/fe0cd291-8f79-4212-8568-b4785b2dee12/element&amp#27;[39m
&amp#27;[38;5;0m[HTTP]&amp#27;[0m &amp#27;[90m{"using":"xpath","value":"//android.widget.EditText[@index=12]"}&amp#27;[39m
[debug] &amp#27;[38;5;32m[AndroidUiautomator2Driver@b227 (fe0cd291)]&amp#27;[0m Calling AppiumDriver.findElement() with args: ["xpath","//android.widget.EditText[@index=12]","fe0cd291-8f79-4212-8568-b4785b2dee12"]
[debug] &amp#27;[38;5;32m[AndroidUiautomator2Driver@b227 (fe0cd291)]&amp#27;[0m Valid locator strategies for this request: xpath, id, class name, accessibility id, css selector, -android uiautomator
[debug] &amp#27;[38;5;32m[AndroidUiautomator2Driver@b227 (fe0cd291)]&amp#27;[0m Waiting up to 10000 ms for condition
[debug] &amp#27;[38;5;32m[AndroidUiautomator2Driver@b227 (fe0cd291)]&amp#27;[0m Matched '/element' to command name 'findElement'
[debug] &amp#27;[38;5;32m[AndroidUiautomator2Driver@b227 (fe0cd291)]&amp#27;[0m Proxying [POST /element] to [POST http://127.0.0.1:8200/session/85989a46-cbdd-4bd4-a501-a859808a0843/element] with body: {"strategy":"xpath","selector":"//android.widget.EditText[@index=12]","context":"","multiple":false}
[debug] &amp#27;[38;5;32m[AndroidUiautomator2Driver@b227 (fe0cd291)]&amp#27;[0m Got response with status 200: {"sessionId":"85989a46-cbdd-4bd4-a501-a859808a0843","value":{"ELEMENT":"00000000-0000-0032-ffff-ffff000002a7","element-6066-11e4-a52e-4f735466cecf":"00000000-0000-0032-ffff-ffff000002a7"}}
[debug] &amp#27;[38;5;32m[AndroidUiautomator2Driver@b227 (fe0cd291)]&amp#27;[0m Responding to client with driver.findElement() result: {"element-6066-11e4-a52e-4f735466cecf":"00000000-0000-0032-ffff-ffff000002a7","ELEMENT":"00000000-0000-0032-ffff-ffff000002a7"}
&amp#27;[38;5;0m[HTTP]&amp#27;[0m &amp#27;[37m<-- POST /session/fe0cd291-8f79-4212-8568-b4785b2dee12/element &amp#27;[39m&amp#27;[32m200&amp#27;[39m &amp#27;[90m49 ms - 137&amp#27;[39m
&amp#27;[38;5;0m[HTTP]&amp#27;[0m &amp#27;[90m&amp#27;[39m
&amp#27;[38;5;0m[HTTP]&amp#27;[0m &amp#27;[37m-->&amp#27;[39m &amp#27;[37mPOST&amp#27;[39m &amp#27;[37m/session/fe0cd291-8f79-4212-8568-b4785b2dee12/element/00000000-0000-0032-ffff-ffff000002a7/value&amp#27;[39m
&amp#27;[38;5;0m[HTTP]&amp#27;[0m &amp#27;[90m{"id":"00000000-0000-0032-ffff-ffff000002a7","text":"password","value":["p","a","s","s","w","o","r","d"]}&amp#27;[39m
[debug] &amp#27;[38;5;32m[AndroidUiautomator2Driver@b227 (fe0cd291)]&amp#27;[0m Calling AppiumDriver.setValue() with args: [["p","a","s","s","w","o","r","d"],"00000000-0000-0032-ffff-ffff000002a7","fe0cd291-8f79-4212-8568-b4785b2dee12"]
[debug] &amp#27;[38;5;32m[AndroidUiautomator2Driver@b227 (fe0cd291)]&amp#27;[0m Matched '/element/00000000-0000-0032-ffff-ffff000002a7/value' to command name 'setValue'
[debug] &amp#27;[38;5;32m[AndroidUiautomator2Driver@b227 (fe0cd291)]&amp#27;[0m Added 'value' property ["p","a","s","s","w","o","r","d"] to 'setValue' request body
[debug] &amp#27;[38;5;32m[AndroidUiautomator2Driver@b227 (fe0cd291)]&amp#27;[0m Proxying [POST /element/00000000-0000-0032-ffff-ffff000002a7/value] to [POST http://127.0.0.1:8200/session/85989a46-cbdd-4bd4-a501-a859808a0843/element/00000000-0000-0032-ffff-ffff000002a7/value] with body: {"elementId":"00000000-0000-0032-ffff-ffff000002a7","text":"password","replace":false,"value":["p","a","s","s","w","o","r","d"]}
[debug] &amp#27;[38;5;32m[AndroidUiautomator2Driver@b227 (fe0cd291)]&amp#27;[0m Got response with status 200: {"sessionId":"85989a46-cbdd-4bd4-a501-a859808a0843","value":null}
[debug] &amp#27;[38;5;32m[AndroidUiautomator2Driver@b227 (fe0cd291)]&amp#27;[0m Responding to client with driver.setValue() result: null
&amp#27;[38;5;0m[HTTP]&amp#27;[0m &amp#27;[37m<-- POST /session/fe0cd291-8f79-4212-8568-b4785b2dee12/element/00000000-0000-0032-ffff-ffff000002a7/value &amp#27;[39m&amp#27;[32m200&amp#27;[39m &amp#27;[90m456 ms - 14&amp#27;[39m
&amp#27;[38;5;0m[HTTP]&amp#27;[0m &amp#27;[90m&amp#27;[39m
&amp#27;[38;5;0m[HTTP]&amp#27;[0m &amp#27;[37m-->&amp#27;[39m &amp#27;[37mPOST&amp#27;[39m &amp#27;[37m/session/fe0cd291-8f79-4212-8568-b4785b2dee12/element&amp#27;[39m
&amp#27;[38;5;0m[HTTP]&amp#27;[0m &amp#27;[90m{"using":"xpath","value":"//android.widget.TextView[@text='Register']"}&amp#27;[39m
[debug] &amp#27;[38;5;32m[AndroidUiautomator2Driver@b227 (fe0cd291)]&amp#27;[0m Calling AppiumDriver.findElement() with args: ["xpath","//android.widget.TextView[@text='Register']","fe0cd291-8f79-4212-8568-b4785b2dee12"]
[debug] &amp#27;[38;5;32m[AndroidUiautomator2Driver@b227 (fe0cd291)]&amp#27;[0m Valid locator strategies for this request: xpath, id, class name, accessibility id, css selector, -android uiautomator
[debug] &amp#27;[38;5;32m[AndroidUiautomator2Driver@b227 (fe0cd291)]&amp#27;[0m Waiting up to 10000 ms for condition
[debug] &amp#27;[38;5;32m[AndroidUiautomator2Driver@b227 (fe0cd291)]&amp#27;[0m Matched '/element' to command name 'findElement'
[debug] &amp#27;[38;5;32m[AndroidUiautomator2Driver@b227 (fe0cd291)]&amp#27;[0m Proxying [POST /element] to [POST http://127.0.0.1:8200/session/85989a46-cbdd-4bd4-a501-a859808a0843/element] with body: {"strategy":"xpath","selector":"//android.widget.TextView[@text='Register']","context":"","multiple":false}
[debug] &amp#27;[38;5;32m[AndroidUiautomator2Driver@b227 (fe0cd291)]&amp#27;[0m Got response with status 200: {"sessionId":"85989a46-cbdd-4bd4-a501-a859808a0843","value":{"ELEMENT":"00000000-0000-0032-ffff-ffff000002b4","element-6066-11e4-a52e-4f735466cecf":"00000000-0000-0032-ffff-ffff000002b4"}}
[debug] &amp#27;[38;5;32m[AndroidUiautomator2Driver@b227 (fe0cd291)]&amp#27;[0m Responding to client with driver.findElement() result: {"element-6066-11e4-a52e-4f735466cecf":"00000000-0000-0032-ffff-ffff000002b4","ELEMENT":"00000000-0000-0032-ffff-ffff000002b4"}
&amp#27;[38;5;0m[HTTP]&amp#27;[0m &amp#27;[37m<-- POST /session/fe0cd291-8f79-4212-8568-b4785b2dee12/element &amp#27;[39m&amp#27;[32m200&amp#27;[39m &amp#27;[90m630 ms - 137&amp#27;[39m
&amp#27;[38;5;0m[HTTP]&amp#27;[0m &amp#27;[90m&amp#27;[39m
&amp#27;[38;5;0m[HTTP]&amp#27;[0m &amp#27;[37m-->&amp#27;[39m &amp#27;[37mPOST&amp#27;[39m &amp#27;[37m/session/fe0cd291-8f79-4212-8568-b4785b2dee12/element/00000000-0000-0032-ffff-ffff000002b4/click&amp#27;[39m
&amp#27;[38;5;0m[HTTP]&amp#27;[0m &amp#27;[90m{"id":"00000000-0000-0032-ffff-ffff000002b4"}&amp#27;[39m
[debug] &amp#27;[38;5;32m[AndroidUiautomator2Driver@b227 (fe0cd291)]&amp#27;[0m Calling AppiumDriver.click() with args: ["00000000-0000-0032-ffff-ffff000002b4","fe0cd291-8f79-4212-8568-b4785b2dee12"]
[debug] &amp#27;[38;5;32m[AndroidUiautomator2Driver@b227 (fe0cd291)]&amp#27;[0m Matched '/element/00000000-0000-0032-ffff-ffff000002b4/click' to command name 'click'
[debug] &amp#27;[38;5;32m[AndroidUiautomator2Driver@b227 (fe0cd291)]&amp#27;[0m Proxying [POST /element/00000000-0000-0032-ffff-ffff000002b4/click] to [POST http://127.0.0.1:8200/session/85989a46-cbdd-4bd4-a501-a859808a0843/element/00000000-0000-0032-ffff-ffff000002b4/click] with body: {"element":"00000000-0000-0032-ffff-ffff000002b4"}
[debug] &amp#27;[38;5;32m[AndroidUiautomator2Driver@b227 (fe0cd291)]&amp#27;[0m Got response with status 200: {"sessionId":"85989a46-cbdd-4bd4-a501-a859808a0843","value":null}
[debug] &amp#27;[38;5;32m[AndroidUiautomator2Driver@b227 (fe0cd291)]&amp#27;[0m Responding to client with driver.click() result: null
&amp#27;[38;5;0m[HTTP]&amp#27;[0m &amp#27;[37m<-- POST /session/fe0cd291-8f79-4212-8568-b4785b2dee12/element/00000000-0000-0032-ffff-ffff000002b4/click &amp#27;[39m&amp#27;[32m200&amp#27;[39m &amp#27;[90m38 ms - 14&amp#27;[39m
&amp#27;[38;5;0m[HTTP]&amp#27;[0m &amp#27;[90m&amp#27;[39m
&amp#27;[38;5;0m[HTTP]&amp#27;[0m &amp#27;[37m-->&amp#27;[39m &amp#27;[37mPOST&amp#27;[39m &amp#27;[37m/session/fe0cd291-8f79-4212-8568-b4785b2dee12/element&amp#27;[39m
&amp#27;[38;5;0m[HTTP]&amp#27;[0m &amp#27;[90m{"using":"xpath","value":"//android.widget.TextView[@index=18]"}&amp#27;[39m
[debug] &amp#27;[38;5;32m[AndroidUiautomator2Driver@b227 (fe0cd291)]&amp#27;[0m Calling AppiumDriver.findElement() with args: ["xpath","//android.widget.TextView[@index=18]","fe0cd291-8f79-4212-8568-b4785b2dee12"]
[debug] &amp#27;[38;5;32m[AndroidUiautomator2Driver@b227 (fe0cd291)]&amp#27;[0m Valid locator strategies for this request: xpath, id, class name, accessibility id, css selector, -android uiautomator
[debug] &amp#27;[38;5;32m[AndroidUiautomator2Driver@b227 (fe0cd291)]&amp#27;[0m Waiting up to 10000 ms for condition
[debug] &amp#27;[38;5;32m[AndroidUiautomator2Driver@b227 (fe0cd291)]&amp#27;[0m Matched '/element' to command name 'findElement'
[debug] &amp#27;[38;5;32m[AndroidUiautomator2Driver@b227 (fe0cd291)]&amp#27;[0m Proxying [POST /element] to [POST http://127.0.0.1:8200/session/85989a46-cbdd-4bd4-a501-a859808a0843/element] with body: {"strategy":"xpath","selector":"//android.widget.TextView[@index=18]","context":"","multiple":false}
[debug] &amp#27;[38;5;32m[AndroidUiautomator2Driver@b227 (fe0cd291)]&amp#27;[0m Got response with status 200: {"sessionId":"85989a46-cbdd-4bd4-a501-a859808a0843","value":{"ELEMENT":"00000000-0000-0032-ffff-ffff000002ac","element-6066-11e4-a52e-4f735466cecf":"00000000-0000-0032-ffff-ffff000002ac"}}
[debug] &amp#27;[38;5;32m[AndroidUiautomator2Driver@b227 (fe0cd291)]&amp#27;[0m Responding to client with driver.findElement() result: {"element-6066-11e4-a52e-4f735466cecf":"00000000-0000-0032-ffff-ffff000002ac","ELEMENT":"00000000-0000-0032-ffff-ffff000002ac"}
&amp#27;[38;5;0m[HTTP]&amp#27;[0m &amp#27;[37m<-- POST /session/fe0cd291-8f79-4212-8568-b4785b2dee12/element &amp#27;[39m&amp#27;[32m200&amp#27;[39m &amp#27;[90m46 ms - 137&amp#27;[39m
&amp#27;[38;5;0m[HTTP]&amp#27;[0m &amp#27;[90m&amp#27;[39m
&amp#27;[38;5;0m[HTTP]&amp#27;[0m &amp#27;[37m-->&amp#27;[39m &amp#27;[37mPOST&amp#27;[39m &amp#27;[37m/session/fe0cd291-8f79-4212-8568-b4785b2dee12/element/00000000-0000-0032-ffff-ffff000002ac/click&amp#27;[39m
&amp#27;[38;5;0m[HTTP]&amp#27;[0m &amp#27;[90m{"id":"00000000-0000-0032-ffff-ffff000002ac"}&amp#27;[39m
[debug] &amp#27;[38;5;32m[AndroidUiautomator2Driver@b227 (fe0cd291)]&amp#27;[0m Calling AppiumDriver.click() with args: ["00000000-0000-0032-ffff-ffff000002ac","fe0cd291-8f79-4212-8568-b4785b2dee12"]
[debug] &amp#27;[38;5;32m[AndroidUiautomator2Driver@b227 (fe0cd291)]&amp#27;[0m Matched '/element/00000000-0000-0032-ffff-ffff000002ac/click' to command name 'click'
[debug] &amp#27;[38;5;32m[AndroidUiautomator2Driver@b227 (fe0cd291)]&amp#27;[0m Proxying [POST /element/00000000-0000-0032-ffff-ffff000002ac/click] to [POST http://127.0.0.1:8200/session/85989a46-cbdd-4bd4-a501-a859808a0843/element/00000000-0000-0032-ffff-ffff000002ac/click] with body: {"element":"00000000-0000-0032-ffff-ffff000002ac"}
[debug] &amp#27;[38;5;32m[AndroidUiautomator2Driver@b227 (fe0cd291)]&amp#27;[0m Got response with status 200: {"sessionId":"85989a46-cbdd-4bd4-a501-a859808a0843","value":null}
[debug] &amp#27;[38;5;32m[AndroidUiautomator2Driver@b227 (fe0cd291)]&amp#27;[0m Responding to client with driver.click() result: null
&amp#27;[38;5;0m[HTTP]&amp#27;[0m &amp#27;[37m<-- POST /session/fe0cd291-8f79-4212-8568-b4785b2dee12/element/00000000-0000-0032-ffff-ffff000002ac/click &amp#27;[39m&amp#27;[32m200&amp#27;[39m &amp#27;[90m60 ms - 14&amp#27;[39m
&amp#27;[38;5;0m[HTTP]&amp#27;[0m &amp#27;[90m&amp#27;[39m
&amp#27;[38;5;0m[HTTP]&amp#27;[0m &amp#27;[37m-->&amp#27;[39m &amp#27;[37mPOST&amp#27;[39m &amp#27;[37m/session/fe0cd291-8f79-4212-8568-b4785b2dee12/element&amp#27;[39m
&amp#27;[38;5;0m[HTTP]&amp#27;[0m &amp#27;[90m{"using":"xpath","value":"//android.widget.TextView[@text='Register']"}&amp#27;[39m
[debug] &amp#27;[38;5;32m[AndroidUiautomator2Driver@b227 (fe0cd291)]&amp#27;[0m Calling AppiumDriver.findElement() with args: ["xpath","//android.widget.TextView[@text='Register']","fe0cd291-8f79-4212-8568-b4785b2dee12"]
[debug] &amp#27;[38;5;32m[AndroidUiautomator2Driver@b227 (fe0cd291)]&amp#27;[0m Valid locator strategies for this request: xpath, id, class name, accessibility id, css selector, -android uiautomator
[debug] &amp#27;[38;5;32m[AndroidUiautomator2Driver@b227 (fe0cd291)]&amp#27;[0m Waiting up to 10000 ms for condition
[debug] &amp#27;[38;5;32m[AndroidUiautomator2Driver@b227 (fe0cd291)]&amp#27;[0m Matched '/element' to command name 'findElement'
[debug] &amp#27;[38;5;32m[AndroidUiautomator2Driver@b227 (fe0cd291)]&amp#27;[0m Proxying [POST /element] to [POST http://127.0.0.1:8200/session/85989a46-cbdd-4bd4-a501-a859808a0843/element] with body: {"strategy":"xpath","selector":"//android.widget.TextView[@text='Register']","context":"","multiple":false}
[debug] &amp#27;[38;5;32m[AndroidUiautomator2Driver@b227 (fe0cd291)]&amp#27;[0m Got response with status 200: {"sessionId":"85989a46-cbdd-4bd4-a501-a859808a0843","value":{"ELEMENT":"00000000-0000-0032-ffff-ffff000002b4","element-6066-11e4-a52e-4f735466cecf":"00000000-0000-0032-ffff-ffff000002b4"}}
[debug] &amp#27;[38;5;32m[AndroidUiautomator2Driver@b227 (fe0cd291)]&amp#27;[0m Responding to client with driver.findElement() result: {"element-6066-11e4-a52e-4f735466cecf":"00000000-0000-0032-ffff-ffff000002b4","ELEMENT":"00000000-0000-0032-ffff-ffff000002b4"}
&amp#27;[38;5;0m[HTTP]&amp#27;[0m &amp#27;[37m<-- POST /session/fe0cd291-8f79-4212-8568-b4785b2dee12/element &amp#27;[39m&amp#27;[32m200&amp#27;[39m &amp#27;[90m66 ms - 137&amp#27;[39m
&amp#27;[38;5;0m[HTTP]&amp#27;[0m &amp#27;[90m&amp#27;[39m
&amp#27;[38;5;0m[HTTP]&amp#27;[0m &amp#27;[37m-->&amp#27;[39m &amp#27;[37mPOST&amp#27;[39m &amp#27;[37m/session/fe0cd291-8f79-4212-8568-b4785b2dee12/element/00000000-0000-0032-ffff-ffff000002b4/click&amp#27;[39m
&amp#27;[38;5;0m[HTTP]&amp#27;[0m &amp#27;[90m{"id":"00000000-0000-0032-ffff-ffff000002b4"}&amp#27;[39m
[debug] &amp#27;[38;5;32m[AndroidUiautomator2Driver@b227 (fe0cd291)]&amp#27;[0m Calling AppiumDriver.click() with args: ["00000000-0000-0032-ffff-ffff000002b4","fe0cd291-8f79-4212-8568-b4785b2dee12"]
[debug] &amp#27;[38;5;32m[AndroidUiautomator2Driver@b227 (fe0cd291)]&amp#27;[0m Matched '/element/00000000-0000-0032-ffff-ffff000002b4/click' to command name 'click'
[debug] &amp#27;[38;5;32m[AndroidUiautomator2Driver@b227 (fe0cd291)]&amp#27;[0m Proxying [POST /element/00000000-0000-0032-ffff-ffff000002b4/click] to [POST http://127.0.0.1:8200/session/85989a46-cbdd-4bd4-a501-a859808a0843/element/00000000-0000-0032-ffff-ffff000002b4/click] with body: {"element":"00000000-0000-0032-ffff-ffff000002b4"}
[debug] &amp#27;[38;5;32m[AndroidUiautomator2Driver@b227 (fe0cd291)]&amp#27;[0m Got response with status 200: {"sessionId":"85989a46-cbdd-4bd4-a501-a859808a0843","value":null}
[debug] &amp#27;[38;5;32m[AndroidUiautomator2Driver@b227 (fe0cd291)]&amp#27;[0m Responding to client with driver.click() result: null
&amp#27;[38;5;0m[HTTP]&amp#27;[0m &amp#27;[37m<-- POST /session/fe0cd291-8f79-4212-8568-b4785b2dee12/element/00000000-0000-0032-ffff-ffff000002b4/click &amp#27;[39m&amp#27;[32m200&amp#27;[39m &amp#27;[90m46 ms - 14&amp#27;[39m
&amp#27;[38;5;0m[HTTP]&amp#27;[0m &amp#27;[90m&amp#27;[39m
&amp#27;[38;5;0m[HTTP]&amp#27;[0m &amp#27;[37m-->&amp#27;[39m &amp#27;[37mPOST&amp#27;[39m &amp#27;[37m/session/fe0cd291-8f79-4212-8568-b4785b2dee12/element&amp#27;[39m
&amp#27;[38;5;0m[HTTP]&amp#27;[0m &amp#27;[90m{"using":"xpath","value":"//android.widget.TextView[@index=7]"}&amp#27;[39m
[debug] &amp#27;[38;5;32m[AndroidUiautomator2Driver@b227 (fe0cd291)]&amp#27;[0m Calling AppiumDriver.findElement() with args: ["xpath","//android.widget.TextView[@index=7]","fe0cd291-8f79-4212-8568-b4785b2dee12"]
[debug] &amp#27;[38;5;32m[AndroidUiautomator2Driver@b227 (fe0cd291)]&amp#27;[0m Valid locator strategies for this request: xpath, id, class name, accessibility id, css selector, -android uiautomator
[debug] &amp#27;[38;5;32m[AndroidUiautomator2Driver@b227 (fe0cd291)]&amp#27;[0m Waiting up to 10000 ms for condition
[debug] &amp#27;[38;5;32m[AndroidUiautomator2Driver@b227 (fe0cd291)]&amp#27;[0m Matched '/element' to command name 'findElement'
[debug] &amp#27;[38;5;32m[AndroidUiautomator2Driver@b227 (fe0cd291)]&amp#27;[0m Proxying [POST /element] to [POST http://127.0.0.1:8200/session/85989a46-cbdd-4bd4-a501-a859808a0843/element] with body: {"strategy":"xpath","selector":"//android.widget.TextView[@index=7]","context":"","multiple":false}
[debug] &amp#27;[38;5;32m[AndroidUiautomator2Driver@b227 (fe0cd291)]&amp#27;[0m Got response with status 200: {"sessionId":"85989a46-cbdd-4bd4-a501-a859808a0843","value":{"ELEMENT":"00000000-0000-0032-ffff-ffff000002a2","element-6066-11e4-a52e-4f735466cecf":"00000000-0000-0032-ffff-ffff000002a2"}}
[debug] &amp#27;[38;5;32m[AndroidUiautomator2Driver@b227 (fe0cd291)]&amp#27;[0m Responding to client with driver.findElement() result: {"element-6066-11e4-a52e-4f735466cecf":"00000000-0000-0032-ffff-ffff000002a2","ELEMENT":"00000000-0000-0032-ffff-ffff000002a2"}
&amp#27;[38;5;0m[HTTP]&amp#27;[0m &amp#27;[37m<-- POST /session/fe0cd291-8f79-4212-8568-b4785b2dee12/element &amp#27;[39m&amp#27;[32m200&amp#27;[39m &amp#27;[90m51 ms - 137&amp#27;[39m
&amp#27;[38;5;0m[HTTP]&amp#27;[0m &amp#27;[90m&amp#27;[39m
&amp#27;[38;5;0m[HTTP]&amp#27;[0m &amp#27;[37m-->&amp#27;[39m &amp#27;[37mPOST&amp#27;[39m &amp#27;[37m/session/fe0cd291-8f79-4212-8568-b4785b2dee12/element&amp#27;[39m
&amp#27;[38;5;0m[HTTP]&amp#27;[0m &amp#27;[90m{"using":"xpath","value":"//android.widget.TextView[@index=7]"}&amp#27;[39m
[debug] &amp#27;[38;5;32m[AndroidUiautomator2Driver@b227 (fe0cd291)]&amp#27;[0m Calling AppiumDriver.findElement() with args: ["xpath","//android.widget.TextView[@index=7]","fe0cd291-8f79-4212-8568-b4785b2dee12"]
[debug] &amp#27;[38;5;32m[AndroidUiautomator2Driver@b227 (fe0cd291)]&amp#27;[0m Valid locator strategies for this request: xpath, id, class name, accessibility id, css selector, -android uiautomator
[debug] &amp#27;[38;5;32m[AndroidUiautomator2Driver@b227 (fe0cd291)]&amp#27;[0m Waiting up to 10000 ms for condition
[debug] &amp#27;[38;5;32m[AndroidUiautomator2Driver@b227 (fe0cd291)]&amp#27;[0m Matched '/element' to command name 'findElement'
[debug] &amp#27;[38;5;32m[AndroidUiautomator2Driver@b227 (fe0cd291)]&amp#27;[0m Proxying [POST /element] to [POST http://127.0.0.1:8200/session/85989a46-cbdd-4bd4-a501-a859808a0843/element] with body: {"strategy":"xpath","selector":"//android.widget.TextView[@index=7]","context":"","multiple":false}
[debug] &amp#27;[38;5;32m[AndroidUiautomator2Driver@b227 (fe0cd291)]&amp#27;[0m Got response with status 200: {"sessionId":"85989a46-cbdd-4bd4-a501-a859808a0843","value":{"ELEMENT":"00000000-0000-0032-ffff-ffff000002a2","element-6066-11e4-a52e-4f735466cecf":"00000000-0000-0032-ffff-ffff000002a2"}}
[debug] &amp#27;[38;5;32m[AndroidUiautomator2Driver@b227 (fe0cd291)]&amp#27;[0m Responding to client with driver.findElement() result: {"element-6066-11e4-a52e-4f735466cecf":"00000000-0000-0032-ffff-ffff000002a2","ELEMENT":"00000000-0000-0032-ffff-ffff000002a2"}
&amp#27;[38;5;0m[HTTP]&amp#27;[0m &amp#27;[37m<-- POST /session/fe0cd291-8f79-4212-8568-b4785b2dee12/element &amp#27;[39m&amp#27;[32m200&amp#27;[39m &amp#27;[90m593 ms - 137&amp#27;[39m
&amp#27;[38;5;0m[HTTP]&amp#27;[0m &amp#27;[90m&amp#27;[39m
&amp#27;[38;5;0m[HTTP]&amp#27;[0m &amp#27;[37m-->&amp#27;[39m &amp#27;[37mGET&amp#27;[39m &amp#27;[37m/session/fe0cd291-8f79-4212-8568-b4785b2dee12/element/00000000-0000-0032-ffff-ffff000002a2/text&amp#27;[39m
&amp#27;[38;5;0m[HTTP]&amp#27;[0m &amp#27;[90m{}&amp#27;[39m
&amp#27;[38;5;32m[AndroidUiautomator2Driver@b227 (fe0cd291)]&amp#27;[0m Driver proxy active, passing request on via HTTP proxy
[debug] &amp#27;[38;5;32m[AndroidUiautomator2Driver@b227 (fe0cd291)]&amp#27;[0m Matched '/session/fe0cd291-8f79-4212-8568-b4785b2dee12/element/00000000-0000-0032-ffff-ffff000002a2/text' to command name 'getText'
[debug] &amp#27;[38;5;32m[AndroidUiautomator2Driver@b227 (fe0cd291)]&amp#27;[0m Proxying [GET /session/fe0cd291-8f79-4212-8568-b4785b2dee12/element/00000000-0000-0032-ffff-ffff000002a2/text] to [GET http://127.0.0.1:8200/session/85989a46-cbdd-4bd4-a501-a859808a0843/element/00000000-0000-0032-ffff-ffff000002a2/text] with no body
[debug] &amp#27;[38;5;32m[AndroidUiautomator2Driver@b227 (fe0cd291)]&amp#27;[0m Got response with status 200: {"sessionId":"85989a46-cbdd-4bd4-a501-a859808a0843","value":"This domain is not supported on Quickteller. Kindly use another email address"}
&amp#27;[38;5;32m[AndroidUiautomator2Driver@b227 (fe0cd291)]&amp#27;[0m Replacing sessionId 85989a46-cbdd-4bd4-a501-a859808a0843 with fe0cd291-8f79-4212-8568-b4785b2dee12
&amp#27;[38;5;0m[HTTP]&amp#27;[0m &amp#27;[37m<-- GET /session/fe0cd291-8f79-4212-8568-b4785b2dee12/element/00000000-0000-0032-ffff-ffff000002a2/text &amp#27;[39m&amp#27;[32m200&amp#27;[39m &amp#27;[90m9 ms - 140&amp#27;[39m
&amp#27;[38;5;0m[HTTP]&amp#27;[0m &amp#27;[90m&amp#27;[39m
]]></system-out>
  </testcase>
  <testcase name="Testcase_One[gmal.com](14)" classname="testcases.Android.DisposableDomain_QTM_2874" time="8.176">
    <system-out><![CDATA[&amp#27;[38;5;0m[HTTP]&amp#27;[0m &amp#27;[37m-->&amp#27;[39m &amp#27;[37mPOST&amp#27;[39m &amp#27;[37m/session/fe0cd291-8f79-4212-8568-b4785b2dee12/element&amp#27;[39m
&amp#27;[38;5;0m[HTTP]&amp#27;[0m &amp#27;[90m{"using":"xpath","value":"//android.widget.TextView[@index=0]"}&amp#27;[39m
[debug] &amp#27;[38;5;32m[AndroidUiautomator2Driver@b227 (fe0cd291)]&amp#27;[0m Calling AppiumDriver.findElement() with args: ["xpath","//android.widget.TextView[@index=0]","fe0cd291-8f79-4212-8568-b4785b2dee12"]
[debug] &amp#27;[38;5;32m[AndroidUiautomator2Driver@b227 (fe0cd291)]&amp#27;[0m Valid locator strategies for this request: xpath, id, class name, accessibility id, css selector, -android uiautomator
[debug] &amp#27;[38;5;32m[AndroidUiautomator2Driver@b227 (fe0cd291)]&amp#27;[0m Waiting up to 10000 ms for condition
[debug] &amp#27;[38;5;32m[AndroidUiautomator2Driver@b227 (fe0cd291)]&amp#27;[0m Matched '/element' to command name 'findElement'
[debug] &amp#27;[38;5;32m[AndroidUiautomator2Driver@b227 (fe0cd291)]&amp#27;[0m Proxying [POST /element] to [POST http://127.0.0.1:8200/session/85989a46-cbdd-4bd4-a501-a859808a0843/element] with body: {"strategy":"xpath","selector":"//android.widget.TextView[@index=0]","context":"","multiple":false}
[debug] &amp#27;[38;5;32m[AndroidUiautomator2Driver@b227 (fe0cd291)]&amp#27;[0m Got response with status 200: {"sessionId":"85989a46-cbdd-4bd4-a501-a859808a0843","value":{"ELEMENT":"00000000-0000-0032-ffff-ffff00000296","element-6066-11e4-a52e-4f735466cecf":"00000000-0000-0032-ffff-ffff00000296"}}
[debug] &amp#27;[38;5;32m[AndroidUiautomator2Driver@b227 (fe0cd291)]&amp#27;[0m Responding to client with driver.findElement() result: {"element-6066-11e4-a52e-4f735466cecf":"00000000-0000-0032-ffff-ffff00000296","ELEMENT":"00000000-0000-0032-ffff-ffff00000296"}
&amp#27;[38;5;0m[HTTP]&amp#27;[0m &amp#27;[37m<-- POST /session/fe0cd291-8f79-4212-8568-b4785b2dee12/element &amp#27;[39m&amp#27;[32m200&amp#27;[39m &amp#27;[90m43 ms - 137&amp#27;[39m
&amp#27;[38;5;0m[HTTP]&amp#27;[0m &amp#27;[90m&amp#27;[39m
&amp#27;[38;5;0m[HTTP]&amp#27;[0m &amp#27;[37m-->&amp#27;[39m &amp#27;[37mPOST&amp#27;[39m &amp#27;[37m/session/fe0cd291-8f79-4212-8568-b4785b2dee12/element/00000000-0000-0032-ffff-ffff00000296/click&amp#27;[39m
&amp#27;[38;5;0m[HTTP]&amp#27;[0m &amp#27;[90m{"id":"00000000-0000-0032-ffff-ffff00000296"}&amp#27;[39m
[debug] &amp#27;[38;5;32m[AndroidUiautomator2Driver@b227 (fe0cd291)]&amp#27;[0m Calling AppiumDriver.click() with args: ["00000000-0000-0032-ffff-ffff00000296","fe0cd291-8f79-4212-8568-b4785b2dee12"]
[debug] &amp#27;[38;5;32m[AndroidUiautomator2Driver@b227 (fe0cd291)]&amp#27;[0m Matched '/element/00000000-0000-0032-ffff-ffff00000296/click' to command name 'click'
[debug] &amp#27;[38;5;32m[AndroidUiautomator2Driver@b227 (fe0cd291)]&amp#27;[0m Proxying [POST /element/00000000-0000-0032-ffff-ffff00000296/click] to [POST http://127.0.0.1:8200/session/85989a46-cbdd-4bd4-a501-a859808a0843/element/00000000-0000-0032-ffff-ffff00000296/click] with body: {"element":"00000000-0000-0032-ffff-ffff00000296"}
[debug] &amp#27;[38;5;32m[AndroidUiautomator2Driver@b227 (fe0cd291)]&amp#27;[0m Got response with status 200: {"sessionId":"85989a46-cbdd-4bd4-a501-a859808a0843","value":null}
[debug] &amp#27;[38;5;32m[AndroidUiautomator2Driver@b227 (fe0cd291)]&amp#27;[0m Responding to client with driver.click() result: null
&amp#27;[38;5;0m[HTTP]&amp#27;[0m &amp#27;[37m<-- POST /session/fe0cd291-8f79-4212-8568-b4785b2dee12/element/00000000-0000-0032-ffff-ffff00000296/click &amp#27;[39m&amp#27;[32m200&amp#27;[39m &amp#27;[90m57 ms - 14&amp#27;[39m
&amp#27;[38;5;0m[HTTP]&amp#27;[0m &amp#27;[90m&amp#27;[39m
&amp#27;[38;5;0m[HTTP]&amp#27;[0m &amp#27;[37m-->&amp#27;[39m &amp#27;[37mPOST&amp#27;[39m &amp#27;[37m/session/fe0cd291-8f79-4212-8568-b4785b2dee12/timeouts&amp#27;[39m
&amp#27;[38;5;0m[HTTP]&amp#27;[0m &amp#27;[90m{"implicit":6000}&amp#27;[39m
[debug] &amp#27;[38;5;32m[AndroidUiautomator2Driver@b227 (fe0cd291)]&amp#27;[0m Calling AppiumDriver.timeouts() with args: [null,null,null,null,6000,"fe0cd291-8f79-4212-8568-b4785b2dee12"]
[debug] &amp#27;[38;5;32m[AndroidUiautomator2Driver@b227 (fe0cd291)]&amp#27;[0m W3C timeout argument: {"implicit":6000}}
[debug] &amp#27;[38;5;32m[AndroidUiautomator2Driver@b227 (fe0cd291)]&amp#27;[0m Set implicit wait to 6000ms
[debug] &amp#27;[38;5;32m[AndroidUiautomator2Driver@b227 (fe0cd291)]&amp#27;[0m Responding to client with driver.timeouts() result: null
&amp#27;[38;5;0m[HTTP]&amp#27;[0m &amp#27;[37m<-- POST /session/fe0cd291-8f79-4212-8568-b4785b2dee12/timeouts &amp#27;[39m&amp#27;[32m200&amp#27;[39m &amp#27;[90m1 ms - 14&amp#27;[39m
&amp#27;[38;5;0m[HTTP]&amp#27;[0m &amp#27;[90m&amp#27;[39m
&amp#27;[38;5;0m[HTTP]&amp#27;[0m &amp#27;[37m-->&amp#27;[39m &amp#27;[37mPOST&amp#27;[39m &amp#27;[37m/session/fe0cd291-8f79-4212-8568-b4785b2dee12/element&amp#27;[39m
&amp#27;[38;5;0m[HTTP]&amp#27;[0m &amp#27;[90m{"using":"xpath","value":"//android.widget.Button[@text='Allow']"}&amp#27;[39m
[debug] &amp#27;[38;5;32m[AndroidUiautomator2Driver@b227 (fe0cd291)]&amp#27;[0m Calling AppiumDriver.findElement() with args: ["xpath","//android.widget.Button[@text='Allow']","fe0cd291-8f79-4212-8568-b4785b2dee12"]
[debug] &amp#27;[38;5;32m[AndroidUiautomator2Driver@b227 (fe0cd291)]&amp#27;[0m Valid locator strategies for this request: xpath, id, class name, accessibility id, css selector, -android uiautomator
[debug] &amp#27;[38;5;32m[AndroidUiautomator2Driver@b227 (fe0cd291)]&amp#27;[0m Waiting up to 6000 ms for condition
[debug] &amp#27;[38;5;32m[AndroidUiautomator2Driver@b227 (fe0cd291)]&amp#27;[0m Matched '/element' to command name 'findElement'
[debug] &amp#27;[38;5;32m[AndroidUiautomator2Driver@b227 (fe0cd291)]&amp#27;[0m Proxying [POST /element] to [POST http://127.0.0.1:8200/session/85989a46-cbdd-4bd4-a501-a859808a0843/element] with body: {"strategy":"xpath","selector":"//android.widget.Button[@text='Allow']","context":"","multiple":false}
&amp#27;[38;5;32m[AndroidUiautomator2Driver@b227 (fe0cd291)]&amp#27;[0m Got response with status 404: {"sessionId":"85989a46-cbdd-4bd4-a501-a859808a0843","value":{"error":"no such element","message":"An element could not be located on the page using the given search parameters","stacktrace":"io.appium.uiautomator2.common.exceptions.ElementNotFoundException: An element could not be located on the page using the given search parameters\n\tat io.appium.uiautomator2.utils.ElementLocationHelpers.findElement(ElementLocationHelpers.java:156)\n\tat io.appium.uiautomator2.handler.FindElement.safeHandle(FindElement.java:60)\n\tat io.appium.uiautomator2.handler.request.SafeRequestHandler.handle(SafeRequestHandler.java:59)\n\tat io.appium.uiautomator2.server.AppiumServlet.handleRequest(AppiumServlet.java:277)\n\tat io.appium.uiautomator2.server.AppiumServlet.handleHttpRequest(AppiumServlet.java:271)\n\tat io.appium.uiautomator2.http.ServerHandler.channelRead(ServerHandler.java:68)\n\tat io.netty.channel.AbstractChannelHandlerContext.invokeChannelRead(AbstractChannelHandlerContext.java:366)\n\tat io.netty.channel.Abstr...
[debug] &amp#27;[38;5;128m[W3C]&amp#27;[0m Matched W3C error code 'no such element' to NoSuchElementError
[debug] &amp#27;[38;5;32m[AndroidUiautomator2Driver@b227 (fe0cd291)]&amp#27;[0m Waited for 70 ms so far
[debug] &amp#27;[38;5;32m[AndroidUiautomator2Driver@b227 (fe0cd291)]&amp#27;[0m Matched '/element' to command name 'findElement'
[debug] &amp#27;[38;5;32m[AndroidUiautomator2Driver@b227 (fe0cd291)]&amp#27;[0m Proxying [POST /element] to [POST http://127.0.0.1:8200/session/85989a46-cbdd-4bd4-a501-a859808a0843/element] with body: {"strategy":"xpath","selector":"//android.widget.Button[@text='Allow']","context":"","multiple":false}
&amp#27;[38;5;0m[HTTP]&amp#27;[0m &amp#27;[37m-->&amp#27;[39m &amp#27;[37mGET&amp#27;[39m &amp#27;[37m/session/d6c1cc38-6946-4747-89f8-56067f4364bb/timeouts&amp#27;[39m
&amp#27;[38;5;0m[HTTP]&amp#27;[0m &amp#27;[90m{}&amp#27;[39m
[debug] &amp#27;[38;5;16m[AppiumDriver@6ebe]&amp#27;[0m Encountered internal error running command: NoSuchDriverError: A session is either terminated or not started
[debug] &amp#27;[38;5;16m[AppiumDriver@6ebe]&amp#27;[0m     at asyncHandler (C:\Users\daniel.ogagavworia\AppData\Roaming\npm\node_modules\appium\node_modules\@appium\base-driver\lib\protocol\protocol.js:315:15)
[debug] &amp#27;[38;5;16m[AppiumDriver@6ebe]&amp#27;[0m     at C:\Users\daniel.ogagavworia\AppData\Roaming\npm\node_modules\appium\node_modules\@appium\base-driver\lib\protocol\protocol.js:518:15
[debug] &amp#27;[38;5;16m[AppiumDriver@6ebe]&amp#27;[0m     at Layer.handle [as handle_request] (C:\Users\daniel.ogagavworia\AppData\Roaming\npm\node_modules\appium\node_modules\express\lib\router\layer.js:95:5)
[debug] &amp#27;[38;5;16m[AppiumDriver@6ebe]&amp#27;[0m     at next (C:\Users\daniel.ogagavworia\AppData\Roaming\npm\node_modules\appium\node_modules\express\lib\router\route.js:144:13)
[debug] &amp#27;[38;5;16m[AppiumDriver@6ebe]&amp#27;[0m     at Route.dispatch (C:\Users\daniel.ogagavworia\AppData\Roaming\npm\node_modules\appium\node_modules\express\lib\router\route.js:114:3)
[debug] &amp#27;[38;5;16m[AppiumDriver@6ebe]&amp#27;[0m     at Layer.handle [as handle_request] (C:\Users\daniel.ogagavworia\AppData\Roaming\npm\node_modules\appium\node_modules\express\lib\router\layer.js:95:5)
[debug] &amp#27;[38;5;16m[AppiumDriver@6ebe]&amp#27;[0m     at C:\Users\daniel.ogagavworia\AppData\Roaming\npm\node_modules\appium\node_modules\express\lib\router\index.js:284:15
[debug] &amp#27;[38;5;16m[AppiumDriver@6ebe]&amp#27;[0m     at param (C:\Users\daniel.ogagavworia\AppData\Roaming\npm\node_modules\appium\node_modules\express\lib\router\index.js:365:14)
[debug] &amp#27;[38;5;16m[AppiumDriver@6ebe]&amp#27;[0m     at param (C:\Users\daniel.ogagavworia\AppData\Roaming\npm\node_modules\appium\node_modules\express\lib\router\index.js:376:14)
[debug] &amp#27;[38;5;16m[AppiumDriver@6ebe]&amp#27;[0m     at Function.process_params (C:\Users\daniel.ogagavworia\AppData\Roaming\npm\node_modules\appium\node_modules\express\lib\router\index.js:421:3)
[debug] &amp#27;[38;5;16m[AppiumDriver@6ebe]&amp#27;[0m     at next (C:\Users\daniel.ogagavworia\AppData\Roaming\npm\node_modules\appium\node_modules\express\lib\router\index.js:280:10)
[debug] &amp#27;[38;5;16m[AppiumDriver@6ebe]&amp#27;[0m     at logger (C:\Users\daniel.ogagavworia\AppData\Roaming\npm\node_modules\appium\node_modules\morgan\index.js:144:5)
[debug] &amp#27;[38;5;16m[AppiumDriver@6ebe]&amp#27;[0m     at Layer.handle [as handle_request] (C:\Users\daniel.ogagavworia\AppData\Roaming\npm\node_modules\appium\node_modules\express\lib\router\layer.js:95:5)
[debug] &amp#27;[38;5;16m[AppiumDriver@6ebe]&amp#27;[0m     at trim_prefix (C:\Users\daniel.ogagavworia\AppData\Roaming\npm\node_modules\appium\node_modules\express\lib\router\index.js:328:13)
[debug] &amp#27;[38;5;16m[AppiumDriver@6ebe]&amp#27;[0m     at C:\Users\daniel.ogagavworia\AppData\Roaming\npm\node_modules\appium\node_modules\express\lib\router\index.js:286:9
[debug] &amp#27;[38;5;16m[AppiumDriver@6ebe]&amp#27;[0m     at Function.process_params (C:\Users\daniel.ogagavworia\AppData\Roaming\npm\node_modules\appium\node_modules\express\lib\router\index.js:346:12)
[debug] &amp#27;[38;5;16m[AppiumDriver@6ebe]&amp#27;[0m     at next (C:\Users\daniel.ogagavworia\AppData\Roaming\npm\node_modules\appium\node_modules\express\lib\router\index.js:280:10)
[debug] &amp#27;[38;5;16m[AppiumDriver@6ebe]&amp#27;[0m     at jsonParser (C:\Users\daniel.ogagavworia\AppData\Roaming\npm\node_modules\appium\node_modules\body-parser\lib\types\json.js:113:7)
[debug] &amp#27;[38;5;16m[AppiumDriver@6ebe]&amp#27;[0m     at Layer.handle [as handle_request] (C:\Users\daniel.ogagavworia\AppData\Roaming\npm\node_modules\appium\node_modules\express\lib\router\layer.js:95:5)
[debug] &amp#27;[38;5;16m[AppiumDriver@6ebe]&amp#27;[0m     at trim_prefix (C:\Users\daniel.ogagavworia\AppData\Roaming\npm\node_modules\appium\node_modules\express\lib\router\index.js:328:13)
[debug] &amp#27;[38;5;16m[AppiumDriver@6ebe]&amp#27;[0m     at C:\Users\daniel.ogagavworia\AppData\Roaming\npm\node_modules\appium\node_modules\express\lib\router\index.js:286:9
[debug] &amp#27;[38;5;16m[AppiumDriver@6ebe]&amp#27;[0m     at Function.process_params (C:\Users\daniel.ogagavworia\AppData\Roaming\npm\node_modules\appium\node_modules\express\lib\router\index.js:346:12)
&amp#27;[38;5;0m[HTTP]&amp#27;[0m &amp#27;[37m<-- GET /session/d6c1cc38-6946-4747-89f8-56067f4364bb/timeouts &amp#27;[39m&amp#27;[33m404&amp#27;[39m &amp#27;[90m2 ms - 3517&amp#27;[39m
&amp#27;[38;5;0m[HTTP]&amp#27;[0m &amp#27;[90m&amp#27;[39m
&amp#27;[38;5;32m[AndroidUiautomator2Driver@b227 (fe0cd291)]&amp#27;[0m Got response with status 404: {"sessionId":"85989a46-cbdd-4bd4-a501-a859808a0843","value":{"error":"no such element","message":"An element could not be located on the page using the given search parameters","stacktrace":"io.appium.uiautomator2.common.exceptions.ElementNotFoundException: An element could not be located on the page using the given search parameters\n\tat io.appium.uiautomator2.utils.ElementLocationHelpers.findElement(ElementLocationHelpers.java:156)\n\tat io.appium.uiautomator2.handler.FindElement.safeHandle(FindElement.java:60)\n\tat io.appium.uiautomator2.handler.request.SafeRequestHandler.handle(SafeRequestHandler.java:59)\n\tat io.appium.uiautomator2.server.AppiumServlet.handleRequest(AppiumServlet.java:277)\n\tat io.appium.uiautomator2.server.AppiumServlet.handleHttpRequest(AppiumServlet.java:271)\n\tat io.appium.uiautomator2.http.ServerHandler.channelRead(ServerHandler.java:68)\n\tat io.netty.channel.AbstractChannelHandlerContext.invokeChannelRead(AbstractChannelHandlerContext.java:366)\n\tat io.netty.channel.Abstr...
[debug] &amp#27;[38;5;128m[W3C]&amp#27;[0m Matched W3C error code 'no such element' to NoSuchElementError
[debug] &amp#27;[38;5;32m[AndroidUiautomator2Driver@b227 (fe0cd291)]&amp#27;[0m Waited for 1073 ms so far
[debug] &amp#27;[38;5;32m[AndroidUiautomator2Driver@b227 (fe0cd291)]&amp#27;[0m Matched '/element' to command name 'findElement'
[debug] &amp#27;[38;5;32m[AndroidUiautomator2Driver@b227 (fe0cd291)]&amp#27;[0m Proxying [POST /element] to [POST http://127.0.0.1:8200/session/85989a46-cbdd-4bd4-a501-a859808a0843/element] with body: {"strategy":"xpath","selector":"//android.widget.Button[@text='Allow']","context":"","multiple":false}
&amp#27;[38;5;32m[AndroidUiautomator2Driver@b227 (fe0cd291)]&amp#27;[0m Got response with status 404: {"sessionId":"85989a46-cbdd-4bd4-a501-a859808a0843","value":{"error":"no such element","message":"An element could not be located on the page using the given search parameters","stacktrace":"io.appium.uiautomator2.common.exceptions.ElementNotFoundException: An element could not be located on the page using the given search parameters\n\tat io.appium.uiautomator2.utils.ElementLocationHelpers.findElement(ElementLocationHelpers.java:156)\n\tat io.appium.uiautomator2.handler.FindElement.safeHandle(FindElement.java:60)\n\tat io.appium.uiautomator2.handler.request.SafeRequestHandler.handle(SafeRequestHandler.java:59)\n\tat io.appium.uiautomator2.server.AppiumServlet.handleRequest(AppiumServlet.java:277)\n\tat io.appium.uiautomator2.server.AppiumServlet.handleHttpRequest(AppiumServlet.java:271)\n\tat io.appium.uiautomator2.http.ServerHandler.channelRead(ServerHandler.java:68)\n\tat io.netty.channel.AbstractChannelHandlerContext.invokeChannelRead(AbstractChannelHandlerContext.java:366)\n\tat io.netty.channel.Abstr...
[debug] &amp#27;[38;5;128m[W3C]&amp#27;[0m Matched W3C error code 'no such element' to NoSuchElementError
[debug] &amp#27;[38;5;32m[AndroidUiautomator2Driver@b227 (fe0cd291)]&amp#27;[0m Waited for 1601 ms so far
[debug] &amp#27;[38;5;32m[AndroidUiautomator2Driver@b227 (fe0cd291)]&amp#27;[0m Matched '/element' to command name 'findElement'
[debug] &amp#27;[38;5;32m[AndroidUiautomator2Driver@b227 (fe0cd291)]&amp#27;[0m Proxying [POST /element] to [POST http://127.0.0.1:8200/session/85989a46-cbdd-4bd4-a501-a859808a0843/element] with body: {"strategy":"xpath","selector":"//android.widget.Button[@text='Allow']","context":"","multiple":false}
&amp#27;[38;5;32m[AndroidUiautomator2Driver@b227 (fe0cd291)]&amp#27;[0m Got response with status 404: {"sessionId":"85989a46-cbdd-4bd4-a501-a859808a0843","value":{"error":"no such element","message":"An element could not be located on the page using the given search parameters","stacktrace":"io.appium.uiautomator2.common.exceptions.ElementNotFoundException: An element could not be located on the page using the given search parameters\n\tat io.appium.uiautomator2.utils.ElementLocationHelpers.findElement(ElementLocationHelpers.java:156)\n\tat io.appium.uiautomator2.handler.FindElement.safeHandle(FindElement.java:60)\n\tat io.appium.uiautomator2.handler.request.SafeRequestHandler.handle(SafeRequestHandler.java:59)\n\tat io.appium.uiautomator2.server.AppiumServlet.handleRequest(AppiumServlet.java:277)\n\tat io.appium.uiautomator2.server.AppiumServlet.handleHttpRequest(AppiumServlet.java:271)\n\tat io.appium.uiautomator2.http.ServerHandler.channelRead(ServerHandler.java:68)\n\tat io.netty.channel.AbstractChannelHandlerContext.invokeChannelRead(AbstractChannelHandlerContext.java:366)\n\tat io.netty.channel.Abstr...
[debug] &amp#27;[38;5;128m[W3C]&amp#27;[0m Matched W3C error code 'no such element' to NoSuchElementError
[debug] &amp#27;[38;5;32m[AndroidUiautomator2Driver@b227 (fe0cd291)]&amp#27;[0m Waited for 2127 ms so far
[debug] &amp#27;[38;5;32m[AndroidUiautomator2Driver@b227 (fe0cd291)]&amp#27;[0m Matched '/element' to command name 'findElement'
[debug] &amp#27;[38;5;32m[AndroidUiautomator2Driver@b227 (fe0cd291)]&amp#27;[0m Proxying [POST /element] to [POST http://127.0.0.1:8200/session/85989a46-cbdd-4bd4-a501-a859808a0843/element] with body: {"strategy":"xpath","selector":"//android.widget.Button[@text='Allow']","context":"","multiple":false}
&amp#27;[38;5;32m[AndroidUiautomator2Driver@b227 (fe0cd291)]&amp#27;[0m Got response with status 404: {"sessionId":"85989a46-cbdd-4bd4-a501-a859808a0843","value":{"error":"no such element","message":"An element could not be located on the page using the given search parameters","stacktrace":"io.appium.uiautomator2.common.exceptions.ElementNotFoundException: An element could not be located on the page using the given search parameters\n\tat io.appium.uiautomator2.utils.ElementLocationHelpers.findElement(ElementLocationHelpers.java:156)\n\tat io.appium.uiautomator2.handler.FindElement.safeHandle(FindElement.java:60)\n\tat io.appium.uiautomator2.handler.request.SafeRequestHandler.handle(SafeRequestHandler.java:59)\n\tat io.appium.uiautomator2.server.AppiumServlet.handleRequest(AppiumServlet.java:277)\n\tat io.appium.uiautomator2.server.AppiumServlet.handleHttpRequest(AppiumServlet.java:271)\n\tat io.appium.uiautomator2.http.ServerHandler.channelRead(ServerHandler.java:68)\n\tat io.netty.channel.AbstractChannelHandlerContext.invokeChannelRead(AbstractChannelHandlerContext.java:366)\n\tat io.netty.channel.Abstr...
[debug] &amp#27;[38;5;128m[W3C]&amp#27;[0m Matched W3C error code 'no such element' to NoSuchElementError
[debug] &amp#27;[38;5;32m[AndroidUiautomator2Driver@b227 (fe0cd291)]&amp#27;[0m Waited for 2648 ms so far
[debug] &amp#27;[38;5;32m[AndroidUiautomator2Driver@b227 (fe0cd291)]&amp#27;[0m Matched '/element' to command name 'findElement'
[debug] &amp#27;[38;5;32m[AndroidUiautomator2Driver@b227 (fe0cd291)]&amp#27;[0m Proxying [POST /element] to [POST http://127.0.0.1:8200/session/85989a46-cbdd-4bd4-a501-a859808a0843/element] with body: {"strategy":"xpath","selector":"//android.widget.Button[@text='Allow']","context":"","multiple":false}
&amp#27;[38;5;32m[AndroidUiautomator2Driver@b227 (fe0cd291)]&amp#27;[0m Got response with status 404: {"sessionId":"85989a46-cbdd-4bd4-a501-a859808a0843","value":{"error":"no such element","message":"An element could not be located on the page using the given search parameters","stacktrace":"io.appium.uiautomator2.common.exceptions.ElementNotFoundException: An element could not be located on the page using the given search parameters\n\tat io.appium.uiautomator2.utils.ElementLocationHelpers.findElement(ElementLocationHelpers.java:156)\n\tat io.appium.uiautomator2.handler.FindElement.safeHandle(FindElement.java:60)\n\tat io.appium.uiautomator2.handler.request.SafeRequestHandler.handle(SafeRequestHandler.java:59)\n\tat io.appium.uiautomator2.server.AppiumServlet.handleRequest(AppiumServlet.java:277)\n\tat io.appium.uiautomator2.server.AppiumServlet.handleHttpRequest(AppiumServlet.java:271)\n\tat io.appium.uiautomator2.http.ServerHandler.channelRead(ServerHandler.java:68)\n\tat io.netty.channel.AbstractChannelHandlerContext.invokeChannelRead(AbstractChannelHandlerContext.java:366)\n\tat io.netty.channel.Abstr...
[debug] &amp#27;[38;5;128m[W3C]&amp#27;[0m Matched W3C error code 'no such element' to NoSuchElementError
[debug] &amp#27;[38;5;32m[AndroidUiautomator2Driver@b227 (fe0cd291)]&amp#27;[0m Waited for 3175 ms so far
[debug] &amp#27;[38;5;32m[AndroidUiautomator2Driver@b227 (fe0cd291)]&amp#27;[0m Matched '/element' to command name 'findElement'
[debug] &amp#27;[38;5;32m[AndroidUiautomator2Driver@b227 (fe0cd291)]&amp#27;[0m Proxying [POST /element] to [POST http://127.0.0.1:8200/session/85989a46-cbdd-4bd4-a501-a859808a0843/element] with body: {"strategy":"xpath","selector":"//android.widget.Button[@text='Allow']","context":"","multiple":false}
&amp#27;[38;5;32m[AndroidUiautomator2Driver@b227 (fe0cd291)]&amp#27;[0m Got response with status 404: {"sessionId":"85989a46-cbdd-4bd4-a501-a859808a0843","value":{"error":"no such element","message":"An element could not be located on the page using the given search parameters","stacktrace":"io.appium.uiautomator2.common.exceptions.ElementNotFoundException: An element could not be located on the page using the given search parameters\n\tat io.appium.uiautomator2.utils.ElementLocationHelpers.findElement(ElementLocationHelpers.java:156)\n\tat io.appium.uiautomator2.handler.FindElement.safeHandle(FindElement.java:60)\n\tat io.appium.uiautomator2.handler.request.SafeRequestHandler.handle(SafeRequestHandler.java:59)\n\tat io.appium.uiautomator2.server.AppiumServlet.handleRequest(AppiumServlet.java:277)\n\tat io.appium.uiautomator2.server.AppiumServlet.handleHttpRequest(AppiumServlet.java:271)\n\tat io.appium.uiautomator2.http.ServerHandler.channelRead(ServerHandler.java:68)\n\tat io.netty.channel.AbstractChannelHandlerContext.invokeChannelRead(AbstractChannelHandlerContext.java:366)\n\tat io.netty.channel.Abstr...
[debug] &amp#27;[38;5;128m[W3C]&amp#27;[0m Matched W3C error code 'no such element' to NoSuchElementError
[debug] &amp#27;[38;5;32m[AndroidUiautomator2Driver@b227 (fe0cd291)]&amp#27;[0m Waited for 3704 ms so far
[debug] &amp#27;[38;5;32m[AndroidUiautomator2Driver@b227 (fe0cd291)]&amp#27;[0m Matched '/element' to command name 'findElement'
[debug] &amp#27;[38;5;32m[AndroidUiautomator2Driver@b227 (fe0cd291)]&amp#27;[0m Proxying [POST /element] to [POST http://127.0.0.1:8200/session/85989a46-cbdd-4bd4-a501-a859808a0843/element] with body: {"strategy":"xpath","selector":"//android.widget.Button[@text='Allow']","context":"","multiple":false}
&amp#27;[38;5;32m[AndroidUiautomator2Driver@b227 (fe0cd291)]&amp#27;[0m Got response with status 404: {"sessionId":"85989a46-cbdd-4bd4-a501-a859808a0843","value":{"error":"no such element","message":"An element could not be located on the page using the given search parameters","stacktrace":"io.appium.uiautomator2.common.exceptions.ElementNotFoundException: An element could not be located on the page using the given search parameters\n\tat io.appium.uiautomator2.utils.ElementLocationHelpers.findElement(ElementLocationHelpers.java:156)\n\tat io.appium.uiautomator2.handler.FindElement.safeHandle(FindElement.java:60)\n\tat io.appium.uiautomator2.handler.request.SafeRequestHandler.handle(SafeRequestHandler.java:59)\n\tat io.appium.uiautomator2.server.AppiumServlet.handleRequest(AppiumServlet.java:277)\n\tat io.appium.uiautomator2.server.AppiumServlet.handleHttpRequest(AppiumServlet.java:271)\n\tat io.appium.uiautomator2.http.ServerHandler.channelRead(ServerHandler.java:68)\n\tat io.netty.channel.AbstractChannelHandlerContext.invokeChannelRead(AbstractChannelHandlerContext.java:366)\n\tat io.netty.channel.Abstr...
[debug] &amp#27;[38;5;128m[W3C]&amp#27;[0m Matched W3C error code 'no such element' to NoSuchElementError
[debug] &amp#27;[38;5;32m[AndroidUiautomator2Driver@b227 (fe0cd291)]&amp#27;[0m Waited for 4236 ms so far
[debug] &amp#27;[38;5;32m[AndroidUiautomator2Driver@b227 (fe0cd291)]&amp#27;[0m Matched '/element' to command name 'findElement'
[debug] &amp#27;[38;5;32m[AndroidUiautomator2Driver@b227 (fe0cd291)]&amp#27;[0m Proxying [POST /element] to [POST http://127.0.0.1:8200/session/85989a46-cbdd-4bd4-a501-a859808a0843/element] with body: {"strategy":"xpath","selector":"//android.widget.Button[@text='Allow']","context":"","multiple":false}
&amp#27;[38;5;32m[AndroidUiautomator2Driver@b227 (fe0cd291)]&amp#27;[0m Got response with status 404: {"sessionId":"85989a46-cbdd-4bd4-a501-a859808a0843","value":{"error":"no such element","message":"An element could not be located on the page using the given search parameters","stacktrace":"io.appium.uiautomator2.common.exceptions.ElementNotFoundException: An element could not be located on the page using the given search parameters\n\tat io.appium.uiautomator2.utils.ElementLocationHelpers.findElement(ElementLocationHelpers.java:156)\n\tat io.appium.uiautomator2.handler.FindElement.safeHandle(FindElement.java:60)\n\tat io.appium.uiautomator2.handler.request.SafeRequestHandler.handle(SafeRequestHandler.java:59)\n\tat io.appium.uiautomator2.server.AppiumServlet.handleRequest(AppiumServlet.java:277)\n\tat io.appium.uiautomator2.server.AppiumServlet.handleHttpRequest(AppiumServlet.java:271)\n\tat io.appium.uiautomator2.http.ServerHandler.channelRead(ServerHandler.java:68)\n\tat io.netty.channel.AbstractChannelHandlerContext.invokeChannelRead(AbstractChannelHandlerContext.java:366)\n\tat io.netty.channel.Abstr...
[debug] &amp#27;[38;5;128m[W3C]&amp#27;[0m Matched W3C error code 'no such element' to NoSuchElementError
[debug] &amp#27;[38;5;32m[AndroidUiautomator2Driver@b227 (fe0cd291)]&amp#27;[0m Waited for 4767 ms so far
[debug] &amp#27;[38;5;32m[AndroidUiautomator2Driver@b227 (fe0cd291)]&amp#27;[0m Matched '/element' to command name 'findElement'
[debug] &amp#27;[38;5;32m[AndroidUiautomator2Driver@b227 (fe0cd291)]&amp#27;[0m Proxying [POST /element] to [POST http://127.0.0.1:8200/session/85989a46-cbdd-4bd4-a501-a859808a0843/element] with body: {"strategy":"xpath","selector":"//android.widget.Button[@text='Allow']","context":"","multiple":false}
&amp#27;[38;5;32m[AndroidUiautomator2Driver@b227 (fe0cd291)]&amp#27;[0m Got response with status 404: {"sessionId":"85989a46-cbdd-4bd4-a501-a859808a0843","value":{"error":"no such element","message":"An element could not be located on the page using the given search parameters","stacktrace":"io.appium.uiautomator2.common.exceptions.ElementNotFoundException: An element could not be located on the page using the given search parameters\n\tat io.appium.uiautomator2.utils.ElementLocationHelpers.findElement(ElementLocationHelpers.java:156)\n\tat io.appium.uiautomator2.handler.FindElement.safeHandle(FindElement.java:60)\n\tat io.appium.uiautomator2.handler.request.SafeRequestHandler.handle(SafeRequestHandler.java:59)\n\tat io.appium.uiautomator2.server.AppiumServlet.handleRequest(AppiumServlet.java:277)\n\tat io.appium.uiautomator2.server.AppiumServlet.handleHttpRequest(AppiumServlet.java:271)\n\tat io.appium.uiautomator2.http.ServerHandler.channelRead(ServerHandler.java:68)\n\tat io.netty.channel.AbstractChannelHandlerContext.invokeChannelRead(AbstractChannelHandlerContext.java:366)\n\tat io.netty.channel.Abstr...
[debug] &amp#27;[38;5;128m[W3C]&amp#27;[0m Matched W3C error code 'no such element' to NoSuchElementError
[debug] &amp#27;[38;5;32m[AndroidUiautomator2Driver@b227 (fe0cd291)]&amp#27;[0m Waited for 5290 ms so far
[debug] &amp#27;[38;5;32m[AndroidUiautomator2Driver@b227 (fe0cd291)]&amp#27;[0m Matched '/element' to command name 'findElement'
[debug] &amp#27;[38;5;32m[AndroidUiautomator2Driver@b227 (fe0cd291)]&amp#27;[0m Proxying [POST /element] to [POST http://127.0.0.1:8200/session/85989a46-cbdd-4bd4-a501-a859808a0843/element] with body: {"strategy":"xpath","selector":"//android.widget.Button[@text='Allow']","context":"","multiple":false}
&amp#27;[38;5;32m[AndroidUiautomator2Driver@b227 (fe0cd291)]&amp#27;[0m Got response with status 404: {"sessionId":"85989a46-cbdd-4bd4-a501-a859808a0843","value":{"error":"no such element","message":"An element could not be located on the page using the given search parameters","stacktrace":"io.appium.uiautomator2.common.exceptions.ElementNotFoundException: An element could not be located on the page using the given search parameters\n\tat io.appium.uiautomator2.utils.ElementLocationHelpers.findElement(ElementLocationHelpers.java:156)\n\tat io.appium.uiautomator2.handler.FindElement.safeHandle(FindElement.java:60)\n\tat io.appium.uiautomator2.handler.request.SafeRequestHandler.handle(SafeRequestHandler.java:59)\n\tat io.appium.uiautomator2.server.AppiumServlet.handleRequest(AppiumServlet.java:277)\n\tat io.appium.uiautomator2.server.AppiumServlet.handleHttpRequest(AppiumServlet.java:271)\n\tat io.appium.uiautomator2.http.ServerHandler.channelRead(ServerHandler.java:68)\n\tat io.netty.channel.AbstractChannelHandlerContext.invokeChannelRead(AbstractChannelHandlerContext.java:366)\n\tat io.netty.channel.Abstr...
[debug] &amp#27;[38;5;128m[W3C]&amp#27;[0m Matched W3C error code 'no such element' to NoSuchElementError
[debug] &amp#27;[38;5;32m[AndroidUiautomator2Driver@b227 (fe0cd291)]&amp#27;[0m Waited for 5813 ms so far
[debug] &amp#27;[38;5;32m[AndroidUiautomator2Driver@b227 (fe0cd291)]&amp#27;[0m Matched '/element' to command name 'findElement'
[debug] &amp#27;[38;5;32m[AndroidUiautomator2Driver@b227 (fe0cd291)]&amp#27;[0m Proxying [POST /element] to [POST http://127.0.0.1:8200/session/85989a46-cbdd-4bd4-a501-a859808a0843/element] with body: {"strategy":"xpath","selector":"//android.widget.Button[@text='Allow']","context":"","multiple":false}
&amp#27;[38;5;32m[AndroidUiautomator2Driver@b227 (fe0cd291)]&amp#27;[0m Got response with status 404: {"sessionId":"85989a46-cbdd-4bd4-a501-a859808a0843","value":{"error":"no such element","message":"An element could not be located on the page using the given search parameters","stacktrace":"io.appium.uiautomator2.common.exceptions.ElementNotFoundException: An element could not be located on the page using the given search parameters\n\tat io.appium.uiautomator2.utils.ElementLocationHelpers.findElement(ElementLocationHelpers.java:156)\n\tat io.appium.uiautomator2.handler.FindElement.safeHandle(FindElement.java:60)\n\tat io.appium.uiautomator2.handler.request.SafeRequestHandler.handle(SafeRequestHandler.java:59)\n\tat io.appium.uiautomator2.server.AppiumServlet.handleRequest(AppiumServlet.java:277)\n\tat io.appium.uiautomator2.server.AppiumServlet.handleHttpRequest(AppiumServlet.java:271)\n\tat io.appium.uiautomator2.http.ServerHandler.channelRead(ServerHandler.java:68)\n\tat io.netty.channel.AbstractChannelHandlerContext.invokeChannelRead(AbstractChannelHandlerContext.java:366)\n\tat io.netty.channel.Abstr...
[debug] &amp#27;[38;5;128m[W3C]&amp#27;[0m Matched W3C error code 'no such element' to NoSuchElementError
[debug] &amp#27;[38;5;32m[AndroidUiautomator2Driver@b227 (fe0cd291)]&amp#27;[0m Encountered internal error running command: NoSuchElementError: An element could not be located on the page using the given search parameters.
[debug] &amp#27;[38;5;32m[AndroidUiautomator2Driver@b227 (fe0cd291)]&amp#27;[0m     at AndroidUiautomator2Driver.findElOrEls (C:\Users\daniel.ogagavworia\.appium\node_modules\appium-uiautomator2-driver\node_modules\appium-android-driver\lib\commands\find.js:75:11)
[debug] &amp#27;[38;5;32m[AndroidUiautomator2Driver@b227 (fe0cd291)]&amp#27;[0m     at processTicksAndRejections (node:internal/process/task_queues:95:5)
[debug] &amp#27;[38;5;32m[AndroidUiautomator2Driver@b227 (fe0cd291)]&amp#27;[0m     at AndroidUiautomator2Driver.findElOrElsWithProcessing (C:\Users\daniel.ogagavworia\AppData\Roaming\npm\node_modules\appium\node_modules\@appium\base-driver\lib\basedriver\commands\find.ts:60:12)
[debug] &amp#27;[38;5;32m[AndroidUiautomator2Driver@b227 (fe0cd291)]&amp#27;[0m     at AndroidUiautomator2Driver.findElement (C:\Users\daniel.ogagavworia\AppData\Roaming\npm\node_modules\appium\node_modules\@appium\base-driver\lib\basedriver\commands\find.ts:75:12)
&amp#27;[38;5;0m[HTTP]&amp#27;[0m &amp#27;[37m<-- POST /session/fe0cd291-8f79-4212-8568-b4785b2dee12/element &amp#27;[39m&amp#27;[33m404&amp#27;[39m &amp#27;[90m6037 ms - 929&amp#27;[39m
&amp#27;[38;5;0m[HTTP]&amp#27;[0m &amp#27;[90m&amp#27;[39m
&amp#27;[38;5;0m[HTTP]&amp#27;[0m &amp#27;[37m-->&amp#27;[39m &amp#27;[37mPOST&amp#27;[39m &amp#27;[37m/session/fe0cd291-8f79-4212-8568-b4785b2dee12/element&amp#27;[39m
&amp#27;[38;5;0m[HTTP]&amp#27;[0m &amp#27;[90m{"using":"xpath","value":"//android.widget.TextView[@text='REGISTER']"}&amp#27;[39m
[debug] &amp#27;[38;5;32m[AndroidUiautomator2Driver@b227 (fe0cd291)]&amp#27;[0m Calling AppiumDriver.findElement() with args: ["xpath","//android.widget.TextView[@text='REGISTER']","fe0cd291-8f79-4212-8568-b4785b2dee12"]
[debug] &amp#27;[38;5;32m[AndroidUiautomator2Driver@b227 (fe0cd291)]&amp#27;[0m Valid locator strategies for this request: xpath, id, class name, accessibility id, css selector, -android uiautomator
[debug] &amp#27;[38;5;32m[AndroidUiautomator2Driver@b227 (fe0cd291)]&amp#27;[0m Waiting up to 6000 ms for condition
[debug] &amp#27;[38;5;32m[AndroidUiautomator2Driver@b227 (fe0cd291)]&amp#27;[0m Matched '/element' to command name 'findElement'
[debug] &amp#27;[38;5;32m[AndroidUiautomator2Driver@b227 (fe0cd291)]&amp#27;[0m Proxying [POST /element] to [POST http://127.0.0.1:8200/session/85989a46-cbdd-4bd4-a501-a859808a0843/element] with body: {"strategy":"xpath","selector":"//android.widget.TextView[@text='REGISTER']","context":"","multiple":false}
[debug] &amp#27;[38;5;32m[AndroidUiautomator2Driver@b227 (fe0cd291)]&amp#27;[0m Got response with status 200: {"sessionId":"85989a46-cbdd-4bd4-a501-a859808a0843","value":{"ELEMENT":"00000000-0000-0032-ffff-ffff0000002e","element-6066-11e4-a52e-4f735466cecf":"00000000-0000-0032-ffff-ffff0000002e"}}
[debug] &amp#27;[38;5;32m[AndroidUiautomator2Driver@b227 (fe0cd291)]&amp#27;[0m Responding to client with driver.findElement() result: {"element-6066-11e4-a52e-4f735466cecf":"00000000-0000-0032-ffff-ffff0000002e","ELEMENT":"00000000-0000-0032-ffff-ffff0000002e"}
&amp#27;[38;5;0m[HTTP]&amp#27;[0m &amp#27;[37m<-- POST /session/fe0cd291-8f79-4212-8568-b4785b2dee12/element &amp#27;[39m&amp#27;[32m200&amp#27;[39m &amp#27;[90m15 ms - 137&amp#27;[39m
&amp#27;[38;5;0m[HTTP]&amp#27;[0m &amp#27;[90m&amp#27;[39m
&amp#27;[38;5;0m[HTTP]&amp#27;[0m &amp#27;[37m-->&amp#27;[39m &amp#27;[37mPOST&amp#27;[39m &amp#27;[37m/session/fe0cd291-8f79-4212-8568-b4785b2dee12/element/00000000-0000-0032-ffff-ffff0000002e/click&amp#27;[39m
&amp#27;[38;5;0m[HTTP]&amp#27;[0m &amp#27;[90m{"id":"00000000-0000-0032-ffff-ffff0000002e"}&amp#27;[39m
[debug] &amp#27;[38;5;32m[AndroidUiautomator2Driver@b227 (fe0cd291)]&amp#27;[0m Calling AppiumDriver.click() with args: ["00000000-0000-0032-ffff-ffff0000002e","fe0cd291-8f79-4212-8568-b4785b2dee12"]
[debug] &amp#27;[38;5;32m[AndroidUiautomator2Driver@b227 (fe0cd291)]&amp#27;[0m Matched '/element/00000000-0000-0032-ffff-ffff0000002e/click' to command name 'click'
[debug] &amp#27;[38;5;32m[AndroidUiautomator2Driver@b227 (fe0cd291)]&amp#27;[0m Proxying [POST /element/00000000-0000-0032-ffff-ffff0000002e/click] to [POST http://127.0.0.1:8200/session/85989a46-cbdd-4bd4-a501-a859808a0843/element/00000000-0000-0032-ffff-ffff0000002e/click] with body: {"element":"00000000-0000-0032-ffff-ffff0000002e"}
[debug] &amp#27;[38;5;32m[AndroidUiautomator2Driver@b227 (fe0cd291)]&amp#27;[0m Got response with status 200: {"sessionId":"85989a46-cbdd-4bd4-a501-a859808a0843","value":null}
[debug] &amp#27;[38;5;32m[AndroidUiautomator2Driver@b227 (fe0cd291)]&amp#27;[0m Responding to client with driver.click() result: null
&amp#27;[38;5;0m[HTTP]&amp#27;[0m &amp#27;[37m<-- POST /session/fe0cd291-8f79-4212-8568-b4785b2dee12/element/00000000-0000-0032-ffff-ffff0000002e/click &amp#27;[39m&amp#27;[32m200&amp#27;[39m &amp#27;[90m57 ms - 14&amp#27;[39m
&amp#27;[38;5;0m[HTTP]&amp#27;[0m &amp#27;[90m&amp#27;[39m
&amp#27;[38;5;0m[HTTP]&amp#27;[0m &amp#27;[37m-->&amp#27;[39m &amp#27;[37mPOST&amp#27;[39m &amp#27;[37m/session/fe0cd291-8f79-4212-8568-b4785b2dee12/timeouts&amp#27;[39m
&amp#27;[38;5;0m[HTTP]&amp#27;[0m &amp#27;[90m{"implicit":10000}&amp#27;[39m
[debug] &amp#27;[38;5;32m[AndroidUiautomator2Driver@b227 (fe0cd291)]&amp#27;[0m Calling AppiumDriver.timeouts() with args: [null,null,null,null,10000,"fe0cd291-8f79-4212-8568-b4785b2dee12"]
[debug] &amp#27;[38;5;32m[AndroidUiautomator2Driver@b227 (fe0cd291)]&amp#27;[0m W3C timeout argument: {"implicit":10000}}
[debug] &amp#27;[38;5;32m[AndroidUiautomator2Driver@b227 (fe0cd291)]&amp#27;[0m Set implicit wait to 10000ms
[debug] &amp#27;[38;5;32m[AndroidUiautomator2Driver@b227 (fe0cd291)]&amp#27;[0m Responding to client with driver.timeouts() result: null
&amp#27;[38;5;0m[HTTP]&amp#27;[0m &amp#27;[37m<-- POST /session/fe0cd291-8f79-4212-8568-b4785b2dee12/timeouts &amp#27;[39m&amp#27;[32m200&amp#27;[39m &amp#27;[90m1 ms - 14&amp#27;[39m
&amp#27;[38;5;0m[HTTP]&amp#27;[0m &amp#27;[90m&amp#27;[39m
&amp#27;[38;5;0m[HTTP]&amp#27;[0m &amp#27;[37m-->&amp#27;[39m &amp#27;[37mPOST&amp#27;[39m &amp#27;[37m/session/fe0cd291-8f79-4212-8568-b4785b2dee12/element&amp#27;[39m
&amp#27;[38;5;0m[HTTP]&amp#27;[0m &amp#27;[90m{"using":"xpath","value":"//android.widget.EditText[@index=3]"}&amp#27;[39m
[debug] &amp#27;[38;5;32m[AndroidUiautomator2Driver@b227 (fe0cd291)]&amp#27;[0m Calling AppiumDriver.findElement() with args: ["xpath","//android.widget.EditText[@index=3]","fe0cd291-8f79-4212-8568-b4785b2dee12"]
[debug] &amp#27;[38;5;32m[AndroidUiautomator2Driver@b227 (fe0cd291)]&amp#27;[0m Valid locator strategies for this request: xpath, id, class name, accessibility id, css selector, -android uiautomator
[debug] &amp#27;[38;5;32m[AndroidUiautomator2Driver@b227 (fe0cd291)]&amp#27;[0m Waiting up to 10000 ms for condition
[debug] &amp#27;[38;5;32m[AndroidUiautomator2Driver@b227 (fe0cd291)]&amp#27;[0m Matched '/element' to command name 'findElement'
[debug] &amp#27;[38;5;32m[AndroidUiautomator2Driver@b227 (fe0cd291)]&amp#27;[0m Proxying [POST /element] to [POST http://127.0.0.1:8200/session/85989a46-cbdd-4bd4-a501-a859808a0843/element] with body: {"strategy":"xpath","selector":"//android.widget.EditText[@index=3]","context":"","multiple":false}
&amp#27;[38;5;32m[AndroidUiautomator2Driver@b227 (fe0cd291)]&amp#27;[0m Got response with status 404: {"sessionId":"85989a46-cbdd-4bd4-a501-a859808a0843","value":{"error":"no such element","message":"An element could not be located on the page using the given search parameters","stacktrace":"io.appium.uiautomator2.common.exceptions.ElementNotFoundException: An element could not be located on the page using the given search parameters\n\tat io.appium.uiautomator2.utils.ElementLocationHelpers.findElement(ElementLocationHelpers.java:156)\n\tat io.appium.uiautomator2.handler.FindElement.safeHandle(FindElement.java:60)\n\tat io.appium.uiautomator2.handler.request.SafeRequestHandler.handle(SafeRequestHandler.java:59)\n\tat io.appium.uiautomator2.server.AppiumServlet.handleRequest(AppiumServlet.java:277)\n\tat io.appium.uiautomator2.server.AppiumServlet.handleHttpRequest(AppiumServlet.java:271)\n\tat io.appium.uiautomator2.http.ServerHandler.channelRead(ServerHandler.java:68)\n\tat io.netty.channel.AbstractChannelHandlerContext.invokeChannelRead(AbstractChannelHandlerContext.java:366)\n\tat io.netty.channel.Abstr...
[debug] &amp#27;[38;5;128m[W3C]&amp#27;[0m Matched W3C error code 'no such element' to NoSuchElementError
[debug] &amp#27;[38;5;32m[AndroidUiautomator2Driver@b227 (fe0cd291)]&amp#27;[0m Waited for 27 ms so far
[debug] &amp#27;[38;5;32m[AndroidUiautomator2Driver@b227 (fe0cd291)]&amp#27;[0m Matched '/element' to command name 'findElement'
[debug] &amp#27;[38;5;32m[AndroidUiautomator2Driver@b227 (fe0cd291)]&amp#27;[0m Proxying [POST /element] to [POST http://127.0.0.1:8200/session/85989a46-cbdd-4bd4-a501-a859808a0843/element] with body: {"strategy":"xpath","selector":"//android.widget.EditText[@index=3]","context":"","multiple":false}
[debug] &amp#27;[38;5;32m[AndroidUiautomator2Driver@b227 (fe0cd291)]&amp#27;[0m Got response with status 200: {"sessionId":"85989a46-cbdd-4bd4-a501-a859808a0843","value":{"ELEMENT":"00000000-0000-0032-ffff-ffff000002d0","element-6066-11e4-a52e-4f735466cecf":"00000000-0000-0032-ffff-ffff000002d0"}}
[debug] &amp#27;[38;5;32m[AndroidUiautomator2Driver@b227 (fe0cd291)]&amp#27;[0m Responding to client with driver.findElement() result: {"element-6066-11e4-a52e-4f735466cecf":"00000000-0000-0032-ffff-ffff000002d0","ELEMENT":"00000000-0000-0032-ffff-ffff000002d0"}
&amp#27;[38;5;0m[HTTP]&amp#27;[0m &amp#27;[37m<-- POST /session/fe0cd291-8f79-4212-8568-b4785b2dee12/element &amp#27;[39m&amp#27;[32m200&amp#27;[39m &amp#27;[90m1047 ms - 137&amp#27;[39m
&amp#27;[38;5;0m[HTTP]&amp#27;[0m &amp#27;[90m&amp#27;[39m
&amp#27;[38;5;0m[HTTP]&amp#27;[0m &amp#27;[37m-->&amp#27;[39m &amp#27;[37mPOST&amp#27;[39m &amp#27;[37m/session/fe0cd291-8f79-4212-8568-b4785b2dee12/element/00000000-0000-0032-ffff-ffff000002d0/value&amp#27;[39m
&amp#27;[38;5;0m[HTTP]&amp#27;[0m &amp#27;[90m{"id":"00000000-0000-0032-ffff-ffff000002d0","text":"Daniel Ogaga","value":["D","a","n","i","e","l"," ","O","g","a","g","a"]}&amp#27;[39m
[debug] &amp#27;[38;5;32m[AndroidUiautomator2Driver@b227 (fe0cd291)]&amp#27;[0m Calling AppiumDriver.setValue() with args: [["D","a","n","i","e","l"," ","O","g","a","g","a"],"00000000-0000-0032-ffff-ffff000002d0","fe0cd291-8f79-4212-8568-b4785b2dee12"]
[debug] &amp#27;[38;5;32m[AndroidUiautomator2Driver@b227 (fe0cd291)]&amp#27;[0m Matched '/element/00000000-0000-0032-ffff-ffff000002d0/value' to command name 'setValue'
[debug] &amp#27;[38;5;32m[AndroidUiautomator2Driver@b227 (fe0cd291)]&amp#27;[0m Added 'value' property ["D","a","n","i","e","l"," ","O","g","a","g","a"] to 'setValue' request body
[debug] &amp#27;[38;5;32m[AndroidUiautomator2Driver@b227 (fe0cd291)]&amp#27;[0m Proxying [POST /element/00000000-0000-0032-ffff-ffff000002d0/value] to [POST http://127.0.0.1:8200/session/85989a46-cbdd-4bd4-a501-a859808a0843/element/00000000-0000-0032-ffff-ffff000002d0/value] with body: {"elementId":"00000000-0000-0032-ffff-ffff000002d0","text":"Daniel Ogaga","replace":false,"value":["D","a","n","i","e","l"," ","O","g","a","g","a"]}
[debug] &amp#27;[38;5;32m[AndroidUiautomator2Driver@b227 (fe0cd291)]&amp#27;[0m Got response with status 200: {"sessionId":"85989a46-cbdd-4bd4-a501-a859808a0843","value":null}
[debug] &amp#27;[38;5;32m[AndroidUiautomator2Driver@b227 (fe0cd291)]&amp#27;[0m Responding to client with driver.setValue() result: null
&amp#27;[38;5;0m[HTTP]&amp#27;[0m &amp#27;[37m<-- POST /session/fe0cd291-8f79-4212-8568-b4785b2dee12/element/00000000-0000-0032-ffff-ffff000002d0/value &amp#27;[39m&amp#27;[32m200&amp#27;[39m &amp#27;[90m14 ms - 14&amp#27;[39m
&amp#27;[38;5;0m[HTTP]&amp#27;[0m &amp#27;[90m&amp#27;[39m
&amp#27;[38;5;0m[HTTP]&amp#27;[0m &amp#27;[37m-->&amp#27;[39m &amp#27;[37mPOST&amp#27;[39m &amp#27;[37m/session/fe0cd291-8f79-4212-8568-b4785b2dee12/element&amp#27;[39m
&amp#27;[38;5;0m[HTTP]&amp#27;[0m &amp#27;[90m{"using":"xpath","value":"//android.widget.EditText[@index=6]"}&amp#27;[39m
[debug] &amp#27;[38;5;32m[AndroidUiautomator2Driver@b227 (fe0cd291)]&amp#27;[0m Calling AppiumDriver.findElement() with args: ["xpath","//android.widget.EditText[@index=6]","fe0cd291-8f79-4212-8568-b4785b2dee12"]
[debug] &amp#27;[38;5;32m[AndroidUiautomator2Driver@b227 (fe0cd291)]&amp#27;[0m Valid locator strategies for this request: xpath, id, class name, accessibility id, css selector, -android uiautomator
[debug] &amp#27;[38;5;32m[AndroidUiautomator2Driver@b227 (fe0cd291)]&amp#27;[0m Waiting up to 10000 ms for condition
[debug] &amp#27;[38;5;32m[AndroidUiautomator2Driver@b227 (fe0cd291)]&amp#27;[0m Matched '/element' to command name 'findElement'
[debug] &amp#27;[38;5;32m[AndroidUiautomator2Driver@b227 (fe0cd291)]&amp#27;[0m Proxying [POST /element] to [POST http://127.0.0.1:8200/session/85989a46-cbdd-4bd4-a501-a859808a0843/element] with body: {"strategy":"xpath","selector":"//android.widget.EditText[@index=6]","context":"","multiple":false}
[debug] &amp#27;[38;5;32m[AndroidUiautomator2Driver@b227 (fe0cd291)]&amp#27;[0m Got response with status 200: {"sessionId":"85989a46-cbdd-4bd4-a501-a859808a0843","value":{"ELEMENT":"00000000-0000-0032-ffff-ffff000002d3","element-6066-11e4-a52e-4f735466cecf":"00000000-0000-0032-ffff-ffff000002d3"}}
[debug] &amp#27;[38;5;32m[AndroidUiautomator2Driver@b227 (fe0cd291)]&amp#27;[0m Responding to client with driver.findElement() result: {"element-6066-11e4-a52e-4f735466cecf":"00000000-0000-0032-ffff-ffff000002d3","ELEMENT":"00000000-0000-0032-ffff-ffff000002d3"}
&amp#27;[38;5;0m[HTTP]&amp#27;[0m &amp#27;[37m<-- POST /session/fe0cd291-8f79-4212-8568-b4785b2dee12/element &amp#27;[39m&amp#27;[32m200&amp#27;[39m &amp#27;[90m530 ms - 137&amp#27;[39m
&amp#27;[38;5;0m[HTTP]&amp#27;[0m &amp#27;[90m&amp#27;[39m
&amp#27;[38;5;0m[HTTP]&amp#27;[0m &amp#27;[37m-->&amp#27;[39m &amp#27;[37mPOST&amp#27;[39m &amp#27;[37m/session/fe0cd291-8f79-4212-8568-b4785b2dee12/element/00000000-0000-0032-ffff-ffff000002d3/value&amp#27;[39m
&amp#27;[38;5;0m[HTTP]&amp#27;[0m &amp#27;[90m{"id":"00000000-0000-0032-ffff-ffff000002d3","text":"vada.deckow@gmal.com","value":["v","a","d","a",".","d","e","c","k","o","w","@","g","m","a","l",".","c","o","m"]}&amp#27;[39m
[debug] &amp#27;[38;5;32m[AndroidUiautomator2Driver@b227 (fe0cd291)]&amp#27;[0m Calling AppiumDriver.setValue() with args: [["v","a","d","a",".","d","e","c","k","o","w","@","g","m","a","l",".","c","o","m"],"00000000-0000-0032-ffff-ffff000002d3","fe0cd291-8f79-4212-8568-b4785b2dee12"]
[debug] &amp#27;[38;5;32m[AndroidUiautomator2Driver@b227 (fe0cd291)]&amp#27;[0m Matched '/element/00000000-0000-0032-ffff-ffff000002d3/value' to command name 'setValue'
[debug] &amp#27;[38;5;32m[AndroidUiautomator2Driver@b227 (fe0cd291)]&amp#27;[0m Added 'value' property ["v","a","d","a",".","d","e","c","k","o","w","@","g","m","a","l",".","c","o","m"] to 'setValue' request body
[debug] &amp#27;[38;5;32m[AndroidUiautomator2Driver@b227 (fe0cd291)]&amp#27;[0m Proxying [POST /element/00000000-0000-0032-ffff-ffff000002d3/value] to [POST http://127.0.0.1:8200/session/85989a46-cbdd-4bd4-a501-a859808a0843/element/00000000-0000-0032-ffff-ffff000002d3/value] with body: {"elementId":"00000000-0000-0032-ffff-ffff000002d3","text":"vada.deckow@gmal.com","replace":false,"value":["v","a","d","a",".","d","e","c","k","o","w","@","g","m","a","l",".","c","o","m"]}
[debug] &amp#27;[38;5;32m[AndroidUiautomator2Driver@b227 (fe0cd291)]&amp#27;[0m Got response with status 200: {"sessionId":"85989a46-cbdd-4bd4-a501-a859808a0843","value":null}
[debug] &amp#27;[38;5;32m[AndroidUiautomator2Driver@b227 (fe0cd291)]&amp#27;[0m Responding to client with driver.setValue() result: null
&amp#27;[38;5;0m[HTTP]&amp#27;[0m &amp#27;[37m<-- POST /session/fe0cd291-8f79-4212-8568-b4785b2dee12/element/00000000-0000-0032-ffff-ffff000002d3/value &amp#27;[39m&amp#27;[32m200&amp#27;[39m &amp#27;[90m12 ms - 14&amp#27;[39m
&amp#27;[38;5;0m[HTTP]&amp#27;[0m &amp#27;[90m&amp#27;[39m
&amp#27;[38;5;0m[HTTP]&amp#27;[0m &amp#27;[37m-->&amp#27;[39m &amp#27;[37mPOST&amp#27;[39m &amp#27;[37m/session/fe0cd291-8f79-4212-8568-b4785b2dee12/element&amp#27;[39m
&amp#27;[38;5;0m[HTTP]&amp#27;[0m &amp#27;[90m{"using":"xpath","value":"//android.widget.EditText[@index=9]"}&amp#27;[39m
[debug] &amp#27;[38;5;32m[AndroidUiautomator2Driver@b227 (fe0cd291)]&amp#27;[0m Calling AppiumDriver.findElement() with args: ["xpath","//android.widget.EditText[@index=9]","fe0cd291-8f79-4212-8568-b4785b2dee12"]
[debug] &amp#27;[38;5;32m[AndroidUiautomator2Driver@b227 (fe0cd291)]&amp#27;[0m Valid locator strategies for this request: xpath, id, class name, accessibility id, css selector, -android uiautomator
[debug] &amp#27;[38;5;32m[AndroidUiautomator2Driver@b227 (fe0cd291)]&amp#27;[0m Waiting up to 10000 ms for condition
[debug] &amp#27;[38;5;32m[AndroidUiautomator2Driver@b227 (fe0cd291)]&amp#27;[0m Matched '/element' to command name 'findElement'
[debug] &amp#27;[38;5;32m[AndroidUiautomator2Driver@b227 (fe0cd291)]&amp#27;[0m Proxying [POST /element] to [POST http://127.0.0.1:8200/session/85989a46-cbdd-4bd4-a501-a859808a0843/element] with body: {"strategy":"xpath","selector":"//android.widget.EditText[@index=9]","context":"","multiple":false}
[debug] &amp#27;[38;5;32m[AndroidUiautomator2Driver@b227 (fe0cd291)]&amp#27;[0m Got response with status 200: {"sessionId":"85989a46-cbdd-4bd4-a501-a859808a0843","value":{"ELEMENT":"00000000-0000-0032-ffff-ffff000002d6","element-6066-11e4-a52e-4f735466cecf":"00000000-0000-0032-ffff-ffff000002d6"}}
[debug] &amp#27;[38;5;32m[AndroidUiautomator2Driver@b227 (fe0cd291)]&amp#27;[0m Responding to client with driver.findElement() result: {"element-6066-11e4-a52e-4f735466cecf":"00000000-0000-0032-ffff-ffff000002d6","ELEMENT":"00000000-0000-0032-ffff-ffff000002d6"}
&amp#27;[38;5;0m[HTTP]&amp#27;[0m &amp#27;[37m<-- POST /session/fe0cd291-8f79-4212-8568-b4785b2dee12/element &amp#27;[39m&amp#27;[32m200&amp#27;[39m &amp#27;[90m54 ms - 137&amp#27;[39m
&amp#27;[38;5;0m[HTTP]&amp#27;[0m &amp#27;[90m&amp#27;[39m
&amp#27;[38;5;0m[HTTP]&amp#27;[0m &amp#27;[37m-->&amp#27;[39m &amp#27;[37mPOST&amp#27;[39m &amp#27;[37m/session/fe0cd291-8f79-4212-8568-b4785b2dee12/element/00000000-0000-0032-ffff-ffff000002d6/value&amp#27;[39m
&amp#27;[38;5;0m[HTTP]&amp#27;[0m &amp#27;[90m{"id":"00000000-0000-0032-ffff-ffff000002d6","text":"08033443048","value":["0","8","0","3","3","4","4","3","0","4","8"]}&amp#27;[39m
[debug] &amp#27;[38;5;32m[AndroidUiautomator2Driver@b227 (fe0cd291)]&amp#27;[0m Calling AppiumDriver.setValue() with args: [["0","8","0","3","3","4","4","3","0","4","8"],"00000000-0000-0032-ffff-ffff000002d6","fe0cd291-8f79-4212-8568-b4785b2dee12"]
[debug] &amp#27;[38;5;32m[AndroidUiautomator2Driver@b227 (fe0cd291)]&amp#27;[0m Matched '/element/00000000-0000-0032-ffff-ffff000002d6/value' to command name 'setValue'
[debug] &amp#27;[38;5;32m[AndroidUiautomator2Driver@b227 (fe0cd291)]&amp#27;[0m Added 'value' property ["0","8","0","3","3","4","4","3","0","4","8"] to 'setValue' request body
[debug] &amp#27;[38;5;32m[AndroidUiautomator2Driver@b227 (fe0cd291)]&amp#27;[0m Proxying [POST /element/00000000-0000-0032-ffff-ffff000002d6/value] to [POST http://127.0.0.1:8200/session/85989a46-cbdd-4bd4-a501-a859808a0843/element/00000000-0000-0032-ffff-ffff000002d6/value] with body: {"elementId":"00000000-0000-0032-ffff-ffff000002d6","text":"08033443048","replace":false,"value":["0","8","0","3","3","4","4","3","0","4","8"]}
[debug] &amp#27;[38;5;32m[AndroidUiautomator2Driver@b227 (fe0cd291)]&amp#27;[0m Got response with status 200: {"sessionId":"85989a46-cbdd-4bd4-a501-a859808a0843","value":null}
[debug] &amp#27;[38;5;32m[AndroidUiautomator2Driver@b227 (fe0cd291)]&amp#27;[0m Responding to client with driver.setValue() result: null
&amp#27;[38;5;0m[HTTP]&amp#27;[0m &amp#27;[37m<-- POST /session/fe0cd291-8f79-4212-8568-b4785b2dee12/element/00000000-0000-0032-ffff-ffff000002d6/value &amp#27;[39m&amp#27;[32m200&amp#27;[39m &amp#27;[90m458 ms - 14&amp#27;[39m
&amp#27;[38;5;0m[HTTP]&amp#27;[0m &amp#27;[90m&amp#27;[39m
&amp#27;[38;5;0m[HTTP]&amp#27;[0m &amp#27;[37m-->&amp#27;[39m &amp#27;[37mPOST&amp#27;[39m &amp#27;[37m/session/fe0cd291-8f79-4212-8568-b4785b2dee12/element&amp#27;[39m
&amp#27;[38;5;0m[HTTP]&amp#27;[0m &amp#27;[90m{"using":"xpath","value":"//android.widget.EditText[@index=12]"}&amp#27;[39m
[debug] &amp#27;[38;5;32m[AndroidUiautomator2Driver@b227 (fe0cd291)]&amp#27;[0m Calling AppiumDriver.findElement() with args: ["xpath","//android.widget.EditText[@index=12]","fe0cd291-8f79-4212-8568-b4785b2dee12"]
[debug] &amp#27;[38;5;32m[AndroidUiautomator2Driver@b227 (fe0cd291)]&amp#27;[0m Valid locator strategies for this request: xpath, id, class name, accessibility id, css selector, -android uiautomator
[debug] &amp#27;[38;5;32m[AndroidUiautomator2Driver@b227 (fe0cd291)]&amp#27;[0m Waiting up to 10000 ms for condition
[debug] &amp#27;[38;5;32m[AndroidUiautomator2Driver@b227 (fe0cd291)]&amp#27;[0m Matched '/element' to command name 'findElement'
[debug] &amp#27;[38;5;32m[AndroidUiautomator2Driver@b227 (fe0cd291)]&amp#27;[0m Proxying [POST /element] to [POST http://127.0.0.1:8200/session/85989a46-cbdd-4bd4-a501-a859808a0843/element] with body: {"strategy":"xpath","selector":"//android.widget.EditText[@index=12]","context":"","multiple":false}
[debug] &amp#27;[38;5;32m[AndroidUiautomator2Driver@b227 (fe0cd291)]&amp#27;[0m Got response with status 200: {"sessionId":"85989a46-cbdd-4bd4-a501-a859808a0843","value":{"ELEMENT":"00000000-0000-0032-ffff-ffff000002d9","element-6066-11e4-a52e-4f735466cecf":"00000000-0000-0032-ffff-ffff000002d9"}}
[debug] &amp#27;[38;5;32m[AndroidUiautomator2Driver@b227 (fe0cd291)]&amp#27;[0m Responding to client with driver.findElement() result: {"element-6066-11e4-a52e-4f735466cecf":"00000000-0000-0032-ffff-ffff000002d9","ELEMENT":"00000000-0000-0032-ffff-ffff000002d9"}
&amp#27;[38;5;0m[HTTP]&amp#27;[0m &amp#27;[37m<-- POST /session/fe0cd291-8f79-4212-8568-b4785b2dee12/element &amp#27;[39m&amp#27;[32m200&amp#27;[39m &amp#27;[90m519 ms - 137&amp#27;[39m
&amp#27;[38;5;0m[HTTP]&amp#27;[0m &amp#27;[90m&amp#27;[39m
&amp#27;[38;5;0m[HTTP]&amp#27;[0m &amp#27;[37m-->&amp#27;[39m &amp#27;[37mPOST&amp#27;[39m &amp#27;[37m/session/fe0cd291-8f79-4212-8568-b4785b2dee12/element/00000000-0000-0032-ffff-ffff000002d9/value&amp#27;[39m
&amp#27;[38;5;0m[HTTP]&amp#27;[0m &amp#27;[90m{"id":"00000000-0000-0032-ffff-ffff000002d9","text":"password","value":["p","a","s","s","w","o","r","d"]}&amp#27;[39m
[debug] &amp#27;[38;5;32m[AndroidUiautomator2Driver@b227 (fe0cd291)]&amp#27;[0m Calling AppiumDriver.setValue() with args: [["p","a","s","s","w","o","r","d"],"00000000-0000-0032-ffff-ffff000002d9","fe0cd291-8f79-4212-8568-b4785b2dee12"]
[debug] &amp#27;[38;5;32m[AndroidUiautomator2Driver@b227 (fe0cd291)]&amp#27;[0m Matched '/element/00000000-0000-0032-ffff-ffff000002d9/value' to command name 'setValue'
[debug] &amp#27;[38;5;32m[AndroidUiautomator2Driver@b227 (fe0cd291)]&amp#27;[0m Added 'value' property ["p","a","s","s","w","o","r","d"] to 'setValue' request body
[debug] &amp#27;[38;5;32m[AndroidUiautomator2Driver@b227 (fe0cd291)]&amp#27;[0m Proxying [POST /element/00000000-0000-0032-ffff-ffff000002d9/value] to [POST http://127.0.0.1:8200/session/85989a46-cbdd-4bd4-a501-a859808a0843/element/00000000-0000-0032-ffff-ffff000002d9/value] with body: {"elementId":"00000000-0000-0032-ffff-ffff000002d9","text":"password","replace":false,"value":["p","a","s","s","w","o","r","d"]}
[debug] &amp#27;[38;5;32m[AndroidUiautomator2Driver@b227 (fe0cd291)]&amp#27;[0m Got response with status 200: {"sessionId":"85989a46-cbdd-4bd4-a501-a859808a0843","value":null}
[debug] &amp#27;[38;5;32m[AndroidUiautomator2Driver@b227 (fe0cd291)]&amp#27;[0m Responding to client with driver.setValue() result: null
&amp#27;[38;5;0m[HTTP]&amp#27;[0m &amp#27;[37m<-- POST /session/fe0cd291-8f79-4212-8568-b4785b2dee12/element/00000000-0000-0032-ffff-ffff000002d9/value &amp#27;[39m&amp#27;[32m200&amp#27;[39m &amp#27;[90m11 ms - 14&amp#27;[39m
&amp#27;[38;5;0m[HTTP]&amp#27;[0m &amp#27;[90m&amp#27;[39m
&amp#27;[38;5;0m[HTTP]&amp#27;[0m &amp#27;[37m-->&amp#27;[39m &amp#27;[37mPOST&amp#27;[39m &amp#27;[37m/session/fe0cd291-8f79-4212-8568-b4785b2dee12/element&amp#27;[39m
&amp#27;[38;5;0m[HTTP]&amp#27;[0m &amp#27;[90m{"using":"xpath","value":"//android.widget.TextView[@text='Register']"}&amp#27;[39m
[debug] &amp#27;[38;5;32m[AndroidUiautomator2Driver@b227 (fe0cd291)]&amp#27;[0m Calling AppiumDriver.findElement() with args: ["xpath","//android.widget.TextView[@text='Register']","fe0cd291-8f79-4212-8568-b4785b2dee12"]
[debug] &amp#27;[38;5;32m[AndroidUiautomator2Driver@b227 (fe0cd291)]&amp#27;[0m Valid locator strategies for this request: xpath, id, class name, accessibility id, css selector, -android uiautomator
[debug] &amp#27;[38;5;32m[AndroidUiautomator2Driver@b227 (fe0cd291)]&amp#27;[0m Waiting up to 10000 ms for condition
[debug] &amp#27;[38;5;32m[AndroidUiautomator2Driver@b227 (fe0cd291)]&amp#27;[0m Matched '/element' to command name 'findElement'
[debug] &amp#27;[38;5;32m[AndroidUiautomator2Driver@b227 (fe0cd291)]&amp#27;[0m Proxying [POST /element] to [POST http://127.0.0.1:8200/session/85989a46-cbdd-4bd4-a501-a859808a0843/element] with body: {"strategy":"xpath","selector":"//android.widget.TextView[@text='Register']","context":"","multiple":false}
[debug] &amp#27;[38;5;32m[AndroidUiautomator2Driver@b227 (fe0cd291)]&amp#27;[0m Got response with status 200: {"sessionId":"85989a46-cbdd-4bd4-a501-a859808a0843","value":{"ELEMENT":"00000000-0000-0032-ffff-ffff000002e6","element-6066-11e4-a52e-4f735466cecf":"00000000-0000-0032-ffff-ffff000002e6"}}
[debug] &amp#27;[38;5;32m[AndroidUiautomator2Driver@b227 (fe0cd291)]&amp#27;[0m Responding to client with driver.findElement() result: {"element-6066-11e4-a52e-4f735466cecf":"00000000-0000-0032-ffff-ffff000002e6","ELEMENT":"00000000-0000-0032-ffff-ffff000002e6"}
&amp#27;[38;5;0m[HTTP]&amp#27;[0m &amp#27;[37m<-- POST /session/fe0cd291-8f79-4212-8568-b4785b2dee12/element &amp#27;[39m&amp#27;[32m200&amp#27;[39m &amp#27;[90m38 ms - 137&amp#27;[39m
&amp#27;[38;5;0m[HTTP]&amp#27;[0m &amp#27;[90m&amp#27;[39m
&amp#27;[38;5;0m[HTTP]&amp#27;[0m &amp#27;[37m-->&amp#27;[39m &amp#27;[37mPOST&amp#27;[39m &amp#27;[37m/session/fe0cd291-8f79-4212-8568-b4785b2dee12/element/00000000-0000-0032-ffff-ffff000002e6/click&amp#27;[39m
&amp#27;[38;5;0m[HTTP]&amp#27;[0m &amp#27;[90m{"id":"00000000-0000-0032-ffff-ffff000002e6"}&amp#27;[39m
[debug] &amp#27;[38;5;32m[AndroidUiautomator2Driver@b227 (fe0cd291)]&amp#27;[0m Calling AppiumDriver.click() with args: ["00000000-0000-0032-ffff-ffff000002e6","fe0cd291-8f79-4212-8568-b4785b2dee12"]
[debug] &amp#27;[38;5;32m[AndroidUiautomator2Driver@b227 (fe0cd291)]&amp#27;[0m Matched '/element/00000000-0000-0032-ffff-ffff000002e6/click' to command name 'click'
[debug] &amp#27;[38;5;32m[AndroidUiautomator2Driver@b227 (fe0cd291)]&amp#27;[0m Proxying [POST /element/00000000-0000-0032-ffff-ffff000002e6/click] to [POST http://127.0.0.1:8200/session/85989a46-cbdd-4bd4-a501-a859808a0843/element/00000000-0000-0032-ffff-ffff000002e6/click] with body: {"element":"00000000-0000-0032-ffff-ffff000002e6"}
[debug] &amp#27;[38;5;32m[AndroidUiautomator2Driver@b227 (fe0cd291)]&amp#27;[0m Got response with status 200: {"sessionId":"85989a46-cbdd-4bd4-a501-a859808a0843","value":null}
[debug] &amp#27;[38;5;32m[AndroidUiautomator2Driver@b227 (fe0cd291)]&amp#27;[0m Responding to client with driver.click() result: null
&amp#27;[38;5;0m[HTTP]&amp#27;[0m &amp#27;[37m<-- POST /session/fe0cd291-8f79-4212-8568-b4785b2dee12/element/00000000-0000-0032-ffff-ffff000002e6/click &amp#27;[39m&amp#27;[32m200&amp#27;[39m &amp#27;[90m620 ms - 14&amp#27;[39m
&amp#27;[38;5;0m[HTTP]&amp#27;[0m &amp#27;[90m&amp#27;[39m
&amp#27;[38;5;0m[HTTP]&amp#27;[0m &amp#27;[37m-->&amp#27;[39m &amp#27;[37mPOST&amp#27;[39m &amp#27;[37m/session/fe0cd291-8f79-4212-8568-b4785b2dee12/element&amp#27;[39m
&amp#27;[38;5;0m[HTTP]&amp#27;[0m &amp#27;[90m{"using":"xpath","value":"//android.widget.TextView[@index=18]"}&amp#27;[39m
[debug] &amp#27;[38;5;32m[AndroidUiautomator2Driver@b227 (fe0cd291)]&amp#27;[0m Calling AppiumDriver.findElement() with args: ["xpath","//android.widget.TextView[@index=18]","fe0cd291-8f79-4212-8568-b4785b2dee12"]
[debug] &amp#27;[38;5;32m[AndroidUiautomator2Driver@b227 (fe0cd291)]&amp#27;[0m Valid locator strategies for this request: xpath, id, class name, accessibility id, css selector, -android uiautomator
[debug] &amp#27;[38;5;32m[AndroidUiautomator2Driver@b227 (fe0cd291)]&amp#27;[0m Waiting up to 10000 ms for condition
[debug] &amp#27;[38;5;32m[AndroidUiautomator2Driver@b227 (fe0cd291)]&amp#27;[0m Matched '/element' to command name 'findElement'
[debug] &amp#27;[38;5;32m[AndroidUiautomator2Driver@b227 (fe0cd291)]&amp#27;[0m Proxying [POST /element] to [POST http://127.0.0.1:8200/session/85989a46-cbdd-4bd4-a501-a859808a0843/element] with body: {"strategy":"xpath","selector":"//android.widget.TextView[@index=18]","context":"","multiple":false}
[debug] &amp#27;[38;5;32m[AndroidUiautomator2Driver@b227 (fe0cd291)]&amp#27;[0m Got response with status 200: {"sessionId":"85989a46-cbdd-4bd4-a501-a859808a0843","value":{"ELEMENT":"00000000-0000-0032-ffff-ffff000002de","element-6066-11e4-a52e-4f735466cecf":"00000000-0000-0032-ffff-ffff000002de"}}
[debug] &amp#27;[38;5;32m[AndroidUiautomator2Driver@b227 (fe0cd291)]&amp#27;[0m Responding to client with driver.findElement() result: {"element-6066-11e4-a52e-4f735466cecf":"00000000-0000-0032-ffff-ffff000002de","ELEMENT":"00000000-0000-0032-ffff-ffff000002de"}
&amp#27;[38;5;0m[HTTP]&amp#27;[0m &amp#27;[37m<-- POST /session/fe0cd291-8f79-4212-8568-b4785b2dee12/element &amp#27;[39m&amp#27;[32m200&amp#27;[39m &amp#27;[90m30 ms - 137&amp#27;[39m
&amp#27;[38;5;0m[HTTP]&amp#27;[0m &amp#27;[90m&amp#27;[39m
&amp#27;[38;5;0m[HTTP]&amp#27;[0m &amp#27;[37m-->&amp#27;[39m &amp#27;[37mPOST&amp#27;[39m &amp#27;[37m/session/fe0cd291-8f79-4212-8568-b4785b2dee12/element/00000000-0000-0032-ffff-ffff000002de/click&amp#27;[39m
&amp#27;[38;5;0m[HTTP]&amp#27;[0m &amp#27;[90m{"id":"00000000-0000-0032-ffff-ffff000002de"}&amp#27;[39m
[debug] &amp#27;[38;5;32m[AndroidUiautomator2Driver@b227 (fe0cd291)]&amp#27;[0m Calling AppiumDriver.click() with args: ["00000000-0000-0032-ffff-ffff000002de","fe0cd291-8f79-4212-8568-b4785b2dee12"]
[debug] &amp#27;[38;5;32m[AndroidUiautomator2Driver@b227 (fe0cd291)]&amp#27;[0m Matched '/element/00000000-0000-0032-ffff-ffff000002de/click' to command name 'click'
[debug] &amp#27;[38;5;32m[AndroidUiautomator2Driver@b227 (fe0cd291)]&amp#27;[0m Proxying [POST /element/00000000-0000-0032-ffff-ffff000002de/click] to [POST http://127.0.0.1:8200/session/85989a46-cbdd-4bd4-a501-a859808a0843/element/00000000-0000-0032-ffff-ffff000002de/click] with body: {"element":"00000000-0000-0032-ffff-ffff000002de"}
[debug] &amp#27;[38;5;32m[AndroidUiautomator2Driver@b227 (fe0cd291)]&amp#27;[0m Got response with status 200: {"sessionId":"85989a46-cbdd-4bd4-a501-a859808a0843","value":null}
[debug] &amp#27;[38;5;32m[AndroidUiautomator2Driver@b227 (fe0cd291)]&amp#27;[0m Responding to client with driver.click() result: null
&amp#27;[38;5;0m[HTTP]&amp#27;[0m &amp#27;[37m<-- POST /session/fe0cd291-8f79-4212-8568-b4785b2dee12/element/00000000-0000-0032-ffff-ffff000002de/click &amp#27;[39m&amp#27;[32m200&amp#27;[39m &amp#27;[90m57 ms - 14&amp#27;[39m
&amp#27;[38;5;0m[HTTP]&amp#27;[0m &amp#27;[90m&amp#27;[39m
&amp#27;[38;5;0m[HTTP]&amp#27;[0m &amp#27;[37m-->&amp#27;[39m &amp#27;[37mPOST&amp#27;[39m &amp#27;[37m/session/fe0cd291-8f79-4212-8568-b4785b2dee12/element&amp#27;[39m
&amp#27;[38;5;0m[HTTP]&amp#27;[0m &amp#27;[90m{"using":"xpath","value":"//android.widget.TextView[@text='Register']"}&amp#27;[39m
[debug] &amp#27;[38;5;32m[AndroidUiautomator2Driver@b227 (fe0cd291)]&amp#27;[0m Calling AppiumDriver.findElement() with args: ["xpath","//android.widget.TextView[@text='Register']","fe0cd291-8f79-4212-8568-b4785b2dee12"]
[debug] &amp#27;[38;5;32m[AndroidUiautomator2Driver@b227 (fe0cd291)]&amp#27;[0m Valid locator strategies for this request: xpath, id, class name, accessibility id, css selector, -android uiautomator
[debug] &amp#27;[38;5;32m[AndroidUiautomator2Driver@b227 (fe0cd291)]&amp#27;[0m Waiting up to 10000 ms for condition
[debug] &amp#27;[38;5;32m[AndroidUiautomator2Driver@b227 (fe0cd291)]&amp#27;[0m Matched '/element' to command name 'findElement'
[debug] &amp#27;[38;5;32m[AndroidUiautomator2Driver@b227 (fe0cd291)]&amp#27;[0m Proxying [POST /element] to [POST http://127.0.0.1:8200/session/85989a46-cbdd-4bd4-a501-a859808a0843/element] with body: {"strategy":"xpath","selector":"//android.widget.TextView[@text='Register']","context":"","multiple":false}
[debug] &amp#27;[38;5;32m[AndroidUiautomator2Driver@b227 (fe0cd291)]&amp#27;[0m Got response with status 200: {"sessionId":"85989a46-cbdd-4bd4-a501-a859808a0843","value":{"ELEMENT":"00000000-0000-0032-ffff-ffff000002e6","element-6066-11e4-a52e-4f735466cecf":"00000000-0000-0032-ffff-ffff000002e6"}}
[debug] &amp#27;[38;5;32m[AndroidUiautomator2Driver@b227 (fe0cd291)]&amp#27;[0m Responding to client with driver.findElement() result: {"element-6066-11e4-a52e-4f735466cecf":"00000000-0000-0032-ffff-ffff000002e6","ELEMENT":"00000000-0000-0032-ffff-ffff000002e6"}
&amp#27;[38;5;0m[HTTP]&amp#27;[0m &amp#27;[37m<-- POST /session/fe0cd291-8f79-4212-8568-b4785b2dee12/element &amp#27;[39m&amp#27;[32m200&amp#27;[39m &amp#27;[90m35 ms - 137&amp#27;[39m
&amp#27;[38;5;0m[HTTP]&amp#27;[0m &amp#27;[90m&amp#27;[39m
&amp#27;[38;5;0m[HTTP]&amp#27;[0m &amp#27;[37m-->&amp#27;[39m &amp#27;[37mPOST&amp#27;[39m &amp#27;[37m/session/fe0cd291-8f79-4212-8568-b4785b2dee12/element/00000000-0000-0032-ffff-ffff000002e6/click&amp#27;[39m
&amp#27;[38;5;0m[HTTP]&amp#27;[0m &amp#27;[90m{"id":"00000000-0000-0032-ffff-ffff000002e6"}&amp#27;[39m
[debug] &amp#27;[38;5;32m[AndroidUiautomator2Driver@b227 (fe0cd291)]&amp#27;[0m Calling AppiumDriver.click() with args: ["00000000-0000-0032-ffff-ffff000002e6","fe0cd291-8f79-4212-8568-b4785b2dee12"]
[debug] &amp#27;[38;5;32m[AndroidUiautomator2Driver@b227 (fe0cd291)]&amp#27;[0m Matched '/element/00000000-0000-0032-ffff-ffff000002e6/click' to command name 'click'
[debug] &amp#27;[38;5;32m[AndroidUiautomator2Driver@b227 (fe0cd291)]&amp#27;[0m Proxying [POST /element/00000000-0000-0032-ffff-ffff000002e6/click] to [POST http://127.0.0.1:8200/session/85989a46-cbdd-4bd4-a501-a859808a0843/element/00000000-0000-0032-ffff-ffff000002e6/click] with body: {"element":"00000000-0000-0032-ffff-ffff000002e6"}
[debug] &amp#27;[38;5;32m[AndroidUiautomator2Driver@b227 (fe0cd291)]&amp#27;[0m Got response with status 200: {"sessionId":"85989a46-cbdd-4bd4-a501-a859808a0843","value":null}
[debug] &amp#27;[38;5;32m[AndroidUiautomator2Driver@b227 (fe0cd291)]&amp#27;[0m Responding to client with driver.click() result: null
&amp#27;[38;5;0m[HTTP]&amp#27;[0m &amp#27;[37m<-- POST /session/fe0cd291-8f79-4212-8568-b4785b2dee12/element/00000000-0000-0032-ffff-ffff000002e6/click &amp#27;[39m&amp#27;[32m200&amp#27;[39m &amp#27;[90m55 ms - 14&amp#27;[39m
&amp#27;[38;5;0m[HTTP]&amp#27;[0m &amp#27;[90m&amp#27;[39m
&amp#27;[38;5;0m[HTTP]&amp#27;[0m &amp#27;[37m-->&amp#27;[39m &amp#27;[37mPOST&amp#27;[39m &amp#27;[37m/session/fe0cd291-8f79-4212-8568-b4785b2dee12/element&amp#27;[39m
&amp#27;[38;5;0m[HTTP]&amp#27;[0m &amp#27;[90m{"using":"xpath","value":"//android.widget.TextView[@index=7]"}&amp#27;[39m
[debug] &amp#27;[38;5;32m[AndroidUiautomator2Driver@b227 (fe0cd291)]&amp#27;[0m Calling AppiumDriver.findElement() with args: ["xpath","//android.widget.TextView[@index=7]","fe0cd291-8f79-4212-8568-b4785b2dee12"]
[debug] &amp#27;[38;5;32m[AndroidUiautomator2Driver@b227 (fe0cd291)]&amp#27;[0m Valid locator strategies for this request: xpath, id, class name, accessibility id, css selector, -android uiautomator
[debug] &amp#27;[38;5;32m[AndroidUiautomator2Driver@b227 (fe0cd291)]&amp#27;[0m Waiting up to 10000 ms for condition
[debug] &amp#27;[38;5;32m[AndroidUiautomator2Driver@b227 (fe0cd291)]&amp#27;[0m Matched '/element' to command name 'findElement'
[debug] &amp#27;[38;5;32m[AndroidUiautomator2Driver@b227 (fe0cd291)]&amp#27;[0m Proxying [POST /element] to [POST http://127.0.0.1:8200/session/85989a46-cbdd-4bd4-a501-a859808a0843/element] with body: {"strategy":"xpath","selector":"//android.widget.TextView[@index=7]","context":"","multiple":false}
[debug] &amp#27;[38;5;32m[AndroidUiautomator2Driver@b227 (fe0cd291)]&amp#27;[0m Got response with status 200: {"sessionId":"85989a46-cbdd-4bd4-a501-a859808a0843","value":{"ELEMENT":"00000000-0000-0032-ffff-ffff000002d4","element-6066-11e4-a52e-4f735466cecf":"00000000-0000-0032-ffff-ffff000002d4"}}
[debug] &amp#27;[38;5;32m[AndroidUiautomator2Driver@b227 (fe0cd291)]&amp#27;[0m Responding to client with driver.findElement() result: {"element-6066-11e4-a52e-4f735466cecf":"00000000-0000-0032-ffff-ffff000002d4","ELEMENT":"00000000-0000-0032-ffff-ffff000002d4"}
&amp#27;[38;5;0m[HTTP]&amp#27;[0m &amp#27;[37m<-- POST /session/fe0cd291-8f79-4212-8568-b4785b2dee12/element &amp#27;[39m&amp#27;[32m200&amp#27;[39m &amp#27;[90m622 ms - 137&amp#27;[39m
&amp#27;[38;5;0m[HTTP]&amp#27;[0m &amp#27;[90m&amp#27;[39m
&amp#27;[38;5;0m[HTTP]&amp#27;[0m &amp#27;[37m-->&amp#27;[39m &amp#27;[37mPOST&amp#27;[39m &amp#27;[37m/session/fe0cd291-8f79-4212-8568-b4785b2dee12/element&amp#27;[39m
&amp#27;[38;5;0m[HTTP]&amp#27;[0m &amp#27;[90m{"using":"xpath","value":"//android.widget.TextView[@index=7]"}&amp#27;[39m
[debug] &amp#27;[38;5;32m[AndroidUiautomator2Driver@b227 (fe0cd291)]&amp#27;[0m Calling AppiumDriver.findElement() with args: ["xpath","//android.widget.TextView[@index=7]","fe0cd291-8f79-4212-8568-b4785b2dee12"]
[debug] &amp#27;[38;5;32m[AndroidUiautomator2Driver@b227 (fe0cd291)]&amp#27;[0m Valid locator strategies for this request: xpath, id, class name, accessibility id, css selector, -android uiautomator
[debug] &amp#27;[38;5;32m[AndroidUiautomator2Driver@b227 (fe0cd291)]&amp#27;[0m Waiting up to 10000 ms for condition
[debug] &amp#27;[38;5;32m[AndroidUiautomator2Driver@b227 (fe0cd291)]&amp#27;[0m Matched '/element' to command name 'findElement'
[debug] &amp#27;[38;5;32m[AndroidUiautomator2Driver@b227 (fe0cd291)]&amp#27;[0m Proxying [POST /element] to [POST http://127.0.0.1:8200/session/85989a46-cbdd-4bd4-a501-a859808a0843/element] with body: {"strategy":"xpath","selector":"//android.widget.TextView[@index=7]","context":"","multiple":false}
[debug] &amp#27;[38;5;32m[AndroidUiautomator2Driver@b227 (fe0cd291)]&amp#27;[0m Got response with status 200: {"sessionId":"85989a46-cbdd-4bd4-a501-a859808a0843","value":{"ELEMENT":"00000000-0000-0032-ffff-ffff000002d4","element-6066-11e4-a52e-4f735466cecf":"00000000-0000-0032-ffff-ffff000002d4"}}
[debug] &amp#27;[38;5;32m[AndroidUiautomator2Driver@b227 (fe0cd291)]&amp#27;[0m Responding to client with driver.findElement() result: {"element-6066-11e4-a52e-4f735466cecf":"00000000-0000-0032-ffff-ffff000002d4","ELEMENT":"00000000-0000-0032-ffff-ffff000002d4"}
&amp#27;[38;5;0m[HTTP]&amp#27;[0m &amp#27;[37m<-- POST /session/fe0cd291-8f79-4212-8568-b4785b2dee12/element &amp#27;[39m&amp#27;[32m200&amp#27;[39m &amp#27;[90m28 ms - 137&amp#27;[39m
&amp#27;[38;5;0m[HTTP]&amp#27;[0m &amp#27;[90m&amp#27;[39m
&amp#27;[38;5;0m[HTTP]&amp#27;[0m &amp#27;[37m-->&amp#27;[39m &amp#27;[37mGET&amp#27;[39m &amp#27;[37m/session/fe0cd291-8f79-4212-8568-b4785b2dee12/element/00000000-0000-0032-ffff-ffff000002d4/text&amp#27;[39m
&amp#27;[38;5;0m[HTTP]&amp#27;[0m &amp#27;[90m{}&amp#27;[39m
&amp#27;[38;5;32m[AndroidUiautomator2Driver@b227 (fe0cd291)]&amp#27;[0m Driver proxy active, passing request on via HTTP proxy
[debug] &amp#27;[38;5;32m[AndroidUiautomator2Driver@b227 (fe0cd291)]&amp#27;[0m Matched '/session/fe0cd291-8f79-4212-8568-b4785b2dee12/element/00000000-0000-0032-ffff-ffff000002d4/text' to command name 'getText'
[debug] &amp#27;[38;5;32m[AndroidUiautomator2Driver@b227 (fe0cd291)]&amp#27;[0m Proxying [GET /session/fe0cd291-8f79-4212-8568-b4785b2dee12/element/00000000-0000-0032-ffff-ffff000002d4/text] to [GET http://127.0.0.1:8200/session/85989a46-cbdd-4bd4-a501-a859808a0843/element/00000000-0000-0032-ffff-ffff000002d4/text] with no body
[debug] &amp#27;[38;5;32m[AndroidUiautomator2Driver@b227 (fe0cd291)]&amp#27;[0m Got response with status 200: {"sessionId":"85989a46-cbdd-4bd4-a501-a859808a0843","value":"This domain is not supported on Quickteller. Kindly use another email address"}
&amp#27;[38;5;32m[AndroidUiautomator2Driver@b227 (fe0cd291)]&amp#27;[0m Replacing sessionId 85989a46-cbdd-4bd4-a501-a859808a0843 with fe0cd291-8f79-4212-8568-b4785b2dee12
&amp#27;[38;5;0m[HTTP]&amp#27;[0m &amp#27;[37m<-- GET /session/fe0cd291-8f79-4212-8568-b4785b2dee12/element/00000000-0000-0032-ffff-ffff000002d4/text &amp#27;[39m&amp#27;[32m200&amp#27;[39m &amp#27;[90m7 ms - 140&amp#27;[39m
&amp#27;[38;5;0m[HTTP]&amp#27;[0m &amp#27;[90m&amp#27;[39m
]]></system-out>
  </testcase>
  <testcase name="Testcase_One[yaoo.com](15)" classname="testcases.Android.DisposableDomain_QTM_2874" time="8.522">
    <system-out><![CDATA[&amp#27;[38;5;0m[HTTP]&amp#27;[0m &amp#27;[37m-->&amp#27;[39m &amp#27;[37mPOST&amp#27;[39m &amp#27;[37m/session/fe0cd291-8f79-4212-8568-b4785b2dee12/element&amp#27;[39m
&amp#27;[38;5;0m[HTTP]&amp#27;[0m &amp#27;[90m{"using":"xpath","value":"//android.widget.TextView[@index=0]"}&amp#27;[39m
[debug] &amp#27;[38;5;32m[AndroidUiautomator2Driver@b227 (fe0cd291)]&amp#27;[0m Calling AppiumDriver.findElement() with args: ["xpath","//android.widget.TextView[@index=0]","fe0cd291-8f79-4212-8568-b4785b2dee12"]
[debug] &amp#27;[38;5;32m[AndroidUiautomator2Driver@b227 (fe0cd291)]&amp#27;[0m Valid locator strategies for this request: xpath, id, class name, accessibility id, css selector, -android uiautomator
[debug] &amp#27;[38;5;32m[AndroidUiautomator2Driver@b227 (fe0cd291)]&amp#27;[0m Waiting up to 10000 ms for condition
[debug] &amp#27;[38;5;32m[AndroidUiautomator2Driver@b227 (fe0cd291)]&amp#27;[0m Matched '/element' to command name 'findElement'
[debug] &amp#27;[38;5;32m[AndroidUiautomator2Driver@b227 (fe0cd291)]&amp#27;[0m Proxying [POST /element] to [POST http://127.0.0.1:8200/session/85989a46-cbdd-4bd4-a501-a859808a0843/element] with body: {"strategy":"xpath","selector":"//android.widget.TextView[@index=0]","context":"","multiple":false}
[debug] &amp#27;[38;5;32m[AndroidUiautomator2Driver@b227 (fe0cd291)]&amp#27;[0m Got response with status 200: {"sessionId":"85989a46-cbdd-4bd4-a501-a859808a0843","value":{"ELEMENT":"00000000-0000-0032-ffff-ffff000002c8","element-6066-11e4-a52e-4f735466cecf":"00000000-0000-0032-ffff-ffff000002c8"}}
[debug] &amp#27;[38;5;32m[AndroidUiautomator2Driver@b227 (fe0cd291)]&amp#27;[0m Responding to client with driver.findElement() result: {"element-6066-11e4-a52e-4f735466cecf":"00000000-0000-0032-ffff-ffff000002c8","ELEMENT":"00000000-0000-0032-ffff-ffff000002c8"}
&amp#27;[38;5;0m[HTTP]&amp#27;[0m &amp#27;[37m<-- POST /session/fe0cd291-8f79-4212-8568-b4785b2dee12/element &amp#27;[39m&amp#27;[32m200&amp#27;[39m &amp#27;[90m37 ms - 137&amp#27;[39m
&amp#27;[38;5;0m[HTTP]&amp#27;[0m &amp#27;[90m&amp#27;[39m
&amp#27;[38;5;0m[HTTP]&amp#27;[0m &amp#27;[37m-->&amp#27;[39m &amp#27;[37mPOST&amp#27;[39m &amp#27;[37m/session/fe0cd291-8f79-4212-8568-b4785b2dee12/element/00000000-0000-0032-ffff-ffff000002c8/click&amp#27;[39m
&amp#27;[38;5;0m[HTTP]&amp#27;[0m &amp#27;[90m{"id":"00000000-0000-0032-ffff-ffff000002c8"}&amp#27;[39m
[debug] &amp#27;[38;5;32m[AndroidUiautomator2Driver@b227 (fe0cd291)]&amp#27;[0m Calling AppiumDriver.click() with args: ["00000000-0000-0032-ffff-ffff000002c8","fe0cd291-8f79-4212-8568-b4785b2dee12"]
[debug] &amp#27;[38;5;32m[AndroidUiautomator2Driver@b227 (fe0cd291)]&amp#27;[0m Matched '/element/00000000-0000-0032-ffff-ffff000002c8/click' to command name 'click'
[debug] &amp#27;[38;5;32m[AndroidUiautomator2Driver@b227 (fe0cd291)]&amp#27;[0m Proxying [POST /element/00000000-0000-0032-ffff-ffff000002c8/click] to [POST http://127.0.0.1:8200/session/85989a46-cbdd-4bd4-a501-a859808a0843/element/00000000-0000-0032-ffff-ffff000002c8/click] with body: {"element":"00000000-0000-0032-ffff-ffff000002c8"}
[debug] &amp#27;[38;5;32m[AndroidUiautomator2Driver@b227 (fe0cd291)]&amp#27;[0m Got response with status 200: {"sessionId":"85989a46-cbdd-4bd4-a501-a859808a0843","value":null}
[debug] &amp#27;[38;5;32m[AndroidUiautomator2Driver@b227 (fe0cd291)]&amp#27;[0m Responding to client with driver.click() result: null
&amp#27;[38;5;0m[HTTP]&amp#27;[0m &amp#27;[37m<-- POST /session/fe0cd291-8f79-4212-8568-b4785b2dee12/element/00000000-0000-0032-ffff-ffff000002c8/click &amp#27;[39m&amp#27;[32m200&amp#27;[39m &amp#27;[90m61 ms - 14&amp#27;[39m
&amp#27;[38;5;0m[HTTP]&amp#27;[0m &amp#27;[90m&amp#27;[39m
&amp#27;[38;5;0m[HTTP]&amp#27;[0m &amp#27;[37m-->&amp#27;[39m &amp#27;[37mPOST&amp#27;[39m &amp#27;[37m/session/fe0cd291-8f79-4212-8568-b4785b2dee12/timeouts&amp#27;[39m
&amp#27;[38;5;0m[HTTP]&amp#27;[0m &amp#27;[90m{"implicit":6000}&amp#27;[39m
[debug] &amp#27;[38;5;32m[AndroidUiautomator2Driver@b227 (fe0cd291)]&amp#27;[0m Calling AppiumDriver.timeouts() with args: [null,null,null,null,6000,"fe0cd291-8f79-4212-8568-b4785b2dee12"]
[debug] &amp#27;[38;5;32m[AndroidUiautomator2Driver@b227 (fe0cd291)]&amp#27;[0m W3C timeout argument: {"implicit":6000}}
[debug] &amp#27;[38;5;32m[AndroidUiautomator2Driver@b227 (fe0cd291)]&amp#27;[0m Set implicit wait to 6000ms
[debug] &amp#27;[38;5;32m[AndroidUiautomator2Driver@b227 (fe0cd291)]&amp#27;[0m Responding to client with driver.timeouts() result: null
&amp#27;[38;5;0m[HTTP]&amp#27;[0m &amp#27;[37m<-- POST /session/fe0cd291-8f79-4212-8568-b4785b2dee12/timeouts &amp#27;[39m&amp#27;[32m200&amp#27;[39m &amp#27;[90m1 ms - 14&amp#27;[39m
&amp#27;[38;5;0m[HTTP]&amp#27;[0m &amp#27;[90m&amp#27;[39m
&amp#27;[38;5;0m[HTTP]&amp#27;[0m &amp#27;[37m-->&amp#27;[39m &amp#27;[37mPOST&amp#27;[39m &amp#27;[37m/session/fe0cd291-8f79-4212-8568-b4785b2dee12/element&amp#27;[39m
&amp#27;[38;5;0m[HTTP]&amp#27;[0m &amp#27;[90m{"using":"xpath","value":"//android.widget.Button[@text='Allow']"}&amp#27;[39m
[debug] &amp#27;[38;5;32m[AndroidUiautomator2Driver@b227 (fe0cd291)]&amp#27;[0m Calling AppiumDriver.findElement() with args: ["xpath","//android.widget.Button[@text='Allow']","fe0cd291-8f79-4212-8568-b4785b2dee12"]
[debug] &amp#27;[38;5;32m[AndroidUiautomator2Driver@b227 (fe0cd291)]&amp#27;[0m Valid locator strategies for this request: xpath, id, class name, accessibility id, css selector, -android uiautomator
[debug] &amp#27;[38;5;32m[AndroidUiautomator2Driver@b227 (fe0cd291)]&amp#27;[0m Waiting up to 6000 ms for condition
[debug] &amp#27;[38;5;32m[AndroidUiautomator2Driver@b227 (fe0cd291)]&amp#27;[0m Matched '/element' to command name 'findElement'
[debug] &amp#27;[38;5;32m[AndroidUiautomator2Driver@b227 (fe0cd291)]&amp#27;[0m Proxying [POST /element] to [POST http://127.0.0.1:8200/session/85989a46-cbdd-4bd4-a501-a859808a0843/element] with body: {"strategy":"xpath","selector":"//android.widget.Button[@text='Allow']","context":"","multiple":false}
&amp#27;[38;5;32m[AndroidUiautomator2Driver@b227 (fe0cd291)]&amp#27;[0m Got response with status 404: {"sessionId":"85989a46-cbdd-4bd4-a501-a859808a0843","value":{"error":"no such element","message":"An element could not be located on the page using the given search parameters","stacktrace":"io.appium.uiautomator2.common.exceptions.ElementNotFoundException: An element could not be located on the page using the given search parameters\n\tat io.appium.uiautomator2.utils.ElementLocationHelpers.findElement(ElementLocationHelpers.java:156)\n\tat io.appium.uiautomator2.handler.FindElement.safeHandle(FindElement.java:60)\n\tat io.appium.uiautomator2.handler.request.SafeRequestHandler.handle(SafeRequestHandler.java:59)\n\tat io.appium.uiautomator2.server.AppiumServlet.handleRequest(AppiumServlet.java:277)\n\tat io.appium.uiautomator2.server.AppiumServlet.handleHttpRequest(AppiumServlet.java:271)\n\tat io.appium.uiautomator2.http.ServerHandler.channelRead(ServerHandler.java:68)\n\tat io.netty.channel.AbstractChannelHandlerContext.invokeChannelRead(AbstractChannelHandlerContext.java:366)\n\tat io.netty.channel.Abstr...
[debug] &amp#27;[38;5;128m[W3C]&amp#27;[0m Matched W3C error code 'no such element' to NoSuchElementError
[debug] &amp#27;[38;5;32m[AndroidUiautomator2Driver@b227 (fe0cd291)]&amp#27;[0m Waited for 34 ms so far
[debug] &amp#27;[38;5;32m[AndroidUiautomator2Driver@b227 (fe0cd291)]&amp#27;[0m Matched '/element' to command name 'findElement'
[debug] &amp#27;[38;5;32m[AndroidUiautomator2Driver@b227 (fe0cd291)]&amp#27;[0m Proxying [POST /element] to [POST http://127.0.0.1:8200/session/85989a46-cbdd-4bd4-a501-a859808a0843/element] with body: {"strategy":"xpath","selector":"//android.widget.Button[@text='Allow']","context":"","multiple":false}
&amp#27;[38;5;32m[AndroidUiautomator2Driver@b227 (fe0cd291)]&amp#27;[0m Got response with status 404: {"sessionId":"85989a46-cbdd-4bd4-a501-a859808a0843","value":{"error":"no such element","message":"An element could not be located on the page using the given search parameters","stacktrace":"io.appium.uiautomator2.common.exceptions.ElementNotFoundException: An element could not be located on the page using the given search parameters\n\tat io.appium.uiautomator2.utils.ElementLocationHelpers.findElement(ElementLocationHelpers.java:156)\n\tat io.appium.uiautomator2.handler.FindElement.safeHandle(FindElement.java:60)\n\tat io.appium.uiautomator2.handler.request.SafeRequestHandler.handle(SafeRequestHandler.java:59)\n\tat io.appium.uiautomator2.server.AppiumServlet.handleRequest(AppiumServlet.java:277)\n\tat io.appium.uiautomator2.server.AppiumServlet.handleHttpRequest(AppiumServlet.java:271)\n\tat io.appium.uiautomator2.http.ServerHandler.channelRead(ServerHandler.java:68)\n\tat io.netty.channel.AbstractChannelHandlerContext.invokeChannelRead(AbstractChannelHandlerContext.java:366)\n\tat io.netty.channel.Abstr...
[debug] &amp#27;[38;5;128m[W3C]&amp#27;[0m Matched W3C error code 'no such element' to NoSuchElementError
[debug] &amp#27;[38;5;32m[AndroidUiautomator2Driver@b227 (fe0cd291)]&amp#27;[0m Waited for 992 ms so far
[debug] &amp#27;[38;5;32m[AndroidUiautomator2Driver@b227 (fe0cd291)]&amp#27;[0m Matched '/element' to command name 'findElement'
[debug] &amp#27;[38;5;32m[AndroidUiautomator2Driver@b227 (fe0cd291)]&amp#27;[0m Proxying [POST /element] to [POST http://127.0.0.1:8200/session/85989a46-cbdd-4bd4-a501-a859808a0843/element] with body: {"strategy":"xpath","selector":"//android.widget.Button[@text='Allow']","context":"","multiple":false}
&amp#27;[38;5;32m[AndroidUiautomator2Driver@b227 (fe0cd291)]&amp#27;[0m Got response with status 404: {"sessionId":"85989a46-cbdd-4bd4-a501-a859808a0843","value":{"error":"no such element","message":"An element could not be located on the page using the given search parameters","stacktrace":"io.appium.uiautomator2.common.exceptions.ElementNotFoundException: An element could not be located on the page using the given search parameters\n\tat io.appium.uiautomator2.utils.ElementLocationHelpers.findElement(ElementLocationHelpers.java:156)\n\tat io.appium.uiautomator2.handler.FindElement.safeHandle(FindElement.java:60)\n\tat io.appium.uiautomator2.handler.request.SafeRequestHandler.handle(SafeRequestHandler.java:59)\n\tat io.appium.uiautomator2.server.AppiumServlet.handleRequest(AppiumServlet.java:277)\n\tat io.appium.uiautomator2.server.AppiumServlet.handleHttpRequest(AppiumServlet.java:271)\n\tat io.appium.uiautomator2.http.ServerHandler.channelRead(ServerHandler.java:68)\n\tat io.netty.channel.AbstractChannelHandlerContext.invokeChannelRead(AbstractChannelHandlerContext.java:366)\n\tat io.netty.channel.Abstr...
[debug] &amp#27;[38;5;128m[W3C]&amp#27;[0m Matched W3C error code 'no such element' to NoSuchElementError
[debug] &amp#27;[38;5;32m[AndroidUiautomator2Driver@b227 (fe0cd291)]&amp#27;[0m Waited for 1524 ms so far
[debug] &amp#27;[38;5;32m[AndroidUiautomator2Driver@b227 (fe0cd291)]&amp#27;[0m Matched '/element' to command name 'findElement'
[debug] &amp#27;[38;5;32m[AndroidUiautomator2Driver@b227 (fe0cd291)]&amp#27;[0m Proxying [POST /element] to [POST http://127.0.0.1:8200/session/85989a46-cbdd-4bd4-a501-a859808a0843/element] with body: {"strategy":"xpath","selector":"//android.widget.Button[@text='Allow']","context":"","multiple":false}
&amp#27;[38;5;32m[AndroidUiautomator2Driver@b227 (fe0cd291)]&amp#27;[0m Got response with status 404: {"sessionId":"85989a46-cbdd-4bd4-a501-a859808a0843","value":{"error":"no such element","message":"An element could not be located on the page using the given search parameters","stacktrace":"io.appium.uiautomator2.common.exceptions.ElementNotFoundException: An element could not be located on the page using the given search parameters\n\tat io.appium.uiautomator2.utils.ElementLocationHelpers.findElement(ElementLocationHelpers.java:156)\n\tat io.appium.uiautomator2.handler.FindElement.safeHandle(FindElement.java:60)\n\tat io.appium.uiautomator2.handler.request.SafeRequestHandler.handle(SafeRequestHandler.java:59)\n\tat io.appium.uiautomator2.server.AppiumServlet.handleRequest(AppiumServlet.java:277)\n\tat io.appium.uiautomator2.server.AppiumServlet.handleHttpRequest(AppiumServlet.java:271)\n\tat io.appium.uiautomator2.http.ServerHandler.channelRead(ServerHandler.java:68)\n\tat io.netty.channel.AbstractChannelHandlerContext.invokeChannelRead(AbstractChannelHandlerContext.java:366)\n\tat io.netty.channel.Abstr...
[debug] &amp#27;[38;5;128m[W3C]&amp#27;[0m Matched W3C error code 'no such element' to NoSuchElementError
[debug] &amp#27;[38;5;32m[AndroidUiautomator2Driver@b227 (fe0cd291)]&amp#27;[0m Waited for 2047 ms so far
[debug] &amp#27;[38;5;32m[AndroidUiautomator2Driver@b227 (fe0cd291)]&amp#27;[0m Matched '/element' to command name 'findElement'
[debug] &amp#27;[38;5;32m[AndroidUiautomator2Driver@b227 (fe0cd291)]&amp#27;[0m Proxying [POST /element] to [POST http://127.0.0.1:8200/session/85989a46-cbdd-4bd4-a501-a859808a0843/element] with body: {"strategy":"xpath","selector":"//android.widget.Button[@text='Allow']","context":"","multiple":false}
&amp#27;[38;5;32m[AndroidUiautomator2Driver@b227 (fe0cd291)]&amp#27;[0m Got response with status 404: {"sessionId":"85989a46-cbdd-4bd4-a501-a859808a0843","value":{"error":"no such element","message":"An element could not be located on the page using the given search parameters","stacktrace":"io.appium.uiautomator2.common.exceptions.ElementNotFoundException: An element could not be located on the page using the given search parameters\n\tat io.appium.uiautomator2.utils.ElementLocationHelpers.findElement(ElementLocationHelpers.java:156)\n\tat io.appium.uiautomator2.handler.FindElement.safeHandle(FindElement.java:60)\n\tat io.appium.uiautomator2.handler.request.SafeRequestHandler.handle(SafeRequestHandler.java:59)\n\tat io.appium.uiautomator2.server.AppiumServlet.handleRequest(AppiumServlet.java:277)\n\tat io.appium.uiautomator2.server.AppiumServlet.handleHttpRequest(AppiumServlet.java:271)\n\tat io.appium.uiautomator2.http.ServerHandler.channelRead(ServerHandler.java:68)\n\tat io.netty.channel.AbstractChannelHandlerContext.invokeChannelRead(AbstractChannelHandlerContext.java:366)\n\tat io.netty.channel.Abstr...
[debug] &amp#27;[38;5;128m[W3C]&amp#27;[0m Matched W3C error code 'no such element' to NoSuchElementError
[debug] &amp#27;[38;5;32m[AndroidUiautomator2Driver@b227 (fe0cd291)]&amp#27;[0m Waited for 2579 ms so far
[debug] &amp#27;[38;5;32m[AndroidUiautomator2Driver@b227 (fe0cd291)]&amp#27;[0m Matched '/element' to command name 'findElement'
[debug] &amp#27;[38;5;32m[AndroidUiautomator2Driver@b227 (fe0cd291)]&amp#27;[0m Proxying [POST /element] to [POST http://127.0.0.1:8200/session/85989a46-cbdd-4bd4-a501-a859808a0843/element] with body: {"strategy":"xpath","selector":"//android.widget.Button[@text='Allow']","context":"","multiple":false}
&amp#27;[38;5;32m[AndroidUiautomator2Driver@b227 (fe0cd291)]&amp#27;[0m Got response with status 404: {"sessionId":"85989a46-cbdd-4bd4-a501-a859808a0843","value":{"error":"no such element","message":"An element could not be located on the page using the given search parameters","stacktrace":"io.appium.uiautomator2.common.exceptions.ElementNotFoundException: An element could not be located on the page using the given search parameters\n\tat io.appium.uiautomator2.utils.ElementLocationHelpers.findElement(ElementLocationHelpers.java:156)\n\tat io.appium.uiautomator2.handler.FindElement.safeHandle(FindElement.java:60)\n\tat io.appium.uiautomator2.handler.request.SafeRequestHandler.handle(SafeRequestHandler.java:59)\n\tat io.appium.uiautomator2.server.AppiumServlet.handleRequest(AppiumServlet.java:277)\n\tat io.appium.uiautomator2.server.AppiumServlet.handleHttpRequest(AppiumServlet.java:271)\n\tat io.appium.uiautomator2.http.ServerHandler.channelRead(ServerHandler.java:68)\n\tat io.netty.channel.AbstractChannelHandlerContext.invokeChannelRead(AbstractChannelHandlerContext.java:366)\n\tat io.netty.channel.Abstr...
[debug] &amp#27;[38;5;128m[W3C]&amp#27;[0m Matched W3C error code 'no such element' to NoSuchElementError
[debug] &amp#27;[38;5;32m[AndroidUiautomator2Driver@b227 (fe0cd291)]&amp#27;[0m Waited for 3110 ms so far
[debug] &amp#27;[38;5;32m[AndroidUiautomator2Driver@b227 (fe0cd291)]&amp#27;[0m Matched '/element' to command name 'findElement'
[debug] &amp#27;[38;5;32m[AndroidUiautomator2Driver@b227 (fe0cd291)]&amp#27;[0m Proxying [POST /element] to [POST http://127.0.0.1:8200/session/85989a46-cbdd-4bd4-a501-a859808a0843/element] with body: {"strategy":"xpath","selector":"//android.widget.Button[@text='Allow']","context":"","multiple":false}
&amp#27;[38;5;32m[AndroidUiautomator2Driver@b227 (fe0cd291)]&amp#27;[0m Got response with status 404: {"sessionId":"85989a46-cbdd-4bd4-a501-a859808a0843","value":{"error":"no such element","message":"An element could not be located on the page using the given search parameters","stacktrace":"io.appium.uiautomator2.common.exceptions.ElementNotFoundException: An element could not be located on the page using the given search parameters\n\tat io.appium.uiautomator2.utils.ElementLocationHelpers.findElement(ElementLocationHelpers.java:156)\n\tat io.appium.uiautomator2.handler.FindElement.safeHandle(FindElement.java:60)\n\tat io.appium.uiautomator2.handler.request.SafeRequestHandler.handle(SafeRequestHandler.java:59)\n\tat io.appium.uiautomator2.server.AppiumServlet.handleRequest(AppiumServlet.java:277)\n\tat io.appium.uiautomator2.server.AppiumServlet.handleHttpRequest(AppiumServlet.java:271)\n\tat io.appium.uiautomator2.http.ServerHandler.channelRead(ServerHandler.java:68)\n\tat io.netty.channel.AbstractChannelHandlerContext.invokeChannelRead(AbstractChannelHandlerContext.java:366)\n\tat io.netty.channel.Abstr...
[debug] &amp#27;[38;5;128m[W3C]&amp#27;[0m Matched W3C error code 'no such element' to NoSuchElementError
[debug] &amp#27;[38;5;32m[AndroidUiautomator2Driver@b227 (fe0cd291)]&amp#27;[0m Waited for 3646 ms so far
[debug] &amp#27;[38;5;32m[AndroidUiautomator2Driver@b227 (fe0cd291)]&amp#27;[0m Matched '/element' to command name 'findElement'
[debug] &amp#27;[38;5;32m[AndroidUiautomator2Driver@b227 (fe0cd291)]&amp#27;[0m Proxying [POST /element] to [POST http://127.0.0.1:8200/session/85989a46-cbdd-4bd4-a501-a859808a0843/element] with body: {"strategy":"xpath","selector":"//android.widget.Button[@text='Allow']","context":"","multiple":false}
&amp#27;[38;5;32m[AndroidUiautomator2Driver@b227 (fe0cd291)]&amp#27;[0m Got response with status 404: {"sessionId":"85989a46-cbdd-4bd4-a501-a859808a0843","value":{"error":"no such element","message":"An element could not be located on the page using the given search parameters","stacktrace":"io.appium.uiautomator2.common.exceptions.ElementNotFoundException: An element could not be located on the page using the given search parameters\n\tat io.appium.uiautomator2.utils.ElementLocationHelpers.findElement(ElementLocationHelpers.java:156)\n\tat io.appium.uiautomator2.handler.FindElement.safeHandle(FindElement.java:60)\n\tat io.appium.uiautomator2.handler.request.SafeRequestHandler.handle(SafeRequestHandler.java:59)\n\tat io.appium.uiautomator2.server.AppiumServlet.handleRequest(AppiumServlet.java:277)\n\tat io.appium.uiautomator2.server.AppiumServlet.handleHttpRequest(AppiumServlet.java:271)\n\tat io.appium.uiautomator2.http.ServerHandler.channelRead(ServerHandler.java:68)\n\tat io.netty.channel.AbstractChannelHandlerContext.invokeChannelRead(AbstractChannelHandlerContext.java:366)\n\tat io.netty.channel.Abstr...
[debug] &amp#27;[38;5;128m[W3C]&amp#27;[0m Matched W3C error code 'no such element' to NoSuchElementError
[debug] &amp#27;[38;5;32m[AndroidUiautomator2Driver@b227 (fe0cd291)]&amp#27;[0m Waited for 4171 ms so far
[debug] &amp#27;[38;5;32m[AndroidUiautomator2Driver@b227 (fe0cd291)]&amp#27;[0m Matched '/element' to command name 'findElement'
[debug] &amp#27;[38;5;32m[AndroidUiautomator2Driver@b227 (fe0cd291)]&amp#27;[0m Proxying [POST /element] to [POST http://127.0.0.1:8200/session/85989a46-cbdd-4bd4-a501-a859808a0843/element] with body: {"strategy":"xpath","selector":"//android.widget.Button[@text='Allow']","context":"","multiple":false}
&amp#27;[38;5;32m[AndroidUiautomator2Driver@b227 (fe0cd291)]&amp#27;[0m Got response with status 404: {"sessionId":"85989a46-cbdd-4bd4-a501-a859808a0843","value":{"error":"no such element","message":"An element could not be located on the page using the given search parameters","stacktrace":"io.appium.uiautomator2.common.exceptions.ElementNotFoundException: An element could not be located on the page using the given search parameters\n\tat io.appium.uiautomator2.utils.ElementLocationHelpers.findElement(ElementLocationHelpers.java:156)\n\tat io.appium.uiautomator2.handler.FindElement.safeHandle(FindElement.java:60)\n\tat io.appium.uiautomator2.handler.request.SafeRequestHandler.handle(SafeRequestHandler.java:59)\n\tat io.appium.uiautomator2.server.AppiumServlet.handleRequest(AppiumServlet.java:277)\n\tat io.appium.uiautomator2.server.AppiumServlet.handleHttpRequest(AppiumServlet.java:271)\n\tat io.appium.uiautomator2.http.ServerHandler.channelRead(ServerHandler.java:68)\n\tat io.netty.channel.AbstractChannelHandlerContext.invokeChannelRead(AbstractChannelHandlerContext.java:366)\n\tat io.netty.channel.Abstr...
[debug] &amp#27;[38;5;128m[W3C]&amp#27;[0m Matched W3C error code 'no such element' to NoSuchElementError
[debug] &amp#27;[38;5;32m[AndroidUiautomator2Driver@b227 (fe0cd291)]&amp#27;[0m Waited for 4707 ms so far
[debug] &amp#27;[38;5;32m[AndroidUiautomator2Driver@b227 (fe0cd291)]&amp#27;[0m Matched '/element' to command name 'findElement'
[debug] &amp#27;[38;5;32m[AndroidUiautomator2Driver@b227 (fe0cd291)]&amp#27;[0m Proxying [POST /element] to [POST http://127.0.0.1:8200/session/85989a46-cbdd-4bd4-a501-a859808a0843/element] with body: {"strategy":"xpath","selector":"//android.widget.Button[@text='Allow']","context":"","multiple":false}
&amp#27;[38;5;32m[AndroidUiautomator2Driver@b227 (fe0cd291)]&amp#27;[0m Got response with status 404: {"sessionId":"85989a46-cbdd-4bd4-a501-a859808a0843","value":{"error":"no such element","message":"An element could not be located on the page using the given search parameters","stacktrace":"io.appium.uiautomator2.common.exceptions.ElementNotFoundException: An element could not be located on the page using the given search parameters\n\tat io.appium.uiautomator2.utils.ElementLocationHelpers.findElement(ElementLocationHelpers.java:156)\n\tat io.appium.uiautomator2.handler.FindElement.safeHandle(FindElement.java:60)\n\tat io.appium.uiautomator2.handler.request.SafeRequestHandler.handle(SafeRequestHandler.java:59)\n\tat io.appium.uiautomator2.server.AppiumServlet.handleRequest(AppiumServlet.java:277)\n\tat io.appium.uiautomator2.server.AppiumServlet.handleHttpRequest(AppiumServlet.java:271)\n\tat io.appium.uiautomator2.http.ServerHandler.channelRead(ServerHandler.java:68)\n\tat io.netty.channel.AbstractChannelHandlerContext.invokeChannelRead(AbstractChannelHandlerContext.java:366)\n\tat io.netty.channel.Abstr...
[debug] &amp#27;[38;5;128m[W3C]&amp#27;[0m Matched W3C error code 'no such element' to NoSuchElementError
[debug] &amp#27;[38;5;32m[AndroidUiautomator2Driver@b227 (fe0cd291)]&amp#27;[0m Waited for 5243 ms so far
[debug] &amp#27;[38;5;32m[AndroidUiautomator2Driver@b227 (fe0cd291)]&amp#27;[0m Matched '/element' to command name 'findElement'
[debug] &amp#27;[38;5;32m[AndroidUiautomator2Driver@b227 (fe0cd291)]&amp#27;[0m Proxying [POST /element] to [POST http://127.0.0.1:8200/session/85989a46-cbdd-4bd4-a501-a859808a0843/element] with body: {"strategy":"xpath","selector":"//android.widget.Button[@text='Allow']","context":"","multiple":false}
&amp#27;[38;5;32m[AndroidUiautomator2Driver@b227 (fe0cd291)]&amp#27;[0m Got response with status 404: {"sessionId":"85989a46-cbdd-4bd4-a501-a859808a0843","value":{"error":"no such element","message":"An element could not be located on the page using the given search parameters","stacktrace":"io.appium.uiautomator2.common.exceptions.ElementNotFoundException: An element could not be located on the page using the given search parameters\n\tat io.appium.uiautomator2.utils.ElementLocationHelpers.findElement(ElementLocationHelpers.java:156)\n\tat io.appium.uiautomator2.handler.FindElement.safeHandle(FindElement.java:60)\n\tat io.appium.uiautomator2.handler.request.SafeRequestHandler.handle(SafeRequestHandler.java:59)\n\tat io.appium.uiautomator2.server.AppiumServlet.handleRequest(AppiumServlet.java:277)\n\tat io.appium.uiautomator2.server.AppiumServlet.handleHttpRequest(AppiumServlet.java:271)\n\tat io.appium.uiautomator2.http.ServerHandler.channelRead(ServerHandler.java:68)\n\tat io.netty.channel.AbstractChannelHandlerContext.invokeChannelRead(AbstractChannelHandlerContext.java:366)\n\tat io.netty.channel.Abstr...
[debug] &amp#27;[38;5;128m[W3C]&amp#27;[0m Matched W3C error code 'no such element' to NoSuchElementError
[debug] &amp#27;[38;5;32m[AndroidUiautomator2Driver@b227 (fe0cd291)]&amp#27;[0m Waited for 5760 ms so far
[debug] &amp#27;[38;5;32m[AndroidUiautomator2Driver@b227 (fe0cd291)]&amp#27;[0m Matched '/element' to command name 'findElement'
[debug] &amp#27;[38;5;32m[AndroidUiautomator2Driver@b227 (fe0cd291)]&amp#27;[0m Proxying [POST /element] to [POST http://127.0.0.1:8200/session/85989a46-cbdd-4bd4-a501-a859808a0843/element] with body: {"strategy":"xpath","selector":"//android.widget.Button[@text='Allow']","context":"","multiple":false}
&amp#27;[38;5;32m[AndroidUiautomator2Driver@b227 (fe0cd291)]&amp#27;[0m Got response with status 404: {"sessionId":"85989a46-cbdd-4bd4-a501-a859808a0843","value":{"error":"no such element","message":"An element could not be located on the page using the given search parameters","stacktrace":"io.appium.uiautomator2.common.exceptions.ElementNotFoundException: An element could not be located on the page using the given search parameters\n\tat io.appium.uiautomator2.utils.ElementLocationHelpers.findElement(ElementLocationHelpers.java:156)\n\tat io.appium.uiautomator2.handler.FindElement.safeHandle(FindElement.java:60)\n\tat io.appium.uiautomator2.handler.request.SafeRequestHandler.handle(SafeRequestHandler.java:59)\n\tat io.appium.uiautomator2.server.AppiumServlet.handleRequest(AppiumServlet.java:277)\n\tat io.appium.uiautomator2.server.AppiumServlet.handleHttpRequest(AppiumServlet.java:271)\n\tat io.appium.uiautomator2.http.ServerHandler.channelRead(ServerHandler.java:68)\n\tat io.netty.channel.AbstractChannelHandlerContext.invokeChannelRead(AbstractChannelHandlerContext.java:366)\n\tat io.netty.channel.Abstr...
[debug] &amp#27;[38;5;128m[W3C]&amp#27;[0m Matched W3C error code 'no such element' to NoSuchElementError
[debug] &amp#27;[38;5;32m[AndroidUiautomator2Driver@b227 (fe0cd291)]&amp#27;[0m Encountered internal error running command: NoSuchElementError: An element could not be located on the page using the given search parameters.
[debug] &amp#27;[38;5;32m[AndroidUiautomator2Driver@b227 (fe0cd291)]&amp#27;[0m     at AndroidUiautomator2Driver.findElOrEls (C:\Users\daniel.ogagavworia\.appium\node_modules\appium-uiautomator2-driver\node_modules\appium-android-driver\lib\commands\find.js:75:11)
[debug] &amp#27;[38;5;32m[AndroidUiautomator2Driver@b227 (fe0cd291)]&amp#27;[0m     at processTicksAndRejections (node:internal/process/task_queues:95:5)
[debug] &amp#27;[38;5;32m[AndroidUiautomator2Driver@b227 (fe0cd291)]&amp#27;[0m     at AndroidUiautomator2Driver.findElOrElsWithProcessing (C:\Users\daniel.ogagavworia\AppData\Roaming\npm\node_modules\appium\node_modules\@appium\base-driver\lib\basedriver\commands\find.ts:60:12)
[debug] &amp#27;[38;5;32m[AndroidUiautomator2Driver@b227 (fe0cd291)]&amp#27;[0m     at AndroidUiautomator2Driver.findElement (C:\Users\daniel.ogagavworia\AppData\Roaming\npm\node_modules\appium\node_modules\@appium\base-driver\lib\basedriver\commands\find.ts:75:12)
&amp#27;[38;5;0m[HTTP]&amp#27;[0m &amp#27;[37m<-- POST /session/fe0cd291-8f79-4212-8568-b4785b2dee12/element &amp#27;[39m&amp#27;[33m404&amp#27;[39m &amp#27;[90m6024 ms - 929&amp#27;[39m
&amp#27;[38;5;0m[HTTP]&amp#27;[0m &amp#27;[90m&amp#27;[39m
&amp#27;[38;5;0m[HTTP]&amp#27;[0m &amp#27;[37m-->&amp#27;[39m &amp#27;[37mPOST&amp#27;[39m &amp#27;[37m/session/fe0cd291-8f79-4212-8568-b4785b2dee12/element&amp#27;[39m
&amp#27;[38;5;0m[HTTP]&amp#27;[0m &amp#27;[90m{"using":"xpath","value":"//android.widget.TextView[@text='REGISTER']"}&amp#27;[39m
[debug] &amp#27;[38;5;32m[AndroidUiautomator2Driver@b227 (fe0cd291)]&amp#27;[0m Calling AppiumDriver.findElement() with args: ["xpath","//android.widget.TextView[@text='REGISTER']","fe0cd291-8f79-4212-8568-b4785b2dee12"]
[debug] &amp#27;[38;5;32m[AndroidUiautomator2Driver@b227 (fe0cd291)]&amp#27;[0m Valid locator strategies for this request: xpath, id, class name, accessibility id, css selector, -android uiautomator
[debug] &amp#27;[38;5;32m[AndroidUiautomator2Driver@b227 (fe0cd291)]&amp#27;[0m Waiting up to 6000 ms for condition
[debug] &amp#27;[38;5;32m[AndroidUiautomator2Driver@b227 (fe0cd291)]&amp#27;[0m Matched '/element' to command name 'findElement'
[debug] &amp#27;[38;5;32m[AndroidUiautomator2Driver@b227 (fe0cd291)]&amp#27;[0m Proxying [POST /element] to [POST http://127.0.0.1:8200/session/85989a46-cbdd-4bd4-a501-a859808a0843/element] with body: {"strategy":"xpath","selector":"//android.widget.TextView[@text='REGISTER']","context":"","multiple":false}
[debug] &amp#27;[38;5;32m[AndroidUiautomator2Driver@b227 (fe0cd291)]&amp#27;[0m Got response with status 200: {"sessionId":"85989a46-cbdd-4bd4-a501-a859808a0843","value":{"ELEMENT":"00000000-0000-0032-ffff-ffff0000002e","element-6066-11e4-a52e-4f735466cecf":"00000000-0000-0032-ffff-ffff0000002e"}}
[debug] &amp#27;[38;5;32m[AndroidUiautomator2Driver@b227 (fe0cd291)]&amp#27;[0m Responding to client with driver.findElement() result: {"element-6066-11e4-a52e-4f735466cecf":"00000000-0000-0032-ffff-ffff0000002e","ELEMENT":"00000000-0000-0032-ffff-ffff0000002e"}
&amp#27;[38;5;0m[HTTP]&amp#27;[0m &amp#27;[37m<-- POST /session/fe0cd291-8f79-4212-8568-b4785b2dee12/element &amp#27;[39m&amp#27;[32m200&amp#27;[39m &amp#27;[90m17 ms - 137&amp#27;[39m
&amp#27;[38;5;0m[HTTP]&amp#27;[0m &amp#27;[90m&amp#27;[39m
&amp#27;[38;5;0m[HTTP]&amp#27;[0m &amp#27;[37m-->&amp#27;[39m &amp#27;[37mPOST&amp#27;[39m &amp#27;[37m/session/fe0cd291-8f79-4212-8568-b4785b2dee12/element/00000000-0000-0032-ffff-ffff0000002e/click&amp#27;[39m
&amp#27;[38;5;0m[HTTP]&amp#27;[0m &amp#27;[90m{"id":"00000000-0000-0032-ffff-ffff0000002e"}&amp#27;[39m
[debug] &amp#27;[38;5;32m[AndroidUiautomator2Driver@b227 (fe0cd291)]&amp#27;[0m Calling AppiumDriver.click() with args: ["00000000-0000-0032-ffff-ffff0000002e","fe0cd291-8f79-4212-8568-b4785b2dee12"]
[debug] &amp#27;[38;5;32m[AndroidUiautomator2Driver@b227 (fe0cd291)]&amp#27;[0m Matched '/element/00000000-0000-0032-ffff-ffff0000002e/click' to command name 'click'
[debug] &amp#27;[38;5;32m[AndroidUiautomator2Driver@b227 (fe0cd291)]&amp#27;[0m Proxying [POST /element/00000000-0000-0032-ffff-ffff0000002e/click] to [POST http://127.0.0.1:8200/session/85989a46-cbdd-4bd4-a501-a859808a0843/element/00000000-0000-0032-ffff-ffff0000002e/click] with body: {"element":"00000000-0000-0032-ffff-ffff0000002e"}
[debug] &amp#27;[38;5;32m[AndroidUiautomator2Driver@b227 (fe0cd291)]&amp#27;[0m Got response with status 200: {"sessionId":"85989a46-cbdd-4bd4-a501-a859808a0843","value":null}
[debug] &amp#27;[38;5;32m[AndroidUiautomator2Driver@b227 (fe0cd291)]&amp#27;[0m Responding to client with driver.click() result: null
&amp#27;[38;5;0m[HTTP]&amp#27;[0m &amp#27;[37m<-- POST /session/fe0cd291-8f79-4212-8568-b4785b2dee12/element/00000000-0000-0032-ffff-ffff0000002e/click &amp#27;[39m&amp#27;[32m200&amp#27;[39m &amp#27;[90m56 ms - 14&amp#27;[39m
&amp#27;[38;5;0m[HTTP]&amp#27;[0m &amp#27;[90m&amp#27;[39m
&amp#27;[38;5;0m[HTTP]&amp#27;[0m &amp#27;[37m-->&amp#27;[39m &amp#27;[37mPOST&amp#27;[39m &amp#27;[37m/session/fe0cd291-8f79-4212-8568-b4785b2dee12/timeouts&amp#27;[39m
&amp#27;[38;5;0m[HTTP]&amp#27;[0m &amp#27;[90m{"implicit":10000}&amp#27;[39m
[debug] &amp#27;[38;5;32m[AndroidUiautomator2Driver@b227 (fe0cd291)]&amp#27;[0m Calling AppiumDriver.timeouts() with args: [null,null,null,null,10000,"fe0cd291-8f79-4212-8568-b4785b2dee12"]
[debug] &amp#27;[38;5;32m[AndroidUiautomator2Driver@b227 (fe0cd291)]&amp#27;[0m W3C timeout argument: {"implicit":10000}}
[debug] &amp#27;[38;5;32m[AndroidUiautomator2Driver@b227 (fe0cd291)]&amp#27;[0m Set implicit wait to 10000ms
[debug] &amp#27;[38;5;32m[AndroidUiautomator2Driver@b227 (fe0cd291)]&amp#27;[0m Responding to client with driver.timeouts() result: null
&amp#27;[38;5;0m[HTTP]&amp#27;[0m &amp#27;[37m<-- POST /session/fe0cd291-8f79-4212-8568-b4785b2dee12/timeouts &amp#27;[39m&amp#27;[32m200&amp#27;[39m &amp#27;[90m1 ms - 14&amp#27;[39m
&amp#27;[38;5;0m[HTTP]&amp#27;[0m &amp#27;[90m&amp#27;[39m
&amp#27;[38;5;0m[HTTP]&amp#27;[0m &amp#27;[37m-->&amp#27;[39m &amp#27;[37mPOST&amp#27;[39m &amp#27;[37m/session/fe0cd291-8f79-4212-8568-b4785b2dee12/element&amp#27;[39m
&amp#27;[38;5;0m[HTTP]&amp#27;[0m &amp#27;[90m{"using":"xpath","value":"//android.widget.EditText[@index=3]"}&amp#27;[39m
[debug] &amp#27;[38;5;32m[AndroidUiautomator2Driver@b227 (fe0cd291)]&amp#27;[0m Calling AppiumDriver.findElement() with args: ["xpath","//android.widget.EditText[@index=3]","fe0cd291-8f79-4212-8568-b4785b2dee12"]
[debug] &amp#27;[38;5;32m[AndroidUiautomator2Driver@b227 (fe0cd291)]&amp#27;[0m Valid locator strategies for this request: xpath, id, class name, accessibility id, css selector, -android uiautomator
[debug] &amp#27;[38;5;32m[AndroidUiautomator2Driver@b227 (fe0cd291)]&amp#27;[0m Waiting up to 10000 ms for condition
[debug] &amp#27;[38;5;32m[AndroidUiautomator2Driver@b227 (fe0cd291)]&amp#27;[0m Matched '/element' to command name 'findElement'
[debug] &amp#27;[38;5;32m[AndroidUiautomator2Driver@b227 (fe0cd291)]&amp#27;[0m Proxying [POST /element] to [POST http://127.0.0.1:8200/session/85989a46-cbdd-4bd4-a501-a859808a0843/element] with body: {"strategy":"xpath","selector":"//android.widget.EditText[@index=3]","context":"","multiple":false}
&amp#27;[38;5;32m[AndroidUiautomator2Driver@b227 (fe0cd291)]&amp#27;[0m Got response with status 404: {"sessionId":"85989a46-cbdd-4bd4-a501-a859808a0843","value":{"error":"no such element","message":"An element could not be located on the page using the given search parameters","stacktrace":"io.appium.uiautomator2.common.exceptions.ElementNotFoundException: An element could not be located on the page using the given search parameters\n\tat io.appium.uiautomator2.utils.ElementLocationHelpers.findElement(ElementLocationHelpers.java:156)\n\tat io.appium.uiautomator2.handler.FindElement.safeHandle(FindElement.java:60)\n\tat io.appium.uiautomator2.handler.request.SafeRequestHandler.handle(SafeRequestHandler.java:59)\n\tat io.appium.uiautomator2.server.AppiumServlet.handleRequest(AppiumServlet.java:277)\n\tat io.appium.uiautomator2.server.AppiumServlet.handleHttpRequest(AppiumServlet.java:271)\n\tat io.appium.uiautomator2.http.ServerHandler.channelRead(ServerHandler.java:68)\n\tat io.netty.channel.AbstractChannelHandlerContext.invokeChannelRead(AbstractChannelHandlerContext.java:366)\n\tat io.netty.channel.Abstr...
[debug] &amp#27;[38;5;128m[W3C]&amp#27;[0m Matched W3C error code 'no such element' to NoSuchElementError
[debug] &amp#27;[38;5;32m[AndroidUiautomator2Driver@b227 (fe0cd291)]&amp#27;[0m Waited for 25 ms so far
[debug] &amp#27;[38;5;32m[AndroidUiautomator2Driver@b227 (fe0cd291)]&amp#27;[0m Matched '/element' to command name 'findElement'
[debug] &amp#27;[38;5;32m[AndroidUiautomator2Driver@b227 (fe0cd291)]&amp#27;[0m Proxying [POST /element] to [POST http://127.0.0.1:8200/session/85989a46-cbdd-4bd4-a501-a859808a0843/element] with body: {"strategy":"xpath","selector":"//android.widget.EditText[@index=3]","context":"","multiple":false}
[debug] &amp#27;[38;5;32m[AndroidUiautomator2Driver@b227 (fe0cd291)]&amp#27;[0m Got response with status 200: {"sessionId":"85989a46-cbdd-4bd4-a501-a859808a0843","value":{"ELEMENT":"00000000-0000-0032-ffff-ffff00000302","element-6066-11e4-a52e-4f735466cecf":"00000000-0000-0032-ffff-ffff00000302"}}
[debug] &amp#27;[38;5;32m[AndroidUiautomator2Driver@b227 (fe0cd291)]&amp#27;[0m Responding to client with driver.findElement() result: {"element-6066-11e4-a52e-4f735466cecf":"00000000-0000-0032-ffff-ffff00000302","ELEMENT":"00000000-0000-0032-ffff-ffff00000302"}
&amp#27;[38;5;0m[HTTP]&amp#27;[0m &amp#27;[37m<-- POST /session/fe0cd291-8f79-4212-8568-b4785b2dee12/element &amp#27;[39m&amp#27;[32m200&amp#27;[39m &amp#27;[90m1055 ms - 137&amp#27;[39m
&amp#27;[38;5;0m[HTTP]&amp#27;[0m &amp#27;[90m&amp#27;[39m
&amp#27;[38;5;0m[HTTP]&amp#27;[0m &amp#27;[37m-->&amp#27;[39m &amp#27;[37mPOST&amp#27;[39m &amp#27;[37m/session/fe0cd291-8f79-4212-8568-b4785b2dee12/element/00000000-0000-0032-ffff-ffff00000302/value&amp#27;[39m
&amp#27;[38;5;0m[HTTP]&amp#27;[0m &amp#27;[90m{"id":"00000000-0000-0032-ffff-ffff00000302","text":"Daniel Ogaga","value":["D","a","n","i","e","l"," ","O","g","a","g","a"]}&amp#27;[39m
[debug] &amp#27;[38;5;32m[AndroidUiautomator2Driver@b227 (fe0cd291)]&amp#27;[0m Calling AppiumDriver.setValue() with args: [["D","a","n","i","e","l"," ","O","g","a","g","a"],"00000000-0000-0032-ffff-ffff00000302","fe0cd291-8f79-4212-8568-b4785b2dee12"]
[debug] &amp#27;[38;5;32m[AndroidUiautomator2Driver@b227 (fe0cd291)]&amp#27;[0m Matched '/element/00000000-0000-0032-ffff-ffff00000302/value' to command name 'setValue'
[debug] &amp#27;[38;5;32m[AndroidUiautomator2Driver@b227 (fe0cd291)]&amp#27;[0m Added 'value' property ["D","a","n","i","e","l"," ","O","g","a","g","a"] to 'setValue' request body
[debug] &amp#27;[38;5;32m[AndroidUiautomator2Driver@b227 (fe0cd291)]&amp#27;[0m Proxying [POST /element/00000000-0000-0032-ffff-ffff00000302/value] to [POST http://127.0.0.1:8200/session/85989a46-cbdd-4bd4-a501-a859808a0843/element/00000000-0000-0032-ffff-ffff00000302/value] with body: {"elementId":"00000000-0000-0032-ffff-ffff00000302","text":"Daniel Ogaga","replace":false,"value":["D","a","n","i","e","l"," ","O","g","a","g","a"]}
[debug] &amp#27;[38;5;32m[AndroidUiautomator2Driver@b227 (fe0cd291)]&amp#27;[0m Got response with status 200: {"sessionId":"85989a46-cbdd-4bd4-a501-a859808a0843","value":null}
[debug] &amp#27;[38;5;32m[AndroidUiautomator2Driver@b227 (fe0cd291)]&amp#27;[0m Responding to client with driver.setValue() result: null
&amp#27;[38;5;0m[HTTP]&amp#27;[0m &amp#27;[37m<-- POST /session/fe0cd291-8f79-4212-8568-b4785b2dee12/element/00000000-0000-0032-ffff-ffff00000302/value &amp#27;[39m&amp#27;[32m200&amp#27;[39m &amp#27;[90m14 ms - 14&amp#27;[39m
&amp#27;[38;5;0m[HTTP]&amp#27;[0m &amp#27;[90m&amp#27;[39m
&amp#27;[38;5;0m[HTTP]&amp#27;[0m &amp#27;[37m-->&amp#27;[39m &amp#27;[37mPOST&amp#27;[39m &amp#27;[37m/session/fe0cd291-8f79-4212-8568-b4785b2dee12/element&amp#27;[39m
&amp#27;[38;5;0m[HTTP]&amp#27;[0m &amp#27;[90m{"using":"xpath","value":"//android.widget.EditText[@index=6]"}&amp#27;[39m
[debug] &amp#27;[38;5;32m[AndroidUiautomator2Driver@b227 (fe0cd291)]&amp#27;[0m Calling AppiumDriver.findElement() with args: ["xpath","//android.widget.EditText[@index=6]","fe0cd291-8f79-4212-8568-b4785b2dee12"]
[debug] &amp#27;[38;5;32m[AndroidUiautomator2Driver@b227 (fe0cd291)]&amp#27;[0m Valid locator strategies for this request: xpath, id, class name, accessibility id, css selector, -android uiautomator
[debug] &amp#27;[38;5;32m[AndroidUiautomator2Driver@b227 (fe0cd291)]&amp#27;[0m Waiting up to 10000 ms for condition
[debug] &amp#27;[38;5;32m[AndroidUiautomator2Driver@b227 (fe0cd291)]&amp#27;[0m Matched '/element' to command name 'findElement'
[debug] &amp#27;[38;5;32m[AndroidUiautomator2Driver@b227 (fe0cd291)]&amp#27;[0m Proxying [POST /element] to [POST http://127.0.0.1:8200/session/85989a46-cbdd-4bd4-a501-a859808a0843/element] with body: {"strategy":"xpath","selector":"//android.widget.EditText[@index=6]","context":"","multiple":false}
[debug] &amp#27;[38;5;32m[AndroidUiautomator2Driver@b227 (fe0cd291)]&amp#27;[0m Got response with status 200: {"sessionId":"85989a46-cbdd-4bd4-a501-a859808a0843","value":{"ELEMENT":"00000000-0000-0032-ffff-ffff00000305","element-6066-11e4-a52e-4f735466cecf":"00000000-0000-0032-ffff-ffff00000305"}}
[debug] &amp#27;[38;5;32m[AndroidUiautomator2Driver@b227 (fe0cd291)]&amp#27;[0m Responding to client with driver.findElement() result: {"element-6066-11e4-a52e-4f735466cecf":"00000000-0000-0032-ffff-ffff00000305","ELEMENT":"00000000-0000-0032-ffff-ffff00000305"}
&amp#27;[38;5;0m[HTTP]&amp#27;[0m &amp#27;[37m<-- POST /session/fe0cd291-8f79-4212-8568-b4785b2dee12/element &amp#27;[39m&amp#27;[32m200&amp#27;[39m &amp#27;[90m521 ms - 137&amp#27;[39m
&amp#27;[38;5;0m[HTTP]&amp#27;[0m &amp#27;[90m&amp#27;[39m
&amp#27;[38;5;0m[HTTP]&amp#27;[0m &amp#27;[37m-->&amp#27;[39m &amp#27;[37mPOST&amp#27;[39m &amp#27;[37m/session/fe0cd291-8f79-4212-8568-b4785b2dee12/element/00000000-0000-0032-ffff-ffff00000305/value&amp#27;[39m
&amp#27;[38;5;0m[HTTP]&amp#27;[0m &amp#27;[90m{"id":"00000000-0000-0032-ffff-ffff00000305","text":"vada.deckow@yaoo.com","value":["v","a","d","a",".","d","e","c","k","o","w","@","y","a","o","o",".","c","o","m"]}&amp#27;[39m
[debug] &amp#27;[38;5;32m[AndroidUiautomator2Driver@b227 (fe0cd291)]&amp#27;[0m Calling AppiumDriver.setValue() with args: [["v","a","d","a",".","d","e","c","k","o","w","@","y","a","o","o",".","c","o","m"],"00000000-0000-0032-ffff-ffff00000305","fe0cd291-8f79-4212-8568-b4785b2dee12"]
[debug] &amp#27;[38;5;32m[AndroidUiautomator2Driver@b227 (fe0cd291)]&amp#27;[0m Matched '/element/00000000-0000-0032-ffff-ffff00000305/value' to command name 'setValue'
[debug] &amp#27;[38;5;32m[AndroidUiautomator2Driver@b227 (fe0cd291)]&amp#27;[0m Added 'value' property ["v","a","d","a",".","d","e","c","k","o","w","@","y","a","o","o",".","c","o","m"] to 'setValue' request body
[debug] &amp#27;[38;5;32m[AndroidUiautomator2Driver@b227 (fe0cd291)]&amp#27;[0m Proxying [POST /element/00000000-0000-0032-ffff-ffff00000305/value] to [POST http://127.0.0.1:8200/session/85989a46-cbdd-4bd4-a501-a859808a0843/element/00000000-0000-0032-ffff-ffff00000305/value] with body: {"elementId":"00000000-0000-0032-ffff-ffff00000305","text":"vada.deckow@yaoo.com","replace":false,"value":["v","a","d","a",".","d","e","c","k","o","w","@","y","a","o","o",".","c","o","m"]}
[debug] &amp#27;[38;5;32m[AndroidUiautomator2Driver@b227 (fe0cd291)]&amp#27;[0m Got response with status 200: {"sessionId":"85989a46-cbdd-4bd4-a501-a859808a0843","value":null}
[debug] &amp#27;[38;5;32m[AndroidUiautomator2Driver@b227 (fe0cd291)]&amp#27;[0m Responding to client with driver.setValue() result: null
&amp#27;[38;5;0m[HTTP]&amp#27;[0m &amp#27;[37m<-- POST /session/fe0cd291-8f79-4212-8568-b4785b2dee12/element/00000000-0000-0032-ffff-ffff00000305/value &amp#27;[39m&amp#27;[32m200&amp#27;[39m &amp#27;[90m11 ms - 14&amp#27;[39m
&amp#27;[38;5;0m[HTTP]&amp#27;[0m &amp#27;[90m&amp#27;[39m
&amp#27;[38;5;0m[HTTP]&amp#27;[0m &amp#27;[37m-->&amp#27;[39m &amp#27;[37mPOST&amp#27;[39m &amp#27;[37m/session/fe0cd291-8f79-4212-8568-b4785b2dee12/element&amp#27;[39m
&amp#27;[38;5;0m[HTTP]&amp#27;[0m &amp#27;[90m{"using":"xpath","value":"//android.widget.EditText[@index=9]"}&amp#27;[39m
[debug] &amp#27;[38;5;32m[AndroidUiautomator2Driver@b227 (fe0cd291)]&amp#27;[0m Calling AppiumDriver.findElement() with args: ["xpath","//android.widget.EditText[@index=9]","fe0cd291-8f79-4212-8568-b4785b2dee12"]
[debug] &amp#27;[38;5;32m[AndroidUiautomator2Driver@b227 (fe0cd291)]&amp#27;[0m Valid locator strategies for this request: xpath, id, class name, accessibility id, css selector, -android uiautomator
[debug] &amp#27;[38;5;32m[AndroidUiautomator2Driver@b227 (fe0cd291)]&amp#27;[0m Waiting up to 10000 ms for condition
[debug] &amp#27;[38;5;32m[AndroidUiautomator2Driver@b227 (fe0cd291)]&amp#27;[0m Matched '/element' to command name 'findElement'
[debug] &amp#27;[38;5;32m[AndroidUiautomator2Driver@b227 (fe0cd291)]&amp#27;[0m Proxying [POST /element] to [POST http://127.0.0.1:8200/session/85989a46-cbdd-4bd4-a501-a859808a0843/element] with body: {"strategy":"xpath","selector":"//android.widget.EditText[@index=9]","context":"","multiple":false}
[debug] &amp#27;[38;5;32m[AndroidUiautomator2Driver@b227 (fe0cd291)]&amp#27;[0m Got response with status 200: {"sessionId":"85989a46-cbdd-4bd4-a501-a859808a0843","value":{"ELEMENT":"00000000-0000-0032-ffff-ffff00000308","element-6066-11e4-a52e-4f735466cecf":"00000000-0000-0032-ffff-ffff00000308"}}
[debug] &amp#27;[38;5;32m[AndroidUiautomator2Driver@b227 (fe0cd291)]&amp#27;[0m Responding to client with driver.findElement() result: {"element-6066-11e4-a52e-4f735466cecf":"00000000-0000-0032-ffff-ffff00000308","ELEMENT":"00000000-0000-0032-ffff-ffff00000308"}
&amp#27;[38;5;0m[HTTP]&amp#27;[0m &amp#27;[37m<-- POST /session/fe0cd291-8f79-4212-8568-b4785b2dee12/element &amp#27;[39m&amp#27;[32m200&amp#27;[39m &amp#27;[90m39 ms - 137&amp#27;[39m
&amp#27;[38;5;0m[HTTP]&amp#27;[0m &amp#27;[90m&amp#27;[39m
&amp#27;[38;5;0m[HTTP]&amp#27;[0m &amp#27;[37m-->&amp#27;[39m &amp#27;[37mPOST&amp#27;[39m &amp#27;[37m/session/fe0cd291-8f79-4212-8568-b4785b2dee12/element/00000000-0000-0032-ffff-ffff00000308/value&amp#27;[39m
&amp#27;[38;5;0m[HTTP]&amp#27;[0m &amp#27;[90m{"id":"00000000-0000-0032-ffff-ffff00000308","text":"08033443048","value":["0","8","0","3","3","4","4","3","0","4","8"]}&amp#27;[39m
[debug] &amp#27;[38;5;32m[AndroidUiautomator2Driver@b227 (fe0cd291)]&amp#27;[0m Calling AppiumDriver.setValue() with args: [["0","8","0","3","3","4","4","3","0","4","8"],"00000000-0000-0032-ffff-ffff00000308","fe0cd291-8f79-4212-8568-b4785b2dee12"]
[debug] &amp#27;[38;5;32m[AndroidUiautomator2Driver@b227 (fe0cd291)]&amp#27;[0m Matched '/element/00000000-0000-0032-ffff-ffff00000308/value' to command name 'setValue'
[debug] &amp#27;[38;5;32m[AndroidUiautomator2Driver@b227 (fe0cd291)]&amp#27;[0m Added 'value' property ["0","8","0","3","3","4","4","3","0","4","8"] to 'setValue' request body
[debug] &amp#27;[38;5;32m[AndroidUiautomator2Driver@b227 (fe0cd291)]&amp#27;[0m Proxying [POST /element/00000000-0000-0032-ffff-ffff00000308/value] to [POST http://127.0.0.1:8200/session/85989a46-cbdd-4bd4-a501-a859808a0843/element/00000000-0000-0032-ffff-ffff00000308/value] with body: {"elementId":"00000000-0000-0032-ffff-ffff00000308","text":"08033443048","replace":false,"value":["0","8","0","3","3","4","4","3","0","4","8"]}
[debug] &amp#27;[38;5;32m[AndroidUiautomator2Driver@b227 (fe0cd291)]&amp#27;[0m Got response with status 200: {"sessionId":"85989a46-cbdd-4bd4-a501-a859808a0843","value":null}
[debug] &amp#27;[38;5;32m[AndroidUiautomator2Driver@b227 (fe0cd291)]&amp#27;[0m Responding to client with driver.setValue() result: null
&amp#27;[38;5;0m[HTTP]&amp#27;[0m &amp#27;[37m<-- POST /session/fe0cd291-8f79-4212-8568-b4785b2dee12/element/00000000-0000-0032-ffff-ffff00000308/value &amp#27;[39m&amp#27;[32m200&amp#27;[39m &amp#27;[90m464 ms - 14&amp#27;[39m
&amp#27;[38;5;0m[HTTP]&amp#27;[0m &amp#27;[90m&amp#27;[39m
&amp#27;[38;5;0m[HTTP]&amp#27;[0m &amp#27;[37m-->&amp#27;[39m &amp#27;[37mPOST&amp#27;[39m &amp#27;[37m/session/fe0cd291-8f79-4212-8568-b4785b2dee12/element&amp#27;[39m
&amp#27;[38;5;0m[HTTP]&amp#27;[0m &amp#27;[90m{"using":"xpath","value":"//android.widget.EditText[@index=12]"}&amp#27;[39m
[debug] &amp#27;[38;5;32m[AndroidUiautomator2Driver@b227 (fe0cd291)]&amp#27;[0m Calling AppiumDriver.findElement() with args: ["xpath","//android.widget.EditText[@index=12]","fe0cd291-8f79-4212-8568-b4785b2dee12"]
[debug] &amp#27;[38;5;32m[AndroidUiautomator2Driver@b227 (fe0cd291)]&amp#27;[0m Valid locator strategies for this request: xpath, id, class name, accessibility id, css selector, -android uiautomator
[debug] &amp#27;[38;5;32m[AndroidUiautomator2Driver@b227 (fe0cd291)]&amp#27;[0m Waiting up to 10000 ms for condition
[debug] &amp#27;[38;5;32m[AndroidUiautomator2Driver@b227 (fe0cd291)]&amp#27;[0m Matched '/element' to command name 'findElement'
[debug] &amp#27;[38;5;32m[AndroidUiautomator2Driver@b227 (fe0cd291)]&amp#27;[0m Proxying [POST /element] to [POST http://127.0.0.1:8200/session/85989a46-cbdd-4bd4-a501-a859808a0843/element] with body: {"strategy":"xpath","selector":"//android.widget.EditText[@index=12]","context":"","multiple":false}
[debug] &amp#27;[38;5;32m[AndroidUiautomator2Driver@b227 (fe0cd291)]&amp#27;[0m Got response with status 200: {"sessionId":"85989a46-cbdd-4bd4-a501-a859808a0843","value":{"ELEMENT":"00000000-0000-0032-ffff-ffff0000030b","element-6066-11e4-a52e-4f735466cecf":"00000000-0000-0032-ffff-ffff0000030b"}}
[debug] &amp#27;[38;5;32m[AndroidUiautomator2Driver@b227 (fe0cd291)]&amp#27;[0m Responding to client with driver.findElement() result: {"element-6066-11e4-a52e-4f735466cecf":"00000000-0000-0032-ffff-ffff0000030b","ELEMENT":"00000000-0000-0032-ffff-ffff0000030b"}
&amp#27;[38;5;0m[HTTP]&amp#27;[0m &amp#27;[37m<-- POST /session/fe0cd291-8f79-4212-8568-b4785b2dee12/element &amp#27;[39m&amp#27;[32m200&amp#27;[39m &amp#27;[90m526 ms - 137&amp#27;[39m
&amp#27;[38;5;0m[HTTP]&amp#27;[0m &amp#27;[90m&amp#27;[39m
&amp#27;[38;5;0m[HTTP]&amp#27;[0m &amp#27;[37m-->&amp#27;[39m &amp#27;[37mPOST&amp#27;[39m &amp#27;[37m/session/fe0cd291-8f79-4212-8568-b4785b2dee12/element/00000000-0000-0032-ffff-ffff0000030b/value&amp#27;[39m
&amp#27;[38;5;0m[HTTP]&amp#27;[0m &amp#27;[90m{"id":"00000000-0000-0032-ffff-ffff0000030b","text":"password","value":["p","a","s","s","w","o","r","d"]}&amp#27;[39m
[debug] &amp#27;[38;5;32m[AndroidUiautomator2Driver@b227 (fe0cd291)]&amp#27;[0m Calling AppiumDriver.setValue() with args: [["p","a","s","s","w","o","r","d"],"00000000-0000-0032-ffff-ffff0000030b","fe0cd291-8f79-4212-8568-b4785b2dee12"]
[debug] &amp#27;[38;5;32m[AndroidUiautomator2Driver@b227 (fe0cd291)]&amp#27;[0m Matched '/element/00000000-0000-0032-ffff-ffff0000030b/value' to command name 'setValue'
[debug] &amp#27;[38;5;32m[AndroidUiautomator2Driver@b227 (fe0cd291)]&amp#27;[0m Added 'value' property ["p","a","s","s","w","o","r","d"] to 'setValue' request body
[debug] &amp#27;[38;5;32m[AndroidUiautomator2Driver@b227 (fe0cd291)]&amp#27;[0m Proxying [POST /element/00000000-0000-0032-ffff-ffff0000030b/value] to [POST http://127.0.0.1:8200/session/85989a46-cbdd-4bd4-a501-a859808a0843/element/00000000-0000-0032-ffff-ffff0000030b/value] with body: {"elementId":"00000000-0000-0032-ffff-ffff0000030b","text":"password","replace":false,"value":["p","a","s","s","w","o","r","d"]}
[debug] &amp#27;[38;5;32m[AndroidUiautomator2Driver@b227 (fe0cd291)]&amp#27;[0m Got response with status 200: {"sessionId":"85989a46-cbdd-4bd4-a501-a859808a0843","value":null}
[debug] &amp#27;[38;5;32m[AndroidUiautomator2Driver@b227 (fe0cd291)]&amp#27;[0m Responding to client with driver.setValue() result: null
&amp#27;[38;5;0m[HTTP]&amp#27;[0m &amp#27;[37m<-- POST /session/fe0cd291-8f79-4212-8568-b4785b2dee12/element/00000000-0000-0032-ffff-ffff0000030b/value &amp#27;[39m&amp#27;[32m200&amp#27;[39m &amp#27;[90m13 ms - 14&amp#27;[39m
&amp#27;[38;5;0m[HTTP]&amp#27;[0m &amp#27;[90m&amp#27;[39m
&amp#27;[38;5;0m[HTTP]&amp#27;[0m &amp#27;[37m-->&amp#27;[39m &amp#27;[37mPOST&amp#27;[39m &amp#27;[37m/session/fe0cd291-8f79-4212-8568-b4785b2dee12/element&amp#27;[39m
&amp#27;[38;5;0m[HTTP]&amp#27;[0m &amp#27;[90m{"using":"xpath","value":"//android.widget.TextView[@text='Register']"}&amp#27;[39m
[debug] &amp#27;[38;5;32m[AndroidUiautomator2Driver@b227 (fe0cd291)]&amp#27;[0m Calling AppiumDriver.findElement() with args: ["xpath","//android.widget.TextView[@text='Register']","fe0cd291-8f79-4212-8568-b4785b2dee12"]
[debug] &amp#27;[38;5;32m[AndroidUiautomator2Driver@b227 (fe0cd291)]&amp#27;[0m Valid locator strategies for this request: xpath, id, class name, accessibility id, css selector, -android uiautomator
[debug] &amp#27;[38;5;32m[AndroidUiautomator2Driver@b227 (fe0cd291)]&amp#27;[0m Waiting up to 10000 ms for condition
[debug] &amp#27;[38;5;32m[AndroidUiautomator2Driver@b227 (fe0cd291)]&amp#27;[0m Matched '/element' to command name 'findElement'
[debug] &amp#27;[38;5;32m[AndroidUiautomator2Driver@b227 (fe0cd291)]&amp#27;[0m Proxying [POST /element] to [POST http://127.0.0.1:8200/session/85989a46-cbdd-4bd4-a501-a859808a0843/element] with body: {"strategy":"xpath","selector":"//android.widget.TextView[@text='Register']","context":"","multiple":false}
[debug] &amp#27;[38;5;32m[AndroidUiautomator2Driver@b227 (fe0cd291)]&amp#27;[0m Got response with status 200: {"sessionId":"85989a46-cbdd-4bd4-a501-a859808a0843","value":{"ELEMENT":"00000000-0000-0032-ffff-ffff00000318","element-6066-11e4-a52e-4f735466cecf":"00000000-0000-0032-ffff-ffff00000318"}}
[debug] &amp#27;[38;5;32m[AndroidUiautomator2Driver@b227 (fe0cd291)]&amp#27;[0m Responding to client with driver.findElement() result: {"element-6066-11e4-a52e-4f735466cecf":"00000000-0000-0032-ffff-ffff00000318","ELEMENT":"00000000-0000-0032-ffff-ffff00000318"}
&amp#27;[38;5;0m[HTTP]&amp#27;[0m &amp#27;[37m<-- POST /session/fe0cd291-8f79-4212-8568-b4785b2dee12/element &amp#27;[39m&amp#27;[32m200&amp#27;[39m &amp#27;[90m617 ms - 137&amp#27;[39m
&amp#27;[38;5;0m[HTTP]&amp#27;[0m &amp#27;[90m&amp#27;[39m
&amp#27;[38;5;0m[HTTP]&amp#27;[0m &amp#27;[37m-->&amp#27;[39m &amp#27;[37mPOST&amp#27;[39m &amp#27;[37m/session/fe0cd291-8f79-4212-8568-b4785b2dee12/element/00000000-0000-0032-ffff-ffff00000318/click&amp#27;[39m
&amp#27;[38;5;0m[HTTP]&amp#27;[0m &amp#27;[90m{"id":"00000000-0000-0032-ffff-ffff00000318"}&amp#27;[39m
[debug] &amp#27;[38;5;32m[AndroidUiautomator2Driver@b227 (fe0cd291)]&amp#27;[0m Calling AppiumDriver.click() with args: ["00000000-0000-0032-ffff-ffff00000318","fe0cd291-8f79-4212-8568-b4785b2dee12"]
[debug] &amp#27;[38;5;32m[AndroidUiautomator2Driver@b227 (fe0cd291)]&amp#27;[0m Matched '/element/00000000-0000-0032-ffff-ffff00000318/click' to command name 'click'
[debug] &amp#27;[38;5;32m[AndroidUiautomator2Driver@b227 (fe0cd291)]&amp#27;[0m Proxying [POST /element/00000000-0000-0032-ffff-ffff00000318/click] to [POST http://127.0.0.1:8200/session/85989a46-cbdd-4bd4-a501-a859808a0843/element/00000000-0000-0032-ffff-ffff00000318/click] with body: {"element":"00000000-0000-0032-ffff-ffff00000318"}
[debug] &amp#27;[38;5;32m[AndroidUiautomator2Driver@b227 (fe0cd291)]&amp#27;[0m Got response with status 200: {"sessionId":"85989a46-cbdd-4bd4-a501-a859808a0843","value":null}
[debug] &amp#27;[38;5;32m[AndroidUiautomator2Driver@b227 (fe0cd291)]&amp#27;[0m Responding to client with driver.click() result: null
&amp#27;[38;5;0m[HTTP]&amp#27;[0m &amp#27;[37m<-- POST /session/fe0cd291-8f79-4212-8568-b4785b2dee12/element/00000000-0000-0032-ffff-ffff00000318/click &amp#27;[39m&amp#27;[32m200&amp#27;[39m &amp#27;[90m50 ms - 14&amp#27;[39m
&amp#27;[38;5;0m[HTTP]&amp#27;[0m &amp#27;[90m&amp#27;[39m
&amp#27;[38;5;0m[HTTP]&amp#27;[0m &amp#27;[37m-->&amp#27;[39m &amp#27;[37mPOST&amp#27;[39m &amp#27;[37m/session/fe0cd291-8f79-4212-8568-b4785b2dee12/element&amp#27;[39m
&amp#27;[38;5;0m[HTTP]&amp#27;[0m &amp#27;[90m{"using":"xpath","value":"//android.widget.TextView[@index=18]"}&amp#27;[39m
[debug] &amp#27;[38;5;32m[AndroidUiautomator2Driver@b227 (fe0cd291)]&amp#27;[0m Calling AppiumDriver.findElement() with args: ["xpath","//android.widget.TextView[@index=18]","fe0cd291-8f79-4212-8568-b4785b2dee12"]
[debug] &amp#27;[38;5;32m[AndroidUiautomator2Driver@b227 (fe0cd291)]&amp#27;[0m Valid locator strategies for this request: xpath, id, class name, accessibility id, css selector, -android uiautomator
[debug] &amp#27;[38;5;32m[AndroidUiautomator2Driver@b227 (fe0cd291)]&amp#27;[0m Waiting up to 10000 ms for condition
[debug] &amp#27;[38;5;32m[AndroidUiautomator2Driver@b227 (fe0cd291)]&amp#27;[0m Matched '/element' to command name 'findElement'
[debug] &amp#27;[38;5;32m[AndroidUiautomator2Driver@b227 (fe0cd291)]&amp#27;[0m Proxying [POST /element] to [POST http://127.0.0.1:8200/session/85989a46-cbdd-4bd4-a501-a859808a0843/element] with body: {"strategy":"xpath","selector":"//android.widget.TextView[@index=18]","context":"","multiple":false}
[debug] &amp#27;[38;5;32m[AndroidUiautomator2Driver@b227 (fe0cd291)]&amp#27;[0m Got response with status 200: {"sessionId":"85989a46-cbdd-4bd4-a501-a859808a0843","value":{"ELEMENT":"00000000-0000-0032-ffff-ffff00000310","element-6066-11e4-a52e-4f735466cecf":"00000000-0000-0032-ffff-ffff00000310"}}
[debug] &amp#27;[38;5;32m[AndroidUiautomator2Driver@b227 (fe0cd291)]&amp#27;[0m Responding to client with driver.findElement() result: {"element-6066-11e4-a52e-4f735466cecf":"00000000-0000-0032-ffff-ffff00000310","ELEMENT":"00000000-0000-0032-ffff-ffff00000310"}
&amp#27;[38;5;0m[HTTP]&amp#27;[0m &amp#27;[37m<-- POST /session/fe0cd291-8f79-4212-8568-b4785b2dee12/element &amp#27;[39m&amp#27;[32m200&amp#27;[39m &amp#27;[90m36 ms - 137&amp#27;[39m
&amp#27;[38;5;0m[HTTP]&amp#27;[0m &amp#27;[90m&amp#27;[39m
&amp#27;[38;5;0m[HTTP]&amp#27;[0m &amp#27;[37m-->&amp#27;[39m &amp#27;[37mPOST&amp#27;[39m &amp#27;[37m/session/fe0cd291-8f79-4212-8568-b4785b2dee12/element/00000000-0000-0032-ffff-ffff00000310/click&amp#27;[39m
&amp#27;[38;5;0m[HTTP]&amp#27;[0m &amp#27;[90m{"id":"00000000-0000-0032-ffff-ffff00000310"}&amp#27;[39m
[debug] &amp#27;[38;5;32m[AndroidUiautomator2Driver@b227 (fe0cd291)]&amp#27;[0m Calling AppiumDriver.click() with args: ["00000000-0000-0032-ffff-ffff00000310","fe0cd291-8f79-4212-8568-b4785b2dee12"]
[debug] &amp#27;[38;5;32m[AndroidUiautomator2Driver@b227 (fe0cd291)]&amp#27;[0m Matched '/element/00000000-0000-0032-ffff-ffff00000310/click' to command name 'click'
[debug] &amp#27;[38;5;32m[AndroidUiautomator2Driver@b227 (fe0cd291)]&amp#27;[0m Proxying [POST /element/00000000-0000-0032-ffff-ffff00000310/click] to [POST http://127.0.0.1:8200/session/85989a46-cbdd-4bd4-a501-a859808a0843/element/00000000-0000-0032-ffff-ffff00000310/click] with body: {"element":"00000000-0000-0032-ffff-ffff00000310"}
[debug] &amp#27;[38;5;32m[AndroidUiautomator2Driver@b227 (fe0cd291)]&amp#27;[0m Got response with status 200: {"sessionId":"85989a46-cbdd-4bd4-a501-a859808a0843","value":null}
[debug] &amp#27;[38;5;32m[AndroidUiautomator2Driver@b227 (fe0cd291)]&amp#27;[0m Responding to client with driver.click() result: null
&amp#27;[38;5;0m[HTTP]&amp#27;[0m &amp#27;[37m<-- POST /session/fe0cd291-8f79-4212-8568-b4785b2dee12/element/00000000-0000-0032-ffff-ffff00000310/click &amp#27;[39m&amp#27;[32m200&amp#27;[39m &amp#27;[90m44 ms - 14&amp#27;[39m
&amp#27;[38;5;0m[HTTP]&amp#27;[0m &amp#27;[90m&amp#27;[39m
&amp#27;[38;5;0m[HTTP]&amp#27;[0m &amp#27;[37m-->&amp#27;[39m &amp#27;[37mPOST&amp#27;[39m &amp#27;[37m/session/fe0cd291-8f79-4212-8568-b4785b2dee12/element&amp#27;[39m
&amp#27;[38;5;0m[HTTP]&amp#27;[0m &amp#27;[90m{"using":"xpath","value":"//android.widget.TextView[@text='Register']"}&amp#27;[39m
[debug] &amp#27;[38;5;32m[AndroidUiautomator2Driver@b227 (fe0cd291)]&amp#27;[0m Calling AppiumDriver.findElement() with args: ["xpath","//android.widget.TextView[@text='Register']","fe0cd291-8f79-4212-8568-b4785b2dee12"]
[debug] &amp#27;[38;5;32m[AndroidUiautomator2Driver@b227 (fe0cd291)]&amp#27;[0m Valid locator strategies for this request: xpath, id, class name, accessibility id, css selector, -android uiautomator
[debug] &amp#27;[38;5;32m[AndroidUiautomator2Driver@b227 (fe0cd291)]&amp#27;[0m Waiting up to 10000 ms for condition
[debug] &amp#27;[38;5;32m[AndroidUiautomator2Driver@b227 (fe0cd291)]&amp#27;[0m Matched '/element' to command name 'findElement'
[debug] &amp#27;[38;5;32m[AndroidUiautomator2Driver@b227 (fe0cd291)]&amp#27;[0m Proxying [POST /element] to [POST http://127.0.0.1:8200/session/85989a46-cbdd-4bd4-a501-a859808a0843/element] with body: {"strategy":"xpath","selector":"//android.widget.TextView[@text='Register']","context":"","multiple":false}
[debug] &amp#27;[38;5;32m[AndroidUiautomator2Driver@b227 (fe0cd291)]&amp#27;[0m Got response with status 200: {"sessionId":"85989a46-cbdd-4bd4-a501-a859808a0843","value":{"ELEMENT":"00000000-0000-0032-ffff-ffff00000318","element-6066-11e4-a52e-4f735466cecf":"00000000-0000-0032-ffff-ffff00000318"}}
[debug] &amp#27;[38;5;32m[AndroidUiautomator2Driver@b227 (fe0cd291)]&amp#27;[0m Responding to client with driver.findElement() result: {"element-6066-11e4-a52e-4f735466cecf":"00000000-0000-0032-ffff-ffff00000318","ELEMENT":"00000000-0000-0032-ffff-ffff00000318"}
&amp#27;[38;5;0m[HTTP]&amp#27;[0m &amp#27;[37m<-- POST /session/fe0cd291-8f79-4212-8568-b4785b2dee12/element &amp#27;[39m&amp#27;[32m200&amp#27;[39m &amp#27;[90m416 ms - 137&amp#27;[39m
&amp#27;[38;5;0m[HTTP]&amp#27;[0m &amp#27;[90m&amp#27;[39m
&amp#27;[38;5;0m[HTTP]&amp#27;[0m &amp#27;[37m-->&amp#27;[39m &amp#27;[37mPOST&amp#27;[39m &amp#27;[37m/session/fe0cd291-8f79-4212-8568-b4785b2dee12/element/00000000-0000-0032-ffff-ffff00000318/click&amp#27;[39m
&amp#27;[38;5;0m[HTTP]&amp#27;[0m &amp#27;[90m{"id":"00000000-0000-0032-ffff-ffff00000318"}&amp#27;[39m
[debug] &amp#27;[38;5;32m[AndroidUiautomator2Driver@b227 (fe0cd291)]&amp#27;[0m Calling AppiumDriver.click() with args: ["00000000-0000-0032-ffff-ffff00000318","fe0cd291-8f79-4212-8568-b4785b2dee12"]
[debug] &amp#27;[38;5;32m[AndroidUiautomator2Driver@b227 (fe0cd291)]&amp#27;[0m Matched '/element/00000000-0000-0032-ffff-ffff00000318/click' to command name 'click'
[debug] &amp#27;[38;5;32m[AndroidUiautomator2Driver@b227 (fe0cd291)]&amp#27;[0m Proxying [POST /element/00000000-0000-0032-ffff-ffff00000318/click] to [POST http://127.0.0.1:8200/session/85989a46-cbdd-4bd4-a501-a859808a0843/element/00000000-0000-0032-ffff-ffff00000318/click] with body: {"element":"00000000-0000-0032-ffff-ffff00000318"}
[debug] &amp#27;[38;5;32m[AndroidUiautomator2Driver@b227 (fe0cd291)]&amp#27;[0m Got response with status 200: {"sessionId":"85989a46-cbdd-4bd4-a501-a859808a0843","value":null}
[debug] &amp#27;[38;5;32m[AndroidUiautomator2Driver@b227 (fe0cd291)]&amp#27;[0m Responding to client with driver.click() result: null
&amp#27;[38;5;0m[HTTP]&amp#27;[0m &amp#27;[37m<-- POST /session/fe0cd291-8f79-4212-8568-b4785b2dee12/element/00000000-0000-0032-ffff-ffff00000318/click &amp#27;[39m&amp#27;[32m200&amp#27;[39m &amp#27;[90m41 ms - 14&amp#27;[39m
&amp#27;[38;5;0m[HTTP]&amp#27;[0m &amp#27;[90m&amp#27;[39m
&amp#27;[38;5;0m[HTTP]&amp#27;[0m &amp#27;[37m-->&amp#27;[39m &amp#27;[37mPOST&amp#27;[39m &amp#27;[37m/session/fe0cd291-8f79-4212-8568-b4785b2dee12/element&amp#27;[39m
&amp#27;[38;5;0m[HTTP]&amp#27;[0m &amp#27;[90m{"using":"xpath","value":"//android.widget.TextView[@index=7]"}&amp#27;[39m
[debug] &amp#27;[38;5;32m[AndroidUiautomator2Driver@b227 (fe0cd291)]&amp#27;[0m Calling AppiumDriver.findElement() with args: ["xpath","//android.widget.TextView[@index=7]","fe0cd291-8f79-4212-8568-b4785b2dee12"]
[debug] &amp#27;[38;5;32m[AndroidUiautomator2Driver@b227 (fe0cd291)]&amp#27;[0m Valid locator strategies for this request: xpath, id, class name, accessibility id, css selector, -android uiautomator
[debug] &amp#27;[38;5;32m[AndroidUiautomator2Driver@b227 (fe0cd291)]&amp#27;[0m Waiting up to 10000 ms for condition
[debug] &amp#27;[38;5;32m[AndroidUiautomator2Driver@b227 (fe0cd291)]&amp#27;[0m Matched '/element' to command name 'findElement'
[debug] &amp#27;[38;5;32m[AndroidUiautomator2Driver@b227 (fe0cd291)]&amp#27;[0m Proxying [POST /element] to [POST http://127.0.0.1:8200/session/85989a46-cbdd-4bd4-a501-a859808a0843/element] with body: {"strategy":"xpath","selector":"//android.widget.TextView[@index=7]","context":"","multiple":false}
[debug] &amp#27;[38;5;32m[AndroidUiautomator2Driver@b227 (fe0cd291)]&amp#27;[0m Got response with status 200: {"sessionId":"85989a46-cbdd-4bd4-a501-a859808a0843","value":{"ELEMENT":"00000000-0000-0032-ffff-ffff00000306","element-6066-11e4-a52e-4f735466cecf":"00000000-0000-0032-ffff-ffff00000306"}}
[debug] &amp#27;[38;5;32m[AndroidUiautomator2Driver@b227 (fe0cd291)]&amp#27;[0m Responding to client with driver.findElement() result: {"element-6066-11e4-a52e-4f735466cecf":"00000000-0000-0032-ffff-ffff00000306","ELEMENT":"00000000-0000-0032-ffff-ffff00000306"}
&amp#27;[38;5;0m[HTTP]&amp#27;[0m &amp#27;[37m<-- POST /session/fe0cd291-8f79-4212-8568-b4785b2dee12/element &amp#27;[39m&amp#27;[32m200&amp#27;[39m &amp#27;[90m35 ms - 137&amp#27;[39m
&amp#27;[38;5;0m[HTTP]&amp#27;[0m &amp#27;[90m&amp#27;[39m
&amp#27;[38;5;0m[HTTP]&amp#27;[0m &amp#27;[37m-->&amp#27;[39m &amp#27;[37mPOST&amp#27;[39m &amp#27;[37m/session/fe0cd291-8f79-4212-8568-b4785b2dee12/element&amp#27;[39m
&amp#27;[38;5;0m[HTTP]&amp#27;[0m &amp#27;[90m{"using":"xpath","value":"//android.widget.TextView[@index=7]"}&amp#27;[39m
[debug] &amp#27;[38;5;32m[AndroidUiautomator2Driver@b227 (fe0cd291)]&amp#27;[0m Calling AppiumDriver.findElement() with args: ["xpath","//android.widget.TextView[@index=7]","fe0cd291-8f79-4212-8568-b4785b2dee12"]
[debug] &amp#27;[38;5;32m[AndroidUiautomator2Driver@b227 (fe0cd291)]&amp#27;[0m Valid locator strategies for this request: xpath, id, class name, accessibility id, css selector, -android uiautomator
[debug] &amp#27;[38;5;32m[AndroidUiautomator2Driver@b227 (fe0cd291)]&amp#27;[0m Waiting up to 10000 ms for condition
[debug] &amp#27;[38;5;32m[AndroidUiautomator2Driver@b227 (fe0cd291)]&amp#27;[0m Matched '/element' to command name 'findElement'
[debug] &amp#27;[38;5;32m[AndroidUiautomator2Driver@b227 (fe0cd291)]&amp#27;[0m Proxying [POST /element] to [POST http://127.0.0.1:8200/session/85989a46-cbdd-4bd4-a501-a859808a0843/element] with body: {"strategy":"xpath","selector":"//android.widget.TextView[@index=7]","context":"","multiple":false}
[debug] &amp#27;[38;5;32m[AndroidUiautomator2Driver@b227 (fe0cd291)]&amp#27;[0m Got response with status 200: {"sessionId":"85989a46-cbdd-4bd4-a501-a859808a0843","value":{"ELEMENT":"00000000-0000-0032-ffff-ffff00000306","element-6066-11e4-a52e-4f735466cecf":"00000000-0000-0032-ffff-ffff00000306"}}
[debug] &amp#27;[38;5;32m[AndroidUiautomator2Driver@b227 (fe0cd291)]&amp#27;[0m Responding to client with driver.findElement() result: {"element-6066-11e4-a52e-4f735466cecf":"00000000-0000-0032-ffff-ffff00000306","ELEMENT":"00000000-0000-0032-ffff-ffff00000306"}
&amp#27;[38;5;0m[HTTP]&amp#27;[0m &amp#27;[37m<-- POST /session/fe0cd291-8f79-4212-8568-b4785b2dee12/element &amp#27;[39m&amp#27;[32m200&amp#27;[39m &amp#27;[90m603 ms - 137&amp#27;[39m
&amp#27;[38;5;0m[HTTP]&amp#27;[0m &amp#27;[90m&amp#27;[39m
&amp#27;[38;5;0m[HTTP]&amp#27;[0m &amp#27;[37m-->&amp#27;[39m &amp#27;[37mGET&amp#27;[39m &amp#27;[37m/session/fe0cd291-8f79-4212-8568-b4785b2dee12/element/00000000-0000-0032-ffff-ffff00000306/text&amp#27;[39m
&amp#27;[38;5;0m[HTTP]&amp#27;[0m &amp#27;[90m{}&amp#27;[39m
&amp#27;[38;5;32m[AndroidUiautomator2Driver@b227 (fe0cd291)]&amp#27;[0m Driver proxy active, passing request on via HTTP proxy
[debug] &amp#27;[38;5;32m[AndroidUiautomator2Driver@b227 (fe0cd291)]&amp#27;[0m Matched '/session/fe0cd291-8f79-4212-8568-b4785b2dee12/element/00000000-0000-0032-ffff-ffff00000306/text' to command name 'getText'
[debug] &amp#27;[38;5;32m[AndroidUiautomator2Driver@b227 (fe0cd291)]&amp#27;[0m Proxying [GET /session/fe0cd291-8f79-4212-8568-b4785b2dee12/element/00000000-0000-0032-ffff-ffff00000306/text] to [GET http://127.0.0.1:8200/session/85989a46-cbdd-4bd4-a501-a859808a0843/element/00000000-0000-0032-ffff-ffff00000306/text] with no body
[debug] &amp#27;[38;5;32m[AndroidUiautomator2Driver@b227 (fe0cd291)]&amp#27;[0m Got response with status 200: {"sessionId":"85989a46-cbdd-4bd4-a501-a859808a0843","value":"This domain is not supported on Quickteller. Kindly use another email address"}
&amp#27;[38;5;32m[AndroidUiautomator2Driver@b227 (fe0cd291)]&amp#27;[0m Replacing sessionId 85989a46-cbdd-4bd4-a501-a859808a0843 with fe0cd291-8f79-4212-8568-b4785b2dee12
&amp#27;[38;5;0m[HTTP]&amp#27;[0m &amp#27;[37m<-- GET /session/fe0cd291-8f79-4212-8568-b4785b2dee12/element/00000000-0000-0032-ffff-ffff00000306/text &amp#27;[39m&amp#27;[32m200&amp#27;[39m &amp#27;[90m7 ms - 140&amp#27;[39m
&amp#27;[38;5;0m[HTTP]&amp#27;[0m &amp#27;[90m&amp#27;[39m
]]></system-out>
  </testcase>
  <testcase name="Testcase_One[gmil.com](16)" classname="testcases.Android.DisposableDomain_QTM_2874" time="9.423">
    <system-out><![CDATA[&amp#27;[38;5;0m[HTTP]&amp#27;[0m &amp#27;[37m-->&amp#27;[39m &amp#27;[37mPOST&amp#27;[39m &amp#27;[37m/session/fe0cd291-8f79-4212-8568-b4785b2dee12/element&amp#27;[39m
&amp#27;[38;5;0m[HTTP]&amp#27;[0m &amp#27;[90m{"using":"xpath","value":"//android.widget.TextView[@index=0]"}&amp#27;[39m
[debug] &amp#27;[38;5;32m[AndroidUiautomator2Driver@b227 (fe0cd291)]&amp#27;[0m Calling AppiumDriver.findElement() with args: ["xpath","//android.widget.TextView[@index=0]","fe0cd291-8f79-4212-8568-b4785b2dee12"]
[debug] &amp#27;[38;5;32m[AndroidUiautomator2Driver@b227 (fe0cd291)]&amp#27;[0m Valid locator strategies for this request: xpath, id, class name, accessibility id, css selector, -android uiautomator
[debug] &amp#27;[38;5;32m[AndroidUiautomator2Driver@b227 (fe0cd291)]&amp#27;[0m Waiting up to 10000 ms for condition
[debug] &amp#27;[38;5;32m[AndroidUiautomator2Driver@b227 (fe0cd291)]&amp#27;[0m Matched '/element' to command name 'findElement'
[debug] &amp#27;[38;5;32m[AndroidUiautomator2Driver@b227 (fe0cd291)]&amp#27;[0m Proxying [POST /element] to [POST http://127.0.0.1:8200/session/85989a46-cbdd-4bd4-a501-a859808a0843/element] with body: {"strategy":"xpath","selector":"//android.widget.TextView[@index=0]","context":"","multiple":false}
[debug] &amp#27;[38;5;32m[AndroidUiautomator2Driver@b227 (fe0cd291)]&amp#27;[0m Got response with status 200: {"sessionId":"85989a46-cbdd-4bd4-a501-a859808a0843","value":{"ELEMENT":"00000000-0000-0032-ffff-ffff000002fa","element-6066-11e4-a52e-4f735466cecf":"00000000-0000-0032-ffff-ffff000002fa"}}
[debug] &amp#27;[38;5;32m[AndroidUiautomator2Driver@b227 (fe0cd291)]&amp#27;[0m Responding to client with driver.findElement() result: {"element-6066-11e4-a52e-4f735466cecf":"00000000-0000-0032-ffff-ffff000002fa","ELEMENT":"00000000-0000-0032-ffff-ffff000002fa"}
&amp#27;[38;5;0m[HTTP]&amp#27;[0m &amp#27;[37m<-- POST /session/fe0cd291-8f79-4212-8568-b4785b2dee12/element &amp#27;[39m&amp#27;[32m200&amp#27;[39m &amp#27;[90m38 ms - 137&amp#27;[39m
&amp#27;[38;5;0m[HTTP]&amp#27;[0m &amp#27;[90m&amp#27;[39m
&amp#27;[38;5;0m[HTTP]&amp#27;[0m &amp#27;[37m-->&amp#27;[39m &amp#27;[37mPOST&amp#27;[39m &amp#27;[37m/session/fe0cd291-8f79-4212-8568-b4785b2dee12/element/00000000-0000-0032-ffff-ffff000002fa/click&amp#27;[39m
&amp#27;[38;5;0m[HTTP]&amp#27;[0m &amp#27;[90m{"id":"00000000-0000-0032-ffff-ffff000002fa"}&amp#27;[39m
[debug] &amp#27;[38;5;32m[AndroidUiautomator2Driver@b227 (fe0cd291)]&amp#27;[0m Calling AppiumDriver.click() with args: ["00000000-0000-0032-ffff-ffff000002fa","fe0cd291-8f79-4212-8568-b4785b2dee12"]
[debug] &amp#27;[38;5;32m[AndroidUiautomator2Driver@b227 (fe0cd291)]&amp#27;[0m Matched '/element/00000000-0000-0032-ffff-ffff000002fa/click' to command name 'click'
[debug] &amp#27;[38;5;32m[AndroidUiautomator2Driver@b227 (fe0cd291)]&amp#27;[0m Proxying [POST /element/00000000-0000-0032-ffff-ffff000002fa/click] to [POST http://127.0.0.1:8200/session/85989a46-cbdd-4bd4-a501-a859808a0843/element/00000000-0000-0032-ffff-ffff000002fa/click] with body: {"element":"00000000-0000-0032-ffff-ffff000002fa"}
[debug] &amp#27;[38;5;32m[AndroidUiautomator2Driver@b227 (fe0cd291)]&amp#27;[0m Got response with status 200: {"sessionId":"85989a46-cbdd-4bd4-a501-a859808a0843","value":null}
[debug] &amp#27;[38;5;32m[AndroidUiautomator2Driver@b227 (fe0cd291)]&amp#27;[0m Responding to client with driver.click() result: null
&amp#27;[38;5;0m[HTTP]&amp#27;[0m &amp#27;[37m<-- POST /session/fe0cd291-8f79-4212-8568-b4785b2dee12/element/00000000-0000-0032-ffff-ffff000002fa/click &amp#27;[39m&amp#27;[32m200&amp#27;[39m &amp#27;[90m61 ms - 14&amp#27;[39m
&amp#27;[38;5;0m[HTTP]&amp#27;[0m &amp#27;[90m&amp#27;[39m
&amp#27;[38;5;0m[HTTP]&amp#27;[0m &amp#27;[37m-->&amp#27;[39m &amp#27;[37mPOST&amp#27;[39m &amp#27;[37m/session/fe0cd291-8f79-4212-8568-b4785b2dee12/timeouts&amp#27;[39m
&amp#27;[38;5;0m[HTTP]&amp#27;[0m &amp#27;[90m{"implicit":6000}&amp#27;[39m
[debug] &amp#27;[38;5;32m[AndroidUiautomator2Driver@b227 (fe0cd291)]&amp#27;[0m Calling AppiumDriver.timeouts() with args: [null,null,null,null,6000,"fe0cd291-8f79-4212-8568-b4785b2dee12"]
[debug] &amp#27;[38;5;32m[AndroidUiautomator2Driver@b227 (fe0cd291)]&amp#27;[0m W3C timeout argument: {"implicit":6000}}
[debug] &amp#27;[38;5;32m[AndroidUiautomator2Driver@b227 (fe0cd291)]&amp#27;[0m Set implicit wait to 6000ms
[debug] &amp#27;[38;5;32m[AndroidUiautomator2Driver@b227 (fe0cd291)]&amp#27;[0m Responding to client with driver.timeouts() result: null
&amp#27;[38;5;0m[HTTP]&amp#27;[0m &amp#27;[37m<-- POST /session/fe0cd291-8f79-4212-8568-b4785b2dee12/timeouts &amp#27;[39m&amp#27;[32m200&amp#27;[39m &amp#27;[90m1 ms - 14&amp#27;[39m
&amp#27;[38;5;0m[HTTP]&amp#27;[0m &amp#27;[90m&amp#27;[39m
&amp#27;[38;5;0m[HTTP]&amp#27;[0m &amp#27;[37m-->&amp#27;[39m &amp#27;[37mPOST&amp#27;[39m &amp#27;[37m/session/fe0cd291-8f79-4212-8568-b4785b2dee12/element&amp#27;[39m
&amp#27;[38;5;0m[HTTP]&amp#27;[0m &amp#27;[90m{"using":"xpath","value":"//android.widget.Button[@text='Allow']"}&amp#27;[39m
[debug] &amp#27;[38;5;32m[AndroidUiautomator2Driver@b227 (fe0cd291)]&amp#27;[0m Calling AppiumDriver.findElement() with args: ["xpath","//android.widget.Button[@text='Allow']","fe0cd291-8f79-4212-8568-b4785b2dee12"]
[debug] &amp#27;[38;5;32m[AndroidUiautomator2Driver@b227 (fe0cd291)]&amp#27;[0m Valid locator strategies for this request: xpath, id, class name, accessibility id, css selector, -android uiautomator
[debug] &amp#27;[38;5;32m[AndroidUiautomator2Driver@b227 (fe0cd291)]&amp#27;[0m Waiting up to 6000 ms for condition
[debug] &amp#27;[38;5;32m[AndroidUiautomator2Driver@b227 (fe0cd291)]&amp#27;[0m Matched '/element' to command name 'findElement'
[debug] &amp#27;[38;5;32m[AndroidUiautomator2Driver@b227 (fe0cd291)]&amp#27;[0m Proxying [POST /element] to [POST http://127.0.0.1:8200/session/85989a46-cbdd-4bd4-a501-a859808a0843/element] with body: {"strategy":"xpath","selector":"//android.widget.Button[@text='Allow']","context":"","multiple":false}
&amp#27;[38;5;32m[AndroidUiautomator2Driver@b227 (fe0cd291)]&amp#27;[0m Got response with status 404: {"sessionId":"85989a46-cbdd-4bd4-a501-a859808a0843","value":{"error":"no such element","message":"An element could not be located on the page using the given search parameters","stacktrace":"io.appium.uiautomator2.common.exceptions.ElementNotFoundException: An element could not be located on the page using the given search parameters\n\tat io.appium.uiautomator2.utils.ElementLocationHelpers.findElement(ElementLocationHelpers.java:156)\n\tat io.appium.uiautomator2.handler.FindElement.safeHandle(FindElement.java:60)\n\tat io.appium.uiautomator2.handler.request.SafeRequestHandler.handle(SafeRequestHandler.java:59)\n\tat io.appium.uiautomator2.server.AppiumServlet.handleRequest(AppiumServlet.java:277)\n\tat io.appium.uiautomator2.server.AppiumServlet.handleHttpRequest(AppiumServlet.java:271)\n\tat io.appium.uiautomator2.http.ServerHandler.channelRead(ServerHandler.java:68)\n\tat io.netty.channel.AbstractChannelHandlerContext.invokeChannelRead(AbstractChannelHandlerContext.java:366)\n\tat io.netty.channel.Abstr...
[debug] &amp#27;[38;5;128m[W3C]&amp#27;[0m Matched W3C error code 'no such element' to NoSuchElementError
[debug] &amp#27;[38;5;32m[AndroidUiautomator2Driver@b227 (fe0cd291)]&amp#27;[0m Waited for 993 ms so far
[debug] &amp#27;[38;5;32m[AndroidUiautomator2Driver@b227 (fe0cd291)]&amp#27;[0m Matched '/element' to command name 'findElement'
[debug] &amp#27;[38;5;32m[AndroidUiautomator2Driver@b227 (fe0cd291)]&amp#27;[0m Proxying [POST /element] to [POST http://127.0.0.1:8200/session/85989a46-cbdd-4bd4-a501-a859808a0843/element] with body: {"strategy":"xpath","selector":"//android.widget.Button[@text='Allow']","context":"","multiple":false}
&amp#27;[38;5;32m[AndroidUiautomator2Driver@b227 (fe0cd291)]&amp#27;[0m Got response with status 404: {"sessionId":"85989a46-cbdd-4bd4-a501-a859808a0843","value":{"error":"no such element","message":"An element could not be located on the page using the given search parameters","stacktrace":"io.appium.uiautomator2.common.exceptions.ElementNotFoundException: An element could not be located on the page using the given search parameters\n\tat io.appium.uiautomator2.utils.ElementLocationHelpers.findElement(ElementLocationHelpers.java:156)\n\tat io.appium.uiautomator2.handler.FindElement.safeHandle(FindElement.java:60)\n\tat io.appium.uiautomator2.handler.request.SafeRequestHandler.handle(SafeRequestHandler.java:59)\n\tat io.appium.uiautomator2.server.AppiumServlet.handleRequest(AppiumServlet.java:277)\n\tat io.appium.uiautomator2.server.AppiumServlet.handleHttpRequest(AppiumServlet.java:271)\n\tat io.appium.uiautomator2.http.ServerHandler.channelRead(ServerHandler.java:68)\n\tat io.netty.channel.AbstractChannelHandlerContext.invokeChannelRead(AbstractChannelHandlerContext.java:366)\n\tat io.netty.channel.Abstr...
[debug] &amp#27;[38;5;128m[W3C]&amp#27;[0m Matched W3C error code 'no such element' to NoSuchElementError
[debug] &amp#27;[38;5;32m[AndroidUiautomator2Driver@b227 (fe0cd291)]&amp#27;[0m Waited for 1553 ms so far
[debug] &amp#27;[38;5;32m[AndroidUiautomator2Driver@b227 (fe0cd291)]&amp#27;[0m Matched '/element' to command name 'findElement'
[debug] &amp#27;[38;5;32m[AndroidUiautomator2Driver@b227 (fe0cd291)]&amp#27;[0m Proxying [POST /element] to [POST http://127.0.0.1:8200/session/85989a46-cbdd-4bd4-a501-a859808a0843/element] with body: {"strategy":"xpath","selector":"//android.widget.Button[@text='Allow']","context":"","multiple":false}
&amp#27;[38;5;32m[AndroidUiautomator2Driver@b227 (fe0cd291)]&amp#27;[0m Got response with status 404: {"sessionId":"85989a46-cbdd-4bd4-a501-a859808a0843","value":{"error":"no such element","message":"An element could not be located on the page using the given search parameters","stacktrace":"io.appium.uiautomator2.common.exceptions.ElementNotFoundException: An element could not be located on the page using the given search parameters\n\tat io.appium.uiautomator2.utils.ElementLocationHelpers.findElement(ElementLocationHelpers.java:156)\n\tat io.appium.uiautomator2.handler.FindElement.safeHandle(FindElement.java:60)\n\tat io.appium.uiautomator2.handler.request.SafeRequestHandler.handle(SafeRequestHandler.java:59)\n\tat io.appium.uiautomator2.server.AppiumServlet.handleRequest(AppiumServlet.java:277)\n\tat io.appium.uiautomator2.server.AppiumServlet.handleHttpRequest(AppiumServlet.java:271)\n\tat io.appium.uiautomator2.http.ServerHandler.channelRead(ServerHandler.java:68)\n\tat io.netty.channel.AbstractChannelHandlerContext.invokeChannelRead(AbstractChannelHandlerContext.java:366)\n\tat io.netty.channel.Abstr...
[debug] &amp#27;[38;5;128m[W3C]&amp#27;[0m Matched W3C error code 'no such element' to NoSuchElementError
[debug] &amp#27;[38;5;32m[AndroidUiautomator2Driver@b227 (fe0cd291)]&amp#27;[0m Waited for 2070 ms so far
[debug] &amp#27;[38;5;32m[AndroidUiautomator2Driver@b227 (fe0cd291)]&amp#27;[0m Matched '/element' to command name 'findElement'
[debug] &amp#27;[38;5;32m[AndroidUiautomator2Driver@b227 (fe0cd291)]&amp#27;[0m Proxying [POST /element] to [POST http://127.0.0.1:8200/session/85989a46-cbdd-4bd4-a501-a859808a0843/element] with body: {"strategy":"xpath","selector":"//android.widget.Button[@text='Allow']","context":"","multiple":false}
&amp#27;[38;5;32m[AndroidUiautomator2Driver@b227 (fe0cd291)]&amp#27;[0m Got response with status 404: {"sessionId":"85989a46-cbdd-4bd4-a501-a859808a0843","value":{"error":"no such element","message":"An element could not be located on the page using the given search parameters","stacktrace":"io.appium.uiautomator2.common.exceptions.ElementNotFoundException: An element could not be located on the page using the given search parameters\n\tat io.appium.uiautomator2.utils.ElementLocationHelpers.findElement(ElementLocationHelpers.java:156)\n\tat io.appium.uiautomator2.handler.FindElement.safeHandle(FindElement.java:60)\n\tat io.appium.uiautomator2.handler.request.SafeRequestHandler.handle(SafeRequestHandler.java:59)\n\tat io.appium.uiautomator2.server.AppiumServlet.handleRequest(AppiumServlet.java:277)\n\tat io.appium.uiautomator2.server.AppiumServlet.handleHttpRequest(AppiumServlet.java:271)\n\tat io.appium.uiautomator2.http.ServerHandler.channelRead(ServerHandler.java:68)\n\tat io.netty.channel.AbstractChannelHandlerContext.invokeChannelRead(AbstractChannelHandlerContext.java:366)\n\tat io.netty.channel.Abstr...
[debug] &amp#27;[38;5;128m[W3C]&amp#27;[0m Matched W3C error code 'no such element' to NoSuchElementError
[debug] &amp#27;[38;5;32m[AndroidUiautomator2Driver@b227 (fe0cd291)]&amp#27;[0m Waited for 2594 ms so far
[debug] &amp#27;[38;5;32m[AndroidUiautomator2Driver@b227 (fe0cd291)]&amp#27;[0m Matched '/element' to command name 'findElement'
[debug] &amp#27;[38;5;32m[AndroidUiautomator2Driver@b227 (fe0cd291)]&amp#27;[0m Proxying [POST /element] to [POST http://127.0.0.1:8200/session/85989a46-cbdd-4bd4-a501-a859808a0843/element] with body: {"strategy":"xpath","selector":"//android.widget.Button[@text='Allow']","context":"","multiple":false}
&amp#27;[38;5;32m[AndroidUiautomator2Driver@b227 (fe0cd291)]&amp#27;[0m Got response with status 404: {"sessionId":"85989a46-cbdd-4bd4-a501-a859808a0843","value":{"error":"no such element","message":"An element could not be located on the page using the given search parameters","stacktrace":"io.appium.uiautomator2.common.exceptions.ElementNotFoundException: An element could not be located on the page using the given search parameters\n\tat io.appium.uiautomator2.utils.ElementLocationHelpers.findElement(ElementLocationHelpers.java:156)\n\tat io.appium.uiautomator2.handler.FindElement.safeHandle(FindElement.java:60)\n\tat io.appium.uiautomator2.handler.request.SafeRequestHandler.handle(SafeRequestHandler.java:59)\n\tat io.appium.uiautomator2.server.AppiumServlet.handleRequest(AppiumServlet.java:277)\n\tat io.appium.uiautomator2.server.AppiumServlet.handleHttpRequest(AppiumServlet.java:271)\n\tat io.appium.uiautomator2.http.ServerHandler.channelRead(ServerHandler.java:68)\n\tat io.netty.channel.AbstractChannelHandlerContext.invokeChannelRead(AbstractChannelHandlerContext.java:366)\n\tat io.netty.channel.Abstr...
[debug] &amp#27;[38;5;128m[W3C]&amp#27;[0m Matched W3C error code 'no such element' to NoSuchElementError
[debug] &amp#27;[38;5;32m[AndroidUiautomator2Driver@b227 (fe0cd291)]&amp#27;[0m Waited for 3126 ms so far
[debug] &amp#27;[38;5;32m[AndroidUiautomator2Driver@b227 (fe0cd291)]&amp#27;[0m Matched '/element' to command name 'findElement'
[debug] &amp#27;[38;5;32m[AndroidUiautomator2Driver@b227 (fe0cd291)]&amp#27;[0m Proxying [POST /element] to [POST http://127.0.0.1:8200/session/85989a46-cbdd-4bd4-a501-a859808a0843/element] with body: {"strategy":"xpath","selector":"//android.widget.Button[@text='Allow']","context":"","multiple":false}
&amp#27;[38;5;32m[AndroidUiautomator2Driver@b227 (fe0cd291)]&amp#27;[0m Got response with status 404: {"sessionId":"85989a46-cbdd-4bd4-a501-a859808a0843","value":{"error":"no such element","message":"An element could not be located on the page using the given search parameters","stacktrace":"io.appium.uiautomator2.common.exceptions.ElementNotFoundException: An element could not be located on the page using the given search parameters\n\tat io.appium.uiautomator2.utils.ElementLocationHelpers.findElement(ElementLocationHelpers.java:156)\n\tat io.appium.uiautomator2.handler.FindElement.safeHandle(FindElement.java:60)\n\tat io.appium.uiautomator2.handler.request.SafeRequestHandler.handle(SafeRequestHandler.java:59)\n\tat io.appium.uiautomator2.server.AppiumServlet.handleRequest(AppiumServlet.java:277)\n\tat io.appium.uiautomator2.server.AppiumServlet.handleHttpRequest(AppiumServlet.java:271)\n\tat io.appium.uiautomator2.http.ServerHandler.channelRead(ServerHandler.java:68)\n\tat io.netty.channel.AbstractChannelHandlerContext.invokeChannelRead(AbstractChannelHandlerContext.java:366)\n\tat io.netty.channel.Abstr...
[debug] &amp#27;[38;5;128m[W3C]&amp#27;[0m Matched W3C error code 'no such element' to NoSuchElementError
[debug] &amp#27;[38;5;32m[AndroidUiautomator2Driver@b227 (fe0cd291)]&amp#27;[0m Waited for 3647 ms so far
[debug] &amp#27;[38;5;32m[AndroidUiautomator2Driver@b227 (fe0cd291)]&amp#27;[0m Matched '/element' to command name 'findElement'
[debug] &amp#27;[38;5;32m[AndroidUiautomator2Driver@b227 (fe0cd291)]&amp#27;[0m Proxying [POST /element] to [POST http://127.0.0.1:8200/session/85989a46-cbdd-4bd4-a501-a859808a0843/element] with body: {"strategy":"xpath","selector":"//android.widget.Button[@text='Allow']","context":"","multiple":false}
&amp#27;[38;5;32m[AndroidUiautomator2Driver@b227 (fe0cd291)]&amp#27;[0m Got response with status 404: {"sessionId":"85989a46-cbdd-4bd4-a501-a859808a0843","value":{"error":"no such element","message":"An element could not be located on the page using the given search parameters","stacktrace":"io.appium.uiautomator2.common.exceptions.ElementNotFoundException: An element could not be located on the page using the given search parameters\n\tat io.appium.uiautomator2.utils.ElementLocationHelpers.findElement(ElementLocationHelpers.java:156)\n\tat io.appium.uiautomator2.handler.FindElement.safeHandle(FindElement.java:60)\n\tat io.appium.uiautomator2.handler.request.SafeRequestHandler.handle(SafeRequestHandler.java:59)\n\tat io.appium.uiautomator2.server.AppiumServlet.handleRequest(AppiumServlet.java:277)\n\tat io.appium.uiautomator2.server.AppiumServlet.handleHttpRequest(AppiumServlet.java:271)\n\tat io.appium.uiautomator2.http.ServerHandler.channelRead(ServerHandler.java:68)\n\tat io.netty.channel.AbstractChannelHandlerContext.invokeChannelRead(AbstractChannelHandlerContext.java:366)\n\tat io.netty.channel.Abstr...
[debug] &amp#27;[38;5;128m[W3C]&amp#27;[0m Matched W3C error code 'no such element' to NoSuchElementError
[debug] &amp#27;[38;5;32m[AndroidUiautomator2Driver@b227 (fe0cd291)]&amp#27;[0m Waited for 4179 ms so far
[debug] &amp#27;[38;5;32m[AndroidUiautomator2Driver@b227 (fe0cd291)]&amp#27;[0m Matched '/element' to command name 'findElement'
[debug] &amp#27;[38;5;32m[AndroidUiautomator2Driver@b227 (fe0cd291)]&amp#27;[0m Proxying [POST /element] to [POST http://127.0.0.1:8200/session/85989a46-cbdd-4bd4-a501-a859808a0843/element] with body: {"strategy":"xpath","selector":"//android.widget.Button[@text='Allow']","context":"","multiple":false}
&amp#27;[38;5;32m[AndroidUiautomator2Driver@b227 (fe0cd291)]&amp#27;[0m Got response with status 404: {"sessionId":"85989a46-cbdd-4bd4-a501-a859808a0843","value":{"error":"no such element","message":"An element could not be located on the page using the given search parameters","stacktrace":"io.appium.uiautomator2.common.exceptions.ElementNotFoundException: An element could not be located on the page using the given search parameters\n\tat io.appium.uiautomator2.utils.ElementLocationHelpers.findElement(ElementLocationHelpers.java:156)\n\tat io.appium.uiautomator2.handler.FindElement.safeHandle(FindElement.java:60)\n\tat io.appium.uiautomator2.handler.request.SafeRequestHandler.handle(SafeRequestHandler.java:59)\n\tat io.appium.uiautomator2.server.AppiumServlet.handleRequest(AppiumServlet.java:277)\n\tat io.appium.uiautomator2.server.AppiumServlet.handleHttpRequest(AppiumServlet.java:271)\n\tat io.appium.uiautomator2.http.ServerHandler.channelRead(ServerHandler.java:68)\n\tat io.netty.channel.AbstractChannelHandlerContext.invokeChannelRead(AbstractChannelHandlerContext.java:366)\n\tat io.netty.channel.Abstr...
[debug] &amp#27;[38;5;128m[W3C]&amp#27;[0m Matched W3C error code 'no such element' to NoSuchElementError
[debug] &amp#27;[38;5;32m[AndroidUiautomator2Driver@b227 (fe0cd291)]&amp#27;[0m Waited for 4712 ms so far
[debug] &amp#27;[38;5;32m[AndroidUiautomator2Driver@b227 (fe0cd291)]&amp#27;[0m Matched '/element' to command name 'findElement'
[debug] &amp#27;[38;5;32m[AndroidUiautomator2Driver@b227 (fe0cd291)]&amp#27;[0m Proxying [POST /element] to [POST http://127.0.0.1:8200/session/85989a46-cbdd-4bd4-a501-a859808a0843/element] with body: {"strategy":"xpath","selector":"//android.widget.Button[@text='Allow']","context":"","multiple":false}
&amp#27;[38;5;32m[AndroidUiautomator2Driver@b227 (fe0cd291)]&amp#27;[0m Got response with status 404: {"sessionId":"85989a46-cbdd-4bd4-a501-a859808a0843","value":{"error":"no such element","message":"An element could not be located on the page using the given search parameters","stacktrace":"io.appium.uiautomator2.common.exceptions.ElementNotFoundException: An element could not be located on the page using the given search parameters\n\tat io.appium.uiautomator2.utils.ElementLocationHelpers.findElement(ElementLocationHelpers.java:156)\n\tat io.appium.uiautomator2.handler.FindElement.safeHandle(FindElement.java:60)\n\tat io.appium.uiautomator2.handler.request.SafeRequestHandler.handle(SafeRequestHandler.java:59)\n\tat io.appium.uiautomator2.server.AppiumServlet.handleRequest(AppiumServlet.java:277)\n\tat io.appium.uiautomator2.server.AppiumServlet.handleHttpRequest(AppiumServlet.java:271)\n\tat io.appium.uiautomator2.http.ServerHandler.channelRead(ServerHandler.java:68)\n\tat io.netty.channel.AbstractChannelHandlerContext.invokeChannelRead(AbstractChannelHandlerContext.java:366)\n\tat io.netty.channel.Abstr...
[debug] &amp#27;[38;5;128m[W3C]&amp#27;[0m Matched W3C error code 'no such element' to NoSuchElementError
[debug] &amp#27;[38;5;32m[AndroidUiautomator2Driver@b227 (fe0cd291)]&amp#27;[0m Waited for 5247 ms so far
[debug] &amp#27;[38;5;32m[AndroidUiautomator2Driver@b227 (fe0cd291)]&amp#27;[0m Matched '/element' to command name 'findElement'
[debug] &amp#27;[38;5;32m[AndroidUiautomator2Driver@b227 (fe0cd291)]&amp#27;[0m Proxying [POST /element] to [POST http://127.0.0.1:8200/session/85989a46-cbdd-4bd4-a501-a859808a0843/element] with body: {"strategy":"xpath","selector":"//android.widget.Button[@text='Allow']","context":"","multiple":false}
&amp#27;[38;5;32m[AndroidUiautomator2Driver@b227 (fe0cd291)]&amp#27;[0m Got response with status 404: {"sessionId":"85989a46-cbdd-4bd4-a501-a859808a0843","value":{"error":"no such element","message":"An element could not be located on the page using the given search parameters","stacktrace":"io.appium.uiautomator2.common.exceptions.ElementNotFoundException: An element could not be located on the page using the given search parameters\n\tat io.appium.uiautomator2.utils.ElementLocationHelpers.findElement(ElementLocationHelpers.java:156)\n\tat io.appium.uiautomator2.handler.FindElement.safeHandle(FindElement.java:60)\n\tat io.appium.uiautomator2.handler.request.SafeRequestHandler.handle(SafeRequestHandler.java:59)\n\tat io.appium.uiautomator2.server.AppiumServlet.handleRequest(AppiumServlet.java:277)\n\tat io.appium.uiautomator2.server.AppiumServlet.handleHttpRequest(AppiumServlet.java:271)\n\tat io.appium.uiautomator2.http.ServerHandler.channelRead(ServerHandler.java:68)\n\tat io.netty.channel.AbstractChannelHandlerContext.invokeChannelRead(AbstractChannelHandlerContext.java:366)\n\tat io.netty.channel.Abstr...
[debug] &amp#27;[38;5;128m[W3C]&amp#27;[0m Matched W3C error code 'no such element' to NoSuchElementError
[debug] &amp#27;[38;5;32m[AndroidUiautomator2Driver@b227 (fe0cd291)]&amp#27;[0m Waited for 5775 ms so far
[debug] &amp#27;[38;5;32m[AndroidUiautomator2Driver@b227 (fe0cd291)]&amp#27;[0m Matched '/element' to command name 'findElement'
[debug] &amp#27;[38;5;32m[AndroidUiautomator2Driver@b227 (fe0cd291)]&amp#27;[0m Proxying [POST /element] to [POST http://127.0.0.1:8200/session/85989a46-cbdd-4bd4-a501-a859808a0843/element] with body: {"strategy":"xpath","selector":"//android.widget.Button[@text='Allow']","context":"","multiple":false}
&amp#27;[38;5;32m[AndroidUiautomator2Driver@b227 (fe0cd291)]&amp#27;[0m Got response with status 404: {"sessionId":"85989a46-cbdd-4bd4-a501-a859808a0843","value":{"error":"no such element","message":"An element could not be located on the page using the given search parameters","stacktrace":"io.appium.uiautomator2.common.exceptions.ElementNotFoundException: An element could not be located on the page using the given search parameters\n\tat io.appium.uiautomator2.utils.ElementLocationHelpers.findElement(ElementLocationHelpers.java:156)\n\tat io.appium.uiautomator2.handler.FindElement.safeHandle(FindElement.java:60)\n\tat io.appium.uiautomator2.handler.request.SafeRequestHandler.handle(SafeRequestHandler.java:59)\n\tat io.appium.uiautomator2.server.AppiumServlet.handleRequest(AppiumServlet.java:277)\n\tat io.appium.uiautomator2.server.AppiumServlet.handleHttpRequest(AppiumServlet.java:271)\n\tat io.appium.uiautomator2.http.ServerHandler.channelRead(ServerHandler.java:68)\n\tat io.netty.channel.AbstractChannelHandlerContext.invokeChannelRead(AbstractChannelHandlerContext.java:366)\n\tat io.netty.channel.Abstr...
[debug] &amp#27;[38;5;128m[W3C]&amp#27;[0m Matched W3C error code 'no such element' to NoSuchElementError
[debug] &amp#27;[38;5;32m[AndroidUiautomator2Driver@b227 (fe0cd291)]&amp#27;[0m Encountered internal error running command: NoSuchElementError: An element could not be located on the page using the given search parameters.
[debug] &amp#27;[38;5;32m[AndroidUiautomator2Driver@b227 (fe0cd291)]&amp#27;[0m     at AndroidUiautomator2Driver.findElOrEls (C:\Users\daniel.ogagavworia\.appium\node_modules\appium-uiautomator2-driver\node_modules\appium-android-driver\lib\commands\find.js:75:11)
[debug] &amp#27;[38;5;32m[AndroidUiautomator2Driver@b227 (fe0cd291)]&amp#27;[0m     at processTicksAndRejections (node:internal/process/task_queues:95:5)
[debug] &amp#27;[38;5;32m[AndroidUiautomator2Driver@b227 (fe0cd291)]&amp#27;[0m     at AndroidUiautomator2Driver.findElOrElsWithProcessing (C:\Users\daniel.ogagavworia\AppData\Roaming\npm\node_modules\appium\node_modules\@appium\base-driver\lib\basedriver\commands\find.ts:60:12)
[debug] &amp#27;[38;5;32m[AndroidUiautomator2Driver@b227 (fe0cd291)]&amp#27;[0m     at AndroidUiautomator2Driver.findElement (C:\Users\daniel.ogagavworia\AppData\Roaming\npm\node_modules\appium\node_modules\@appium\base-driver\lib\basedriver\commands\find.ts:75:12)
&amp#27;[38;5;0m[HTTP]&amp#27;[0m &amp#27;[37m<-- POST /session/fe0cd291-8f79-4212-8568-b4785b2dee12/element &amp#27;[39m&amp#27;[33m404&amp#27;[39m &amp#27;[90m6019 ms - 929&amp#27;[39m
&amp#27;[38;5;0m[HTTP]&amp#27;[0m &amp#27;[90m&amp#27;[39m
&amp#27;[38;5;0m[HTTP]&amp#27;[0m &amp#27;[37m-->&amp#27;[39m &amp#27;[37mPOST&amp#27;[39m &amp#27;[37m/session/fe0cd291-8f79-4212-8568-b4785b2dee12/element&amp#27;[39m
&amp#27;[38;5;0m[HTTP]&amp#27;[0m &amp#27;[90m{"using":"xpath","value":"//android.widget.TextView[@text='REGISTER']"}&amp#27;[39m
[debug] &amp#27;[38;5;32m[AndroidUiautomator2Driver@b227 (fe0cd291)]&amp#27;[0m Calling AppiumDriver.findElement() with args: ["xpath","//android.widget.TextView[@text='REGISTER']","fe0cd291-8f79-4212-8568-b4785b2dee12"]
[debug] &amp#27;[38;5;32m[AndroidUiautomator2Driver@b227 (fe0cd291)]&amp#27;[0m Valid locator strategies for this request: xpath, id, class name, accessibility id, css selector, -android uiautomator
[debug] &amp#27;[38;5;32m[AndroidUiautomator2Driver@b227 (fe0cd291)]&amp#27;[0m Waiting up to 6000 ms for condition
[debug] &amp#27;[38;5;32m[AndroidUiautomator2Driver@b227 (fe0cd291)]&amp#27;[0m Matched '/element' to command name 'findElement'
[debug] &amp#27;[38;5;32m[AndroidUiautomator2Driver@b227 (fe0cd291)]&amp#27;[0m Proxying [POST /element] to [POST http://127.0.0.1:8200/session/85989a46-cbdd-4bd4-a501-a859808a0843/element] with body: {"strategy":"xpath","selector":"//android.widget.TextView[@text='REGISTER']","context":"","multiple":false}
[debug] &amp#27;[38;5;32m[AndroidUiautomator2Driver@b227 (fe0cd291)]&amp#27;[0m Got response with status 200: {"sessionId":"85989a46-cbdd-4bd4-a501-a859808a0843","value":{"ELEMENT":"00000000-0000-0032-ffff-ffff0000002e","element-6066-11e4-a52e-4f735466cecf":"00000000-0000-0032-ffff-ffff0000002e"}}
[debug] &amp#27;[38;5;32m[AndroidUiautomator2Driver@b227 (fe0cd291)]&amp#27;[0m Responding to client with driver.findElement() result: {"element-6066-11e4-a52e-4f735466cecf":"00000000-0000-0032-ffff-ffff0000002e","ELEMENT":"00000000-0000-0032-ffff-ffff0000002e"}
&amp#27;[38;5;0m[HTTP]&amp#27;[0m &amp#27;[37m<-- POST /session/fe0cd291-8f79-4212-8568-b4785b2dee12/element &amp#27;[39m&amp#27;[32m200&amp#27;[39m &amp#27;[90m14 ms - 137&amp#27;[39m
&amp#27;[38;5;0m[HTTP]&amp#27;[0m &amp#27;[90m&amp#27;[39m
&amp#27;[38;5;0m[HTTP]&amp#27;[0m &amp#27;[37m-->&amp#27;[39m &amp#27;[37mPOST&amp#27;[39m &amp#27;[37m/session/fe0cd291-8f79-4212-8568-b4785b2dee12/element/00000000-0000-0032-ffff-ffff0000002e/click&amp#27;[39m
&amp#27;[38;5;0m[HTTP]&amp#27;[0m &amp#27;[90m{"id":"00000000-0000-0032-ffff-ffff0000002e"}&amp#27;[39m
[debug] &amp#27;[38;5;32m[AndroidUiautomator2Driver@b227 (fe0cd291)]&amp#27;[0m Calling AppiumDriver.click() with args: ["00000000-0000-0032-ffff-ffff0000002e","fe0cd291-8f79-4212-8568-b4785b2dee12"]
[debug] &amp#27;[38;5;32m[AndroidUiautomator2Driver@b227 (fe0cd291)]&amp#27;[0m Matched '/element/00000000-0000-0032-ffff-ffff0000002e/click' to command name 'click'
[debug] &amp#27;[38;5;32m[AndroidUiautomator2Driver@b227 (fe0cd291)]&amp#27;[0m Proxying [POST /element/00000000-0000-0032-ffff-ffff0000002e/click] to [POST http://127.0.0.1:8200/session/85989a46-cbdd-4bd4-a501-a859808a0843/element/00000000-0000-0032-ffff-ffff0000002e/click] with body: {"element":"00000000-0000-0032-ffff-ffff0000002e"}
[debug] &amp#27;[38;5;32m[AndroidUiautomator2Driver@b227 (fe0cd291)]&amp#27;[0m Got response with status 200: {"sessionId":"85989a46-cbdd-4bd4-a501-a859808a0843","value":null}
[debug] &amp#27;[38;5;32m[AndroidUiautomator2Driver@b227 (fe0cd291)]&amp#27;[0m Responding to client with driver.click() result: null
&amp#27;[38;5;0m[HTTP]&amp#27;[0m &amp#27;[37m<-- POST /session/fe0cd291-8f79-4212-8568-b4785b2dee12/element/00000000-0000-0032-ffff-ffff0000002e/click &amp#27;[39m&amp#27;[32m200&amp#27;[39m &amp#27;[90m60 ms - 14&amp#27;[39m
&amp#27;[38;5;0m[HTTP]&amp#27;[0m &amp#27;[90m&amp#27;[39m
&amp#27;[38;5;0m[HTTP]&amp#27;[0m &amp#27;[37m-->&amp#27;[39m &amp#27;[37mPOST&amp#27;[39m &amp#27;[37m/session/fe0cd291-8f79-4212-8568-b4785b2dee12/timeouts&amp#27;[39m
&amp#27;[38;5;0m[HTTP]&amp#27;[0m &amp#27;[90m{"implicit":10000}&amp#27;[39m
[debug] &amp#27;[38;5;32m[AndroidUiautomator2Driver@b227 (fe0cd291)]&amp#27;[0m Calling AppiumDriver.timeouts() with args: [null,null,null,null,10000,"fe0cd291-8f79-4212-8568-b4785b2dee12"]
[debug] &amp#27;[38;5;32m[AndroidUiautomator2Driver@b227 (fe0cd291)]&amp#27;[0m W3C timeout argument: {"implicit":10000}}
[debug] &amp#27;[38;5;32m[AndroidUiautomator2Driver@b227 (fe0cd291)]&amp#27;[0m Set implicit wait to 10000ms
[debug] &amp#27;[38;5;32m[AndroidUiautomator2Driver@b227 (fe0cd291)]&amp#27;[0m Responding to client with driver.timeouts() result: null
&amp#27;[38;5;0m[HTTP]&amp#27;[0m &amp#27;[37m<-- POST /session/fe0cd291-8f79-4212-8568-b4785b2dee12/timeouts &amp#27;[39m&amp#27;[32m200&amp#27;[39m &amp#27;[90m1 ms - 14&amp#27;[39m
&amp#27;[38;5;0m[HTTP]&amp#27;[0m &amp#27;[90m&amp#27;[39m
&amp#27;[38;5;0m[HTTP]&amp#27;[0m &amp#27;[37m-->&amp#27;[39m &amp#27;[37mPOST&amp#27;[39m &amp#27;[37m/session/fe0cd291-8f79-4212-8568-b4785b2dee12/element&amp#27;[39m
&amp#27;[38;5;0m[HTTP]&amp#27;[0m &amp#27;[90m{"using":"xpath","value":"//android.widget.EditText[@index=3]"}&amp#27;[39m
[debug] &amp#27;[38;5;32m[AndroidUiautomator2Driver@b227 (fe0cd291)]&amp#27;[0m Calling AppiumDriver.findElement() with args: ["xpath","//android.widget.EditText[@index=3]","fe0cd291-8f79-4212-8568-b4785b2dee12"]
[debug] &amp#27;[38;5;32m[AndroidUiautomator2Driver@b227 (fe0cd291)]&amp#27;[0m Valid locator strategies for this request: xpath, id, class name, accessibility id, css selector, -android uiautomator
[debug] &amp#27;[38;5;32m[AndroidUiautomator2Driver@b227 (fe0cd291)]&amp#27;[0m Waiting up to 10000 ms for condition
[debug] &amp#27;[38;5;32m[AndroidUiautomator2Driver@b227 (fe0cd291)]&amp#27;[0m Matched '/element' to command name 'findElement'
[debug] &amp#27;[38;5;32m[AndroidUiautomator2Driver@b227 (fe0cd291)]&amp#27;[0m Proxying [POST /element] to [POST http://127.0.0.1:8200/session/85989a46-cbdd-4bd4-a501-a859808a0843/element] with body: {"strategy":"xpath","selector":"//android.widget.EditText[@index=3]","context":"","multiple":false}
&amp#27;[38;5;32m[AndroidUiautomator2Driver@b227 (fe0cd291)]&amp#27;[0m Got response with status 404: {"sessionId":"85989a46-cbdd-4bd4-a501-a859808a0843","value":{"error":"no such element","message":"An element could not be located on the page using the given search parameters","stacktrace":"io.appium.uiautomator2.common.exceptions.ElementNotFoundException: An element could not be located on the page using the given search parameters\n\tat io.appium.uiautomator2.utils.ElementLocationHelpers.findElement(ElementLocationHelpers.java:156)\n\tat io.appium.uiautomator2.handler.FindElement.safeHandle(FindElement.java:60)\n\tat io.appium.uiautomator2.handler.request.SafeRequestHandler.handle(SafeRequestHandler.java:59)\n\tat io.appium.uiautomator2.server.AppiumServlet.handleRequest(AppiumServlet.java:277)\n\tat io.appium.uiautomator2.server.AppiumServlet.handleHttpRequest(AppiumServlet.java:271)\n\tat io.appium.uiautomator2.http.ServerHandler.channelRead(ServerHandler.java:68)\n\tat io.netty.channel.AbstractChannelHandlerContext.invokeChannelRead(AbstractChannelHandlerContext.java:366)\n\tat io.netty.channel.Abstr...
[debug] &amp#27;[38;5;128m[W3C]&amp#27;[0m Matched W3C error code 'no such element' to NoSuchElementError
[debug] &amp#27;[38;5;32m[AndroidUiautomator2Driver@b227 (fe0cd291)]&amp#27;[0m Waited for 64 ms so far
[debug] &amp#27;[38;5;32m[AndroidUiautomator2Driver@b227 (fe0cd291)]&amp#27;[0m Matched '/element' to command name 'findElement'
[debug] &amp#27;[38;5;32m[AndroidUiautomator2Driver@b227 (fe0cd291)]&amp#27;[0m Proxying [POST /element] to [POST http://127.0.0.1:8200/session/85989a46-cbdd-4bd4-a501-a859808a0843/element] with body: {"strategy":"xpath","selector":"//android.widget.EditText[@index=3]","context":"","multiple":false}
[debug] &amp#27;[38;5;32m[AndroidUiautomator2Driver@b227 (fe0cd291)]&amp#27;[0m Got response with status 200: {"sessionId":"85989a46-cbdd-4bd4-a501-a859808a0843","value":{"ELEMENT":"00000000-0000-0032-ffff-ffff00000334","element-6066-11e4-a52e-4f735466cecf":"00000000-0000-0032-ffff-ffff00000334"}}
[debug] &amp#27;[38;5;32m[AndroidUiautomator2Driver@b227 (fe0cd291)]&amp#27;[0m Responding to client with driver.findElement() result: {"element-6066-11e4-a52e-4f735466cecf":"00000000-0000-0032-ffff-ffff00000334","ELEMENT":"00000000-0000-0032-ffff-ffff00000334"}
&amp#27;[38;5;0m[HTTP]&amp#27;[0m &amp#27;[37m<-- POST /session/fe0cd291-8f79-4212-8568-b4785b2dee12/element &amp#27;[39m&amp#27;[32m200&amp#27;[39m &amp#27;[90m1019 ms - 137&amp#27;[39m
&amp#27;[38;5;0m[HTTP]&amp#27;[0m &amp#27;[90m&amp#27;[39m
&amp#27;[38;5;0m[HTTP]&amp#27;[0m &amp#27;[37m-->&amp#27;[39m &amp#27;[37mPOST&amp#27;[39m &amp#27;[37m/session/fe0cd291-8f79-4212-8568-b4785b2dee12/element/00000000-0000-0032-ffff-ffff00000334/value&amp#27;[39m
&amp#27;[38;5;0m[HTTP]&amp#27;[0m &amp#27;[90m{"id":"00000000-0000-0032-ffff-ffff00000334","text":"Daniel Ogaga","value":["D","a","n","i","e","l"," ","O","g","a","g","a"]}&amp#27;[39m
[debug] &amp#27;[38;5;32m[AndroidUiautomator2Driver@b227 (fe0cd291)]&amp#27;[0m Calling AppiumDriver.setValue() with args: [["D","a","n","i","e","l"," ","O","g","a","g","a"],"00000000-0000-0032-ffff-ffff00000334","fe0cd291-8f79-4212-8568-b4785b2dee12"]
[debug] &amp#27;[38;5;32m[AndroidUiautomator2Driver@b227 (fe0cd291)]&amp#27;[0m Matched '/element/00000000-0000-0032-ffff-ffff00000334/value' to command name 'setValue'
[debug] &amp#27;[38;5;32m[AndroidUiautomator2Driver@b227 (fe0cd291)]&amp#27;[0m Added 'value' property ["D","a","n","i","e","l"," ","O","g","a","g","a"] to 'setValue' request body
[debug] &amp#27;[38;5;32m[AndroidUiautomator2Driver@b227 (fe0cd291)]&amp#27;[0m Proxying [POST /element/00000000-0000-0032-ffff-ffff00000334/value] to [POST http://127.0.0.1:8200/session/85989a46-cbdd-4bd4-a501-a859808a0843/element/00000000-0000-0032-ffff-ffff00000334/value] with body: {"elementId":"00000000-0000-0032-ffff-ffff00000334","text":"Daniel Ogaga","replace":false,"value":["D","a","n","i","e","l"," ","O","g","a","g","a"]}
[debug] &amp#27;[38;5;32m[AndroidUiautomator2Driver@b227 (fe0cd291)]&amp#27;[0m Got response with status 200: {"sessionId":"85989a46-cbdd-4bd4-a501-a859808a0843","value":null}
[debug] &amp#27;[38;5;32m[AndroidUiautomator2Driver@b227 (fe0cd291)]&amp#27;[0m Responding to client with driver.setValue() result: null
&amp#27;[38;5;0m[HTTP]&amp#27;[0m &amp#27;[37m<-- POST /session/fe0cd291-8f79-4212-8568-b4785b2dee12/element/00000000-0000-0032-ffff-ffff00000334/value &amp#27;[39m&amp#27;[32m200&amp#27;[39m &amp#27;[90m11 ms - 14&amp#27;[39m
&amp#27;[38;5;0m[HTTP]&amp#27;[0m &amp#27;[90m&amp#27;[39m
&amp#27;[38;5;0m[HTTP]&amp#27;[0m &amp#27;[37m-->&amp#27;[39m &amp#27;[37mPOST&amp#27;[39m &amp#27;[37m/session/fe0cd291-8f79-4212-8568-b4785b2dee12/element&amp#27;[39m
&amp#27;[38;5;0m[HTTP]&amp#27;[0m &amp#27;[90m{"using":"xpath","value":"//android.widget.EditText[@index=6]"}&amp#27;[39m
[debug] &amp#27;[38;5;32m[AndroidUiautomator2Driver@b227 (fe0cd291)]&amp#27;[0m Calling AppiumDriver.findElement() with args: ["xpath","//android.widget.EditText[@index=6]","fe0cd291-8f79-4212-8568-b4785b2dee12"]
[debug] &amp#27;[38;5;32m[AndroidUiautomator2Driver@b227 (fe0cd291)]&amp#27;[0m Valid locator strategies for this request: xpath, id, class name, accessibility id, css selector, -android uiautomator
[debug] &amp#27;[38;5;32m[AndroidUiautomator2Driver@b227 (fe0cd291)]&amp#27;[0m Waiting up to 10000 ms for condition
[debug] &amp#27;[38;5;32m[AndroidUiautomator2Driver@b227 (fe0cd291)]&amp#27;[0m Matched '/element' to command name 'findElement'
[debug] &amp#27;[38;5;32m[AndroidUiautomator2Driver@b227 (fe0cd291)]&amp#27;[0m Proxying [POST /element] to [POST http://127.0.0.1:8200/session/85989a46-cbdd-4bd4-a501-a859808a0843/element] with body: {"strategy":"xpath","selector":"//android.widget.EditText[@index=6]","context":"","multiple":false}
[debug] &amp#27;[38;5;32m[AndroidUiautomator2Driver@b227 (fe0cd291)]&amp#27;[0m Got response with status 200: {"sessionId":"85989a46-cbdd-4bd4-a501-a859808a0843","value":{"ELEMENT":"00000000-0000-0032-ffff-ffff00000337","element-6066-11e4-a52e-4f735466cecf":"00000000-0000-0032-ffff-ffff00000337"}}
[debug] &amp#27;[38;5;32m[AndroidUiautomator2Driver@b227 (fe0cd291)]&amp#27;[0m Responding to client with driver.findElement() result: {"element-6066-11e4-a52e-4f735466cecf":"00000000-0000-0032-ffff-ffff00000337","ELEMENT":"00000000-0000-0032-ffff-ffff00000337"}
&amp#27;[38;5;0m[HTTP]&amp#27;[0m &amp#27;[37m<-- POST /session/fe0cd291-8f79-4212-8568-b4785b2dee12/element &amp#27;[39m&amp#27;[32m200&amp#27;[39m &amp#27;[90m52 ms - 137&amp#27;[39m
&amp#27;[38;5;0m[HTTP]&amp#27;[0m &amp#27;[90m&amp#27;[39m
&amp#27;[38;5;0m[HTTP]&amp#27;[0m &amp#27;[37m-->&amp#27;[39m &amp#27;[37mPOST&amp#27;[39m &amp#27;[37m/session/fe0cd291-8f79-4212-8568-b4785b2dee12/element/00000000-0000-0032-ffff-ffff00000337/value&amp#27;[39m
&amp#27;[38;5;0m[HTTP]&amp#27;[0m &amp#27;[90m{"id":"00000000-0000-0032-ffff-ffff00000337","text":"vada.deckow@gmil.com","value":["v","a","d","a",".","d","e","c","k","o","w","@","g","m","i","l",".","c","o","m"]}&amp#27;[39m
[debug] &amp#27;[38;5;32m[AndroidUiautomator2Driver@b227 (fe0cd291)]&amp#27;[0m Calling AppiumDriver.setValue() with args: [["v","a","d","a",".","d","e","c","k","o","w","@","g","m","i","l",".","c","o","m"],"00000000-0000-0032-ffff-ffff00000337","fe0cd291-8f79-4212-8568-b4785b2dee12"]
[debug] &amp#27;[38;5;32m[AndroidUiautomator2Driver@b227 (fe0cd291)]&amp#27;[0m Matched '/element/00000000-0000-0032-ffff-ffff00000337/value' to command name 'setValue'
[debug] &amp#27;[38;5;32m[AndroidUiautomator2Driver@b227 (fe0cd291)]&amp#27;[0m Added 'value' property ["v","a","d","a",".","d","e","c","k","o","w","@","g","m","i","l",".","c","o","m"] to 'setValue' request body
[debug] &amp#27;[38;5;32m[AndroidUiautomator2Driver@b227 (fe0cd291)]&amp#27;[0m Proxying [POST /element/00000000-0000-0032-ffff-ffff00000337/value] to [POST http://127.0.0.1:8200/session/85989a46-cbdd-4bd4-a501-a859808a0843/element/00000000-0000-0032-ffff-ffff00000337/value] with body: {"elementId":"00000000-0000-0032-ffff-ffff00000337","text":"vada.deckow@gmil.com","replace":false,"value":["v","a","d","a",".","d","e","c","k","o","w","@","g","m","i","l",".","c","o","m"]}
[debug] &amp#27;[38;5;32m[AndroidUiautomator2Driver@b227 (fe0cd291)]&amp#27;[0m Got response with status 200: {"sessionId":"85989a46-cbdd-4bd4-a501-a859808a0843","value":null}
[debug] &amp#27;[38;5;32m[AndroidUiautomator2Driver@b227 (fe0cd291)]&amp#27;[0m Responding to client with driver.setValue() result: null
&amp#27;[38;5;0m[HTTP]&amp#27;[0m &amp#27;[37m<-- POST /session/fe0cd291-8f79-4212-8568-b4785b2dee12/element/00000000-0000-0032-ffff-ffff00000337/value &amp#27;[39m&amp#27;[32m200&amp#27;[39m &amp#27;[90m452 ms - 14&amp#27;[39m
&amp#27;[38;5;0m[HTTP]&amp#27;[0m &amp#27;[90m&amp#27;[39m
&amp#27;[38;5;0m[HTTP]&amp#27;[0m &amp#27;[37m-->&amp#27;[39m &amp#27;[37mPOST&amp#27;[39m &amp#27;[37m/session/fe0cd291-8f79-4212-8568-b4785b2dee12/element&amp#27;[39m
&amp#27;[38;5;0m[HTTP]&amp#27;[0m &amp#27;[90m{"using":"xpath","value":"//android.widget.EditText[@index=9]"}&amp#27;[39m
[debug] &amp#27;[38;5;32m[AndroidUiautomator2Driver@b227 (fe0cd291)]&amp#27;[0m Calling AppiumDriver.findElement() with args: ["xpath","//android.widget.EditText[@index=9]","fe0cd291-8f79-4212-8568-b4785b2dee12"]
[debug] &amp#27;[38;5;32m[AndroidUiautomator2Driver@b227 (fe0cd291)]&amp#27;[0m Valid locator strategies for this request: xpath, id, class name, accessibility id, css selector, -android uiautomator
[debug] &amp#27;[38;5;32m[AndroidUiautomator2Driver@b227 (fe0cd291)]&amp#27;[0m Waiting up to 10000 ms for condition
[debug] &amp#27;[38;5;32m[AndroidUiautomator2Driver@b227 (fe0cd291)]&amp#27;[0m Matched '/element' to command name 'findElement'
[debug] &amp#27;[38;5;32m[AndroidUiautomator2Driver@b227 (fe0cd291)]&amp#27;[0m Proxying [POST /element] to [POST http://127.0.0.1:8200/session/85989a46-cbdd-4bd4-a501-a859808a0843/element] with body: {"strategy":"xpath","selector":"//android.widget.EditText[@index=9]","context":"","multiple":false}
[debug] &amp#27;[38;5;32m[AndroidUiautomator2Driver@b227 (fe0cd291)]&amp#27;[0m Got response with status 200: {"sessionId":"85989a46-cbdd-4bd4-a501-a859808a0843","value":{"ELEMENT":"00000000-0000-0032-ffff-ffff0000033a","element-6066-11e4-a52e-4f735466cecf":"00000000-0000-0032-ffff-ffff0000033a"}}
[debug] &amp#27;[38;5;32m[AndroidUiautomator2Driver@b227 (fe0cd291)]&amp#27;[0m Responding to client with driver.findElement() result: {"element-6066-11e4-a52e-4f735466cecf":"00000000-0000-0032-ffff-ffff0000033a","ELEMENT":"00000000-0000-0032-ffff-ffff0000033a"}
&amp#27;[38;5;0m[HTTP]&amp#27;[0m &amp#27;[37m<-- POST /session/fe0cd291-8f79-4212-8568-b4785b2dee12/element &amp#27;[39m&amp#27;[32m200&amp#27;[39m &amp#27;[90m36 ms - 137&amp#27;[39m
&amp#27;[38;5;0m[HTTP]&amp#27;[0m &amp#27;[90m&amp#27;[39m
&amp#27;[38;5;0m[HTTP]&amp#27;[0m &amp#27;[37m-->&amp#27;[39m &amp#27;[37mPOST&amp#27;[39m &amp#27;[37m/session/fe0cd291-8f79-4212-8568-b4785b2dee12/element/00000000-0000-0032-ffff-ffff0000033a/value&amp#27;[39m
&amp#27;[38;5;0m[HTTP]&amp#27;[0m &amp#27;[90m{"id":"00000000-0000-0032-ffff-ffff0000033a","text":"08033443048","value":["0","8","0","3","3","4","4","3","0","4","8"]}&amp#27;[39m
[debug] &amp#27;[38;5;32m[AndroidUiautomator2Driver@b227 (fe0cd291)]&amp#27;[0m Calling AppiumDriver.setValue() with args: [["0","8","0","3","3","4","4","3","0","4","8"],"00000000-0000-0032-ffff-ffff0000033a","fe0cd291-8f79-4212-8568-b4785b2dee12"]
[debug] &amp#27;[38;5;32m[AndroidUiautomator2Driver@b227 (fe0cd291)]&amp#27;[0m Matched '/element/00000000-0000-0032-ffff-ffff0000033a/value' to command name 'setValue'
[debug] &amp#27;[38;5;32m[AndroidUiautomator2Driver@b227 (fe0cd291)]&amp#27;[0m Added 'value' property ["0","8","0","3","3","4","4","3","0","4","8"] to 'setValue' request body
[debug] &amp#27;[38;5;32m[AndroidUiautomator2Driver@b227 (fe0cd291)]&amp#27;[0m Proxying [POST /element/00000000-0000-0032-ffff-ffff0000033a/value] to [POST http://127.0.0.1:8200/session/85989a46-cbdd-4bd4-a501-a859808a0843/element/00000000-0000-0032-ffff-ffff0000033a/value] with body: {"elementId":"00000000-0000-0032-ffff-ffff0000033a","text":"08033443048","replace":false,"value":["0","8","0","3","3","4","4","3","0","4","8"]}
[debug] &amp#27;[38;5;32m[AndroidUiautomator2Driver@b227 (fe0cd291)]&amp#27;[0m Got response with status 200: {"sessionId":"85989a46-cbdd-4bd4-a501-a859808a0843","value":null}
[debug] &amp#27;[38;5;32m[AndroidUiautomator2Driver@b227 (fe0cd291)]&amp#27;[0m Responding to client with driver.setValue() result: null
&amp#27;[38;5;0m[HTTP]&amp#27;[0m &amp#27;[37m<-- POST /session/fe0cd291-8f79-4212-8568-b4785b2dee12/element/00000000-0000-0032-ffff-ffff0000033a/value &amp#27;[39m&amp#27;[32m200&amp#27;[39m &amp#27;[90m473 ms - 14&amp#27;[39m
&amp#27;[38;5;0m[HTTP]&amp#27;[0m &amp#27;[90m&amp#27;[39m
&amp#27;[38;5;0m[HTTP]&amp#27;[0m &amp#27;[37m-->&amp#27;[39m &amp#27;[37mPOST&amp#27;[39m &amp#27;[37m/session/fe0cd291-8f79-4212-8568-b4785b2dee12/element&amp#27;[39m
&amp#27;[38;5;0m[HTTP]&amp#27;[0m &amp#27;[90m{"using":"xpath","value":"//android.widget.EditText[@index=12]"}&amp#27;[39m
[debug] &amp#27;[38;5;32m[AndroidUiautomator2Driver@b227 (fe0cd291)]&amp#27;[0m Calling AppiumDriver.findElement() with args: ["xpath","//android.widget.EditText[@index=12]","fe0cd291-8f79-4212-8568-b4785b2dee12"]
[debug] &amp#27;[38;5;32m[AndroidUiautomator2Driver@b227 (fe0cd291)]&amp#27;[0m Valid locator strategies for this request: xpath, id, class name, accessibility id, css selector, -android uiautomator
[debug] &amp#27;[38;5;32m[AndroidUiautomator2Driver@b227 (fe0cd291)]&amp#27;[0m Waiting up to 10000 ms for condition
[debug] &amp#27;[38;5;32m[AndroidUiautomator2Driver@b227 (fe0cd291)]&amp#27;[0m Matched '/element' to command name 'findElement'
[debug] &amp#27;[38;5;32m[AndroidUiautomator2Driver@b227 (fe0cd291)]&amp#27;[0m Proxying [POST /element] to [POST http://127.0.0.1:8200/session/85989a46-cbdd-4bd4-a501-a859808a0843/element] with body: {"strategy":"xpath","selector":"//android.widget.EditText[@index=12]","context":"","multiple":false}
[debug] &amp#27;[38;5;32m[AndroidUiautomator2Driver@b227 (fe0cd291)]&amp#27;[0m Got response with status 200: {"sessionId":"85989a46-cbdd-4bd4-a501-a859808a0843","value":{"ELEMENT":"00000000-0000-0032-ffff-ffff0000033d","element-6066-11e4-a52e-4f735466cecf":"00000000-0000-0032-ffff-ffff0000033d"}}
[debug] &amp#27;[38;5;32m[AndroidUiautomator2Driver@b227 (fe0cd291)]&amp#27;[0m Responding to client with driver.findElement() result: {"element-6066-11e4-a52e-4f735466cecf":"00000000-0000-0032-ffff-ffff0000033d","ELEMENT":"00000000-0000-0032-ffff-ffff0000033d"}
&amp#27;[38;5;0m[HTTP]&amp#27;[0m &amp#27;[37m<-- POST /session/fe0cd291-8f79-4212-8568-b4785b2dee12/element &amp#27;[39m&amp#27;[32m200&amp#27;[39m &amp#27;[90m533 ms - 137&amp#27;[39m
&amp#27;[38;5;0m[HTTP]&amp#27;[0m &amp#27;[90m&amp#27;[39m
&amp#27;[38;5;0m[HTTP]&amp#27;[0m &amp#27;[37m-->&amp#27;[39m &amp#27;[37mPOST&amp#27;[39m &amp#27;[37m/session/fe0cd291-8f79-4212-8568-b4785b2dee12/element/00000000-0000-0032-ffff-ffff0000033d/value&amp#27;[39m
&amp#27;[38;5;0m[HTTP]&amp#27;[0m &amp#27;[90m{"id":"00000000-0000-0032-ffff-ffff0000033d","text":"password","value":["p","a","s","s","w","o","r","d"]}&amp#27;[39m
[debug] &amp#27;[38;5;32m[AndroidUiautomator2Driver@b227 (fe0cd291)]&amp#27;[0m Calling AppiumDriver.setValue() with args: [["p","a","s","s","w","o","r","d"],"00000000-0000-0032-ffff-ffff0000033d","fe0cd291-8f79-4212-8568-b4785b2dee12"]
[debug] &amp#27;[38;5;32m[AndroidUiautomator2Driver@b227 (fe0cd291)]&amp#27;[0m Matched '/element/00000000-0000-0032-ffff-ffff0000033d/value' to command name 'setValue'
[debug] &amp#27;[38;5;32m[AndroidUiautomator2Driver@b227 (fe0cd291)]&amp#27;[0m Added 'value' property ["p","a","s","s","w","o","r","d"] to 'setValue' request body
[debug] &amp#27;[38;5;32m[AndroidUiautomator2Driver@b227 (fe0cd291)]&amp#27;[0m Proxying [POST /element/00000000-0000-0032-ffff-ffff0000033d/value] to [POST http://127.0.0.1:8200/session/85989a46-cbdd-4bd4-a501-a859808a0843/element/00000000-0000-0032-ffff-ffff0000033d/value] with body: {"elementId":"00000000-0000-0032-ffff-ffff0000033d","text":"password","replace":false,"value":["p","a","s","s","w","o","r","d"]}
[debug] &amp#27;[38;5;32m[AndroidUiautomator2Driver@b227 (fe0cd291)]&amp#27;[0m Got response with status 200: {"sessionId":"85989a46-cbdd-4bd4-a501-a859808a0843","value":null}
[debug] &amp#27;[38;5;32m[AndroidUiautomator2Driver@b227 (fe0cd291)]&amp#27;[0m Responding to client with driver.setValue() result: null
&amp#27;[38;5;0m[HTTP]&amp#27;[0m &amp#27;[37m<-- POST /session/fe0cd291-8f79-4212-8568-b4785b2dee12/element/00000000-0000-0032-ffff-ffff0000033d/value &amp#27;[39m&amp#27;[32m200&amp#27;[39m &amp#27;[90m10 ms - 14&amp#27;[39m
&amp#27;[38;5;0m[HTTP]&amp#27;[0m &amp#27;[90m&amp#27;[39m
&amp#27;[38;5;0m[HTTP]&amp#27;[0m &amp#27;[37m-->&amp#27;[39m &amp#27;[37mPOST&amp#27;[39m &amp#27;[37m/session/fe0cd291-8f79-4212-8568-b4785b2dee12/element&amp#27;[39m
&amp#27;[38;5;0m[HTTP]&amp#27;[0m &amp#27;[90m{"using":"xpath","value":"//android.widget.TextView[@text='Register']"}&amp#27;[39m
[debug] &amp#27;[38;5;32m[AndroidUiautomator2Driver@b227 (fe0cd291)]&amp#27;[0m Calling AppiumDriver.findElement() with args: ["xpath","//android.widget.TextView[@text='Register']","fe0cd291-8f79-4212-8568-b4785b2dee12"]
[debug] &amp#27;[38;5;32m[AndroidUiautomator2Driver@b227 (fe0cd291)]&amp#27;[0m Valid locator strategies for this request: xpath, id, class name, accessibility id, css selector, -android uiautomator
[debug] &amp#27;[38;5;32m[AndroidUiautomator2Driver@b227 (fe0cd291)]&amp#27;[0m Waiting up to 10000 ms for condition
[debug] &amp#27;[38;5;32m[AndroidUiautomator2Driver@b227 (fe0cd291)]&amp#27;[0m Matched '/element' to command name 'findElement'
[debug] &amp#27;[38;5;32m[AndroidUiautomator2Driver@b227 (fe0cd291)]&amp#27;[0m Proxying [POST /element] to [POST http://127.0.0.1:8200/session/85989a46-cbdd-4bd4-a501-a859808a0843/element] with body: {"strategy":"xpath","selector":"//android.widget.TextView[@text='Register']","context":"","multiple":false}
[debug] &amp#27;[38;5;32m[AndroidUiautomator2Driver@b227 (fe0cd291)]&amp#27;[0m Got response with status 200: {"sessionId":"85989a46-cbdd-4bd4-a501-a859808a0843","value":{"ELEMENT":"00000000-0000-0032-ffff-ffff0000034a","element-6066-11e4-a52e-4f735466cecf":"00000000-0000-0032-ffff-ffff0000034a"}}
[debug] &amp#27;[38;5;32m[AndroidUiautomator2Driver@b227 (fe0cd291)]&amp#27;[0m Responding to client with driver.findElement() result: {"element-6066-11e4-a52e-4f735466cecf":"00000000-0000-0032-ffff-ffff0000034a","ELEMENT":"00000000-0000-0032-ffff-ffff0000034a"}
&amp#27;[38;5;0m[HTTP]&amp#27;[0m &amp#27;[37m<-- POST /session/fe0cd291-8f79-4212-8568-b4785b2dee12/element &amp#27;[39m&amp#27;[32m200&amp#27;[39m &amp#27;[90m636 ms - 137&amp#27;[39m
&amp#27;[38;5;0m[HTTP]&amp#27;[0m &amp#27;[90m&amp#27;[39m
&amp#27;[38;5;0m[HTTP]&amp#27;[0m &amp#27;[37m-->&amp#27;[39m &amp#27;[37mPOST&amp#27;[39m &amp#27;[37m/session/fe0cd291-8f79-4212-8568-b4785b2dee12/element/00000000-0000-0032-ffff-ffff0000034a/click&amp#27;[39m
&amp#27;[38;5;0m[HTTP]&amp#27;[0m &amp#27;[90m{"id":"00000000-0000-0032-ffff-ffff0000034a"}&amp#27;[39m
[debug] &amp#27;[38;5;32m[AndroidUiautomator2Driver@b227 (fe0cd291)]&amp#27;[0m Calling AppiumDriver.click() with args: ["00000000-0000-0032-ffff-ffff0000034a","fe0cd291-8f79-4212-8568-b4785b2dee12"]
[debug] &amp#27;[38;5;32m[AndroidUiautomator2Driver@b227 (fe0cd291)]&amp#27;[0m Matched '/element/00000000-0000-0032-ffff-ffff0000034a/click' to command name 'click'
[debug] &amp#27;[38;5;32m[AndroidUiautomator2Driver@b227 (fe0cd291)]&amp#27;[0m Proxying [POST /element/00000000-0000-0032-ffff-ffff0000034a/click] to [POST http://127.0.0.1:8200/session/85989a46-cbdd-4bd4-a501-a859808a0843/element/00000000-0000-0032-ffff-ffff0000034a/click] with body: {"element":"00000000-0000-0032-ffff-ffff0000034a"}
[debug] &amp#27;[38;5;32m[AndroidUiautomator2Driver@b227 (fe0cd291)]&amp#27;[0m Got response with status 200: {"sessionId":"85989a46-cbdd-4bd4-a501-a859808a0843","value":null}
[debug] &amp#27;[38;5;32m[AndroidUiautomator2Driver@b227 (fe0cd291)]&amp#27;[0m Responding to client with driver.click() result: null
&amp#27;[38;5;0m[HTTP]&amp#27;[0m &amp#27;[37m<-- POST /session/fe0cd291-8f79-4212-8568-b4785b2dee12/element/00000000-0000-0032-ffff-ffff0000034a/click &amp#27;[39m&amp#27;[32m200&amp#27;[39m &amp#27;[90m53 ms - 14&amp#27;[39m
&amp#27;[38;5;0m[HTTP]&amp#27;[0m &amp#27;[90m&amp#27;[39m
&amp#27;[38;5;0m[HTTP]&amp#27;[0m &amp#27;[37m-->&amp#27;[39m &amp#27;[37mPOST&amp#27;[39m &amp#27;[37m/session/fe0cd291-8f79-4212-8568-b4785b2dee12/element&amp#27;[39m
&amp#27;[38;5;0m[HTTP]&amp#27;[0m &amp#27;[90m{"using":"xpath","value":"//android.widget.TextView[@index=18]"}&amp#27;[39m
[debug] &amp#27;[38;5;32m[AndroidUiautomator2Driver@b227 (fe0cd291)]&amp#27;[0m Calling AppiumDriver.findElement() with args: ["xpath","//android.widget.TextView[@index=18]","fe0cd291-8f79-4212-8568-b4785b2dee12"]
[debug] &amp#27;[38;5;32m[AndroidUiautomator2Driver@b227 (fe0cd291)]&amp#27;[0m Valid locator strategies for this request: xpath, id, class name, accessibility id, css selector, -android uiautomator
[debug] &amp#27;[38;5;32m[AndroidUiautomator2Driver@b227 (fe0cd291)]&amp#27;[0m Waiting up to 10000 ms for condition
[debug] &amp#27;[38;5;32m[AndroidUiautomator2Driver@b227 (fe0cd291)]&amp#27;[0m Matched '/element' to command name 'findElement'
[debug] &amp#27;[38;5;32m[AndroidUiautomator2Driver@b227 (fe0cd291)]&amp#27;[0m Proxying [POST /element] to [POST http://127.0.0.1:8200/session/85989a46-cbdd-4bd4-a501-a859808a0843/element] with body: {"strategy":"xpath","selector":"//android.widget.TextView[@index=18]","context":"","multiple":false}
[debug] &amp#27;[38;5;32m[AndroidUiautomator2Driver@b227 (fe0cd291)]&amp#27;[0m Got response with status 200: {"sessionId":"85989a46-cbdd-4bd4-a501-a859808a0843","value":{"ELEMENT":"00000000-0000-0032-ffff-ffff00000342","element-6066-11e4-a52e-4f735466cecf":"00000000-0000-0032-ffff-ffff00000342"}}
[debug] &amp#27;[38;5;32m[AndroidUiautomator2Driver@b227 (fe0cd291)]&amp#27;[0m Responding to client with driver.findElement() result: {"element-6066-11e4-a52e-4f735466cecf":"00000000-0000-0032-ffff-ffff00000342","ELEMENT":"00000000-0000-0032-ffff-ffff00000342"}
&amp#27;[38;5;0m[HTTP]&amp#27;[0m &amp#27;[37m<-- POST /session/fe0cd291-8f79-4212-8568-b4785b2dee12/element &amp#27;[39m&amp#27;[32m200&amp#27;[39m &amp#27;[90m32 ms - 137&amp#27;[39m
&amp#27;[38;5;0m[HTTP]&amp#27;[0m &amp#27;[90m&amp#27;[39m
&amp#27;[38;5;0m[HTTP]&amp#27;[0m &amp#27;[37m-->&amp#27;[39m &amp#27;[37mPOST&amp#27;[39m &amp#27;[37m/session/fe0cd291-8f79-4212-8568-b4785b2dee12/element/00000000-0000-0032-ffff-ffff00000342/click&amp#27;[39m
&amp#27;[38;5;0m[HTTP]&amp#27;[0m &amp#27;[90m{"id":"00000000-0000-0032-ffff-ffff00000342"}&amp#27;[39m
[debug] &amp#27;[38;5;32m[AndroidUiautomator2Driver@b227 (fe0cd291)]&amp#27;[0m Calling AppiumDriver.click() with args: ["00000000-0000-0032-ffff-ffff00000342","fe0cd291-8f79-4212-8568-b4785b2dee12"]
[debug] &amp#27;[38;5;32m[AndroidUiautomator2Driver@b227 (fe0cd291)]&amp#27;[0m Matched '/element/00000000-0000-0032-ffff-ffff00000342/click' to command name 'click'
[debug] &amp#27;[38;5;32m[AndroidUiautomator2Driver@b227 (fe0cd291)]&amp#27;[0m Proxying [POST /element/00000000-0000-0032-ffff-ffff00000342/click] to [POST http://127.0.0.1:8200/session/85989a46-cbdd-4bd4-a501-a859808a0843/element/00000000-0000-0032-ffff-ffff00000342/click] with body: {"element":"00000000-0000-0032-ffff-ffff00000342"}
[debug] &amp#27;[38;5;32m[AndroidUiautomator2Driver@b227 (fe0cd291)]&amp#27;[0m Got response with status 200: {"sessionId":"85989a46-cbdd-4bd4-a501-a859808a0843","value":null}
[debug] &amp#27;[38;5;32m[AndroidUiautomator2Driver@b227 (fe0cd291)]&amp#27;[0m Responding to client with driver.click() result: null
&amp#27;[38;5;0m[HTTP]&amp#27;[0m &amp#27;[37m<-- POST /session/fe0cd291-8f79-4212-8568-b4785b2dee12/element/00000000-0000-0032-ffff-ffff00000342/click &amp#27;[39m&amp#27;[32m200&amp#27;[39m &amp#27;[90m49 ms - 14&amp#27;[39m
&amp#27;[38;5;0m[HTTP]&amp#27;[0m &amp#27;[90m&amp#27;[39m
&amp#27;[38;5;0m[HTTP]&amp#27;[0m &amp#27;[37m-->&amp#27;[39m &amp#27;[37mPOST&amp#27;[39m &amp#27;[37m/session/fe0cd291-8f79-4212-8568-b4785b2dee12/element&amp#27;[39m
&amp#27;[38;5;0m[HTTP]&amp#27;[0m &amp#27;[90m{"using":"xpath","value":"//android.widget.TextView[@text='Register']"}&amp#27;[39m
[debug] &amp#27;[38;5;32m[AndroidUiautomator2Driver@b227 (fe0cd291)]&amp#27;[0m Calling AppiumDriver.findElement() with args: ["xpath","//android.widget.TextView[@text='Register']","fe0cd291-8f79-4212-8568-b4785b2dee12"]
[debug] &amp#27;[38;5;32m[AndroidUiautomator2Driver@b227 (fe0cd291)]&amp#27;[0m Valid locator strategies for this request: xpath, id, class name, accessibility id, css selector, -android uiautomator
[debug] &amp#27;[38;5;32m[AndroidUiautomator2Driver@b227 (fe0cd291)]&amp#27;[0m Waiting up to 10000 ms for condition
[debug] &amp#27;[38;5;32m[AndroidUiautomator2Driver@b227 (fe0cd291)]&amp#27;[0m Matched '/element' to command name 'findElement'
[debug] &amp#27;[38;5;32m[AndroidUiautomator2Driver@b227 (fe0cd291)]&amp#27;[0m Proxying [POST /element] to [POST http://127.0.0.1:8200/session/85989a46-cbdd-4bd4-a501-a859808a0843/element] with body: {"strategy":"xpath","selector":"//android.widget.TextView[@text='Register']","context":"","multiple":false}
[debug] &amp#27;[38;5;32m[AndroidUiautomator2Driver@b227 (fe0cd291)]&amp#27;[0m Got response with status 200: {"sessionId":"85989a46-cbdd-4bd4-a501-a859808a0843","value":{"ELEMENT":"00000000-0000-0032-ffff-ffff0000034a","element-6066-11e4-a52e-4f735466cecf":"00000000-0000-0032-ffff-ffff0000034a"}}
[debug] &amp#27;[38;5;32m[AndroidUiautomator2Driver@b227 (fe0cd291)]&amp#27;[0m Responding to client with driver.findElement() result: {"element-6066-11e4-a52e-4f735466cecf":"00000000-0000-0032-ffff-ffff0000034a","ELEMENT":"00000000-0000-0032-ffff-ffff0000034a"}
&amp#27;[38;5;0m[HTTP]&amp#27;[0m &amp#27;[37m<-- POST /session/fe0cd291-8f79-4212-8568-b4785b2dee12/element &amp#27;[39m&amp#27;[32m200&amp#27;[39m &amp#27;[90m261 ms - 137&amp#27;[39m
&amp#27;[38;5;0m[HTTP]&amp#27;[0m &amp#27;[90m&amp#27;[39m
&amp#27;[38;5;0m[HTTP]&amp#27;[0m &amp#27;[37m-->&amp#27;[39m &amp#27;[37mPOST&amp#27;[39m &amp#27;[37m/session/fe0cd291-8f79-4212-8568-b4785b2dee12/element/00000000-0000-0032-ffff-ffff0000034a/click&amp#27;[39m
&amp#27;[38;5;0m[HTTP]&amp#27;[0m &amp#27;[90m{"id":"00000000-0000-0032-ffff-ffff0000034a"}&amp#27;[39m
[debug] &amp#27;[38;5;32m[AndroidUiautomator2Driver@b227 (fe0cd291)]&amp#27;[0m Calling AppiumDriver.click() with args: ["00000000-0000-0032-ffff-ffff0000034a","fe0cd291-8f79-4212-8568-b4785b2dee12"]
[debug] &amp#27;[38;5;32m[AndroidUiautomator2Driver@b227 (fe0cd291)]&amp#27;[0m Matched '/element/00000000-0000-0032-ffff-ffff0000034a/click' to command name 'click'
[debug] &amp#27;[38;5;32m[AndroidUiautomator2Driver@b227 (fe0cd291)]&amp#27;[0m Proxying [POST /element/00000000-0000-0032-ffff-ffff0000034a/click] to [POST http://127.0.0.1:8200/session/85989a46-cbdd-4bd4-a501-a859808a0843/element/00000000-0000-0032-ffff-ffff0000034a/click] with body: {"element":"00000000-0000-0032-ffff-ffff0000034a"}
[debug] &amp#27;[38;5;32m[AndroidUiautomator2Driver@b227 (fe0cd291)]&amp#27;[0m Got response with status 200: {"sessionId":"85989a46-cbdd-4bd4-a501-a859808a0843","value":null}
[debug] &amp#27;[38;5;32m[AndroidUiautomator2Driver@b227 (fe0cd291)]&amp#27;[0m Responding to client with driver.click() result: null
&amp#27;[38;5;0m[HTTP]&amp#27;[0m &amp#27;[37m<-- POST /session/fe0cd291-8f79-4212-8568-b4785b2dee12/element/00000000-0000-0032-ffff-ffff0000034a/click &amp#27;[39m&amp#27;[32m200&amp#27;[39m &amp#27;[90m264 ms - 14&amp#27;[39m
&amp#27;[38;5;0m[HTTP]&amp#27;[0m &amp#27;[90m&amp#27;[39m
&amp#27;[38;5;0m[HTTP]&amp#27;[0m &amp#27;[37m-->&amp#27;[39m &amp#27;[37mPOST&amp#27;[39m &amp#27;[37m/session/fe0cd291-8f79-4212-8568-b4785b2dee12/element&amp#27;[39m
&amp#27;[38;5;0m[HTTP]&amp#27;[0m &amp#27;[90m{"using":"xpath","value":"//android.widget.TextView[@index=7]"}&amp#27;[39m
[debug] &amp#27;[38;5;32m[AndroidUiautomator2Driver@b227 (fe0cd291)]&amp#27;[0m Calling AppiumDriver.findElement() with args: ["xpath","//android.widget.TextView[@index=7]","fe0cd291-8f79-4212-8568-b4785b2dee12"]
[debug] &amp#27;[38;5;32m[AndroidUiautomator2Driver@b227 (fe0cd291)]&amp#27;[0m Valid locator strategies for this request: xpath, id, class name, accessibility id, css selector, -android uiautomator
[debug] &amp#27;[38;5;32m[AndroidUiautomator2Driver@b227 (fe0cd291)]&amp#27;[0m Waiting up to 10000 ms for condition
[debug] &amp#27;[38;5;32m[AndroidUiautomator2Driver@b227 (fe0cd291)]&amp#27;[0m Matched '/element' to command name 'findElement'
[debug] &amp#27;[38;5;32m[AndroidUiautomator2Driver@b227 (fe0cd291)]&amp#27;[0m Proxying [POST /element] to [POST http://127.0.0.1:8200/session/85989a46-cbdd-4bd4-a501-a859808a0843/element] with body: {"strategy":"xpath","selector":"//android.widget.TextView[@index=7]","context":"","multiple":false}
[debug] &amp#27;[38;5;32m[AndroidUiautomator2Driver@b227 (fe0cd291)]&amp#27;[0m Got response with status 200: {"sessionId":"85989a46-cbdd-4bd4-a501-a859808a0843","value":{"ELEMENT":"00000000-0000-0032-ffff-ffff00000338","element-6066-11e4-a52e-4f735466cecf":"00000000-0000-0032-ffff-ffff00000338"}}
[debug] &amp#27;[38;5;32m[AndroidUiautomator2Driver@b227 (fe0cd291)]&amp#27;[0m Responding to client with driver.findElement() result: {"element-6066-11e4-a52e-4f735466cecf":"00000000-0000-0032-ffff-ffff00000338","ELEMENT":"00000000-0000-0032-ffff-ffff00000338"}
&amp#27;[38;5;0m[HTTP]&amp#27;[0m &amp#27;[37m<-- POST /session/fe0cd291-8f79-4212-8568-b4785b2dee12/element &amp#27;[39m&amp#27;[32m200&amp#27;[39m &amp#27;[90m796 ms - 137&amp#27;[39m
&amp#27;[38;5;0m[HTTP]&amp#27;[0m &amp#27;[90m&amp#27;[39m
&amp#27;[38;5;0m[HTTP]&amp#27;[0m &amp#27;[37m-->&amp#27;[39m &amp#27;[37mPOST&amp#27;[39m &amp#27;[37m/session/fe0cd291-8f79-4212-8568-b4785b2dee12/element&amp#27;[39m
&amp#27;[38;5;0m[HTTP]&amp#27;[0m &amp#27;[90m{"using":"xpath","value":"//android.widget.TextView[@index=7]"}&amp#27;[39m
[debug] &amp#27;[38;5;32m[AndroidUiautomator2Driver@b227 (fe0cd291)]&amp#27;[0m Calling AppiumDriver.findElement() with args: ["xpath","//android.widget.TextView[@index=7]","fe0cd291-8f79-4212-8568-b4785b2dee12"]
[debug] &amp#27;[38;5;32m[AndroidUiautomator2Driver@b227 (fe0cd291)]&amp#27;[0m Valid locator strategies for this request: xpath, id, class name, accessibility id, css selector, -android uiautomator
[debug] &amp#27;[38;5;32m[AndroidUiautomator2Driver@b227 (fe0cd291)]&amp#27;[0m Waiting up to 10000 ms for condition
[debug] &amp#27;[38;5;32m[AndroidUiautomator2Driver@b227 (fe0cd291)]&amp#27;[0m Matched '/element' to command name 'findElement'
[debug] &amp#27;[38;5;32m[AndroidUiautomator2Driver@b227 (fe0cd291)]&amp#27;[0m Proxying [POST /element] to [POST http://127.0.0.1:8200/session/85989a46-cbdd-4bd4-a501-a859808a0843/element] with body: {"strategy":"xpath","selector":"//android.widget.TextView[@index=7]","context":"","multiple":false}
[debug] &amp#27;[38;5;32m[AndroidUiautomator2Driver@b227 (fe0cd291)]&amp#27;[0m Got response with status 200: {"sessionId":"85989a46-cbdd-4bd4-a501-a859808a0843","value":{"ELEMENT":"00000000-0000-0032-ffff-ffff00000338","element-6066-11e4-a52e-4f735466cecf":"00000000-0000-0032-ffff-ffff00000338"}}
[debug] &amp#27;[38;5;32m[AndroidUiautomator2Driver@b227 (fe0cd291)]&amp#27;[0m Responding to client with driver.findElement() result: {"element-6066-11e4-a52e-4f735466cecf":"00000000-0000-0032-ffff-ffff00000338","ELEMENT":"00000000-0000-0032-ffff-ffff00000338"}
&amp#27;[38;5;0m[HTTP]&amp#27;[0m &amp#27;[37m<-- POST /session/fe0cd291-8f79-4212-8568-b4785b2dee12/element &amp#27;[39m&amp#27;[32m200&amp#27;[39m &amp#27;[90m630 ms - 137&amp#27;[39m
&amp#27;[38;5;0m[HTTP]&amp#27;[0m &amp#27;[90m&amp#27;[39m
&amp#27;[38;5;0m[HTTP]&amp#27;[0m &amp#27;[37m-->&amp#27;[39m &amp#27;[37mGET&amp#27;[39m &amp#27;[37m/session/fe0cd291-8f79-4212-8568-b4785b2dee12/element/00000000-0000-0032-ffff-ffff00000338/text&amp#27;[39m
&amp#27;[38;5;0m[HTTP]&amp#27;[0m &amp#27;[90m{}&amp#27;[39m
&amp#27;[38;5;32m[AndroidUiautomator2Driver@b227 (fe0cd291)]&amp#27;[0m Driver proxy active, passing request on via HTTP proxy
[debug] &amp#27;[38;5;32m[AndroidUiautomator2Driver@b227 (fe0cd291)]&amp#27;[0m Matched '/session/fe0cd291-8f79-4212-8568-b4785b2dee12/element/00000000-0000-0032-ffff-ffff00000338/text' to command name 'getText'
[debug] &amp#27;[38;5;32m[AndroidUiautomator2Driver@b227 (fe0cd291)]&amp#27;[0m Proxying [GET /session/fe0cd291-8f79-4212-8568-b4785b2dee12/element/00000000-0000-0032-ffff-ffff00000338/text] to [GET http://127.0.0.1:8200/session/85989a46-cbdd-4bd4-a501-a859808a0843/element/00000000-0000-0032-ffff-ffff00000338/text] with no body
[debug] &amp#27;[38;5;32m[AndroidUiautomator2Driver@b227 (fe0cd291)]&amp#27;[0m Got response with status 200: {"sessionId":"85989a46-cbdd-4bd4-a501-a859808a0843","value":"This domain is not supported on Quickteller. Kindly use another email address"}
&amp#27;[38;5;32m[AndroidUiautomator2Driver@b227 (fe0cd291)]&amp#27;[0m Replacing sessionId 85989a46-cbdd-4bd4-a501-a859808a0843 with fe0cd291-8f79-4212-8568-b4785b2dee12
&amp#27;[38;5;0m[HTTP]&amp#27;[0m &amp#27;[37m<-- GET /session/fe0cd291-8f79-4212-8568-b4785b2dee12/element/00000000-0000-0032-ffff-ffff00000338/text &amp#27;[39m&amp#27;[32m200&amp#27;[39m &amp#27;[90m52 ms - 140&amp#27;[39m
&amp#27;[38;5;0m[HTTP]&amp#27;[0m &amp#27;[90m&amp#27;[39m
]]></system-out>
  </testcase>
  <testcase name="Testcase_One[nicroric.com](17)" classname="testcases.Android.DisposableDomain_QTM_2874" time="9.254">
    <system-out><![CDATA[&amp#27;[38;5;0m[HTTP]&amp#27;[0m &amp#27;[37m-->&amp#27;[39m &amp#27;[37mPOST&amp#27;[39m &amp#27;[37m/session/fe0cd291-8f79-4212-8568-b4785b2dee12/element&amp#27;[39m
&amp#27;[38;5;0m[HTTP]&amp#27;[0m &amp#27;[90m{"using":"xpath","value":"//android.widget.TextView[@index=0]"}&amp#27;[39m
[debug] &amp#27;[38;5;32m[AndroidUiautomator2Driver@b227 (fe0cd291)]&amp#27;[0m Calling AppiumDriver.findElement() with args: ["xpath","//android.widget.TextView[@index=0]","fe0cd291-8f79-4212-8568-b4785b2dee12"]
[debug] &amp#27;[38;5;32m[AndroidUiautomator2Driver@b227 (fe0cd291)]&amp#27;[0m Valid locator strategies for this request: xpath, id, class name, accessibility id, css selector, -android uiautomator
[debug] &amp#27;[38;5;32m[AndroidUiautomator2Driver@b227 (fe0cd291)]&amp#27;[0m Waiting up to 10000 ms for condition
[debug] &amp#27;[38;5;32m[AndroidUiautomator2Driver@b227 (fe0cd291)]&amp#27;[0m Matched '/element' to command name 'findElement'
[debug] &amp#27;[38;5;32m[AndroidUiautomator2Driver@b227 (fe0cd291)]&amp#27;[0m Proxying [POST /element] to [POST http://127.0.0.1:8200/session/85989a46-cbdd-4bd4-a501-a859808a0843/element] with body: {"strategy":"xpath","selector":"//android.widget.TextView[@index=0]","context":"","multiple":false}
[debug] &amp#27;[38;5;32m[AndroidUiautomator2Driver@b227 (fe0cd291)]&amp#27;[0m Got response with status 200: {"sessionId":"85989a46-cbdd-4bd4-a501-a859808a0843","value":{"ELEMENT":"00000000-0000-0032-ffff-ffff0000032c","element-6066-11e4-a52e-4f735466cecf":"00000000-0000-0032-ffff-ffff0000032c"}}
[debug] &amp#27;[38;5;32m[AndroidUiautomator2Driver@b227 (fe0cd291)]&amp#27;[0m Responding to client with driver.findElement() result: {"element-6066-11e4-a52e-4f735466cecf":"00000000-0000-0032-ffff-ffff0000032c","ELEMENT":"00000000-0000-0032-ffff-ffff0000032c"}
&amp#27;[38;5;0m[HTTP]&amp#27;[0m &amp#27;[37m<-- POST /session/fe0cd291-8f79-4212-8568-b4785b2dee12/element &amp#27;[39m&amp#27;[32m200&amp#27;[39m &amp#27;[90m166 ms - 137&amp#27;[39m
&amp#27;[38;5;0m[HTTP]&amp#27;[0m &amp#27;[90m&amp#27;[39m
&amp#27;[38;5;0m[HTTP]&amp#27;[0m &amp#27;[37m-->&amp#27;[39m &amp#27;[37mPOST&amp#27;[39m &amp#27;[37m/session/fe0cd291-8f79-4212-8568-b4785b2dee12/element/00000000-0000-0032-ffff-ffff0000032c/click&amp#27;[39m
&amp#27;[38;5;0m[HTTP]&amp#27;[0m &amp#27;[90m{"id":"00000000-0000-0032-ffff-ffff0000032c"}&amp#27;[39m
[debug] &amp#27;[38;5;32m[AndroidUiautomator2Driver@b227 (fe0cd291)]&amp#27;[0m Calling AppiumDriver.click() with args: ["00000000-0000-0032-ffff-ffff0000032c","fe0cd291-8f79-4212-8568-b4785b2dee12"]
[debug] &amp#27;[38;5;32m[AndroidUiautomator2Driver@b227 (fe0cd291)]&amp#27;[0m Matched '/element/00000000-0000-0032-ffff-ffff0000032c/click' to command name 'click'
[debug] &amp#27;[38;5;32m[AndroidUiautomator2Driver@b227 (fe0cd291)]&amp#27;[0m Proxying [POST /element/00000000-0000-0032-ffff-ffff0000032c/click] to [POST http://127.0.0.1:8200/session/85989a46-cbdd-4bd4-a501-a859808a0843/element/00000000-0000-0032-ffff-ffff0000032c/click] with body: {"element":"00000000-0000-0032-ffff-ffff0000032c"}
[debug] &amp#27;[38;5;32m[AndroidUiautomator2Driver@b227 (fe0cd291)]&amp#27;[0m Got response with status 200: {"sessionId":"85989a46-cbdd-4bd4-a501-a859808a0843","value":null}
[debug] &amp#27;[38;5;32m[AndroidUiautomator2Driver@b227 (fe0cd291)]&amp#27;[0m Responding to client with driver.click() result: null
&amp#27;[38;5;0m[HTTP]&amp#27;[0m &amp#27;[37m<-- POST /session/fe0cd291-8f79-4212-8568-b4785b2dee12/element/00000000-0000-0032-ffff-ffff0000032c/click &amp#27;[39m&amp#27;[32m200&amp#27;[39m &amp#27;[90m89 ms - 14&amp#27;[39m
&amp#27;[38;5;0m[HTTP]&amp#27;[0m &amp#27;[90m&amp#27;[39m
&amp#27;[38;5;0m[HTTP]&amp#27;[0m &amp#27;[37m-->&amp#27;[39m &amp#27;[37mPOST&amp#27;[39m &amp#27;[37m/session/fe0cd291-8f79-4212-8568-b4785b2dee12/timeouts&amp#27;[39m
&amp#27;[38;5;0m[HTTP]&amp#27;[0m &amp#27;[90m{"implicit":6000}&amp#27;[39m
[debug] &amp#27;[38;5;32m[AndroidUiautomator2Driver@b227 (fe0cd291)]&amp#27;[0m Calling AppiumDriver.timeouts() with args: [null,null,null,null,6000,"fe0cd291-8f79-4212-8568-b4785b2dee12"]
[debug] &amp#27;[38;5;32m[AndroidUiautomator2Driver@b227 (fe0cd291)]&amp#27;[0m W3C timeout argument: {"implicit":6000}}
[debug] &amp#27;[38;5;32m[AndroidUiautomator2Driver@b227 (fe0cd291)]&amp#27;[0m Set implicit wait to 6000ms
[debug] &amp#27;[38;5;32m[AndroidUiautomator2Driver@b227 (fe0cd291)]&amp#27;[0m Responding to client with driver.timeouts() result: null
&amp#27;[38;5;0m[HTTP]&amp#27;[0m &amp#27;[37m<-- POST /session/fe0cd291-8f79-4212-8568-b4785b2dee12/timeouts &amp#27;[39m&amp#27;[32m200&amp#27;[39m &amp#27;[90m1 ms - 14&amp#27;[39m
&amp#27;[38;5;0m[HTTP]&amp#27;[0m &amp#27;[90m&amp#27;[39m
&amp#27;[38;5;0m[HTTP]&amp#27;[0m &amp#27;[37m-->&amp#27;[39m &amp#27;[37mPOST&amp#27;[39m &amp#27;[37m/session/fe0cd291-8f79-4212-8568-b4785b2dee12/element&amp#27;[39m
&amp#27;[38;5;0m[HTTP]&amp#27;[0m &amp#27;[90m{"using":"xpath","value":"//android.widget.Button[@text='Allow']"}&amp#27;[39m
[debug] &amp#27;[38;5;32m[AndroidUiautomator2Driver@b227 (fe0cd291)]&amp#27;[0m Calling AppiumDriver.findElement() with args: ["xpath","//android.widget.Button[@text='Allow']","fe0cd291-8f79-4212-8568-b4785b2dee12"]
[debug] &amp#27;[38;5;32m[AndroidUiautomator2Driver@b227 (fe0cd291)]&amp#27;[0m Valid locator strategies for this request: xpath, id, class name, accessibility id, css selector, -android uiautomator
[debug] &amp#27;[38;5;32m[AndroidUiautomator2Driver@b227 (fe0cd291)]&amp#27;[0m Waiting up to 6000 ms for condition
[debug] &amp#27;[38;5;32m[AndroidUiautomator2Driver@b227 (fe0cd291)]&amp#27;[0m Matched '/element' to command name 'findElement'
[debug] &amp#27;[38;5;32m[AndroidUiautomator2Driver@b227 (fe0cd291)]&amp#27;[0m Proxying [POST /element] to [POST http://127.0.0.1:8200/session/85989a46-cbdd-4bd4-a501-a859808a0843/element] with body: {"strategy":"xpath","selector":"//android.widget.Button[@text='Allow']","context":"","multiple":false}
&amp#27;[38;5;32m[AndroidUiautomator2Driver@b227 (fe0cd291)]&amp#27;[0m Got response with status 404: {"sessionId":"85989a46-cbdd-4bd4-a501-a859808a0843","value":{"error":"no such element","message":"An element could not be located on the page using the given search parameters","stacktrace":"io.appium.uiautomator2.common.exceptions.ElementNotFoundException: An element could not be located on the page using the given search parameters\n\tat io.appium.uiautomator2.utils.ElementLocationHelpers.findElement(ElementLocationHelpers.java:156)\n\tat io.appium.uiautomator2.handler.FindElement.safeHandle(FindElement.java:60)\n\tat io.appium.uiautomator2.handler.request.SafeRequestHandler.handle(SafeRequestHandler.java:59)\n\tat io.appium.uiautomator2.server.AppiumServlet.handleRequest(AppiumServlet.java:277)\n\tat io.appium.uiautomator2.server.AppiumServlet.handleHttpRequest(AppiumServlet.java:271)\n\tat io.appium.uiautomator2.http.ServerHandler.channelRead(ServerHandler.java:68)\n\tat io.netty.channel.AbstractChannelHandlerContext.invokeChannelRead(AbstractChannelHandlerContext.java:366)\n\tat io.netty.channel.Abstr...
[debug] &amp#27;[38;5;128m[W3C]&amp#27;[0m Matched W3C error code 'no such element' to NoSuchElementError
[debug] &amp#27;[38;5;32m[AndroidUiautomator2Driver@b227 (fe0cd291)]&amp#27;[0m Waited for 50 ms so far
[debug] &amp#27;[38;5;32m[AndroidUiautomator2Driver@b227 (fe0cd291)]&amp#27;[0m Matched '/element' to command name 'findElement'
[debug] &amp#27;[38;5;32m[AndroidUiautomator2Driver@b227 (fe0cd291)]&amp#27;[0m Proxying [POST /element] to [POST http://127.0.0.1:8200/session/85989a46-cbdd-4bd4-a501-a859808a0843/element] with body: {"strategy":"xpath","selector":"//android.widget.Button[@text='Allow']","context":"","multiple":false}
&amp#27;[38;5;32m[AndroidUiautomator2Driver@b227 (fe0cd291)]&amp#27;[0m Got response with status 404: {"sessionId":"85989a46-cbdd-4bd4-a501-a859808a0843","value":{"error":"no such element","message":"An element could not be located on the page using the given search parameters","stacktrace":"io.appium.uiautomator2.common.exceptions.ElementNotFoundException: An element could not be located on the page using the given search parameters\n\tat io.appium.uiautomator2.utils.ElementLocationHelpers.findElement(ElementLocationHelpers.java:156)\n\tat io.appium.uiautomator2.handler.FindElement.safeHandle(FindElement.java:60)\n\tat io.appium.uiautomator2.handler.request.SafeRequestHandler.handle(SafeRequestHandler.java:59)\n\tat io.appium.uiautomator2.server.AppiumServlet.handleRequest(AppiumServlet.java:277)\n\tat io.appium.uiautomator2.server.AppiumServlet.handleHttpRequest(AppiumServlet.java:271)\n\tat io.appium.uiautomator2.http.ServerHandler.channelRead(ServerHandler.java:68)\n\tat io.netty.channel.AbstractChannelHandlerContext.invokeChannelRead(AbstractChannelHandlerContext.java:366)\n\tat io.netty.channel.Abstr...
[debug] &amp#27;[38;5;128m[W3C]&amp#27;[0m Matched W3C error code 'no such element' to NoSuchElementError
[debug] &amp#27;[38;5;32m[AndroidUiautomator2Driver@b227 (fe0cd291)]&amp#27;[0m Waited for 1049 ms so far
[debug] &amp#27;[38;5;32m[AndroidUiautomator2Driver@b227 (fe0cd291)]&amp#27;[0m Matched '/element' to command name 'findElement'
[debug] &amp#27;[38;5;32m[AndroidUiautomator2Driver@b227 (fe0cd291)]&amp#27;[0m Proxying [POST /element] to [POST http://127.0.0.1:8200/session/85989a46-cbdd-4bd4-a501-a859808a0843/element] with body: {"strategy":"xpath","selector":"//android.widget.Button[@text='Allow']","context":"","multiple":false}
&amp#27;[38;5;32m[AndroidUiautomator2Driver@b227 (fe0cd291)]&amp#27;[0m Got response with status 404: {"sessionId":"85989a46-cbdd-4bd4-a501-a859808a0843","value":{"error":"no such element","message":"An element could not be located on the page using the given search parameters","stacktrace":"io.appium.uiautomator2.common.exceptions.ElementNotFoundException: An element could not be located on the page using the given search parameters\n\tat io.appium.uiautomator2.utils.ElementLocationHelpers.findElement(ElementLocationHelpers.java:156)\n\tat io.appium.uiautomator2.handler.FindElement.safeHandle(FindElement.java:60)\n\tat io.appium.uiautomator2.handler.request.SafeRequestHandler.handle(SafeRequestHandler.java:59)\n\tat io.appium.uiautomator2.server.AppiumServlet.handleRequest(AppiumServlet.java:277)\n\tat io.appium.uiautomator2.server.AppiumServlet.handleHttpRequest(AppiumServlet.java:271)\n\tat io.appium.uiautomator2.http.ServerHandler.channelRead(ServerHandler.java:68)\n\tat io.netty.channel.AbstractChannelHandlerContext.invokeChannelRead(AbstractChannelHandlerContext.java:366)\n\tat io.netty.channel.Abstr...
[debug] &amp#27;[38;5;128m[W3C]&amp#27;[0m Matched W3C error code 'no such element' to NoSuchElementError
[debug] &amp#27;[38;5;32m[AndroidUiautomator2Driver@b227 (fe0cd291)]&amp#27;[0m Waited for 1581 ms so far
[debug] &amp#27;[38;5;32m[AndroidUiautomator2Driver@b227 (fe0cd291)]&amp#27;[0m Matched '/element' to command name 'findElement'
[debug] &amp#27;[38;5;32m[AndroidUiautomator2Driver@b227 (fe0cd291)]&amp#27;[0m Proxying [POST /element] to [POST http://127.0.0.1:8200/session/85989a46-cbdd-4bd4-a501-a859808a0843/element] with body: {"strategy":"xpath","selector":"//android.widget.Button[@text='Allow']","context":"","multiple":false}
&amp#27;[38;5;32m[AndroidUiautomator2Driver@b227 (fe0cd291)]&amp#27;[0m Got response with status 404: {"sessionId":"85989a46-cbdd-4bd4-a501-a859808a0843","value":{"error":"no such element","message":"An element could not be located on the page using the given search parameters","stacktrace":"io.appium.uiautomator2.common.exceptions.ElementNotFoundException: An element could not be located on the page using the given search parameters\n\tat io.appium.uiautomator2.utils.ElementLocationHelpers.findElement(ElementLocationHelpers.java:156)\n\tat io.appium.uiautomator2.handler.FindElement.safeHandle(FindElement.java:60)\n\tat io.appium.uiautomator2.handler.request.SafeRequestHandler.handle(SafeRequestHandler.java:59)\n\tat io.appium.uiautomator2.server.AppiumServlet.handleRequest(AppiumServlet.java:277)\n\tat io.appium.uiautomator2.server.AppiumServlet.handleHttpRequest(AppiumServlet.java:271)\n\tat io.appium.uiautomator2.http.ServerHandler.channelRead(ServerHandler.java:68)\n\tat io.netty.channel.AbstractChannelHandlerContext.invokeChannelRead(AbstractChannelHandlerContext.java:366)\n\tat io.netty.channel.Abstr...
[debug] &amp#27;[38;5;128m[W3C]&amp#27;[0m Matched W3C error code 'no such element' to NoSuchElementError
[debug] &amp#27;[38;5;32m[AndroidUiautomator2Driver@b227 (fe0cd291)]&amp#27;[0m Waited for 2101 ms so far
[debug] &amp#27;[38;5;32m[AndroidUiautomator2Driver@b227 (fe0cd291)]&amp#27;[0m Matched '/element' to command name 'findElement'
[debug] &amp#27;[38;5;32m[AndroidUiautomator2Driver@b227 (fe0cd291)]&amp#27;[0m Proxying [POST /element] to [POST http://127.0.0.1:8200/session/85989a46-cbdd-4bd4-a501-a859808a0843/element] with body: {"strategy":"xpath","selector":"//android.widget.Button[@text='Allow']","context":"","multiple":false}
&amp#27;[38;5;32m[AndroidUiautomator2Driver@b227 (fe0cd291)]&amp#27;[0m Got response with status 404: {"sessionId":"85989a46-cbdd-4bd4-a501-a859808a0843","value":{"error":"no such element","message":"An element could not be located on the page using the given search parameters","stacktrace":"io.appium.uiautomator2.common.exceptions.ElementNotFoundException: An element could not be located on the page using the given search parameters\n\tat io.appium.uiautomator2.utils.ElementLocationHelpers.findElement(ElementLocationHelpers.java:156)\n\tat io.appium.uiautomator2.handler.FindElement.safeHandle(FindElement.java:60)\n\tat io.appium.uiautomator2.handler.request.SafeRequestHandler.handle(SafeRequestHandler.java:59)\n\tat io.appium.uiautomator2.server.AppiumServlet.handleRequest(AppiumServlet.java:277)\n\tat io.appium.uiautomator2.server.AppiumServlet.handleHttpRequest(AppiumServlet.java:271)\n\tat io.appium.uiautomator2.http.ServerHandler.channelRead(ServerHandler.java:68)\n\tat io.netty.channel.AbstractChannelHandlerContext.invokeChannelRead(AbstractChannelHandlerContext.java:366)\n\tat io.netty.channel.Abstr...
[debug] &amp#27;[38;5;128m[W3C]&amp#27;[0m Matched W3C error code 'no such element' to NoSuchElementError
[debug] &amp#27;[38;5;32m[AndroidUiautomator2Driver@b227 (fe0cd291)]&amp#27;[0m Waited for 2636 ms so far
[debug] &amp#27;[38;5;32m[AndroidUiautomator2Driver@b227 (fe0cd291)]&amp#27;[0m Matched '/element' to command name 'findElement'
[debug] &amp#27;[38;5;32m[AndroidUiautomator2Driver@b227 (fe0cd291)]&amp#27;[0m Proxying [POST /element] to [POST http://127.0.0.1:8200/session/85989a46-cbdd-4bd4-a501-a859808a0843/element] with body: {"strategy":"xpath","selector":"//android.widget.Button[@text='Allow']","context":"","multiple":false}
&amp#27;[38;5;32m[AndroidUiautomator2Driver@b227 (fe0cd291)]&amp#27;[0m Got response with status 404: {"sessionId":"85989a46-cbdd-4bd4-a501-a859808a0843","value":{"error":"no such element","message":"An element could not be located on the page using the given search parameters","stacktrace":"io.appium.uiautomator2.common.exceptions.ElementNotFoundException: An element could not be located on the page using the given search parameters\n\tat io.appium.uiautomator2.utils.ElementLocationHelpers.findElement(ElementLocationHelpers.java:156)\n\tat io.appium.uiautomator2.handler.FindElement.safeHandle(FindElement.java:60)\n\tat io.appium.uiautomator2.handler.request.SafeRequestHandler.handle(SafeRequestHandler.java:59)\n\tat io.appium.uiautomator2.server.AppiumServlet.handleRequest(AppiumServlet.java:277)\n\tat io.appium.uiautomator2.server.AppiumServlet.handleHttpRequest(AppiumServlet.java:271)\n\tat io.appium.uiautomator2.http.ServerHandler.channelRead(ServerHandler.java:68)\n\tat io.netty.channel.AbstractChannelHandlerContext.invokeChannelRead(AbstractChannelHandlerContext.java:366)\n\tat io.netty.channel.Abstr...
[debug] &amp#27;[38;5;128m[W3C]&amp#27;[0m Matched W3C error code 'no such element' to NoSuchElementError
[debug] &amp#27;[38;5;32m[AndroidUiautomator2Driver@b227 (fe0cd291)]&amp#27;[0m Waited for 3159 ms so far
[debug] &amp#27;[38;5;32m[AndroidUiautomator2Driver@b227 (fe0cd291)]&amp#27;[0m Matched '/element' to command name 'findElement'
[debug] &amp#27;[38;5;32m[AndroidUiautomator2Driver@b227 (fe0cd291)]&amp#27;[0m Proxying [POST /element] to [POST http://127.0.0.1:8200/session/85989a46-cbdd-4bd4-a501-a859808a0843/element] with body: {"strategy":"xpath","selector":"//android.widget.Button[@text='Allow']","context":"","multiple":false}
&amp#27;[38;5;32m[AndroidUiautomator2Driver@b227 (fe0cd291)]&amp#27;[0m Got response with status 404: {"sessionId":"85989a46-cbdd-4bd4-a501-a859808a0843","value":{"error":"no such element","message":"An element could not be located on the page using the given search parameters","stacktrace":"io.appium.uiautomator2.common.exceptions.ElementNotFoundException: An element could not be located on the page using the given search parameters\n\tat io.appium.uiautomator2.utils.ElementLocationHelpers.findElement(ElementLocationHelpers.java:156)\n\tat io.appium.uiautomator2.handler.FindElement.safeHandle(FindElement.java:60)\n\tat io.appium.uiautomator2.handler.request.SafeRequestHandler.handle(SafeRequestHandler.java:59)\n\tat io.appium.uiautomator2.server.AppiumServlet.handleRequest(AppiumServlet.java:277)\n\tat io.appium.uiautomator2.server.AppiumServlet.handleHttpRequest(AppiumServlet.java:271)\n\tat io.appium.uiautomator2.http.ServerHandler.channelRead(ServerHandler.java:68)\n\tat io.netty.channel.AbstractChannelHandlerContext.invokeChannelRead(AbstractChannelHandlerContext.java:366)\n\tat io.netty.channel.Abstr...
[debug] &amp#27;[38;5;128m[W3C]&amp#27;[0m Matched W3C error code 'no such element' to NoSuchElementError
[debug] &amp#27;[38;5;32m[AndroidUiautomator2Driver@b227 (fe0cd291)]&amp#27;[0m Waited for 3691 ms so far
[debug] &amp#27;[38;5;32m[AndroidUiautomator2Driver@b227 (fe0cd291)]&amp#27;[0m Matched '/element' to command name 'findElement'
[debug] &amp#27;[38;5;32m[AndroidUiautomator2Driver@b227 (fe0cd291)]&amp#27;[0m Proxying [POST /element] to [POST http://127.0.0.1:8200/session/85989a46-cbdd-4bd4-a501-a859808a0843/element] with body: {"strategy":"xpath","selector":"//android.widget.Button[@text='Allow']","context":"","multiple":false}
&amp#27;[38;5;32m[AndroidUiautomator2Driver@b227 (fe0cd291)]&amp#27;[0m Got response with status 404: {"sessionId":"85989a46-cbdd-4bd4-a501-a859808a0843","value":{"error":"no such element","message":"An element could not be located on the page using the given search parameters","stacktrace":"io.appium.uiautomator2.common.exceptions.ElementNotFoundException: An element could not be located on the page using the given search parameters\n\tat io.appium.uiautomator2.utils.ElementLocationHelpers.findElement(ElementLocationHelpers.java:156)\n\tat io.appium.uiautomator2.handler.FindElement.safeHandle(FindElement.java:60)\n\tat io.appium.uiautomator2.handler.request.SafeRequestHandler.handle(SafeRequestHandler.java:59)\n\tat io.appium.uiautomator2.server.AppiumServlet.handleRequest(AppiumServlet.java:277)\n\tat io.appium.uiautomator2.server.AppiumServlet.handleHttpRequest(AppiumServlet.java:271)\n\tat io.appium.uiautomator2.http.ServerHandler.channelRead(ServerHandler.java:68)\n\tat io.netty.channel.AbstractChannelHandlerContext.invokeChannelRead(AbstractChannelHandlerContext.java:366)\n\tat io.netty.channel.Abstr...
[debug] &amp#27;[38;5;128m[W3C]&amp#27;[0m Matched W3C error code 'no such element' to NoSuchElementError
[debug] &amp#27;[38;5;32m[AndroidUiautomator2Driver@b227 (fe0cd291)]&amp#27;[0m Waited for 4227 ms so far
[debug] &amp#27;[38;5;32m[AndroidUiautomator2Driver@b227 (fe0cd291)]&amp#27;[0m Matched '/element' to command name 'findElement'
[debug] &amp#27;[38;5;32m[AndroidUiautomator2Driver@b227 (fe0cd291)]&amp#27;[0m Proxying [POST /element] to [POST http://127.0.0.1:8200/session/85989a46-cbdd-4bd4-a501-a859808a0843/element] with body: {"strategy":"xpath","selector":"//android.widget.Button[@text='Allow']","context":"","multiple":false}
&amp#27;[38;5;32m[AndroidUiautomator2Driver@b227 (fe0cd291)]&amp#27;[0m Got response with status 404: {"sessionId":"85989a46-cbdd-4bd4-a501-a859808a0843","value":{"error":"no such element","message":"An element could not be located on the page using the given search parameters","stacktrace":"io.appium.uiautomator2.common.exceptions.ElementNotFoundException: An element could not be located on the page using the given search parameters\n\tat io.appium.uiautomator2.utils.ElementLocationHelpers.findElement(ElementLocationHelpers.java:156)\n\tat io.appium.uiautomator2.handler.FindElement.safeHandle(FindElement.java:60)\n\tat io.appium.uiautomator2.handler.request.SafeRequestHandler.handle(SafeRequestHandler.java:59)\n\tat io.appium.uiautomator2.server.AppiumServlet.handleRequest(AppiumServlet.java:277)\n\tat io.appium.uiautomator2.server.AppiumServlet.handleHttpRequest(AppiumServlet.java:271)\n\tat io.appium.uiautomator2.http.ServerHandler.channelRead(ServerHandler.java:68)\n\tat io.netty.channel.AbstractChannelHandlerContext.invokeChannelRead(AbstractChannelHandlerContext.java:366)\n\tat io.netty.channel.Abstr...
[debug] &amp#27;[38;5;128m[W3C]&amp#27;[0m Matched W3C error code 'no such element' to NoSuchElementError
[debug] &amp#27;[38;5;32m[AndroidUiautomator2Driver@b227 (fe0cd291)]&amp#27;[0m Waited for 4747 ms so far
[debug] &amp#27;[38;5;32m[AndroidUiautomator2Driver@b227 (fe0cd291)]&amp#27;[0m Matched '/element' to command name 'findElement'
[debug] &amp#27;[38;5;32m[AndroidUiautomator2Driver@b227 (fe0cd291)]&amp#27;[0m Proxying [POST /element] to [POST http://127.0.0.1:8200/session/85989a46-cbdd-4bd4-a501-a859808a0843/element] with body: {"strategy":"xpath","selector":"//android.widget.Button[@text='Allow']","context":"","multiple":false}
&amp#27;[38;5;32m[AndroidUiautomator2Driver@b227 (fe0cd291)]&amp#27;[0m Got response with status 404: {"sessionId":"85989a46-cbdd-4bd4-a501-a859808a0843","value":{"error":"no such element","message":"An element could not be located on the page using the given search parameters","stacktrace":"io.appium.uiautomator2.common.exceptions.ElementNotFoundException: An element could not be located on the page using the given search parameters\n\tat io.appium.uiautomator2.utils.ElementLocationHelpers.findElement(ElementLocationHelpers.java:156)\n\tat io.appium.uiautomator2.handler.FindElement.safeHandle(FindElement.java:60)\n\tat io.appium.uiautomator2.handler.request.SafeRequestHandler.handle(SafeRequestHandler.java:59)\n\tat io.appium.uiautomator2.server.AppiumServlet.handleRequest(AppiumServlet.java:277)\n\tat io.appium.uiautomator2.server.AppiumServlet.handleHttpRequest(AppiumServlet.java:271)\n\tat io.appium.uiautomator2.http.ServerHandler.channelRead(ServerHandler.java:68)\n\tat io.netty.channel.AbstractChannelHandlerContext.invokeChannelRead(AbstractChannelHandlerContext.java:366)\n\tat io.netty.channel.Abstr...
[debug] &amp#27;[38;5;128m[W3C]&amp#27;[0m Matched W3C error code 'no such element' to NoSuchElementError
[debug] &amp#27;[38;5;32m[AndroidUiautomator2Driver@b227 (fe0cd291)]&amp#27;[0m Waited for 5285 ms so far
[debug] &amp#27;[38;5;32m[AndroidUiautomator2Driver@b227 (fe0cd291)]&amp#27;[0m Matched '/element' to command name 'findElement'
[debug] &amp#27;[38;5;32m[AndroidUiautomator2Driver@b227 (fe0cd291)]&amp#27;[0m Proxying [POST /element] to [POST http://127.0.0.1:8200/session/85989a46-cbdd-4bd4-a501-a859808a0843/element] with body: {"strategy":"xpath","selector":"//android.widget.Button[@text='Allow']","context":"","multiple":false}
&amp#27;[38;5;32m[AndroidUiautomator2Driver@b227 (fe0cd291)]&amp#27;[0m Got response with status 404: {"sessionId":"85989a46-cbdd-4bd4-a501-a859808a0843","value":{"error":"no such element","message":"An element could not be located on the page using the given search parameters","stacktrace":"io.appium.uiautomator2.common.exceptions.ElementNotFoundException: An element could not be located on the page using the given search parameters\n\tat io.appium.uiautomator2.utils.ElementLocationHelpers.findElement(ElementLocationHelpers.java:156)\n\tat io.appium.uiautomator2.handler.FindElement.safeHandle(FindElement.java:60)\n\tat io.appium.uiautomator2.handler.request.SafeRequestHandler.handle(SafeRequestHandler.java:59)\n\tat io.appium.uiautomator2.server.AppiumServlet.handleRequest(AppiumServlet.java:277)\n\tat io.appium.uiautomator2.server.AppiumServlet.handleHttpRequest(AppiumServlet.java:271)\n\tat io.appium.uiautomator2.http.ServerHandler.channelRead(ServerHandler.java:68)\n\tat io.netty.channel.AbstractChannelHandlerContext.invokeChannelRead(AbstractChannelHandlerContext.java:366)\n\tat io.netty.channel.Abstr...
[debug] &amp#27;[38;5;128m[W3C]&amp#27;[0m Matched W3C error code 'no such element' to NoSuchElementError
[debug] &amp#27;[38;5;32m[AndroidUiautomator2Driver@b227 (fe0cd291)]&amp#27;[0m Waited for 5873 ms so far
[debug] &amp#27;[38;5;32m[AndroidUiautomator2Driver@b227 (fe0cd291)]&amp#27;[0m Matched '/element' to command name 'findElement'
[debug] &amp#27;[38;5;32m[AndroidUiautomator2Driver@b227 (fe0cd291)]&amp#27;[0m Proxying [POST /element] to [POST http://127.0.0.1:8200/session/85989a46-cbdd-4bd4-a501-a859808a0843/element] with body: {"strategy":"xpath","selector":"//android.widget.Button[@text='Allow']","context":"","multiple":false}
&amp#27;[38;5;32m[AndroidUiautomator2Driver@b227 (fe0cd291)]&amp#27;[0m Got response with status 404: {"sessionId":"85989a46-cbdd-4bd4-a501-a859808a0843","value":{"error":"no such element","message":"An element could not be located on the page using the given search parameters","stacktrace":"io.appium.uiautomator2.common.exceptions.ElementNotFoundException: An element could not be located on the page using the given search parameters\n\tat io.appium.uiautomator2.utils.ElementLocationHelpers.findElement(ElementLocationHelpers.java:156)\n\tat io.appium.uiautomator2.handler.FindElement.safeHandle(FindElement.java:60)\n\tat io.appium.uiautomator2.handler.request.SafeRequestHandler.handle(SafeRequestHandler.java:59)\n\tat io.appium.uiautomator2.server.AppiumServlet.handleRequest(AppiumServlet.java:277)\n\tat io.appium.uiautomator2.server.AppiumServlet.handleHttpRequest(AppiumServlet.java:271)\n\tat io.appium.uiautomator2.http.ServerHandler.channelRead(ServerHandler.java:68)\n\tat io.netty.channel.AbstractChannelHandlerContext.invokeChannelRead(AbstractChannelHandlerContext.java:366)\n\tat io.netty.channel.Abstr...
[debug] &amp#27;[38;5;128m[W3C]&amp#27;[0m Matched W3C error code 'no such element' to NoSuchElementError
[debug] &amp#27;[38;5;32m[AndroidUiautomator2Driver@b227 (fe0cd291)]&amp#27;[0m Encountered internal error running command: NoSuchElementError: An element could not be located on the page using the given search parameters.
[debug] &amp#27;[38;5;32m[AndroidUiautomator2Driver@b227 (fe0cd291)]&amp#27;[0m     at AndroidUiautomator2Driver.findElOrEls (C:\Users\daniel.ogagavworia\.appium\node_modules\appium-uiautomator2-driver\node_modules\appium-android-driver\lib\commands\find.js:75:11)
[debug] &amp#27;[38;5;32m[AndroidUiautomator2Driver@b227 (fe0cd291)]&amp#27;[0m     at processTicksAndRejections (node:internal/process/task_queues:95:5)
[debug] &amp#27;[38;5;32m[AndroidUiautomator2Driver@b227 (fe0cd291)]&amp#27;[0m     at AndroidUiautomator2Driver.findElOrElsWithProcessing (C:\Users\daniel.ogagavworia\AppData\Roaming\npm\node_modules\appium\node_modules\@appium\base-driver\lib\basedriver\commands\find.ts:60:12)
[debug] &amp#27;[38;5;32m[AndroidUiautomator2Driver@b227 (fe0cd291)]&amp#27;[0m     at AndroidUiautomator2Driver.findElement (C:\Users\daniel.ogagavworia\AppData\Roaming\npm\node_modules\appium\node_modules\@appium\base-driver\lib\basedriver\commands\find.ts:75:12)
&amp#27;[38;5;0m[HTTP]&amp#27;[0m &amp#27;[37m<-- POST /session/fe0cd291-8f79-4212-8568-b4785b2dee12/element &amp#27;[39m&amp#27;[33m404&amp#27;[39m &amp#27;[90m6120 ms - 929&amp#27;[39m
&amp#27;[38;5;0m[HTTP]&amp#27;[0m &amp#27;[90m&amp#27;[39m
&amp#27;[38;5;0m[HTTP]&amp#27;[0m &amp#27;[37m-->&amp#27;[39m &amp#27;[37mPOST&amp#27;[39m &amp#27;[37m/session/fe0cd291-8f79-4212-8568-b4785b2dee12/element&amp#27;[39m
&amp#27;[38;5;0m[HTTP]&amp#27;[0m &amp#27;[90m{"using":"xpath","value":"//android.widget.TextView[@text='REGISTER']"}&amp#27;[39m
[debug] &amp#27;[38;5;32m[AndroidUiautomator2Driver@b227 (fe0cd291)]&amp#27;[0m Calling AppiumDriver.findElement() with args: ["xpath","//android.widget.TextView[@text='REGISTER']","fe0cd291-8f79-4212-8568-b4785b2dee12"]
[debug] &amp#27;[38;5;32m[AndroidUiautomator2Driver@b227 (fe0cd291)]&amp#27;[0m Valid locator strategies for this request: xpath, id, class name, accessibility id, css selector, -android uiautomator
[debug] &amp#27;[38;5;32m[AndroidUiautomator2Driver@b227 (fe0cd291)]&amp#27;[0m Waiting up to 6000 ms for condition
[debug] &amp#27;[38;5;32m[AndroidUiautomator2Driver@b227 (fe0cd291)]&amp#27;[0m Matched '/element' to command name 'findElement'
[debug] &amp#27;[38;5;32m[AndroidUiautomator2Driver@b227 (fe0cd291)]&amp#27;[0m Proxying [POST /element] to [POST http://127.0.0.1:8200/session/85989a46-cbdd-4bd4-a501-a859808a0843/element] with body: {"strategy":"xpath","selector":"//android.widget.TextView[@text='REGISTER']","context":"","multiple":false}
[debug] &amp#27;[38;5;32m[AndroidUiautomator2Driver@b227 (fe0cd291)]&amp#27;[0m Got response with status 200: {"sessionId":"85989a46-cbdd-4bd4-a501-a859808a0843","value":{"ELEMENT":"00000000-0000-0032-ffff-ffff0000002e","element-6066-11e4-a52e-4f735466cecf":"00000000-0000-0032-ffff-ffff0000002e"}}
[debug] &amp#27;[38;5;32m[AndroidUiautomator2Driver@b227 (fe0cd291)]&amp#27;[0m Responding to client with driver.findElement() result: {"element-6066-11e4-a52e-4f735466cecf":"00000000-0000-0032-ffff-ffff0000002e","ELEMENT":"00000000-0000-0032-ffff-ffff0000002e"}
&amp#27;[38;5;0m[HTTP]&amp#27;[0m &amp#27;[37m<-- POST /session/fe0cd291-8f79-4212-8568-b4785b2dee12/element &amp#27;[39m&amp#27;[32m200&amp#27;[39m &amp#27;[90m76 ms - 137&amp#27;[39m
&amp#27;[38;5;0m[HTTP]&amp#27;[0m &amp#27;[90m&amp#27;[39m
&amp#27;[38;5;0m[HTTP]&amp#27;[0m &amp#27;[37m-->&amp#27;[39m &amp#27;[37mPOST&amp#27;[39m &amp#27;[37m/session/fe0cd291-8f79-4212-8568-b4785b2dee12/element/00000000-0000-0032-ffff-ffff0000002e/click&amp#27;[39m
&amp#27;[38;5;0m[HTTP]&amp#27;[0m &amp#27;[90m{"id":"00000000-0000-0032-ffff-ffff0000002e"}&amp#27;[39m
[debug] &amp#27;[38;5;32m[AndroidUiautomator2Driver@b227 (fe0cd291)]&amp#27;[0m Calling AppiumDriver.click() with args: ["00000000-0000-0032-ffff-ffff0000002e","fe0cd291-8f79-4212-8568-b4785b2dee12"]
[debug] &amp#27;[38;5;32m[AndroidUiautomator2Driver@b227 (fe0cd291)]&amp#27;[0m Matched '/element/00000000-0000-0032-ffff-ffff0000002e/click' to command name 'click'
[debug] &amp#27;[38;5;32m[AndroidUiautomator2Driver@b227 (fe0cd291)]&amp#27;[0m Proxying [POST /element/00000000-0000-0032-ffff-ffff0000002e/click] to [POST http://127.0.0.1:8200/session/85989a46-cbdd-4bd4-a501-a859808a0843/element/00000000-0000-0032-ffff-ffff0000002e/click] with body: {"element":"00000000-0000-0032-ffff-ffff0000002e"}
[debug] &amp#27;[38;5;32m[AndroidUiautomator2Driver@b227 (fe0cd291)]&amp#27;[0m Got response with status 200: {"sessionId":"85989a46-cbdd-4bd4-a501-a859808a0843","value":null}
[debug] &amp#27;[38;5;32m[AndroidUiautomator2Driver@b227 (fe0cd291)]&amp#27;[0m Responding to client with driver.click() result: null
&amp#27;[38;5;0m[HTTP]&amp#27;[0m &amp#27;[37m<-- POST /session/fe0cd291-8f79-4212-8568-b4785b2dee12/element/00000000-0000-0032-ffff-ffff0000002e/click &amp#27;[39m&amp#27;[32m200&amp#27;[39m &amp#27;[90m116 ms - 14&amp#27;[39m
&amp#27;[38;5;0m[HTTP]&amp#27;[0m &amp#27;[90m&amp#27;[39m
&amp#27;[38;5;0m[HTTP]&amp#27;[0m &amp#27;[37m-->&amp#27;[39m &amp#27;[37mPOST&amp#27;[39m &amp#27;[37m/session/fe0cd291-8f79-4212-8568-b4785b2dee12/timeouts&amp#27;[39m
&amp#27;[38;5;0m[HTTP]&amp#27;[0m &amp#27;[90m{"implicit":10000}&amp#27;[39m
[debug] &amp#27;[38;5;32m[AndroidUiautomator2Driver@b227 (fe0cd291)]&amp#27;[0m Calling AppiumDriver.timeouts() with args: [null,null,null,null,10000,"fe0cd291-8f79-4212-8568-b4785b2dee12"]
[debug] &amp#27;[38;5;32m[AndroidUiautomator2Driver@b227 (fe0cd291)]&amp#27;[0m W3C timeout argument: {"implicit":10000}}
[debug] &amp#27;[38;5;32m[AndroidUiautomator2Driver@b227 (fe0cd291)]&amp#27;[0m Set implicit wait to 10000ms
[debug] &amp#27;[38;5;32m[AndroidUiautomator2Driver@b227 (fe0cd291)]&amp#27;[0m Responding to client with driver.timeouts() result: null
&amp#27;[38;5;0m[HTTP]&amp#27;[0m &amp#27;[37m<-- POST /session/fe0cd291-8f79-4212-8568-b4785b2dee12/timeouts &amp#27;[39m&amp#27;[32m200&amp#27;[39m &amp#27;[90m2 ms - 14&amp#27;[39m
&amp#27;[38;5;0m[HTTP]&amp#27;[0m &amp#27;[90m&amp#27;[39m
&amp#27;[38;5;0m[HTTP]&amp#27;[0m &amp#27;[37m-->&amp#27;[39m &amp#27;[37mPOST&amp#27;[39m &amp#27;[37m/session/fe0cd291-8f79-4212-8568-b4785b2dee12/element&amp#27;[39m
&amp#27;[38;5;0m[HTTP]&amp#27;[0m &amp#27;[90m{"using":"xpath","value":"//android.widget.EditText[@index=3]"}&amp#27;[39m
[debug] &amp#27;[38;5;32m[AndroidUiautomator2Driver@b227 (fe0cd291)]&amp#27;[0m Calling AppiumDriver.findElement() with args: ["xpath","//android.widget.EditText[@index=3]","fe0cd291-8f79-4212-8568-b4785b2dee12"]
[debug] &amp#27;[38;5;32m[AndroidUiautomator2Driver@b227 (fe0cd291)]&amp#27;[0m Valid locator strategies for this request: xpath, id, class name, accessibility id, css selector, -android uiautomator
[debug] &amp#27;[38;5;32m[AndroidUiautomator2Driver@b227 (fe0cd291)]&amp#27;[0m Waiting up to 10000 ms for condition
[debug] &amp#27;[38;5;32m[AndroidUiautomator2Driver@b227 (fe0cd291)]&amp#27;[0m Matched '/element' to command name 'findElement'
[debug] &amp#27;[38;5;32m[AndroidUiautomator2Driver@b227 (fe0cd291)]&amp#27;[0m Proxying [POST /element] to [POST http://127.0.0.1:8200/session/85989a46-cbdd-4bd4-a501-a859808a0843/element] with body: {"strategy":"xpath","selector":"//android.widget.EditText[@index=3]","context":"","multiple":false}
&amp#27;[38;5;32m[AndroidUiautomator2Driver@b227 (fe0cd291)]&amp#27;[0m Got response with status 404: {"sessionId":"85989a46-cbdd-4bd4-a501-a859808a0843","value":{"error":"no such element","message":"An element could not be located on the page using the given search parameters","stacktrace":"io.appium.uiautomator2.common.exceptions.ElementNotFoundException: An element could not be located on the page using the given search parameters\n\tat io.appium.uiautomator2.utils.ElementLocationHelpers.findElement(ElementLocationHelpers.java:156)\n\tat io.appium.uiautomator2.handler.FindElement.safeHandle(FindElement.java:60)\n\tat io.appium.uiautomator2.handler.request.SafeRequestHandler.handle(SafeRequestHandler.java:59)\n\tat io.appium.uiautomator2.server.AppiumServlet.handleRequest(AppiumServlet.java:277)\n\tat io.appium.uiautomator2.server.AppiumServlet.handleHttpRequest(AppiumServlet.java:271)\n\tat io.appium.uiautomator2.http.ServerHandler.channelRead(ServerHandler.java:68)\n\tat io.netty.channel.AbstractChannelHandlerContext.invokeChannelRead(AbstractChannelHandlerContext.java:366)\n\tat io.netty.channel.Abstr...
[debug] &amp#27;[38;5;128m[W3C]&amp#27;[0m Matched W3C error code 'no such element' to NoSuchElementError
[debug] &amp#27;[38;5;32m[AndroidUiautomator2Driver@b227 (fe0cd291)]&amp#27;[0m Waited for 199 ms so far
[debug] &amp#27;[38;5;32m[AndroidUiautomator2Driver@b227 (fe0cd291)]&amp#27;[0m Matched '/element' to command name 'findElement'
[debug] &amp#27;[38;5;32m[AndroidUiautomator2Driver@b227 (fe0cd291)]&amp#27;[0m Proxying [POST /element] to [POST http://127.0.0.1:8200/session/85989a46-cbdd-4bd4-a501-a859808a0843/element] with body: {"strategy":"xpath","selector":"//android.widget.EditText[@index=3]","context":"","multiple":false}
[debug] &amp#27;[38;5;32m[AndroidUiautomator2Driver@b227 (fe0cd291)]&amp#27;[0m Got response with status 200: {"sessionId":"85989a46-cbdd-4bd4-a501-a859808a0843","value":{"ELEMENT":"00000000-0000-0032-ffff-ffff00000366","element-6066-11e4-a52e-4f735466cecf":"00000000-0000-0032-ffff-ffff00000366"}}
[debug] &amp#27;[38;5;32m[AndroidUiautomator2Driver@b227 (fe0cd291)]&amp#27;[0m Responding to client with driver.findElement() result: {"element-6066-11e4-a52e-4f735466cecf":"00000000-0000-0032-ffff-ffff00000366","ELEMENT":"00000000-0000-0032-ffff-ffff00000366"}
&amp#27;[38;5;0m[HTTP]&amp#27;[0m &amp#27;[37m<-- POST /session/fe0cd291-8f79-4212-8568-b4785b2dee12/element &amp#27;[39m&amp#27;[32m200&amp#27;[39m &amp#27;[90m1807 ms - 137&amp#27;[39m
&amp#27;[38;5;0m[HTTP]&amp#27;[0m &amp#27;[90m&amp#27;[39m
&amp#27;[38;5;0m[HTTP]&amp#27;[0m &amp#27;[37m-->&amp#27;[39m &amp#27;[37mPOST&amp#27;[39m &amp#27;[37m/session/fe0cd291-8f79-4212-8568-b4785b2dee12/element/00000000-0000-0032-ffff-ffff00000366/value&amp#27;[39m
&amp#27;[38;5;0m[HTTP]&amp#27;[0m &amp#27;[90m{"id":"00000000-0000-0032-ffff-ffff00000366","text":"Daniel Ogaga","value":["D","a","n","i","e","l"," ","O","g","a","g","a"]}&amp#27;[39m
[debug] &amp#27;[38;5;32m[AndroidUiautomator2Driver@b227 (fe0cd291)]&amp#27;[0m Calling AppiumDriver.setValue() with args: [["D","a","n","i","e","l"," ","O","g","a","g","a"],"00000000-0000-0032-ffff-ffff00000366","fe0cd291-8f79-4212-8568-b4785b2dee12"]
[debug] &amp#27;[38;5;32m[AndroidUiautomator2Driver@b227 (fe0cd291)]&amp#27;[0m Matched '/element/00000000-0000-0032-ffff-ffff00000366/value' to command name 'setValue'
[debug] &amp#27;[38;5;32m[AndroidUiautomator2Driver@b227 (fe0cd291)]&amp#27;[0m Added 'value' property ["D","a","n","i","e","l"," ","O","g","a","g","a"] to 'setValue' request body
[debug] &amp#27;[38;5;32m[AndroidUiautomator2Driver@b227 (fe0cd291)]&amp#27;[0m Proxying [POST /element/00000000-0000-0032-ffff-ffff00000366/value] to [POST http://127.0.0.1:8200/session/85989a46-cbdd-4bd4-a501-a859808a0843/element/00000000-0000-0032-ffff-ffff00000366/value] with body: {"elementId":"00000000-0000-0032-ffff-ffff00000366","text":"Daniel Ogaga","replace":false,"value":["D","a","n","i","e","l"," ","O","g","a","g","a"]}
[debug] &amp#27;[38;5;32m[AndroidUiautomator2Driver@b227 (fe0cd291)]&amp#27;[0m Got response with status 200: {"sessionId":"85989a46-cbdd-4bd4-a501-a859808a0843","value":null}
[debug] &amp#27;[38;5;32m[AndroidUiautomator2Driver@b227 (fe0cd291)]&amp#27;[0m Responding to client with driver.setValue() result: null
&amp#27;[38;5;0m[HTTP]&amp#27;[0m &amp#27;[37m<-- POST /session/fe0cd291-8f79-4212-8568-b4785b2dee12/element/00000000-0000-0032-ffff-ffff00000366/value &amp#27;[39m&amp#27;[32m200&amp#27;[39m &amp#27;[90m98 ms - 14&amp#27;[39m
&amp#27;[38;5;0m[HTTP]&amp#27;[0m &amp#27;[90m&amp#27;[39m
&amp#27;[38;5;0m[HTTP]&amp#27;[0m &amp#27;[37m-->&amp#27;[39m &amp#27;[37mPOST&amp#27;[39m &amp#27;[37m/session/fe0cd291-8f79-4212-8568-b4785b2dee12/element&amp#27;[39m
&amp#27;[38;5;0m[HTTP]&amp#27;[0m &amp#27;[90m{"using":"xpath","value":"//android.widget.EditText[@index=6]"}&amp#27;[39m
[debug] &amp#27;[38;5;32m[AndroidUiautomator2Driver@b227 (fe0cd291)]&amp#27;[0m Calling AppiumDriver.findElement() with args: ["xpath","//android.widget.EditText[@index=6]","fe0cd291-8f79-4212-8568-b4785b2dee12"]
[debug] &amp#27;[38;5;32m[AndroidUiautomator2Driver@b227 (fe0cd291)]&amp#27;[0m Valid locator strategies for this request: xpath, id, class name, accessibility id, css selector, -android uiautomator
[debug] &amp#27;[38;5;32m[AndroidUiautomator2Driver@b227 (fe0cd291)]&amp#27;[0m Waiting up to 10000 ms for condition
[debug] &amp#27;[38;5;32m[AndroidUiautomator2Driver@b227 (fe0cd291)]&amp#27;[0m Matched '/element' to command name 'findElement'
[debug] &amp#27;[38;5;32m[AndroidUiautomator2Driver@b227 (fe0cd291)]&amp#27;[0m Proxying [POST /element] to [POST http://127.0.0.1:8200/session/85989a46-cbdd-4bd4-a501-a859808a0843/element] with body: {"strategy":"xpath","selector":"//android.widget.EditText[@index=6]","context":"","multiple":false}
[debug] &amp#27;[38;5;32m[AndroidUiautomator2Driver@b227 (fe0cd291)]&amp#27;[0m Got response with status 200: {"sessionId":"85989a46-cbdd-4bd4-a501-a859808a0843","value":{"ELEMENT":"00000000-0000-0032-ffff-ffff00000369","element-6066-11e4-a52e-4f735466cecf":"00000000-0000-0032-ffff-ffff00000369"}}
[debug] &amp#27;[38;5;32m[AndroidUiautomator2Driver@b227 (fe0cd291)]&amp#27;[0m Responding to client with driver.findElement() result: {"element-6066-11e4-a52e-4f735466cecf":"00000000-0000-0032-ffff-ffff00000369","ELEMENT":"00000000-0000-0032-ffff-ffff00000369"}
&amp#27;[38;5;0m[HTTP]&amp#27;[0m &amp#27;[37m<-- POST /session/fe0cd291-8f79-4212-8568-b4785b2dee12/element &amp#27;[39m&amp#27;[32m200&amp#27;[39m &amp#27;[90m336 ms - 137&amp#27;[39m
&amp#27;[38;5;0m[HTTP]&amp#27;[0m &amp#27;[90m&amp#27;[39m
&amp#27;[38;5;0m[HTTP]&amp#27;[0m &amp#27;[37m-->&amp#27;[39m &amp#27;[37mPOST&amp#27;[39m &amp#27;[37m/session/fe0cd291-8f79-4212-8568-b4785b2dee12/element/00000000-0000-0032-ffff-ffff00000369/value&amp#27;[39m
&amp#27;[38;5;0m[HTTP]&amp#27;[0m &amp#27;[90m{"id":"00000000-0000-0032-ffff-ffff00000369","text":"vada.deckow@nicroric.com","value":["v","a","d","a",".","d","e","c","k","o","w","@","n","i","c","r","o","r","i","c",".","c","o","m"]}&amp#27;[39m
[debug] &amp#27;[38;5;32m[AndroidUiautomator2Driver@b227 (fe0cd291)]&amp#27;[0m Calling AppiumDriver.setValue() with args: [["v","a","d","a",".","d","e","c","k","o","w","@","n","i","c","r","o","r","i","c",".","c","o","m"],"00000000-0000-0032-ffff-ffff00000369","fe0cd291-8f79-4212-8568-b4785b2dee12"]
[debug] &amp#27;[38;5;32m[AndroidUiautomator2Driver@b227 (fe0cd291)]&amp#27;[0m Matched '/element/00000000-0000-0032-ffff-ffff00000369/value' to command name 'setValue'
[debug] &amp#27;[38;5;32m[AndroidUiautomator2Driver@b227 (fe0cd291)]&amp#27;[0m Added 'value' property ["v","a","d","a",".","d","e","c","k","o","w","@","n","i","c","r","o","r","i","c",".","c","o","m"] to 'setValue' request body
[debug] &amp#27;[38;5;32m[AndroidUiautomator2Driver@b227 (fe0cd291)]&amp#27;[0m Proxying [POST /element/00000000-0000-0032-ffff-ffff00000369/value] to [POST http://127.0.0.1:8200/session/85989a46-cbdd-4bd4-a501-a859808a0843/element/00000000-0000-0032-ffff-ffff00000369/value] with body: {"elementId":"00000000-0000-0032-ffff-ffff00000369","text":"vada.deckow@nicroric.com","replace":false,"value":["v","a","d","a",".","d","e","c","k","o","w","@","n","i","c","r","o","r","i","c",".","c","o","m"]}
[debug] &amp#27;[38;5;32m[AndroidUiautomator2Driver@b227 (fe0cd291)]&amp#27;[0m Got response with status 200: {"sessionId":"85989a46-cbdd-4bd4-a501-a859808a0843","value":null}
[debug] &amp#27;[38;5;32m[AndroidUiautomator2Driver@b227 (fe0cd291)]&amp#27;[0m Responding to client with driver.setValue() result: null
&amp#27;[38;5;0m[HTTP]&amp#27;[0m &amp#27;[37m<-- POST /session/fe0cd291-8f79-4212-8568-b4785b2dee12/element/00000000-0000-0032-ffff-ffff00000369/value &amp#27;[39m&amp#27;[32m200&amp#27;[39m &amp#27;[90m358 ms - 14&amp#27;[39m
&amp#27;[38;5;0m[HTTP]&amp#27;[0m &amp#27;[90m&amp#27;[39m
&amp#27;[38;5;0m[HTTP]&amp#27;[0m &amp#27;[37m-->&amp#27;[39m &amp#27;[37mPOST&amp#27;[39m &amp#27;[37m/session/fe0cd291-8f79-4212-8568-b4785b2dee12/element&amp#27;[39m
&amp#27;[38;5;0m[HTTP]&amp#27;[0m &amp#27;[90m{"using":"xpath","value":"//android.widget.EditText[@index=9]"}&amp#27;[39m
[debug] &amp#27;[38;5;32m[AndroidUiautomator2Driver@b227 (fe0cd291)]&amp#27;[0m Calling AppiumDriver.findElement() with args: ["xpath","//android.widget.EditText[@index=9]","fe0cd291-8f79-4212-8568-b4785b2dee12"]
[debug] &amp#27;[38;5;32m[AndroidUiautomator2Driver@b227 (fe0cd291)]&amp#27;[0m Valid locator strategies for this request: xpath, id, class name, accessibility id, css selector, -android uiautomator
[debug] &amp#27;[38;5;32m[AndroidUiautomator2Driver@b227 (fe0cd291)]&amp#27;[0m Waiting up to 10000 ms for condition
[debug] &amp#27;[38;5;32m[AndroidUiautomator2Driver@b227 (fe0cd291)]&amp#27;[0m Matched '/element' to command name 'findElement'
[debug] &amp#27;[38;5;32m[AndroidUiautomator2Driver@b227 (fe0cd291)]&amp#27;[0m Proxying [POST /element] to [POST http://127.0.0.1:8200/session/85989a46-cbdd-4bd4-a501-a859808a0843/element] with body: {"strategy":"xpath","selector":"//android.widget.EditText[@index=9]","context":"","multiple":false}
[debug] &amp#27;[38;5;32m[AndroidUiautomator2Driver@b227 (fe0cd291)]&amp#27;[0m Got response with status 200: {"sessionId":"85989a46-cbdd-4bd4-a501-a859808a0843","value":{"ELEMENT":"00000000-0000-0032-ffff-ffff0000036c","element-6066-11e4-a52e-4f735466cecf":"00000000-0000-0032-ffff-ffff0000036c"}}
[debug] &amp#27;[38;5;32m[AndroidUiautomator2Driver@b227 (fe0cd291)]&amp#27;[0m Responding to client with driver.findElement() result: {"element-6066-11e4-a52e-4f735466cecf":"00000000-0000-0032-ffff-ffff0000036c","ELEMENT":"00000000-0000-0032-ffff-ffff0000036c"}
&amp#27;[38;5;0m[HTTP]&amp#27;[0m &amp#27;[37m<-- POST /session/fe0cd291-8f79-4212-8568-b4785b2dee12/element &amp#27;[39m&amp#27;[32m200&amp#27;[39m &amp#27;[90m536 ms - 137&amp#27;[39m
&amp#27;[38;5;0m[HTTP]&amp#27;[0m &amp#27;[90m&amp#27;[39m
&amp#27;[38;5;0m[HTTP]&amp#27;[0m &amp#27;[37m-->&amp#27;[39m &amp#27;[37mPOST&amp#27;[39m &amp#27;[37m/session/fe0cd291-8f79-4212-8568-b4785b2dee12/element/00000000-0000-0032-ffff-ffff0000036c/value&amp#27;[39m
&amp#27;[38;5;0m[HTTP]&amp#27;[0m &amp#27;[90m{"id":"00000000-0000-0032-ffff-ffff0000036c","text":"08033443048","value":["0","8","0","3","3","4","4","3","0","4","8"]}&amp#27;[39m
[debug] &amp#27;[38;5;32m[AndroidUiautomator2Driver@b227 (fe0cd291)]&amp#27;[0m Calling AppiumDriver.setValue() with args: [["0","8","0","3","3","4","4","3","0","4","8"],"00000000-0000-0032-ffff-ffff0000036c","fe0cd291-8f79-4212-8568-b4785b2dee12"]
[debug] &amp#27;[38;5;32m[AndroidUiautomator2Driver@b227 (fe0cd291)]&amp#27;[0m Matched '/element/00000000-0000-0032-ffff-ffff0000036c/value' to command name 'setValue'
[debug] &amp#27;[38;5;32m[AndroidUiautomator2Driver@b227 (fe0cd291)]&amp#27;[0m Added 'value' property ["0","8","0","3","3","4","4","3","0","4","8"] to 'setValue' request body
[debug] &amp#27;[38;5;32m[AndroidUiautomator2Driver@b227 (fe0cd291)]&amp#27;[0m Proxying [POST /element/00000000-0000-0032-ffff-ffff0000036c/value] to [POST http://127.0.0.1:8200/session/85989a46-cbdd-4bd4-a501-a859808a0843/element/00000000-0000-0032-ffff-ffff0000036c/value] with body: {"elementId":"00000000-0000-0032-ffff-ffff0000036c","text":"08033443048","replace":false,"value":["0","8","0","3","3","4","4","3","0","4","8"]}
[debug] &amp#27;[38;5;32m[AndroidUiautomator2Driver@b227 (fe0cd291)]&amp#27;[0m Got response with status 200: {"sessionId":"85989a46-cbdd-4bd4-a501-a859808a0843","value":null}
[debug] &amp#27;[38;5;32m[AndroidUiautomator2Driver@b227 (fe0cd291)]&amp#27;[0m Responding to client with driver.setValue() result: null
&amp#27;[38;5;0m[HTTP]&amp#27;[0m &amp#27;[37m<-- POST /session/fe0cd291-8f79-4212-8568-b4785b2dee12/element/00000000-0000-0032-ffff-ffff0000036c/value &amp#27;[39m&amp#27;[32m200&amp#27;[39m &amp#27;[90m14 ms - 14&amp#27;[39m
&amp#27;[38;5;0m[HTTP]&amp#27;[0m &amp#27;[90m&amp#27;[39m
&amp#27;[38;5;0m[HTTP]&amp#27;[0m &amp#27;[37m-->&amp#27;[39m &amp#27;[37mPOST&amp#27;[39m &amp#27;[37m/session/fe0cd291-8f79-4212-8568-b4785b2dee12/element&amp#27;[39m
&amp#27;[38;5;0m[HTTP]&amp#27;[0m &amp#27;[90m{"using":"xpath","value":"//android.widget.EditText[@index=12]"}&amp#27;[39m
[debug] &amp#27;[38;5;32m[AndroidUiautomator2Driver@b227 (fe0cd291)]&amp#27;[0m Calling AppiumDriver.findElement() with args: ["xpath","//android.widget.EditText[@index=12]","fe0cd291-8f79-4212-8568-b4785b2dee12"]
[debug] &amp#27;[38;5;32m[AndroidUiautomator2Driver@b227 (fe0cd291)]&amp#27;[0m Valid locator strategies for this request: xpath, id, class name, accessibility id, css selector, -android uiautomator
[debug] &amp#27;[38;5;32m[AndroidUiautomator2Driver@b227 (fe0cd291)]&amp#27;[0m Waiting up to 10000 ms for condition
[debug] &amp#27;[38;5;32m[AndroidUiautomator2Driver@b227 (fe0cd291)]&amp#27;[0m Matched '/element' to command name 'findElement'
[debug] &amp#27;[38;5;32m[AndroidUiautomator2Driver@b227 (fe0cd291)]&amp#27;[0m Proxying [POST /element] to [POST http://127.0.0.1:8200/session/85989a46-cbdd-4bd4-a501-a859808a0843/element] with body: {"strategy":"xpath","selector":"//android.widget.EditText[@index=12]","context":"","multiple":false}
[debug] &amp#27;[38;5;32m[AndroidUiautomator2Driver@b227 (fe0cd291)]&amp#27;[0m Got response with status 200: {"sessionId":"85989a46-cbdd-4bd4-a501-a859808a0843","value":{"ELEMENT":"00000000-0000-0032-ffff-ffff0000036f","element-6066-11e4-a52e-4f735466cecf":"00000000-0000-0032-ffff-ffff0000036f"}}
[debug] &amp#27;[38;5;32m[AndroidUiautomator2Driver@b227 (fe0cd291)]&amp#27;[0m Responding to client with driver.findElement() result: {"element-6066-11e4-a52e-4f735466cecf":"00000000-0000-0032-ffff-ffff0000036f","ELEMENT":"00000000-0000-0032-ffff-ffff0000036f"}
&amp#27;[38;5;0m[HTTP]&amp#27;[0m &amp#27;[37m<-- POST /session/fe0cd291-8f79-4212-8568-b4785b2dee12/element &amp#27;[39m&amp#27;[32m200&amp#27;[39m &amp#27;[90m42 ms - 137&amp#27;[39m
&amp#27;[38;5;0m[HTTP]&amp#27;[0m &amp#27;[90m&amp#27;[39m
&amp#27;[38;5;0m[HTTP]&amp#27;[0m &amp#27;[37m-->&amp#27;[39m &amp#27;[37mPOST&amp#27;[39m &amp#27;[37m/session/fe0cd291-8f79-4212-8568-b4785b2dee12/element/00000000-0000-0032-ffff-ffff0000036f/value&amp#27;[39m
&amp#27;[38;5;0m[HTTP]&amp#27;[0m &amp#27;[90m{"id":"00000000-0000-0032-ffff-ffff0000036f","text":"password","value":["p","a","s","s","w","o","r","d"]}&amp#27;[39m
[debug] &amp#27;[38;5;32m[AndroidUiautomator2Driver@b227 (fe0cd291)]&amp#27;[0m Calling AppiumDriver.setValue() with args: [["p","a","s","s","w","o","r","d"],"00000000-0000-0032-ffff-ffff0000036f","fe0cd291-8f79-4212-8568-b4785b2dee12"]
[debug] &amp#27;[38;5;32m[AndroidUiautomator2Driver@b227 (fe0cd291)]&amp#27;[0m Matched '/element/00000000-0000-0032-ffff-ffff0000036f/value' to command name 'setValue'
[debug] &amp#27;[38;5;32m[AndroidUiautomator2Driver@b227 (fe0cd291)]&amp#27;[0m Added 'value' property ["p","a","s","s","w","o","r","d"] to 'setValue' request body
[debug] &amp#27;[38;5;32m[AndroidUiautomator2Driver@b227 (fe0cd291)]&amp#27;[0m Proxying [POST /element/00000000-0000-0032-ffff-ffff0000036f/value] to [POST http://127.0.0.1:8200/session/85989a46-cbdd-4bd4-a501-a859808a0843/element/00000000-0000-0032-ffff-ffff0000036f/value] with body: {"elementId":"00000000-0000-0032-ffff-ffff0000036f","text":"password","replace":false,"value":["p","a","s","s","w","o","r","d"]}
[debug] &amp#27;[38;5;32m[AndroidUiautomator2Driver@b227 (fe0cd291)]&amp#27;[0m Got response with status 200: {"sessionId":"85989a46-cbdd-4bd4-a501-a859808a0843","value":null}
[debug] &amp#27;[38;5;32m[AndroidUiautomator2Driver@b227 (fe0cd291)]&amp#27;[0m Responding to client with driver.setValue() result: null
&amp#27;[38;5;0m[HTTP]&amp#27;[0m &amp#27;[37m<-- POST /session/fe0cd291-8f79-4212-8568-b4785b2dee12/element/00000000-0000-0032-ffff-ffff0000036f/value &amp#27;[39m&amp#27;[32m200&amp#27;[39m &amp#27;[90m466 ms - 14&amp#27;[39m
&amp#27;[38;5;0m[HTTP]&amp#27;[0m &amp#27;[90m&amp#27;[39m
&amp#27;[38;5;0m[HTTP]&amp#27;[0m &amp#27;[37m-->&amp#27;[39m &amp#27;[37mPOST&amp#27;[39m &amp#27;[37m/session/fe0cd291-8f79-4212-8568-b4785b2dee12/element&amp#27;[39m
&amp#27;[38;5;0m[HTTP]&amp#27;[0m &amp#27;[90m{"using":"xpath","value":"//android.widget.TextView[@text='Register']"}&amp#27;[39m
[debug] &amp#27;[38;5;32m[AndroidUiautomator2Driver@b227 (fe0cd291)]&amp#27;[0m Calling AppiumDriver.findElement() with args: ["xpath","//android.widget.TextView[@text='Register']","fe0cd291-8f79-4212-8568-b4785b2dee12"]
[debug] &amp#27;[38;5;32m[AndroidUiautomator2Driver@b227 (fe0cd291)]&amp#27;[0m Valid locator strategies for this request: xpath, id, class name, accessibility id, css selector, -android uiautomator
[debug] &amp#27;[38;5;32m[AndroidUiautomator2Driver@b227 (fe0cd291)]&amp#27;[0m Waiting up to 10000 ms for condition
[debug] &amp#27;[38;5;32m[AndroidUiautomator2Driver@b227 (fe0cd291)]&amp#27;[0m Matched '/element' to command name 'findElement'
[debug] &amp#27;[38;5;32m[AndroidUiautomator2Driver@b227 (fe0cd291)]&amp#27;[0m Proxying [POST /element] to [POST http://127.0.0.1:8200/session/85989a46-cbdd-4bd4-a501-a859808a0843/element] with body: {"strategy":"xpath","selector":"//android.widget.TextView[@text='Register']","context":"","multiple":false}
[debug] &amp#27;[38;5;32m[AndroidUiautomator2Driver@b227 (fe0cd291)]&amp#27;[0m Got response with status 200: {"sessionId":"85989a46-cbdd-4bd4-a501-a859808a0843","value":{"ELEMENT":"00000000-0000-0032-ffff-ffff0000037c","element-6066-11e4-a52e-4f735466cecf":"00000000-0000-0032-ffff-ffff0000037c"}}
[debug] &amp#27;[38;5;32m[AndroidUiautomator2Driver@b227 (fe0cd291)]&amp#27;[0m Responding to client with driver.findElement() result: {"element-6066-11e4-a52e-4f735466cecf":"00000000-0000-0032-ffff-ffff0000037c","ELEMENT":"00000000-0000-0032-ffff-ffff0000037c"}
&amp#27;[38;5;0m[HTTP]&amp#27;[0m &amp#27;[37m<-- POST /session/fe0cd291-8f79-4212-8568-b4785b2dee12/element &amp#27;[39m&amp#27;[32m200&amp#27;[39m &amp#27;[90m630 ms - 137&amp#27;[39m
&amp#27;[38;5;0m[HTTP]&amp#27;[0m &amp#27;[90m&amp#27;[39m
&amp#27;[38;5;0m[HTTP]&amp#27;[0m &amp#27;[37m-->&amp#27;[39m &amp#27;[37mPOST&amp#27;[39m &amp#27;[37m/session/fe0cd291-8f79-4212-8568-b4785b2dee12/element/00000000-0000-0032-ffff-ffff0000037c/click&amp#27;[39m
&amp#27;[38;5;0m[HTTP]&amp#27;[0m &amp#27;[90m{"id":"00000000-0000-0032-ffff-ffff0000037c"}&amp#27;[39m
[debug] &amp#27;[38;5;32m[AndroidUiautomator2Driver@b227 (fe0cd291)]&amp#27;[0m Calling AppiumDriver.click() with args: ["00000000-0000-0032-ffff-ffff0000037c","fe0cd291-8f79-4212-8568-b4785b2dee12"]
[debug] &amp#27;[38;5;32m[AndroidUiautomator2Driver@b227 (fe0cd291)]&amp#27;[0m Matched '/element/00000000-0000-0032-ffff-ffff0000037c/click' to command name 'click'
[debug] &amp#27;[38;5;32m[AndroidUiautomator2Driver@b227 (fe0cd291)]&amp#27;[0m Proxying [POST /element/00000000-0000-0032-ffff-ffff0000037c/click] to [POST http://127.0.0.1:8200/session/85989a46-cbdd-4bd4-a501-a859808a0843/element/00000000-0000-0032-ffff-ffff0000037c/click] with body: {"element":"00000000-0000-0032-ffff-ffff0000037c"}
[debug] &amp#27;[38;5;32m[AndroidUiautomator2Driver@b227 (fe0cd291)]&amp#27;[0m Got response with status 200: {"sessionId":"85989a46-cbdd-4bd4-a501-a859808a0843","value":null}
[debug] &amp#27;[38;5;32m[AndroidUiautomator2Driver@b227 (fe0cd291)]&amp#27;[0m Responding to client with driver.click() result: null
&amp#27;[38;5;0m[HTTP]&amp#27;[0m &amp#27;[37m<-- POST /session/fe0cd291-8f79-4212-8568-b4785b2dee12/element/00000000-0000-0032-ffff-ffff0000037c/click &amp#27;[39m&amp#27;[32m200&amp#27;[39m &amp#27;[90m62 ms - 14&amp#27;[39m
&amp#27;[38;5;0m[HTTP]&amp#27;[0m &amp#27;[90m&amp#27;[39m
&amp#27;[38;5;0m[HTTP]&amp#27;[0m &amp#27;[37m-->&amp#27;[39m &amp#27;[37mPOST&amp#27;[39m &amp#27;[37m/session/fe0cd291-8f79-4212-8568-b4785b2dee12/element&amp#27;[39m
&amp#27;[38;5;0m[HTTP]&amp#27;[0m &amp#27;[90m{"using":"xpath","value":"//android.widget.TextView[@index=18]"}&amp#27;[39m
[debug] &amp#27;[38;5;32m[AndroidUiautomator2Driver@b227 (fe0cd291)]&amp#27;[0m Calling AppiumDriver.findElement() with args: ["xpath","//android.widget.TextView[@index=18]","fe0cd291-8f79-4212-8568-b4785b2dee12"]
[debug] &amp#27;[38;5;32m[AndroidUiautomator2Driver@b227 (fe0cd291)]&amp#27;[0m Valid locator strategies for this request: xpath, id, class name, accessibility id, css selector, -android uiautomator
[debug] &amp#27;[38;5;32m[AndroidUiautomator2Driver@b227 (fe0cd291)]&amp#27;[0m Waiting up to 10000 ms for condition
[debug] &amp#27;[38;5;32m[AndroidUiautomator2Driver@b227 (fe0cd291)]&amp#27;[0m Matched '/element' to command name 'findElement'
[debug] &amp#27;[38;5;32m[AndroidUiautomator2Driver@b227 (fe0cd291)]&amp#27;[0m Proxying [POST /element] to [POST http://127.0.0.1:8200/session/85989a46-cbdd-4bd4-a501-a859808a0843/element] with body: {"strategy":"xpath","selector":"//android.widget.TextView[@index=18]","context":"","multiple":false}
[debug] &amp#27;[38;5;32m[AndroidUiautomator2Driver@b227 (fe0cd291)]&amp#27;[0m Got response with status 200: {"sessionId":"85989a46-cbdd-4bd4-a501-a859808a0843","value":{"ELEMENT":"00000000-0000-0032-ffff-ffff00000374","element-6066-11e4-a52e-4f735466cecf":"00000000-0000-0032-ffff-ffff00000374"}}
[debug] &amp#27;[38;5;32m[AndroidUiautomator2Driver@b227 (fe0cd291)]&amp#27;[0m Responding to client with driver.findElement() result: {"element-6066-11e4-a52e-4f735466cecf":"00000000-0000-0032-ffff-ffff00000374","ELEMENT":"00000000-0000-0032-ffff-ffff00000374"}
&amp#27;[38;5;0m[HTTP]&amp#27;[0m &amp#27;[37m<-- POST /session/fe0cd291-8f79-4212-8568-b4785b2dee12/element &amp#27;[39m&amp#27;[32m200&amp#27;[39m &amp#27;[90m32 ms - 137&amp#27;[39m
&amp#27;[38;5;0m[HTTP]&amp#27;[0m &amp#27;[90m&amp#27;[39m
&amp#27;[38;5;0m[HTTP]&amp#27;[0m &amp#27;[37m-->&amp#27;[39m &amp#27;[37mPOST&amp#27;[39m &amp#27;[37m/session/fe0cd291-8f79-4212-8568-b4785b2dee12/element/00000000-0000-0032-ffff-ffff00000374/click&amp#27;[39m
&amp#27;[38;5;0m[HTTP]&amp#27;[0m &amp#27;[90m{"id":"00000000-0000-0032-ffff-ffff00000374"}&amp#27;[39m
[debug] &amp#27;[38;5;32m[AndroidUiautomator2Driver@b227 (fe0cd291)]&amp#27;[0m Calling AppiumDriver.click() with args: ["00000000-0000-0032-ffff-ffff00000374","fe0cd291-8f79-4212-8568-b4785b2dee12"]
[debug] &amp#27;[38;5;32m[AndroidUiautomator2Driver@b227 (fe0cd291)]&amp#27;[0m Matched '/element/00000000-0000-0032-ffff-ffff00000374/click' to command name 'click'
[debug] &amp#27;[38;5;32m[AndroidUiautomator2Driver@b227 (fe0cd291)]&amp#27;[0m Proxying [POST /element/00000000-0000-0032-ffff-ffff00000374/click] to [POST http://127.0.0.1:8200/session/85989a46-cbdd-4bd4-a501-a859808a0843/element/00000000-0000-0032-ffff-ffff00000374/click] with body: {"element":"00000000-0000-0032-ffff-ffff00000374"}
[debug] &amp#27;[38;5;32m[AndroidUiautomator2Driver@b227 (fe0cd291)]&amp#27;[0m Got response with status 200: {"sessionId":"85989a46-cbdd-4bd4-a501-a859808a0843","value":null}
[debug] &amp#27;[38;5;32m[AndroidUiautomator2Driver@b227 (fe0cd291)]&amp#27;[0m Responding to client with driver.click() result: null
&amp#27;[38;5;0m[HTTP]&amp#27;[0m &amp#27;[37m<-- POST /session/fe0cd291-8f79-4212-8568-b4785b2dee12/element/00000000-0000-0032-ffff-ffff00000374/click &amp#27;[39m&amp#27;[32m200&amp#27;[39m &amp#27;[90m65 ms - 14&amp#27;[39m
&amp#27;[38;5;0m[HTTP]&amp#27;[0m &amp#27;[90m&amp#27;[39m
&amp#27;[38;5;0m[HTTP]&amp#27;[0m &amp#27;[37m-->&amp#27;[39m &amp#27;[37mPOST&amp#27;[39m &amp#27;[37m/session/fe0cd291-8f79-4212-8568-b4785b2dee12/element&amp#27;[39m
&amp#27;[38;5;0m[HTTP]&amp#27;[0m &amp#27;[90m{"using":"xpath","value":"//android.widget.TextView[@text='Register']"}&amp#27;[39m
[debug] &amp#27;[38;5;32m[AndroidUiautomator2Driver@b227 (fe0cd291)]&amp#27;[0m Calling AppiumDriver.findElement() with args: ["xpath","//android.widget.TextView[@text='Register']","fe0cd291-8f79-4212-8568-b4785b2dee12"]
[debug] &amp#27;[38;5;32m[AndroidUiautomator2Driver@b227 (fe0cd291)]&amp#27;[0m Valid locator strategies for this request: xpath, id, class name, accessibility id, css selector, -android uiautomator
[debug] &amp#27;[38;5;32m[AndroidUiautomator2Driver@b227 (fe0cd291)]&amp#27;[0m Waiting up to 10000 ms for condition
[debug] &amp#27;[38;5;32m[AndroidUiautomator2Driver@b227 (fe0cd291)]&amp#27;[0m Matched '/element' to command name 'findElement'
[debug] &amp#27;[38;5;32m[AndroidUiautomator2Driver@b227 (fe0cd291)]&amp#27;[0m Proxying [POST /element] to [POST http://127.0.0.1:8200/session/85989a46-cbdd-4bd4-a501-a859808a0843/element] with body: {"strategy":"xpath","selector":"//android.widget.TextView[@text='Register']","context":"","multiple":false}
[debug] &amp#27;[38;5;32m[AndroidUiautomator2Driver@b227 (fe0cd291)]&amp#27;[0m Got response with status 200: {"sessionId":"85989a46-cbdd-4bd4-a501-a859808a0843","value":{"ELEMENT":"00000000-0000-0032-ffff-ffff0000037c","element-6066-11e4-a52e-4f735466cecf":"00000000-0000-0032-ffff-ffff0000037c"}}
[debug] &amp#27;[38;5;32m[AndroidUiautomator2Driver@b227 (fe0cd291)]&amp#27;[0m Responding to client with driver.findElement() result: {"element-6066-11e4-a52e-4f735466cecf":"00000000-0000-0032-ffff-ffff0000037c","ELEMENT":"00000000-0000-0032-ffff-ffff0000037c"}
&amp#27;[38;5;0m[HTTP]&amp#27;[0m &amp#27;[37m<-- POST /session/fe0cd291-8f79-4212-8568-b4785b2dee12/element &amp#27;[39m&amp#27;[32m200&amp#27;[39m &amp#27;[90m31 ms - 137&amp#27;[39m
&amp#27;[38;5;0m[HTTP]&amp#27;[0m &amp#27;[90m&amp#27;[39m
&amp#27;[38;5;0m[HTTP]&amp#27;[0m &amp#27;[37m-->&amp#27;[39m &amp#27;[37mPOST&amp#27;[39m &amp#27;[37m/session/fe0cd291-8f79-4212-8568-b4785b2dee12/element/00000000-0000-0032-ffff-ffff0000037c/click&amp#27;[39m
&amp#27;[38;5;0m[HTTP]&amp#27;[0m &amp#27;[90m{"id":"00000000-0000-0032-ffff-ffff0000037c"}&amp#27;[39m
[debug] &amp#27;[38;5;32m[AndroidUiautomator2Driver@b227 (fe0cd291)]&amp#27;[0m Calling AppiumDriver.click() with args: ["00000000-0000-0032-ffff-ffff0000037c","fe0cd291-8f79-4212-8568-b4785b2dee12"]
[debug] &amp#27;[38;5;32m[AndroidUiautomator2Driver@b227 (fe0cd291)]&amp#27;[0m Matched '/element/00000000-0000-0032-ffff-ffff0000037c/click' to command name 'click'
[debug] &amp#27;[38;5;32m[AndroidUiautomator2Driver@b227 (fe0cd291)]&amp#27;[0m Proxying [POST /element/00000000-0000-0032-ffff-ffff0000037c/click] to [POST http://127.0.0.1:8200/session/85989a46-cbdd-4bd4-a501-a859808a0843/element/00000000-0000-0032-ffff-ffff0000037c/click] with body: {"element":"00000000-0000-0032-ffff-ffff0000037c"}
[debug] &amp#27;[38;5;32m[AndroidUiautomator2Driver@b227 (fe0cd291)]&amp#27;[0m Got response with status 200: {"sessionId":"85989a46-cbdd-4bd4-a501-a859808a0843","value":null}
[debug] &amp#27;[38;5;32m[AndroidUiautomator2Driver@b227 (fe0cd291)]&amp#27;[0m Responding to client with driver.click() result: null
&amp#27;[38;5;0m[HTTP]&amp#27;[0m &amp#27;[37m<-- POST /session/fe0cd291-8f79-4212-8568-b4785b2dee12/element/00000000-0000-0032-ffff-ffff0000037c/click &amp#27;[39m&amp#27;[32m200&amp#27;[39m &amp#27;[90m58 ms - 14&amp#27;[39m
&amp#27;[38;5;0m[HTTP]&amp#27;[0m &amp#27;[90m&amp#27;[39m
&amp#27;[38;5;0m[HTTP]&amp#27;[0m &amp#27;[37m-->&amp#27;[39m &amp#27;[37mPOST&amp#27;[39m &amp#27;[37m/session/fe0cd291-8f79-4212-8568-b4785b2dee12/element&amp#27;[39m
&amp#27;[38;5;0m[HTTP]&amp#27;[0m &amp#27;[90m{"using":"xpath","value":"//android.widget.TextView[@index=7]"}&amp#27;[39m
[debug] &amp#27;[38;5;32m[AndroidUiautomator2Driver@b227 (fe0cd291)]&amp#27;[0m Calling AppiumDriver.findElement() with args: ["xpath","//android.widget.TextView[@index=7]","fe0cd291-8f79-4212-8568-b4785b2dee12"]
[debug] &amp#27;[38;5;32m[AndroidUiautomator2Driver@b227 (fe0cd291)]&amp#27;[0m Valid locator strategies for this request: xpath, id, class name, accessibility id, css selector, -android uiautomator
[debug] &amp#27;[38;5;32m[AndroidUiautomator2Driver@b227 (fe0cd291)]&amp#27;[0m Waiting up to 10000 ms for condition
[debug] &amp#27;[38;5;32m[AndroidUiautomator2Driver@b227 (fe0cd291)]&amp#27;[0m Matched '/element' to command name 'findElement'
[debug] &amp#27;[38;5;32m[AndroidUiautomator2Driver@b227 (fe0cd291)]&amp#27;[0m Proxying [POST /element] to [POST http://127.0.0.1:8200/session/85989a46-cbdd-4bd4-a501-a859808a0843/element] with body: {"strategy":"xpath","selector":"//android.widget.TextView[@index=7]","context":"","multiple":false}
[debug] &amp#27;[38;5;32m[AndroidUiautomator2Driver@b227 (fe0cd291)]&amp#27;[0m Got response with status 200: {"sessionId":"85989a46-cbdd-4bd4-a501-a859808a0843","value":{"ELEMENT":"00000000-0000-0032-ffff-ffff0000036a","element-6066-11e4-a52e-4f735466cecf":"00000000-0000-0032-ffff-ffff0000036a"}}
[debug] &amp#27;[38;5;32m[AndroidUiautomator2Driver@b227 (fe0cd291)]&amp#27;[0m Responding to client with driver.findElement() result: {"element-6066-11e4-a52e-4f735466cecf":"00000000-0000-0032-ffff-ffff0000036a","ELEMENT":"00000000-0000-0032-ffff-ffff0000036a"}
&amp#27;[38;5;0m[HTTP]&amp#27;[0m &amp#27;[37m<-- POST /session/fe0cd291-8f79-4212-8568-b4785b2dee12/element &amp#27;[39m&amp#27;[32m200&amp#27;[39m &amp#27;[90m623 ms - 137&amp#27;[39m
&amp#27;[38;5;0m[HTTP]&amp#27;[0m &amp#27;[90m&amp#27;[39m
&amp#27;[38;5;0m[HTTP]&amp#27;[0m &amp#27;[37m-->&amp#27;[39m &amp#27;[37mPOST&amp#27;[39m &amp#27;[37m/session/fe0cd291-8f79-4212-8568-b4785b2dee12/element&amp#27;[39m
&amp#27;[38;5;0m[HTTP]&amp#27;[0m &amp#27;[90m{"using":"xpath","value":"//android.widget.TextView[@index=7]"}&amp#27;[39m
[debug] &amp#27;[38;5;32m[AndroidUiautomator2Driver@b227 (fe0cd291)]&amp#27;[0m Calling AppiumDriver.findElement() with args: ["xpath","//android.widget.TextView[@index=7]","fe0cd291-8f79-4212-8568-b4785b2dee12"]
[debug] &amp#27;[38;5;32m[AndroidUiautomator2Driver@b227 (fe0cd291)]&amp#27;[0m Valid locator strategies for this request: xpath, id, class name, accessibility id, css selector, -android uiautomator
[debug] &amp#27;[38;5;32m[AndroidUiautomator2Driver@b227 (fe0cd291)]&amp#27;[0m Waiting up to 10000 ms for condition
[debug] &amp#27;[38;5;32m[AndroidUiautomator2Driver@b227 (fe0cd291)]&amp#27;[0m Matched '/element' to command name 'findElement'
[debug] &amp#27;[38;5;32m[AndroidUiautomator2Driver@b227 (fe0cd291)]&amp#27;[0m Proxying [POST /element] to [POST http://127.0.0.1:8200/session/85989a46-cbdd-4bd4-a501-a859808a0843/element] with body: {"strategy":"xpath","selector":"//android.widget.TextView[@index=7]","context":"","multiple":false}
[debug] &amp#27;[38;5;32m[AndroidUiautomator2Driver@b227 (fe0cd291)]&amp#27;[0m Got response with status 200: {"sessionId":"85989a46-cbdd-4bd4-a501-a859808a0843","value":{"ELEMENT":"00000000-0000-0032-ffff-ffff0000036a","element-6066-11e4-a52e-4f735466cecf":"00000000-0000-0032-ffff-ffff0000036a"}}
[debug] &amp#27;[38;5;32m[AndroidUiautomator2Driver@b227 (fe0cd291)]&amp#27;[0m Responding to client with driver.findElement() result: {"element-6066-11e4-a52e-4f735466cecf":"00000000-0000-0032-ffff-ffff0000036a","ELEMENT":"00000000-0000-0032-ffff-ffff0000036a"}
&amp#27;[38;5;0m[HTTP]&amp#27;[0m &amp#27;[37m<-- POST /session/fe0cd291-8f79-4212-8568-b4785b2dee12/element &amp#27;[39m&amp#27;[32m200&amp#27;[39m &amp#27;[90m27 ms - 137&amp#27;[39m
&amp#27;[38;5;0m[HTTP]&amp#27;[0m &amp#27;[90m&amp#27;[39m
&amp#27;[38;5;0m[HTTP]&amp#27;[0m &amp#27;[37m-->&amp#27;[39m &amp#27;[37mGET&amp#27;[39m &amp#27;[37m/session/fe0cd291-8f79-4212-8568-b4785b2dee12/element/00000000-0000-0032-ffff-ffff0000036a/text&amp#27;[39m
&amp#27;[38;5;0m[HTTP]&amp#27;[0m &amp#27;[90m{}&amp#27;[39m
&amp#27;[38;5;32m[AndroidUiautomator2Driver@b227 (fe0cd291)]&amp#27;[0m Driver proxy active, passing request on via HTTP proxy
[debug] &amp#27;[38;5;32m[AndroidUiautomator2Driver@b227 (fe0cd291)]&amp#27;[0m Matched '/session/fe0cd291-8f79-4212-8568-b4785b2dee12/element/00000000-0000-0032-ffff-ffff0000036a/text' to command name 'getText'
[debug] &amp#27;[38;5;32m[AndroidUiautomator2Driver@b227 (fe0cd291)]&amp#27;[0m Proxying [GET /session/fe0cd291-8f79-4212-8568-b4785b2dee12/element/00000000-0000-0032-ffff-ffff0000036a/text] to [GET http://127.0.0.1:8200/session/85989a46-cbdd-4bd4-a501-a859808a0843/element/00000000-0000-0032-ffff-ffff0000036a/text] with no body
[debug] &amp#27;[38;5;32m[AndroidUiautomator2Driver@b227 (fe0cd291)]&amp#27;[0m Got response with status 200: {"sessionId":"85989a46-cbdd-4bd4-a501-a859808a0843","value":"This domain is not supported on Quickteller. Kindly use another email address"}
&amp#27;[38;5;32m[AndroidUiautomator2Driver@b227 (fe0cd291)]&amp#27;[0m Replacing sessionId 85989a46-cbdd-4bd4-a501-a859808a0843 with fe0cd291-8f79-4212-8568-b4785b2dee12
&amp#27;[38;5;0m[HTTP]&amp#27;[0m &amp#27;[37m<-- GET /session/fe0cd291-8f79-4212-8568-b4785b2dee12/element/00000000-0000-0032-ffff-ffff0000036a/text &amp#27;[39m&amp#27;[32m200&amp#27;[39m &amp#27;[90m9 ms - 140&amp#27;[39m
&amp#27;[38;5;0m[HTTP]&amp#27;[0m &amp#27;[90m&amp#27;[39m
]]></system-out>
  </testcase>
  <testcase name="Testcase_One[maildrop.cc](18)" classname="testcases.Android.DisposableDomain_QTM_2874" time="8.186">
    <system-out><![CDATA[&amp#27;[38;5;0m[HTTP]&amp#27;[0m &amp#27;[37m-->&amp#27;[39m &amp#27;[37mPOST&amp#27;[39m &amp#27;[37m/session/fe0cd291-8f79-4212-8568-b4785b2dee12/element&amp#27;[39m
&amp#27;[38;5;0m[HTTP]&amp#27;[0m &amp#27;[90m{"using":"xpath","value":"//android.widget.TextView[@index=0]"}&amp#27;[39m
[debug] &amp#27;[38;5;32m[AndroidUiautomator2Driver@b227 (fe0cd291)]&amp#27;[0m Calling AppiumDriver.findElement() with args: ["xpath","//android.widget.TextView[@index=0]","fe0cd291-8f79-4212-8568-b4785b2dee12"]
[debug] &amp#27;[38;5;32m[AndroidUiautomator2Driver@b227 (fe0cd291)]&amp#27;[0m Valid locator strategies for this request: xpath, id, class name, accessibility id, css selector, -android uiautomator
[debug] &amp#27;[38;5;32m[AndroidUiautomator2Driver@b227 (fe0cd291)]&amp#27;[0m Waiting up to 10000 ms for condition
[debug] &amp#27;[38;5;32m[AndroidUiautomator2Driver@b227 (fe0cd291)]&amp#27;[0m Matched '/element' to command name 'findElement'
[debug] &amp#27;[38;5;32m[AndroidUiautomator2Driver@b227 (fe0cd291)]&amp#27;[0m Proxying [POST /element] to [POST http://127.0.0.1:8200/session/85989a46-cbdd-4bd4-a501-a859808a0843/element] with body: {"strategy":"xpath","selector":"//android.widget.TextView[@index=0]","context":"","multiple":false}
[debug] &amp#27;[38;5;32m[AndroidUiautomator2Driver@b227 (fe0cd291)]&amp#27;[0m Got response with status 200: {"sessionId":"85989a46-cbdd-4bd4-a501-a859808a0843","value":{"ELEMENT":"00000000-0000-0032-ffff-ffff0000035e","element-6066-11e4-a52e-4f735466cecf":"00000000-0000-0032-ffff-ffff0000035e"}}
[debug] &amp#27;[38;5;32m[AndroidUiautomator2Driver@b227 (fe0cd291)]&amp#27;[0m Responding to client with driver.findElement() result: {"element-6066-11e4-a52e-4f735466cecf":"00000000-0000-0032-ffff-ffff0000035e","ELEMENT":"00000000-0000-0032-ffff-ffff0000035e"}
&amp#27;[38;5;0m[HTTP]&amp#27;[0m &amp#27;[37m<-- POST /session/fe0cd291-8f79-4212-8568-b4785b2dee12/element &amp#27;[39m&amp#27;[32m200&amp#27;[39m &amp#27;[90m30 ms - 137&amp#27;[39m
&amp#27;[38;5;0m[HTTP]&amp#27;[0m &amp#27;[90m&amp#27;[39m
&amp#27;[38;5;0m[HTTP]&amp#27;[0m &amp#27;[37m-->&amp#27;[39m &amp#27;[37mPOST&amp#27;[39m &amp#27;[37m/session/fe0cd291-8f79-4212-8568-b4785b2dee12/element/00000000-0000-0032-ffff-ffff0000035e/click&amp#27;[39m
&amp#27;[38;5;0m[HTTP]&amp#27;[0m &amp#27;[90m{"id":"00000000-0000-0032-ffff-ffff0000035e"}&amp#27;[39m
[debug] &amp#27;[38;5;32m[AndroidUiautomator2Driver@b227 (fe0cd291)]&amp#27;[0m Calling AppiumDriver.click() with args: ["00000000-0000-0032-ffff-ffff0000035e","fe0cd291-8f79-4212-8568-b4785b2dee12"]
[debug] &amp#27;[38;5;32m[AndroidUiautomator2Driver@b227 (fe0cd291)]&amp#27;[0m Matched '/element/00000000-0000-0032-ffff-ffff0000035e/click' to command name 'click'
[debug] &amp#27;[38;5;32m[AndroidUiautomator2Driver@b227 (fe0cd291)]&amp#27;[0m Proxying [POST /element/00000000-0000-0032-ffff-ffff0000035e/click] to [POST http://127.0.0.1:8200/session/85989a46-cbdd-4bd4-a501-a859808a0843/element/00000000-0000-0032-ffff-ffff0000035e/click] with body: {"element":"00000000-0000-0032-ffff-ffff0000035e"}
&amp#27;[38;5;0m[HTTP]&amp#27;[0m &amp#27;[37m-->&amp#27;[39m &amp#27;[37mGET&amp#27;[39m &amp#27;[37m/session/d6c1cc38-6946-4747-89f8-56067f4364bb/timeouts&amp#27;[39m
&amp#27;[38;5;0m[HTTP]&amp#27;[0m &amp#27;[90m{}&amp#27;[39m
[debug] &amp#27;[38;5;16m[AppiumDriver@6ebe]&amp#27;[0m Encountered internal error running command: NoSuchDriverError: A session is either terminated or not started
[debug] &amp#27;[38;5;16m[AppiumDriver@6ebe]&amp#27;[0m     at asyncHandler (C:\Users\daniel.ogagavworia\AppData\Roaming\npm\node_modules\appium\node_modules\@appium\base-driver\lib\protocol\protocol.js:315:15)
[debug] &amp#27;[38;5;16m[AppiumDriver@6ebe]&amp#27;[0m     at C:\Users\daniel.ogagavworia\AppData\Roaming\npm\node_modules\appium\node_modules\@appium\base-driver\lib\protocol\protocol.js:518:15
[debug] &amp#27;[38;5;16m[AppiumDriver@6ebe]&amp#27;[0m     at Layer.handle [as handle_request] (C:\Users\daniel.ogagavworia\AppData\Roaming\npm\node_modules\appium\node_modules\express\lib\router\layer.js:95:5)
[debug] &amp#27;[38;5;16m[AppiumDriver@6ebe]&amp#27;[0m     at next (C:\Users\daniel.ogagavworia\AppData\Roaming\npm\node_modules\appium\node_modules\express\lib\router\route.js:144:13)
[debug] &amp#27;[38;5;16m[AppiumDriver@6ebe]&amp#27;[0m     at Route.dispatch (C:\Users\daniel.ogagavworia\AppData\Roaming\npm\node_modules\appium\node_modules\express\lib\router\route.js:114:3)
[debug] &amp#27;[38;5;16m[AppiumDriver@6ebe]&amp#27;[0m     at Layer.handle [as handle_request] (C:\Users\daniel.ogagavworia\AppData\Roaming\npm\node_modules\appium\node_modules\express\lib\router\layer.js:95:5)
[debug] &amp#27;[38;5;16m[AppiumDriver@6ebe]&amp#27;[0m     at C:\Users\daniel.ogagavworia\AppData\Roaming\npm\node_modules\appium\node_modules\express\lib\router\index.js:284:15
[debug] &amp#27;[38;5;16m[AppiumDriver@6ebe]&amp#27;[0m     at param (C:\Users\daniel.ogagavworia\AppData\Roaming\npm\node_modules\appium\node_modules\express\lib\router\index.js:365:14)
[debug] &amp#27;[38;5;16m[AppiumDriver@6ebe]&amp#27;[0m     at param (C:\Users\daniel.ogagavworia\AppData\Roaming\npm\node_modules\appium\node_modules\express\lib\router\index.js:376:14)
[debug] &amp#27;[38;5;16m[AppiumDriver@6ebe]&amp#27;[0m     at Function.process_params (C:\Users\daniel.ogagavworia\AppData\Roaming\npm\node_modules\appium\node_modules\express\lib\router\index.js:421:3)
[debug] &amp#27;[38;5;16m[AppiumDriver@6ebe]&amp#27;[0m     at next (C:\Users\daniel.ogagavworia\AppData\Roaming\npm\node_modules\appium\node_modules\express\lib\router\index.js:280:10)
[debug] &amp#27;[38;5;16m[AppiumDriver@6ebe]&amp#27;[0m     at logger (C:\Users\daniel.ogagavworia\AppData\Roaming\npm\node_modules\appium\node_modules\morgan\index.js:144:5)
[debug] &amp#27;[38;5;16m[AppiumDriver@6ebe]&amp#27;[0m     at Layer.handle [as handle_request] (C:\Users\daniel.ogagavworia\AppData\Roaming\npm\node_modules\appium\node_modules\express\lib\router\layer.js:95:5)
[debug] &amp#27;[38;5;16m[AppiumDriver@6ebe]&amp#27;[0m     at trim_prefix (C:\Users\daniel.ogagavworia\AppData\Roaming\npm\node_modules\appium\node_modules\express\lib\router\index.js:328:13)
[debug] &amp#27;[38;5;16m[AppiumDriver@6ebe]&amp#27;[0m     at C:\Users\daniel.ogagavworia\AppData\Roaming\npm\node_modules\appium\node_modules\express\lib\router\index.js:286:9
[debug] &amp#27;[38;5;16m[AppiumDriver@6ebe]&amp#27;[0m     at Function.process_params (C:\Users\daniel.ogagavworia\AppData\Roaming\npm\node_modules\appium\node_modules\express\lib\router\index.js:346:12)
[debug] &amp#27;[38;5;16m[AppiumDriver@6ebe]&amp#27;[0m     at next (C:\Users\daniel.ogagavworia\AppData\Roaming\npm\node_modules\appium\node_modules\express\lib\router\index.js:280:10)
[debug] &amp#27;[38;5;16m[AppiumDriver@6ebe]&amp#27;[0m     at jsonParser (C:\Users\daniel.ogagavworia\AppData\Roaming\npm\node_modules\appium\node_modules\body-parser\lib\types\json.js:113:7)
[debug] &amp#27;[38;5;16m[AppiumDriver@6ebe]&amp#27;[0m     at Layer.handle [as handle_request] (C:\Users\daniel.ogagavworia\AppData\Roaming\npm\node_modules\appium\node_modules\express\lib\router\layer.js:95:5)
[debug] &amp#27;[38;5;16m[AppiumDriver@6ebe]&amp#27;[0m     at trim_prefix (C:\Users\daniel.ogagavworia\AppData\Roaming\npm\node_modules\appium\node_modules\express\lib\router\index.js:328:13)
[debug] &amp#27;[38;5;16m[AppiumDriver@6ebe]&amp#27;[0m     at C:\Users\daniel.ogagavworia\AppData\Roaming\npm\node_modules\appium\node_modules\express\lib\router\index.js:286:9
[debug] &amp#27;[38;5;16m[AppiumDriver@6ebe]&amp#27;[0m     at Function.process_params (C:\Users\daniel.ogagavworia\AppData\Roaming\npm\node_modules\appium\node_modules\express\lib\router\index.js:346:12)
&amp#27;[38;5;0m[HTTP]&amp#27;[0m &amp#27;[37m<-- GET /session/d6c1cc38-6946-4747-89f8-56067f4364bb/timeouts &amp#27;[39m&amp#27;[33m404&amp#27;[39m &amp#27;[90m2 ms - 3517&amp#27;[39m
&amp#27;[38;5;0m[HTTP]&amp#27;[0m &amp#27;[90m&amp#27;[39m
[debug] &amp#27;[38;5;32m[AndroidUiautomator2Driver@b227 (fe0cd291)]&amp#27;[0m Got response with status 200: {"sessionId":"85989a46-cbdd-4bd4-a501-a859808a0843","value":null}
[debug] &amp#27;[38;5;32m[AndroidUiautomator2Driver@b227 (fe0cd291)]&amp#27;[0m Responding to client with driver.click() result: null
&amp#27;[38;5;0m[HTTP]&amp#27;[0m &amp#27;[37m<-- POST /session/fe0cd291-8f79-4212-8568-b4785b2dee12/element/00000000-0000-0032-ffff-ffff0000035e/click &amp#27;[39m&amp#27;[32m200&amp#27;[39m &amp#27;[90m59 ms - 14&amp#27;[39m
&amp#27;[38;5;0m[HTTP]&amp#27;[0m &amp#27;[90m&amp#27;[39m
&amp#27;[38;5;0m[HTTP]&amp#27;[0m &amp#27;[37m-->&amp#27;[39m &amp#27;[37mPOST&amp#27;[39m &amp#27;[37m/session/fe0cd291-8f79-4212-8568-b4785b2dee12/timeouts&amp#27;[39m
&amp#27;[38;5;0m[HTTP]&amp#27;[0m &amp#27;[90m{"implicit":6000}&amp#27;[39m
[debug] &amp#27;[38;5;32m[AndroidUiautomator2Driver@b227 (fe0cd291)]&amp#27;[0m Calling AppiumDriver.timeouts() with args: [null,null,null,null,6000,"fe0cd291-8f79-4212-8568-b4785b2dee12"]
[debug] &amp#27;[38;5;32m[AndroidUiautomator2Driver@b227 (fe0cd291)]&amp#27;[0m W3C timeout argument: {"implicit":6000}}
[debug] &amp#27;[38;5;32m[AndroidUiautomator2Driver@b227 (fe0cd291)]&amp#27;[0m Set implicit wait to 6000ms
[debug] &amp#27;[38;5;32m[AndroidUiautomator2Driver@b227 (fe0cd291)]&amp#27;[0m Responding to client with driver.timeouts() result: null
&amp#27;[38;5;0m[HTTP]&amp#27;[0m &amp#27;[37m<-- POST /session/fe0cd291-8f79-4212-8568-b4785b2dee12/timeouts &amp#27;[39m&amp#27;[32m200&amp#27;[39m &amp#27;[90m1 ms - 14&amp#27;[39m
&amp#27;[38;5;0m[HTTP]&amp#27;[0m &amp#27;[90m&amp#27;[39m
&amp#27;[38;5;0m[HTTP]&amp#27;[0m &amp#27;[37m-->&amp#27;[39m &amp#27;[37mPOST&amp#27;[39m &amp#27;[37m/session/fe0cd291-8f79-4212-8568-b4785b2dee12/element&amp#27;[39m
&amp#27;[38;5;0m[HTTP]&amp#27;[0m &amp#27;[90m{"using":"xpath","value":"//android.widget.Button[@text='Allow']"}&amp#27;[39m
[debug] &amp#27;[38;5;32m[AndroidUiautomator2Driver@b227 (fe0cd291)]&amp#27;[0m Calling AppiumDriver.findElement() with args: ["xpath","//android.widget.Button[@text='Allow']","fe0cd291-8f79-4212-8568-b4785b2dee12"]
[debug] &amp#27;[38;5;32m[AndroidUiautomator2Driver@b227 (fe0cd291)]&amp#27;[0m Valid locator strategies for this request: xpath, id, class name, accessibility id, css selector, -android uiautomator
[debug] &amp#27;[38;5;32m[AndroidUiautomator2Driver@b227 (fe0cd291)]&amp#27;[0m Waiting up to 6000 ms for condition
[debug] &amp#27;[38;5;32m[AndroidUiautomator2Driver@b227 (fe0cd291)]&amp#27;[0m Matched '/element' to command name 'findElement'
[debug] &amp#27;[38;5;32m[AndroidUiautomator2Driver@b227 (fe0cd291)]&amp#27;[0m Proxying [POST /element] to [POST http://127.0.0.1:8200/session/85989a46-cbdd-4bd4-a501-a859808a0843/element] with body: {"strategy":"xpath","selector":"//android.widget.Button[@text='Allow']","context":"","multiple":false}
&amp#27;[38;5;32m[AndroidUiautomator2Driver@b227 (fe0cd291)]&amp#27;[0m Got response with status 404: {"sessionId":"85989a46-cbdd-4bd4-a501-a859808a0843","value":{"error":"no such element","message":"An element could not be located on the page using the given search parameters","stacktrace":"io.appium.uiautomator2.common.exceptions.ElementNotFoundException: An element could not be located on the page using the given search parameters\n\tat io.appium.uiautomator2.utils.ElementLocationHelpers.findElement(ElementLocationHelpers.java:156)\n\tat io.appium.uiautomator2.handler.FindElement.safeHandle(FindElement.java:60)\n\tat io.appium.uiautomator2.handler.request.SafeRequestHandler.handle(SafeRequestHandler.java:59)\n\tat io.appium.uiautomator2.server.AppiumServlet.handleRequest(AppiumServlet.java:277)\n\tat io.appium.uiautomator2.server.AppiumServlet.handleHttpRequest(AppiumServlet.java:271)\n\tat io.appium.uiautomator2.http.ServerHandler.channelRead(ServerHandler.java:68)\n\tat io.netty.channel.AbstractChannelHandlerContext.invokeChannelRead(AbstractChannelHandlerContext.java:366)\n\tat io.netty.channel.Abstr...
[debug] &amp#27;[38;5;128m[W3C]&amp#27;[0m Matched W3C error code 'no such element' to NoSuchElementError
[debug] &amp#27;[38;5;32m[AndroidUiautomator2Driver@b227 (fe0cd291)]&amp#27;[0m Waited for 1013 ms so far
[debug] &amp#27;[38;5;32m[AndroidUiautomator2Driver@b227 (fe0cd291)]&amp#27;[0m Matched '/element' to command name 'findElement'
[debug] &amp#27;[38;5;32m[AndroidUiautomator2Driver@b227 (fe0cd291)]&amp#27;[0m Proxying [POST /element] to [POST http://127.0.0.1:8200/session/85989a46-cbdd-4bd4-a501-a859808a0843/element] with body: {"strategy":"xpath","selector":"//android.widget.Button[@text='Allow']","context":"","multiple":false}
&amp#27;[38;5;32m[AndroidUiautomator2Driver@b227 (fe0cd291)]&amp#27;[0m Got response with status 404: {"sessionId":"85989a46-cbdd-4bd4-a501-a859808a0843","value":{"error":"no such element","message":"An element could not be located on the page using the given search parameters","stacktrace":"io.appium.uiautomator2.common.exceptions.ElementNotFoundException: An element could not be located on the page using the given search parameters\n\tat io.appium.uiautomator2.utils.ElementLocationHelpers.findElement(ElementLocationHelpers.java:156)\n\tat io.appium.uiautomator2.handler.FindElement.safeHandle(FindElement.java:60)\n\tat io.appium.uiautomator2.handler.request.SafeRequestHandler.handle(SafeRequestHandler.java:59)\n\tat io.appium.uiautomator2.server.AppiumServlet.handleRequest(AppiumServlet.java:277)\n\tat io.appium.uiautomator2.server.AppiumServlet.handleHttpRequest(AppiumServlet.java:271)\n\tat io.appium.uiautomator2.http.ServerHandler.channelRead(ServerHandler.java:68)\n\tat io.netty.channel.AbstractChannelHandlerContext.invokeChannelRead(AbstractChannelHandlerContext.java:366)\n\tat io.netty.channel.Abstr...
[debug] &amp#27;[38;5;128m[W3C]&amp#27;[0m Matched W3C error code 'no such element' to NoSuchElementError
[debug] &amp#27;[38;5;32m[AndroidUiautomator2Driver@b227 (fe0cd291)]&amp#27;[0m Waited for 1550 ms so far
[debug] &amp#27;[38;5;32m[AndroidUiautomator2Driver@b227 (fe0cd291)]&amp#27;[0m Matched '/element' to command name 'findElement'
[debug] &amp#27;[38;5;32m[AndroidUiautomator2Driver@b227 (fe0cd291)]&amp#27;[0m Proxying [POST /element] to [POST http://127.0.0.1:8200/session/85989a46-cbdd-4bd4-a501-a859808a0843/element] with body: {"strategy":"xpath","selector":"//android.widget.Button[@text='Allow']","context":"","multiple":false}
&amp#27;[38;5;32m[AndroidUiautomator2Driver@b227 (fe0cd291)]&amp#27;[0m Got response with status 404: {"sessionId":"85989a46-cbdd-4bd4-a501-a859808a0843","value":{"error":"no such element","message":"An element could not be located on the page using the given search parameters","stacktrace":"io.appium.uiautomator2.common.exceptions.ElementNotFoundException: An element could not be located on the page using the given search parameters\n\tat io.appium.uiautomator2.utils.ElementLocationHelpers.findElement(ElementLocationHelpers.java:156)\n\tat io.appium.uiautomator2.handler.FindElement.safeHandle(FindElement.java:60)\n\tat io.appium.uiautomator2.handler.request.SafeRequestHandler.handle(SafeRequestHandler.java:59)\n\tat io.appium.uiautomator2.server.AppiumServlet.handleRequest(AppiumServlet.java:277)\n\tat io.appium.uiautomator2.server.AppiumServlet.handleHttpRequest(AppiumServlet.java:271)\n\tat io.appium.uiautomator2.http.ServerHandler.channelRead(ServerHandler.java:68)\n\tat io.netty.channel.AbstractChannelHandlerContext.invokeChannelRead(AbstractChannelHandlerContext.java:366)\n\tat io.netty.channel.Abstr...
[debug] &amp#27;[38;5;128m[W3C]&amp#27;[0m Matched W3C error code 'no such element' to NoSuchElementError
[debug] &amp#27;[38;5;32m[AndroidUiautomator2Driver@b227 (fe0cd291)]&amp#27;[0m Waited for 2072 ms so far
[debug] &amp#27;[38;5;32m[AndroidUiautomator2Driver@b227 (fe0cd291)]&amp#27;[0m Matched '/element' to command name 'findElement'
[debug] &amp#27;[38;5;32m[AndroidUiautomator2Driver@b227 (fe0cd291)]&amp#27;[0m Proxying [POST /element] to [POST http://127.0.0.1:8200/session/85989a46-cbdd-4bd4-a501-a859808a0843/element] with body: {"strategy":"xpath","selector":"//android.widget.Button[@text='Allow']","context":"","multiple":false}
&amp#27;[38;5;32m[AndroidUiautomator2Driver@b227 (fe0cd291)]&amp#27;[0m Got response with status 404: {"sessionId":"85989a46-cbdd-4bd4-a501-a859808a0843","value":{"error":"no such element","message":"An element could not be located on the page using the given search parameters","stacktrace":"io.appium.uiautomator2.common.exceptions.ElementNotFoundException: An element could not be located on the page using the given search parameters\n\tat io.appium.uiautomator2.utils.ElementLocationHelpers.findElement(ElementLocationHelpers.java:156)\n\tat io.appium.uiautomator2.handler.FindElement.safeHandle(FindElement.java:60)\n\tat io.appium.uiautomator2.handler.request.SafeRequestHandler.handle(SafeRequestHandler.java:59)\n\tat io.appium.uiautomator2.server.AppiumServlet.handleRequest(AppiumServlet.java:277)\n\tat io.appium.uiautomator2.server.AppiumServlet.handleHttpRequest(AppiumServlet.java:271)\n\tat io.appium.uiautomator2.http.ServerHandler.channelRead(ServerHandler.java:68)\n\tat io.netty.channel.AbstractChannelHandlerContext.invokeChannelRead(AbstractChannelHandlerContext.java:366)\n\tat io.netty.channel.Abstr...
[debug] &amp#27;[38;5;128m[W3C]&amp#27;[0m Matched W3C error code 'no such element' to NoSuchElementError
[debug] &amp#27;[38;5;32m[AndroidUiautomator2Driver@b227 (fe0cd291)]&amp#27;[0m Waited for 2605 ms so far
[debug] &amp#27;[38;5;32m[AndroidUiautomator2Driver@b227 (fe0cd291)]&amp#27;[0m Matched '/element' to command name 'findElement'
[debug] &amp#27;[38;5;32m[AndroidUiautomator2Driver@b227 (fe0cd291)]&amp#27;[0m Proxying [POST /element] to [POST http://127.0.0.1:8200/session/85989a46-cbdd-4bd4-a501-a859808a0843/element] with body: {"strategy":"xpath","selector":"//android.widget.Button[@text='Allow']","context":"","multiple":false}
&amp#27;[38;5;32m[AndroidUiautomator2Driver@b227 (fe0cd291)]&amp#27;[0m Got response with status 404: {"sessionId":"85989a46-cbdd-4bd4-a501-a859808a0843","value":{"error":"no such element","message":"An element could not be located on the page using the given search parameters","stacktrace":"io.appium.uiautomator2.common.exceptions.ElementNotFoundException: An element could not be located on the page using the given search parameters\n\tat io.appium.uiautomator2.utils.ElementLocationHelpers.findElement(ElementLocationHelpers.java:156)\n\tat io.appium.uiautomator2.handler.FindElement.safeHandle(FindElement.java:60)\n\tat io.appium.uiautomator2.handler.request.SafeRequestHandler.handle(SafeRequestHandler.java:59)\n\tat io.appium.uiautomator2.server.AppiumServlet.handleRequest(AppiumServlet.java:277)\n\tat io.appium.uiautomator2.server.AppiumServlet.handleHttpRequest(AppiumServlet.java:271)\n\tat io.appium.uiautomator2.http.ServerHandler.channelRead(ServerHandler.java:68)\n\tat io.netty.channel.AbstractChannelHandlerContext.invokeChannelRead(AbstractChannelHandlerContext.java:366)\n\tat io.netty.channel.Abstr...
[debug] &amp#27;[38;5;128m[W3C]&amp#27;[0m Matched W3C error code 'no such element' to NoSuchElementError
[debug] &amp#27;[38;5;32m[AndroidUiautomator2Driver@b227 (fe0cd291)]&amp#27;[0m Waited for 3145 ms so far
[debug] &amp#27;[38;5;32m[AndroidUiautomator2Driver@b227 (fe0cd291)]&amp#27;[0m Matched '/element' to command name 'findElement'
[debug] &amp#27;[38;5;32m[AndroidUiautomator2Driver@b227 (fe0cd291)]&amp#27;[0m Proxying [POST /element] to [POST http://127.0.0.1:8200/session/85989a46-cbdd-4bd4-a501-a859808a0843/element] with body: {"strategy":"xpath","selector":"//android.widget.Button[@text='Allow']","context":"","multiple":false}
&amp#27;[38;5;32m[AndroidUiautomator2Driver@b227 (fe0cd291)]&amp#27;[0m Got response with status 404: {"sessionId":"85989a46-cbdd-4bd4-a501-a859808a0843","value":{"error":"no such element","message":"An element could not be located on the page using the given search parameters","stacktrace":"io.appium.uiautomator2.common.exceptions.ElementNotFoundException: An element could not be located on the page using the given search parameters\n\tat io.appium.uiautomator2.utils.ElementLocationHelpers.findElement(ElementLocationHelpers.java:156)\n\tat io.appium.uiautomator2.handler.FindElement.safeHandle(FindElement.java:60)\n\tat io.appium.uiautomator2.handler.request.SafeRequestHandler.handle(SafeRequestHandler.java:59)\n\tat io.appium.uiautomator2.server.AppiumServlet.handleRequest(AppiumServlet.java:277)\n\tat io.appium.uiautomator2.server.AppiumServlet.handleHttpRequest(AppiumServlet.java:271)\n\tat io.appium.uiautomator2.http.ServerHandler.channelRead(ServerHandler.java:68)\n\tat io.netty.channel.AbstractChannelHandlerContext.invokeChannelRead(AbstractChannelHandlerContext.java:366)\n\tat io.netty.channel.Abstr...
[debug] &amp#27;[38;5;128m[W3C]&amp#27;[0m Matched W3C error code 'no such element' to NoSuchElementError
[debug] &amp#27;[38;5;32m[AndroidUiautomator2Driver@b227 (fe0cd291)]&amp#27;[0m Waited for 3675 ms so far
[debug] &amp#27;[38;5;32m[AndroidUiautomator2Driver@b227 (fe0cd291)]&amp#27;[0m Matched '/element' to command name 'findElement'
[debug] &amp#27;[38;5;32m[AndroidUiautomator2Driver@b227 (fe0cd291)]&amp#27;[0m Proxying [POST /element] to [POST http://127.0.0.1:8200/session/85989a46-cbdd-4bd4-a501-a859808a0843/element] with body: {"strategy":"xpath","selector":"//android.widget.Button[@text='Allow']","context":"","multiple":false}
&amp#27;[38;5;32m[AndroidUiautomator2Driver@b227 (fe0cd291)]&amp#27;[0m Got response with status 404: {"sessionId":"85989a46-cbdd-4bd4-a501-a859808a0843","value":{"error":"no such element","message":"An element could not be located on the page using the given search parameters","stacktrace":"io.appium.uiautomator2.common.exceptions.ElementNotFoundException: An element could not be located on the page using the given search parameters\n\tat io.appium.uiautomator2.utils.ElementLocationHelpers.findElement(ElementLocationHelpers.java:156)\n\tat io.appium.uiautomator2.handler.FindElement.safeHandle(FindElement.java:60)\n\tat io.appium.uiautomator2.handler.request.SafeRequestHandler.handle(SafeRequestHandler.java:59)\n\tat io.appium.uiautomator2.server.AppiumServlet.handleRequest(AppiumServlet.java:277)\n\tat io.appium.uiautomator2.server.AppiumServlet.handleHttpRequest(AppiumServlet.java:271)\n\tat io.appium.uiautomator2.http.ServerHandler.channelRead(ServerHandler.java:68)\n\tat io.netty.channel.AbstractChannelHandlerContext.invokeChannelRead(AbstractChannelHandlerContext.java:366)\n\tat io.netty.channel.Abstr...
[debug] &amp#27;[38;5;128m[W3C]&amp#27;[0m Matched W3C error code 'no such element' to NoSuchElementError
[debug] &amp#27;[38;5;32m[AndroidUiautomator2Driver@b227 (fe0cd291)]&amp#27;[0m Waited for 4200 ms so far
[debug] &amp#27;[38;5;32m[AndroidUiautomator2Driver@b227 (fe0cd291)]&amp#27;[0m Matched '/element' to command name 'findElement'
[debug] &amp#27;[38;5;32m[AndroidUiautomator2Driver@b227 (fe0cd291)]&amp#27;[0m Proxying [POST /element] to [POST http://127.0.0.1:8200/session/85989a46-cbdd-4bd4-a501-a859808a0843/element] with body: {"strategy":"xpath","selector":"//android.widget.Button[@text='Allow']","context":"","multiple":false}
&amp#27;[38;5;32m[AndroidUiautomator2Driver@b227 (fe0cd291)]&amp#27;[0m Got response with status 404: {"sessionId":"85989a46-cbdd-4bd4-a501-a859808a0843","value":{"error":"no such element","message":"An element could not be located on the page using the given search parameters","stacktrace":"io.appium.uiautomator2.common.exceptions.ElementNotFoundException: An element could not be located on the page using the given search parameters\n\tat io.appium.uiautomator2.utils.ElementLocationHelpers.findElement(ElementLocationHelpers.java:156)\n\tat io.appium.uiautomator2.handler.FindElement.safeHandle(FindElement.java:60)\n\tat io.appium.uiautomator2.handler.request.SafeRequestHandler.handle(SafeRequestHandler.java:59)\n\tat io.appium.uiautomator2.server.AppiumServlet.handleRequest(AppiumServlet.java:277)\n\tat io.appium.uiautomator2.server.AppiumServlet.handleHttpRequest(AppiumServlet.java:271)\n\tat io.appium.uiautomator2.http.ServerHandler.channelRead(ServerHandler.java:68)\n\tat io.netty.channel.AbstractChannelHandlerContext.invokeChannelRead(AbstractChannelHandlerContext.java:366)\n\tat io.netty.channel.Abstr...
[debug] &amp#27;[38;5;128m[W3C]&amp#27;[0m Matched W3C error code 'no such element' to NoSuchElementError
[debug] &amp#27;[38;5;32m[AndroidUiautomator2Driver@b227 (fe0cd291)]&amp#27;[0m Waited for 4725 ms so far
[debug] &amp#27;[38;5;32m[AndroidUiautomator2Driver@b227 (fe0cd291)]&amp#27;[0m Matched '/element' to command name 'findElement'
[debug] &amp#27;[38;5;32m[AndroidUiautomator2Driver@b227 (fe0cd291)]&amp#27;[0m Proxying [POST /element] to [POST http://127.0.0.1:8200/session/85989a46-cbdd-4bd4-a501-a859808a0843/element] with body: {"strategy":"xpath","selector":"//android.widget.Button[@text='Allow']","context":"","multiple":false}
&amp#27;[38;5;32m[AndroidUiautomator2Driver@b227 (fe0cd291)]&amp#27;[0m Got response with status 404: {"sessionId":"85989a46-cbdd-4bd4-a501-a859808a0843","value":{"error":"no such element","message":"An element could not be located on the page using the given search parameters","stacktrace":"io.appium.uiautomator2.common.exceptions.ElementNotFoundException: An element could not be located on the page using the given search parameters\n\tat io.appium.uiautomator2.utils.ElementLocationHelpers.findElement(ElementLocationHelpers.java:156)\n\tat io.appium.uiautomator2.handler.FindElement.safeHandle(FindElement.java:60)\n\tat io.appium.uiautomator2.handler.request.SafeRequestHandler.handle(SafeRequestHandler.java:59)\n\tat io.appium.uiautomator2.server.AppiumServlet.handleRequest(AppiumServlet.java:277)\n\tat io.appium.uiautomator2.server.AppiumServlet.handleHttpRequest(AppiumServlet.java:271)\n\tat io.appium.uiautomator2.http.ServerHandler.channelRead(ServerHandler.java:68)\n\tat io.netty.channel.AbstractChannelHandlerContext.invokeChannelRead(AbstractChannelHandlerContext.java:366)\n\tat io.netty.channel.Abstr...
[debug] &amp#27;[38;5;128m[W3C]&amp#27;[0m Matched W3C error code 'no such element' to NoSuchElementError
[debug] &amp#27;[38;5;32m[AndroidUiautomator2Driver@b227 (fe0cd291)]&amp#27;[0m Waited for 5258 ms so far
[debug] &amp#27;[38;5;32m[AndroidUiautomator2Driver@b227 (fe0cd291)]&amp#27;[0m Matched '/element' to command name 'findElement'
[debug] &amp#27;[38;5;32m[AndroidUiautomator2Driver@b227 (fe0cd291)]&amp#27;[0m Proxying [POST /element] to [POST http://127.0.0.1:8200/session/85989a46-cbdd-4bd4-a501-a859808a0843/element] with body: {"strategy":"xpath","selector":"//android.widget.Button[@text='Allow']","context":"","multiple":false}
&amp#27;[38;5;32m[AndroidUiautomator2Driver@b227 (fe0cd291)]&amp#27;[0m Got response with status 404: {"sessionId":"85989a46-cbdd-4bd4-a501-a859808a0843","value":{"error":"no such element","message":"An element could not be located on the page using the given search parameters","stacktrace":"io.appium.uiautomator2.common.exceptions.ElementNotFoundException: An element could not be located on the page using the given search parameters\n\tat io.appium.uiautomator2.utils.ElementLocationHelpers.findElement(ElementLocationHelpers.java:156)\n\tat io.appium.uiautomator2.handler.FindElement.safeHandle(FindElement.java:60)\n\tat io.appium.uiautomator2.handler.request.SafeRequestHandler.handle(SafeRequestHandler.java:59)\n\tat io.appium.uiautomator2.server.AppiumServlet.handleRequest(AppiumServlet.java:277)\n\tat io.appium.uiautomator2.server.AppiumServlet.handleHttpRequest(AppiumServlet.java:271)\n\tat io.appium.uiautomator2.http.ServerHandler.channelRead(ServerHandler.java:68)\n\tat io.netty.channel.AbstractChannelHandlerContext.invokeChannelRead(AbstractChannelHandlerContext.java:366)\n\tat io.netty.channel.Abstr...
[debug] &amp#27;[38;5;128m[W3C]&amp#27;[0m Matched W3C error code 'no such element' to NoSuchElementError
[debug] &amp#27;[38;5;32m[AndroidUiautomator2Driver@b227 (fe0cd291)]&amp#27;[0m Waited for 5791 ms so far
[debug] &amp#27;[38;5;32m[AndroidUiautomator2Driver@b227 (fe0cd291)]&amp#27;[0m Matched '/element' to command name 'findElement'
[debug] &amp#27;[38;5;32m[AndroidUiautomator2Driver@b227 (fe0cd291)]&amp#27;[0m Proxying [POST /element] to [POST http://127.0.0.1:8200/session/85989a46-cbdd-4bd4-a501-a859808a0843/element] with body: {"strategy":"xpath","selector":"//android.widget.Button[@text='Allow']","context":"","multiple":false}
&amp#27;[38;5;32m[AndroidUiautomator2Driver@b227 (fe0cd291)]&amp#27;[0m Got response with status 404: {"sessionId":"85989a46-cbdd-4bd4-a501-a859808a0843","value":{"error":"no such element","message":"An element could not be located on the page using the given search parameters","stacktrace":"io.appium.uiautomator2.common.exceptions.ElementNotFoundException: An element could not be located on the page using the given search parameters\n\tat io.appium.uiautomator2.utils.ElementLocationHelpers.findElement(ElementLocationHelpers.java:156)\n\tat io.appium.uiautomator2.handler.FindElement.safeHandle(FindElement.java:60)\n\tat io.appium.uiautomator2.handler.request.SafeRequestHandler.handle(SafeRequestHandler.java:59)\n\tat io.appium.uiautomator2.server.AppiumServlet.handleRequest(AppiumServlet.java:277)\n\tat io.appium.uiautomator2.server.AppiumServlet.handleHttpRequest(AppiumServlet.java:271)\n\tat io.appium.uiautomator2.http.ServerHandler.channelRead(ServerHandler.java:68)\n\tat io.netty.channel.AbstractChannelHandlerContext.invokeChannelRead(AbstractChannelHandlerContext.java:366)\n\tat io.netty.channel.Abstr...
[debug] &amp#27;[38;5;128m[W3C]&amp#27;[0m Matched W3C error code 'no such element' to NoSuchElementError
[debug] &amp#27;[38;5;32m[AndroidUiautomator2Driver@b227 (fe0cd291)]&amp#27;[0m Encountered internal error running command: NoSuchElementError: An element could not be located on the page using the given search parameters.
[debug] &amp#27;[38;5;32m[AndroidUiautomator2Driver@b227 (fe0cd291)]&amp#27;[0m     at AndroidUiautomator2Driver.findElOrEls (C:\Users\daniel.ogagavworia\.appium\node_modules\appium-uiautomator2-driver\node_modules\appium-android-driver\lib\commands\find.js:75:11)
[debug] &amp#27;[38;5;32m[AndroidUiautomator2Driver@b227 (fe0cd291)]&amp#27;[0m     at processTicksAndRejections (node:internal/process/task_queues:95:5)
[debug] &amp#27;[38;5;32m[AndroidUiautomator2Driver@b227 (fe0cd291)]&amp#27;[0m     at AndroidUiautomator2Driver.findElOrElsWithProcessing (C:\Users\daniel.ogagavworia\AppData\Roaming\npm\node_modules\appium\node_modules\@appium\base-driver\lib\basedriver\commands\find.ts:60:12)
[debug] &amp#27;[38;5;32m[AndroidUiautomator2Driver@b227 (fe0cd291)]&amp#27;[0m     at AndroidUiautomator2Driver.findElement (C:\Users\daniel.ogagavworia\AppData\Roaming\npm\node_modules\appium\node_modules\@appium\base-driver\lib\basedriver\commands\find.ts:75:12)
&amp#27;[38;5;0m[HTTP]&amp#27;[0m &amp#27;[37m<-- POST /session/fe0cd291-8f79-4212-8568-b4785b2dee12/element &amp#27;[39m&amp#27;[33m404&amp#27;[39m &amp#27;[90m6018 ms - 929&amp#27;[39m
&amp#27;[38;5;0m[HTTP]&amp#27;[0m &amp#27;[90m&amp#27;[39m
&amp#27;[38;5;0m[HTTP]&amp#27;[0m &amp#27;[37m-->&amp#27;[39m &amp#27;[37mPOST&amp#27;[39m &amp#27;[37m/session/fe0cd291-8f79-4212-8568-b4785b2dee12/element&amp#27;[39m
&amp#27;[38;5;0m[HTTP]&amp#27;[0m &amp#27;[90m{"using":"xpath","value":"//android.widget.TextView[@text='REGISTER']"}&amp#27;[39m
[debug] &amp#27;[38;5;32m[AndroidUiautomator2Driver@b227 (fe0cd291)]&amp#27;[0m Calling AppiumDriver.findElement() with args: ["xpath","//android.widget.TextView[@text='REGISTER']","fe0cd291-8f79-4212-8568-b4785b2dee12"]
[debug] &amp#27;[38;5;32m[AndroidUiautomator2Driver@b227 (fe0cd291)]&amp#27;[0m Valid locator strategies for this request: xpath, id, class name, accessibility id, css selector, -android uiautomator
[debug] &amp#27;[38;5;32m[AndroidUiautomator2Driver@b227 (fe0cd291)]&amp#27;[0m Waiting up to 6000 ms for condition
[debug] &amp#27;[38;5;32m[AndroidUiautomator2Driver@b227 (fe0cd291)]&amp#27;[0m Matched '/element' to command name 'findElement'
[debug] &amp#27;[38;5;32m[AndroidUiautomator2Driver@b227 (fe0cd291)]&amp#27;[0m Proxying [POST /element] to [POST http://127.0.0.1:8200/session/85989a46-cbdd-4bd4-a501-a859808a0843/element] with body: {"strategy":"xpath","selector":"//android.widget.TextView[@text='REGISTER']","context":"","multiple":false}
[debug] &amp#27;[38;5;32m[AndroidUiautomator2Driver@b227 (fe0cd291)]&amp#27;[0m Got response with status 200: {"sessionId":"85989a46-cbdd-4bd4-a501-a859808a0843","value":{"ELEMENT":"00000000-0000-0032-ffff-ffff0000002e","element-6066-11e4-a52e-4f735466cecf":"00000000-0000-0032-ffff-ffff0000002e"}}
[debug] &amp#27;[38;5;32m[AndroidUiautomator2Driver@b227 (fe0cd291)]&amp#27;[0m Responding to client with driver.findElement() result: {"element-6066-11e4-a52e-4f735466cecf":"00000000-0000-0032-ffff-ffff0000002e","ELEMENT":"00000000-0000-0032-ffff-ffff0000002e"}
&amp#27;[38;5;0m[HTTP]&amp#27;[0m &amp#27;[37m<-- POST /session/fe0cd291-8f79-4212-8568-b4785b2dee12/element &amp#27;[39m&amp#27;[32m200&amp#27;[39m &amp#27;[90m15 ms - 137&amp#27;[39m
&amp#27;[38;5;0m[HTTP]&amp#27;[0m &amp#27;[90m&amp#27;[39m
&amp#27;[38;5;0m[HTTP]&amp#27;[0m &amp#27;[37m-->&amp#27;[39m &amp#27;[37mPOST&amp#27;[39m &amp#27;[37m/session/fe0cd291-8f79-4212-8568-b4785b2dee12/element/00000000-0000-0032-ffff-ffff0000002e/click&amp#27;[39m
&amp#27;[38;5;0m[HTTP]&amp#27;[0m &amp#27;[90m{"id":"00000000-0000-0032-ffff-ffff0000002e"}&amp#27;[39m
[debug] &amp#27;[38;5;32m[AndroidUiautomator2Driver@b227 (fe0cd291)]&amp#27;[0m Calling AppiumDriver.click() with args: ["00000000-0000-0032-ffff-ffff0000002e","fe0cd291-8f79-4212-8568-b4785b2dee12"]
[debug] &amp#27;[38;5;32m[AndroidUiautomator2Driver@b227 (fe0cd291)]&amp#27;[0m Matched '/element/00000000-0000-0032-ffff-ffff0000002e/click' to command name 'click'
[debug] &amp#27;[38;5;32m[AndroidUiautomator2Driver@b227 (fe0cd291)]&amp#27;[0m Proxying [POST /element/00000000-0000-0032-ffff-ffff0000002e/click] to [POST http://127.0.0.1:8200/session/85989a46-cbdd-4bd4-a501-a859808a0843/element/00000000-0000-0032-ffff-ffff0000002e/click] with body: {"element":"00000000-0000-0032-ffff-ffff0000002e"}
[debug] &amp#27;[38;5;32m[AndroidUiautomator2Driver@b227 (fe0cd291)]&amp#27;[0m Got response with status 200: {"sessionId":"85989a46-cbdd-4bd4-a501-a859808a0843","value":null}
[debug] &amp#27;[38;5;32m[AndroidUiautomator2Driver@b227 (fe0cd291)]&amp#27;[0m Responding to client with driver.click() result: null
&amp#27;[38;5;0m[HTTP]&amp#27;[0m &amp#27;[37m<-- POST /session/fe0cd291-8f79-4212-8568-b4785b2dee12/element/00000000-0000-0032-ffff-ffff0000002e/click &amp#27;[39m&amp#27;[32m200&amp#27;[39m &amp#27;[90m54 ms - 14&amp#27;[39m
&amp#27;[38;5;0m[HTTP]&amp#27;[0m &amp#27;[90m&amp#27;[39m
&amp#27;[38;5;0m[HTTP]&amp#27;[0m &amp#27;[37m-->&amp#27;[39m &amp#27;[37mPOST&amp#27;[39m &amp#27;[37m/session/fe0cd291-8f79-4212-8568-b4785b2dee12/timeouts&amp#27;[39m
&amp#27;[38;5;0m[HTTP]&amp#27;[0m &amp#27;[90m{"implicit":10000}&amp#27;[39m
[debug] &amp#27;[38;5;32m[AndroidUiautomator2Driver@b227 (fe0cd291)]&amp#27;[0m Calling AppiumDriver.timeouts() with args: [null,null,null,null,10000,"fe0cd291-8f79-4212-8568-b4785b2dee12"]
[debug] &amp#27;[38;5;32m[AndroidUiautomator2Driver@b227 (fe0cd291)]&amp#27;[0m W3C timeout argument: {"implicit":10000}}
[debug] &amp#27;[38;5;32m[AndroidUiautomator2Driver@b227 (fe0cd291)]&amp#27;[0m Set implicit wait to 10000ms
[debug] &amp#27;[38;5;32m[AndroidUiautomator2Driver@b227 (fe0cd291)]&amp#27;[0m Responding to client with driver.timeouts() result: null
&amp#27;[38;5;0m[HTTP]&amp#27;[0m &amp#27;[37m<-- POST /session/fe0cd291-8f79-4212-8568-b4785b2dee12/timeouts &amp#27;[39m&amp#27;[32m200&amp#27;[39m &amp#27;[90m1 ms - 14&amp#27;[39m
&amp#27;[38;5;0m[HTTP]&amp#27;[0m &amp#27;[90m&amp#27;[39m
&amp#27;[38;5;0m[HTTP]&amp#27;[0m &amp#27;[37m-->&amp#27;[39m &amp#27;[37mPOST&amp#27;[39m &amp#27;[37m/session/fe0cd291-8f79-4212-8568-b4785b2dee12/element&amp#27;[39m
&amp#27;[38;5;0m[HTTP]&amp#27;[0m &amp#27;[90m{"using":"xpath","value":"//android.widget.EditText[@index=3]"}&amp#27;[39m
[debug] &amp#27;[38;5;32m[AndroidUiautomator2Driver@b227 (fe0cd291)]&amp#27;[0m Calling AppiumDriver.findElement() with args: ["xpath","//android.widget.EditText[@index=3]","fe0cd291-8f79-4212-8568-b4785b2dee12"]
[debug] &amp#27;[38;5;32m[AndroidUiautomator2Driver@b227 (fe0cd291)]&amp#27;[0m Valid locator strategies for this request: xpath, id, class name, accessibility id, css selector, -android uiautomator
[debug] &amp#27;[38;5;32m[AndroidUiautomator2Driver@b227 (fe0cd291)]&amp#27;[0m Waiting up to 10000 ms for condition
[debug] &amp#27;[38;5;32m[AndroidUiautomator2Driver@b227 (fe0cd291)]&amp#27;[0m Matched '/element' to command name 'findElement'
[debug] &amp#27;[38;5;32m[AndroidUiautomator2Driver@b227 (fe0cd291)]&amp#27;[0m Proxying [POST /element] to [POST http://127.0.0.1:8200/session/85989a46-cbdd-4bd4-a501-a859808a0843/element] with body: {"strategy":"xpath","selector":"//android.widget.EditText[@index=3]","context":"","multiple":false}
&amp#27;[38;5;32m[AndroidUiautomator2Driver@b227 (fe0cd291)]&amp#27;[0m Got response with status 404: {"sessionId":"85989a46-cbdd-4bd4-a501-a859808a0843","value":{"error":"no such element","message":"An element could not be located on the page using the given search parameters","stacktrace":"io.appium.uiautomator2.common.exceptions.ElementNotFoundException: An element could not be located on the page using the given search parameters\n\tat io.appium.uiautomator2.utils.ElementLocationHelpers.findElement(ElementLocationHelpers.java:156)\n\tat io.appium.uiautomator2.handler.FindElement.safeHandle(FindElement.java:60)\n\tat io.appium.uiautomator2.handler.request.SafeRequestHandler.handle(SafeRequestHandler.java:59)\n\tat io.appium.uiautomator2.server.AppiumServlet.handleRequest(AppiumServlet.java:277)\n\tat io.appium.uiautomator2.server.AppiumServlet.handleHttpRequest(AppiumServlet.java:271)\n\tat io.appium.uiautomator2.http.ServerHandler.channelRead(ServerHandler.java:68)\n\tat io.netty.channel.AbstractChannelHandlerContext.invokeChannelRead(AbstractChannelHandlerContext.java:366)\n\tat io.netty.channel.Abstr...
[debug] &amp#27;[38;5;128m[W3C]&amp#27;[0m Matched W3C error code 'no such element' to NoSuchElementError
[debug] &amp#27;[38;5;32m[AndroidUiautomator2Driver@b227 (fe0cd291)]&amp#27;[0m Waited for 29 ms so far
[debug] &amp#27;[38;5;32m[AndroidUiautomator2Driver@b227 (fe0cd291)]&amp#27;[0m Matched '/element' to command name 'findElement'
[debug] &amp#27;[38;5;32m[AndroidUiautomator2Driver@b227 (fe0cd291)]&amp#27;[0m Proxying [POST /element] to [POST http://127.0.0.1:8200/session/85989a46-cbdd-4bd4-a501-a859808a0843/element] with body: {"strategy":"xpath","selector":"//android.widget.EditText[@index=3]","context":"","multiple":false}
[debug] &amp#27;[38;5;32m[AndroidUiautomator2Driver@b227 (fe0cd291)]&amp#27;[0m Got response with status 200: {"sessionId":"85989a46-cbdd-4bd4-a501-a859808a0843","value":{"ELEMENT":"00000000-0000-0032-ffff-ffff00000398","element-6066-11e4-a52e-4f735466cecf":"00000000-0000-0032-ffff-ffff00000398"}}
[debug] &amp#27;[38;5;32m[AndroidUiautomator2Driver@b227 (fe0cd291)]&amp#27;[0m Responding to client with driver.findElement() result: {"element-6066-11e4-a52e-4f735466cecf":"00000000-0000-0032-ffff-ffff00000398","ELEMENT":"00000000-0000-0032-ffff-ffff00000398"}
&amp#27;[38;5;0m[HTTP]&amp#27;[0m &amp#27;[37m<-- POST /session/fe0cd291-8f79-4212-8568-b4785b2dee12/element &amp#27;[39m&amp#27;[32m200&amp#27;[39m &amp#27;[90m1075 ms - 137&amp#27;[39m
&amp#27;[38;5;0m[HTTP]&amp#27;[0m &amp#27;[90m&amp#27;[39m
&amp#27;[38;5;0m[HTTP]&amp#27;[0m &amp#27;[37m-->&amp#27;[39m &amp#27;[37mPOST&amp#27;[39m &amp#27;[37m/session/fe0cd291-8f79-4212-8568-b4785b2dee12/element/00000000-0000-0032-ffff-ffff00000398/value&amp#27;[39m
&amp#27;[38;5;0m[HTTP]&amp#27;[0m &amp#27;[90m{"id":"00000000-0000-0032-ffff-ffff00000398","text":"Daniel Ogaga","value":["D","a","n","i","e","l"," ","O","g","a","g","a"]}&amp#27;[39m
[debug] &amp#27;[38;5;32m[AndroidUiautomator2Driver@b227 (fe0cd291)]&amp#27;[0m Calling AppiumDriver.setValue() with args: [["D","a","n","i","e","l"," ","O","g","a","g","a"],"00000000-0000-0032-ffff-ffff00000398","fe0cd291-8f79-4212-8568-b4785b2dee12"]
[debug] &amp#27;[38;5;32m[AndroidUiautomator2Driver@b227 (fe0cd291)]&amp#27;[0m Matched '/element/00000000-0000-0032-ffff-ffff00000398/value' to command name 'setValue'
[debug] &amp#27;[38;5;32m[AndroidUiautomator2Driver@b227 (fe0cd291)]&amp#27;[0m Added 'value' property ["D","a","n","i","e","l"," ","O","g","a","g","a"] to 'setValue' request body
[debug] &amp#27;[38;5;32m[AndroidUiautomator2Driver@b227 (fe0cd291)]&amp#27;[0m Proxying [POST /element/00000000-0000-0032-ffff-ffff00000398/value] to [POST http://127.0.0.1:8200/session/85989a46-cbdd-4bd4-a501-a859808a0843/element/00000000-0000-0032-ffff-ffff00000398/value] with body: {"elementId":"00000000-0000-0032-ffff-ffff00000398","text":"Daniel Ogaga","replace":false,"value":["D","a","n","i","e","l"," ","O","g","a","g","a"]}
[debug] &amp#27;[38;5;32m[AndroidUiautomator2Driver@b227 (fe0cd291)]&amp#27;[0m Got response with status 200: {"sessionId":"85989a46-cbdd-4bd4-a501-a859808a0843","value":null}
[debug] &amp#27;[38;5;32m[AndroidUiautomator2Driver@b227 (fe0cd291)]&amp#27;[0m Responding to client with driver.setValue() result: null
&amp#27;[38;5;0m[HTTP]&amp#27;[0m &amp#27;[37m<-- POST /session/fe0cd291-8f79-4212-8568-b4785b2dee12/element/00000000-0000-0032-ffff-ffff00000398/value &amp#27;[39m&amp#27;[32m200&amp#27;[39m &amp#27;[90m13 ms - 14&amp#27;[39m
&amp#27;[38;5;0m[HTTP]&amp#27;[0m &amp#27;[90m&amp#27;[39m
&amp#27;[38;5;0m[HTTP]&amp#27;[0m &amp#27;[37m-->&amp#27;[39m &amp#27;[37mPOST&amp#27;[39m &amp#27;[37m/session/fe0cd291-8f79-4212-8568-b4785b2dee12/element&amp#27;[39m
&amp#27;[38;5;0m[HTTP]&amp#27;[0m &amp#27;[90m{"using":"xpath","value":"//android.widget.EditText[@index=6]"}&amp#27;[39m
[debug] &amp#27;[38;5;32m[AndroidUiautomator2Driver@b227 (fe0cd291)]&amp#27;[0m Calling AppiumDriver.findElement() with args: ["xpath","//android.widget.EditText[@index=6]","fe0cd291-8f79-4212-8568-b4785b2dee12"]
[debug] &amp#27;[38;5;32m[AndroidUiautomator2Driver@b227 (fe0cd291)]&amp#27;[0m Valid locator strategies for this request: xpath, id, class name, accessibility id, css selector, -android uiautomator
[debug] &amp#27;[38;5;32m[AndroidUiautomator2Driver@b227 (fe0cd291)]&amp#27;[0m Waiting up to 10000 ms for condition
[debug] &amp#27;[38;5;32m[AndroidUiautomator2Driver@b227 (fe0cd291)]&amp#27;[0m Matched '/element' to command name 'findElement'
[debug] &amp#27;[38;5;32m[AndroidUiautomator2Driver@b227 (fe0cd291)]&amp#27;[0m Proxying [POST /element] to [POST http://127.0.0.1:8200/session/85989a46-cbdd-4bd4-a501-a859808a0843/element] with body: {"strategy":"xpath","selector":"//android.widget.EditText[@index=6]","context":"","multiple":false}
[debug] &amp#27;[38;5;32m[AndroidUiautomator2Driver@b227 (fe0cd291)]&amp#27;[0m Got response with status 200: {"sessionId":"85989a46-cbdd-4bd4-a501-a859808a0843","value":{"ELEMENT":"00000000-0000-0032-ffff-ffff0000039b","element-6066-11e4-a52e-4f735466cecf":"00000000-0000-0032-ffff-ffff0000039b"}}
[debug] &amp#27;[38;5;32m[AndroidUiautomator2Driver@b227 (fe0cd291)]&amp#27;[0m Responding to client with driver.findElement() result: {"element-6066-11e4-a52e-4f735466cecf":"00000000-0000-0032-ffff-ffff0000039b","ELEMENT":"00000000-0000-0032-ffff-ffff0000039b"}
&amp#27;[38;5;0m[HTTP]&amp#27;[0m &amp#27;[37m<-- POST /session/fe0cd291-8f79-4212-8568-b4785b2dee12/element &amp#27;[39m&amp#27;[32m200&amp#27;[39m &amp#27;[90m533 ms - 137&amp#27;[39m
&amp#27;[38;5;0m[HTTP]&amp#27;[0m &amp#27;[90m&amp#27;[39m
&amp#27;[38;5;0m[HTTP]&amp#27;[0m &amp#27;[37m-->&amp#27;[39m &amp#27;[37mPOST&amp#27;[39m &amp#27;[37m/session/fe0cd291-8f79-4212-8568-b4785b2dee12/element/00000000-0000-0032-ffff-ffff0000039b/value&amp#27;[39m
&amp#27;[38;5;0m[HTTP]&amp#27;[0m &amp#27;[90m{"id":"00000000-0000-0032-ffff-ffff0000039b","text":"vada.deckow@maildrop.cc","value":["v","a","d","a",".","d","e","c","k","o","w","@","m","a","i","l","d","r","o","p",".","c","c"]}&amp#27;[39m
[debug] &amp#27;[38;5;32m[AndroidUiautomator2Driver@b227 (fe0cd291)]&amp#27;[0m Calling AppiumDriver.setValue() with args: [["v","a","d","a",".","d","e","c","k","o","w","@","m","a","i","l","d","r","o","p",".","c","c"],"00000000-0000-0032-ffff-ffff0000039b","fe0cd291-8f79-4212-8568-b4785b2dee12"]
[debug] &amp#27;[38;5;32m[AndroidUiautomator2Driver@b227 (fe0cd291)]&amp#27;[0m Matched '/element/00000000-0000-0032-ffff-ffff0000039b/value' to command name 'setValue'
[debug] &amp#27;[38;5;32m[AndroidUiautomator2Driver@b227 (fe0cd291)]&amp#27;[0m Added 'value' property ["v","a","d","a",".","d","e","c","k","o","w","@","m","a","i","l","d","r","o","p",".","c","c"] to 'setValue' request body
[debug] &amp#27;[38;5;32m[AndroidUiautomator2Driver@b227 (fe0cd291)]&amp#27;[0m Proxying [POST /element/00000000-0000-0032-ffff-ffff0000039b/value] to [POST http://127.0.0.1:8200/session/85989a46-cbdd-4bd4-a501-a859808a0843/element/00000000-0000-0032-ffff-ffff0000039b/value] with body: {"elementId":"00000000-0000-0032-ffff-ffff0000039b","text":"vada.deckow@maildrop.cc","replace":false,"value":["v","a","d","a",".","d","e","c","k","o","w","@","m","a","i","l","d","r","o","p",".","c","c"]}
[debug] &amp#27;[38;5;32m[AndroidUiautomator2Driver@b227 (fe0cd291)]&amp#27;[0m Got response with status 200: {"sessionId":"85989a46-cbdd-4bd4-a501-a859808a0843","value":null}
[debug] &amp#27;[38;5;32m[AndroidUiautomator2Driver@b227 (fe0cd291)]&amp#27;[0m Responding to client with driver.setValue() result: null
&amp#27;[38;5;0m[HTTP]&amp#27;[0m &amp#27;[37m<-- POST /session/fe0cd291-8f79-4212-8568-b4785b2dee12/element/00000000-0000-0032-ffff-ffff0000039b/value &amp#27;[39m&amp#27;[32m200&amp#27;[39m &amp#27;[90m13 ms - 14&amp#27;[39m
&amp#27;[38;5;0m[HTTP]&amp#27;[0m &amp#27;[90m&amp#27;[39m
&amp#27;[38;5;0m[HTTP]&amp#27;[0m &amp#27;[37m-->&amp#27;[39m &amp#27;[37mPOST&amp#27;[39m &amp#27;[37m/session/fe0cd291-8f79-4212-8568-b4785b2dee12/element&amp#27;[39m
&amp#27;[38;5;0m[HTTP]&amp#27;[0m &amp#27;[90m{"using":"xpath","value":"//android.widget.EditText[@index=9]"}&amp#27;[39m
[debug] &amp#27;[38;5;32m[AndroidUiautomator2Driver@b227 (fe0cd291)]&amp#27;[0m Calling AppiumDriver.findElement() with args: ["xpath","//android.widget.EditText[@index=9]","fe0cd291-8f79-4212-8568-b4785b2dee12"]
[debug] &amp#27;[38;5;32m[AndroidUiautomator2Driver@b227 (fe0cd291)]&amp#27;[0m Valid locator strategies for this request: xpath, id, class name, accessibility id, css selector, -android uiautomator
[debug] &amp#27;[38;5;32m[AndroidUiautomator2Driver@b227 (fe0cd291)]&amp#27;[0m Waiting up to 10000 ms for condition
[debug] &amp#27;[38;5;32m[AndroidUiautomator2Driver@b227 (fe0cd291)]&amp#27;[0m Matched '/element' to command name 'findElement'
[debug] &amp#27;[38;5;32m[AndroidUiautomator2Driver@b227 (fe0cd291)]&amp#27;[0m Proxying [POST /element] to [POST http://127.0.0.1:8200/session/85989a46-cbdd-4bd4-a501-a859808a0843/element] with body: {"strategy":"xpath","selector":"//android.widget.EditText[@index=9]","context":"","multiple":false}
[debug] &amp#27;[38;5;32m[AndroidUiautomator2Driver@b227 (fe0cd291)]&amp#27;[0m Got response with status 200: {"sessionId":"85989a46-cbdd-4bd4-a501-a859808a0843","value":{"ELEMENT":"00000000-0000-0032-ffff-ffff0000039e","element-6066-11e4-a52e-4f735466cecf":"00000000-0000-0032-ffff-ffff0000039e"}}
[debug] &amp#27;[38;5;32m[AndroidUiautomator2Driver@b227 (fe0cd291)]&amp#27;[0m Responding to client with driver.findElement() result: {"element-6066-11e4-a52e-4f735466cecf":"00000000-0000-0032-ffff-ffff0000039e","ELEMENT":"00000000-0000-0032-ffff-ffff0000039e"}
&amp#27;[38;5;0m[HTTP]&amp#27;[0m &amp#27;[37m<-- POST /session/fe0cd291-8f79-4212-8568-b4785b2dee12/element &amp#27;[39m&amp#27;[32m200&amp#27;[39m &amp#27;[90m524 ms - 137&amp#27;[39m
&amp#27;[38;5;0m[HTTP]&amp#27;[0m &amp#27;[90m&amp#27;[39m
&amp#27;[38;5;0m[HTTP]&amp#27;[0m &amp#27;[37m-->&amp#27;[39m &amp#27;[37mPOST&amp#27;[39m &amp#27;[37m/session/fe0cd291-8f79-4212-8568-b4785b2dee12/element/00000000-0000-0032-ffff-ffff0000039e/value&amp#27;[39m
&amp#27;[38;5;0m[HTTP]&amp#27;[0m &amp#27;[90m{"id":"00000000-0000-0032-ffff-ffff0000039e","text":"08033443048","value":["0","8","0","3","3","4","4","3","0","4","8"]}&amp#27;[39m
[debug] &amp#27;[38;5;32m[AndroidUiautomator2Driver@b227 (fe0cd291)]&amp#27;[0m Calling AppiumDriver.setValue() with args: [["0","8","0","3","3","4","4","3","0","4","8"],"00000000-0000-0032-ffff-ffff0000039e","fe0cd291-8f79-4212-8568-b4785b2dee12"]
[debug] &amp#27;[38;5;32m[AndroidUiautomator2Driver@b227 (fe0cd291)]&amp#27;[0m Matched '/element/00000000-0000-0032-ffff-ffff0000039e/value' to command name 'setValue'
[debug] &amp#27;[38;5;32m[AndroidUiautomator2Driver@b227 (fe0cd291)]&amp#27;[0m Added 'value' property ["0","8","0","3","3","4","4","3","0","4","8"] to 'setValue' request body
[debug] &amp#27;[38;5;32m[AndroidUiautomator2Driver@b227 (fe0cd291)]&amp#27;[0m Proxying [POST /element/00000000-0000-0032-ffff-ffff0000039e/value] to [POST http://127.0.0.1:8200/session/85989a46-cbdd-4bd4-a501-a859808a0843/element/00000000-0000-0032-ffff-ffff0000039e/value] with body: {"elementId":"00000000-0000-0032-ffff-ffff0000039e","text":"08033443048","replace":false,"value":["0","8","0","3","3","4","4","3","0","4","8"]}
[debug] &amp#27;[38;5;32m[AndroidUiautomator2Driver@b227 (fe0cd291)]&amp#27;[0m Got response with status 200: {"sessionId":"85989a46-cbdd-4bd4-a501-a859808a0843","value":null}
[debug] &amp#27;[38;5;32m[AndroidUiautomator2Driver@b227 (fe0cd291)]&amp#27;[0m Responding to client with driver.setValue() result: null
&amp#27;[38;5;0m[HTTP]&amp#27;[0m &amp#27;[37m<-- POST /session/fe0cd291-8f79-4212-8568-b4785b2dee12/element/00000000-0000-0032-ffff-ffff0000039e/value &amp#27;[39m&amp#27;[32m200&amp#27;[39m &amp#27;[90m13 ms - 14&amp#27;[39m
&amp#27;[38;5;0m[HTTP]&amp#27;[0m &amp#27;[90m&amp#27;[39m
&amp#27;[38;5;0m[HTTP]&amp#27;[0m &amp#27;[37m-->&amp#27;[39m &amp#27;[37mPOST&amp#27;[39m &amp#27;[37m/session/fe0cd291-8f79-4212-8568-b4785b2dee12/element&amp#27;[39m
&amp#27;[38;5;0m[HTTP]&amp#27;[0m &amp#27;[90m{"using":"xpath","value":"//android.widget.EditText[@index=12]"}&amp#27;[39m
[debug] &amp#27;[38;5;32m[AndroidUiautomator2Driver@b227 (fe0cd291)]&amp#27;[0m Calling AppiumDriver.findElement() with args: ["xpath","//android.widget.EditText[@index=12]","fe0cd291-8f79-4212-8568-b4785b2dee12"]
[debug] &amp#27;[38;5;32m[AndroidUiautomator2Driver@b227 (fe0cd291)]&amp#27;[0m Valid locator strategies for this request: xpath, id, class name, accessibility id, css selector, -android uiautomator
[debug] &amp#27;[38;5;32m[AndroidUiautomator2Driver@b227 (fe0cd291)]&amp#27;[0m Waiting up to 10000 ms for condition
[debug] &amp#27;[38;5;32m[AndroidUiautomator2Driver@b227 (fe0cd291)]&amp#27;[0m Matched '/element' to command name 'findElement'
[debug] &amp#27;[38;5;32m[AndroidUiautomator2Driver@b227 (fe0cd291)]&amp#27;[0m Proxying [POST /element] to [POST http://127.0.0.1:8200/session/85989a46-cbdd-4bd4-a501-a859808a0843/element] with body: {"strategy":"xpath","selector":"//android.widget.EditText[@index=12]","context":"","multiple":false}
[debug] &amp#27;[38;5;32m[AndroidUiautomator2Driver@b227 (fe0cd291)]&amp#27;[0m Got response with status 200: {"sessionId":"85989a46-cbdd-4bd4-a501-a859808a0843","value":{"ELEMENT":"00000000-0000-0032-ffff-ffff000003a1","element-6066-11e4-a52e-4f735466cecf":"00000000-0000-0032-ffff-ffff000003a1"}}
[debug] &amp#27;[38;5;32m[AndroidUiautomator2Driver@b227 (fe0cd291)]&amp#27;[0m Responding to client with driver.findElement() result: {"element-6066-11e4-a52e-4f735466cecf":"00000000-0000-0032-ffff-ffff000003a1","ELEMENT":"00000000-0000-0032-ffff-ffff000003a1"}
&amp#27;[38;5;0m[HTTP]&amp#27;[0m &amp#27;[37m<-- POST /session/fe0cd291-8f79-4212-8568-b4785b2dee12/element &amp#27;[39m&amp#27;[32m200&amp#27;[39m &amp#27;[90m49 ms - 137&amp#27;[39m
&amp#27;[38;5;0m[HTTP]&amp#27;[0m &amp#27;[90m&amp#27;[39m
&amp#27;[38;5;0m[HTTP]&amp#27;[0m &amp#27;[37m-->&amp#27;[39m &amp#27;[37mPOST&amp#27;[39m &amp#27;[37m/session/fe0cd291-8f79-4212-8568-b4785b2dee12/element/00000000-0000-0032-ffff-ffff000003a1/value&amp#27;[39m
&amp#27;[38;5;0m[HTTP]&amp#27;[0m &amp#27;[90m{"id":"00000000-0000-0032-ffff-ffff000003a1","text":"password","value":["p","a","s","s","w","o","r","d"]}&amp#27;[39m
[debug] &amp#27;[38;5;32m[AndroidUiautomator2Driver@b227 (fe0cd291)]&amp#27;[0m Calling AppiumDriver.setValue() with args: [["p","a","s","s","w","o","r","d"],"00000000-0000-0032-ffff-ffff000003a1","fe0cd291-8f79-4212-8568-b4785b2dee12"]
[debug] &amp#27;[38;5;32m[AndroidUiautomator2Driver@b227 (fe0cd291)]&amp#27;[0m Matched '/element/00000000-0000-0032-ffff-ffff000003a1/value' to command name 'setValue'
[debug] &amp#27;[38;5;32m[AndroidUiautomator2Driver@b227 (fe0cd291)]&amp#27;[0m Added 'value' property ["p","a","s","s","w","o","r","d"] to 'setValue' request body
[debug] &amp#27;[38;5;32m[AndroidUiautomator2Driver@b227 (fe0cd291)]&amp#27;[0m Proxying [POST /element/00000000-0000-0032-ffff-ffff000003a1/value] to [POST http://127.0.0.1:8200/session/85989a46-cbdd-4bd4-a501-a859808a0843/element/00000000-0000-0032-ffff-ffff000003a1/value] with body: {"elementId":"00000000-0000-0032-ffff-ffff000003a1","text":"password","replace":false,"value":["p","a","s","s","w","o","r","d"]}
[debug] &amp#27;[38;5;32m[AndroidUiautomator2Driver@b227 (fe0cd291)]&amp#27;[0m Got response with status 200: {"sessionId":"85989a46-cbdd-4bd4-a501-a859808a0843","value":null}
[debug] &amp#27;[38;5;32m[AndroidUiautomator2Driver@b227 (fe0cd291)]&amp#27;[0m Responding to client with driver.setValue() result: null
&amp#27;[38;5;0m[HTTP]&amp#27;[0m &amp#27;[37m<-- POST /session/fe0cd291-8f79-4212-8568-b4785b2dee12/element/00000000-0000-0032-ffff-ffff000003a1/value &amp#27;[39m&amp#27;[32m200&amp#27;[39m &amp#27;[90m455 ms - 14&amp#27;[39m
&amp#27;[38;5;0m[HTTP]&amp#27;[0m &amp#27;[90m&amp#27;[39m
&amp#27;[38;5;0m[HTTP]&amp#27;[0m &amp#27;[37m-->&amp#27;[39m &amp#27;[37mPOST&amp#27;[39m &amp#27;[37m/session/fe0cd291-8f79-4212-8568-b4785b2dee12/element&amp#27;[39m
&amp#27;[38;5;0m[HTTP]&amp#27;[0m &amp#27;[90m{"using":"xpath","value":"//android.widget.TextView[@text='Register']"}&amp#27;[39m
[debug] &amp#27;[38;5;32m[AndroidUiautomator2Driver@b227 (fe0cd291)]&amp#27;[0m Calling AppiumDriver.findElement() with args: ["xpath","//android.widget.TextView[@text='Register']","fe0cd291-8f79-4212-8568-b4785b2dee12"]
[debug] &amp#27;[38;5;32m[AndroidUiautomator2Driver@b227 (fe0cd291)]&amp#27;[0m Valid locator strategies for this request: xpath, id, class name, accessibility id, css selector, -android uiautomator
[debug] &amp#27;[38;5;32m[AndroidUiautomator2Driver@b227 (fe0cd291)]&amp#27;[0m Waiting up to 10000 ms for condition
[debug] &amp#27;[38;5;32m[AndroidUiautomator2Driver@b227 (fe0cd291)]&amp#27;[0m Matched '/element' to command name 'findElement'
[debug] &amp#27;[38;5;32m[AndroidUiautomator2Driver@b227 (fe0cd291)]&amp#27;[0m Proxying [POST /element] to [POST http://127.0.0.1:8200/session/85989a46-cbdd-4bd4-a501-a859808a0843/element] with body: {"strategy":"xpath","selector":"//android.widget.TextView[@text='Register']","context":"","multiple":false}
[debug] &amp#27;[38;5;32m[AndroidUiautomator2Driver@b227 (fe0cd291)]&amp#27;[0m Got response with status 200: {"sessionId":"85989a46-cbdd-4bd4-a501-a859808a0843","value":{"ELEMENT":"00000000-0000-0032-ffff-ffff000003ae","element-6066-11e4-a52e-4f735466cecf":"00000000-0000-0032-ffff-ffff000003ae"}}
[debug] &amp#27;[38;5;32m[AndroidUiautomator2Driver@b227 (fe0cd291)]&amp#27;[0m Responding to client with driver.findElement() result: {"element-6066-11e4-a52e-4f735466cecf":"00000000-0000-0032-ffff-ffff000003ae","ELEMENT":"00000000-0000-0032-ffff-ffff000003ae"}
&amp#27;[38;5;0m[HTTP]&amp#27;[0m &amp#27;[37m<-- POST /session/fe0cd291-8f79-4212-8568-b4785b2dee12/element &amp#27;[39m&amp#27;[32m200&amp#27;[39m &amp#27;[90m629 ms - 137&amp#27;[39m
&amp#27;[38;5;0m[HTTP]&amp#27;[0m &amp#27;[90m&amp#27;[39m
&amp#27;[38;5;0m[HTTP]&amp#27;[0m &amp#27;[37m-->&amp#27;[39m &amp#27;[37mPOST&amp#27;[39m &amp#27;[37m/session/fe0cd291-8f79-4212-8568-b4785b2dee12/element/00000000-0000-0032-ffff-ffff000003ae/click&amp#27;[39m
&amp#27;[38;5;0m[HTTP]&amp#27;[0m &amp#27;[90m{"id":"00000000-0000-0032-ffff-ffff000003ae"}&amp#27;[39m
[debug] &amp#27;[38;5;32m[AndroidUiautomator2Driver@b227 (fe0cd291)]&amp#27;[0m Calling AppiumDriver.click() with args: ["00000000-0000-0032-ffff-ffff000003ae","fe0cd291-8f79-4212-8568-b4785b2dee12"]
[debug] &amp#27;[38;5;32m[AndroidUiautomator2Driver@b227 (fe0cd291)]&amp#27;[0m Matched '/element/00000000-0000-0032-ffff-ffff000003ae/click' to command name 'click'
[debug] &amp#27;[38;5;32m[AndroidUiautomator2Driver@b227 (fe0cd291)]&amp#27;[0m Proxying [POST /element/00000000-0000-0032-ffff-ffff000003ae/click] to [POST http://127.0.0.1:8200/session/85989a46-cbdd-4bd4-a501-a859808a0843/element/00000000-0000-0032-ffff-ffff000003ae/click] with body: {"element":"00000000-0000-0032-ffff-ffff000003ae"}
[debug] &amp#27;[38;5;32m[AndroidUiautomator2Driver@b227 (fe0cd291)]&amp#27;[0m Got response with status 200: {"sessionId":"85989a46-cbdd-4bd4-a501-a859808a0843","value":null}
[debug] &amp#27;[38;5;32m[AndroidUiautomator2Driver@b227 (fe0cd291)]&amp#27;[0m Responding to client with driver.click() result: null
&amp#27;[38;5;0m[HTTP]&amp#27;[0m &amp#27;[37m<-- POST /session/fe0cd291-8f79-4212-8568-b4785b2dee12/element/00000000-0000-0032-ffff-ffff000003ae/click &amp#27;[39m&amp#27;[32m200&amp#27;[39m &amp#27;[90m44 ms - 14&amp#27;[39m
&amp#27;[38;5;0m[HTTP]&amp#27;[0m &amp#27;[90m&amp#27;[39m
&amp#27;[38;5;0m[HTTP]&amp#27;[0m &amp#27;[37m-->&amp#27;[39m &amp#27;[37mPOST&amp#27;[39m &amp#27;[37m/session/fe0cd291-8f79-4212-8568-b4785b2dee12/element&amp#27;[39m
&amp#27;[38;5;0m[HTTP]&amp#27;[0m &amp#27;[90m{"using":"xpath","value":"//android.widget.TextView[@index=18]"}&amp#27;[39m
[debug] &amp#27;[38;5;32m[AndroidUiautomator2Driver@b227 (fe0cd291)]&amp#27;[0m Calling AppiumDriver.findElement() with args: ["xpath","//android.widget.TextView[@index=18]","fe0cd291-8f79-4212-8568-b4785b2dee12"]
[debug] &amp#27;[38;5;32m[AndroidUiautomator2Driver@b227 (fe0cd291)]&amp#27;[0m Valid locator strategies for this request: xpath, id, class name, accessibility id, css selector, -android uiautomator
[debug] &amp#27;[38;5;32m[AndroidUiautomator2Driver@b227 (fe0cd291)]&amp#27;[0m Waiting up to 10000 ms for condition
[debug] &amp#27;[38;5;32m[AndroidUiautomator2Driver@b227 (fe0cd291)]&amp#27;[0m Matched '/element' to command name 'findElement'
[debug] &amp#27;[38;5;32m[AndroidUiautomator2Driver@b227 (fe0cd291)]&amp#27;[0m Proxying [POST /element] to [POST http://127.0.0.1:8200/session/85989a46-cbdd-4bd4-a501-a859808a0843/element] with body: {"strategy":"xpath","selector":"//android.widget.TextView[@index=18]","context":"","multiple":false}
[debug] &amp#27;[38;5;32m[AndroidUiautomator2Driver@b227 (fe0cd291)]&amp#27;[0m Got response with status 200: {"sessionId":"85989a46-cbdd-4bd4-a501-a859808a0843","value":{"ELEMENT":"00000000-0000-0032-ffff-ffff000003a6","element-6066-11e4-a52e-4f735466cecf":"00000000-0000-0032-ffff-ffff000003a6"}}
[debug] &amp#27;[38;5;32m[AndroidUiautomator2Driver@b227 (fe0cd291)]&amp#27;[0m Responding to client with driver.findElement() result: {"element-6066-11e4-a52e-4f735466cecf":"00000000-0000-0032-ffff-ffff000003a6","ELEMENT":"00000000-0000-0032-ffff-ffff000003a6"}
&amp#27;[38;5;0m[HTTP]&amp#27;[0m &amp#27;[37m<-- POST /session/fe0cd291-8f79-4212-8568-b4785b2dee12/element &amp#27;[39m&amp#27;[32m200&amp#27;[39m &amp#27;[90m29 ms - 137&amp#27;[39m
&amp#27;[38;5;0m[HTTP]&amp#27;[0m &amp#27;[90m&amp#27;[39m
&amp#27;[38;5;0m[HTTP]&amp#27;[0m &amp#27;[37m-->&amp#27;[39m &amp#27;[37mPOST&amp#27;[39m &amp#27;[37m/session/fe0cd291-8f79-4212-8568-b4785b2dee12/element/00000000-0000-0032-ffff-ffff000003a6/click&amp#27;[39m
&amp#27;[38;5;0m[HTTP]&amp#27;[0m &amp#27;[90m{"id":"00000000-0000-0032-ffff-ffff000003a6"}&amp#27;[39m
[debug] &amp#27;[38;5;32m[AndroidUiautomator2Driver@b227 (fe0cd291)]&amp#27;[0m Calling AppiumDriver.click() with args: ["00000000-0000-0032-ffff-ffff000003a6","fe0cd291-8f79-4212-8568-b4785b2dee12"]
[debug] &amp#27;[38;5;32m[AndroidUiautomator2Driver@b227 (fe0cd291)]&amp#27;[0m Matched '/element/00000000-0000-0032-ffff-ffff000003a6/click' to command name 'click'
[debug] &amp#27;[38;5;32m[AndroidUiautomator2Driver@b227 (fe0cd291)]&amp#27;[0m Proxying [POST /element/00000000-0000-0032-ffff-ffff000003a6/click] to [POST http://127.0.0.1:8200/session/85989a46-cbdd-4bd4-a501-a859808a0843/element/00000000-0000-0032-ffff-ffff000003a6/click] with body: {"element":"00000000-0000-0032-ffff-ffff000003a6"}
[debug] &amp#27;[38;5;32m[AndroidUiautomator2Driver@b227 (fe0cd291)]&amp#27;[0m Got response with status 200: {"sessionId":"85989a46-cbdd-4bd4-a501-a859808a0843","value":null}
[debug] &amp#27;[38;5;32m[AndroidUiautomator2Driver@b227 (fe0cd291)]&amp#27;[0m Responding to client with driver.click() result: null
&amp#27;[38;5;0m[HTTP]&amp#27;[0m &amp#27;[37m<-- POST /session/fe0cd291-8f79-4212-8568-b4785b2dee12/element/00000000-0000-0032-ffff-ffff000003a6/click &amp#27;[39m&amp#27;[32m200&amp#27;[39m &amp#27;[90m37 ms - 14&amp#27;[39m
&amp#27;[38;5;0m[HTTP]&amp#27;[0m &amp#27;[90m&amp#27;[39m
&amp#27;[38;5;0m[HTTP]&amp#27;[0m &amp#27;[37m-->&amp#27;[39m &amp#27;[37mPOST&amp#27;[39m &amp#27;[37m/session/fe0cd291-8f79-4212-8568-b4785b2dee12/element&amp#27;[39m
&amp#27;[38;5;0m[HTTP]&amp#27;[0m &amp#27;[90m{"using":"xpath","value":"//android.widget.TextView[@text='Register']"}&amp#27;[39m
[debug] &amp#27;[38;5;32m[AndroidUiautomator2Driver@b227 (fe0cd291)]&amp#27;[0m Calling AppiumDriver.findElement() with args: ["xpath","//android.widget.TextView[@text='Register']","fe0cd291-8f79-4212-8568-b4785b2dee12"]
[debug] &amp#27;[38;5;32m[AndroidUiautomator2Driver@b227 (fe0cd291)]&amp#27;[0m Valid locator strategies for this request: xpath, id, class name, accessibility id, css selector, -android uiautomator
[debug] &amp#27;[38;5;32m[AndroidUiautomator2Driver@b227 (fe0cd291)]&amp#27;[0m Waiting up to 10000 ms for condition
[debug] &amp#27;[38;5;32m[AndroidUiautomator2Driver@b227 (fe0cd291)]&amp#27;[0m Matched '/element' to command name 'findElement'
[debug] &amp#27;[38;5;32m[AndroidUiautomator2Driver@b227 (fe0cd291)]&amp#27;[0m Proxying [POST /element] to [POST http://127.0.0.1:8200/session/85989a46-cbdd-4bd4-a501-a859808a0843/element] with body: {"strategy":"xpath","selector":"//android.widget.TextView[@text='Register']","context":"","multiple":false}
[debug] &amp#27;[38;5;32m[AndroidUiautomator2Driver@b227 (fe0cd291)]&amp#27;[0m Got response with status 200: {"sessionId":"85989a46-cbdd-4bd4-a501-a859808a0843","value":{"ELEMENT":"00000000-0000-0032-ffff-ffff000003ae","element-6066-11e4-a52e-4f735466cecf":"00000000-0000-0032-ffff-ffff000003ae"}}
[debug] &amp#27;[38;5;32m[AndroidUiautomator2Driver@b227 (fe0cd291)]&amp#27;[0m Responding to client with driver.findElement() result: {"element-6066-11e4-a52e-4f735466cecf":"00000000-0000-0032-ffff-ffff000003ae","ELEMENT":"00000000-0000-0032-ffff-ffff000003ae"}
&amp#27;[38;5;0m[HTTP]&amp#27;[0m &amp#27;[37m<-- POST /session/fe0cd291-8f79-4212-8568-b4785b2dee12/element &amp#27;[39m&amp#27;[32m200&amp#27;[39m &amp#27;[90m42 ms - 137&amp#27;[39m
&amp#27;[38;5;0m[HTTP]&amp#27;[0m &amp#27;[90m&amp#27;[39m
&amp#27;[38;5;0m[HTTP]&amp#27;[0m &amp#27;[37m-->&amp#27;[39m &amp#27;[37mPOST&amp#27;[39m &amp#27;[37m/session/fe0cd291-8f79-4212-8568-b4785b2dee12/element/00000000-0000-0032-ffff-ffff000003ae/click&amp#27;[39m
&amp#27;[38;5;0m[HTTP]&amp#27;[0m &amp#27;[90m{"id":"00000000-0000-0032-ffff-ffff000003ae"}&amp#27;[39m
[debug] &amp#27;[38;5;32m[AndroidUiautomator2Driver@b227 (fe0cd291)]&amp#27;[0m Calling AppiumDriver.click() with args: ["00000000-0000-0032-ffff-ffff000003ae","fe0cd291-8f79-4212-8568-b4785b2dee12"]
[debug] &amp#27;[38;5;32m[AndroidUiautomator2Driver@b227 (fe0cd291)]&amp#27;[0m Matched '/element/00000000-0000-0032-ffff-ffff000003ae/click' to command name 'click'
[debug] &amp#27;[38;5;32m[AndroidUiautomator2Driver@b227 (fe0cd291)]&amp#27;[0m Proxying [POST /element/00000000-0000-0032-ffff-ffff000003ae/click] to [POST http://127.0.0.1:8200/session/85989a46-cbdd-4bd4-a501-a859808a0843/element/00000000-0000-0032-ffff-ffff000003ae/click] with body: {"element":"00000000-0000-0032-ffff-ffff000003ae"}
[debug] &amp#27;[38;5;32m[AndroidUiautomator2Driver@b227 (fe0cd291)]&amp#27;[0m Got response with status 200: {"sessionId":"85989a46-cbdd-4bd4-a501-a859808a0843","value":null}
[debug] &amp#27;[38;5;32m[AndroidUiautomator2Driver@b227 (fe0cd291)]&amp#27;[0m Responding to client with driver.click() result: null
&amp#27;[38;5;0m[HTTP]&amp#27;[0m &amp#27;[37m<-- POST /session/fe0cd291-8f79-4212-8568-b4785b2dee12/element/00000000-0000-0032-ffff-ffff000003ae/click &amp#27;[39m&amp#27;[32m200&amp#27;[39m &amp#27;[90m38 ms - 14&amp#27;[39m
&amp#27;[38;5;0m[HTTP]&amp#27;[0m &amp#27;[90m&amp#27;[39m
&amp#27;[38;5;0m[HTTP]&amp#27;[0m &amp#27;[37m-->&amp#27;[39m &amp#27;[37mPOST&amp#27;[39m &amp#27;[37m/session/fe0cd291-8f79-4212-8568-b4785b2dee12/element&amp#27;[39m
&amp#27;[38;5;0m[HTTP]&amp#27;[0m &amp#27;[90m{"using":"xpath","value":"//android.widget.TextView[@index=7]"}&amp#27;[39m
[debug] &amp#27;[38;5;32m[AndroidUiautomator2Driver@b227 (fe0cd291)]&amp#27;[0m Calling AppiumDriver.findElement() with args: ["xpath","//android.widget.TextView[@index=7]","fe0cd291-8f79-4212-8568-b4785b2dee12"]
[debug] &amp#27;[38;5;32m[AndroidUiautomator2Driver@b227 (fe0cd291)]&amp#27;[0m Valid locator strategies for this request: xpath, id, class name, accessibility id, css selector, -android uiautomator
[debug] &amp#27;[38;5;32m[AndroidUiautomator2Driver@b227 (fe0cd291)]&amp#27;[0m Waiting up to 10000 ms for condition
[debug] &amp#27;[38;5;32m[AndroidUiautomator2Driver@b227 (fe0cd291)]&amp#27;[0m Matched '/element' to command name 'findElement'
[debug] &amp#27;[38;5;32m[AndroidUiautomator2Driver@b227 (fe0cd291)]&amp#27;[0m Proxying [POST /element] to [POST http://127.0.0.1:8200/session/85989a46-cbdd-4bd4-a501-a859808a0843/element] with body: {"strategy":"xpath","selector":"//android.widget.TextView[@index=7]","context":"","multiple":false}
[debug] &amp#27;[38;5;32m[AndroidUiautomator2Driver@b227 (fe0cd291)]&amp#27;[0m Got response with status 200: {"sessionId":"85989a46-cbdd-4bd4-a501-a859808a0843","value":{"ELEMENT":"00000000-0000-0032-ffff-ffff0000039c","element-6066-11e4-a52e-4f735466cecf":"00000000-0000-0032-ffff-ffff0000039c"}}
[debug] &amp#27;[38;5;32m[AndroidUiautomator2Driver@b227 (fe0cd291)]&amp#27;[0m Responding to client with driver.findElement() result: {"element-6066-11e4-a52e-4f735466cecf":"00000000-0000-0032-ffff-ffff0000039c","ELEMENT":"00000000-0000-0032-ffff-ffff0000039c"}
&amp#27;[38;5;0m[HTTP]&amp#27;[0m &amp#27;[37m<-- POST /session/fe0cd291-8f79-4212-8568-b4785b2dee12/element &amp#27;[39m&amp#27;[32m200&amp#27;[39m &amp#27;[90m37 ms - 137&amp#27;[39m
&amp#27;[38;5;0m[HTTP]&amp#27;[0m &amp#27;[90m&amp#27;[39m
&amp#27;[38;5;0m[HTTP]&amp#27;[0m &amp#27;[37m-->&amp#27;[39m &amp#27;[37mPOST&amp#27;[39m &amp#27;[37m/session/fe0cd291-8f79-4212-8568-b4785b2dee12/element&amp#27;[39m
&amp#27;[38;5;0m[HTTP]&amp#27;[0m &amp#27;[90m{"using":"xpath","value":"//android.widget.TextView[@index=7]"}&amp#27;[39m
[debug] &amp#27;[38;5;32m[AndroidUiautomator2Driver@b227 (fe0cd291)]&amp#27;[0m Calling AppiumDriver.findElement() with args: ["xpath","//android.widget.TextView[@index=7]","fe0cd291-8f79-4212-8568-b4785b2dee12"]
[debug] &amp#27;[38;5;32m[AndroidUiautomator2Driver@b227 (fe0cd291)]&amp#27;[0m Valid locator strategies for this request: xpath, id, class name, accessibility id, css selector, -android uiautomator
[debug] &amp#27;[38;5;32m[AndroidUiautomator2Driver@b227 (fe0cd291)]&amp#27;[0m Waiting up to 10000 ms for condition
[debug] &amp#27;[38;5;32m[AndroidUiautomator2Driver@b227 (fe0cd291)]&amp#27;[0m Matched '/element' to command name 'findElement'
[debug] &amp#27;[38;5;32m[AndroidUiautomator2Driver@b227 (fe0cd291)]&amp#27;[0m Proxying [POST /element] to [POST http://127.0.0.1:8200/session/85989a46-cbdd-4bd4-a501-a859808a0843/element] with body: {"strategy":"xpath","selector":"//android.widget.TextView[@index=7]","context":"","multiple":false}
[debug] &amp#27;[38;5;32m[AndroidUiautomator2Driver@b227 (fe0cd291)]&amp#27;[0m Got response with status 200: {"sessionId":"85989a46-cbdd-4bd4-a501-a859808a0843","value":{"ELEMENT":"00000000-0000-0032-ffff-ffff0000039c","element-6066-11e4-a52e-4f735466cecf":"00000000-0000-0032-ffff-ffff0000039c"}}
[debug] &amp#27;[38;5;32m[AndroidUiautomator2Driver@b227 (fe0cd291)]&amp#27;[0m Responding to client with driver.findElement() result: {"element-6066-11e4-a52e-4f735466cecf":"00000000-0000-0032-ffff-ffff0000039c","ELEMENT":"00000000-0000-0032-ffff-ffff0000039c"}
&amp#27;[38;5;0m[HTTP]&amp#27;[0m &amp#27;[37m<-- POST /session/fe0cd291-8f79-4212-8568-b4785b2dee12/element &amp#27;[39m&amp#27;[32m200&amp#27;[39m &amp#27;[90m602 ms - 137&amp#27;[39m
&amp#27;[38;5;0m[HTTP]&amp#27;[0m &amp#27;[90m&amp#27;[39m
&amp#27;[38;5;0m[HTTP]&amp#27;[0m &amp#27;[37m-->&amp#27;[39m &amp#27;[37mGET&amp#27;[39m &amp#27;[37m/session/fe0cd291-8f79-4212-8568-b4785b2dee12/element/00000000-0000-0032-ffff-ffff0000039c/text&amp#27;[39m
&amp#27;[38;5;0m[HTTP]&amp#27;[0m &amp#27;[90m{}&amp#27;[39m
&amp#27;[38;5;32m[AndroidUiautomator2Driver@b227 (fe0cd291)]&amp#27;[0m Driver proxy active, passing request on via HTTP proxy
[debug] &amp#27;[38;5;32m[AndroidUiautomator2Driver@b227 (fe0cd291)]&amp#27;[0m Matched '/session/fe0cd291-8f79-4212-8568-b4785b2dee12/element/00000000-0000-0032-ffff-ffff0000039c/text' to command name 'getText'
[debug] &amp#27;[38;5;32m[AndroidUiautomator2Driver@b227 (fe0cd291)]&amp#27;[0m Proxying [GET /session/fe0cd291-8f79-4212-8568-b4785b2dee12/element/00000000-0000-0032-ffff-ffff0000039c/text] to [GET http://127.0.0.1:8200/session/85989a46-cbdd-4bd4-a501-a859808a0843/element/00000000-0000-0032-ffff-ffff0000039c/text] with no body
[debug] &amp#27;[38;5;32m[AndroidUiautomator2Driver@b227 (fe0cd291)]&amp#27;[0m Got response with status 200: {"sessionId":"85989a46-cbdd-4bd4-a501-a859808a0843","value":"This domain is not supported on Quickteller. Kindly use another email address"}
&amp#27;[38;5;32m[AndroidUiautomator2Driver@b227 (fe0cd291)]&amp#27;[0m Replacing sessionId 85989a46-cbdd-4bd4-a501-a859808a0843 with fe0cd291-8f79-4212-8568-b4785b2dee12
&amp#27;[38;5;0m[HTTP]&amp#27;[0m &amp#27;[37m<-- GET /session/fe0cd291-8f79-4212-8568-b4785b2dee12/element/00000000-0000-0032-ffff-ffff0000039c/text &amp#27;[39m&amp#27;[32m200&amp#27;[39m &amp#27;[90m7 ms - 140&amp#27;[39m
&amp#27;[38;5;0m[HTTP]&amp#27;[0m &amp#27;[90m&amp#27;[39m
]]></system-out>
  </testcase>
  <testcase name="Testcase_One[omheightsy.com](19)" classname="testcases.Android.DisposableDomain_QTM_2874" time="8.483">
    <system-out><![CDATA[&amp#27;[38;5;0m[HTTP]&amp#27;[0m &amp#27;[37m-->&amp#27;[39m &amp#27;[37mPOST&amp#27;[39m &amp#27;[37m/session/fe0cd291-8f79-4212-8568-b4785b2dee12/element&amp#27;[39m
&amp#27;[38;5;0m[HTTP]&amp#27;[0m &amp#27;[90m{"using":"xpath","value":"//android.widget.TextView[@index=0]"}&amp#27;[39m
[debug] &amp#27;[38;5;32m[AndroidUiautomator2Driver@b227 (fe0cd291)]&amp#27;[0m Calling AppiumDriver.findElement() with args: ["xpath","//android.widget.TextView[@index=0]","fe0cd291-8f79-4212-8568-b4785b2dee12"]
[debug] &amp#27;[38;5;32m[AndroidUiautomator2Driver@b227 (fe0cd291)]&amp#27;[0m Valid locator strategies for this request: xpath, id, class name, accessibility id, css selector, -android uiautomator
[debug] &amp#27;[38;5;32m[AndroidUiautomator2Driver@b227 (fe0cd291)]&amp#27;[0m Waiting up to 10000 ms for condition
[debug] &amp#27;[38;5;32m[AndroidUiautomator2Driver@b227 (fe0cd291)]&amp#27;[0m Matched '/element' to command name 'findElement'
[debug] &amp#27;[38;5;32m[AndroidUiautomator2Driver@b227 (fe0cd291)]&amp#27;[0m Proxying [POST /element] to [POST http://127.0.0.1:8200/session/85989a46-cbdd-4bd4-a501-a859808a0843/element] with body: {"strategy":"xpath","selector":"//android.widget.TextView[@index=0]","context":"","multiple":false}
[debug] &amp#27;[38;5;32m[AndroidUiautomator2Driver@b227 (fe0cd291)]&amp#27;[0m Got response with status 200: {"sessionId":"85989a46-cbdd-4bd4-a501-a859808a0843","value":{"ELEMENT":"00000000-0000-0032-ffff-ffff00000390","element-6066-11e4-a52e-4f735466cecf":"00000000-0000-0032-ffff-ffff00000390"}}
[debug] &amp#27;[38;5;32m[AndroidUiautomator2Driver@b227 (fe0cd291)]&amp#27;[0m Responding to client with driver.findElement() result: {"element-6066-11e4-a52e-4f735466cecf":"00000000-0000-0032-ffff-ffff00000390","ELEMENT":"00000000-0000-0032-ffff-ffff00000390"}
&amp#27;[38;5;0m[HTTP]&amp#27;[0m &amp#27;[37m<-- POST /session/fe0cd291-8f79-4212-8568-b4785b2dee12/element &amp#27;[39m&amp#27;[32m200&amp#27;[39m &amp#27;[90m31 ms - 137&amp#27;[39m
&amp#27;[38;5;0m[HTTP]&amp#27;[0m &amp#27;[90m&amp#27;[39m
&amp#27;[38;5;0m[HTTP]&amp#27;[0m &amp#27;[37m-->&amp#27;[39m &amp#27;[37mPOST&amp#27;[39m &amp#27;[37m/session/fe0cd291-8f79-4212-8568-b4785b2dee12/element/00000000-0000-0032-ffff-ffff00000390/click&amp#27;[39m
&amp#27;[38;5;0m[HTTP]&amp#27;[0m &amp#27;[90m{"id":"00000000-0000-0032-ffff-ffff00000390"}&amp#27;[39m
[debug] &amp#27;[38;5;32m[AndroidUiautomator2Driver@b227 (fe0cd291)]&amp#27;[0m Calling AppiumDriver.click() with args: ["00000000-0000-0032-ffff-ffff00000390","fe0cd291-8f79-4212-8568-b4785b2dee12"]
[debug] &amp#27;[38;5;32m[AndroidUiautomator2Driver@b227 (fe0cd291)]&amp#27;[0m Matched '/element/00000000-0000-0032-ffff-ffff00000390/click' to command name 'click'
[debug] &amp#27;[38;5;32m[AndroidUiautomator2Driver@b227 (fe0cd291)]&amp#27;[0m Proxying [POST /element/00000000-0000-0032-ffff-ffff00000390/click] to [POST http://127.0.0.1:8200/session/85989a46-cbdd-4bd4-a501-a859808a0843/element/00000000-0000-0032-ffff-ffff00000390/click] with body: {"element":"00000000-0000-0032-ffff-ffff00000390"}
[debug] &amp#27;[38;5;32m[AndroidUiautomator2Driver@b227 (fe0cd291)]&amp#27;[0m Got response with status 200: {"sessionId":"85989a46-cbdd-4bd4-a501-a859808a0843","value":null}
[debug] &amp#27;[38;5;32m[AndroidUiautomator2Driver@b227 (fe0cd291)]&amp#27;[0m Responding to client with driver.click() result: null
&amp#27;[38;5;0m[HTTP]&amp#27;[0m &amp#27;[37m<-- POST /session/fe0cd291-8f79-4212-8568-b4785b2dee12/element/00000000-0000-0032-ffff-ffff00000390/click &amp#27;[39m&amp#27;[32m200&amp#27;[39m &amp#27;[90m66 ms - 14&amp#27;[39m
&amp#27;[38;5;0m[HTTP]&amp#27;[0m &amp#27;[90m&amp#27;[39m
&amp#27;[38;5;0m[HTTP]&amp#27;[0m &amp#27;[37m-->&amp#27;[39m &amp#27;[37mPOST&amp#27;[39m &amp#27;[37m/session/fe0cd291-8f79-4212-8568-b4785b2dee12/timeouts&amp#27;[39m
&amp#27;[38;5;0m[HTTP]&amp#27;[0m &amp#27;[90m{"implicit":6000}&amp#27;[39m
[debug] &amp#27;[38;5;32m[AndroidUiautomator2Driver@b227 (fe0cd291)]&amp#27;[0m Calling AppiumDriver.timeouts() with args: [null,null,null,null,6000,"fe0cd291-8f79-4212-8568-b4785b2dee12"]
[debug] &amp#27;[38;5;32m[AndroidUiautomator2Driver@b227 (fe0cd291)]&amp#27;[0m W3C timeout argument: {"implicit":6000}}
[debug] &amp#27;[38;5;32m[AndroidUiautomator2Driver@b227 (fe0cd291)]&amp#27;[0m Set implicit wait to 6000ms
[debug] &amp#27;[38;5;32m[AndroidUiautomator2Driver@b227 (fe0cd291)]&amp#27;[0m Responding to client with driver.timeouts() result: null
&amp#27;[38;5;0m[HTTP]&amp#27;[0m &amp#27;[37m<-- POST /session/fe0cd291-8f79-4212-8568-b4785b2dee12/timeouts &amp#27;[39m&amp#27;[32m200&amp#27;[39m &amp#27;[90m1 ms - 14&amp#27;[39m
&amp#27;[38;5;0m[HTTP]&amp#27;[0m &amp#27;[90m&amp#27;[39m
&amp#27;[38;5;0m[HTTP]&amp#27;[0m &amp#27;[37m-->&amp#27;[39m &amp#27;[37mPOST&amp#27;[39m &amp#27;[37m/session/fe0cd291-8f79-4212-8568-b4785b2dee12/element&amp#27;[39m
&amp#27;[38;5;0m[HTTP]&amp#27;[0m &amp#27;[90m{"using":"xpath","value":"//android.widget.Button[@text='Allow']"}&amp#27;[39m
[debug] &amp#27;[38;5;32m[AndroidUiautomator2Driver@b227 (fe0cd291)]&amp#27;[0m Calling AppiumDriver.findElement() with args: ["xpath","//android.widget.Button[@text='Allow']","fe0cd291-8f79-4212-8568-b4785b2dee12"]
[debug] &amp#27;[38;5;32m[AndroidUiautomator2Driver@b227 (fe0cd291)]&amp#27;[0m Valid locator strategies for this request: xpath, id, class name, accessibility id, css selector, -android uiautomator
[debug] &amp#27;[38;5;32m[AndroidUiautomator2Driver@b227 (fe0cd291)]&amp#27;[0m Waiting up to 6000 ms for condition
[debug] &amp#27;[38;5;32m[AndroidUiautomator2Driver@b227 (fe0cd291)]&amp#27;[0m Matched '/element' to command name 'findElement'
[debug] &amp#27;[38;5;32m[AndroidUiautomator2Driver@b227 (fe0cd291)]&amp#27;[0m Proxying [POST /element] to [POST http://127.0.0.1:8200/session/85989a46-cbdd-4bd4-a501-a859808a0843/element] with body: {"strategy":"xpath","selector":"//android.widget.Button[@text='Allow']","context":"","multiple":false}
&amp#27;[38;5;32m[AndroidUiautomator2Driver@b227 (fe0cd291)]&amp#27;[0m Got response with status 404: {"sessionId":"85989a46-cbdd-4bd4-a501-a859808a0843","value":{"error":"no such element","message":"An element could not be located on the page using the given search parameters","stacktrace":"io.appium.uiautomator2.common.exceptions.ElementNotFoundException: An element could not be located on the page using the given search parameters\n\tat io.appium.uiautomator2.utils.ElementLocationHelpers.findElement(ElementLocationHelpers.java:156)\n\tat io.appium.uiautomator2.handler.FindElement.safeHandle(FindElement.java:60)\n\tat io.appium.uiautomator2.handler.request.SafeRequestHandler.handle(SafeRequestHandler.java:59)\n\tat io.appium.uiautomator2.server.AppiumServlet.handleRequest(AppiumServlet.java:277)\n\tat io.appium.uiautomator2.server.AppiumServlet.handleHttpRequest(AppiumServlet.java:271)\n\tat io.appium.uiautomator2.http.ServerHandler.channelRead(ServerHandler.java:68)\n\tat io.netty.channel.AbstractChannelHandlerContext.invokeChannelRead(AbstractChannelHandlerContext.java:366)\n\tat io.netty.channel.Abstr...
[debug] &amp#27;[38;5;128m[W3C]&amp#27;[0m Matched W3C error code 'no such element' to NoSuchElementError
[debug] &amp#27;[38;5;32m[AndroidUiautomator2Driver@b227 (fe0cd291)]&amp#27;[0m Waited for 39 ms so far
[debug] &amp#27;[38;5;32m[AndroidUiautomator2Driver@b227 (fe0cd291)]&amp#27;[0m Matched '/element' to command name 'findElement'
[debug] &amp#27;[38;5;32m[AndroidUiautomator2Driver@b227 (fe0cd291)]&amp#27;[0m Proxying [POST /element] to [POST http://127.0.0.1:8200/session/85989a46-cbdd-4bd4-a501-a859808a0843/element] with body: {"strategy":"xpath","selector":"//android.widget.Button[@text='Allow']","context":"","multiple":false}
&amp#27;[38;5;32m[AndroidUiautomator2Driver@b227 (fe0cd291)]&amp#27;[0m Got response with status 404: {"sessionId":"85989a46-cbdd-4bd4-a501-a859808a0843","value":{"error":"no such element","message":"An element could not be located on the page using the given search parameters","stacktrace":"io.appium.uiautomator2.common.exceptions.ElementNotFoundException: An element could not be located on the page using the given search parameters\n\tat io.appium.uiautomator2.utils.ElementLocationHelpers.findElement(ElementLocationHelpers.java:156)\n\tat io.appium.uiautomator2.handler.FindElement.safeHandle(FindElement.java:60)\n\tat io.appium.uiautomator2.handler.request.SafeRequestHandler.handle(SafeRequestHandler.java:59)\n\tat io.appium.uiautomator2.server.AppiumServlet.handleRequest(AppiumServlet.java:277)\n\tat io.appium.uiautomator2.server.AppiumServlet.handleHttpRequest(AppiumServlet.java:271)\n\tat io.appium.uiautomator2.http.ServerHandler.channelRead(ServerHandler.java:68)\n\tat io.netty.channel.AbstractChannelHandlerContext.invokeChannelRead(AbstractChannelHandlerContext.java:366)\n\tat io.netty.channel.Abstr...
[debug] &amp#27;[38;5;128m[W3C]&amp#27;[0m Matched W3C error code 'no such element' to NoSuchElementError
[debug] &amp#27;[38;5;32m[AndroidUiautomator2Driver@b227 (fe0cd291)]&amp#27;[0m Waited for 1025 ms so far
[debug] &amp#27;[38;5;32m[AndroidUiautomator2Driver@b227 (fe0cd291)]&amp#27;[0m Matched '/element' to command name 'findElement'
[debug] &amp#27;[38;5;32m[AndroidUiautomator2Driver@b227 (fe0cd291)]&amp#27;[0m Proxying [POST /element] to [POST http://127.0.0.1:8200/session/85989a46-cbdd-4bd4-a501-a859808a0843/element] with body: {"strategy":"xpath","selector":"//android.widget.Button[@text='Allow']","context":"","multiple":false}
&amp#27;[38;5;32m[AndroidUiautomator2Driver@b227 (fe0cd291)]&amp#27;[0m Got response with status 404: {"sessionId":"85989a46-cbdd-4bd4-a501-a859808a0843","value":{"error":"no such element","message":"An element could not be located on the page using the given search parameters","stacktrace":"io.appium.uiautomator2.common.exceptions.ElementNotFoundException: An element could not be located on the page using the given search parameters\n\tat io.appium.uiautomator2.utils.ElementLocationHelpers.findElement(ElementLocationHelpers.java:156)\n\tat io.appium.uiautomator2.handler.FindElement.safeHandle(FindElement.java:60)\n\tat io.appium.uiautomator2.handler.request.SafeRequestHandler.handle(SafeRequestHandler.java:59)\n\tat io.appium.uiautomator2.server.AppiumServlet.handleRequest(AppiumServlet.java:277)\n\tat io.appium.uiautomator2.server.AppiumServlet.handleHttpRequest(AppiumServlet.java:271)\n\tat io.appium.uiautomator2.http.ServerHandler.channelRead(ServerHandler.java:68)\n\tat io.netty.channel.AbstractChannelHandlerContext.invokeChannelRead(AbstractChannelHandlerContext.java:366)\n\tat io.netty.channel.Abstr...
[debug] &amp#27;[38;5;128m[W3C]&amp#27;[0m Matched W3C error code 'no such element' to NoSuchElementError
[debug] &amp#27;[38;5;32m[AndroidUiautomator2Driver@b227 (fe0cd291)]&amp#27;[0m Waited for 1552 ms so far
[debug] &amp#27;[38;5;32m[AndroidUiautomator2Driver@b227 (fe0cd291)]&amp#27;[0m Matched '/element' to command name 'findElement'
[debug] &amp#27;[38;5;32m[AndroidUiautomator2Driver@b227 (fe0cd291)]&amp#27;[0m Proxying [POST /element] to [POST http://127.0.0.1:8200/session/85989a46-cbdd-4bd4-a501-a859808a0843/element] with body: {"strategy":"xpath","selector":"//android.widget.Button[@text='Allow']","context":"","multiple":false}
&amp#27;[38;5;32m[AndroidUiautomator2Driver@b227 (fe0cd291)]&amp#27;[0m Got response with status 404: {"sessionId":"85989a46-cbdd-4bd4-a501-a859808a0843","value":{"error":"no such element","message":"An element could not be located on the page using the given search parameters","stacktrace":"io.appium.uiautomator2.common.exceptions.ElementNotFoundException: An element could not be located on the page using the given search parameters\n\tat io.appium.uiautomator2.utils.ElementLocationHelpers.findElement(ElementLocationHelpers.java:156)\n\tat io.appium.uiautomator2.handler.FindElement.safeHandle(FindElement.java:60)\n\tat io.appium.uiautomator2.handler.request.SafeRequestHandler.handle(SafeRequestHandler.java:59)\n\tat io.appium.uiautomator2.server.AppiumServlet.handleRequest(AppiumServlet.java:277)\n\tat io.appium.uiautomator2.server.AppiumServlet.handleHttpRequest(AppiumServlet.java:271)\n\tat io.appium.uiautomator2.http.ServerHandler.channelRead(ServerHandler.java:68)\n\tat io.netty.channel.AbstractChannelHandlerContext.invokeChannelRead(AbstractChannelHandlerContext.java:366)\n\tat io.netty.channel.Abstr...
[debug] &amp#27;[38;5;128m[W3C]&amp#27;[0m Matched W3C error code 'no such element' to NoSuchElementError
[debug] &amp#27;[38;5;32m[AndroidUiautomator2Driver@b227 (fe0cd291)]&amp#27;[0m Waited for 2084 ms so far
[debug] &amp#27;[38;5;32m[AndroidUiautomator2Driver@b227 (fe0cd291)]&amp#27;[0m Matched '/element' to command name 'findElement'
[debug] &amp#27;[38;5;32m[AndroidUiautomator2Driver@b227 (fe0cd291)]&amp#27;[0m Proxying [POST /element] to [POST http://127.0.0.1:8200/session/85989a46-cbdd-4bd4-a501-a859808a0843/element] with body: {"strategy":"xpath","selector":"//android.widget.Button[@text='Allow']","context":"","multiple":false}
&amp#27;[38;5;32m[AndroidUiautomator2Driver@b227 (fe0cd291)]&amp#27;[0m Got response with status 404: {"sessionId":"85989a46-cbdd-4bd4-a501-a859808a0843","value":{"error":"no such element","message":"An element could not be located on the page using the given search parameters","stacktrace":"io.appium.uiautomator2.common.exceptions.ElementNotFoundException: An element could not be located on the page using the given search parameters\n\tat io.appium.uiautomator2.utils.ElementLocationHelpers.findElement(ElementLocationHelpers.java:156)\n\tat io.appium.uiautomator2.handler.FindElement.safeHandle(FindElement.java:60)\n\tat io.appium.uiautomator2.handler.request.SafeRequestHandler.handle(SafeRequestHandler.java:59)\n\tat io.appium.uiautomator2.server.AppiumServlet.handleRequest(AppiumServlet.java:277)\n\tat io.appium.uiautomator2.server.AppiumServlet.handleHttpRequest(AppiumServlet.java:271)\n\tat io.appium.uiautomator2.http.ServerHandler.channelRead(ServerHandler.java:68)\n\tat io.netty.channel.AbstractChannelHandlerContext.invokeChannelRead(AbstractChannelHandlerContext.java:366)\n\tat io.netty.channel.Abstr...
[debug] &amp#27;[38;5;128m[W3C]&amp#27;[0m Matched W3C error code 'no such element' to NoSuchElementError
[debug] &amp#27;[38;5;32m[AndroidUiautomator2Driver@b227 (fe0cd291)]&amp#27;[0m Waited for 2617 ms so far
[debug] &amp#27;[38;5;32m[AndroidUiautomator2Driver@b227 (fe0cd291)]&amp#27;[0m Matched '/element' to command name 'findElement'
[debug] &amp#27;[38;5;32m[AndroidUiautomator2Driver@b227 (fe0cd291)]&amp#27;[0m Proxying [POST /element] to [POST http://127.0.0.1:8200/session/85989a46-cbdd-4bd4-a501-a859808a0843/element] with body: {"strategy":"xpath","selector":"//android.widget.Button[@text='Allow']","context":"","multiple":false}
&amp#27;[38;5;32m[AndroidUiautomator2Driver@b227 (fe0cd291)]&amp#27;[0m Got response with status 404: {"sessionId":"85989a46-cbdd-4bd4-a501-a859808a0843","value":{"error":"no such element","message":"An element could not be located on the page using the given search parameters","stacktrace":"io.appium.uiautomator2.common.exceptions.ElementNotFoundException: An element could not be located on the page using the given search parameters\n\tat io.appium.uiautomator2.utils.ElementLocationHelpers.findElement(ElementLocationHelpers.java:156)\n\tat io.appium.uiautomator2.handler.FindElement.safeHandle(FindElement.java:60)\n\tat io.appium.uiautomator2.handler.request.SafeRequestHandler.handle(SafeRequestHandler.java:59)\n\tat io.appium.uiautomator2.server.AppiumServlet.handleRequest(AppiumServlet.java:277)\n\tat io.appium.uiautomator2.server.AppiumServlet.handleHttpRequest(AppiumServlet.java:271)\n\tat io.appium.uiautomator2.http.ServerHandler.channelRead(ServerHandler.java:68)\n\tat io.netty.channel.AbstractChannelHandlerContext.invokeChannelRead(AbstractChannelHandlerContext.java:366)\n\tat io.netty.channel.Abstr...
[debug] &amp#27;[38;5;128m[W3C]&amp#27;[0m Matched W3C error code 'no such element' to NoSuchElementError
[debug] &amp#27;[38;5;32m[AndroidUiautomator2Driver@b227 (fe0cd291)]&amp#27;[0m Waited for 3139 ms so far
[debug] &amp#27;[38;5;32m[AndroidUiautomator2Driver@b227 (fe0cd291)]&amp#27;[0m Matched '/element' to command name 'findElement'
[debug] &amp#27;[38;5;32m[AndroidUiautomator2Driver@b227 (fe0cd291)]&amp#27;[0m Proxying [POST /element] to [POST http://127.0.0.1:8200/session/85989a46-cbdd-4bd4-a501-a859808a0843/element] with body: {"strategy":"xpath","selector":"//android.widget.Button[@text='Allow']","context":"","multiple":false}
&amp#27;[38;5;32m[AndroidUiautomator2Driver@b227 (fe0cd291)]&amp#27;[0m Got response with status 404: {"sessionId":"85989a46-cbdd-4bd4-a501-a859808a0843","value":{"error":"no such element","message":"An element could not be located on the page using the given search parameters","stacktrace":"io.appium.uiautomator2.common.exceptions.ElementNotFoundException: An element could not be located on the page using the given search parameters\n\tat io.appium.uiautomator2.utils.ElementLocationHelpers.findElement(ElementLocationHelpers.java:156)\n\tat io.appium.uiautomator2.handler.FindElement.safeHandle(FindElement.java:60)\n\tat io.appium.uiautomator2.handler.request.SafeRequestHandler.handle(SafeRequestHandler.java:59)\n\tat io.appium.uiautomator2.server.AppiumServlet.handleRequest(AppiumServlet.java:277)\n\tat io.appium.uiautomator2.server.AppiumServlet.handleHttpRequest(AppiumServlet.java:271)\n\tat io.appium.uiautomator2.http.ServerHandler.channelRead(ServerHandler.java:68)\n\tat io.netty.channel.AbstractChannelHandlerContext.invokeChannelRead(AbstractChannelHandlerContext.java:366)\n\tat io.netty.channel.Abstr...
[debug] &amp#27;[38;5;128m[W3C]&amp#27;[0m Matched W3C error code 'no such element' to NoSuchElementError
[debug] &amp#27;[38;5;32m[AndroidUiautomator2Driver@b227 (fe0cd291)]&amp#27;[0m Waited for 3670 ms so far
[debug] &amp#27;[38;5;32m[AndroidUiautomator2Driver@b227 (fe0cd291)]&amp#27;[0m Matched '/element' to command name 'findElement'
[debug] &amp#27;[38;5;32m[AndroidUiautomator2Driver@b227 (fe0cd291)]&amp#27;[0m Proxying [POST /element] to [POST http://127.0.0.1:8200/session/85989a46-cbdd-4bd4-a501-a859808a0843/element] with body: {"strategy":"xpath","selector":"//android.widget.Button[@text='Allow']","context":"","multiple":false}
&amp#27;[38;5;32m[AndroidUiautomator2Driver@b227 (fe0cd291)]&amp#27;[0m Got response with status 404: {"sessionId":"85989a46-cbdd-4bd4-a501-a859808a0843","value":{"error":"no such element","message":"An element could not be located on the page using the given search parameters","stacktrace":"io.appium.uiautomator2.common.exceptions.ElementNotFoundException: An element could not be located on the page using the given search parameters\n\tat io.appium.uiautomator2.utils.ElementLocationHelpers.findElement(ElementLocationHelpers.java:156)\n\tat io.appium.uiautomator2.handler.FindElement.safeHandle(FindElement.java:60)\n\tat io.appium.uiautomator2.handler.request.SafeRequestHandler.handle(SafeRequestHandler.java:59)\n\tat io.appium.uiautomator2.server.AppiumServlet.handleRequest(AppiumServlet.java:277)\n\tat io.appium.uiautomator2.server.AppiumServlet.handleHttpRequest(AppiumServlet.java:271)\n\tat io.appium.uiautomator2.http.ServerHandler.channelRead(ServerHandler.java:68)\n\tat io.netty.channel.AbstractChannelHandlerContext.invokeChannelRead(AbstractChannelHandlerContext.java:366)\n\tat io.netty.channel.Abstr...
[debug] &amp#27;[38;5;128m[W3C]&amp#27;[0m Matched W3C error code 'no such element' to NoSuchElementError
[debug] &amp#27;[38;5;32m[AndroidUiautomator2Driver@b227 (fe0cd291)]&amp#27;[0m Waited for 4496 ms so far
[debug] &amp#27;[38;5;32m[AndroidUiautomator2Driver@b227 (fe0cd291)]&amp#27;[0m Matched '/element' to command name 'findElement'
[debug] &amp#27;[38;5;32m[AndroidUiautomator2Driver@b227 (fe0cd291)]&amp#27;[0m Proxying [POST /element] to [POST http://127.0.0.1:8200/session/85989a46-cbdd-4bd4-a501-a859808a0843/element] with body: {"strategy":"xpath","selector":"//android.widget.Button[@text='Allow']","context":"","multiple":false}
&amp#27;[38;5;32m[AndroidUiautomator2Driver@b227 (fe0cd291)]&amp#27;[0m Got response with status 404: {"sessionId":"85989a46-cbdd-4bd4-a501-a859808a0843","value":{"error":"no such element","message":"An element could not be located on the page using the given search parameters","stacktrace":"io.appium.uiautomator2.common.exceptions.ElementNotFoundException: An element could not be located on the page using the given search parameters\n\tat io.appium.uiautomator2.utils.ElementLocationHelpers.findElement(ElementLocationHelpers.java:156)\n\tat io.appium.uiautomator2.handler.FindElement.safeHandle(FindElement.java:60)\n\tat io.appium.uiautomator2.handler.request.SafeRequestHandler.handle(SafeRequestHandler.java:59)\n\tat io.appium.uiautomator2.server.AppiumServlet.handleRequest(AppiumServlet.java:277)\n\tat io.appium.uiautomator2.server.AppiumServlet.handleHttpRequest(AppiumServlet.java:271)\n\tat io.appium.uiautomator2.http.ServerHandler.channelRead(ServerHandler.java:68)\n\tat io.netty.channel.AbstractChannelHandlerContext.invokeChannelRead(AbstractChannelHandlerContext.java:366)\n\tat io.netty.channel.Abstr...
[debug] &amp#27;[38;5;128m[W3C]&amp#27;[0m Matched W3C error code 'no such element' to NoSuchElementError
[debug] &amp#27;[38;5;32m[AndroidUiautomator2Driver@b227 (fe0cd291)]&amp#27;[0m Waited for 5027 ms so far
[debug] &amp#27;[38;5;32m[AndroidUiautomator2Driver@b227 (fe0cd291)]&amp#27;[0m Matched '/element' to command name 'findElement'
[debug] &amp#27;[38;5;32m[AndroidUiautomator2Driver@b227 (fe0cd291)]&amp#27;[0m Proxying [POST /element] to [POST http://127.0.0.1:8200/session/85989a46-cbdd-4bd4-a501-a859808a0843/element] with body: {"strategy":"xpath","selector":"//android.widget.Button[@text='Allow']","context":"","multiple":false}
&amp#27;[38;5;32m[AndroidUiautomator2Driver@b227 (fe0cd291)]&amp#27;[0m Got response with status 404: {"sessionId":"85989a46-cbdd-4bd4-a501-a859808a0843","value":{"error":"no such element","message":"An element could not be located on the page using the given search parameters","stacktrace":"io.appium.uiautomator2.common.exceptions.ElementNotFoundException: An element could not be located on the page using the given search parameters\n\tat io.appium.uiautomator2.utils.ElementLocationHelpers.findElement(ElementLocationHelpers.java:156)\n\tat io.appium.uiautomator2.handler.FindElement.safeHandle(FindElement.java:60)\n\tat io.appium.uiautomator2.handler.request.SafeRequestHandler.handle(SafeRequestHandler.java:59)\n\tat io.appium.uiautomator2.server.AppiumServlet.handleRequest(AppiumServlet.java:277)\n\tat io.appium.uiautomator2.server.AppiumServlet.handleHttpRequest(AppiumServlet.java:271)\n\tat io.appium.uiautomator2.http.ServerHandler.channelRead(ServerHandler.java:68)\n\tat io.netty.channel.AbstractChannelHandlerContext.invokeChannelRead(AbstractChannelHandlerContext.java:366)\n\tat io.netty.channel.Abstr...
[debug] &amp#27;[38;5;128m[W3C]&amp#27;[0m Matched W3C error code 'no such element' to NoSuchElementError
[debug] &amp#27;[38;5;32m[AndroidUiautomator2Driver@b227 (fe0cd291)]&amp#27;[0m Waited for 5554 ms so far
[debug] &amp#27;[38;5;32m[AndroidUiautomator2Driver@b227 (fe0cd291)]&amp#27;[0m Matched '/element' to command name 'findElement'
[debug] &amp#27;[38;5;32m[AndroidUiautomator2Driver@b227 (fe0cd291)]&amp#27;[0m Proxying [POST /element] to [POST http://127.0.0.1:8200/session/85989a46-cbdd-4bd4-a501-a859808a0843/element] with body: {"strategy":"xpath","selector":"//android.widget.Button[@text='Allow']","context":"","multiple":false}
&amp#27;[38;5;32m[AndroidUiautomator2Driver@b227 (fe0cd291)]&amp#27;[0m Got response with status 404: {"sessionId":"85989a46-cbdd-4bd4-a501-a859808a0843","value":{"error":"no such element","message":"An element could not be located on the page using the given search parameters","stacktrace":"io.appium.uiautomator2.common.exceptions.ElementNotFoundException: An element could not be located on the page using the given search parameters\n\tat io.appium.uiautomator2.utils.ElementLocationHelpers.findElement(ElementLocationHelpers.java:156)\n\tat io.appium.uiautomator2.handler.FindElement.safeHandle(FindElement.java:60)\n\tat io.appium.uiautomator2.handler.request.SafeRequestHandler.handle(SafeRequestHandler.java:59)\n\tat io.appium.uiautomator2.server.AppiumServlet.handleRequest(AppiumServlet.java:277)\n\tat io.appium.uiautomator2.server.AppiumServlet.handleHttpRequest(AppiumServlet.java:271)\n\tat io.appium.uiautomator2.http.ServerHandler.channelRead(ServerHandler.java:68)\n\tat io.netty.channel.AbstractChannelHandlerContext.invokeChannelRead(AbstractChannelHandlerContext.java:366)\n\tat io.netty.channel.Abstr...
[debug] &amp#27;[38;5;128m[W3C]&amp#27;[0m Matched W3C error code 'no such element' to NoSuchElementError
[debug] &amp#27;[38;5;32m[AndroidUiautomator2Driver@b227 (fe0cd291)]&amp#27;[0m Encountered internal error running command: NoSuchElementError: An element could not be located on the page using the given search parameters.
[debug] &amp#27;[38;5;32m[AndroidUiautomator2Driver@b227 (fe0cd291)]&amp#27;[0m     at AndroidUiautomator2Driver.findElOrEls (C:\Users\daniel.ogagavworia\.appium\node_modules\appium-uiautomator2-driver\node_modules\appium-android-driver\lib\commands\find.js:75:11)
[debug] &amp#27;[38;5;32m[AndroidUiautomator2Driver@b227 (fe0cd291)]&amp#27;[0m     at processTicksAndRejections (node:internal/process/task_queues:95:5)
[debug] &amp#27;[38;5;32m[AndroidUiautomator2Driver@b227 (fe0cd291)]&amp#27;[0m     at AndroidUiautomator2Driver.findElOrElsWithProcessing (C:\Users\daniel.ogagavworia\AppData\Roaming\npm\node_modules\appium\node_modules\@appium\base-driver\lib\basedriver\commands\find.ts:60:12)
[debug] &amp#27;[38;5;32m[AndroidUiautomator2Driver@b227 (fe0cd291)]&amp#27;[0m     at AndroidUiautomator2Driver.findElement (C:\Users\daniel.ogagavworia\AppData\Roaming\npm\node_modules\appium\node_modules\@appium\base-driver\lib\basedriver\commands\find.ts:75:12)
&amp#27;[38;5;0m[HTTP]&amp#27;[0m &amp#27;[37m<-- POST /session/fe0cd291-8f79-4212-8568-b4785b2dee12/element &amp#27;[39m&amp#27;[33m404&amp#27;[39m &amp#27;[90m6029 ms - 929&amp#27;[39m
&amp#27;[38;5;0m[HTTP]&amp#27;[0m &amp#27;[90m&amp#27;[39m
&amp#27;[38;5;0m[HTTP]&amp#27;[0m &amp#27;[37m-->&amp#27;[39m &amp#27;[37mPOST&amp#27;[39m &amp#27;[37m/session/fe0cd291-8f79-4212-8568-b4785b2dee12/element&amp#27;[39m
&amp#27;[38;5;0m[HTTP]&amp#27;[0m &amp#27;[90m{"using":"xpath","value":"//android.widget.TextView[@text='REGISTER']"}&amp#27;[39m
[debug] &amp#27;[38;5;32m[AndroidUiautomator2Driver@b227 (fe0cd291)]&amp#27;[0m Calling AppiumDriver.findElement() with args: ["xpath","//android.widget.TextView[@text='REGISTER']","fe0cd291-8f79-4212-8568-b4785b2dee12"]
[debug] &amp#27;[38;5;32m[AndroidUiautomator2Driver@b227 (fe0cd291)]&amp#27;[0m Valid locator strategies for this request: xpath, id, class name, accessibility id, css selector, -android uiautomator
[debug] &amp#27;[38;5;32m[AndroidUiautomator2Driver@b227 (fe0cd291)]&amp#27;[0m Waiting up to 6000 ms for condition
[debug] &amp#27;[38;5;32m[AndroidUiautomator2Driver@b227 (fe0cd291)]&amp#27;[0m Matched '/element' to command name 'findElement'
[debug] &amp#27;[38;5;32m[AndroidUiautomator2Driver@b227 (fe0cd291)]&amp#27;[0m Proxying [POST /element] to [POST http://127.0.0.1:8200/session/85989a46-cbdd-4bd4-a501-a859808a0843/element] with body: {"strategy":"xpath","selector":"//android.widget.TextView[@text='REGISTER']","context":"","multiple":false}
[debug] &amp#27;[38;5;32m[AndroidUiautomator2Driver@b227 (fe0cd291)]&amp#27;[0m Got response with status 200: {"sessionId":"85989a46-cbdd-4bd4-a501-a859808a0843","value":{"ELEMENT":"00000000-0000-0032-ffff-ffff0000002e","element-6066-11e4-a52e-4f735466cecf":"00000000-0000-0032-ffff-ffff0000002e"}}
[debug] &amp#27;[38;5;32m[AndroidUiautomator2Driver@b227 (fe0cd291)]&amp#27;[0m Responding to client with driver.findElement() result: {"element-6066-11e4-a52e-4f735466cecf":"00000000-0000-0032-ffff-ffff0000002e","ELEMENT":"00000000-0000-0032-ffff-ffff0000002e"}
&amp#27;[38;5;0m[HTTP]&amp#27;[0m &amp#27;[37m<-- POST /session/fe0cd291-8f79-4212-8568-b4785b2dee12/element &amp#27;[39m&amp#27;[32m200&amp#27;[39m &amp#27;[90m14 ms - 137&amp#27;[39m
&amp#27;[38;5;0m[HTTP]&amp#27;[0m &amp#27;[90m&amp#27;[39m
&amp#27;[38;5;0m[HTTP]&amp#27;[0m &amp#27;[37m-->&amp#27;[39m &amp#27;[37mPOST&amp#27;[39m &amp#27;[37m/session/fe0cd291-8f79-4212-8568-b4785b2dee12/element/00000000-0000-0032-ffff-ffff0000002e/click&amp#27;[39m
&amp#27;[38;5;0m[HTTP]&amp#27;[0m &amp#27;[90m{"id":"00000000-0000-0032-ffff-ffff0000002e"}&amp#27;[39m
[debug] &amp#27;[38;5;32m[AndroidUiautomator2Driver@b227 (fe0cd291)]&amp#27;[0m Calling AppiumDriver.click() with args: ["00000000-0000-0032-ffff-ffff0000002e","fe0cd291-8f79-4212-8568-b4785b2dee12"]
[debug] &amp#27;[38;5;32m[AndroidUiautomator2Driver@b227 (fe0cd291)]&amp#27;[0m Matched '/element/00000000-0000-0032-ffff-ffff0000002e/click' to command name 'click'
[debug] &amp#27;[38;5;32m[AndroidUiautomator2Driver@b227 (fe0cd291)]&amp#27;[0m Proxying [POST /element/00000000-0000-0032-ffff-ffff0000002e/click] to [POST http://127.0.0.1:8200/session/85989a46-cbdd-4bd4-a501-a859808a0843/element/00000000-0000-0032-ffff-ffff0000002e/click] with body: {"element":"00000000-0000-0032-ffff-ffff0000002e"}
[debug] &amp#27;[38;5;32m[AndroidUiautomator2Driver@b227 (fe0cd291)]&amp#27;[0m Got response with status 200: {"sessionId":"85989a46-cbdd-4bd4-a501-a859808a0843","value":null}
[debug] &amp#27;[38;5;32m[AndroidUiautomator2Driver@b227 (fe0cd291)]&amp#27;[0m Responding to client with driver.click() result: null
&amp#27;[38;5;0m[HTTP]&amp#27;[0m &amp#27;[37m<-- POST /session/fe0cd291-8f79-4212-8568-b4785b2dee12/element/00000000-0000-0032-ffff-ffff0000002e/click &amp#27;[39m&amp#27;[32m200&amp#27;[39m &amp#27;[90m59 ms - 14&amp#27;[39m
&amp#27;[38;5;0m[HTTP]&amp#27;[0m &amp#27;[90m&amp#27;[39m
&amp#27;[38;5;0m[HTTP]&amp#27;[0m &amp#27;[37m-->&amp#27;[39m &amp#27;[37mPOST&amp#27;[39m &amp#27;[37m/session/fe0cd291-8f79-4212-8568-b4785b2dee12/timeouts&amp#27;[39m
&amp#27;[38;5;0m[HTTP]&amp#27;[0m &amp#27;[90m{"implicit":10000}&amp#27;[39m
[debug] &amp#27;[38;5;32m[AndroidUiautomator2Driver@b227 (fe0cd291)]&amp#27;[0m Calling AppiumDriver.timeouts() with args: [null,null,null,null,10000,"fe0cd291-8f79-4212-8568-b4785b2dee12"]
[debug] &amp#27;[38;5;32m[AndroidUiautomator2Driver@b227 (fe0cd291)]&amp#27;[0m W3C timeout argument: {"implicit":10000}}
[debug] &amp#27;[38;5;32m[AndroidUiautomator2Driver@b227 (fe0cd291)]&amp#27;[0m Set implicit wait to 10000ms
[debug] &amp#27;[38;5;32m[AndroidUiautomator2Driver@b227 (fe0cd291)]&amp#27;[0m Responding to client with driver.timeouts() result: null
&amp#27;[38;5;0m[HTTP]&amp#27;[0m &amp#27;[37m<-- POST /session/fe0cd291-8f79-4212-8568-b4785b2dee12/timeouts &amp#27;[39m&amp#27;[32m200&amp#27;[39m &amp#27;[90m1 ms - 14&amp#27;[39m
&amp#27;[38;5;0m[HTTP]&amp#27;[0m &amp#27;[90m&amp#27;[39m
&amp#27;[38;5;0m[HTTP]&amp#27;[0m &amp#27;[37m-->&amp#27;[39m &amp#27;[37mPOST&amp#27;[39m &amp#27;[37m/session/fe0cd291-8f79-4212-8568-b4785b2dee12/element&amp#27;[39m
&amp#27;[38;5;0m[HTTP]&amp#27;[0m &amp#27;[90m{"using":"xpath","value":"//android.widget.EditText[@index=3]"}&amp#27;[39m
[debug] &amp#27;[38;5;32m[AndroidUiautomator2Driver@b227 (fe0cd291)]&amp#27;[0m Calling AppiumDriver.findElement() with args: ["xpath","//android.widget.EditText[@index=3]","fe0cd291-8f79-4212-8568-b4785b2dee12"]
[debug] &amp#27;[38;5;32m[AndroidUiautomator2Driver@b227 (fe0cd291)]&amp#27;[0m Valid locator strategies for this request: xpath, id, class name, accessibility id, css selector, -android uiautomator
[debug] &amp#27;[38;5;32m[AndroidUiautomator2Driver@b227 (fe0cd291)]&amp#27;[0m Waiting up to 10000 ms for condition
[debug] &amp#27;[38;5;32m[AndroidUiautomator2Driver@b227 (fe0cd291)]&amp#27;[0m Matched '/element' to command name 'findElement'
[debug] &amp#27;[38;5;32m[AndroidUiautomator2Driver@b227 (fe0cd291)]&amp#27;[0m Proxying [POST /element] to [POST http://127.0.0.1:8200/session/85989a46-cbdd-4bd4-a501-a859808a0843/element] with body: {"strategy":"xpath","selector":"//android.widget.EditText[@index=3]","context":"","multiple":false}
&amp#27;[38;5;32m[AndroidUiautomator2Driver@b227 (fe0cd291)]&amp#27;[0m Got response with status 404: {"sessionId":"85989a46-cbdd-4bd4-a501-a859808a0843","value":{"error":"no such element","message":"An element could not be located on the page using the given search parameters","stacktrace":"io.appium.uiautomator2.common.exceptions.ElementNotFoundException: An element could not be located on the page using the given search parameters\n\tat io.appium.uiautomator2.utils.ElementLocationHelpers.findElement(ElementLocationHelpers.java:156)\n\tat io.appium.uiautomator2.handler.FindElement.safeHandle(FindElement.java:60)\n\tat io.appium.uiautomator2.handler.request.SafeRequestHandler.handle(SafeRequestHandler.java:59)\n\tat io.appium.uiautomator2.server.AppiumServlet.handleRequest(AppiumServlet.java:277)\n\tat io.appium.uiautomator2.server.AppiumServlet.handleHttpRequest(AppiumServlet.java:271)\n\tat io.appium.uiautomator2.http.ServerHandler.channelRead(ServerHandler.java:68)\n\tat io.netty.channel.AbstractChannelHandlerContext.invokeChannelRead(AbstractChannelHandlerContext.java:366)\n\tat io.netty.channel.Abstr...
[debug] &amp#27;[38;5;128m[W3C]&amp#27;[0m Matched W3C error code 'no such element' to NoSuchElementError
[debug] &amp#27;[38;5;32m[AndroidUiautomator2Driver@b227 (fe0cd291)]&amp#27;[0m Waited for 21 ms so far
[debug] &amp#27;[38;5;32m[AndroidUiautomator2Driver@b227 (fe0cd291)]&amp#27;[0m Matched '/element' to command name 'findElement'
[debug] &amp#27;[38;5;32m[AndroidUiautomator2Driver@b227 (fe0cd291)]&amp#27;[0m Proxying [POST /element] to [POST http://127.0.0.1:8200/session/85989a46-cbdd-4bd4-a501-a859808a0843/element] with body: {"strategy":"xpath","selector":"//android.widget.EditText[@index=3]","context":"","multiple":false}
[debug] &amp#27;[38;5;32m[AndroidUiautomator2Driver@b227 (fe0cd291)]&amp#27;[0m Got response with status 200: {"sessionId":"85989a46-cbdd-4bd4-a501-a859808a0843","value":{"ELEMENT":"00000000-0000-0032-ffff-ffff000003ca","element-6066-11e4-a52e-4f735466cecf":"00000000-0000-0032-ffff-ffff000003ca"}}
[debug] &amp#27;[38;5;32m[AndroidUiautomator2Driver@b227 (fe0cd291)]&amp#27;[0m Responding to client with driver.findElement() result: {"element-6066-11e4-a52e-4f735466cecf":"00000000-0000-0032-ffff-ffff000003ca","ELEMENT":"00000000-0000-0032-ffff-ffff000003ca"}
&amp#27;[38;5;0m[HTTP]&amp#27;[0m &amp#27;[37m<-- POST /session/fe0cd291-8f79-4212-8568-b4785b2dee12/element &amp#27;[39m&amp#27;[32m200&amp#27;[39m &amp#27;[90m1075 ms - 137&amp#27;[39m
&amp#27;[38;5;0m[HTTP]&amp#27;[0m &amp#27;[90m&amp#27;[39m
&amp#27;[38;5;0m[HTTP]&amp#27;[0m &amp#27;[37m-->&amp#27;[39m &amp#27;[37mPOST&amp#27;[39m &amp#27;[37m/session/fe0cd291-8f79-4212-8568-b4785b2dee12/element/00000000-0000-0032-ffff-ffff000003ca/value&amp#27;[39m
&amp#27;[38;5;0m[HTTP]&amp#27;[0m &amp#27;[90m{"id":"00000000-0000-0032-ffff-ffff000003ca","text":"Daniel Ogaga","value":["D","a","n","i","e","l"," ","O","g","a","g","a"]}&amp#27;[39m
[debug] &amp#27;[38;5;32m[AndroidUiautomator2Driver@b227 (fe0cd291)]&amp#27;[0m Calling AppiumDriver.setValue() with args: [["D","a","n","i","e","l"," ","O","g","a","g","a"],"00000000-0000-0032-ffff-ffff000003ca","fe0cd291-8f79-4212-8568-b4785b2dee12"]
[debug] &amp#27;[38;5;32m[AndroidUiautomator2Driver@b227 (fe0cd291)]&amp#27;[0m Matched '/element/00000000-0000-0032-ffff-ffff000003ca/value' to command name 'setValue'
[debug] &amp#27;[38;5;32m[AndroidUiautomator2Driver@b227 (fe0cd291)]&amp#27;[0m Added 'value' property ["D","a","n","i","e","l"," ","O","g","a","g","a"] to 'setValue' request body
[debug] &amp#27;[38;5;32m[AndroidUiautomator2Driver@b227 (fe0cd291)]&amp#27;[0m Proxying [POST /element/00000000-0000-0032-ffff-ffff000003ca/value] to [POST http://127.0.0.1:8200/session/85989a46-cbdd-4bd4-a501-a859808a0843/element/00000000-0000-0032-ffff-ffff000003ca/value] with body: {"elementId":"00000000-0000-0032-ffff-ffff000003ca","text":"Daniel Ogaga","replace":false,"value":["D","a","n","i","e","l"," ","O","g","a","g","a"]}
[debug] &amp#27;[38;5;32m[AndroidUiautomator2Driver@b227 (fe0cd291)]&amp#27;[0m Got response with status 200: {"sessionId":"85989a46-cbdd-4bd4-a501-a859808a0843","value":null}
[debug] &amp#27;[38;5;32m[AndroidUiautomator2Driver@b227 (fe0cd291)]&amp#27;[0m Responding to client with driver.setValue() result: null
&amp#27;[38;5;0m[HTTP]&amp#27;[0m &amp#27;[37m<-- POST /session/fe0cd291-8f79-4212-8568-b4785b2dee12/element/00000000-0000-0032-ffff-ffff000003ca/value &amp#27;[39m&amp#27;[32m200&amp#27;[39m &amp#27;[90m41 ms - 14&amp#27;[39m
&amp#27;[38;5;0m[HTTP]&amp#27;[0m &amp#27;[90m&amp#27;[39m
&amp#27;[38;5;0m[HTTP]&amp#27;[0m &amp#27;[37m-->&amp#27;[39m &amp#27;[37mPOST&amp#27;[39m &amp#27;[37m/session/fe0cd291-8f79-4212-8568-b4785b2dee12/element&amp#27;[39m
&amp#27;[38;5;0m[HTTP]&amp#27;[0m &amp#27;[90m{"using":"xpath","value":"//android.widget.EditText[@index=6]"}&amp#27;[39m
[debug] &amp#27;[38;5;32m[AndroidUiautomator2Driver@b227 (fe0cd291)]&amp#27;[0m Calling AppiumDriver.findElement() with args: ["xpath","//android.widget.EditText[@index=6]","fe0cd291-8f79-4212-8568-b4785b2dee12"]
[debug] &amp#27;[38;5;32m[AndroidUiautomator2Driver@b227 (fe0cd291)]&amp#27;[0m Valid locator strategies for this request: xpath, id, class name, accessibility id, css selector, -android uiautomator
[debug] &amp#27;[38;5;32m[AndroidUiautomator2Driver@b227 (fe0cd291)]&amp#27;[0m Waiting up to 10000 ms for condition
[debug] &amp#27;[38;5;32m[AndroidUiautomator2Driver@b227 (fe0cd291)]&amp#27;[0m Matched '/element' to command name 'findElement'
[debug] &amp#27;[38;5;32m[AndroidUiautomator2Driver@b227 (fe0cd291)]&amp#27;[0m Proxying [POST /element] to [POST http://127.0.0.1:8200/session/85989a46-cbdd-4bd4-a501-a859808a0843/element] with body: {"strategy":"xpath","selector":"//android.widget.EditText[@index=6]","context":"","multiple":false}
[debug] &amp#27;[38;5;32m[AndroidUiautomator2Driver@b227 (fe0cd291)]&amp#27;[0m Got response with status 200: {"sessionId":"85989a46-cbdd-4bd4-a501-a859808a0843","value":{"ELEMENT":"00000000-0000-0032-ffff-ffff000003cd","element-6066-11e4-a52e-4f735466cecf":"00000000-0000-0032-ffff-ffff000003cd"}}
[debug] &amp#27;[38;5;32m[AndroidUiautomator2Driver@b227 (fe0cd291)]&amp#27;[0m Responding to client with driver.findElement() result: {"element-6066-11e4-a52e-4f735466cecf":"00000000-0000-0032-ffff-ffff000003cd","ELEMENT":"00000000-0000-0032-ffff-ffff000003cd"}
&amp#27;[38;5;0m[HTTP]&amp#27;[0m &amp#27;[37m<-- POST /session/fe0cd291-8f79-4212-8568-b4785b2dee12/element &amp#27;[39m&amp#27;[32m200&amp#27;[39m &amp#27;[90m549 ms - 137&amp#27;[39m
&amp#27;[38;5;0m[HTTP]&amp#27;[0m &amp#27;[90m&amp#27;[39m
&amp#27;[38;5;0m[HTTP]&amp#27;[0m &amp#27;[37m-->&amp#27;[39m &amp#27;[37mPOST&amp#27;[39m &amp#27;[37m/session/fe0cd291-8f79-4212-8568-b4785b2dee12/element/00000000-0000-0032-ffff-ffff000003cd/value&amp#27;[39m
&amp#27;[38;5;0m[HTTP]&amp#27;[0m &amp#27;[90m{"id":"00000000-0000-0032-ffff-ffff000003cd","text":"vada.deckow@omheightsy.com","value":["v","a","d","a",".","d","e","c","k","o","w","@","o","m","h","e","i","g","h","t","s","y",".","c","o","m"]}&amp#27;[39m
[debug] &amp#27;[38;5;32m[AndroidUiautomator2Driver@b227 (fe0cd291)]&amp#27;[0m Calling AppiumDriver.setValue() with args: [["v","a","d","a",".","d","e","c","k","o","w","@","o","m","h","e","i","g","h","t","s","y",".","c","o","m"],"00000000-0000-0032-ffff-ffff000003cd","fe0cd291-8f79-4212-8568-b4785b2dee12"]
[debug] &amp#27;[38;5;32m[AndroidUiautomator2Driver@b227 (fe0cd291)]&amp#27;[0m Matched '/element/00000000-0000-0032-ffff-ffff000003cd/value' to command name 'setValue'
[debug] &amp#27;[38;5;32m[AndroidUiautomator2Driver@b227 (fe0cd291)]&amp#27;[0m Added 'value' property ["v","a","d","a",".","d","e","c","k","o","w","@","o","m","h","e","i","g","h","t","s","y",".","c","o","m"] to 'setValue' request body
[debug] &amp#27;[38;5;32m[AndroidUiautomator2Driver@b227 (fe0cd291)]&amp#27;[0m Proxying [POST /element/00000000-0000-0032-ffff-ffff000003cd/value] to [POST http://127.0.0.1:8200/session/85989a46-cbdd-4bd4-a501-a859808a0843/element/00000000-0000-0032-ffff-ffff000003cd/value] with body: {"elementId":"00000000-0000-0032-ffff-ffff000003cd","text":"vada.deckow@omheightsy.com","replace":false,"value":["v","a","d","a",".","d","e","c","k","o","w","@","o","m","h","e","i","g","h","t","s","y",".","c","o","m"]}
[debug] &amp#27;[38;5;32m[AndroidUiautomator2Driver@b227 (fe0cd291)]&amp#27;[0m Got response with status 200: {"sessionId":"85989a46-cbdd-4bd4-a501-a859808a0843","value":null}
[debug] &amp#27;[38;5;32m[AndroidUiautomator2Driver@b227 (fe0cd291)]&amp#27;[0m Responding to client with driver.setValue() result: null
&amp#27;[38;5;0m[HTTP]&amp#27;[0m &amp#27;[37m<-- POST /session/fe0cd291-8f79-4212-8568-b4785b2dee12/element/00000000-0000-0032-ffff-ffff000003cd/value &amp#27;[39m&amp#27;[32m200&amp#27;[39m &amp#27;[90m202 ms - 14&amp#27;[39m
&amp#27;[38;5;0m[HTTP]&amp#27;[0m &amp#27;[90m&amp#27;[39m
&amp#27;[38;5;0m[HTTP]&amp#27;[0m &amp#27;[37m-->&amp#27;[39m &amp#27;[37mPOST&amp#27;[39m &amp#27;[37m/session/fe0cd291-8f79-4212-8568-b4785b2dee12/element&amp#27;[39m
&amp#27;[38;5;0m[HTTP]&amp#27;[0m &amp#27;[90m{"using":"xpath","value":"//android.widget.EditText[@index=9]"}&amp#27;[39m
[debug] &amp#27;[38;5;32m[AndroidUiautomator2Driver@b227 (fe0cd291)]&amp#27;[0m Calling AppiumDriver.findElement() with args: ["xpath","//android.widget.EditText[@index=9]","fe0cd291-8f79-4212-8568-b4785b2dee12"]
[debug] &amp#27;[38;5;32m[AndroidUiautomator2Driver@b227 (fe0cd291)]&amp#27;[0m Valid locator strategies for this request: xpath, id, class name, accessibility id, css selector, -android uiautomator
[debug] &amp#27;[38;5;32m[AndroidUiautomator2Driver@b227 (fe0cd291)]&amp#27;[0m Waiting up to 10000 ms for condition
[debug] &amp#27;[38;5;32m[AndroidUiautomator2Driver@b227 (fe0cd291)]&amp#27;[0m Matched '/element' to command name 'findElement'
[debug] &amp#27;[38;5;32m[AndroidUiautomator2Driver@b227 (fe0cd291)]&amp#27;[0m Proxying [POST /element] to [POST http://127.0.0.1:8200/session/85989a46-cbdd-4bd4-a501-a859808a0843/element] with body: {"strategy":"xpath","selector":"//android.widget.EditText[@index=9]","context":"","multiple":false}
[debug] &amp#27;[38;5;32m[AndroidUiautomator2Driver@b227 (fe0cd291)]&amp#27;[0m Got response with status 200: {"sessionId":"85989a46-cbdd-4bd4-a501-a859808a0843","value":{"ELEMENT":"00000000-0000-0032-ffff-ffff000003d0","element-6066-11e4-a52e-4f735466cecf":"00000000-0000-0032-ffff-ffff000003d0"}}
[debug] &amp#27;[38;5;32m[AndroidUiautomator2Driver@b227 (fe0cd291)]&amp#27;[0m Responding to client with driver.findElement() result: {"element-6066-11e4-a52e-4f735466cecf":"00000000-0000-0032-ffff-ffff000003d0","ELEMENT":"00000000-0000-0032-ffff-ffff000003d0"}
&amp#27;[38;5;0m[HTTP]&amp#27;[0m &amp#27;[37m<-- POST /session/fe0cd291-8f79-4212-8568-b4785b2dee12/element &amp#27;[39m&amp#27;[32m200&amp#27;[39m &amp#27;[90m242 ms - 137&amp#27;[39m
&amp#27;[38;5;0m[HTTP]&amp#27;[0m &amp#27;[90m&amp#27;[39m
&amp#27;[38;5;0m[HTTP]&amp#27;[0m &amp#27;[37m-->&amp#27;[39m &amp#27;[37mPOST&amp#27;[39m &amp#27;[37m/session/fe0cd291-8f79-4212-8568-b4785b2dee12/element/00000000-0000-0032-ffff-ffff000003d0/value&amp#27;[39m
&amp#27;[38;5;0m[HTTP]&amp#27;[0m &amp#27;[90m{"id":"00000000-0000-0032-ffff-ffff000003d0","text":"08033443048","value":["0","8","0","3","3","4","4","3","0","4","8"]}&amp#27;[39m
[debug] &amp#27;[38;5;32m[AndroidUiautomator2Driver@b227 (fe0cd291)]&amp#27;[0m Calling AppiumDriver.setValue() with args: [["0","8","0","3","3","4","4","3","0","4","8"],"00000000-0000-0032-ffff-ffff000003d0","fe0cd291-8f79-4212-8568-b4785b2dee12"]
[debug] &amp#27;[38;5;32m[AndroidUiautomator2Driver@b227 (fe0cd291)]&amp#27;[0m Matched '/element/00000000-0000-0032-ffff-ffff000003d0/value' to command name 'setValue'
[debug] &amp#27;[38;5;32m[AndroidUiautomator2Driver@b227 (fe0cd291)]&amp#27;[0m Added 'value' property ["0","8","0","3","3","4","4","3","0","4","8"] to 'setValue' request body
[debug] &amp#27;[38;5;32m[AndroidUiautomator2Driver@b227 (fe0cd291)]&amp#27;[0m Proxying [POST /element/00000000-0000-0032-ffff-ffff000003d0/value] to [POST http://127.0.0.1:8200/session/85989a46-cbdd-4bd4-a501-a859808a0843/element/00000000-0000-0032-ffff-ffff000003d0/value] with body: {"elementId":"00000000-0000-0032-ffff-ffff000003d0","text":"08033443048","replace":false,"value":["0","8","0","3","3","4","4","3","0","4","8"]}
[debug] &amp#27;[38;5;32m[AndroidUiautomator2Driver@b227 (fe0cd291)]&amp#27;[0m Got response with status 200: {"sessionId":"85989a46-cbdd-4bd4-a501-a859808a0843","value":null}
[debug] &amp#27;[38;5;32m[AndroidUiautomator2Driver@b227 (fe0cd291)]&amp#27;[0m Responding to client with driver.setValue() result: null
&amp#27;[38;5;0m[HTTP]&amp#27;[0m &amp#27;[37m<-- POST /session/fe0cd291-8f79-4212-8568-b4785b2dee12/element/00000000-0000-0032-ffff-ffff000003d0/value &amp#27;[39m&amp#27;[32m200&amp#27;[39m &amp#27;[90m262 ms - 14&amp#27;[39m
&amp#27;[38;5;0m[HTTP]&amp#27;[0m &amp#27;[90m&amp#27;[39m
&amp#27;[38;5;0m[HTTP]&amp#27;[0m &amp#27;[37m-->&amp#27;[39m &amp#27;[37mPOST&amp#27;[39m &amp#27;[37m/session/fe0cd291-8f79-4212-8568-b4785b2dee12/element&amp#27;[39m
&amp#27;[38;5;0m[HTTP]&amp#27;[0m &amp#27;[90m{"using":"xpath","value":"//android.widget.EditText[@index=12]"}&amp#27;[39m
[debug] &amp#27;[38;5;32m[AndroidUiautomator2Driver@b227 (fe0cd291)]&amp#27;[0m Calling AppiumDriver.findElement() with args: ["xpath","//android.widget.EditText[@index=12]","fe0cd291-8f79-4212-8568-b4785b2dee12"]
[debug] &amp#27;[38;5;32m[AndroidUiautomator2Driver@b227 (fe0cd291)]&amp#27;[0m Valid locator strategies for this request: xpath, id, class name, accessibility id, css selector, -android uiautomator
[debug] &amp#27;[38;5;32m[AndroidUiautomator2Driver@b227 (fe0cd291)]&amp#27;[0m Waiting up to 10000 ms for condition
[debug] &amp#27;[38;5;32m[AndroidUiautomator2Driver@b227 (fe0cd291)]&amp#27;[0m Matched '/element' to command name 'findElement'
[debug] &amp#27;[38;5;32m[AndroidUiautomator2Driver@b227 (fe0cd291)]&amp#27;[0m Proxying [POST /element] to [POST http://127.0.0.1:8200/session/85989a46-cbdd-4bd4-a501-a859808a0843/element] with body: {"strategy":"xpath","selector":"//android.widget.EditText[@index=12]","context":"","multiple":false}
[debug] &amp#27;[38;5;32m[AndroidUiautomator2Driver@b227 (fe0cd291)]&amp#27;[0m Got response with status 200: {"sessionId":"85989a46-cbdd-4bd4-a501-a859808a0843","value":{"ELEMENT":"00000000-0000-0032-ffff-ffff000003d3","element-6066-11e4-a52e-4f735466cecf":"00000000-0000-0032-ffff-ffff000003d3"}}
[debug] &amp#27;[38;5;32m[AndroidUiautomator2Driver@b227 (fe0cd291)]&amp#27;[0m Responding to client with driver.findElement() result: {"element-6066-11e4-a52e-4f735466cecf":"00000000-0000-0032-ffff-ffff000003d3","ELEMENT":"00000000-0000-0032-ffff-ffff000003d3"}
&amp#27;[38;5;0m[HTTP]&amp#27;[0m &amp#27;[37m<-- POST /session/fe0cd291-8f79-4212-8568-b4785b2dee12/element &amp#27;[39m&amp#27;[32m200&amp#27;[39m &amp#27;[90m62 ms - 137&amp#27;[39m
&amp#27;[38;5;0m[HTTP]&amp#27;[0m &amp#27;[90m&amp#27;[39m
&amp#27;[38;5;0m[HTTP]&amp#27;[0m &amp#27;[37m-->&amp#27;[39m &amp#27;[37mPOST&amp#27;[39m &amp#27;[37m/session/fe0cd291-8f79-4212-8568-b4785b2dee12/element/00000000-0000-0032-ffff-ffff000003d3/value&amp#27;[39m
&amp#27;[38;5;0m[HTTP]&amp#27;[0m &amp#27;[90m{"id":"00000000-0000-0032-ffff-ffff000003d3","text":"password","value":["p","a","s","s","w","o","r","d"]}&amp#27;[39m
[debug] &amp#27;[38;5;32m[AndroidUiautomator2Driver@b227 (fe0cd291)]&amp#27;[0m Calling AppiumDriver.setValue() with args: [["p","a","s","s","w","o","r","d"],"00000000-0000-0032-ffff-ffff000003d3","fe0cd291-8f79-4212-8568-b4785b2dee12"]
[debug] &amp#27;[38;5;32m[AndroidUiautomator2Driver@b227 (fe0cd291)]&amp#27;[0m Matched '/element/00000000-0000-0032-ffff-ffff000003d3/value' to command name 'setValue'
[debug] &amp#27;[38;5;32m[AndroidUiautomator2Driver@b227 (fe0cd291)]&amp#27;[0m Added 'value' property ["p","a","s","s","w","o","r","d"] to 'setValue' request body
[debug] &amp#27;[38;5;32m[AndroidUiautomator2Driver@b227 (fe0cd291)]&amp#27;[0m Proxying [POST /element/00000000-0000-0032-ffff-ffff000003d3/value] to [POST http://127.0.0.1:8200/session/85989a46-cbdd-4bd4-a501-a859808a0843/element/00000000-0000-0032-ffff-ffff000003d3/value] with body: {"elementId":"00000000-0000-0032-ffff-ffff000003d3","text":"password","replace":false,"value":["p","a","s","s","w","o","r","d"]}
[debug] &amp#27;[38;5;32m[AndroidUiautomator2Driver@b227 (fe0cd291)]&amp#27;[0m Got response with status 200: {"sessionId":"85989a46-cbdd-4bd4-a501-a859808a0843","value":null}
[debug] &amp#27;[38;5;32m[AndroidUiautomator2Driver@b227 (fe0cd291)]&amp#27;[0m Responding to client with driver.setValue() result: null
&amp#27;[38;5;0m[HTTP]&amp#27;[0m &amp#27;[37m<-- POST /session/fe0cd291-8f79-4212-8568-b4785b2dee12/element/00000000-0000-0032-ffff-ffff000003d3/value &amp#27;[39m&amp#27;[32m200&amp#27;[39m &amp#27;[90m444 ms - 14&amp#27;[39m
&amp#27;[38;5;0m[HTTP]&amp#27;[0m &amp#27;[90m&amp#27;[39m
&amp#27;[38;5;0m[HTTP]&amp#27;[0m &amp#27;[37m-->&amp#27;[39m &amp#27;[37mPOST&amp#27;[39m &amp#27;[37m/session/fe0cd291-8f79-4212-8568-b4785b2dee12/element&amp#27;[39m
&amp#27;[38;5;0m[HTTP]&amp#27;[0m &amp#27;[90m{"using":"xpath","value":"//android.widget.TextView[@text='Register']"}&amp#27;[39m
[debug] &amp#27;[38;5;32m[AndroidUiautomator2Driver@b227 (fe0cd291)]&amp#27;[0m Calling AppiumDriver.findElement() with args: ["xpath","//android.widget.TextView[@text='Register']","fe0cd291-8f79-4212-8568-b4785b2dee12"]
[debug] &amp#27;[38;5;32m[AndroidUiautomator2Driver@b227 (fe0cd291)]&amp#27;[0m Valid locator strategies for this request: xpath, id, class name, accessibility id, css selector, -android uiautomator
[debug] &amp#27;[38;5;32m[AndroidUiautomator2Driver@b227 (fe0cd291)]&amp#27;[0m Waiting up to 10000 ms for condition
[debug] &amp#27;[38;5;32m[AndroidUiautomator2Driver@b227 (fe0cd291)]&amp#27;[0m Matched '/element' to command name 'findElement'
[debug] &amp#27;[38;5;32m[AndroidUiautomator2Driver@b227 (fe0cd291)]&amp#27;[0m Proxying [POST /element] to [POST http://127.0.0.1:8200/session/85989a46-cbdd-4bd4-a501-a859808a0843/element] with body: {"strategy":"xpath","selector":"//android.widget.TextView[@text='Register']","context":"","multiple":false}
[debug] &amp#27;[38;5;32m[AndroidUiautomator2Driver@b227 (fe0cd291)]&amp#27;[0m Got response with status 200: {"sessionId":"85989a46-cbdd-4bd4-a501-a859808a0843","value":{"ELEMENT":"00000000-0000-0032-ffff-ffff000003e0","element-6066-11e4-a52e-4f735466cecf":"00000000-0000-0032-ffff-ffff000003e0"}}
[debug] &amp#27;[38;5;32m[AndroidUiautomator2Driver@b227 (fe0cd291)]&amp#27;[0m Responding to client with driver.findElement() result: {"element-6066-11e4-a52e-4f735466cecf":"00000000-0000-0032-ffff-ffff000003e0","ELEMENT":"00000000-0000-0032-ffff-ffff000003e0"}
&amp#27;[38;5;0m[HTTP]&amp#27;[0m &amp#27;[37m<-- POST /session/fe0cd291-8f79-4212-8568-b4785b2dee12/element &amp#27;[39m&amp#27;[32m200&amp#27;[39m &amp#27;[90m640 ms - 137&amp#27;[39m
&amp#27;[38;5;0m[HTTP]&amp#27;[0m &amp#27;[90m&amp#27;[39m
&amp#27;[38;5;0m[HTTP]&amp#27;[0m &amp#27;[37m-->&amp#27;[39m &amp#27;[37mPOST&amp#27;[39m &amp#27;[37m/session/fe0cd291-8f79-4212-8568-b4785b2dee12/element/00000000-0000-0032-ffff-ffff000003e0/click&amp#27;[39m
&amp#27;[38;5;0m[HTTP]&amp#27;[0m &amp#27;[90m{"id":"00000000-0000-0032-ffff-ffff000003e0"}&amp#27;[39m
[debug] &amp#27;[38;5;32m[AndroidUiautomator2Driver@b227 (fe0cd291)]&amp#27;[0m Calling AppiumDriver.click() with args: ["00000000-0000-0032-ffff-ffff000003e0","fe0cd291-8f79-4212-8568-b4785b2dee12"]
[debug] &amp#27;[38;5;32m[AndroidUiautomator2Driver@b227 (fe0cd291)]&amp#27;[0m Matched '/element/00000000-0000-0032-ffff-ffff000003e0/click' to command name 'click'
[debug] &amp#27;[38;5;32m[AndroidUiautomator2Driver@b227 (fe0cd291)]&amp#27;[0m Proxying [POST /element/00000000-0000-0032-ffff-ffff000003e0/click] to [POST http://127.0.0.1:8200/session/85989a46-cbdd-4bd4-a501-a859808a0843/element/00000000-0000-0032-ffff-ffff000003e0/click] with body: {"element":"00000000-0000-0032-ffff-ffff000003e0"}
[debug] &amp#27;[38;5;32m[AndroidUiautomator2Driver@b227 (fe0cd291)]&amp#27;[0m Got response with status 200: {"sessionId":"85989a46-cbdd-4bd4-a501-a859808a0843","value":null}
[debug] &amp#27;[38;5;32m[AndroidUiautomator2Driver@b227 (fe0cd291)]&amp#27;[0m Responding to client with driver.click() result: null
&amp#27;[38;5;0m[HTTP]&amp#27;[0m &amp#27;[37m<-- POST /session/fe0cd291-8f79-4212-8568-b4785b2dee12/element/00000000-0000-0032-ffff-ffff000003e0/click &amp#27;[39m&amp#27;[32m200&amp#27;[39m &amp#27;[90m68 ms - 14&amp#27;[39m
&amp#27;[38;5;0m[HTTP]&amp#27;[0m &amp#27;[90m&amp#27;[39m
&amp#27;[38;5;0m[HTTP]&amp#27;[0m &amp#27;[37m-->&amp#27;[39m &amp#27;[37mPOST&amp#27;[39m &amp#27;[37m/session/fe0cd291-8f79-4212-8568-b4785b2dee12/element&amp#27;[39m
&amp#27;[38;5;0m[HTTP]&amp#27;[0m &amp#27;[90m{"using":"xpath","value":"//android.widget.TextView[@index=18]"}&amp#27;[39m
[debug] &amp#27;[38;5;32m[AndroidUiautomator2Driver@b227 (fe0cd291)]&amp#27;[0m Calling AppiumDriver.findElement() with args: ["xpath","//android.widget.TextView[@index=18]","fe0cd291-8f79-4212-8568-b4785b2dee12"]
[debug] &amp#27;[38;5;32m[AndroidUiautomator2Driver@b227 (fe0cd291)]&amp#27;[0m Valid locator strategies for this request: xpath, id, class name, accessibility id, css selector, -android uiautomator
[debug] &amp#27;[38;5;32m[AndroidUiautomator2Driver@b227 (fe0cd291)]&amp#27;[0m Waiting up to 10000 ms for condition
[debug] &amp#27;[38;5;32m[AndroidUiautomator2Driver@b227 (fe0cd291)]&amp#27;[0m Matched '/element' to command name 'findElement'
[debug] &amp#27;[38;5;32m[AndroidUiautomator2Driver@b227 (fe0cd291)]&amp#27;[0m Proxying [POST /element] to [POST http://127.0.0.1:8200/session/85989a46-cbdd-4bd4-a501-a859808a0843/element] with body: {"strategy":"xpath","selector":"//android.widget.TextView[@index=18]","context":"","multiple":false}
[debug] &amp#27;[38;5;32m[AndroidUiautomator2Driver@b227 (fe0cd291)]&amp#27;[0m Got response with status 200: {"sessionId":"85989a46-cbdd-4bd4-a501-a859808a0843","value":{"ELEMENT":"00000000-0000-0032-ffff-ffff000003d8","element-6066-11e4-a52e-4f735466cecf":"00000000-0000-0032-ffff-ffff000003d8"}}
[debug] &amp#27;[38;5;32m[AndroidUiautomator2Driver@b227 (fe0cd291)]&amp#27;[0m Responding to client with driver.findElement() result: {"element-6066-11e4-a52e-4f735466cecf":"00000000-0000-0032-ffff-ffff000003d8","ELEMENT":"00000000-0000-0032-ffff-ffff000003d8"}
&amp#27;[38;5;0m[HTTP]&amp#27;[0m &amp#27;[37m<-- POST /session/fe0cd291-8f79-4212-8568-b4785b2dee12/element &amp#27;[39m&amp#27;[32m200&amp#27;[39m &amp#27;[90m32 ms - 137&amp#27;[39m
&amp#27;[38;5;0m[HTTP]&amp#27;[0m &amp#27;[90m&amp#27;[39m
&amp#27;[38;5;0m[HTTP]&amp#27;[0m &amp#27;[37m-->&amp#27;[39m &amp#27;[37mPOST&amp#27;[39m &amp#27;[37m/session/fe0cd291-8f79-4212-8568-b4785b2dee12/element/00000000-0000-0032-ffff-ffff000003d8/click&amp#27;[39m
&amp#27;[38;5;0m[HTTP]&amp#27;[0m &amp#27;[90m{"id":"00000000-0000-0032-ffff-ffff000003d8"}&amp#27;[39m
[debug] &amp#27;[38;5;32m[AndroidUiautomator2Driver@b227 (fe0cd291)]&amp#27;[0m Calling AppiumDriver.click() with args: ["00000000-0000-0032-ffff-ffff000003d8","fe0cd291-8f79-4212-8568-b4785b2dee12"]
[debug] &amp#27;[38;5;32m[AndroidUiautomator2Driver@b227 (fe0cd291)]&amp#27;[0m Matched '/element/00000000-0000-0032-ffff-ffff000003d8/click' to command name 'click'
[debug] &amp#27;[38;5;32m[AndroidUiautomator2Driver@b227 (fe0cd291)]&amp#27;[0m Proxying [POST /element/00000000-0000-0032-ffff-ffff000003d8/click] to [POST http://127.0.0.1:8200/session/85989a46-cbdd-4bd4-a501-a859808a0843/element/00000000-0000-0032-ffff-ffff000003d8/click] with body: {"element":"00000000-0000-0032-ffff-ffff000003d8"}
[debug] &amp#27;[38;5;32m[AndroidUiautomator2Driver@b227 (fe0cd291)]&amp#27;[0m Got response with status 200: {"sessionId":"85989a46-cbdd-4bd4-a501-a859808a0843","value":null}
[debug] &amp#27;[38;5;32m[AndroidUiautomator2Driver@b227 (fe0cd291)]&amp#27;[0m Responding to client with driver.click() result: null
&amp#27;[38;5;0m[HTTP]&amp#27;[0m &amp#27;[37m<-- POST /session/fe0cd291-8f79-4212-8568-b4785b2dee12/element/00000000-0000-0032-ffff-ffff000003d8/click &amp#27;[39m&amp#27;[32m200&amp#27;[39m &amp#27;[90m69 ms - 14&amp#27;[39m
&amp#27;[38;5;0m[HTTP]&amp#27;[0m &amp#27;[90m&amp#27;[39m
&amp#27;[38;5;0m[HTTP]&amp#27;[0m &amp#27;[37m-->&amp#27;[39m &amp#27;[37mPOST&amp#27;[39m &amp#27;[37m/session/fe0cd291-8f79-4212-8568-b4785b2dee12/element&amp#27;[39m
&amp#27;[38;5;0m[HTTP]&amp#27;[0m &amp#27;[90m{"using":"xpath","value":"//android.widget.TextView[@text='Register']"}&amp#27;[39m
[debug] &amp#27;[38;5;32m[AndroidUiautomator2Driver@b227 (fe0cd291)]&amp#27;[0m Calling AppiumDriver.findElement() with args: ["xpath","//android.widget.TextView[@text='Register']","fe0cd291-8f79-4212-8568-b4785b2dee12"]
[debug] &amp#27;[38;5;32m[AndroidUiautomator2Driver@b227 (fe0cd291)]&amp#27;[0m Valid locator strategies for this request: xpath, id, class name, accessibility id, css selector, -android uiautomator
[debug] &amp#27;[38;5;32m[AndroidUiautomator2Driver@b227 (fe0cd291)]&amp#27;[0m Waiting up to 10000 ms for condition
[debug] &amp#27;[38;5;32m[AndroidUiautomator2Driver@b227 (fe0cd291)]&amp#27;[0m Matched '/element' to command name 'findElement'
[debug] &amp#27;[38;5;32m[AndroidUiautomator2Driver@b227 (fe0cd291)]&amp#27;[0m Proxying [POST /element] to [POST http://127.0.0.1:8200/session/85989a46-cbdd-4bd4-a501-a859808a0843/element] with body: {"strategy":"xpath","selector":"//android.widget.TextView[@text='Register']","context":"","multiple":false}
[debug] &amp#27;[38;5;32m[AndroidUiautomator2Driver@b227 (fe0cd291)]&amp#27;[0m Got response with status 200: {"sessionId":"85989a46-cbdd-4bd4-a501-a859808a0843","value":{"ELEMENT":"00000000-0000-0032-ffff-ffff000003e0","element-6066-11e4-a52e-4f735466cecf":"00000000-0000-0032-ffff-ffff000003e0"}}
[debug] &amp#27;[38;5;32m[AndroidUiautomator2Driver@b227 (fe0cd291)]&amp#27;[0m Responding to client with driver.findElement() result: {"element-6066-11e4-a52e-4f735466cecf":"00000000-0000-0032-ffff-ffff000003e0","ELEMENT":"00000000-0000-0032-ffff-ffff000003e0"}
&amp#27;[38;5;0m[HTTP]&amp#27;[0m &amp#27;[37m<-- POST /session/fe0cd291-8f79-4212-8568-b4785b2dee12/element &amp#27;[39m&amp#27;[32m200&amp#27;[39m &amp#27;[90m55 ms - 137&amp#27;[39m
&amp#27;[38;5;0m[HTTP]&amp#27;[0m &amp#27;[90m&amp#27;[39m
&amp#27;[38;5;0m[HTTP]&amp#27;[0m &amp#27;[37m-->&amp#27;[39m &amp#27;[37mPOST&amp#27;[39m &amp#27;[37m/session/fe0cd291-8f79-4212-8568-b4785b2dee12/element/00000000-0000-0032-ffff-ffff000003e0/click&amp#27;[39m
&amp#27;[38;5;0m[HTTP]&amp#27;[0m &amp#27;[90m{"id":"00000000-0000-0032-ffff-ffff000003e0"}&amp#27;[39m
[debug] &amp#27;[38;5;32m[AndroidUiautomator2Driver@b227 (fe0cd291)]&amp#27;[0m Calling AppiumDriver.click() with args: ["00000000-0000-0032-ffff-ffff000003e0","fe0cd291-8f79-4212-8568-b4785b2dee12"]
[debug] &amp#27;[38;5;32m[AndroidUiautomator2Driver@b227 (fe0cd291)]&amp#27;[0m Matched '/element/00000000-0000-0032-ffff-ffff000003e0/click' to command name 'click'
[debug] &amp#27;[38;5;32m[AndroidUiautomator2Driver@b227 (fe0cd291)]&amp#27;[0m Proxying [POST /element/00000000-0000-0032-ffff-ffff000003e0/click] to [POST http://127.0.0.1:8200/session/85989a46-cbdd-4bd4-a501-a859808a0843/element/00000000-0000-0032-ffff-ffff000003e0/click] with body: {"element":"00000000-0000-0032-ffff-ffff000003e0"}
[debug] &amp#27;[38;5;32m[AndroidUiautomator2Driver@b227 (fe0cd291)]&amp#27;[0m Got response with status 200: {"sessionId":"85989a46-cbdd-4bd4-a501-a859808a0843","value":null}
[debug] &amp#27;[38;5;32m[AndroidUiautomator2Driver@b227 (fe0cd291)]&amp#27;[0m Responding to client with driver.click() result: null
&amp#27;[38;5;0m[HTTP]&amp#27;[0m &amp#27;[37m<-- POST /session/fe0cd291-8f79-4212-8568-b4785b2dee12/element/00000000-0000-0032-ffff-ffff000003e0/click &amp#27;[39m&amp#27;[32m200&amp#27;[39m &amp#27;[90m64 ms - 14&amp#27;[39m
&amp#27;[38;5;0m[HTTP]&amp#27;[0m &amp#27;[90m&amp#27;[39m
&amp#27;[38;5;0m[HTTP]&amp#27;[0m &amp#27;[37m-->&amp#27;[39m &amp#27;[37mPOST&amp#27;[39m &amp#27;[37m/session/fe0cd291-8f79-4212-8568-b4785b2dee12/element&amp#27;[39m
&amp#27;[38;5;0m[HTTP]&amp#27;[0m &amp#27;[90m{"using":"xpath","value":"//android.widget.TextView[@index=7]"}&amp#27;[39m
[debug] &amp#27;[38;5;32m[AndroidUiautomator2Driver@b227 (fe0cd291)]&amp#27;[0m Calling AppiumDriver.findElement() with args: ["xpath","//android.widget.TextView[@index=7]","fe0cd291-8f79-4212-8568-b4785b2dee12"]
[debug] &amp#27;[38;5;32m[AndroidUiautomator2Driver@b227 (fe0cd291)]&amp#27;[0m Valid locator strategies for this request: xpath, id, class name, accessibility id, css selector, -android uiautomator
[debug] &amp#27;[38;5;32m[AndroidUiautomator2Driver@b227 (fe0cd291)]&amp#27;[0m Waiting up to 10000 ms for condition
[debug] &amp#27;[38;5;32m[AndroidUiautomator2Driver@b227 (fe0cd291)]&amp#27;[0m Matched '/element' to command name 'findElement'
[debug] &amp#27;[38;5;32m[AndroidUiautomator2Driver@b227 (fe0cd291)]&amp#27;[0m Proxying [POST /element] to [POST http://127.0.0.1:8200/session/85989a46-cbdd-4bd4-a501-a859808a0843/element] with body: {"strategy":"xpath","selector":"//android.widget.TextView[@index=7]","context":"","multiple":false}
[debug] &amp#27;[38;5;32m[AndroidUiautomator2Driver@b227 (fe0cd291)]&amp#27;[0m Got response with status 200: {"sessionId":"85989a46-cbdd-4bd4-a501-a859808a0843","value":{"ELEMENT":"00000000-0000-0032-ffff-ffff000003ce","element-6066-11e4-a52e-4f735466cecf":"00000000-0000-0032-ffff-ffff000003ce"}}
[debug] &amp#27;[38;5;32m[AndroidUiautomator2Driver@b227 (fe0cd291)]&amp#27;[0m Responding to client with driver.findElement() result: {"element-6066-11e4-a52e-4f735466cecf":"00000000-0000-0032-ffff-ffff000003ce","ELEMENT":"00000000-0000-0032-ffff-ffff000003ce"}
&amp#27;[38;5;0m[HTTP]&amp#27;[0m &amp#27;[37m<-- POST /session/fe0cd291-8f79-4212-8568-b4785b2dee12/element &amp#27;[39m&amp#27;[32m200&amp#27;[39m &amp#27;[90m614 ms - 137&amp#27;[39m
&amp#27;[38;5;0m[HTTP]&amp#27;[0m &amp#27;[90m&amp#27;[39m
&amp#27;[38;5;0m[HTTP]&amp#27;[0m &amp#27;[37m-->&amp#27;[39m &amp#27;[37mPOST&amp#27;[39m &amp#27;[37m/session/fe0cd291-8f79-4212-8568-b4785b2dee12/element&amp#27;[39m
&amp#27;[38;5;0m[HTTP]&amp#27;[0m &amp#27;[90m{"using":"xpath","value":"//android.widget.TextView[@index=7]"}&amp#27;[39m
[debug] &amp#27;[38;5;32m[AndroidUiautomator2Driver@b227 (fe0cd291)]&amp#27;[0m Calling AppiumDriver.findElement() with args: ["xpath","//android.widget.TextView[@index=7]","fe0cd291-8f79-4212-8568-b4785b2dee12"]
[debug] &amp#27;[38;5;32m[AndroidUiautomator2Driver@b227 (fe0cd291)]&amp#27;[0m Valid locator strategies for this request: xpath, id, class name, accessibility id, css selector, -android uiautomator
[debug] &amp#27;[38;5;32m[AndroidUiautomator2Driver@b227 (fe0cd291)]&amp#27;[0m Waiting up to 10000 ms for condition
[debug] &amp#27;[38;5;32m[AndroidUiautomator2Driver@b227 (fe0cd291)]&amp#27;[0m Matched '/element' to command name 'findElement'
[debug] &amp#27;[38;5;32m[AndroidUiautomator2Driver@b227 (fe0cd291)]&amp#27;[0m Proxying [POST /element] to [POST http://127.0.0.1:8200/session/85989a46-cbdd-4bd4-a501-a859808a0843/element] with body: {"strategy":"xpath","selector":"//android.widget.TextView[@index=7]","context":"","multiple":false}
[debug] &amp#27;[38;5;32m[AndroidUiautomator2Driver@b227 (fe0cd291)]&amp#27;[0m Got response with status 200: {"sessionId":"85989a46-cbdd-4bd4-a501-a859808a0843","value":{"ELEMENT":"00000000-0000-0032-ffff-ffff000003ce","element-6066-11e4-a52e-4f735466cecf":"00000000-0000-0032-ffff-ffff000003ce"}}
[debug] &amp#27;[38;5;32m[AndroidUiautomator2Driver@b227 (fe0cd291)]&amp#27;[0m Responding to client with driver.findElement() result: {"element-6066-11e4-a52e-4f735466cecf":"00000000-0000-0032-ffff-ffff000003ce","ELEMENT":"00000000-0000-0032-ffff-ffff000003ce"}
&amp#27;[38;5;0m[HTTP]&amp#27;[0m &amp#27;[37m<-- POST /session/fe0cd291-8f79-4212-8568-b4785b2dee12/element &amp#27;[39m&amp#27;[32m200&amp#27;[39m &amp#27;[90m23 ms - 137&amp#27;[39m
&amp#27;[38;5;0m[HTTP]&amp#27;[0m &amp#27;[90m&amp#27;[39m
&amp#27;[38;5;0m[HTTP]&amp#27;[0m &amp#27;[37m-->&amp#27;[39m &amp#27;[37mGET&amp#27;[39m &amp#27;[37m/session/fe0cd291-8f79-4212-8568-b4785b2dee12/element/00000000-0000-0032-ffff-ffff000003ce/text&amp#27;[39m
&amp#27;[38;5;0m[HTTP]&amp#27;[0m &amp#27;[90m{}&amp#27;[39m
&amp#27;[38;5;32m[AndroidUiautomator2Driver@b227 (fe0cd291)]&amp#27;[0m Driver proxy active, passing request on via HTTP proxy
[debug] &amp#27;[38;5;32m[AndroidUiautomator2Driver@b227 (fe0cd291)]&amp#27;[0m Matched '/session/fe0cd291-8f79-4212-8568-b4785b2dee12/element/00000000-0000-0032-ffff-ffff000003ce/text' to command name 'getText'
[debug] &amp#27;[38;5;32m[AndroidUiautomator2Driver@b227 (fe0cd291)]&amp#27;[0m Proxying [GET /session/fe0cd291-8f79-4212-8568-b4785b2dee12/element/00000000-0000-0032-ffff-ffff000003ce/text] to [GET http://127.0.0.1:8200/session/85989a46-cbdd-4bd4-a501-a859808a0843/element/00000000-0000-0032-ffff-ffff000003ce/text] with no body
[debug] &amp#27;[38;5;32m[AndroidUiautomator2Driver@b227 (fe0cd291)]&amp#27;[0m Got response with status 200: {"sessionId":"85989a46-cbdd-4bd4-a501-a859808a0843","value":"This domain is not supported on Quickteller. Kindly use another email address"}
&amp#27;[38;5;32m[AndroidUiautomator2Driver@b227 (fe0cd291)]&amp#27;[0m Replacing sessionId 85989a46-cbdd-4bd4-a501-a859808a0843 with fe0cd291-8f79-4212-8568-b4785b2dee12
&amp#27;[38;5;0m[HTTP]&amp#27;[0m &amp#27;[37m<-- GET /session/fe0cd291-8f79-4212-8568-b4785b2dee12/element/00000000-0000-0032-ffff-ffff000003ce/text &amp#27;[39m&amp#27;[32m200&amp#27;[39m &amp#27;[90m7 ms - 140&amp#27;[39m
&amp#27;[38;5;0m[HTTP]&amp#27;[0m &amp#27;[90m&amp#27;[39m
]]></system-out>
  </testcase>
  <testcase name="Testcase_One[miucce.online](20)" classname="testcases.Android.DisposableDomain_QTM_2874" time="8.136">
    <system-out><![CDATA[&amp#27;[38;5;0m[HTTP]&amp#27;[0m &amp#27;[37m-->&amp#27;[39m &amp#27;[37mPOST&amp#27;[39m &amp#27;[37m/session/fe0cd291-8f79-4212-8568-b4785b2dee12/element&amp#27;[39m
&amp#27;[38;5;0m[HTTP]&amp#27;[0m &amp#27;[90m{"using":"xpath","value":"//android.widget.TextView[@index=0]"}&amp#27;[39m
[debug] &amp#27;[38;5;32m[AndroidUiautomator2Driver@b227 (fe0cd291)]&amp#27;[0m Calling AppiumDriver.findElement() with args: ["xpath","//android.widget.TextView[@index=0]","fe0cd291-8f79-4212-8568-b4785b2dee12"]
[debug] &amp#27;[38;5;32m[AndroidUiautomator2Driver@b227 (fe0cd291)]&amp#27;[0m Valid locator strategies for this request: xpath, id, class name, accessibility id, css selector, -android uiautomator
[debug] &amp#27;[38;5;32m[AndroidUiautomator2Driver@b227 (fe0cd291)]&amp#27;[0m Waiting up to 10000 ms for condition
[debug] &amp#27;[38;5;32m[AndroidUiautomator2Driver@b227 (fe0cd291)]&amp#27;[0m Matched '/element' to command name 'findElement'
[debug] &amp#27;[38;5;32m[AndroidUiautomator2Driver@b227 (fe0cd291)]&amp#27;[0m Proxying [POST /element] to [POST http://127.0.0.1:8200/session/85989a46-cbdd-4bd4-a501-a859808a0843/element] with body: {"strategy":"xpath","selector":"//android.widget.TextView[@index=0]","context":"","multiple":false}
[debug] &amp#27;[38;5;32m[AndroidUiautomator2Driver@b227 (fe0cd291)]&amp#27;[0m Got response with status 200: {"sessionId":"85989a46-cbdd-4bd4-a501-a859808a0843","value":{"ELEMENT":"00000000-0000-0032-ffff-ffff000003c2","element-6066-11e4-a52e-4f735466cecf":"00000000-0000-0032-ffff-ffff000003c2"}}
[debug] &amp#27;[38;5;32m[AndroidUiautomator2Driver@b227 (fe0cd291)]&amp#27;[0m Responding to client with driver.findElement() result: {"element-6066-11e4-a52e-4f735466cecf":"00000000-0000-0032-ffff-ffff000003c2","ELEMENT":"00000000-0000-0032-ffff-ffff000003c2"}
&amp#27;[38;5;0m[HTTP]&amp#27;[0m &amp#27;[37m<-- POST /session/fe0cd291-8f79-4212-8568-b4785b2dee12/element &amp#27;[39m&amp#27;[32m200&amp#27;[39m &amp#27;[90m34 ms - 137&amp#27;[39m
&amp#27;[38;5;0m[HTTP]&amp#27;[0m &amp#27;[90m&amp#27;[39m
&amp#27;[38;5;0m[HTTP]&amp#27;[0m &amp#27;[37m-->&amp#27;[39m &amp#27;[37mPOST&amp#27;[39m &amp#27;[37m/session/fe0cd291-8f79-4212-8568-b4785b2dee12/element/00000000-0000-0032-ffff-ffff000003c2/click&amp#27;[39m
&amp#27;[38;5;0m[HTTP]&amp#27;[0m &amp#27;[90m{"id":"00000000-0000-0032-ffff-ffff000003c2"}&amp#27;[39m
[debug] &amp#27;[38;5;32m[AndroidUiautomator2Driver@b227 (fe0cd291)]&amp#27;[0m Calling AppiumDriver.click() with args: ["00000000-0000-0032-ffff-ffff000003c2","fe0cd291-8f79-4212-8568-b4785b2dee12"]
[debug] &amp#27;[38;5;32m[AndroidUiautomator2Driver@b227 (fe0cd291)]&amp#27;[0m Matched '/element/00000000-0000-0032-ffff-ffff000003c2/click' to command name 'click'
[debug] &amp#27;[38;5;32m[AndroidUiautomator2Driver@b227 (fe0cd291)]&amp#27;[0m Proxying [POST /element/00000000-0000-0032-ffff-ffff000003c2/click] to [POST http://127.0.0.1:8200/session/85989a46-cbdd-4bd4-a501-a859808a0843/element/00000000-0000-0032-ffff-ffff000003c2/click] with body: {"element":"00000000-0000-0032-ffff-ffff000003c2"}
[debug] &amp#27;[38;5;32m[AndroidUiautomator2Driver@b227 (fe0cd291)]&amp#27;[0m Got response with status 200: {"sessionId":"85989a46-cbdd-4bd4-a501-a859808a0843","value":null}
[debug] &amp#27;[38;5;32m[AndroidUiautomator2Driver@b227 (fe0cd291)]&amp#27;[0m Responding to client with driver.click() result: null
&amp#27;[38;5;0m[HTTP]&amp#27;[0m &amp#27;[37m<-- POST /session/fe0cd291-8f79-4212-8568-b4785b2dee12/element/00000000-0000-0032-ffff-ffff000003c2/click &amp#27;[39m&amp#27;[32m200&amp#27;[39m &amp#27;[90m56 ms - 14&amp#27;[39m
&amp#27;[38;5;0m[HTTP]&amp#27;[0m &amp#27;[90m&amp#27;[39m
&amp#27;[38;5;0m[HTTP]&amp#27;[0m &amp#27;[37m-->&amp#27;[39m &amp#27;[37mPOST&amp#27;[39m &amp#27;[37m/session/fe0cd291-8f79-4212-8568-b4785b2dee12/timeouts&amp#27;[39m
&amp#27;[38;5;0m[HTTP]&amp#27;[0m &amp#27;[90m{"implicit":6000}&amp#27;[39m
[debug] &amp#27;[38;5;32m[AndroidUiautomator2Driver@b227 (fe0cd291)]&amp#27;[0m Calling AppiumDriver.timeouts() with args: [null,null,null,null,6000,"fe0cd291-8f79-4212-8568-b4785b2dee12"]
[debug] &amp#27;[38;5;32m[AndroidUiautomator2Driver@b227 (fe0cd291)]&amp#27;[0m W3C timeout argument: {"implicit":6000}}
[debug] &amp#27;[38;5;32m[AndroidUiautomator2Driver@b227 (fe0cd291)]&amp#27;[0m Set implicit wait to 6000ms
[debug] &amp#27;[38;5;32m[AndroidUiautomator2Driver@b227 (fe0cd291)]&amp#27;[0m Responding to client with driver.timeouts() result: null
&amp#27;[38;5;0m[HTTP]&amp#27;[0m &amp#27;[37m<-- POST /session/fe0cd291-8f79-4212-8568-b4785b2dee12/timeouts &amp#27;[39m&amp#27;[32m200&amp#27;[39m &amp#27;[90m1 ms - 14&amp#27;[39m
&amp#27;[38;5;0m[HTTP]&amp#27;[0m &amp#27;[90m&amp#27;[39m
&amp#27;[38;5;0m[HTTP]&amp#27;[0m &amp#27;[37m-->&amp#27;[39m &amp#27;[37mPOST&amp#27;[39m &amp#27;[37m/session/fe0cd291-8f79-4212-8568-b4785b2dee12/element&amp#27;[39m
&amp#27;[38;5;0m[HTTP]&amp#27;[0m &amp#27;[90m{"using":"xpath","value":"//android.widget.Button[@text='Allow']"}&amp#27;[39m
[debug] &amp#27;[38;5;32m[AndroidUiautomator2Driver@b227 (fe0cd291)]&amp#27;[0m Calling AppiumDriver.findElement() with args: ["xpath","//android.widget.Button[@text='Allow']","fe0cd291-8f79-4212-8568-b4785b2dee12"]
[debug] &amp#27;[38;5;32m[AndroidUiautomator2Driver@b227 (fe0cd291)]&amp#27;[0m Valid locator strategies for this request: xpath, id, class name, accessibility id, css selector, -android uiautomator
[debug] &amp#27;[38;5;32m[AndroidUiautomator2Driver@b227 (fe0cd291)]&amp#27;[0m Waiting up to 6000 ms for condition
[debug] &amp#27;[38;5;32m[AndroidUiautomator2Driver@b227 (fe0cd291)]&amp#27;[0m Matched '/element' to command name 'findElement'
[debug] &amp#27;[38;5;32m[AndroidUiautomator2Driver@b227 (fe0cd291)]&amp#27;[0m Proxying [POST /element] to [POST http://127.0.0.1:8200/session/85989a46-cbdd-4bd4-a501-a859808a0843/element] with body: {"strategy":"xpath","selector":"//android.widget.Button[@text='Allow']","context":"","multiple":false}
&amp#27;[38;5;32m[AndroidUiautomator2Driver@b227 (fe0cd291)]&amp#27;[0m Got response with status 404: {"sessionId":"85989a46-cbdd-4bd4-a501-a859808a0843","value":{"error":"no such element","message":"An element could not be located on the page using the given search parameters","stacktrace":"io.appium.uiautomator2.common.exceptions.ElementNotFoundException: An element could not be located on the page using the given search parameters\n\tat io.appium.uiautomator2.utils.ElementLocationHelpers.findElement(ElementLocationHelpers.java:156)\n\tat io.appium.uiautomator2.handler.FindElement.safeHandle(FindElement.java:60)\n\tat io.appium.uiautomator2.handler.request.SafeRequestHandler.handle(SafeRequestHandler.java:59)\n\tat io.appium.uiautomator2.server.AppiumServlet.handleRequest(AppiumServlet.java:277)\n\tat io.appium.uiautomator2.server.AppiumServlet.handleHttpRequest(AppiumServlet.java:271)\n\tat io.appium.uiautomator2.http.ServerHandler.channelRead(ServerHandler.java:68)\n\tat io.netty.channel.AbstractChannelHandlerContext.invokeChannelRead(AbstractChannelHandlerContext.java:366)\n\tat io.netty.channel.Abstr...
[debug] &amp#27;[38;5;128m[W3C]&amp#27;[0m Matched W3C error code 'no such element' to NoSuchElementError
[debug] &amp#27;[38;5;32m[AndroidUiautomator2Driver@b227 (fe0cd291)]&amp#27;[0m Waited for 30 ms so far
[debug] &amp#27;[38;5;32m[AndroidUiautomator2Driver@b227 (fe0cd291)]&amp#27;[0m Matched '/element' to command name 'findElement'
[debug] &amp#27;[38;5;32m[AndroidUiautomator2Driver@b227 (fe0cd291)]&amp#27;[0m Proxying [POST /element] to [POST http://127.0.0.1:8200/session/85989a46-cbdd-4bd4-a501-a859808a0843/element] with body: {"strategy":"xpath","selector":"//android.widget.Button[@text='Allow']","context":"","multiple":false}
&amp#27;[38;5;32m[AndroidUiautomator2Driver@b227 (fe0cd291)]&amp#27;[0m Got response with status 404: {"sessionId":"85989a46-cbdd-4bd4-a501-a859808a0843","value":{"error":"no such element","message":"An element could not be located on the page using the given search parameters","stacktrace":"io.appium.uiautomator2.common.exceptions.ElementNotFoundException: An element could not be located on the page using the given search parameters\n\tat io.appium.uiautomator2.utils.ElementLocationHelpers.findElement(ElementLocationHelpers.java:156)\n\tat io.appium.uiautomator2.handler.FindElement.safeHandle(FindElement.java:60)\n\tat io.appium.uiautomator2.handler.request.SafeRequestHandler.handle(SafeRequestHandler.java:59)\n\tat io.appium.uiautomator2.server.AppiumServlet.handleRequest(AppiumServlet.java:277)\n\tat io.appium.uiautomator2.server.AppiumServlet.handleHttpRequest(AppiumServlet.java:271)\n\tat io.appium.uiautomator2.http.ServerHandler.channelRead(ServerHandler.java:68)\n\tat io.netty.channel.AbstractChannelHandlerContext.invokeChannelRead(AbstractChannelHandlerContext.java:366)\n\tat io.netty.channel.Abstr...
[debug] &amp#27;[38;5;128m[W3C]&amp#27;[0m Matched W3C error code 'no such element' to NoSuchElementError
[debug] &amp#27;[38;5;32m[AndroidUiautomator2Driver@b227 (fe0cd291)]&amp#27;[0m Waited for 1052 ms so far
[debug] &amp#27;[38;5;32m[AndroidUiautomator2Driver@b227 (fe0cd291)]&amp#27;[0m Matched '/element' to command name 'findElement'
[debug] &amp#27;[38;5;32m[AndroidUiautomator2Driver@b227 (fe0cd291)]&amp#27;[0m Proxying [POST /element] to [POST http://127.0.0.1:8200/session/85989a46-cbdd-4bd4-a501-a859808a0843/element] with body: {"strategy":"xpath","selector":"//android.widget.Button[@text='Allow']","context":"","multiple":false}
&amp#27;[38;5;32m[AndroidUiautomator2Driver@b227 (fe0cd291)]&amp#27;[0m Got response with status 404: {"sessionId":"85989a46-cbdd-4bd4-a501-a859808a0843","value":{"error":"no such element","message":"An element could not be located on the page using the given search parameters","stacktrace":"io.appium.uiautomator2.common.exceptions.ElementNotFoundException: An element could not be located on the page using the given search parameters\n\tat io.appium.uiautomator2.utils.ElementLocationHelpers.findElement(ElementLocationHelpers.java:156)\n\tat io.appium.uiautomator2.handler.FindElement.safeHandle(FindElement.java:60)\n\tat io.appium.uiautomator2.handler.request.SafeRequestHandler.handle(SafeRequestHandler.java:59)\n\tat io.appium.uiautomator2.server.AppiumServlet.handleRequest(AppiumServlet.java:277)\n\tat io.appium.uiautomator2.server.AppiumServlet.handleHttpRequest(AppiumServlet.java:271)\n\tat io.appium.uiautomator2.http.ServerHandler.channelRead(ServerHandler.java:68)\n\tat io.netty.channel.AbstractChannelHandlerContext.invokeChannelRead(AbstractChannelHandlerContext.java:366)\n\tat io.netty.channel.Abstr...
[debug] &amp#27;[38;5;128m[W3C]&amp#27;[0m Matched W3C error code 'no such element' to NoSuchElementError
[debug] &amp#27;[38;5;32m[AndroidUiautomator2Driver@b227 (fe0cd291)]&amp#27;[0m Waited for 1585 ms so far
[debug] &amp#27;[38;5;32m[AndroidUiautomator2Driver@b227 (fe0cd291)]&amp#27;[0m Matched '/element' to command name 'findElement'
[debug] &amp#27;[38;5;32m[AndroidUiautomator2Driver@b227 (fe0cd291)]&amp#27;[0m Proxying [POST /element] to [POST http://127.0.0.1:8200/session/85989a46-cbdd-4bd4-a501-a859808a0843/element] with body: {"strategy":"xpath","selector":"//android.widget.Button[@text='Allow']","context":"","multiple":false}
&amp#27;[38;5;32m[AndroidUiautomator2Driver@b227 (fe0cd291)]&amp#27;[0m Got response with status 404: {"sessionId":"85989a46-cbdd-4bd4-a501-a859808a0843","value":{"error":"no such element","message":"An element could not be located on the page using the given search parameters","stacktrace":"io.appium.uiautomator2.common.exceptions.ElementNotFoundException: An element could not be located on the page using the given search parameters\n\tat io.appium.uiautomator2.utils.ElementLocationHelpers.findElement(ElementLocationHelpers.java:156)\n\tat io.appium.uiautomator2.handler.FindElement.safeHandle(FindElement.java:60)\n\tat io.appium.uiautomator2.handler.request.SafeRequestHandler.handle(SafeRequestHandler.java:59)\n\tat io.appium.uiautomator2.server.AppiumServlet.handleRequest(AppiumServlet.java:277)\n\tat io.appium.uiautomator2.server.AppiumServlet.handleHttpRequest(AppiumServlet.java:271)\n\tat io.appium.uiautomator2.http.ServerHandler.channelRead(ServerHandler.java:68)\n\tat io.netty.channel.AbstractChannelHandlerContext.invokeChannelRead(AbstractChannelHandlerContext.java:366)\n\tat io.netty.channel.Abstr...
[debug] &amp#27;[38;5;128m[W3C]&amp#27;[0m Matched W3C error code 'no such element' to NoSuchElementError
[debug] &amp#27;[38;5;32m[AndroidUiautomator2Driver@b227 (fe0cd291)]&amp#27;[0m Waited for 2114 ms so far
[debug] &amp#27;[38;5;32m[AndroidUiautomator2Driver@b227 (fe0cd291)]&amp#27;[0m Matched '/element' to command name 'findElement'
[debug] &amp#27;[38;5;32m[AndroidUiautomator2Driver@b227 (fe0cd291)]&amp#27;[0m Proxying [POST /element] to [POST http://127.0.0.1:8200/session/85989a46-cbdd-4bd4-a501-a859808a0843/element] with body: {"strategy":"xpath","selector":"//android.widget.Button[@text='Allow']","context":"","multiple":false}
&amp#27;[38;5;32m[AndroidUiautomator2Driver@b227 (fe0cd291)]&amp#27;[0m Got response with status 404: {"sessionId":"85989a46-cbdd-4bd4-a501-a859808a0843","value":{"error":"no such element","message":"An element could not be located on the page using the given search parameters","stacktrace":"io.appium.uiautomator2.common.exceptions.ElementNotFoundException: An element could not be located on the page using the given search parameters\n\tat io.appium.uiautomator2.utils.ElementLocationHelpers.findElement(ElementLocationHelpers.java:156)\n\tat io.appium.uiautomator2.handler.FindElement.safeHandle(FindElement.java:60)\n\tat io.appium.uiautomator2.handler.request.SafeRequestHandler.handle(SafeRequestHandler.java:59)\n\tat io.appium.uiautomator2.server.AppiumServlet.handleRequest(AppiumServlet.java:277)\n\tat io.appium.uiautomator2.server.AppiumServlet.handleHttpRequest(AppiumServlet.java:271)\n\tat io.appium.uiautomator2.http.ServerHandler.channelRead(ServerHandler.java:68)\n\tat io.netty.channel.AbstractChannelHandlerContext.invokeChannelRead(AbstractChannelHandlerContext.java:366)\n\tat io.netty.channel.Abstr...
[debug] &amp#27;[38;5;128m[W3C]&amp#27;[0m Matched W3C error code 'no such element' to NoSuchElementError
[debug] &amp#27;[38;5;32m[AndroidUiautomator2Driver@b227 (fe0cd291)]&amp#27;[0m Waited for 2640 ms so far
[debug] &amp#27;[38;5;32m[AndroidUiautomator2Driver@b227 (fe0cd291)]&amp#27;[0m Matched '/element' to command name 'findElement'
[debug] &amp#27;[38;5;32m[AndroidUiautomator2Driver@b227 (fe0cd291)]&amp#27;[0m Proxying [POST /element] to [POST http://127.0.0.1:8200/session/85989a46-cbdd-4bd4-a501-a859808a0843/element] with body: {"strategy":"xpath","selector":"//android.widget.Button[@text='Allow']","context":"","multiple":false}
&amp#27;[38;5;32m[AndroidUiautomator2Driver@b227 (fe0cd291)]&amp#27;[0m Got response with status 404: {"sessionId":"85989a46-cbdd-4bd4-a501-a859808a0843","value":{"error":"no such element","message":"An element could not be located on the page using the given search parameters","stacktrace":"io.appium.uiautomator2.common.exceptions.ElementNotFoundException: An element could not be located on the page using the given search parameters\n\tat io.appium.uiautomator2.utils.ElementLocationHelpers.findElement(ElementLocationHelpers.java:156)\n\tat io.appium.uiautomator2.handler.FindElement.safeHandle(FindElement.java:60)\n\tat io.appium.uiautomator2.handler.request.SafeRequestHandler.handle(SafeRequestHandler.java:59)\n\tat io.appium.uiautomator2.server.AppiumServlet.handleRequest(AppiumServlet.java:277)\n\tat io.appium.uiautomator2.server.AppiumServlet.handleHttpRequest(AppiumServlet.java:271)\n\tat io.appium.uiautomator2.http.ServerHandler.channelRead(ServerHandler.java:68)\n\tat io.netty.channel.AbstractChannelHandlerContext.invokeChannelRead(AbstractChannelHandlerContext.java:366)\n\tat io.netty.channel.Abstr...
[debug] &amp#27;[38;5;128m[W3C]&amp#27;[0m Matched W3C error code 'no such element' to NoSuchElementError
[debug] &amp#27;[38;5;32m[AndroidUiautomator2Driver@b227 (fe0cd291)]&amp#27;[0m Waited for 3176 ms so far
[debug] &amp#27;[38;5;32m[AndroidUiautomator2Driver@b227 (fe0cd291)]&amp#27;[0m Matched '/element' to command name 'findElement'
[debug] &amp#27;[38;5;32m[AndroidUiautomator2Driver@b227 (fe0cd291)]&amp#27;[0m Proxying [POST /element] to [POST http://127.0.0.1:8200/session/85989a46-cbdd-4bd4-a501-a859808a0843/element] with body: {"strategy":"xpath","selector":"//android.widget.Button[@text='Allow']","context":"","multiple":false}
&amp#27;[38;5;32m[AndroidUiautomator2Driver@b227 (fe0cd291)]&amp#27;[0m Got response with status 404: {"sessionId":"85989a46-cbdd-4bd4-a501-a859808a0843","value":{"error":"no such element","message":"An element could not be located on the page using the given search parameters","stacktrace":"io.appium.uiautomator2.common.exceptions.ElementNotFoundException: An element could not be located on the page using the given search parameters\n\tat io.appium.uiautomator2.utils.ElementLocationHelpers.findElement(ElementLocationHelpers.java:156)\n\tat io.appium.uiautomator2.handler.FindElement.safeHandle(FindElement.java:60)\n\tat io.appium.uiautomator2.handler.request.SafeRequestHandler.handle(SafeRequestHandler.java:59)\n\tat io.appium.uiautomator2.server.AppiumServlet.handleRequest(AppiumServlet.java:277)\n\tat io.appium.uiautomator2.server.AppiumServlet.handleHttpRequest(AppiumServlet.java:271)\n\tat io.appium.uiautomator2.http.ServerHandler.channelRead(ServerHandler.java:68)\n\tat io.netty.channel.AbstractChannelHandlerContext.invokeChannelRead(AbstractChannelHandlerContext.java:366)\n\tat io.netty.channel.Abstr...
[debug] &amp#27;[38;5;128m[W3C]&amp#27;[0m Matched W3C error code 'no such element' to NoSuchElementError
[debug] &amp#27;[38;5;32m[AndroidUiautomator2Driver@b227 (fe0cd291)]&amp#27;[0m Waited for 3712 ms so far
[debug] &amp#27;[38;5;32m[AndroidUiautomator2Driver@b227 (fe0cd291)]&amp#27;[0m Matched '/element' to command name 'findElement'
[debug] &amp#27;[38;5;32m[AndroidUiautomator2Driver@b227 (fe0cd291)]&amp#27;[0m Proxying [POST /element] to [POST http://127.0.0.1:8200/session/85989a46-cbdd-4bd4-a501-a859808a0843/element] with body: {"strategy":"xpath","selector":"//android.widget.Button[@text='Allow']","context":"","multiple":false}
&amp#27;[38;5;32m[AndroidUiautomator2Driver@b227 (fe0cd291)]&amp#27;[0m Got response with status 404: {"sessionId":"85989a46-cbdd-4bd4-a501-a859808a0843","value":{"error":"no such element","message":"An element could not be located on the page using the given search parameters","stacktrace":"io.appium.uiautomator2.common.exceptions.ElementNotFoundException: An element could not be located on the page using the given search parameters\n\tat io.appium.uiautomator2.utils.ElementLocationHelpers.findElement(ElementLocationHelpers.java:156)\n\tat io.appium.uiautomator2.handler.FindElement.safeHandle(FindElement.java:60)\n\tat io.appium.uiautomator2.handler.request.SafeRequestHandler.handle(SafeRequestHandler.java:59)\n\tat io.appium.uiautomator2.server.AppiumServlet.handleRequest(AppiumServlet.java:277)\n\tat io.appium.uiautomator2.server.AppiumServlet.handleHttpRequest(AppiumServlet.java:271)\n\tat io.appium.uiautomator2.http.ServerHandler.channelRead(ServerHandler.java:68)\n\tat io.netty.channel.AbstractChannelHandlerContext.invokeChannelRead(AbstractChannelHandlerContext.java:366)\n\tat io.netty.channel.Abstr...
[debug] &amp#27;[38;5;128m[W3C]&amp#27;[0m Matched W3C error code 'no such element' to NoSuchElementError
[debug] &amp#27;[38;5;32m[AndroidUiautomator2Driver@b227 (fe0cd291)]&amp#27;[0m Waited for 4248 ms so far
[debug] &amp#27;[38;5;32m[AndroidUiautomator2Driver@b227 (fe0cd291)]&amp#27;[0m Matched '/element' to command name 'findElement'
[debug] &amp#27;[38;5;32m[AndroidUiautomator2Driver@b227 (fe0cd291)]&amp#27;[0m Proxying [POST /element] to [POST http://127.0.0.1:8200/session/85989a46-cbdd-4bd4-a501-a859808a0843/element] with body: {"strategy":"xpath","selector":"//android.widget.Button[@text='Allow']","context":"","multiple":false}
&amp#27;[38;5;32m[AndroidUiautomator2Driver@b227 (fe0cd291)]&amp#27;[0m Got response with status 404: {"sessionId":"85989a46-cbdd-4bd4-a501-a859808a0843","value":{"error":"no such element","message":"An element could not be located on the page using the given search parameters","stacktrace":"io.appium.uiautomator2.common.exceptions.ElementNotFoundException: An element could not be located on the page using the given search parameters\n\tat io.appium.uiautomator2.utils.ElementLocationHelpers.findElement(ElementLocationHelpers.java:156)\n\tat io.appium.uiautomator2.handler.FindElement.safeHandle(FindElement.java:60)\n\tat io.appium.uiautomator2.handler.request.SafeRequestHandler.handle(SafeRequestHandler.java:59)\n\tat io.appium.uiautomator2.server.AppiumServlet.handleRequest(AppiumServlet.java:277)\n\tat io.appium.uiautomator2.server.AppiumServlet.handleHttpRequest(AppiumServlet.java:271)\n\tat io.appium.uiautomator2.http.ServerHandler.channelRead(ServerHandler.java:68)\n\tat io.netty.channel.AbstractChannelHandlerContext.invokeChannelRead(AbstractChannelHandlerContext.java:366)\n\tat io.netty.channel.Abstr...
[debug] &amp#27;[38;5;128m[W3C]&amp#27;[0m Matched W3C error code 'no such element' to NoSuchElementError
[debug] &amp#27;[38;5;32m[AndroidUiautomator2Driver@b227 (fe0cd291)]&amp#27;[0m Waited for 4785 ms so far
[debug] &amp#27;[38;5;32m[AndroidUiautomator2Driver@b227 (fe0cd291)]&amp#27;[0m Matched '/element' to command name 'findElement'
[debug] &amp#27;[38;5;32m[AndroidUiautomator2Driver@b227 (fe0cd291)]&amp#27;[0m Proxying [POST /element] to [POST http://127.0.0.1:8200/session/85989a46-cbdd-4bd4-a501-a859808a0843/element] with body: {"strategy":"xpath","selector":"//android.widget.Button[@text='Allow']","context":"","multiple":false}
&amp#27;[38;5;32m[AndroidUiautomator2Driver@b227 (fe0cd291)]&amp#27;[0m Got response with status 404: {"sessionId":"85989a46-cbdd-4bd4-a501-a859808a0843","value":{"error":"no such element","message":"An element could not be located on the page using the given search parameters","stacktrace":"io.appium.uiautomator2.common.exceptions.ElementNotFoundException: An element could not be located on the page using the given search parameters\n\tat io.appium.uiautomator2.utils.ElementLocationHelpers.findElement(ElementLocationHelpers.java:156)\n\tat io.appium.uiautomator2.handler.FindElement.safeHandle(FindElement.java:60)\n\tat io.appium.uiautomator2.handler.request.SafeRequestHandler.handle(SafeRequestHandler.java:59)\n\tat io.appium.uiautomator2.server.AppiumServlet.handleRequest(AppiumServlet.java:277)\n\tat io.appium.uiautomator2.server.AppiumServlet.handleHttpRequest(AppiumServlet.java:271)\n\tat io.appium.uiautomator2.http.ServerHandler.channelRead(ServerHandler.java:68)\n\tat io.netty.channel.AbstractChannelHandlerContext.invokeChannelRead(AbstractChannelHandlerContext.java:366)\n\tat io.netty.channel.Abstr...
[debug] &amp#27;[38;5;128m[W3C]&amp#27;[0m Matched W3C error code 'no such element' to NoSuchElementError
[debug] &amp#27;[38;5;32m[AndroidUiautomator2Driver@b227 (fe0cd291)]&amp#27;[0m Waited for 5309 ms so far
[debug] &amp#27;[38;5;32m[AndroidUiautomator2Driver@b227 (fe0cd291)]&amp#27;[0m Matched '/element' to command name 'findElement'
[debug] &amp#27;[38;5;32m[AndroidUiautomator2Driver@b227 (fe0cd291)]&amp#27;[0m Proxying [POST /element] to [POST http://127.0.0.1:8200/session/85989a46-cbdd-4bd4-a501-a859808a0843/element] with body: {"strategy":"xpath","selector":"//android.widget.Button[@text='Allow']","context":"","multiple":false}
&amp#27;[38;5;32m[AndroidUiautomator2Driver@b227 (fe0cd291)]&amp#27;[0m Got response with status 404: {"sessionId":"85989a46-cbdd-4bd4-a501-a859808a0843","value":{"error":"no such element","message":"An element could not be located on the page using the given search parameters","stacktrace":"io.appium.uiautomator2.common.exceptions.ElementNotFoundException: An element could not be located on the page using the given search parameters\n\tat io.appium.uiautomator2.utils.ElementLocationHelpers.findElement(ElementLocationHelpers.java:156)\n\tat io.appium.uiautomator2.handler.FindElement.safeHandle(FindElement.java:60)\n\tat io.appium.uiautomator2.handler.request.SafeRequestHandler.handle(SafeRequestHandler.java:59)\n\tat io.appium.uiautomator2.server.AppiumServlet.handleRequest(AppiumServlet.java:277)\n\tat io.appium.uiautomator2.server.AppiumServlet.handleHttpRequest(AppiumServlet.java:271)\n\tat io.appium.uiautomator2.http.ServerHandler.channelRead(ServerHandler.java:68)\n\tat io.netty.channel.AbstractChannelHandlerContext.invokeChannelRead(AbstractChannelHandlerContext.java:366)\n\tat io.netty.channel.Abstr...
[debug] &amp#27;[38;5;128m[W3C]&amp#27;[0m Matched W3C error code 'no such element' to NoSuchElementError
[debug] &amp#27;[38;5;32m[AndroidUiautomator2Driver@b227 (fe0cd291)]&amp#27;[0m Waited for 5832 ms so far
[debug] &amp#27;[38;5;32m[AndroidUiautomator2Driver@b227 (fe0cd291)]&amp#27;[0m Matched '/element' to command name 'findElement'
[debug] &amp#27;[38;5;32m[AndroidUiautomator2Driver@b227 (fe0cd291)]&amp#27;[0m Proxying [POST /element] to [POST http://127.0.0.1:8200/session/85989a46-cbdd-4bd4-a501-a859808a0843/element] with body: {"strategy":"xpath","selector":"//android.widget.Button[@text='Allow']","context":"","multiple":false}
&amp#27;[38;5;32m[AndroidUiautomator2Driver@b227 (fe0cd291)]&amp#27;[0m Got response with status 404: {"sessionId":"85989a46-cbdd-4bd4-a501-a859808a0843","value":{"error":"no such element","message":"An element could not be located on the page using the given search parameters","stacktrace":"io.appium.uiautomator2.common.exceptions.ElementNotFoundException: An element could not be located on the page using the given search parameters\n\tat io.appium.uiautomator2.utils.ElementLocationHelpers.findElement(ElementLocationHelpers.java:156)\n\tat io.appium.uiautomator2.handler.FindElement.safeHandle(FindElement.java:60)\n\tat io.appium.uiautomator2.handler.request.SafeRequestHandler.handle(SafeRequestHandler.java:59)\n\tat io.appium.uiautomator2.server.AppiumServlet.handleRequest(AppiumServlet.java:277)\n\tat io.appium.uiautomator2.server.AppiumServlet.handleHttpRequest(AppiumServlet.java:271)\n\tat io.appium.uiautomator2.http.ServerHandler.channelRead(ServerHandler.java:68)\n\tat io.netty.channel.AbstractChannelHandlerContext.invokeChannelRead(AbstractChannelHandlerContext.java:366)\n\tat io.netty.channel.Abstr...
[debug] &amp#27;[38;5;128m[W3C]&amp#27;[0m Matched W3C error code 'no such element' to NoSuchElementError
[debug] &amp#27;[38;5;32m[AndroidUiautomator2Driver@b227 (fe0cd291)]&amp#27;[0m Encountered internal error running command: NoSuchElementError: An element could not be located on the page using the given search parameters.
[debug] &amp#27;[38;5;32m[AndroidUiautomator2Driver@b227 (fe0cd291)]&amp#27;[0m     at AndroidUiautomator2Driver.findElOrEls (C:\Users\daniel.ogagavworia\.appium\node_modules\appium-uiautomator2-driver\node_modules\appium-android-driver\lib\commands\find.js:75:11)
[debug] &amp#27;[38;5;32m[AndroidUiautomator2Driver@b227 (fe0cd291)]&amp#27;[0m     at processTicksAndRejections (node:internal/process/task_queues:95:5)
[debug] &amp#27;[38;5;32m[AndroidUiautomator2Driver@b227 (fe0cd291)]&amp#27;[0m     at AndroidUiautomator2Driver.findElOrElsWithProcessing (C:\Users\daniel.ogagavworia\AppData\Roaming\npm\node_modules\appium\node_modules\@appium\base-driver\lib\basedriver\commands\find.ts:60:12)
[debug] &amp#27;[38;5;32m[AndroidUiautomator2Driver@b227 (fe0cd291)]&amp#27;[0m     at AndroidUiautomator2Driver.findElement (C:\Users\daniel.ogagavworia\AppData\Roaming\npm\node_modules\appium\node_modules\@appium\base-driver\lib\basedriver\commands\find.ts:75:12)
&amp#27;[38;5;0m[HTTP]&amp#27;[0m &amp#27;[37m<-- POST /session/fe0cd291-8f79-4212-8568-b4785b2dee12/element &amp#27;[39m&amp#27;[33m404&amp#27;[39m &amp#27;[90m6029 ms - 929&amp#27;[39m
&amp#27;[38;5;0m[HTTP]&amp#27;[0m &amp#27;[90m&amp#27;[39m
&amp#27;[38;5;0m[HTTP]&amp#27;[0m &amp#27;[37m-->&amp#27;[39m &amp#27;[37mPOST&amp#27;[39m &amp#27;[37m/session/fe0cd291-8f79-4212-8568-b4785b2dee12/element&amp#27;[39m
&amp#27;[38;5;0m[HTTP]&amp#27;[0m &amp#27;[90m{"using":"xpath","value":"//android.widget.TextView[@text='REGISTER']"}&amp#27;[39m
[debug] &amp#27;[38;5;32m[AndroidUiautomator2Driver@b227 (fe0cd291)]&amp#27;[0m Calling AppiumDriver.findElement() with args: ["xpath","//android.widget.TextView[@text='REGISTER']","fe0cd291-8f79-4212-8568-b4785b2dee12"]
[debug] &amp#27;[38;5;32m[AndroidUiautomator2Driver@b227 (fe0cd291)]&amp#27;[0m Valid locator strategies for this request: xpath, id, class name, accessibility id, css selector, -android uiautomator
[debug] &amp#27;[38;5;32m[AndroidUiautomator2Driver@b227 (fe0cd291)]&amp#27;[0m Waiting up to 6000 ms for condition
[debug] &amp#27;[38;5;32m[AndroidUiautomator2Driver@b227 (fe0cd291)]&amp#27;[0m Matched '/element' to command name 'findElement'
[debug] &amp#27;[38;5;32m[AndroidUiautomator2Driver@b227 (fe0cd291)]&amp#27;[0m Proxying [POST /element] to [POST http://127.0.0.1:8200/session/85989a46-cbdd-4bd4-a501-a859808a0843/element] with body: {"strategy":"xpath","selector":"//android.widget.TextView[@text='REGISTER']","context":"","multiple":false}
[debug] &amp#27;[38;5;32m[AndroidUiautomator2Driver@b227 (fe0cd291)]&amp#27;[0m Got response with status 200: {"sessionId":"85989a46-cbdd-4bd4-a501-a859808a0843","value":{"ELEMENT":"00000000-0000-0032-ffff-ffff0000002e","element-6066-11e4-a52e-4f735466cecf":"00000000-0000-0032-ffff-ffff0000002e"}}
[debug] &amp#27;[38;5;32m[AndroidUiautomator2Driver@b227 (fe0cd291)]&amp#27;[0m Responding to client with driver.findElement() result: {"element-6066-11e4-a52e-4f735466cecf":"00000000-0000-0032-ffff-ffff0000002e","ELEMENT":"00000000-0000-0032-ffff-ffff0000002e"}
&amp#27;[38;5;0m[HTTP]&amp#27;[0m &amp#27;[37m<-- POST /session/fe0cd291-8f79-4212-8568-b4785b2dee12/element &amp#27;[39m&amp#27;[32m200&amp#27;[39m &amp#27;[90m15 ms - 137&amp#27;[39m
&amp#27;[38;5;0m[HTTP]&amp#27;[0m &amp#27;[90m&amp#27;[39m
&amp#27;[38;5;0m[HTTP]&amp#27;[0m &amp#27;[37m-->&amp#27;[39m &amp#27;[37mPOST&amp#27;[39m &amp#27;[37m/session/fe0cd291-8f79-4212-8568-b4785b2dee12/element/00000000-0000-0032-ffff-ffff0000002e/click&amp#27;[39m
&amp#27;[38;5;0m[HTTP]&amp#27;[0m &amp#27;[90m{"id":"00000000-0000-0032-ffff-ffff0000002e"}&amp#27;[39m
[debug] &amp#27;[38;5;32m[AndroidUiautomator2Driver@b227 (fe0cd291)]&amp#27;[0m Calling AppiumDriver.click() with args: ["00000000-0000-0032-ffff-ffff0000002e","fe0cd291-8f79-4212-8568-b4785b2dee12"]
[debug] &amp#27;[38;5;32m[AndroidUiautomator2Driver@b227 (fe0cd291)]&amp#27;[0m Matched '/element/00000000-0000-0032-ffff-ffff0000002e/click' to command name 'click'
[debug] &amp#27;[38;5;32m[AndroidUiautomator2Driver@b227 (fe0cd291)]&amp#27;[0m Proxying [POST /element/00000000-0000-0032-ffff-ffff0000002e/click] to [POST http://127.0.0.1:8200/session/85989a46-cbdd-4bd4-a501-a859808a0843/element/00000000-0000-0032-ffff-ffff0000002e/click] with body: {"element":"00000000-0000-0032-ffff-ffff0000002e"}
[debug] &amp#27;[38;5;32m[AndroidUiautomator2Driver@b227 (fe0cd291)]&amp#27;[0m Got response with status 200: {"sessionId":"85989a46-cbdd-4bd4-a501-a859808a0843","value":null}
[debug] &amp#27;[38;5;32m[AndroidUiautomator2Driver@b227 (fe0cd291)]&amp#27;[0m Responding to client with driver.click() result: null
&amp#27;[38;5;0m[HTTP]&amp#27;[0m &amp#27;[37m<-- POST /session/fe0cd291-8f79-4212-8568-b4785b2dee12/element/00000000-0000-0032-ffff-ffff0000002e/click &amp#27;[39m&amp#27;[32m200&amp#27;[39m &amp#27;[90m52 ms - 14&amp#27;[39m
&amp#27;[38;5;0m[HTTP]&amp#27;[0m &amp#27;[90m&amp#27;[39m
&amp#27;[38;5;0m[HTTP]&amp#27;[0m &amp#27;[37m-->&amp#27;[39m &amp#27;[37mPOST&amp#27;[39m &amp#27;[37m/session/fe0cd291-8f79-4212-8568-b4785b2dee12/timeouts&amp#27;[39m
&amp#27;[38;5;0m[HTTP]&amp#27;[0m &amp#27;[90m{"implicit":10000}&amp#27;[39m
[debug] &amp#27;[38;5;32m[AndroidUiautomator2Driver@b227 (fe0cd291)]&amp#27;[0m Calling AppiumDriver.timeouts() with args: [null,null,null,null,10000,"fe0cd291-8f79-4212-8568-b4785b2dee12"]
[debug] &amp#27;[38;5;32m[AndroidUiautomator2Driver@b227 (fe0cd291)]&amp#27;[0m W3C timeout argument: {"implicit":10000}}
[debug] &amp#27;[38;5;32m[AndroidUiautomator2Driver@b227 (fe0cd291)]&amp#27;[0m Set implicit wait to 10000ms
[debug] &amp#27;[38;5;32m[AndroidUiautomator2Driver@b227 (fe0cd291)]&amp#27;[0m Responding to client with driver.timeouts() result: null
&amp#27;[38;5;0m[HTTP]&amp#27;[0m &amp#27;[37m<-- POST /session/fe0cd291-8f79-4212-8568-b4785b2dee12/timeouts &amp#27;[39m&amp#27;[32m200&amp#27;[39m &amp#27;[90m1 ms - 14&amp#27;[39m
&amp#27;[38;5;0m[HTTP]&amp#27;[0m &amp#27;[90m&amp#27;[39m
&amp#27;[38;5;0m[HTTP]&amp#27;[0m &amp#27;[37m-->&amp#27;[39m &amp#27;[37mPOST&amp#27;[39m &amp#27;[37m/session/fe0cd291-8f79-4212-8568-b4785b2dee12/element&amp#27;[39m
&amp#27;[38;5;0m[HTTP]&amp#27;[0m &amp#27;[90m{"using":"xpath","value":"//android.widget.EditText[@index=3]"}&amp#27;[39m
[debug] &amp#27;[38;5;32m[AndroidUiautomator2Driver@b227 (fe0cd291)]&amp#27;[0m Calling AppiumDriver.findElement() with args: ["xpath","//android.widget.EditText[@index=3]","fe0cd291-8f79-4212-8568-b4785b2dee12"]
[debug] &amp#27;[38;5;32m[AndroidUiautomator2Driver@b227 (fe0cd291)]&amp#27;[0m Valid locator strategies for this request: xpath, id, class name, accessibility id, css selector, -android uiautomator
[debug] &amp#27;[38;5;32m[AndroidUiautomator2Driver@b227 (fe0cd291)]&amp#27;[0m Waiting up to 10000 ms for condition
[debug] &amp#27;[38;5;32m[AndroidUiautomator2Driver@b227 (fe0cd291)]&amp#27;[0m Matched '/element' to command name 'findElement'
[debug] &amp#27;[38;5;32m[AndroidUiautomator2Driver@b227 (fe0cd291)]&amp#27;[0m Proxying [POST /element] to [POST http://127.0.0.1:8200/session/85989a46-cbdd-4bd4-a501-a859808a0843/element] with body: {"strategy":"xpath","selector":"//android.widget.EditText[@index=3]","context":"","multiple":false}
&amp#27;[38;5;32m[AndroidUiautomator2Driver@b227 (fe0cd291)]&amp#27;[0m Got response with status 404: {"sessionId":"85989a46-cbdd-4bd4-a501-a859808a0843","value":{"error":"no such element","message":"An element could not be located on the page using the given search parameters","stacktrace":"io.appium.uiautomator2.common.exceptions.ElementNotFoundException: An element could not be located on the page using the given search parameters\n\tat io.appium.uiautomator2.utils.ElementLocationHelpers.findElement(ElementLocationHelpers.java:156)\n\tat io.appium.uiautomator2.handler.FindElement.safeHandle(FindElement.java:60)\n\tat io.appium.uiautomator2.handler.request.SafeRequestHandler.handle(SafeRequestHandler.java:59)\n\tat io.appium.uiautomator2.server.AppiumServlet.handleRequest(AppiumServlet.java:277)\n\tat io.appium.uiautomator2.server.AppiumServlet.handleHttpRequest(AppiumServlet.java:271)\n\tat io.appium.uiautomator2.http.ServerHandler.channelRead(ServerHandler.java:68)\n\tat io.netty.channel.AbstractChannelHandlerContext.invokeChannelRead(AbstractChannelHandlerContext.java:366)\n\tat io.netty.channel.Abstr...
[debug] &amp#27;[38;5;128m[W3C]&amp#27;[0m Matched W3C error code 'no such element' to NoSuchElementError
[debug] &amp#27;[38;5;32m[AndroidUiautomator2Driver@b227 (fe0cd291)]&amp#27;[0m Waited for 19 ms so far
[debug] &amp#27;[38;5;32m[AndroidUiautomator2Driver@b227 (fe0cd291)]&amp#27;[0m Matched '/element' to command name 'findElement'
[debug] &amp#27;[38;5;32m[AndroidUiautomator2Driver@b227 (fe0cd291)]&amp#27;[0m Proxying [POST /element] to [POST http://127.0.0.1:8200/session/85989a46-cbdd-4bd4-a501-a859808a0843/element] with body: {"strategy":"xpath","selector":"//android.widget.EditText[@index=3]","context":"","multiple":false}
[debug] &amp#27;[38;5;32m[AndroidUiautomator2Driver@b227 (fe0cd291)]&amp#27;[0m Got response with status 200: {"sessionId":"85989a46-cbdd-4bd4-a501-a859808a0843","value":{"ELEMENT":"00000000-0000-0032-ffff-ffff000003fc","element-6066-11e4-a52e-4f735466cecf":"00000000-0000-0032-ffff-ffff000003fc"}}
[debug] &amp#27;[38;5;32m[AndroidUiautomator2Driver@b227 (fe0cd291)]&amp#27;[0m Responding to client with driver.findElement() result: {"element-6066-11e4-a52e-4f735466cecf":"00000000-0000-0032-ffff-ffff000003fc","ELEMENT":"00000000-0000-0032-ffff-ffff000003fc"}
&amp#27;[38;5;0m[HTTP]&amp#27;[0m &amp#27;[37m<-- POST /session/fe0cd291-8f79-4212-8568-b4785b2dee12/element &amp#27;[39m&amp#27;[32m200&amp#27;[39m &amp#27;[90m1022 ms - 137&amp#27;[39m
&amp#27;[38;5;0m[HTTP]&amp#27;[0m &amp#27;[90m&amp#27;[39m
&amp#27;[38;5;0m[HTTP]&amp#27;[0m &amp#27;[37m-->&amp#27;[39m &amp#27;[37mPOST&amp#27;[39m &amp#27;[37m/session/fe0cd291-8f79-4212-8568-b4785b2dee12/element/00000000-0000-0032-ffff-ffff000003fc/value&amp#27;[39m
&amp#27;[38;5;0m[HTTP]&amp#27;[0m &amp#27;[90m{"id":"00000000-0000-0032-ffff-ffff000003fc","text":"Daniel Ogaga","value":["D","a","n","i","e","l"," ","O","g","a","g","a"]}&amp#27;[39m
[debug] &amp#27;[38;5;32m[AndroidUiautomator2Driver@b227 (fe0cd291)]&amp#27;[0m Calling AppiumDriver.setValue() with args: [["D","a","n","i","e","l"," ","O","g","a","g","a"],"00000000-0000-0032-ffff-ffff000003fc","fe0cd291-8f79-4212-8568-b4785b2dee12"]
[debug] &amp#27;[38;5;32m[AndroidUiautomator2Driver@b227 (fe0cd291)]&amp#27;[0m Matched '/element/00000000-0000-0032-ffff-ffff000003fc/value' to command name 'setValue'
[debug] &amp#27;[38;5;32m[AndroidUiautomator2Driver@b227 (fe0cd291)]&amp#27;[0m Added 'value' property ["D","a","n","i","e","l"," ","O","g","a","g","a"] to 'setValue' request body
[debug] &amp#27;[38;5;32m[AndroidUiautomator2Driver@b227 (fe0cd291)]&amp#27;[0m Proxying [POST /element/00000000-0000-0032-ffff-ffff000003fc/value] to [POST http://127.0.0.1:8200/session/85989a46-cbdd-4bd4-a501-a859808a0843/element/00000000-0000-0032-ffff-ffff000003fc/value] with body: {"elementId":"00000000-0000-0032-ffff-ffff000003fc","text":"Daniel Ogaga","replace":false,"value":["D","a","n","i","e","l"," ","O","g","a","g","a"]}
[debug] &amp#27;[38;5;32m[AndroidUiautomator2Driver@b227 (fe0cd291)]&amp#27;[0m Got response with status 200: {"sessionId":"85989a46-cbdd-4bd4-a501-a859808a0843","value":null}
[debug] &amp#27;[38;5;32m[AndroidUiautomator2Driver@b227 (fe0cd291)]&amp#27;[0m Responding to client with driver.setValue() result: null
&amp#27;[38;5;0m[HTTP]&amp#27;[0m &amp#27;[37m<-- POST /session/fe0cd291-8f79-4212-8568-b4785b2dee12/element/00000000-0000-0032-ffff-ffff000003fc/value &amp#27;[39m&amp#27;[32m200&amp#27;[39m &amp#27;[90m11 ms - 14&amp#27;[39m
&amp#27;[38;5;0m[HTTP]&amp#27;[0m &amp#27;[90m&amp#27;[39m
&amp#27;[38;5;0m[HTTP]&amp#27;[0m &amp#27;[37m-->&amp#27;[39m &amp#27;[37mPOST&amp#27;[39m &amp#27;[37m/session/fe0cd291-8f79-4212-8568-b4785b2dee12/element&amp#27;[39m
&amp#27;[38;5;0m[HTTP]&amp#27;[0m &amp#27;[90m{"using":"xpath","value":"//android.widget.EditText[@index=6]"}&amp#27;[39m
[debug] &amp#27;[38;5;32m[AndroidUiautomator2Driver@b227 (fe0cd291)]&amp#27;[0m Calling AppiumDriver.findElement() with args: ["xpath","//android.widget.EditText[@index=6]","fe0cd291-8f79-4212-8568-b4785b2dee12"]
[debug] &amp#27;[38;5;32m[AndroidUiautomator2Driver@b227 (fe0cd291)]&amp#27;[0m Valid locator strategies for this request: xpath, id, class name, accessibility id, css selector, -android uiautomator
[debug] &amp#27;[38;5;32m[AndroidUiautomator2Driver@b227 (fe0cd291)]&amp#27;[0m Waiting up to 10000 ms for condition
[debug] &amp#27;[38;5;32m[AndroidUiautomator2Driver@b227 (fe0cd291)]&amp#27;[0m Matched '/element' to command name 'findElement'
[debug] &amp#27;[38;5;32m[AndroidUiautomator2Driver@b227 (fe0cd291)]&amp#27;[0m Proxying [POST /element] to [POST http://127.0.0.1:8200/session/85989a46-cbdd-4bd4-a501-a859808a0843/element] with body: {"strategy":"xpath","selector":"//android.widget.EditText[@index=6]","context":"","multiple":false}
[debug] &amp#27;[38;5;32m[AndroidUiautomator2Driver@b227 (fe0cd291)]&amp#27;[0m Got response with status 200: {"sessionId":"85989a46-cbdd-4bd4-a501-a859808a0843","value":{"ELEMENT":"00000000-0000-0032-ffff-ffff000003ff","element-6066-11e4-a52e-4f735466cecf":"00000000-0000-0032-ffff-ffff000003ff"}}
[debug] &amp#27;[38;5;32m[AndroidUiautomator2Driver@b227 (fe0cd291)]&amp#27;[0m Responding to client with driver.findElement() result: {"element-6066-11e4-a52e-4f735466cecf":"00000000-0000-0032-ffff-ffff000003ff","ELEMENT":"00000000-0000-0032-ffff-ffff000003ff"}
&amp#27;[38;5;0m[HTTP]&amp#27;[0m &amp#27;[37m<-- POST /session/fe0cd291-8f79-4212-8568-b4785b2dee12/element &amp#27;[39m&amp#27;[32m200&amp#27;[39m &amp#27;[90m542 ms - 137&amp#27;[39m
&amp#27;[38;5;0m[HTTP]&amp#27;[0m &amp#27;[90m&amp#27;[39m
&amp#27;[38;5;0m[HTTP]&amp#27;[0m &amp#27;[37m-->&amp#27;[39m &amp#27;[37mPOST&amp#27;[39m &amp#27;[37m/session/fe0cd291-8f79-4212-8568-b4785b2dee12/element/00000000-0000-0032-ffff-ffff000003ff/value&amp#27;[39m
&amp#27;[38;5;0m[HTTP]&amp#27;[0m &amp#27;[90m{"id":"00000000-0000-0032-ffff-ffff000003ff","text":"vada.deckow@miucce.online","value":["v","a","d","a",".","d","e","c","k","o","w","@","m","i","u","c","c","e",".","o","n","l","i","n","e"]}&amp#27;[39m
[debug] &amp#27;[38;5;32m[AndroidUiautomator2Driver@b227 (fe0cd291)]&amp#27;[0m Calling AppiumDriver.setValue() with args: [["v","a","d","a",".","d","e","c","k","o","w","@","m","i","u","c","c","e",".","o","n","l","i","n","e"],"00000000-0000-0032-ffff-ffff000003ff","fe0cd291-8f79-4212-8568-b4785b2dee12"]
[debug] &amp#27;[38;5;32m[AndroidUiautomator2Driver@b227 (fe0cd291)]&amp#27;[0m Matched '/element/00000000-0000-0032-ffff-ffff000003ff/value' to command name 'setValue'
[debug] &amp#27;[38;5;32m[AndroidUiautomator2Driver@b227 (fe0cd291)]&amp#27;[0m Added 'value' property ["v","a","d","a",".","d","e","c","k","o","w","@","m","i","u","c","c","e",".","o","n","l","i","n","e"] to 'setValue' request body
[debug] &amp#27;[38;5;32m[AndroidUiautomator2Driver@b227 (fe0cd291)]&amp#27;[0m Proxying [POST /element/00000000-0000-0032-ffff-ffff000003ff/value] to [POST http://127.0.0.1:8200/session/85989a46-cbdd-4bd4-a501-a859808a0843/element/00000000-0000-0032-ffff-ffff000003ff/value] with body: {"elementId":"00000000-0000-0032-ffff-ffff000003ff","text":"vada.deckow@miucce.online","replace":false,"value":["v","a","d","a",".","d","e","c","k","o","w","@","m","i","u","c","c","e",".","o","n","l","i","n","e"]}
[debug] &amp#27;[38;5;32m[AndroidUiautomator2Driver@b227 (fe0cd291)]&amp#27;[0m Got response with status 200: {"sessionId":"85989a46-cbdd-4bd4-a501-a859808a0843","value":null}
[debug] &amp#27;[38;5;32m[AndroidUiautomator2Driver@b227 (fe0cd291)]&amp#27;[0m Responding to client with driver.setValue() result: null
&amp#27;[38;5;0m[HTTP]&amp#27;[0m &amp#27;[37m<-- POST /session/fe0cd291-8f79-4212-8568-b4785b2dee12/element/00000000-0000-0032-ffff-ffff000003ff/value &amp#27;[39m&amp#27;[32m200&amp#27;[39m &amp#27;[90m11 ms - 14&amp#27;[39m
&amp#27;[38;5;0m[HTTP]&amp#27;[0m &amp#27;[90m&amp#27;[39m
&amp#27;[38;5;0m[HTTP]&amp#27;[0m &amp#27;[37m-->&amp#27;[39m &amp#27;[37mPOST&amp#27;[39m &amp#27;[37m/session/fe0cd291-8f79-4212-8568-b4785b2dee12/element&amp#27;[39m
&amp#27;[38;5;0m[HTTP]&amp#27;[0m &amp#27;[90m{"using":"xpath","value":"//android.widget.EditText[@index=9]"}&amp#27;[39m
[debug] &amp#27;[38;5;32m[AndroidUiautomator2Driver@b227 (fe0cd291)]&amp#27;[0m Calling AppiumDriver.findElement() with args: ["xpath","//android.widget.EditText[@index=9]","fe0cd291-8f79-4212-8568-b4785b2dee12"]
[debug] &amp#27;[38;5;32m[AndroidUiautomator2Driver@b227 (fe0cd291)]&amp#27;[0m Valid locator strategies for this request: xpath, id, class name, accessibility id, css selector, -android uiautomator
[debug] &amp#27;[38;5;32m[AndroidUiautomator2Driver@b227 (fe0cd291)]&amp#27;[0m Waiting up to 10000 ms for condition
[debug] &amp#27;[38;5;32m[AndroidUiautomator2Driver@b227 (fe0cd291)]&amp#27;[0m Matched '/element' to command name 'findElement'
[debug] &amp#27;[38;5;32m[AndroidUiautomator2Driver@b227 (fe0cd291)]&amp#27;[0m Proxying [POST /element] to [POST http://127.0.0.1:8200/session/85989a46-cbdd-4bd4-a501-a859808a0843/element] with body: {"strategy":"xpath","selector":"//android.widget.EditText[@index=9]","context":"","multiple":false}
[debug] &amp#27;[38;5;32m[AndroidUiautomator2Driver@b227 (fe0cd291)]&amp#27;[0m Got response with status 200: {"sessionId":"85989a46-cbdd-4bd4-a501-a859808a0843","value":{"ELEMENT":"00000000-0000-0032-ffff-ffff00000402","element-6066-11e4-a52e-4f735466cecf":"00000000-0000-0032-ffff-ffff00000402"}}
[debug] &amp#27;[38;5;32m[AndroidUiautomator2Driver@b227 (fe0cd291)]&amp#27;[0m Responding to client with driver.findElement() result: {"element-6066-11e4-a52e-4f735466cecf":"00000000-0000-0032-ffff-ffff00000402","ELEMENT":"00000000-0000-0032-ffff-ffff00000402"}
&amp#27;[38;5;0m[HTTP]&amp#27;[0m &amp#27;[37m<-- POST /session/fe0cd291-8f79-4212-8568-b4785b2dee12/element &amp#27;[39m&amp#27;[32m200&amp#27;[39m &amp#27;[90m31 ms - 137&amp#27;[39m
&amp#27;[38;5;0m[HTTP]&amp#27;[0m &amp#27;[90m&amp#27;[39m
&amp#27;[38;5;0m[HTTP]&amp#27;[0m &amp#27;[37m-->&amp#27;[39m &amp#27;[37mPOST&amp#27;[39m &amp#27;[37m/session/fe0cd291-8f79-4212-8568-b4785b2dee12/element/00000000-0000-0032-ffff-ffff00000402/value&amp#27;[39m
&amp#27;[38;5;0m[HTTP]&amp#27;[0m &amp#27;[90m{"id":"00000000-0000-0032-ffff-ffff00000402","text":"08033443048","value":["0","8","0","3","3","4","4","3","0","4","8"]}&amp#27;[39m
[debug] &amp#27;[38;5;32m[AndroidUiautomator2Driver@b227 (fe0cd291)]&amp#27;[0m Calling AppiumDriver.setValue() with args: [["0","8","0","3","3","4","4","3","0","4","8"],"00000000-0000-0032-ffff-ffff00000402","fe0cd291-8f79-4212-8568-b4785b2dee12"]
[debug] &amp#27;[38;5;32m[AndroidUiautomator2Driver@b227 (fe0cd291)]&amp#27;[0m Matched '/element/00000000-0000-0032-ffff-ffff00000402/value' to command name 'setValue'
[debug] &amp#27;[38;5;32m[AndroidUiautomator2Driver@b227 (fe0cd291)]&amp#27;[0m Added 'value' property ["0","8","0","3","3","4","4","3","0","4","8"] to 'setValue' request body
[debug] &amp#27;[38;5;32m[AndroidUiautomator2Driver@b227 (fe0cd291)]&amp#27;[0m Proxying [POST /element/00000000-0000-0032-ffff-ffff00000402/value] to [POST http://127.0.0.1:8200/session/85989a46-cbdd-4bd4-a501-a859808a0843/element/00000000-0000-0032-ffff-ffff00000402/value] with body: {"elementId":"00000000-0000-0032-ffff-ffff00000402","text":"08033443048","replace":false,"value":["0","8","0","3","3","4","4","3","0","4","8"]}
[debug] &amp#27;[38;5;32m[AndroidUiautomator2Driver@b227 (fe0cd291)]&amp#27;[0m Got response with status 200: {"sessionId":"85989a46-cbdd-4bd4-a501-a859808a0843","value":null}
[debug] &amp#27;[38;5;32m[AndroidUiautomator2Driver@b227 (fe0cd291)]&amp#27;[0m Responding to client with driver.setValue() result: null
&amp#27;[38;5;0m[HTTP]&amp#27;[0m &amp#27;[37m<-- POST /session/fe0cd291-8f79-4212-8568-b4785b2dee12/element/00000000-0000-0032-ffff-ffff00000402/value &amp#27;[39m&amp#27;[32m200&amp#27;[39m &amp#27;[90m479 ms - 14&amp#27;[39m
&amp#27;[38;5;0m[HTTP]&amp#27;[0m &amp#27;[90m&amp#27;[39m
&amp#27;[38;5;0m[HTTP]&amp#27;[0m &amp#27;[37m-->&amp#27;[39m &amp#27;[37mPOST&amp#27;[39m &amp#27;[37m/session/fe0cd291-8f79-4212-8568-b4785b2dee12/element&amp#27;[39m
&amp#27;[38;5;0m[HTTP]&amp#27;[0m &amp#27;[90m{"using":"xpath","value":"//android.widget.EditText[@index=12]"}&amp#27;[39m
[debug] &amp#27;[38;5;32m[AndroidUiautomator2Driver@b227 (fe0cd291)]&amp#27;[0m Calling AppiumDriver.findElement() with args: ["xpath","//android.widget.EditText[@index=12]","fe0cd291-8f79-4212-8568-b4785b2dee12"]
[debug] &amp#27;[38;5;32m[AndroidUiautomator2Driver@b227 (fe0cd291)]&amp#27;[0m Valid locator strategies for this request: xpath, id, class name, accessibility id, css selector, -android uiautomator
[debug] &amp#27;[38;5;32m[AndroidUiautomator2Driver@b227 (fe0cd291)]&amp#27;[0m Waiting up to 10000 ms for condition
[debug] &amp#27;[38;5;32m[AndroidUiautomator2Driver@b227 (fe0cd291)]&amp#27;[0m Matched '/element' to command name 'findElement'
[debug] &amp#27;[38;5;32m[AndroidUiautomator2Driver@b227 (fe0cd291)]&amp#27;[0m Proxying [POST /element] to [POST http://127.0.0.1:8200/session/85989a46-cbdd-4bd4-a501-a859808a0843/element] with body: {"strategy":"xpath","selector":"//android.widget.EditText[@index=12]","context":"","multiple":false}
[debug] &amp#27;[38;5;32m[AndroidUiautomator2Driver@b227 (fe0cd291)]&amp#27;[0m Got response with status 200: {"sessionId":"85989a46-cbdd-4bd4-a501-a859808a0843","value":{"ELEMENT":"00000000-0000-0032-ffff-ffff00000405","element-6066-11e4-a52e-4f735466cecf":"00000000-0000-0032-ffff-ffff00000405"}}
[debug] &amp#27;[38;5;32m[AndroidUiautomator2Driver@b227 (fe0cd291)]&amp#27;[0m Responding to client with driver.findElement() result: {"element-6066-11e4-a52e-4f735466cecf":"00000000-0000-0032-ffff-ffff00000405","ELEMENT":"00000000-0000-0032-ffff-ffff00000405"}
&amp#27;[38;5;0m[HTTP]&amp#27;[0m &amp#27;[37m<-- POST /session/fe0cd291-8f79-4212-8568-b4785b2dee12/element &amp#27;[39m&amp#27;[32m200&amp#27;[39m &amp#27;[90m524 ms - 137&amp#27;[39m
&amp#27;[38;5;0m[HTTP]&amp#27;[0m &amp#27;[90m&amp#27;[39m
&amp#27;[38;5;0m[HTTP]&amp#27;[0m &amp#27;[37m-->&amp#27;[39m &amp#27;[37mPOST&amp#27;[39m &amp#27;[37m/session/fe0cd291-8f79-4212-8568-b4785b2dee12/element/00000000-0000-0032-ffff-ffff00000405/value&amp#27;[39m
&amp#27;[38;5;0m[HTTP]&amp#27;[0m &amp#27;[90m{"id":"00000000-0000-0032-ffff-ffff00000405","text":"password","value":["p","a","s","s","w","o","r","d"]}&amp#27;[39m
[debug] &amp#27;[38;5;32m[AndroidUiautomator2Driver@b227 (fe0cd291)]&amp#27;[0m Calling AppiumDriver.setValue() with args: [["p","a","s","s","w","o","r","d"],"00000000-0000-0032-ffff-ffff00000405","fe0cd291-8f79-4212-8568-b4785b2dee12"]
[debug] &amp#27;[38;5;32m[AndroidUiautomator2Driver@b227 (fe0cd291)]&amp#27;[0m Matched '/element/00000000-0000-0032-ffff-ffff00000405/value' to command name 'setValue'
[debug] &amp#27;[38;5;32m[AndroidUiautomator2Driver@b227 (fe0cd291)]&amp#27;[0m Added 'value' property ["p","a","s","s","w","o","r","d"] to 'setValue' request body
[debug] &amp#27;[38;5;32m[AndroidUiautomator2Driver@b227 (fe0cd291)]&amp#27;[0m Proxying [POST /element/00000000-0000-0032-ffff-ffff00000405/value] to [POST http://127.0.0.1:8200/session/85989a46-cbdd-4bd4-a501-a859808a0843/element/00000000-0000-0032-ffff-ffff00000405/value] with body: {"elementId":"00000000-0000-0032-ffff-ffff00000405","text":"password","replace":false,"value":["p","a","s","s","w","o","r","d"]}
[debug] &amp#27;[38;5;32m[AndroidUiautomator2Driver@b227 (fe0cd291)]&amp#27;[0m Got response with status 200: {"sessionId":"85989a46-cbdd-4bd4-a501-a859808a0843","value":null}
[debug] &amp#27;[38;5;32m[AndroidUiautomator2Driver@b227 (fe0cd291)]&amp#27;[0m Responding to client with driver.setValue() result: null
&amp#27;[38;5;0m[HTTP]&amp#27;[0m &amp#27;[37m<-- POST /session/fe0cd291-8f79-4212-8568-b4785b2dee12/element/00000000-0000-0032-ffff-ffff00000405/value &amp#27;[39m&amp#27;[32m200&amp#27;[39m &amp#27;[90m14 ms - 14&amp#27;[39m
&amp#27;[38;5;0m[HTTP]&amp#27;[0m &amp#27;[90m&amp#27;[39m
&amp#27;[38;5;0m[HTTP]&amp#27;[0m &amp#27;[37m-->&amp#27;[39m &amp#27;[37mPOST&amp#27;[39m &amp#27;[37m/session/fe0cd291-8f79-4212-8568-b4785b2dee12/element&amp#27;[39m
&amp#27;[38;5;0m[HTTP]&amp#27;[0m &amp#27;[90m{"using":"xpath","value":"//android.widget.TextView[@text='Register']"}&amp#27;[39m
[debug] &amp#27;[38;5;32m[AndroidUiautomator2Driver@b227 (fe0cd291)]&amp#27;[0m Calling AppiumDriver.findElement() with args: ["xpath","//android.widget.TextView[@text='Register']","fe0cd291-8f79-4212-8568-b4785b2dee12"]
[debug] &amp#27;[38;5;32m[AndroidUiautomator2Driver@b227 (fe0cd291)]&amp#27;[0m Valid locator strategies for this request: xpath, id, class name, accessibility id, css selector, -android uiautomator
[debug] &amp#27;[38;5;32m[AndroidUiautomator2Driver@b227 (fe0cd291)]&amp#27;[0m Waiting up to 10000 ms for condition
[debug] &amp#27;[38;5;32m[AndroidUiautomator2Driver@b227 (fe0cd291)]&amp#27;[0m Matched '/element' to command name 'findElement'
[debug] &amp#27;[38;5;32m[AndroidUiautomator2Driver@b227 (fe0cd291)]&amp#27;[0m Proxying [POST /element] to [POST http://127.0.0.1:8200/session/85989a46-cbdd-4bd4-a501-a859808a0843/element] with body: {"strategy":"xpath","selector":"//android.widget.TextView[@text='Register']","context":"","multiple":false}
[debug] &amp#27;[38;5;32m[AndroidUiautomator2Driver@b227 (fe0cd291)]&amp#27;[0m Got response with status 200: {"sessionId":"85989a46-cbdd-4bd4-a501-a859808a0843","value":{"ELEMENT":"00000000-0000-0032-ffff-ffff00000412","element-6066-11e4-a52e-4f735466cecf":"00000000-0000-0032-ffff-ffff00000412"}}
[debug] &amp#27;[38;5;32m[AndroidUiautomator2Driver@b227 (fe0cd291)]&amp#27;[0m Responding to client with driver.findElement() result: {"element-6066-11e4-a52e-4f735466cecf":"00000000-0000-0032-ffff-ffff00000412","ELEMENT":"00000000-0000-0032-ffff-ffff00000412"}
&amp#27;[38;5;0m[HTTP]&amp#27;[0m &amp#27;[37m<-- POST /session/fe0cd291-8f79-4212-8568-b4785b2dee12/element &amp#27;[39m&amp#27;[32m200&amp#27;[39m &amp#27;[90m40 ms - 137&amp#27;[39m
&amp#27;[38;5;0m[HTTP]&amp#27;[0m &amp#27;[90m&amp#27;[39m
&amp#27;[38;5;0m[HTTP]&amp#27;[0m &amp#27;[37m-->&amp#27;[39m &amp#27;[37mPOST&amp#27;[39m &amp#27;[37m/session/fe0cd291-8f79-4212-8568-b4785b2dee12/element/00000000-0000-0032-ffff-ffff00000412/click&amp#27;[39m
&amp#27;[38;5;0m[HTTP]&amp#27;[0m &amp#27;[90m{"id":"00000000-0000-0032-ffff-ffff00000412"}&amp#27;[39m
[debug] &amp#27;[38;5;32m[AndroidUiautomator2Driver@b227 (fe0cd291)]&amp#27;[0m Calling AppiumDriver.click() with args: ["00000000-0000-0032-ffff-ffff00000412","fe0cd291-8f79-4212-8568-b4785b2dee12"]
[debug] &amp#27;[38;5;32m[AndroidUiautomator2Driver@b227 (fe0cd291)]&amp#27;[0m Matched '/element/00000000-0000-0032-ffff-ffff00000412/click' to command name 'click'
[debug] &amp#27;[38;5;32m[AndroidUiautomator2Driver@b227 (fe0cd291)]&amp#27;[0m Proxying [POST /element/00000000-0000-0032-ffff-ffff00000412/click] to [POST http://127.0.0.1:8200/session/85989a46-cbdd-4bd4-a501-a859808a0843/element/00000000-0000-0032-ffff-ffff00000412/click] with body: {"element":"00000000-0000-0032-ffff-ffff00000412"}
[debug] &amp#27;[38;5;32m[AndroidUiautomator2Driver@b227 (fe0cd291)]&amp#27;[0m Got response with status 200: {"sessionId":"85989a46-cbdd-4bd4-a501-a859808a0843","value":null}
[debug] &amp#27;[38;5;32m[AndroidUiautomator2Driver@b227 (fe0cd291)]&amp#27;[0m Responding to client with driver.click() result: null
&amp#27;[38;5;0m[HTTP]&amp#27;[0m &amp#27;[37m<-- POST /session/fe0cd291-8f79-4212-8568-b4785b2dee12/element/00000000-0000-0032-ffff-ffff00000412/click &amp#27;[39m&amp#27;[32m200&amp#27;[39m &amp#27;[90m603 ms - 14&amp#27;[39m
&amp#27;[38;5;0m[HTTP]&amp#27;[0m &amp#27;[90m&amp#27;[39m
&amp#27;[38;5;0m[HTTP]&amp#27;[0m &amp#27;[37m-->&amp#27;[39m &amp#27;[37mPOST&amp#27;[39m &amp#27;[37m/session/fe0cd291-8f79-4212-8568-b4785b2dee12/element&amp#27;[39m
&amp#27;[38;5;0m[HTTP]&amp#27;[0m &amp#27;[90m{"using":"xpath","value":"//android.widget.TextView[@index=18]"}&amp#27;[39m
[debug] &amp#27;[38;5;32m[AndroidUiautomator2Driver@b227 (fe0cd291)]&amp#27;[0m Calling AppiumDriver.findElement() with args: ["xpath","//android.widget.TextView[@index=18]","fe0cd291-8f79-4212-8568-b4785b2dee12"]
[debug] &amp#27;[38;5;32m[AndroidUiautomator2Driver@b227 (fe0cd291)]&amp#27;[0m Valid locator strategies for this request: xpath, id, class name, accessibility id, css selector, -android uiautomator
[debug] &amp#27;[38;5;32m[AndroidUiautomator2Driver@b227 (fe0cd291)]&amp#27;[0m Waiting up to 10000 ms for condition
[debug] &amp#27;[38;5;32m[AndroidUiautomator2Driver@b227 (fe0cd291)]&amp#27;[0m Matched '/element' to command name 'findElement'
[debug] &amp#27;[38;5;32m[AndroidUiautomator2Driver@b227 (fe0cd291)]&amp#27;[0m Proxying [POST /element] to [POST http://127.0.0.1:8200/session/85989a46-cbdd-4bd4-a501-a859808a0843/element] with body: {"strategy":"xpath","selector":"//android.widget.TextView[@index=18]","context":"","multiple":false}
[debug] &amp#27;[38;5;32m[AndroidUiautomator2Driver@b227 (fe0cd291)]&amp#27;[0m Got response with status 200: {"sessionId":"85989a46-cbdd-4bd4-a501-a859808a0843","value":{"ELEMENT":"00000000-0000-0032-ffff-ffff0000040a","element-6066-11e4-a52e-4f735466cecf":"00000000-0000-0032-ffff-ffff0000040a"}}
[debug] &amp#27;[38;5;32m[AndroidUiautomator2Driver@b227 (fe0cd291)]&amp#27;[0m Responding to client with driver.findElement() result: {"element-6066-11e4-a52e-4f735466cecf":"00000000-0000-0032-ffff-ffff0000040a","ELEMENT":"00000000-0000-0032-ffff-ffff0000040a"}
&amp#27;[38;5;0m[HTTP]&amp#27;[0m &amp#27;[37m<-- POST /session/fe0cd291-8f79-4212-8568-b4785b2dee12/element &amp#27;[39m&amp#27;[32m200&amp#27;[39m &amp#27;[90m32 ms - 137&amp#27;[39m
&amp#27;[38;5;0m[HTTP]&amp#27;[0m &amp#27;[90m&amp#27;[39m
&amp#27;[38;5;0m[HTTP]&amp#27;[0m &amp#27;[37m-->&amp#27;[39m &amp#27;[37mPOST&amp#27;[39m &amp#27;[37m/session/fe0cd291-8f79-4212-8568-b4785b2dee12/element/00000000-0000-0032-ffff-ffff0000040a/click&amp#27;[39m
&amp#27;[38;5;0m[HTTP]&amp#27;[0m &amp#27;[90m{"id":"00000000-0000-0032-ffff-ffff0000040a"}&amp#27;[39m
[debug] &amp#27;[38;5;32m[AndroidUiautomator2Driver@b227 (fe0cd291)]&amp#27;[0m Calling AppiumDriver.click() with args: ["00000000-0000-0032-ffff-ffff0000040a","fe0cd291-8f79-4212-8568-b4785b2dee12"]
[debug] &amp#27;[38;5;32m[AndroidUiautomator2Driver@b227 (fe0cd291)]&amp#27;[0m Matched '/element/00000000-0000-0032-ffff-ffff0000040a/click' to command name 'click'
[debug] &amp#27;[38;5;32m[AndroidUiautomator2Driver@b227 (fe0cd291)]&amp#27;[0m Proxying [POST /element/00000000-0000-0032-ffff-ffff0000040a/click] to [POST http://127.0.0.1:8200/session/85989a46-cbdd-4bd4-a501-a859808a0843/element/00000000-0000-0032-ffff-ffff0000040a/click] with body: {"element":"00000000-0000-0032-ffff-ffff0000040a"}
[debug] &amp#27;[38;5;32m[AndroidUiautomator2Driver@b227 (fe0cd291)]&amp#27;[0m Got response with status 200: {"sessionId":"85989a46-cbdd-4bd4-a501-a859808a0843","value":null}
[debug] &amp#27;[38;5;32m[AndroidUiautomator2Driver@b227 (fe0cd291)]&amp#27;[0m Responding to client with driver.click() result: null
&amp#27;[38;5;0m[HTTP]&amp#27;[0m &amp#27;[37m<-- POST /session/fe0cd291-8f79-4212-8568-b4785b2dee12/element/00000000-0000-0032-ffff-ffff0000040a/click &amp#27;[39m&amp#27;[32m200&amp#27;[39m &amp#27;[90m35 ms - 14&amp#27;[39m
&amp#27;[38;5;0m[HTTP]&amp#27;[0m &amp#27;[90m&amp#27;[39m
&amp#27;[38;5;0m[HTTP]&amp#27;[0m &amp#27;[37m-->&amp#27;[39m &amp#27;[37mPOST&amp#27;[39m &amp#27;[37m/session/fe0cd291-8f79-4212-8568-b4785b2dee12/element&amp#27;[39m
&amp#27;[38;5;0m[HTTP]&amp#27;[0m &amp#27;[90m{"using":"xpath","value":"//android.widget.TextView[@text='Register']"}&amp#27;[39m
[debug] &amp#27;[38;5;32m[AndroidUiautomator2Driver@b227 (fe0cd291)]&amp#27;[0m Calling AppiumDriver.findElement() with args: ["xpath","//android.widget.TextView[@text='Register']","fe0cd291-8f79-4212-8568-b4785b2dee12"]
[debug] &amp#27;[38;5;32m[AndroidUiautomator2Driver@b227 (fe0cd291)]&amp#27;[0m Valid locator strategies for this request: xpath, id, class name, accessibility id, css selector, -android uiautomator
[debug] &amp#27;[38;5;32m[AndroidUiautomator2Driver@b227 (fe0cd291)]&amp#27;[0m Waiting up to 10000 ms for condition
[debug] &amp#27;[38;5;32m[AndroidUiautomator2Driver@b227 (fe0cd291)]&amp#27;[0m Matched '/element' to command name 'findElement'
[debug] &amp#27;[38;5;32m[AndroidUiautomator2Driver@b227 (fe0cd291)]&amp#27;[0m Proxying [POST /element] to [POST http://127.0.0.1:8200/session/85989a46-cbdd-4bd4-a501-a859808a0843/element] with body: {"strategy":"xpath","selector":"//android.widget.TextView[@text='Register']","context":"","multiple":false}
[debug] &amp#27;[38;5;32m[AndroidUiautomator2Driver@b227 (fe0cd291)]&amp#27;[0m Got response with status 200: {"sessionId":"85989a46-cbdd-4bd4-a501-a859808a0843","value":{"ELEMENT":"00000000-0000-0032-ffff-ffff00000412","element-6066-11e4-a52e-4f735466cecf":"00000000-0000-0032-ffff-ffff00000412"}}
[debug] &amp#27;[38;5;32m[AndroidUiautomator2Driver@b227 (fe0cd291)]&amp#27;[0m Responding to client with driver.findElement() result: {"element-6066-11e4-a52e-4f735466cecf":"00000000-0000-0032-ffff-ffff00000412","ELEMENT":"00000000-0000-0032-ffff-ffff00000412"}
&amp#27;[38;5;0m[HTTP]&amp#27;[0m &amp#27;[37m<-- POST /session/fe0cd291-8f79-4212-8568-b4785b2dee12/element &amp#27;[39m&amp#27;[32m200&amp#27;[39m &amp#27;[90m29 ms - 137&amp#27;[39m
&amp#27;[38;5;0m[HTTP]&amp#27;[0m &amp#27;[90m&amp#27;[39m
&amp#27;[38;5;0m[HTTP]&amp#27;[0m &amp#27;[37m-->&amp#27;[39m &amp#27;[37mPOST&amp#27;[39m &amp#27;[37m/session/fe0cd291-8f79-4212-8568-b4785b2dee12/element/00000000-0000-0032-ffff-ffff00000412/click&amp#27;[39m
&amp#27;[38;5;0m[HTTP]&amp#27;[0m &amp#27;[90m{"id":"00000000-0000-0032-ffff-ffff00000412"}&amp#27;[39m
[debug] &amp#27;[38;5;32m[AndroidUiautomator2Driver@b227 (fe0cd291)]&amp#27;[0m Calling AppiumDriver.click() with args: ["00000000-0000-0032-ffff-ffff00000412","fe0cd291-8f79-4212-8568-b4785b2dee12"]
[debug] &amp#27;[38;5;32m[AndroidUiautomator2Driver@b227 (fe0cd291)]&amp#27;[0m Matched '/element/00000000-0000-0032-ffff-ffff00000412/click' to command name 'click'
[debug] &amp#27;[38;5;32m[AndroidUiautomator2Driver@b227 (fe0cd291)]&amp#27;[0m Proxying [POST /element/00000000-0000-0032-ffff-ffff00000412/click] to [POST http://127.0.0.1:8200/session/85989a46-cbdd-4bd4-a501-a859808a0843/element/00000000-0000-0032-ffff-ffff00000412/click] with body: {"element":"00000000-0000-0032-ffff-ffff00000412"}
[debug] &amp#27;[38;5;32m[AndroidUiautomator2Driver@b227 (fe0cd291)]&amp#27;[0m Got response with status 200: {"sessionId":"85989a46-cbdd-4bd4-a501-a859808a0843","value":null}
[debug] &amp#27;[38;5;32m[AndroidUiautomator2Driver@b227 (fe0cd291)]&amp#27;[0m Responding to client with driver.click() result: null
&amp#27;[38;5;0m[HTTP]&amp#27;[0m &amp#27;[37m<-- POST /session/fe0cd291-8f79-4212-8568-b4785b2dee12/element/00000000-0000-0032-ffff-ffff00000412/click &amp#27;[39m&amp#27;[32m200&amp#27;[39m &amp#27;[90m54 ms - 14&amp#27;[39m
&amp#27;[38;5;0m[HTTP]&amp#27;[0m &amp#27;[90m&amp#27;[39m
&amp#27;[38;5;0m[HTTP]&amp#27;[0m &amp#27;[37m-->&amp#27;[39m &amp#27;[37mPOST&amp#27;[39m &amp#27;[37m/session/fe0cd291-8f79-4212-8568-b4785b2dee12/element&amp#27;[39m
&amp#27;[38;5;0m[HTTP]&amp#27;[0m &amp#27;[90m{"using":"xpath","value":"//android.widget.TextView[@index=7]"}&amp#27;[39m
[debug] &amp#27;[38;5;32m[AndroidUiautomator2Driver@b227 (fe0cd291)]&amp#27;[0m Calling AppiumDriver.findElement() with args: ["xpath","//android.widget.TextView[@index=7]","fe0cd291-8f79-4212-8568-b4785b2dee12"]
[debug] &amp#27;[38;5;32m[AndroidUiautomator2Driver@b227 (fe0cd291)]&amp#27;[0m Valid locator strategies for this request: xpath, id, class name, accessibility id, css selector, -android uiautomator
[debug] &amp#27;[38;5;32m[AndroidUiautomator2Driver@b227 (fe0cd291)]&amp#27;[0m Waiting up to 10000 ms for condition
[debug] &amp#27;[38;5;32m[AndroidUiautomator2Driver@b227 (fe0cd291)]&amp#27;[0m Matched '/element' to command name 'findElement'
[debug] &amp#27;[38;5;32m[AndroidUiautomator2Driver@b227 (fe0cd291)]&amp#27;[0m Proxying [POST /element] to [POST http://127.0.0.1:8200/session/85989a46-cbdd-4bd4-a501-a859808a0843/element] with body: {"strategy":"xpath","selector":"//android.widget.TextView[@index=7]","context":"","multiple":false}
[debug] &amp#27;[38;5;32m[AndroidUiautomator2Driver@b227 (fe0cd291)]&amp#27;[0m Got response with status 200: {"sessionId":"85989a46-cbdd-4bd4-a501-a859808a0843","value":{"ELEMENT":"00000000-0000-0032-ffff-ffff00000400","element-6066-11e4-a52e-4f735466cecf":"00000000-0000-0032-ffff-ffff00000400"}}
[debug] &amp#27;[38;5;32m[AndroidUiautomator2Driver@b227 (fe0cd291)]&amp#27;[0m Responding to client with driver.findElement() result: {"element-6066-11e4-a52e-4f735466cecf":"00000000-0000-0032-ffff-ffff00000400","ELEMENT":"00000000-0000-0032-ffff-ffff00000400"}
&amp#27;[38;5;0m[HTTP]&amp#27;[0m &amp#27;[37m<-- POST /session/fe0cd291-8f79-4212-8568-b4785b2dee12/element &amp#27;[39m&amp#27;[32m200&amp#27;[39m &amp#27;[90m634 ms - 137&amp#27;[39m
&amp#27;[38;5;0m[HTTP]&amp#27;[0m &amp#27;[90m&amp#27;[39m
&amp#27;[38;5;0m[HTTP]&amp#27;[0m &amp#27;[37m-->&amp#27;[39m &amp#27;[37mPOST&amp#27;[39m &amp#27;[37m/session/fe0cd291-8f79-4212-8568-b4785b2dee12/element&amp#27;[39m
&amp#27;[38;5;0m[HTTP]&amp#27;[0m &amp#27;[90m{"using":"xpath","value":"//android.widget.TextView[@index=7]"}&amp#27;[39m
[debug] &amp#27;[38;5;32m[AndroidUiautomator2Driver@b227 (fe0cd291)]&amp#27;[0m Calling AppiumDriver.findElement() with args: ["xpath","//android.widget.TextView[@index=7]","fe0cd291-8f79-4212-8568-b4785b2dee12"]
[debug] &amp#27;[38;5;32m[AndroidUiautomator2Driver@b227 (fe0cd291)]&amp#27;[0m Valid locator strategies for this request: xpath, id, class name, accessibility id, css selector, -android uiautomator
[debug] &amp#27;[38;5;32m[AndroidUiautomator2Driver@b227 (fe0cd291)]&amp#27;[0m Waiting up to 10000 ms for condition
[debug] &amp#27;[38;5;32m[AndroidUiautomator2Driver@b227 (fe0cd291)]&amp#27;[0m Matched '/element' to command name 'findElement'
[debug] &amp#27;[38;5;32m[AndroidUiautomator2Driver@b227 (fe0cd291)]&amp#27;[0m Proxying [POST /element] to [POST http://127.0.0.1:8200/session/85989a46-cbdd-4bd4-a501-a859808a0843/element] with body: {"strategy":"xpath","selector":"//android.widget.TextView[@index=7]","context":"","multiple":false}
[debug] &amp#27;[38;5;32m[AndroidUiautomator2Driver@b227 (fe0cd291)]&amp#27;[0m Got response with status 200: {"sessionId":"85989a46-cbdd-4bd4-a501-a859808a0843","value":{"ELEMENT":"00000000-0000-0032-ffff-ffff00000400","element-6066-11e4-a52e-4f735466cecf":"00000000-0000-0032-ffff-ffff00000400"}}
[debug] &amp#27;[38;5;32m[AndroidUiautomator2Driver@b227 (fe0cd291)]&amp#27;[0m Responding to client with driver.findElement() result: {"element-6066-11e4-a52e-4f735466cecf":"00000000-0000-0032-ffff-ffff00000400","ELEMENT":"00000000-0000-0032-ffff-ffff00000400"}
&amp#27;[38;5;0m[HTTP]&amp#27;[0m &amp#27;[37m<-- POST /session/fe0cd291-8f79-4212-8568-b4785b2dee12/element &amp#27;[39m&amp#27;[32m200&amp#27;[39m &amp#27;[90m30 ms - 137&amp#27;[39m
&amp#27;[38;5;0m[HTTP]&amp#27;[0m &amp#27;[90m&amp#27;[39m
&amp#27;[38;5;0m[HTTP]&amp#27;[0m &amp#27;[37m-->&amp#27;[39m &amp#27;[37mGET&amp#27;[39m &amp#27;[37m/session/fe0cd291-8f79-4212-8568-b4785b2dee12/element/00000000-0000-0032-ffff-ffff00000400/text&amp#27;[39m
&amp#27;[38;5;0m[HTTP]&amp#27;[0m &amp#27;[90m{}&amp#27;[39m
&amp#27;[38;5;32m[AndroidUiautomator2Driver@b227 (fe0cd291)]&amp#27;[0m Driver proxy active, passing request on via HTTP proxy
[debug] &amp#27;[38;5;32m[AndroidUiautomator2Driver@b227 (fe0cd291)]&amp#27;[0m Matched '/session/fe0cd291-8f79-4212-8568-b4785b2dee12/element/00000000-0000-0032-ffff-ffff00000400/text' to command name 'getText'
[debug] &amp#27;[38;5;32m[AndroidUiautomator2Driver@b227 (fe0cd291)]&amp#27;[0m Proxying [GET /session/fe0cd291-8f79-4212-8568-b4785b2dee12/element/00000000-0000-0032-ffff-ffff00000400/text] to [GET http://127.0.0.1:8200/session/85989a46-cbdd-4bd4-a501-a859808a0843/element/00000000-0000-0032-ffff-ffff00000400/text] with no body
[debug] &amp#27;[38;5;32m[AndroidUiautomator2Driver@b227 (fe0cd291)]&amp#27;[0m Got response with status 200: {"sessionId":"85989a46-cbdd-4bd4-a501-a859808a0843","value":"This domain is not supported on Quickteller. Kindly use another email address"}
&amp#27;[38;5;32m[AndroidUiautomator2Driver@b227 (fe0cd291)]&amp#27;[0m Replacing sessionId 85989a46-cbdd-4bd4-a501-a859808a0843 with fe0cd291-8f79-4212-8568-b4785b2dee12
&amp#27;[38;5;0m[HTTP]&amp#27;[0m &amp#27;[37m<-- GET /session/fe0cd291-8f79-4212-8568-b4785b2dee12/element/00000000-0000-0032-ffff-ffff00000400/text &amp#27;[39m&amp#27;[32m200&amp#27;[39m &amp#27;[90m9 ms - 140&amp#27;[39m
&amp#27;[38;5;0m[HTTP]&amp#27;[0m &amp#27;[90m&amp#27;[39m
]]></system-out>
  </testcase>
  <testcase name="Testcase_One[dry3ducks.com](21)" classname="testcases.Android.DisposableDomain_QTM_2874" time="8.211">
    <system-out><![CDATA[&amp#27;[38;5;0m[HTTP]&amp#27;[0m &amp#27;[37m-->&amp#27;[39m &amp#27;[37mPOST&amp#27;[39m &amp#27;[37m/session/fe0cd291-8f79-4212-8568-b4785b2dee12/element&amp#27;[39m
&amp#27;[38;5;0m[HTTP]&amp#27;[0m &amp#27;[90m{"using":"xpath","value":"//android.widget.TextView[@index=0]"}&amp#27;[39m
[debug] &amp#27;[38;5;32m[AndroidUiautomator2Driver@b227 (fe0cd291)]&amp#27;[0m Calling AppiumDriver.findElement() with args: ["xpath","//android.widget.TextView[@index=0]","fe0cd291-8f79-4212-8568-b4785b2dee12"]
[debug] &amp#27;[38;5;32m[AndroidUiautomator2Driver@b227 (fe0cd291)]&amp#27;[0m Valid locator strategies for this request: xpath, id, class name, accessibility id, css selector, -android uiautomator
[debug] &amp#27;[38;5;32m[AndroidUiautomator2Driver@b227 (fe0cd291)]&amp#27;[0m Waiting up to 10000 ms for condition
[debug] &amp#27;[38;5;32m[AndroidUiautomator2Driver@b227 (fe0cd291)]&amp#27;[0m Matched '/element' to command name 'findElement'
[debug] &amp#27;[38;5;32m[AndroidUiautomator2Driver@b227 (fe0cd291)]&amp#27;[0m Proxying [POST /element] to [POST http://127.0.0.1:8200/session/85989a46-cbdd-4bd4-a501-a859808a0843/element] with body: {"strategy":"xpath","selector":"//android.widget.TextView[@index=0]","context":"","multiple":false}
[debug] &amp#27;[38;5;32m[AndroidUiautomator2Driver@b227 (fe0cd291)]&amp#27;[0m Got response with status 200: {"sessionId":"85989a46-cbdd-4bd4-a501-a859808a0843","value":{"ELEMENT":"00000000-0000-0032-ffff-ffff000003f4","element-6066-11e4-a52e-4f735466cecf":"00000000-0000-0032-ffff-ffff000003f4"}}
[debug] &amp#27;[38;5;32m[AndroidUiautomator2Driver@b227 (fe0cd291)]&amp#27;[0m Responding to client with driver.findElement() result: {"element-6066-11e4-a52e-4f735466cecf":"00000000-0000-0032-ffff-ffff000003f4","ELEMENT":"00000000-0000-0032-ffff-ffff000003f4"}
&amp#27;[38;5;0m[HTTP]&amp#27;[0m &amp#27;[37m<-- POST /session/fe0cd291-8f79-4212-8568-b4785b2dee12/element &amp#27;[39m&amp#27;[32m200&amp#27;[39m &amp#27;[90m32 ms - 137&amp#27;[39m
&amp#27;[38;5;0m[HTTP]&amp#27;[0m &amp#27;[90m&amp#27;[39m
&amp#27;[38;5;0m[HTTP]&amp#27;[0m &amp#27;[37m-->&amp#27;[39m &amp#27;[37mPOST&amp#27;[39m &amp#27;[37m/session/fe0cd291-8f79-4212-8568-b4785b2dee12/element/00000000-0000-0032-ffff-ffff000003f4/click&amp#27;[39m
&amp#27;[38;5;0m[HTTP]&amp#27;[0m &amp#27;[90m{"id":"00000000-0000-0032-ffff-ffff000003f4"}&amp#27;[39m
[debug] &amp#27;[38;5;32m[AndroidUiautomator2Driver@b227 (fe0cd291)]&amp#27;[0m Calling AppiumDriver.click() with args: ["00000000-0000-0032-ffff-ffff000003f4","fe0cd291-8f79-4212-8568-b4785b2dee12"]
[debug] &amp#27;[38;5;32m[AndroidUiautomator2Driver@b227 (fe0cd291)]&amp#27;[0m Matched '/element/00000000-0000-0032-ffff-ffff000003f4/click' to command name 'click'
[debug] &amp#27;[38;5;32m[AndroidUiautomator2Driver@b227 (fe0cd291)]&amp#27;[0m Proxying [POST /element/00000000-0000-0032-ffff-ffff000003f4/click] to [POST http://127.0.0.1:8200/session/85989a46-cbdd-4bd4-a501-a859808a0843/element/00000000-0000-0032-ffff-ffff000003f4/click] with body: {"element":"00000000-0000-0032-ffff-ffff000003f4"}
[debug] &amp#27;[38;5;32m[AndroidUiautomator2Driver@b227 (fe0cd291)]&amp#27;[0m Got response with status 200: {"sessionId":"85989a46-cbdd-4bd4-a501-a859808a0843","value":null}
[debug] &amp#27;[38;5;32m[AndroidUiautomator2Driver@b227 (fe0cd291)]&amp#27;[0m Responding to client with driver.click() result: null
&amp#27;[38;5;0m[HTTP]&amp#27;[0m &amp#27;[37m<-- POST /session/fe0cd291-8f79-4212-8568-b4785b2dee12/element/00000000-0000-0032-ffff-ffff000003f4/click &amp#27;[39m&amp#27;[32m200&amp#27;[39m &amp#27;[90m60 ms - 14&amp#27;[39m
&amp#27;[38;5;0m[HTTP]&amp#27;[0m &amp#27;[90m&amp#27;[39m
&amp#27;[38;5;0m[HTTP]&amp#27;[0m &amp#27;[37m-->&amp#27;[39m &amp#27;[37mPOST&amp#27;[39m &amp#27;[37m/session/fe0cd291-8f79-4212-8568-b4785b2dee12/timeouts&amp#27;[39m
&amp#27;[38;5;0m[HTTP]&amp#27;[0m &amp#27;[90m{"implicit":6000}&amp#27;[39m
[debug] &amp#27;[38;5;32m[AndroidUiautomator2Driver@b227 (fe0cd291)]&amp#27;[0m Calling AppiumDriver.timeouts() with args: [null,null,null,null,6000,"fe0cd291-8f79-4212-8568-b4785b2dee12"]
[debug] &amp#27;[38;5;32m[AndroidUiautomator2Driver@b227 (fe0cd291)]&amp#27;[0m W3C timeout argument: {"implicit":6000}}
[debug] &amp#27;[38;5;32m[AndroidUiautomator2Driver@b227 (fe0cd291)]&amp#27;[0m Set implicit wait to 6000ms
[debug] &amp#27;[38;5;32m[AndroidUiautomator2Driver@b227 (fe0cd291)]&amp#27;[0m Responding to client with driver.timeouts() result: null
&amp#27;[38;5;0m[HTTP]&amp#27;[0m &amp#27;[37m<-- POST /session/fe0cd291-8f79-4212-8568-b4785b2dee12/timeouts &amp#27;[39m&amp#27;[32m200&amp#27;[39m &amp#27;[90m1 ms - 14&amp#27;[39m
&amp#27;[38;5;0m[HTTP]&amp#27;[0m &amp#27;[90m&amp#27;[39m
&amp#27;[38;5;0m[HTTP]&amp#27;[0m &amp#27;[37m-->&amp#27;[39m &amp#27;[37mPOST&amp#27;[39m &amp#27;[37m/session/fe0cd291-8f79-4212-8568-b4785b2dee12/element&amp#27;[39m
&amp#27;[38;5;0m[HTTP]&amp#27;[0m &amp#27;[90m{"using":"xpath","value":"//android.widget.Button[@text='Allow']"}&amp#27;[39m
[debug] &amp#27;[38;5;32m[AndroidUiautomator2Driver@b227 (fe0cd291)]&amp#27;[0m Calling AppiumDriver.findElement() with args: ["xpath","//android.widget.Button[@text='Allow']","fe0cd291-8f79-4212-8568-b4785b2dee12"]
[debug] &amp#27;[38;5;32m[AndroidUiautomator2Driver@b227 (fe0cd291)]&amp#27;[0m Valid locator strategies for this request: xpath, id, class name, accessibility id, css selector, -android uiautomator
[debug] &amp#27;[38;5;32m[AndroidUiautomator2Driver@b227 (fe0cd291)]&amp#27;[0m Waiting up to 6000 ms for condition
[debug] &amp#27;[38;5;32m[AndroidUiautomator2Driver@b227 (fe0cd291)]&amp#27;[0m Matched '/element' to command name 'findElement'
[debug] &amp#27;[38;5;32m[AndroidUiautomator2Driver@b227 (fe0cd291)]&amp#27;[0m Proxying [POST /element] to [POST http://127.0.0.1:8200/session/85989a46-cbdd-4bd4-a501-a859808a0843/element] with body: {"strategy":"xpath","selector":"//android.widget.Button[@text='Allow']","context":"","multiple":false}
&amp#27;[38;5;32m[AndroidUiautomator2Driver@b227 (fe0cd291)]&amp#27;[0m Got response with status 404: {"sessionId":"85989a46-cbdd-4bd4-a501-a859808a0843","value":{"error":"no such element","message":"An element could not be located on the page using the given search parameters","stacktrace":"io.appium.uiautomator2.common.exceptions.ElementNotFoundException: An element could not be located on the page using the given search parameters\n\tat io.appium.uiautomator2.utils.ElementLocationHelpers.findElement(ElementLocationHelpers.java:156)\n\tat io.appium.uiautomator2.handler.FindElement.safeHandle(FindElement.java:60)\n\tat io.appium.uiautomator2.handler.request.SafeRequestHandler.handle(SafeRequestHandler.java:59)\n\tat io.appium.uiautomator2.server.AppiumServlet.handleRequest(AppiumServlet.java:277)\n\tat io.appium.uiautomator2.server.AppiumServlet.handleHttpRequest(AppiumServlet.java:271)\n\tat io.appium.uiautomator2.http.ServerHandler.channelRead(ServerHandler.java:68)\n\tat io.netty.channel.AbstractChannelHandlerContext.invokeChannelRead(AbstractChannelHandlerContext.java:366)\n\tat io.netty.channel.Abstr...
[debug] &amp#27;[38;5;128m[W3C]&amp#27;[0m Matched W3C error code 'no such element' to NoSuchElementError
[debug] &amp#27;[38;5;32m[AndroidUiautomator2Driver@b227 (fe0cd291)]&amp#27;[0m Waited for 43 ms so far
[debug] &amp#27;[38;5;32m[AndroidUiautomator2Driver@b227 (fe0cd291)]&amp#27;[0m Matched '/element' to command name 'findElement'
[debug] &amp#27;[38;5;32m[AndroidUiautomator2Driver@b227 (fe0cd291)]&amp#27;[0m Proxying [POST /element] to [POST http://127.0.0.1:8200/session/85989a46-cbdd-4bd4-a501-a859808a0843/element] with body: {"strategy":"xpath","selector":"//android.widget.Button[@text='Allow']","context":"","multiple":false}
&amp#27;[38;5;32m[AndroidUiautomator2Driver@b227 (fe0cd291)]&amp#27;[0m Got response with status 404: {"sessionId":"85989a46-cbdd-4bd4-a501-a859808a0843","value":{"error":"no such element","message":"An element could not be located on the page using the given search parameters","stacktrace":"io.appium.uiautomator2.common.exceptions.ElementNotFoundException: An element could not be located on the page using the given search parameters\n\tat io.appium.uiautomator2.utils.ElementLocationHelpers.findElement(ElementLocationHelpers.java:156)\n\tat io.appium.uiautomator2.handler.FindElement.safeHandle(FindElement.java:60)\n\tat io.appium.uiautomator2.handler.request.SafeRequestHandler.handle(SafeRequestHandler.java:59)\n\tat io.appium.uiautomator2.server.AppiumServlet.handleRequest(AppiumServlet.java:277)\n\tat io.appium.uiautomator2.server.AppiumServlet.handleHttpRequest(AppiumServlet.java:271)\n\tat io.appium.uiautomator2.http.ServerHandler.channelRead(ServerHandler.java:68)\n\tat io.netty.channel.AbstractChannelHandlerContext.invokeChannelRead(AbstractChannelHandlerContext.java:366)\n\tat io.netty.channel.Abstr...
[debug] &amp#27;[38;5;128m[W3C]&amp#27;[0m Matched W3C error code 'no such element' to NoSuchElementError
[debug] &amp#27;[38;5;32m[AndroidUiautomator2Driver@b227 (fe0cd291)]&amp#27;[0m Waited for 1058 ms so far
[debug] &amp#27;[38;5;32m[AndroidUiautomator2Driver@b227 (fe0cd291)]&amp#27;[0m Matched '/element' to command name 'findElement'
[debug] &amp#27;[38;5;32m[AndroidUiautomator2Driver@b227 (fe0cd291)]&amp#27;[0m Proxying [POST /element] to [POST http://127.0.0.1:8200/session/85989a46-cbdd-4bd4-a501-a859808a0843/element] with body: {"strategy":"xpath","selector":"//android.widget.Button[@text='Allow']","context":"","multiple":false}
&amp#27;[38;5;32m[AndroidUiautomator2Driver@b227 (fe0cd291)]&amp#27;[0m Got response with status 404: {"sessionId":"85989a46-cbdd-4bd4-a501-a859808a0843","value":{"error":"no such element","message":"An element could not be located on the page using the given search parameters","stacktrace":"io.appium.uiautomator2.common.exceptions.ElementNotFoundException: An element could not be located on the page using the given search parameters\n\tat io.appium.uiautomator2.utils.ElementLocationHelpers.findElement(ElementLocationHelpers.java:156)\n\tat io.appium.uiautomator2.handler.FindElement.safeHandle(FindElement.java:60)\n\tat io.appium.uiautomator2.handler.request.SafeRequestHandler.handle(SafeRequestHandler.java:59)\n\tat io.appium.uiautomator2.server.AppiumServlet.handleRequest(AppiumServlet.java:277)\n\tat io.appium.uiautomator2.server.AppiumServlet.handleHttpRequest(AppiumServlet.java:271)\n\tat io.appium.uiautomator2.http.ServerHandler.channelRead(ServerHandler.java:68)\n\tat io.netty.channel.AbstractChannelHandlerContext.invokeChannelRead(AbstractChannelHandlerContext.java:366)\n\tat io.netty.channel.Abstr...
[debug] &amp#27;[38;5;128m[W3C]&amp#27;[0m Matched W3C error code 'no such element' to NoSuchElementError
[debug] &amp#27;[38;5;32m[AndroidUiautomator2Driver@b227 (fe0cd291)]&amp#27;[0m Waited for 1583 ms so far
[debug] &amp#27;[38;5;32m[AndroidUiautomator2Driver@b227 (fe0cd291)]&amp#27;[0m Matched '/element' to command name 'findElement'
[debug] &amp#27;[38;5;32m[AndroidUiautomator2Driver@b227 (fe0cd291)]&amp#27;[0m Proxying [POST /element] to [POST http://127.0.0.1:8200/session/85989a46-cbdd-4bd4-a501-a859808a0843/element] with body: {"strategy":"xpath","selector":"//android.widget.Button[@text='Allow']","context":"","multiple":false}
&amp#27;[38;5;32m[AndroidUiautomator2Driver@b227 (fe0cd291)]&amp#27;[0m Got response with status 404: {"sessionId":"85989a46-cbdd-4bd4-a501-a859808a0843","value":{"error":"no such element","message":"An element could not be located on the page using the given search parameters","stacktrace":"io.appium.uiautomator2.common.exceptions.ElementNotFoundException: An element could not be located on the page using the given search parameters\n\tat io.appium.uiautomator2.utils.ElementLocationHelpers.findElement(ElementLocationHelpers.java:156)\n\tat io.appium.uiautomator2.handler.FindElement.safeHandle(FindElement.java:60)\n\tat io.appium.uiautomator2.handler.request.SafeRequestHandler.handle(SafeRequestHandler.java:59)\n\tat io.appium.uiautomator2.server.AppiumServlet.handleRequest(AppiumServlet.java:277)\n\tat io.appium.uiautomator2.server.AppiumServlet.handleHttpRequest(AppiumServlet.java:271)\n\tat io.appium.uiautomator2.http.ServerHandler.channelRead(ServerHandler.java:68)\n\tat io.netty.channel.AbstractChannelHandlerContext.invokeChannelRead(AbstractChannelHandlerContext.java:366)\n\tat io.netty.channel.Abstr...
[debug] &amp#27;[38;5;128m[W3C]&amp#27;[0m Matched W3C error code 'no such element' to NoSuchElementError
[debug] &amp#27;[38;5;32m[AndroidUiautomator2Driver@b227 (fe0cd291)]&amp#27;[0m Waited for 2112 ms so far
[debug] &amp#27;[38;5;32m[AndroidUiautomator2Driver@b227 (fe0cd291)]&amp#27;[0m Matched '/element' to command name 'findElement'
[debug] &amp#27;[38;5;32m[AndroidUiautomator2Driver@b227 (fe0cd291)]&amp#27;[0m Proxying [POST /element] to [POST http://127.0.0.1:8200/session/85989a46-cbdd-4bd4-a501-a859808a0843/element] with body: {"strategy":"xpath","selector":"//android.widget.Button[@text='Allow']","context":"","multiple":false}
&amp#27;[38;5;32m[AndroidUiautomator2Driver@b227 (fe0cd291)]&amp#27;[0m Got response with status 404: {"sessionId":"85989a46-cbdd-4bd4-a501-a859808a0843","value":{"error":"no such element","message":"An element could not be located on the page using the given search parameters","stacktrace":"io.appium.uiautomator2.common.exceptions.ElementNotFoundException: An element could not be located on the page using the given search parameters\n\tat io.appium.uiautomator2.utils.ElementLocationHelpers.findElement(ElementLocationHelpers.java:156)\n\tat io.appium.uiautomator2.handler.FindElement.safeHandle(FindElement.java:60)\n\tat io.appium.uiautomator2.handler.request.SafeRequestHandler.handle(SafeRequestHandler.java:59)\n\tat io.appium.uiautomator2.server.AppiumServlet.handleRequest(AppiumServlet.java:277)\n\tat io.appium.uiautomator2.server.AppiumServlet.handleHttpRequest(AppiumServlet.java:271)\n\tat io.appium.uiautomator2.http.ServerHandler.channelRead(ServerHandler.java:68)\n\tat io.netty.channel.AbstractChannelHandlerContext.invokeChannelRead(AbstractChannelHandlerContext.java:366)\n\tat io.netty.channel.Abstr...
[debug] &amp#27;[38;5;128m[W3C]&amp#27;[0m Matched W3C error code 'no such element' to NoSuchElementError
[debug] &amp#27;[38;5;32m[AndroidUiautomator2Driver@b227 (fe0cd291)]&amp#27;[0m Waited for 2640 ms so far
[debug] &amp#27;[38;5;32m[AndroidUiautomator2Driver@b227 (fe0cd291)]&amp#27;[0m Matched '/element' to command name 'findElement'
[debug] &amp#27;[38;5;32m[AndroidUiautomator2Driver@b227 (fe0cd291)]&amp#27;[0m Proxying [POST /element] to [POST http://127.0.0.1:8200/session/85989a46-cbdd-4bd4-a501-a859808a0843/element] with body: {"strategy":"xpath","selector":"//android.widget.Button[@text='Allow']","context":"","multiple":false}
&amp#27;[38;5;32m[AndroidUiautomator2Driver@b227 (fe0cd291)]&amp#27;[0m Got response with status 404: {"sessionId":"85989a46-cbdd-4bd4-a501-a859808a0843","value":{"error":"no such element","message":"An element could not be located on the page using the given search parameters","stacktrace":"io.appium.uiautomator2.common.exceptions.ElementNotFoundException: An element could not be located on the page using the given search parameters\n\tat io.appium.uiautomator2.utils.ElementLocationHelpers.findElement(ElementLocationHelpers.java:156)\n\tat io.appium.uiautomator2.handler.FindElement.safeHandle(FindElement.java:60)\n\tat io.appium.uiautomator2.handler.request.SafeRequestHandler.handle(SafeRequestHandler.java:59)\n\tat io.appium.uiautomator2.server.AppiumServlet.handleRequest(AppiumServlet.java:277)\n\tat io.appium.uiautomator2.server.AppiumServlet.handleHttpRequest(AppiumServlet.java:271)\n\tat io.appium.uiautomator2.http.ServerHandler.channelRead(ServerHandler.java:68)\n\tat io.netty.channel.AbstractChannelHandlerContext.invokeChannelRead(AbstractChannelHandlerContext.java:366)\n\tat io.netty.channel.Abstr...
[debug] &amp#27;[38;5;128m[W3C]&amp#27;[0m Matched W3C error code 'no such element' to NoSuchElementError
[debug] &amp#27;[38;5;32m[AndroidUiautomator2Driver@b227 (fe0cd291)]&amp#27;[0m Waited for 3170 ms so far
[debug] &amp#27;[38;5;32m[AndroidUiautomator2Driver@b227 (fe0cd291)]&amp#27;[0m Matched '/element' to command name 'findElement'
[debug] &amp#27;[38;5;32m[AndroidUiautomator2Driver@b227 (fe0cd291)]&amp#27;[0m Proxying [POST /element] to [POST http://127.0.0.1:8200/session/85989a46-cbdd-4bd4-a501-a859808a0843/element] with body: {"strategy":"xpath","selector":"//android.widget.Button[@text='Allow']","context":"","multiple":false}
&amp#27;[38;5;32m[AndroidUiautomator2Driver@b227 (fe0cd291)]&amp#27;[0m Got response with status 404: {"sessionId":"85989a46-cbdd-4bd4-a501-a859808a0843","value":{"error":"no such element","message":"An element could not be located on the page using the given search parameters","stacktrace":"io.appium.uiautomator2.common.exceptions.ElementNotFoundException: An element could not be located on the page using the given search parameters\n\tat io.appium.uiautomator2.utils.ElementLocationHelpers.findElement(ElementLocationHelpers.java:156)\n\tat io.appium.uiautomator2.handler.FindElement.safeHandle(FindElement.java:60)\n\tat io.appium.uiautomator2.handler.request.SafeRequestHandler.handle(SafeRequestHandler.java:59)\n\tat io.appium.uiautomator2.server.AppiumServlet.handleRequest(AppiumServlet.java:277)\n\tat io.appium.uiautomator2.server.AppiumServlet.handleHttpRequest(AppiumServlet.java:271)\n\tat io.appium.uiautomator2.http.ServerHandler.channelRead(ServerHandler.java:68)\n\tat io.netty.channel.AbstractChannelHandlerContext.invokeChannelRead(AbstractChannelHandlerContext.java:366)\n\tat io.netty.channel.Abstr...
[debug] &amp#27;[38;5;128m[W3C]&amp#27;[0m Matched W3C error code 'no such element' to NoSuchElementError
[debug] &amp#27;[38;5;32m[AndroidUiautomator2Driver@b227 (fe0cd291)]&amp#27;[0m Waited for 3706 ms so far
[debug] &amp#27;[38;5;32m[AndroidUiautomator2Driver@b227 (fe0cd291)]&amp#27;[0m Matched '/element' to command name 'findElement'
[debug] &amp#27;[38;5;32m[AndroidUiautomator2Driver@b227 (fe0cd291)]&amp#27;[0m Proxying [POST /element] to [POST http://127.0.0.1:8200/session/85989a46-cbdd-4bd4-a501-a859808a0843/element] with body: {"strategy":"xpath","selector":"//android.widget.Button[@text='Allow']","context":"","multiple":false}
&amp#27;[38;5;32m[AndroidUiautomator2Driver@b227 (fe0cd291)]&amp#27;[0m Got response with status 404: {"sessionId":"85989a46-cbdd-4bd4-a501-a859808a0843","value":{"error":"no such element","message":"An element could not be located on the page using the given search parameters","stacktrace":"io.appium.uiautomator2.common.exceptions.ElementNotFoundException: An element could not be located on the page using the given search parameters\n\tat io.appium.uiautomator2.utils.ElementLocationHelpers.findElement(ElementLocationHelpers.java:156)\n\tat io.appium.uiautomator2.handler.FindElement.safeHandle(FindElement.java:60)\n\tat io.appium.uiautomator2.handler.request.SafeRequestHandler.handle(SafeRequestHandler.java:59)\n\tat io.appium.uiautomator2.server.AppiumServlet.handleRequest(AppiumServlet.java:277)\n\tat io.appium.uiautomator2.server.AppiumServlet.handleHttpRequest(AppiumServlet.java:271)\n\tat io.appium.uiautomator2.http.ServerHandler.channelRead(ServerHandler.java:68)\n\tat io.netty.channel.AbstractChannelHandlerContext.invokeChannelRead(AbstractChannelHandlerContext.java:366)\n\tat io.netty.channel.Abstr...
[debug] &amp#27;[38;5;128m[W3C]&amp#27;[0m Matched W3C error code 'no such element' to NoSuchElementError
[debug] &amp#27;[38;5;32m[AndroidUiautomator2Driver@b227 (fe0cd291)]&amp#27;[0m Waited for 4231 ms so far
[debug] &amp#27;[38;5;32m[AndroidUiautomator2Driver@b227 (fe0cd291)]&amp#27;[0m Matched '/element' to command name 'findElement'
[debug] &amp#27;[38;5;32m[AndroidUiautomator2Driver@b227 (fe0cd291)]&amp#27;[0m Proxying [POST /element] to [POST http://127.0.0.1:8200/session/85989a46-cbdd-4bd4-a501-a859808a0843/element] with body: {"strategy":"xpath","selector":"//android.widget.Button[@text='Allow']","context":"","multiple":false}
&amp#27;[38;5;32m[AndroidUiautomator2Driver@b227 (fe0cd291)]&amp#27;[0m Got response with status 404: {"sessionId":"85989a46-cbdd-4bd4-a501-a859808a0843","value":{"error":"no such element","message":"An element could not be located on the page using the given search parameters","stacktrace":"io.appium.uiautomator2.common.exceptions.ElementNotFoundException: An element could not be located on the page using the given search parameters\n\tat io.appium.uiautomator2.utils.ElementLocationHelpers.findElement(ElementLocationHelpers.java:156)\n\tat io.appium.uiautomator2.handler.FindElement.safeHandle(FindElement.java:60)\n\tat io.appium.uiautomator2.handler.request.SafeRequestHandler.handle(SafeRequestHandler.java:59)\n\tat io.appium.uiautomator2.server.AppiumServlet.handleRequest(AppiumServlet.java:277)\n\tat io.appium.uiautomator2.server.AppiumServlet.handleHttpRequest(AppiumServlet.java:271)\n\tat io.appium.uiautomator2.http.ServerHandler.channelRead(ServerHandler.java:68)\n\tat io.netty.channel.AbstractChannelHandlerContext.invokeChannelRead(AbstractChannelHandlerContext.java:366)\n\tat io.netty.channel.Abstr...
[debug] &amp#27;[38;5;128m[W3C]&amp#27;[0m Matched W3C error code 'no such element' to NoSuchElementError
[debug] &amp#27;[38;5;32m[AndroidUiautomator2Driver@b227 (fe0cd291)]&amp#27;[0m Waited for 4761 ms so far
[debug] &amp#27;[38;5;32m[AndroidUiautomator2Driver@b227 (fe0cd291)]&amp#27;[0m Matched '/element' to command name 'findElement'
[debug] &amp#27;[38;5;32m[AndroidUiautomator2Driver@b227 (fe0cd291)]&amp#27;[0m Proxying [POST /element] to [POST http://127.0.0.1:8200/session/85989a46-cbdd-4bd4-a501-a859808a0843/element] with body: {"strategy":"xpath","selector":"//android.widget.Button[@text='Allow']","context":"","multiple":false}
&amp#27;[38;5;32m[AndroidUiautomator2Driver@b227 (fe0cd291)]&amp#27;[0m Got response with status 404: {"sessionId":"85989a46-cbdd-4bd4-a501-a859808a0843","value":{"error":"no such element","message":"An element could not be located on the page using the given search parameters","stacktrace":"io.appium.uiautomator2.common.exceptions.ElementNotFoundException: An element could not be located on the page using the given search parameters\n\tat io.appium.uiautomator2.utils.ElementLocationHelpers.findElement(ElementLocationHelpers.java:156)\n\tat io.appium.uiautomator2.handler.FindElement.safeHandle(FindElement.java:60)\n\tat io.appium.uiautomator2.handler.request.SafeRequestHandler.handle(SafeRequestHandler.java:59)\n\tat io.appium.uiautomator2.server.AppiumServlet.handleRequest(AppiumServlet.java:277)\n\tat io.appium.uiautomator2.server.AppiumServlet.handleHttpRequest(AppiumServlet.java:271)\n\tat io.appium.uiautomator2.http.ServerHandler.channelRead(ServerHandler.java:68)\n\tat io.netty.channel.AbstractChannelHandlerContext.invokeChannelRead(AbstractChannelHandlerContext.java:366)\n\tat io.netty.channel.Abstr...
[debug] &amp#27;[38;5;128m[W3C]&amp#27;[0m Matched W3C error code 'no such element' to NoSuchElementError
[debug] &amp#27;[38;5;32m[AndroidUiautomator2Driver@b227 (fe0cd291)]&amp#27;[0m Waited for 5279 ms so far
[debug] &amp#27;[38;5;32m[AndroidUiautomator2Driver@b227 (fe0cd291)]&amp#27;[0m Matched '/element' to command name 'findElement'
[debug] &amp#27;[38;5;32m[AndroidUiautomator2Driver@b227 (fe0cd291)]&amp#27;[0m Proxying [POST /element] to [POST http://127.0.0.1:8200/session/85989a46-cbdd-4bd4-a501-a859808a0843/element] with body: {"strategy":"xpath","selector":"//android.widget.Button[@text='Allow']","context":"","multiple":false}
&amp#27;[38;5;32m[AndroidUiautomator2Driver@b227 (fe0cd291)]&amp#27;[0m Got response with status 404: {"sessionId":"85989a46-cbdd-4bd4-a501-a859808a0843","value":{"error":"no such element","message":"An element could not be located on the page using the given search parameters","stacktrace":"io.appium.uiautomator2.common.exceptions.ElementNotFoundException: An element could not be located on the page using the given search parameters\n\tat io.appium.uiautomator2.utils.ElementLocationHelpers.findElement(ElementLocationHelpers.java:156)\n\tat io.appium.uiautomator2.handler.FindElement.safeHandle(FindElement.java:60)\n\tat io.appium.uiautomator2.handler.request.SafeRequestHandler.handle(SafeRequestHandler.java:59)\n\tat io.appium.uiautomator2.server.AppiumServlet.handleRequest(AppiumServlet.java:277)\n\tat io.appium.uiautomator2.server.AppiumServlet.handleHttpRequest(AppiumServlet.java:271)\n\tat io.appium.uiautomator2.http.ServerHandler.channelRead(ServerHandler.java:68)\n\tat io.netty.channel.AbstractChannelHandlerContext.invokeChannelRead(AbstractChannelHandlerContext.java:366)\n\tat io.netty.channel.Abstr...
[debug] &amp#27;[38;5;128m[W3C]&amp#27;[0m Matched W3C error code 'no such element' to NoSuchElementError
[debug] &amp#27;[38;5;32m[AndroidUiautomator2Driver@b227 (fe0cd291)]&amp#27;[0m Waited for 5813 ms so far
[debug] &amp#27;[38;5;32m[AndroidUiautomator2Driver@b227 (fe0cd291)]&amp#27;[0m Matched '/element' to command name 'findElement'
[debug] &amp#27;[38;5;32m[AndroidUiautomator2Driver@b227 (fe0cd291)]&amp#27;[0m Proxying [POST /element] to [POST http://127.0.0.1:8200/session/85989a46-cbdd-4bd4-a501-a859808a0843/element] with body: {"strategy":"xpath","selector":"//android.widget.Button[@text='Allow']","context":"","multiple":false}
&amp#27;[38;5;32m[AndroidUiautomator2Driver@b227 (fe0cd291)]&amp#27;[0m Got response with status 404: {"sessionId":"85989a46-cbdd-4bd4-a501-a859808a0843","value":{"error":"no such element","message":"An element could not be located on the page using the given search parameters","stacktrace":"io.appium.uiautomator2.common.exceptions.ElementNotFoundException: An element could not be located on the page using the given search parameters\n\tat io.appium.uiautomator2.utils.ElementLocationHelpers.findElement(ElementLocationHelpers.java:156)\n\tat io.appium.uiautomator2.handler.FindElement.safeHandle(FindElement.java:60)\n\tat io.appium.uiautomator2.handler.request.SafeRequestHandler.handle(SafeRequestHandler.java:59)\n\tat io.appium.uiautomator2.server.AppiumServlet.handleRequest(AppiumServlet.java:277)\n\tat io.appium.uiautomator2.server.AppiumServlet.handleHttpRequest(AppiumServlet.java:271)\n\tat io.appium.uiautomator2.http.ServerHandler.channelRead(ServerHandler.java:68)\n\tat io.netty.channel.AbstractChannelHandlerContext.invokeChannelRead(AbstractChannelHandlerContext.java:366)\n\tat io.netty.channel.Abstr...
[debug] &amp#27;[38;5;128m[W3C]&amp#27;[0m Matched W3C error code 'no such element' to NoSuchElementError
[debug] &amp#27;[38;5;32m[AndroidUiautomator2Driver@b227 (fe0cd291)]&amp#27;[0m Encountered internal error running command: NoSuchElementError: An element could not be located on the page using the given search parameters.
[debug] &amp#27;[38;5;32m[AndroidUiautomator2Driver@b227 (fe0cd291)]&amp#27;[0m     at AndroidUiautomator2Driver.findElOrEls (C:\Users\daniel.ogagavworia\.appium\node_modules\appium-uiautomator2-driver\node_modules\appium-android-driver\lib\commands\find.js:75:11)
[debug] &amp#27;[38;5;32m[AndroidUiautomator2Driver@b227 (fe0cd291)]&amp#27;[0m     at processTicksAndRejections (node:internal/process/task_queues:95:5)
[debug] &amp#27;[38;5;32m[AndroidUiautomator2Driver@b227 (fe0cd291)]&amp#27;[0m     at AndroidUiautomator2Driver.findElOrElsWithProcessing (C:\Users\daniel.ogagavworia\AppData\Roaming\npm\node_modules\appium\node_modules\@appium\base-driver\lib\basedriver\commands\find.ts:60:12)
[debug] &amp#27;[38;5;32m[AndroidUiautomator2Driver@b227 (fe0cd291)]&amp#27;[0m     at AndroidUiautomator2Driver.findElement (C:\Users\daniel.ogagavworia\AppData\Roaming\npm\node_modules\appium\node_modules\@appium\base-driver\lib\basedriver\commands\find.ts:75:12)
&amp#27;[38;5;0m[HTTP]&amp#27;[0m &amp#27;[37m<-- POST /session/fe0cd291-8f79-4212-8568-b4785b2dee12/element &amp#27;[39m&amp#27;[33m404&amp#27;[39m &amp#27;[90m6038 ms - 929&amp#27;[39m
&amp#27;[38;5;0m[HTTP]&amp#27;[0m &amp#27;[90m&amp#27;[39m
&amp#27;[38;5;0m[HTTP]&amp#27;[0m &amp#27;[37m-->&amp#27;[39m &amp#27;[37mPOST&amp#27;[39m &amp#27;[37m/session/fe0cd291-8f79-4212-8568-b4785b2dee12/element&amp#27;[39m
&amp#27;[38;5;0m[HTTP]&amp#27;[0m &amp#27;[90m{"using":"xpath","value":"//android.widget.TextView[@text='REGISTER']"}&amp#27;[39m
[debug] &amp#27;[38;5;32m[AndroidUiautomator2Driver@b227 (fe0cd291)]&amp#27;[0m Calling AppiumDriver.findElement() with args: ["xpath","//android.widget.TextView[@text='REGISTER']","fe0cd291-8f79-4212-8568-b4785b2dee12"]
[debug] &amp#27;[38;5;32m[AndroidUiautomator2Driver@b227 (fe0cd291)]&amp#27;[0m Valid locator strategies for this request: xpath, id, class name, accessibility id, css selector, -android uiautomator
[debug] &amp#27;[38;5;32m[AndroidUiautomator2Driver@b227 (fe0cd291)]&amp#27;[0m Waiting up to 6000 ms for condition
[debug] &amp#27;[38;5;32m[AndroidUiautomator2Driver@b227 (fe0cd291)]&amp#27;[0m Matched '/element' to command name 'findElement'
[debug] &amp#27;[38;5;32m[AndroidUiautomator2Driver@b227 (fe0cd291)]&amp#27;[0m Proxying [POST /element] to [POST http://127.0.0.1:8200/session/85989a46-cbdd-4bd4-a501-a859808a0843/element] with body: {"strategy":"xpath","selector":"//android.widget.TextView[@text='REGISTER']","context":"","multiple":false}
[debug] &amp#27;[38;5;32m[AndroidUiautomator2Driver@b227 (fe0cd291)]&amp#27;[0m Got response with status 200: {"sessionId":"85989a46-cbdd-4bd4-a501-a859808a0843","value":{"ELEMENT":"00000000-0000-0032-ffff-ffff0000002e","element-6066-11e4-a52e-4f735466cecf":"00000000-0000-0032-ffff-ffff0000002e"}}
[debug] &amp#27;[38;5;32m[AndroidUiautomator2Driver@b227 (fe0cd291)]&amp#27;[0m Responding to client with driver.findElement() result: {"element-6066-11e4-a52e-4f735466cecf":"00000000-0000-0032-ffff-ffff0000002e","ELEMENT":"00000000-0000-0032-ffff-ffff0000002e"}
&amp#27;[38;5;0m[HTTP]&amp#27;[0m &amp#27;[37m<-- POST /session/fe0cd291-8f79-4212-8568-b4785b2dee12/element &amp#27;[39m&amp#27;[32m200&amp#27;[39m &amp#27;[90m13 ms - 137&amp#27;[39m
&amp#27;[38;5;0m[HTTP]&amp#27;[0m &amp#27;[90m&amp#27;[39m
&amp#27;[38;5;0m[HTTP]&amp#27;[0m &amp#27;[37m-->&amp#27;[39m &amp#27;[37mPOST&amp#27;[39m &amp#27;[37m/session/fe0cd291-8f79-4212-8568-b4785b2dee12/element/00000000-0000-0032-ffff-ffff0000002e/click&amp#27;[39m
&amp#27;[38;5;0m[HTTP]&amp#27;[0m &amp#27;[90m{"id":"00000000-0000-0032-ffff-ffff0000002e"}&amp#27;[39m
[debug] &amp#27;[38;5;32m[AndroidUiautomator2Driver@b227 (fe0cd291)]&amp#27;[0m Calling AppiumDriver.click() with args: ["00000000-0000-0032-ffff-ffff0000002e","fe0cd291-8f79-4212-8568-b4785b2dee12"]
[debug] &amp#27;[38;5;32m[AndroidUiautomator2Driver@b227 (fe0cd291)]&amp#27;[0m Matched '/element/00000000-0000-0032-ffff-ffff0000002e/click' to command name 'click'
[debug] &amp#27;[38;5;32m[AndroidUiautomator2Driver@b227 (fe0cd291)]&amp#27;[0m Proxying [POST /element/00000000-0000-0032-ffff-ffff0000002e/click] to [POST http://127.0.0.1:8200/session/85989a46-cbdd-4bd4-a501-a859808a0843/element/00000000-0000-0032-ffff-ffff0000002e/click] with body: {"element":"00000000-0000-0032-ffff-ffff0000002e"}
[debug] &amp#27;[38;5;32m[AndroidUiautomator2Driver@b227 (fe0cd291)]&amp#27;[0m Got response with status 200: {"sessionId":"85989a46-cbdd-4bd4-a501-a859808a0843","value":null}
[debug] &amp#27;[38;5;32m[AndroidUiautomator2Driver@b227 (fe0cd291)]&amp#27;[0m Responding to client with driver.click() result: null
&amp#27;[38;5;0m[HTTP]&amp#27;[0m &amp#27;[37m<-- POST /session/fe0cd291-8f79-4212-8568-b4785b2dee12/element/00000000-0000-0032-ffff-ffff0000002e/click &amp#27;[39m&amp#27;[32m200&amp#27;[39m &amp#27;[90m42 ms - 14&amp#27;[39m
&amp#27;[38;5;0m[HTTP]&amp#27;[0m &amp#27;[90m&amp#27;[39m
&amp#27;[38;5;0m[HTTP]&amp#27;[0m &amp#27;[37m-->&amp#27;[39m &amp#27;[37mPOST&amp#27;[39m &amp#27;[37m/session/fe0cd291-8f79-4212-8568-b4785b2dee12/timeouts&amp#27;[39m
&amp#27;[38;5;0m[HTTP]&amp#27;[0m &amp#27;[90m{"implicit":10000}&amp#27;[39m
[debug] &amp#27;[38;5;32m[AndroidUiautomator2Driver@b227 (fe0cd291)]&amp#27;[0m Calling AppiumDriver.timeouts() with args: [null,null,null,null,10000,"fe0cd291-8f79-4212-8568-b4785b2dee12"]
[debug] &amp#27;[38;5;32m[AndroidUiautomator2Driver@b227 (fe0cd291)]&amp#27;[0m W3C timeout argument: {"implicit":10000}}
[debug] &amp#27;[38;5;32m[AndroidUiautomator2Driver@b227 (fe0cd291)]&amp#27;[0m Set implicit wait to 10000ms
[debug] &amp#27;[38;5;32m[AndroidUiautomator2Driver@b227 (fe0cd291)]&amp#27;[0m Responding to client with driver.timeouts() result: null
&amp#27;[38;5;0m[HTTP]&amp#27;[0m &amp#27;[37m<-- POST /session/fe0cd291-8f79-4212-8568-b4785b2dee12/timeouts &amp#27;[39m&amp#27;[32m200&amp#27;[39m &amp#27;[90m1 ms - 14&amp#27;[39m
&amp#27;[38;5;0m[HTTP]&amp#27;[0m &amp#27;[90m&amp#27;[39m
&amp#27;[38;5;0m[HTTP]&amp#27;[0m &amp#27;[37m-->&amp#27;[39m &amp#27;[37mPOST&amp#27;[39m &amp#27;[37m/session/fe0cd291-8f79-4212-8568-b4785b2dee12/element&amp#27;[39m
&amp#27;[38;5;0m[HTTP]&amp#27;[0m &amp#27;[90m{"using":"xpath","value":"//android.widget.EditText[@index=3]"}&amp#27;[39m
[debug] &amp#27;[38;5;32m[AndroidUiautomator2Driver@b227 (fe0cd291)]&amp#27;[0m Calling AppiumDriver.findElement() with args: ["xpath","//android.widget.EditText[@index=3]","fe0cd291-8f79-4212-8568-b4785b2dee12"]
[debug] &amp#27;[38;5;32m[AndroidUiautomator2Driver@b227 (fe0cd291)]&amp#27;[0m Valid locator strategies for this request: xpath, id, class name, accessibility id, css selector, -android uiautomator
[debug] &amp#27;[38;5;32m[AndroidUiautomator2Driver@b227 (fe0cd291)]&amp#27;[0m Waiting up to 10000 ms for condition
[debug] &amp#27;[38;5;32m[AndroidUiautomator2Driver@b227 (fe0cd291)]&amp#27;[0m Matched '/element' to command name 'findElement'
[debug] &amp#27;[38;5;32m[AndroidUiautomator2Driver@b227 (fe0cd291)]&amp#27;[0m Proxying [POST /element] to [POST http://127.0.0.1:8200/session/85989a46-cbdd-4bd4-a501-a859808a0843/element] with body: {"strategy":"xpath","selector":"//android.widget.EditText[@index=3]","context":"","multiple":false}
&amp#27;[38;5;32m[AndroidUiautomator2Driver@b227 (fe0cd291)]&amp#27;[0m Got response with status 404: {"sessionId":"85989a46-cbdd-4bd4-a501-a859808a0843","value":{"error":"no such element","message":"An element could not be located on the page using the given search parameters","stacktrace":"io.appium.uiautomator2.common.exceptions.ElementNotFoundException: An element could not be located on the page using the given search parameters\n\tat io.appium.uiautomator2.utils.ElementLocationHelpers.findElement(ElementLocationHelpers.java:156)\n\tat io.appium.uiautomator2.handler.FindElement.safeHandle(FindElement.java:60)\n\tat io.appium.uiautomator2.handler.request.SafeRequestHandler.handle(SafeRequestHandler.java:59)\n\tat io.appium.uiautomator2.server.AppiumServlet.handleRequest(AppiumServlet.java:277)\n\tat io.appium.uiautomator2.server.AppiumServlet.handleHttpRequest(AppiumServlet.java:271)\n\tat io.appium.uiautomator2.http.ServerHandler.channelRead(ServerHandler.java:68)\n\tat io.netty.channel.AbstractChannelHandlerContext.invokeChannelRead(AbstractChannelHandlerContext.java:366)\n\tat io.netty.channel.Abstr...
[debug] &amp#27;[38;5;128m[W3C]&amp#27;[0m Matched W3C error code 'no such element' to NoSuchElementError
[debug] &amp#27;[38;5;32m[AndroidUiautomator2Driver@b227 (fe0cd291)]&amp#27;[0m Waited for 22 ms so far
[debug] &amp#27;[38;5;32m[AndroidUiautomator2Driver@b227 (fe0cd291)]&amp#27;[0m Matched '/element' to command name 'findElement'
[debug] &amp#27;[38;5;32m[AndroidUiautomator2Driver@b227 (fe0cd291)]&amp#27;[0m Proxying [POST /element] to [POST http://127.0.0.1:8200/session/85989a46-cbdd-4bd4-a501-a859808a0843/element] with body: {"strategy":"xpath","selector":"//android.widget.EditText[@index=3]","context":"","multiple":false}
[debug] &amp#27;[38;5;32m[AndroidUiautomator2Driver@b227 (fe0cd291)]&amp#27;[0m Got response with status 200: {"sessionId":"85989a46-cbdd-4bd4-a501-a859808a0843","value":{"ELEMENT":"00000000-0000-0032-ffff-ffff0000042e","element-6066-11e4-a52e-4f735466cecf":"00000000-0000-0032-ffff-ffff0000042e"}}
[debug] &amp#27;[38;5;32m[AndroidUiautomator2Driver@b227 (fe0cd291)]&amp#27;[0m Responding to client with driver.findElement() result: {"element-6066-11e4-a52e-4f735466cecf":"00000000-0000-0032-ffff-ffff0000042e","ELEMENT":"00000000-0000-0032-ffff-ffff0000042e"}
&amp#27;[38;5;0m[HTTP]&amp#27;[0m &amp#27;[37m<-- POST /session/fe0cd291-8f79-4212-8568-b4785b2dee12/element &amp#27;[39m&amp#27;[32m200&amp#27;[39m &amp#27;[90m1063 ms - 137&amp#27;[39m
&amp#27;[38;5;0m[HTTP]&amp#27;[0m &amp#27;[90m&amp#27;[39m
&amp#27;[38;5;0m[HTTP]&amp#27;[0m &amp#27;[37m-->&amp#27;[39m &amp#27;[37mPOST&amp#27;[39m &amp#27;[37m/session/fe0cd291-8f79-4212-8568-b4785b2dee12/element/00000000-0000-0032-ffff-ffff0000042e/value&amp#27;[39m
&amp#27;[38;5;0m[HTTP]&amp#27;[0m &amp#27;[90m{"id":"00000000-0000-0032-ffff-ffff0000042e","text":"Daniel Ogaga","value":["D","a","n","i","e","l"," ","O","g","a","g","a"]}&amp#27;[39m
[debug] &amp#27;[38;5;32m[AndroidUiautomator2Driver@b227 (fe0cd291)]&amp#27;[0m Calling AppiumDriver.setValue() with args: [["D","a","n","i","e","l"," ","O","g","a","g","a"],"00000000-0000-0032-ffff-ffff0000042e","fe0cd291-8f79-4212-8568-b4785b2dee12"]
[debug] &amp#27;[38;5;32m[AndroidUiautomator2Driver@b227 (fe0cd291)]&amp#27;[0m Matched '/element/00000000-0000-0032-ffff-ffff0000042e/value' to command name 'setValue'
[debug] &amp#27;[38;5;32m[AndroidUiautomator2Driver@b227 (fe0cd291)]&amp#27;[0m Added 'value' property ["D","a","n","i","e","l"," ","O","g","a","g","a"] to 'setValue' request body
[debug] &amp#27;[38;5;32m[AndroidUiautomator2Driver@b227 (fe0cd291)]&amp#27;[0m Proxying [POST /element/00000000-0000-0032-ffff-ffff0000042e/value] to [POST http://127.0.0.1:8200/session/85989a46-cbdd-4bd4-a501-a859808a0843/element/00000000-0000-0032-ffff-ffff0000042e/value] with body: {"elementId":"00000000-0000-0032-ffff-ffff0000042e","text":"Daniel Ogaga","replace":false,"value":["D","a","n","i","e","l"," ","O","g","a","g","a"]}
[debug] &amp#27;[38;5;32m[AndroidUiautomator2Driver@b227 (fe0cd291)]&amp#27;[0m Got response with status 200: {"sessionId":"85989a46-cbdd-4bd4-a501-a859808a0843","value":null}
[debug] &amp#27;[38;5;32m[AndroidUiautomator2Driver@b227 (fe0cd291)]&amp#27;[0m Responding to client with driver.setValue() result: null
&amp#27;[38;5;0m[HTTP]&amp#27;[0m &amp#27;[37m<-- POST /session/fe0cd291-8f79-4212-8568-b4785b2dee12/element/00000000-0000-0032-ffff-ffff0000042e/value &amp#27;[39m&amp#27;[32m200&amp#27;[39m &amp#27;[90m13 ms - 14&amp#27;[39m
&amp#27;[38;5;0m[HTTP]&amp#27;[0m &amp#27;[90m&amp#27;[39m
&amp#27;[38;5;0m[HTTP]&amp#27;[0m &amp#27;[37m-->&amp#27;[39m &amp#27;[37mPOST&amp#27;[39m &amp#27;[37m/session/fe0cd291-8f79-4212-8568-b4785b2dee12/element&amp#27;[39m
&amp#27;[38;5;0m[HTTP]&amp#27;[0m &amp#27;[90m{"using":"xpath","value":"//android.widget.EditText[@index=6]"}&amp#27;[39m
[debug] &amp#27;[38;5;32m[AndroidUiautomator2Driver@b227 (fe0cd291)]&amp#27;[0m Calling AppiumDriver.findElement() with args: ["xpath","//android.widget.EditText[@index=6]","fe0cd291-8f79-4212-8568-b4785b2dee12"]
[debug] &amp#27;[38;5;32m[AndroidUiautomator2Driver@b227 (fe0cd291)]&amp#27;[0m Valid locator strategies for this request: xpath, id, class name, accessibility id, css selector, -android uiautomator
[debug] &amp#27;[38;5;32m[AndroidUiautomator2Driver@b227 (fe0cd291)]&amp#27;[0m Waiting up to 10000 ms for condition
[debug] &amp#27;[38;5;32m[AndroidUiautomator2Driver@b227 (fe0cd291)]&amp#27;[0m Matched '/element' to command name 'findElement'
[debug] &amp#27;[38;5;32m[AndroidUiautomator2Driver@b227 (fe0cd291)]&amp#27;[0m Proxying [POST /element] to [POST http://127.0.0.1:8200/session/85989a46-cbdd-4bd4-a501-a859808a0843/element] with body: {"strategy":"xpath","selector":"//android.widget.EditText[@index=6]","context":"","multiple":false}
[debug] &amp#27;[38;5;32m[AndroidUiautomator2Driver@b227 (fe0cd291)]&amp#27;[0m Got response with status 200: {"sessionId":"85989a46-cbdd-4bd4-a501-a859808a0843","value":{"ELEMENT":"00000000-0000-0032-ffff-ffff00000431","element-6066-11e4-a52e-4f735466cecf":"00000000-0000-0032-ffff-ffff00000431"}}
[debug] &amp#27;[38;5;32m[AndroidUiautomator2Driver@b227 (fe0cd291)]&amp#27;[0m Responding to client with driver.findElement() result: {"element-6066-11e4-a52e-4f735466cecf":"00000000-0000-0032-ffff-ffff00000431","ELEMENT":"00000000-0000-0032-ffff-ffff00000431"}
&amp#27;[38;5;0m[HTTP]&amp#27;[0m &amp#27;[37m<-- POST /session/fe0cd291-8f79-4212-8568-b4785b2dee12/element &amp#27;[39m&amp#27;[32m200&amp#27;[39m &amp#27;[90m47 ms - 137&amp#27;[39m
&amp#27;[38;5;0m[HTTP]&amp#27;[0m &amp#27;[90m&amp#27;[39m
&amp#27;[38;5;0m[HTTP]&amp#27;[0m &amp#27;[37m-->&amp#27;[39m &amp#27;[37mPOST&amp#27;[39m &amp#27;[37m/session/fe0cd291-8f79-4212-8568-b4785b2dee12/element/00000000-0000-0032-ffff-ffff00000431/value&amp#27;[39m
&amp#27;[38;5;0m[HTTP]&amp#27;[0m &amp#27;[90m{"id":"00000000-0000-0032-ffff-ffff00000431","text":"vada.deckow@dry3ducks.com","value":["v","a","d","a",".","d","e","c","k","o","w","@","d","r","y","3","d","u","c","k","s",".","c","o","m"]}&amp#27;[39m
[debug] &amp#27;[38;5;32m[AndroidUiautomator2Driver@b227 (fe0cd291)]&amp#27;[0m Calling AppiumDriver.setValue() with args: [["v","a","d","a",".","d","e","c","k","o","w","@","d","r","y","3","d","u","c","k","s",".","c","o","m"],"00000000-0000-0032-ffff-ffff00000431","fe0cd291-8f79-4212-8568-b4785b2dee12"]
[debug] &amp#27;[38;5;32m[AndroidUiautomator2Driver@b227 (fe0cd291)]&amp#27;[0m Matched '/element/00000000-0000-0032-ffff-ffff00000431/value' to command name 'setValue'
[debug] &amp#27;[38;5;32m[AndroidUiautomator2Driver@b227 (fe0cd291)]&amp#27;[0m Added 'value' property ["v","a","d","a",".","d","e","c","k","o","w","@","d","r","y","3","d","u","c","k","s",".","c","o","m"] to 'setValue' request body
[debug] &amp#27;[38;5;32m[AndroidUiautomator2Driver@b227 (fe0cd291)]&amp#27;[0m Proxying [POST /element/00000000-0000-0032-ffff-ffff00000431/value] to [POST http://127.0.0.1:8200/session/85989a46-cbdd-4bd4-a501-a859808a0843/element/00000000-0000-0032-ffff-ffff00000431/value] with body: {"elementId":"00000000-0000-0032-ffff-ffff00000431","text":"vada.deckow@dry3ducks.com","replace":false,"value":["v","a","d","a",".","d","e","c","k","o","w","@","d","r","y","3","d","u","c","k","s",".","c","o","m"]}
[debug] &amp#27;[38;5;32m[AndroidUiautomator2Driver@b227 (fe0cd291)]&amp#27;[0m Got response with status 200: {"sessionId":"85989a46-cbdd-4bd4-a501-a859808a0843","value":null}
[debug] &amp#27;[38;5;32m[AndroidUiautomator2Driver@b227 (fe0cd291)]&amp#27;[0m Responding to client with driver.setValue() result: null
&amp#27;[38;5;0m[HTTP]&amp#27;[0m &amp#27;[37m<-- POST /session/fe0cd291-8f79-4212-8568-b4785b2dee12/element/00000000-0000-0032-ffff-ffff00000431/value &amp#27;[39m&amp#27;[32m200&amp#27;[39m &amp#27;[90m458 ms - 14&amp#27;[39m
&amp#27;[38;5;0m[HTTP]&amp#27;[0m &amp#27;[90m&amp#27;[39m
&amp#27;[38;5;0m[HTTP]&amp#27;[0m &amp#27;[37m-->&amp#27;[39m &amp#27;[37mPOST&amp#27;[39m &amp#27;[37m/session/fe0cd291-8f79-4212-8568-b4785b2dee12/element&amp#27;[39m
&amp#27;[38;5;0m[HTTP]&amp#27;[0m &amp#27;[90m{"using":"xpath","value":"//android.widget.EditText[@index=9]"}&amp#27;[39m
[debug] &amp#27;[38;5;32m[AndroidUiautomator2Driver@b227 (fe0cd291)]&amp#27;[0m Calling AppiumDriver.findElement() with args: ["xpath","//android.widget.EditText[@index=9]","fe0cd291-8f79-4212-8568-b4785b2dee12"]
[debug] &amp#27;[38;5;32m[AndroidUiautomator2Driver@b227 (fe0cd291)]&amp#27;[0m Valid locator strategies for this request: xpath, id, class name, accessibility id, css selector, -android uiautomator
[debug] &amp#27;[38;5;32m[AndroidUiautomator2Driver@b227 (fe0cd291)]&amp#27;[0m Waiting up to 10000 ms for condition
[debug] &amp#27;[38;5;32m[AndroidUiautomator2Driver@b227 (fe0cd291)]&amp#27;[0m Matched '/element' to command name 'findElement'
[debug] &amp#27;[38;5;32m[AndroidUiautomator2Driver@b227 (fe0cd291)]&amp#27;[0m Proxying [POST /element] to [POST http://127.0.0.1:8200/session/85989a46-cbdd-4bd4-a501-a859808a0843/element] with body: {"strategy":"xpath","selector":"//android.widget.EditText[@index=9]","context":"","multiple":false}
[debug] &amp#27;[38;5;32m[AndroidUiautomator2Driver@b227 (fe0cd291)]&amp#27;[0m Got response with status 200: {"sessionId":"85989a46-cbdd-4bd4-a501-a859808a0843","value":{"ELEMENT":"00000000-0000-0032-ffff-ffff00000434","element-6066-11e4-a52e-4f735466cecf":"00000000-0000-0032-ffff-ffff00000434"}}
[debug] &amp#27;[38;5;32m[AndroidUiautomator2Driver@b227 (fe0cd291)]&amp#27;[0m Responding to client with driver.findElement() result: {"element-6066-11e4-a52e-4f735466cecf":"00000000-0000-0032-ffff-ffff00000434","ELEMENT":"00000000-0000-0032-ffff-ffff00000434"}
&amp#27;[38;5;0m[HTTP]&amp#27;[0m &amp#27;[37m<-- POST /session/fe0cd291-8f79-4212-8568-b4785b2dee12/element &amp#27;[39m&amp#27;[32m200&amp#27;[39m &amp#27;[90m533 ms - 137&amp#27;[39m
&amp#27;[38;5;0m[HTTP]&amp#27;[0m &amp#27;[90m&amp#27;[39m
&amp#27;[38;5;0m[HTTP]&amp#27;[0m &amp#27;[37m-->&amp#27;[39m &amp#27;[37mPOST&amp#27;[39m &amp#27;[37m/session/fe0cd291-8f79-4212-8568-b4785b2dee12/element/00000000-0000-0032-ffff-ffff00000434/value&amp#27;[39m
&amp#27;[38;5;0m[HTTP]&amp#27;[0m &amp#27;[90m{"id":"00000000-0000-0032-ffff-ffff00000434","text":"08033443048","value":["0","8","0","3","3","4","4","3","0","4","8"]}&amp#27;[39m
[debug] &amp#27;[38;5;32m[AndroidUiautomator2Driver@b227 (fe0cd291)]&amp#27;[0m Calling AppiumDriver.setValue() with args: [["0","8","0","3","3","4","4","3","0","4","8"],"00000000-0000-0032-ffff-ffff00000434","fe0cd291-8f79-4212-8568-b4785b2dee12"]
[debug] &amp#27;[38;5;32m[AndroidUiautomator2Driver@b227 (fe0cd291)]&amp#27;[0m Matched '/element/00000000-0000-0032-ffff-ffff00000434/value' to command name 'setValue'
[debug] &amp#27;[38;5;32m[AndroidUiautomator2Driver@b227 (fe0cd291)]&amp#27;[0m Added 'value' property ["0","8","0","3","3","4","4","3","0","4","8"] to 'setValue' request body
[debug] &amp#27;[38;5;32m[AndroidUiautomator2Driver@b227 (fe0cd291)]&amp#27;[0m Proxying [POST /element/00000000-0000-0032-ffff-ffff00000434/value] to [POST http://127.0.0.1:8200/session/85989a46-cbdd-4bd4-a501-a859808a0843/element/00000000-0000-0032-ffff-ffff00000434/value] with body: {"elementId":"00000000-0000-0032-ffff-ffff00000434","text":"08033443048","replace":false,"value":["0","8","0","3","3","4","4","3","0","4","8"]}
[debug] &amp#27;[38;5;32m[AndroidUiautomator2Driver@b227 (fe0cd291)]&amp#27;[0m Got response with status 200: {"sessionId":"85989a46-cbdd-4bd4-a501-a859808a0843","value":null}
[debug] &amp#27;[38;5;32m[AndroidUiautomator2Driver@b227 (fe0cd291)]&amp#27;[0m Responding to client with driver.setValue() result: null
&amp#27;[38;5;0m[HTTP]&amp#27;[0m &amp#27;[37m<-- POST /session/fe0cd291-8f79-4212-8568-b4785b2dee12/element/00000000-0000-0032-ffff-ffff00000434/value &amp#27;[39m&amp#27;[32m200&amp#27;[39m &amp#27;[90m25 ms - 14&amp#27;[39m
&amp#27;[38;5;0m[HTTP]&amp#27;[0m &amp#27;[90m&amp#27;[39m
&amp#27;[38;5;0m[HTTP]&amp#27;[0m &amp#27;[37m-->&amp#27;[39m &amp#27;[37mPOST&amp#27;[39m &amp#27;[37m/session/fe0cd291-8f79-4212-8568-b4785b2dee12/element&amp#27;[39m
&amp#27;[38;5;0m[HTTP]&amp#27;[0m &amp#27;[90m{"using":"xpath","value":"//android.widget.EditText[@index=12]"}&amp#27;[39m
[debug] &amp#27;[38;5;32m[AndroidUiautomator2Driver@b227 (fe0cd291)]&amp#27;[0m Calling AppiumDriver.findElement() with args: ["xpath","//android.widget.EditText[@index=12]","fe0cd291-8f79-4212-8568-b4785b2dee12"]
[debug] &amp#27;[38;5;32m[AndroidUiautomator2Driver@b227 (fe0cd291)]&amp#27;[0m Valid locator strategies for this request: xpath, id, class name, accessibility id, css selector, -android uiautomator
[debug] &amp#27;[38;5;32m[AndroidUiautomator2Driver@b227 (fe0cd291)]&amp#27;[0m Waiting up to 10000 ms for condition
[debug] &amp#27;[38;5;32m[AndroidUiautomator2Driver@b227 (fe0cd291)]&amp#27;[0m Matched '/element' to command name 'findElement'
[debug] &amp#27;[38;5;32m[AndroidUiautomator2Driver@b227 (fe0cd291)]&amp#27;[0m Proxying [POST /element] to [POST http://127.0.0.1:8200/session/85989a46-cbdd-4bd4-a501-a859808a0843/element] with body: {"strategy":"xpath","selector":"//android.widget.EditText[@index=12]","context":"","multiple":false}
[debug] &amp#27;[38;5;32m[AndroidUiautomator2Driver@b227 (fe0cd291)]&amp#27;[0m Got response with status 200: {"sessionId":"85989a46-cbdd-4bd4-a501-a859808a0843","value":{"ELEMENT":"00000000-0000-0032-ffff-ffff00000437","element-6066-11e4-a52e-4f735466cecf":"00000000-0000-0032-ffff-ffff00000437"}}
[debug] &amp#27;[38;5;32m[AndroidUiautomator2Driver@b227 (fe0cd291)]&amp#27;[0m Responding to client with driver.findElement() result: {"element-6066-11e4-a52e-4f735466cecf":"00000000-0000-0032-ffff-ffff00000437","ELEMENT":"00000000-0000-0032-ffff-ffff00000437"}
&amp#27;[38;5;0m[HTTP]&amp#27;[0m &amp#27;[37m<-- POST /session/fe0cd291-8f79-4212-8568-b4785b2dee12/element &amp#27;[39m&amp#27;[32m200&amp#27;[39m &amp#27;[90m49 ms - 137&amp#27;[39m
&amp#27;[38;5;0m[HTTP]&amp#27;[0m &amp#27;[90m&amp#27;[39m
&amp#27;[38;5;0m[HTTP]&amp#27;[0m &amp#27;[37m-->&amp#27;[39m &amp#27;[37mPOST&amp#27;[39m &amp#27;[37m/session/fe0cd291-8f79-4212-8568-b4785b2dee12/element/00000000-0000-0032-ffff-ffff00000437/value&amp#27;[39m
&amp#27;[38;5;0m[HTTP]&amp#27;[0m &amp#27;[90m{"id":"00000000-0000-0032-ffff-ffff00000437","text":"password","value":["p","a","s","s","w","o","r","d"]}&amp#27;[39m
[debug] &amp#27;[38;5;32m[AndroidUiautomator2Driver@b227 (fe0cd291)]&amp#27;[0m Calling AppiumDriver.setValue() with args: [["p","a","s","s","w","o","r","d"],"00000000-0000-0032-ffff-ffff00000437","fe0cd291-8f79-4212-8568-b4785b2dee12"]
[debug] &amp#27;[38;5;32m[AndroidUiautomator2Driver@b227 (fe0cd291)]&amp#27;[0m Matched '/element/00000000-0000-0032-ffff-ffff00000437/value' to command name 'setValue'
[debug] &amp#27;[38;5;32m[AndroidUiautomator2Driver@b227 (fe0cd291)]&amp#27;[0m Added 'value' property ["p","a","s","s","w","o","r","d"] to 'setValue' request body
[debug] &amp#27;[38;5;32m[AndroidUiautomator2Driver@b227 (fe0cd291)]&amp#27;[0m Proxying [POST /element/00000000-0000-0032-ffff-ffff00000437/value] to [POST http://127.0.0.1:8200/session/85989a46-cbdd-4bd4-a501-a859808a0843/element/00000000-0000-0032-ffff-ffff00000437/value] with body: {"elementId":"00000000-0000-0032-ffff-ffff00000437","text":"password","replace":false,"value":["p","a","s","s","w","o","r","d"]}
[debug] &amp#27;[38;5;32m[AndroidUiautomator2Driver@b227 (fe0cd291)]&amp#27;[0m Got response with status 200: {"sessionId":"85989a46-cbdd-4bd4-a501-a859808a0843","value":null}
[debug] &amp#27;[38;5;32m[AndroidUiautomator2Driver@b227 (fe0cd291)]&amp#27;[0m Responding to client with driver.setValue() result: null
&amp#27;[38;5;0m[HTTP]&amp#27;[0m &amp#27;[37m<-- POST /session/fe0cd291-8f79-4212-8568-b4785b2dee12/element/00000000-0000-0032-ffff-ffff00000437/value &amp#27;[39m&amp#27;[32m200&amp#27;[39m &amp#27;[90m451 ms - 14&amp#27;[39m
&amp#27;[38;5;0m[HTTP]&amp#27;[0m &amp#27;[90m&amp#27;[39m
&amp#27;[38;5;0m[HTTP]&amp#27;[0m &amp#27;[37m-->&amp#27;[39m &amp#27;[37mPOST&amp#27;[39m &amp#27;[37m/session/fe0cd291-8f79-4212-8568-b4785b2dee12/element&amp#27;[39m
&amp#27;[38;5;0m[HTTP]&amp#27;[0m &amp#27;[90m{"using":"xpath","value":"//android.widget.TextView[@text='Register']"}&amp#27;[39m
[debug] &amp#27;[38;5;32m[AndroidUiautomator2Driver@b227 (fe0cd291)]&amp#27;[0m Calling AppiumDriver.findElement() with args: ["xpath","//android.widget.TextView[@text='Register']","fe0cd291-8f79-4212-8568-b4785b2dee12"]
[debug] &amp#27;[38;5;32m[AndroidUiautomator2Driver@b227 (fe0cd291)]&amp#27;[0m Valid locator strategies for this request: xpath, id, class name, accessibility id, css selector, -android uiautomator
[debug] &amp#27;[38;5;32m[AndroidUiautomator2Driver@b227 (fe0cd291)]&amp#27;[0m Waiting up to 10000 ms for condition
[debug] &amp#27;[38;5;32m[AndroidUiautomator2Driver@b227 (fe0cd291)]&amp#27;[0m Matched '/element' to command name 'findElement'
[debug] &amp#27;[38;5;32m[AndroidUiautomator2Driver@b227 (fe0cd291)]&amp#27;[0m Proxying [POST /element] to [POST http://127.0.0.1:8200/session/85989a46-cbdd-4bd4-a501-a859808a0843/element] with body: {"strategy":"xpath","selector":"//android.widget.TextView[@text='Register']","context":"","multiple":false}
[debug] &amp#27;[38;5;32m[AndroidUiautomator2Driver@b227 (fe0cd291)]&amp#27;[0m Got response with status 200: {"sessionId":"85989a46-cbdd-4bd4-a501-a859808a0843","value":{"ELEMENT":"00000000-0000-0032-ffff-ffff00000444","element-6066-11e4-a52e-4f735466cecf":"00000000-0000-0032-ffff-ffff00000444"}}
[debug] &amp#27;[38;5;32m[AndroidUiautomator2Driver@b227 (fe0cd291)]&amp#27;[0m Responding to client with driver.findElement() result: {"element-6066-11e4-a52e-4f735466cecf":"00000000-0000-0032-ffff-ffff00000444","ELEMENT":"00000000-0000-0032-ffff-ffff00000444"}
&amp#27;[38;5;0m[HTTP]&amp#27;[0m &amp#27;[37m<-- POST /session/fe0cd291-8f79-4212-8568-b4785b2dee12/element &amp#27;[39m&amp#27;[32m200&amp#27;[39m &amp#27;[90m624 ms - 137&amp#27;[39m
&amp#27;[38;5;0m[HTTP]&amp#27;[0m &amp#27;[90m&amp#27;[39m
&amp#27;[38;5;0m[HTTP]&amp#27;[0m &amp#27;[37m-->&amp#27;[39m &amp#27;[37mPOST&amp#27;[39m &amp#27;[37m/session/fe0cd291-8f79-4212-8568-b4785b2dee12/element/00000000-0000-0032-ffff-ffff00000444/click&amp#27;[39m
&amp#27;[38;5;0m[HTTP]&amp#27;[0m &amp#27;[90m{"id":"00000000-0000-0032-ffff-ffff00000444"}&amp#27;[39m
[debug] &amp#27;[38;5;32m[AndroidUiautomator2Driver@b227 (fe0cd291)]&amp#27;[0m Calling AppiumDriver.click() with args: ["00000000-0000-0032-ffff-ffff00000444","fe0cd291-8f79-4212-8568-b4785b2dee12"]
[debug] &amp#27;[38;5;32m[AndroidUiautomator2Driver@b227 (fe0cd291)]&amp#27;[0m Matched '/element/00000000-0000-0032-ffff-ffff00000444/click' to command name 'click'
[debug] &amp#27;[38;5;32m[AndroidUiautomator2Driver@b227 (fe0cd291)]&amp#27;[0m Proxying [POST /element/00000000-0000-0032-ffff-ffff00000444/click] to [POST http://127.0.0.1:8200/session/85989a46-cbdd-4bd4-a501-a859808a0843/element/00000000-0000-0032-ffff-ffff00000444/click] with body: {"element":"00000000-0000-0032-ffff-ffff00000444"}
[debug] &amp#27;[38;5;32m[AndroidUiautomator2Driver@b227 (fe0cd291)]&amp#27;[0m Got response with status 200: {"sessionId":"85989a46-cbdd-4bd4-a501-a859808a0843","value":null}
[debug] &amp#27;[38;5;32m[AndroidUiautomator2Driver@b227 (fe0cd291)]&amp#27;[0m Responding to client with driver.click() result: null
&amp#27;[38;5;0m[HTTP]&amp#27;[0m &amp#27;[37m<-- POST /session/fe0cd291-8f79-4212-8568-b4785b2dee12/element/00000000-0000-0032-ffff-ffff00000444/click &amp#27;[39m&amp#27;[32m200&amp#27;[39m &amp#27;[90m65 ms - 14&amp#27;[39m
&amp#27;[38;5;0m[HTTP]&amp#27;[0m &amp#27;[90m&amp#27;[39m
&amp#27;[38;5;0m[HTTP]&amp#27;[0m &amp#27;[37m-->&amp#27;[39m &amp#27;[37mPOST&amp#27;[39m &amp#27;[37m/session/fe0cd291-8f79-4212-8568-b4785b2dee12/element&amp#27;[39m
&amp#27;[38;5;0m[HTTP]&amp#27;[0m &amp#27;[90m{"using":"xpath","value":"//android.widget.TextView[@index=18]"}&amp#27;[39m
[debug] &amp#27;[38;5;32m[AndroidUiautomator2Driver@b227 (fe0cd291)]&amp#27;[0m Calling AppiumDriver.findElement() with args: ["xpath","//android.widget.TextView[@index=18]","fe0cd291-8f79-4212-8568-b4785b2dee12"]
[debug] &amp#27;[38;5;32m[AndroidUiautomator2Driver@b227 (fe0cd291)]&amp#27;[0m Valid locator strategies for this request: xpath, id, class name, accessibility id, css selector, -android uiautomator
[debug] &amp#27;[38;5;32m[AndroidUiautomator2Driver@b227 (fe0cd291)]&amp#27;[0m Waiting up to 10000 ms for condition
[debug] &amp#27;[38;5;32m[AndroidUiautomator2Driver@b227 (fe0cd291)]&amp#27;[0m Matched '/element' to command name 'findElement'
[debug] &amp#27;[38;5;32m[AndroidUiautomator2Driver@b227 (fe0cd291)]&amp#27;[0m Proxying [POST /element] to [POST http://127.0.0.1:8200/session/85989a46-cbdd-4bd4-a501-a859808a0843/element] with body: {"strategy":"xpath","selector":"//android.widget.TextView[@index=18]","context":"","multiple":false}
[debug] &amp#27;[38;5;32m[AndroidUiautomator2Driver@b227 (fe0cd291)]&amp#27;[0m Got response with status 200: {"sessionId":"85989a46-cbdd-4bd4-a501-a859808a0843","value":{"ELEMENT":"00000000-0000-0032-ffff-ffff0000043c","element-6066-11e4-a52e-4f735466cecf":"00000000-0000-0032-ffff-ffff0000043c"}}
[debug] &amp#27;[38;5;32m[AndroidUiautomator2Driver@b227 (fe0cd291)]&amp#27;[0m Responding to client with driver.findElement() result: {"element-6066-11e4-a52e-4f735466cecf":"00000000-0000-0032-ffff-ffff0000043c","ELEMENT":"00000000-0000-0032-ffff-ffff0000043c"}
&amp#27;[38;5;0m[HTTP]&amp#27;[0m &amp#27;[37m<-- POST /session/fe0cd291-8f79-4212-8568-b4785b2dee12/element &amp#27;[39m&amp#27;[32m200&amp#27;[39m &amp#27;[90m27 ms - 137&amp#27;[39m
&amp#27;[38;5;0m[HTTP]&amp#27;[0m &amp#27;[90m&amp#27;[39m
&amp#27;[38;5;0m[HTTP]&amp#27;[0m &amp#27;[37m-->&amp#27;[39m &amp#27;[37mPOST&amp#27;[39m &amp#27;[37m/session/fe0cd291-8f79-4212-8568-b4785b2dee12/element/00000000-0000-0032-ffff-ffff0000043c/click&amp#27;[39m
&amp#27;[38;5;0m[HTTP]&amp#27;[0m &amp#27;[90m{"id":"00000000-0000-0032-ffff-ffff0000043c"}&amp#27;[39m
[debug] &amp#27;[38;5;32m[AndroidUiautomator2Driver@b227 (fe0cd291)]&amp#27;[0m Calling AppiumDriver.click() with args: ["00000000-0000-0032-ffff-ffff0000043c","fe0cd291-8f79-4212-8568-b4785b2dee12"]
[debug] &amp#27;[38;5;32m[AndroidUiautomator2Driver@b227 (fe0cd291)]&amp#27;[0m Matched '/element/00000000-0000-0032-ffff-ffff0000043c/click' to command name 'click'
[debug] &amp#27;[38;5;32m[AndroidUiautomator2Driver@b227 (fe0cd291)]&amp#27;[0m Proxying [POST /element/00000000-0000-0032-ffff-ffff0000043c/click] to [POST http://127.0.0.1:8200/session/85989a46-cbdd-4bd4-a501-a859808a0843/element/00000000-0000-0032-ffff-ffff0000043c/click] with body: {"element":"00000000-0000-0032-ffff-ffff0000043c"}
[debug] &amp#27;[38;5;32m[AndroidUiautomator2Driver@b227 (fe0cd291)]&amp#27;[0m Got response with status 200: {"sessionId":"85989a46-cbdd-4bd4-a501-a859808a0843","value":null}
[debug] &amp#27;[38;5;32m[AndroidUiautomator2Driver@b227 (fe0cd291)]&amp#27;[0m Responding to client with driver.click() result: null
&amp#27;[38;5;0m[HTTP]&amp#27;[0m &amp#27;[37m<-- POST /session/fe0cd291-8f79-4212-8568-b4785b2dee12/element/00000000-0000-0032-ffff-ffff0000043c/click &amp#27;[39m&amp#27;[32m200&amp#27;[39m &amp#27;[90m55 ms - 14&amp#27;[39m
&amp#27;[38;5;0m[HTTP]&amp#27;[0m &amp#27;[90m&amp#27;[39m
&amp#27;[38;5;0m[HTTP]&amp#27;[0m &amp#27;[37m-->&amp#27;[39m &amp#27;[37mPOST&amp#27;[39m &amp#27;[37m/session/fe0cd291-8f79-4212-8568-b4785b2dee12/element&amp#27;[39m
&amp#27;[38;5;0m[HTTP]&amp#27;[0m &amp#27;[90m{"using":"xpath","value":"//android.widget.TextView[@text='Register']"}&amp#27;[39m
[debug] &amp#27;[38;5;32m[AndroidUiautomator2Driver@b227 (fe0cd291)]&amp#27;[0m Calling AppiumDriver.findElement() with args: ["xpath","//android.widget.TextView[@text='Register']","fe0cd291-8f79-4212-8568-b4785b2dee12"]
[debug] &amp#27;[38;5;32m[AndroidUiautomator2Driver@b227 (fe0cd291)]&amp#27;[0m Valid locator strategies for this request: xpath, id, class name, accessibility id, css selector, -android uiautomator
[debug] &amp#27;[38;5;32m[AndroidUiautomator2Driver@b227 (fe0cd291)]&amp#27;[0m Waiting up to 10000 ms for condition
[debug] &amp#27;[38;5;32m[AndroidUiautomator2Driver@b227 (fe0cd291)]&amp#27;[0m Matched '/element' to command name 'findElement'
[debug] &amp#27;[38;5;32m[AndroidUiautomator2Driver@b227 (fe0cd291)]&amp#27;[0m Proxying [POST /element] to [POST http://127.0.0.1:8200/session/85989a46-cbdd-4bd4-a501-a859808a0843/element] with body: {"strategy":"xpath","selector":"//android.widget.TextView[@text='Register']","context":"","multiple":false}
[debug] &amp#27;[38;5;32m[AndroidUiautomator2Driver@b227 (fe0cd291)]&amp#27;[0m Got response with status 200: {"sessionId":"85989a46-cbdd-4bd4-a501-a859808a0843","value":{"ELEMENT":"00000000-0000-0032-ffff-ffff00000444","element-6066-11e4-a52e-4f735466cecf":"00000000-0000-0032-ffff-ffff00000444"}}
[debug] &amp#27;[38;5;32m[AndroidUiautomator2Driver@b227 (fe0cd291)]&amp#27;[0m Responding to client with driver.findElement() result: {"element-6066-11e4-a52e-4f735466cecf":"00000000-0000-0032-ffff-ffff00000444","ELEMENT":"00000000-0000-0032-ffff-ffff00000444"}
&amp#27;[38;5;0m[HTTP]&amp#27;[0m &amp#27;[37m<-- POST /session/fe0cd291-8f79-4212-8568-b4785b2dee12/element &amp#27;[39m&amp#27;[32m200&amp#27;[39m &amp#27;[90m34 ms - 137&amp#27;[39m
&amp#27;[38;5;0m[HTTP]&amp#27;[0m &amp#27;[90m&amp#27;[39m
&amp#27;[38;5;0m[HTTP]&amp#27;[0m &amp#27;[37m-->&amp#27;[39m &amp#27;[37mPOST&amp#27;[39m &amp#27;[37m/session/fe0cd291-8f79-4212-8568-b4785b2dee12/element/00000000-0000-0032-ffff-ffff00000444/click&amp#27;[39m
&amp#27;[38;5;0m[HTTP]&amp#27;[0m &amp#27;[90m{"id":"00000000-0000-0032-ffff-ffff00000444"}&amp#27;[39m
[debug] &amp#27;[38;5;32m[AndroidUiautomator2Driver@b227 (fe0cd291)]&amp#27;[0m Calling AppiumDriver.click() with args: ["00000000-0000-0032-ffff-ffff00000444","fe0cd291-8f79-4212-8568-b4785b2dee12"]
[debug] &amp#27;[38;5;32m[AndroidUiautomator2Driver@b227 (fe0cd291)]&amp#27;[0m Matched '/element/00000000-0000-0032-ffff-ffff00000444/click' to command name 'click'
[debug] &amp#27;[38;5;32m[AndroidUiautomator2Driver@b227 (fe0cd291)]&amp#27;[0m Proxying [POST /element/00000000-0000-0032-ffff-ffff00000444/click] to [POST http://127.0.0.1:8200/session/85989a46-cbdd-4bd4-a501-a859808a0843/element/00000000-0000-0032-ffff-ffff00000444/click] with body: {"element":"00000000-0000-0032-ffff-ffff00000444"}
[debug] &amp#27;[38;5;32m[AndroidUiautomator2Driver@b227 (fe0cd291)]&amp#27;[0m Got response with status 200: {"sessionId":"85989a46-cbdd-4bd4-a501-a859808a0843","value":null}
[debug] &amp#27;[38;5;32m[AndroidUiautomator2Driver@b227 (fe0cd291)]&amp#27;[0m Responding to client with driver.click() result: null
&amp#27;[38;5;0m[HTTP]&amp#27;[0m &amp#27;[37m<-- POST /session/fe0cd291-8f79-4212-8568-b4785b2dee12/element/00000000-0000-0032-ffff-ffff00000444/click &amp#27;[39m&amp#27;[32m200&amp#27;[39m &amp#27;[90m70 ms - 14&amp#27;[39m
&amp#27;[38;5;0m[HTTP]&amp#27;[0m &amp#27;[90m&amp#27;[39m
&amp#27;[38;5;0m[HTTP]&amp#27;[0m &amp#27;[37m-->&amp#27;[39m &amp#27;[37mPOST&amp#27;[39m &amp#27;[37m/session/fe0cd291-8f79-4212-8568-b4785b2dee12/element&amp#27;[39m
&amp#27;[38;5;0m[HTTP]&amp#27;[0m &amp#27;[90m{"using":"xpath","value":"//android.widget.TextView[@index=7]"}&amp#27;[39m
[debug] &amp#27;[38;5;32m[AndroidUiautomator2Driver@b227 (fe0cd291)]&amp#27;[0m Calling AppiumDriver.findElement() with args: ["xpath","//android.widget.TextView[@index=7]","fe0cd291-8f79-4212-8568-b4785b2dee12"]
[debug] &amp#27;[38;5;32m[AndroidUiautomator2Driver@b227 (fe0cd291)]&amp#27;[0m Valid locator strategies for this request: xpath, id, class name, accessibility id, css selector, -android uiautomator
[debug] &amp#27;[38;5;32m[AndroidUiautomator2Driver@b227 (fe0cd291)]&amp#27;[0m Waiting up to 10000 ms for condition
[debug] &amp#27;[38;5;32m[AndroidUiautomator2Driver@b227 (fe0cd291)]&amp#27;[0m Matched '/element' to command name 'findElement'
[debug] &amp#27;[38;5;32m[AndroidUiautomator2Driver@b227 (fe0cd291)]&amp#27;[0m Proxying [POST /element] to [POST http://127.0.0.1:8200/session/85989a46-cbdd-4bd4-a501-a859808a0843/element] with body: {"strategy":"xpath","selector":"//android.widget.TextView[@index=7]","context":"","multiple":false}
[debug] &amp#27;[38;5;32m[AndroidUiautomator2Driver@b227 (fe0cd291)]&amp#27;[0m Got response with status 200: {"sessionId":"85989a46-cbdd-4bd4-a501-a859808a0843","value":{"ELEMENT":"00000000-0000-0032-ffff-ffff00000432","element-6066-11e4-a52e-4f735466cecf":"00000000-0000-0032-ffff-ffff00000432"}}
[debug] &amp#27;[38;5;32m[AndroidUiautomator2Driver@b227 (fe0cd291)]&amp#27;[0m Responding to client with driver.findElement() result: {"element-6066-11e4-a52e-4f735466cecf":"00000000-0000-0032-ffff-ffff00000432","ELEMENT":"00000000-0000-0032-ffff-ffff00000432"}
&amp#27;[38;5;0m[HTTP]&amp#27;[0m &amp#27;[37m<-- POST /session/fe0cd291-8f79-4212-8568-b4785b2dee12/element &amp#27;[39m&amp#27;[32m200&amp#27;[39m &amp#27;[90m624 ms - 137&amp#27;[39m
&amp#27;[38;5;0m[HTTP]&amp#27;[0m &amp#27;[90m&amp#27;[39m
&amp#27;[38;5;0m[HTTP]&amp#27;[0m &amp#27;[37m-->&amp#27;[39m &amp#27;[37mPOST&amp#27;[39m &amp#27;[37m/session/fe0cd291-8f79-4212-8568-b4785b2dee12/element&amp#27;[39m
&amp#27;[38;5;0m[HTTP]&amp#27;[0m &amp#27;[90m{"using":"xpath","value":"//android.widget.TextView[@index=7]"}&amp#27;[39m
[debug] &amp#27;[38;5;32m[AndroidUiautomator2Driver@b227 (fe0cd291)]&amp#27;[0m Calling AppiumDriver.findElement() with args: ["xpath","//android.widget.TextView[@index=7]","fe0cd291-8f79-4212-8568-b4785b2dee12"]
[debug] &amp#27;[38;5;32m[AndroidUiautomator2Driver@b227 (fe0cd291)]&amp#27;[0m Valid locator strategies for this request: xpath, id, class name, accessibility id, css selector, -android uiautomator
[debug] &amp#27;[38;5;32m[AndroidUiautomator2Driver@b227 (fe0cd291)]&amp#27;[0m Waiting up to 10000 ms for condition
[debug] &amp#27;[38;5;32m[AndroidUiautomator2Driver@b227 (fe0cd291)]&amp#27;[0m Matched '/element' to command name 'findElement'
[debug] &amp#27;[38;5;32m[AndroidUiautomator2Driver@b227 (fe0cd291)]&amp#27;[0m Proxying [POST /element] to [POST http://127.0.0.1:8200/session/85989a46-cbdd-4bd4-a501-a859808a0843/element] with body: {"strategy":"xpath","selector":"//android.widget.TextView[@index=7]","context":"","multiple":false}
[debug] &amp#27;[38;5;32m[AndroidUiautomator2Driver@b227 (fe0cd291)]&amp#27;[0m Got response with status 200: {"sessionId":"85989a46-cbdd-4bd4-a501-a859808a0843","value":{"ELEMENT":"00000000-0000-0032-ffff-ffff00000432","element-6066-11e4-a52e-4f735466cecf":"00000000-0000-0032-ffff-ffff00000432"}}
[debug] &amp#27;[38;5;32m[AndroidUiautomator2Driver@b227 (fe0cd291)]&amp#27;[0m Responding to client with driver.findElement() result: {"element-6066-11e4-a52e-4f735466cecf":"00000000-0000-0032-ffff-ffff00000432","ELEMENT":"00000000-0000-0032-ffff-ffff00000432"}
&amp#27;[38;5;0m[HTTP]&amp#27;[0m &amp#27;[37m<-- POST /session/fe0cd291-8f79-4212-8568-b4785b2dee12/element &amp#27;[39m&amp#27;[32m200&amp#27;[39m &amp#27;[90m25 ms - 137&amp#27;[39m
&amp#27;[38;5;0m[HTTP]&amp#27;[0m &amp#27;[90m&amp#27;[39m
&amp#27;[38;5;0m[HTTP]&amp#27;[0m &amp#27;[37m-->&amp#27;[39m &amp#27;[37mGET&amp#27;[39m &amp#27;[37m/session/fe0cd291-8f79-4212-8568-b4785b2dee12/element/00000000-0000-0032-ffff-ffff00000432/text&amp#27;[39m
&amp#27;[38;5;0m[HTTP]&amp#27;[0m &amp#27;[90m{}&amp#27;[39m
&amp#27;[38;5;32m[AndroidUiautomator2Driver@b227 (fe0cd291)]&amp#27;[0m Driver proxy active, passing request on via HTTP proxy
[debug] &amp#27;[38;5;32m[AndroidUiautomator2Driver@b227 (fe0cd291)]&amp#27;[0m Matched '/session/fe0cd291-8f79-4212-8568-b4785b2dee12/element/00000000-0000-0032-ffff-ffff00000432/text' to command name 'getText'
[debug] &amp#27;[38;5;32m[AndroidUiautomator2Driver@b227 (fe0cd291)]&amp#27;[0m Proxying [GET /session/fe0cd291-8f79-4212-8568-b4785b2dee12/element/00000000-0000-0032-ffff-ffff00000432/text] to [GET http://127.0.0.1:8200/session/85989a46-cbdd-4bd4-a501-a859808a0843/element/00000000-0000-0032-ffff-ffff00000432/text] with no body
[debug] &amp#27;[38;5;32m[AndroidUiautomator2Driver@b227 (fe0cd291)]&amp#27;[0m Got response with status 200: {"sessionId":"85989a46-cbdd-4bd4-a501-a859808a0843","value":"This domain is not supported on Quickteller. Kindly use another email address"}
&amp#27;[38;5;32m[AndroidUiautomator2Driver@b227 (fe0cd291)]&amp#27;[0m Replacing sessionId 85989a46-cbdd-4bd4-a501-a859808a0843 with fe0cd291-8f79-4212-8568-b4785b2dee12
&amp#27;[38;5;0m[HTTP]&amp#27;[0m &amp#27;[37m<-- GET /session/fe0cd291-8f79-4212-8568-b4785b2dee12/element/00000000-0000-0032-ffff-ffff00000432/text &amp#27;[39m&amp#27;[32m200&amp#27;[39m &amp#27;[90m8 ms - 140&amp#27;[39m
&amp#27;[38;5;0m[HTTP]&amp#27;[0m &amp#27;[90m&amp#27;[39m
]]></system-out>
  </testcase>
  <testcase name="Testcase_One[sharklasers.com](22)" classname="testcases.Android.DisposableDomain_QTM_2874" time="7.984">
    <system-out><![CDATA[&amp#27;[38;5;0m[HTTP]&amp#27;[0m &amp#27;[37m-->&amp#27;[39m &amp#27;[37mPOST&amp#27;[39m &amp#27;[37m/session/fe0cd291-8f79-4212-8568-b4785b2dee12/element&amp#27;[39m
&amp#27;[38;5;0m[HTTP]&amp#27;[0m &amp#27;[90m{"using":"xpath","value":"//android.widget.TextView[@index=0]"}&amp#27;[39m
[debug] &amp#27;[38;5;32m[AndroidUiautomator2Driver@b227 (fe0cd291)]&amp#27;[0m Calling AppiumDriver.findElement() with args: ["xpath","//android.widget.TextView[@index=0]","fe0cd291-8f79-4212-8568-b4785b2dee12"]
[debug] &amp#27;[38;5;32m[AndroidUiautomator2Driver@b227 (fe0cd291)]&amp#27;[0m Valid locator strategies for this request: xpath, id, class name, accessibility id, css selector, -android uiautomator
[debug] &amp#27;[38;5;32m[AndroidUiautomator2Driver@b227 (fe0cd291)]&amp#27;[0m Waiting up to 10000 ms for condition
[debug] &amp#27;[38;5;32m[AndroidUiautomator2Driver@b227 (fe0cd291)]&amp#27;[0m Matched '/element' to command name 'findElement'
[debug] &amp#27;[38;5;32m[AndroidUiautomator2Driver@b227 (fe0cd291)]&amp#27;[0m Proxying [POST /element] to [POST http://127.0.0.1:8200/session/85989a46-cbdd-4bd4-a501-a859808a0843/element] with body: {"strategy":"xpath","selector":"//android.widget.TextView[@index=0]","context":"","multiple":false}
[debug] &amp#27;[38;5;32m[AndroidUiautomator2Driver@b227 (fe0cd291)]&amp#27;[0m Got response with status 200: {"sessionId":"85989a46-cbdd-4bd4-a501-a859808a0843","value":{"ELEMENT":"00000000-0000-0032-ffff-ffff00000426","element-6066-11e4-a52e-4f735466cecf":"00000000-0000-0032-ffff-ffff00000426"}}
[debug] &amp#27;[38;5;32m[AndroidUiautomator2Driver@b227 (fe0cd291)]&amp#27;[0m Responding to client with driver.findElement() result: {"element-6066-11e4-a52e-4f735466cecf":"00000000-0000-0032-ffff-ffff00000426","ELEMENT":"00000000-0000-0032-ffff-ffff00000426"}
&amp#27;[38;5;0m[HTTP]&amp#27;[0m &amp#27;[37m<-- POST /session/fe0cd291-8f79-4212-8568-b4785b2dee12/element &amp#27;[39m&amp#27;[32m200&amp#27;[39m &amp#27;[90m31 ms - 137&amp#27;[39m
&amp#27;[38;5;0m[HTTP]&amp#27;[0m &amp#27;[90m&amp#27;[39m
&amp#27;[38;5;0m[HTTP]&amp#27;[0m &amp#27;[37m-->&amp#27;[39m &amp#27;[37mPOST&amp#27;[39m &amp#27;[37m/session/fe0cd291-8f79-4212-8568-b4785b2dee12/element/00000000-0000-0032-ffff-ffff00000426/click&amp#27;[39m
&amp#27;[38;5;0m[HTTP]&amp#27;[0m &amp#27;[90m{"id":"00000000-0000-0032-ffff-ffff00000426"}&amp#27;[39m
[debug] &amp#27;[38;5;32m[AndroidUiautomator2Driver@b227 (fe0cd291)]&amp#27;[0m Calling AppiumDriver.click() with args: ["00000000-0000-0032-ffff-ffff00000426","fe0cd291-8f79-4212-8568-b4785b2dee12"]
[debug] &amp#27;[38;5;32m[AndroidUiautomator2Driver@b227 (fe0cd291)]&amp#27;[0m Matched '/element/00000000-0000-0032-ffff-ffff00000426/click' to command name 'click'
[debug] &amp#27;[38;5;32m[AndroidUiautomator2Driver@b227 (fe0cd291)]&amp#27;[0m Proxying [POST /element/00000000-0000-0032-ffff-ffff00000426/click] to [POST http://127.0.0.1:8200/session/85989a46-cbdd-4bd4-a501-a859808a0843/element/00000000-0000-0032-ffff-ffff00000426/click] with body: {"element":"00000000-0000-0032-ffff-ffff00000426"}
[debug] &amp#27;[38;5;32m[AndroidUiautomator2Driver@b227 (fe0cd291)]&amp#27;[0m Got response with status 200: {"sessionId":"85989a46-cbdd-4bd4-a501-a859808a0843","value":null}
[debug] &amp#27;[38;5;32m[AndroidUiautomator2Driver@b227 (fe0cd291)]&amp#27;[0m Responding to client with driver.click() result: null
&amp#27;[38;5;0m[HTTP]&amp#27;[0m &amp#27;[37m<-- POST /session/fe0cd291-8f79-4212-8568-b4785b2dee12/element/00000000-0000-0032-ffff-ffff00000426/click &amp#27;[39m&amp#27;[32m200&amp#27;[39m &amp#27;[90m63 ms - 14&amp#27;[39m
&amp#27;[38;5;0m[HTTP]&amp#27;[0m &amp#27;[90m&amp#27;[39m
&amp#27;[38;5;0m[HTTP]&amp#27;[0m &amp#27;[37m-->&amp#27;[39m &amp#27;[37mPOST&amp#27;[39m &amp#27;[37m/session/fe0cd291-8f79-4212-8568-b4785b2dee12/timeouts&amp#27;[39m
&amp#27;[38;5;0m[HTTP]&amp#27;[0m &amp#27;[90m{"implicit":6000}&amp#27;[39m
[debug] &amp#27;[38;5;32m[AndroidUiautomator2Driver@b227 (fe0cd291)]&amp#27;[0m Calling AppiumDriver.timeouts() with args: [null,null,null,null,6000,"fe0cd291-8f79-4212-8568-b4785b2dee12"]
[debug] &amp#27;[38;5;32m[AndroidUiautomator2Driver@b227 (fe0cd291)]&amp#27;[0m W3C timeout argument: {"implicit":6000}}
[debug] &amp#27;[38;5;32m[AndroidUiautomator2Driver@b227 (fe0cd291)]&amp#27;[0m Set implicit wait to 6000ms
[debug] &amp#27;[38;5;32m[AndroidUiautomator2Driver@b227 (fe0cd291)]&amp#27;[0m Responding to client with driver.timeouts() result: null
&amp#27;[38;5;0m[HTTP]&amp#27;[0m &amp#27;[37m<-- POST /session/fe0cd291-8f79-4212-8568-b4785b2dee12/timeouts &amp#27;[39m&amp#27;[32m200&amp#27;[39m &amp#27;[90m1 ms - 14&amp#27;[39m
&amp#27;[38;5;0m[HTTP]&amp#27;[0m &amp#27;[90m&amp#27;[39m
&amp#27;[38;5;0m[HTTP]&amp#27;[0m &amp#27;[37m-->&amp#27;[39m &amp#27;[37mPOST&amp#27;[39m &amp#27;[37m/session/fe0cd291-8f79-4212-8568-b4785b2dee12/element&amp#27;[39m
&amp#27;[38;5;0m[HTTP]&amp#27;[0m &amp#27;[90m{"using":"xpath","value":"//android.widget.Button[@text='Allow']"}&amp#27;[39m
[debug] &amp#27;[38;5;32m[AndroidUiautomator2Driver@b227 (fe0cd291)]&amp#27;[0m Calling AppiumDriver.findElement() with args: ["xpath","//android.widget.Button[@text='Allow']","fe0cd291-8f79-4212-8568-b4785b2dee12"]
[debug] &amp#27;[38;5;32m[AndroidUiautomator2Driver@b227 (fe0cd291)]&amp#27;[0m Valid locator strategies for this request: xpath, id, class name, accessibility id, css selector, -android uiautomator
[debug] &amp#27;[38;5;32m[AndroidUiautomator2Driver@b227 (fe0cd291)]&amp#27;[0m Waiting up to 6000 ms for condition
[debug] &amp#27;[38;5;32m[AndroidUiautomator2Driver@b227 (fe0cd291)]&amp#27;[0m Matched '/element' to command name 'findElement'
[debug] &amp#27;[38;5;32m[AndroidUiautomator2Driver@b227 (fe0cd291)]&amp#27;[0m Proxying [POST /element] to [POST http://127.0.0.1:8200/session/85989a46-cbdd-4bd4-a501-a859808a0843/element] with body: {"strategy":"xpath","selector":"//android.widget.Button[@text='Allow']","context":"","multiple":false}
&amp#27;[38;5;32m[AndroidUiautomator2Driver@b227 (fe0cd291)]&amp#27;[0m Got response with status 404: {"sessionId":"85989a46-cbdd-4bd4-a501-a859808a0843","value":{"error":"no such element","message":"An element could not be located on the page using the given search parameters","stacktrace":"io.appium.uiautomator2.common.exceptions.ElementNotFoundException: An element could not be located on the page using the given search parameters\n\tat io.appium.uiautomator2.utils.ElementLocationHelpers.findElement(ElementLocationHelpers.java:156)\n\tat io.appium.uiautomator2.handler.FindElement.safeHandle(FindElement.java:60)\n\tat io.appium.uiautomator2.handler.request.SafeRequestHandler.handle(SafeRequestHandler.java:59)\n\tat io.appium.uiautomator2.server.AppiumServlet.handleRequest(AppiumServlet.java:277)\n\tat io.appium.uiautomator2.server.AppiumServlet.handleHttpRequest(AppiumServlet.java:271)\n\tat io.appium.uiautomator2.http.ServerHandler.channelRead(ServerHandler.java:68)\n\tat io.netty.channel.AbstractChannelHandlerContext.invokeChannelRead(AbstractChannelHandlerContext.java:366)\n\tat io.netty.channel.Abstr...
[debug] &amp#27;[38;5;128m[W3C]&amp#27;[0m Matched W3C error code 'no such element' to NoSuchElementError
[debug] &amp#27;[38;5;32m[AndroidUiautomator2Driver@b227 (fe0cd291)]&amp#27;[0m Waited for 28 ms so far
[debug] &amp#27;[38;5;32m[AndroidUiautomator2Driver@b227 (fe0cd291)]&amp#27;[0m Matched '/element' to command name 'findElement'
[debug] &amp#27;[38;5;32m[AndroidUiautomator2Driver@b227 (fe0cd291)]&amp#27;[0m Proxying [POST /element] to [POST http://127.0.0.1:8200/session/85989a46-cbdd-4bd4-a501-a859808a0843/element] with body: {"strategy":"xpath","selector":"//android.widget.Button[@text='Allow']","context":"","multiple":false}
&amp#27;[38;5;32m[AndroidUiautomator2Driver@b227 (fe0cd291)]&amp#27;[0m Got response with status 404: {"sessionId":"85989a46-cbdd-4bd4-a501-a859808a0843","value":{"error":"no such element","message":"An element could not be located on the page using the given search parameters","stacktrace":"io.appium.uiautomator2.common.exceptions.ElementNotFoundException: An element could not be located on the page using the given search parameters\n\tat io.appium.uiautomator2.utils.ElementLocationHelpers.findElement(ElementLocationHelpers.java:156)\n\tat io.appium.uiautomator2.handler.FindElement.safeHandle(FindElement.java:60)\n\tat io.appium.uiautomator2.handler.request.SafeRequestHandler.handle(SafeRequestHandler.java:59)\n\tat io.appium.uiautomator2.server.AppiumServlet.handleRequest(AppiumServlet.java:277)\n\tat io.appium.uiautomator2.server.AppiumServlet.handleHttpRequest(AppiumServlet.java:271)\n\tat io.appium.uiautomator2.http.ServerHandler.channelRead(ServerHandler.java:68)\n\tat io.netty.channel.AbstractChannelHandlerContext.invokeChannelRead(AbstractChannelHandlerContext.java:366)\n\tat io.netty.channel.Abstr...
[debug] &amp#27;[38;5;128m[W3C]&amp#27;[0m Matched W3C error code 'no such element' to NoSuchElementError
[debug] &amp#27;[38;5;32m[AndroidUiautomator2Driver@b227 (fe0cd291)]&amp#27;[0m Waited for 1064 ms so far
[debug] &amp#27;[38;5;32m[AndroidUiautomator2Driver@b227 (fe0cd291)]&amp#27;[0m Matched '/element' to command name 'findElement'
[debug] &amp#27;[38;5;32m[AndroidUiautomator2Driver@b227 (fe0cd291)]&amp#27;[0m Proxying [POST /element] to [POST http://127.0.0.1:8200/session/85989a46-cbdd-4bd4-a501-a859808a0843/element] with body: {"strategy":"xpath","selector":"//android.widget.Button[@text='Allow']","context":"","multiple":false}
&amp#27;[38;5;32m[AndroidUiautomator2Driver@b227 (fe0cd291)]&amp#27;[0m Got response with status 404: {"sessionId":"85989a46-cbdd-4bd4-a501-a859808a0843","value":{"error":"no such element","message":"An element could not be located on the page using the given search parameters","stacktrace":"io.appium.uiautomator2.common.exceptions.ElementNotFoundException: An element could not be located on the page using the given search parameters\n\tat io.appium.uiautomator2.utils.ElementLocationHelpers.findElement(ElementLocationHelpers.java:156)\n\tat io.appium.uiautomator2.handler.FindElement.safeHandle(FindElement.java:60)\n\tat io.appium.uiautomator2.handler.request.SafeRequestHandler.handle(SafeRequestHandler.java:59)\n\tat io.appium.uiautomator2.server.AppiumServlet.handleRequest(AppiumServlet.java:277)\n\tat io.appium.uiautomator2.server.AppiumServlet.handleHttpRequest(AppiumServlet.java:271)\n\tat io.appium.uiautomator2.http.ServerHandler.channelRead(ServerHandler.java:68)\n\tat io.netty.channel.AbstractChannelHandlerContext.invokeChannelRead(AbstractChannelHandlerContext.java:366)\n\tat io.netty.channel.Abstr...
[debug] &amp#27;[38;5;128m[W3C]&amp#27;[0m Matched W3C error code 'no such element' to NoSuchElementError
[debug] &amp#27;[38;5;32m[AndroidUiautomator2Driver@b227 (fe0cd291)]&amp#27;[0m Waited for 1594 ms so far
[debug] &amp#27;[38;5;32m[AndroidUiautomator2Driver@b227 (fe0cd291)]&amp#27;[0m Matched '/element' to command name 'findElement'
[debug] &amp#27;[38;5;32m[AndroidUiautomator2Driver@b227 (fe0cd291)]&amp#27;[0m Proxying [POST /element] to [POST http://127.0.0.1:8200/session/85989a46-cbdd-4bd4-a501-a859808a0843/element] with body: {"strategy":"xpath","selector":"//android.widget.Button[@text='Allow']","context":"","multiple":false}
&amp#27;[38;5;32m[AndroidUiautomator2Driver@b227 (fe0cd291)]&amp#27;[0m Got response with status 404: {"sessionId":"85989a46-cbdd-4bd4-a501-a859808a0843","value":{"error":"no such element","message":"An element could not be located on the page using the given search parameters","stacktrace":"io.appium.uiautomator2.common.exceptions.ElementNotFoundException: An element could not be located on the page using the given search parameters\n\tat io.appium.uiautomator2.utils.ElementLocationHelpers.findElement(ElementLocationHelpers.java:156)\n\tat io.appium.uiautomator2.handler.FindElement.safeHandle(FindElement.java:60)\n\tat io.appium.uiautomator2.handler.request.SafeRequestHandler.handle(SafeRequestHandler.java:59)\n\tat io.appium.uiautomator2.server.AppiumServlet.handleRequest(AppiumServlet.java:277)\n\tat io.appium.uiautomator2.server.AppiumServlet.handleHttpRequest(AppiumServlet.java:271)\n\tat io.appium.uiautomator2.http.ServerHandler.channelRead(ServerHandler.java:68)\n\tat io.netty.channel.AbstractChannelHandlerContext.invokeChannelRead(AbstractChannelHandlerContext.java:366)\n\tat io.netty.channel.Abstr...
[debug] &amp#27;[38;5;128m[W3C]&amp#27;[0m Matched W3C error code 'no such element' to NoSuchElementError
[debug] &amp#27;[38;5;32m[AndroidUiautomator2Driver@b227 (fe0cd291)]&amp#27;[0m Waited for 2133 ms so far
&amp#27;[38;5;0m[HTTP]&amp#27;[0m &amp#27;[37m-->&amp#27;[39m &amp#27;[37mGET&amp#27;[39m &amp#27;[37m/session/d6c1cc38-6946-4747-89f8-56067f4364bb/timeouts&amp#27;[39m
&amp#27;[38;5;0m[HTTP]&amp#27;[0m &amp#27;[90m{}&amp#27;[39m
[debug] &amp#27;[38;5;16m[AppiumDriver@6ebe]&amp#27;[0m Encountered internal error running command: NoSuchDriverError: A session is either terminated or not started
[debug] &amp#27;[38;5;16m[AppiumDriver@6ebe]&amp#27;[0m     at asyncHandler (C:\Users\daniel.ogagavworia\AppData\Roaming\npm\node_modules\appium\node_modules\@appium\base-driver\lib\protocol\protocol.js:315:15)
[debug] &amp#27;[38;5;16m[AppiumDriver@6ebe]&amp#27;[0m     at C:\Users\daniel.ogagavworia\AppData\Roaming\npm\node_modules\appium\node_modules\@appium\base-driver\lib\protocol\protocol.js:518:15
[debug] &amp#27;[38;5;16m[AppiumDriver@6ebe]&amp#27;[0m     at Layer.handle [as handle_request] (C:\Users\daniel.ogagavworia\AppData\Roaming\npm\node_modules\appium\node_modules\express\lib\router\layer.js:95:5)
[debug] &amp#27;[38;5;16m[AppiumDriver@6ebe]&amp#27;[0m     at next (C:\Users\daniel.ogagavworia\AppData\Roaming\npm\node_modules\appium\node_modules\express\lib\router\route.js:144:13)
[debug] &amp#27;[38;5;16m[AppiumDriver@6ebe]&amp#27;[0m     at Route.dispatch (C:\Users\daniel.ogagavworia\AppData\Roaming\npm\node_modules\appium\node_modules\express\lib\router\route.js:114:3)
[debug] &amp#27;[38;5;16m[AppiumDriver@6ebe]&amp#27;[0m     at Layer.handle [as handle_request] (C:\Users\daniel.ogagavworia\AppData\Roaming\npm\node_modules\appium\node_modules\express\lib\router\layer.js:95:5)
[debug] &amp#27;[38;5;16m[AppiumDriver@6ebe]&amp#27;[0m     at C:\Users\daniel.ogagavworia\AppData\Roaming\npm\node_modules\appium\node_modules\express\lib\router\index.js:284:15
[debug] &amp#27;[38;5;16m[AppiumDriver@6ebe]&amp#27;[0m     at param (C:\Users\daniel.ogagavworia\AppData\Roaming\npm\node_modules\appium\node_modules\express\lib\router\index.js:365:14)
[debug] &amp#27;[38;5;16m[AppiumDriver@6ebe]&amp#27;[0m     at param (C:\Users\daniel.ogagavworia\AppData\Roaming\npm\node_modules\appium\node_modules\express\lib\router\index.js:376:14)
[debug] &amp#27;[38;5;16m[AppiumDriver@6ebe]&amp#27;[0m     at Function.process_params (C:\Users\daniel.ogagavworia\AppData\Roaming\npm\node_modules\appium\node_modules\express\lib\router\index.js:421:3)
[debug] &amp#27;[38;5;16m[AppiumDriver@6ebe]&amp#27;[0m     at next (C:\Users\daniel.ogagavworia\AppData\Roaming\npm\node_modules\appium\node_modules\express\lib\router\index.js:280:10)
[debug] &amp#27;[38;5;16m[AppiumDriver@6ebe]&amp#27;[0m     at logger (C:\Users\daniel.ogagavworia\AppData\Roaming\npm\node_modules\appium\node_modules\morgan\index.js:144:5)
[debug] &amp#27;[38;5;16m[AppiumDriver@6ebe]&amp#27;[0m     at Layer.handle [as handle_request] (C:\Users\daniel.ogagavworia\AppData\Roaming\npm\node_modules\appium\node_modules\express\lib\router\layer.js:95:5)
[debug] &amp#27;[38;5;16m[AppiumDriver@6ebe]&amp#27;[0m     at trim_prefix (C:\Users\daniel.ogagavworia\AppData\Roaming\npm\node_modules\appium\node_modules\express\lib\router\index.js:328:13)
[debug] &amp#27;[38;5;16m[AppiumDriver@6ebe]&amp#27;[0m     at C:\Users\daniel.ogagavworia\AppData\Roaming\npm\node_modules\appium\node_modules\express\lib\router\index.js:286:9
[debug] &amp#27;[38;5;16m[AppiumDriver@6ebe]&amp#27;[0m     at Function.process_params (C:\Users\daniel.ogagavworia\AppData\Roaming\npm\node_modules\appium\node_modules\express\lib\router\index.js:346:12)
[debug] &amp#27;[38;5;16m[AppiumDriver@6ebe]&amp#27;[0m     at next (C:\Users\daniel.ogagavworia\AppData\Roaming\npm\node_modules\appium\node_modules\express\lib\router\index.js:280:10)
[debug] &amp#27;[38;5;16m[AppiumDriver@6ebe]&amp#27;[0m     at jsonParser (C:\Users\daniel.ogagavworia\AppData\Roaming\npm\node_modules\appium\node_modules\body-parser\lib\types\json.js:113:7)
[debug] &amp#27;[38;5;16m[AppiumDriver@6ebe]&amp#27;[0m     at Layer.handle [as handle_request] (C:\Users\daniel.ogagavworia\AppData\Roaming\npm\node_modules\appium\node_modules\express\lib\router\layer.js:95:5)
[debug] &amp#27;[38;5;16m[AppiumDriver@6ebe]&amp#27;[0m     at trim_prefix (C:\Users\daniel.ogagavworia\AppData\Roaming\npm\node_modules\appium\node_modules\express\lib\router\index.js:328:13)
[debug] &amp#27;[38;5;16m[AppiumDriver@6ebe]&amp#27;[0m     at C:\Users\daniel.ogagavworia\AppData\Roaming\npm\node_modules\appium\node_modules\express\lib\router\index.js:286:9
[debug] &amp#27;[38;5;16m[AppiumDriver@6ebe]&amp#27;[0m     at Function.process_params (C:\Users\daniel.ogagavworia\AppData\Roaming\npm\node_modules\appium\node_modules\express\lib\router\index.js:346:12)
&amp#27;[38;5;0m[HTTP]&amp#27;[0m &amp#27;[37m<-- GET /session/d6c1cc38-6946-4747-89f8-56067f4364bb/timeouts &amp#27;[39m&amp#27;[33m404&amp#27;[39m &amp#27;[90m1 ms - 3517&amp#27;[39m
&amp#27;[38;5;0m[HTTP]&amp#27;[0m &amp#27;[90m&amp#27;[39m
[debug] &amp#27;[38;5;32m[AndroidUiautomator2Driver@b227 (fe0cd291)]&amp#27;[0m Matched '/element' to command name 'findElement'
[debug] &amp#27;[38;5;32m[AndroidUiautomator2Driver@b227 (fe0cd291)]&amp#27;[0m Proxying [POST /element] to [POST http://127.0.0.1:8200/session/85989a46-cbdd-4bd4-a501-a859808a0843/element] with body: {"strategy":"xpath","selector":"//android.widget.Button[@text='Allow']","context":"","multiple":false}
&amp#27;[38;5;32m[AndroidUiautomator2Driver@b227 (fe0cd291)]&amp#27;[0m Got response with status 404: {"sessionId":"85989a46-cbdd-4bd4-a501-a859808a0843","value":{"error":"no such element","message":"An element could not be located on the page using the given search parameters","stacktrace":"io.appium.uiautomator2.common.exceptions.ElementNotFoundException: An element could not be located on the page using the given search parameters\n\tat io.appium.uiautomator2.utils.ElementLocationHelpers.findElement(ElementLocationHelpers.java:156)\n\tat io.appium.uiautomator2.handler.FindElement.safeHandle(FindElement.java:60)\n\tat io.appium.uiautomator2.handler.request.SafeRequestHandler.handle(SafeRequestHandler.java:59)\n\tat io.appium.uiautomator2.server.AppiumServlet.handleRequest(AppiumServlet.java:277)\n\tat io.appium.uiautomator2.server.AppiumServlet.handleHttpRequest(AppiumServlet.java:271)\n\tat io.appium.uiautomator2.http.ServerHandler.channelRead(ServerHandler.java:68)\n\tat io.netty.channel.AbstractChannelHandlerContext.invokeChannelRead(AbstractChannelHandlerContext.java:366)\n\tat io.netty.channel.Abstr...
[debug] &amp#27;[38;5;128m[W3C]&amp#27;[0m Matched W3C error code 'no such element' to NoSuchElementError
[debug] &amp#27;[38;5;32m[AndroidUiautomator2Driver@b227 (fe0cd291)]&amp#27;[0m Waited for 2652 ms so far
[debug] &amp#27;[38;5;32m[AndroidUiautomator2Driver@b227 (fe0cd291)]&amp#27;[0m Matched '/element' to command name 'findElement'
[debug] &amp#27;[38;5;32m[AndroidUiautomator2Driver@b227 (fe0cd291)]&amp#27;[0m Proxying [POST /element] to [POST http://127.0.0.1:8200/session/85989a46-cbdd-4bd4-a501-a859808a0843/element] with body: {"strategy":"xpath","selector":"//android.widget.Button[@text='Allow']","context":"","multiple":false}
&amp#27;[38;5;32m[AndroidUiautomator2Driver@b227 (fe0cd291)]&amp#27;[0m Got response with status 404: {"sessionId":"85989a46-cbdd-4bd4-a501-a859808a0843","value":{"error":"no such element","message":"An element could not be located on the page using the given search parameters","stacktrace":"io.appium.uiautomator2.common.exceptions.ElementNotFoundException: An element could not be located on the page using the given search parameters\n\tat io.appium.uiautomator2.utils.ElementLocationHelpers.findElement(ElementLocationHelpers.java:156)\n\tat io.appium.uiautomator2.handler.FindElement.safeHandle(FindElement.java:60)\n\tat io.appium.uiautomator2.handler.request.SafeRequestHandler.handle(SafeRequestHandler.java:59)\n\tat io.appium.uiautomator2.server.AppiumServlet.handleRequest(AppiumServlet.java:277)\n\tat io.appium.uiautomator2.server.AppiumServlet.handleHttpRequest(AppiumServlet.java:271)\n\tat io.appium.uiautomator2.http.ServerHandler.channelRead(ServerHandler.java:68)\n\tat io.netty.channel.AbstractChannelHandlerContext.invokeChannelRead(AbstractChannelHandlerContext.java:366)\n\tat io.netty.channel.Abstr...
[debug] &amp#27;[38;5;128m[W3C]&amp#27;[0m Matched W3C error code 'no such element' to NoSuchElementError
[debug] &amp#27;[38;5;32m[AndroidUiautomator2Driver@b227 (fe0cd291)]&amp#27;[0m Waited for 3175 ms so far
[debug] &amp#27;[38;5;32m[AndroidUiautomator2Driver@b227 (fe0cd291)]&amp#27;[0m Matched '/element' to command name 'findElement'
[debug] &amp#27;[38;5;32m[AndroidUiautomator2Driver@b227 (fe0cd291)]&amp#27;[0m Proxying [POST /element] to [POST http://127.0.0.1:8200/session/85989a46-cbdd-4bd4-a501-a859808a0843/element] with body: {"strategy":"xpath","selector":"//android.widget.Button[@text='Allow']","context":"","multiple":false}
&amp#27;[38;5;32m[AndroidUiautomator2Driver@b227 (fe0cd291)]&amp#27;[0m Got response with status 404: {"sessionId":"85989a46-cbdd-4bd4-a501-a859808a0843","value":{"error":"no such element","message":"An element could not be located on the page using the given search parameters","stacktrace":"io.appium.uiautomator2.common.exceptions.ElementNotFoundException: An element could not be located on the page using the given search parameters\n\tat io.appium.uiautomator2.utils.ElementLocationHelpers.findElement(ElementLocationHelpers.java:156)\n\tat io.appium.uiautomator2.handler.FindElement.safeHandle(FindElement.java:60)\n\tat io.appium.uiautomator2.handler.request.SafeRequestHandler.handle(SafeRequestHandler.java:59)\n\tat io.appium.uiautomator2.server.AppiumServlet.handleRequest(AppiumServlet.java:277)\n\tat io.appium.uiautomator2.server.AppiumServlet.handleHttpRequest(AppiumServlet.java:271)\n\tat io.appium.uiautomator2.http.ServerHandler.channelRead(ServerHandler.java:68)\n\tat io.netty.channel.AbstractChannelHandlerContext.invokeChannelRead(AbstractChannelHandlerContext.java:366)\n\tat io.netty.channel.Abstr...
[debug] &amp#27;[38;5;128m[W3C]&amp#27;[0m Matched W3C error code 'no such element' to NoSuchElementError
[debug] &amp#27;[38;5;32m[AndroidUiautomator2Driver@b227 (fe0cd291)]&amp#27;[0m Waited for 3710 ms so far
[debug] &amp#27;[38;5;32m[AndroidUiautomator2Driver@b227 (fe0cd291)]&amp#27;[0m Matched '/element' to command name 'findElement'
[debug] &amp#27;[38;5;32m[AndroidUiautomator2Driver@b227 (fe0cd291)]&amp#27;[0m Proxying [POST /element] to [POST http://127.0.0.1:8200/session/85989a46-cbdd-4bd4-a501-a859808a0843/element] with body: {"strategy":"xpath","selector":"//android.widget.Button[@text='Allow']","context":"","multiple":false}
&amp#27;[38;5;32m[AndroidUiautomator2Driver@b227 (fe0cd291)]&amp#27;[0m Got response with status 404: {"sessionId":"85989a46-cbdd-4bd4-a501-a859808a0843","value":{"error":"no such element","message":"An element could not be located on the page using the given search parameters","stacktrace":"io.appium.uiautomator2.common.exceptions.ElementNotFoundException: An element could not be located on the page using the given search parameters\n\tat io.appium.uiautomator2.utils.ElementLocationHelpers.findElement(ElementLocationHelpers.java:156)\n\tat io.appium.uiautomator2.handler.FindElement.safeHandle(FindElement.java:60)\n\tat io.appium.uiautomator2.handler.request.SafeRequestHandler.handle(SafeRequestHandler.java:59)\n\tat io.appium.uiautomator2.server.AppiumServlet.handleRequest(AppiumServlet.java:277)\n\tat io.appium.uiautomator2.server.AppiumServlet.handleHttpRequest(AppiumServlet.java:271)\n\tat io.appium.uiautomator2.http.ServerHandler.channelRead(ServerHandler.java:68)\n\tat io.netty.channel.AbstractChannelHandlerContext.invokeChannelRead(AbstractChannelHandlerContext.java:366)\n\tat io.netty.channel.Abstr...
[debug] &amp#27;[38;5;128m[W3C]&amp#27;[0m Matched W3C error code 'no such element' to NoSuchElementError
[debug] &amp#27;[38;5;32m[AndroidUiautomator2Driver@b227 (fe0cd291)]&amp#27;[0m Waited for 4230 ms so far
[debug] &amp#27;[38;5;32m[AndroidUiautomator2Driver@b227 (fe0cd291)]&amp#27;[0m Matched '/element' to command name 'findElement'
[debug] &amp#27;[38;5;32m[AndroidUiautomator2Driver@b227 (fe0cd291)]&amp#27;[0m Proxying [POST /element] to [POST http://127.0.0.1:8200/session/85989a46-cbdd-4bd4-a501-a859808a0843/element] with body: {"strategy":"xpath","selector":"//android.widget.Button[@text='Allow']","context":"","multiple":false}
&amp#27;[38;5;32m[AndroidUiautomator2Driver@b227 (fe0cd291)]&amp#27;[0m Got response with status 404: {"sessionId":"85989a46-cbdd-4bd4-a501-a859808a0843","value":{"error":"no such element","message":"An element could not be located on the page using the given search parameters","stacktrace":"io.appium.uiautomator2.common.exceptions.ElementNotFoundException: An element could not be located on the page using the given search parameters\n\tat io.appium.uiautomator2.utils.ElementLocationHelpers.findElement(ElementLocationHelpers.java:156)\n\tat io.appium.uiautomator2.handler.FindElement.safeHandle(FindElement.java:60)\n\tat io.appium.uiautomator2.handler.request.SafeRequestHandler.handle(SafeRequestHandler.java:59)\n\tat io.appium.uiautomator2.server.AppiumServlet.handleRequest(AppiumServlet.java:277)\n\tat io.appium.uiautomator2.server.AppiumServlet.handleHttpRequest(AppiumServlet.java:271)\n\tat io.appium.uiautomator2.http.ServerHandler.channelRead(ServerHandler.java:68)\n\tat io.netty.channel.AbstractChannelHandlerContext.invokeChannelRead(AbstractChannelHandlerContext.java:366)\n\tat io.netty.channel.Abstr...
[debug] &amp#27;[38;5;128m[W3C]&amp#27;[0m Matched W3C error code 'no such element' to NoSuchElementError
[debug] &amp#27;[38;5;32m[AndroidUiautomator2Driver@b227 (fe0cd291)]&amp#27;[0m Waited for 4758 ms so far
[debug] &amp#27;[38;5;32m[AndroidUiautomator2Driver@b227 (fe0cd291)]&amp#27;[0m Matched '/element' to command name 'findElement'
[debug] &amp#27;[38;5;32m[AndroidUiautomator2Driver@b227 (fe0cd291)]&amp#27;[0m Proxying [POST /element] to [POST http://127.0.0.1:8200/session/85989a46-cbdd-4bd4-a501-a859808a0843/element] with body: {"strategy":"xpath","selector":"//android.widget.Button[@text='Allow']","context":"","multiple":false}
&amp#27;[38;5;32m[AndroidUiautomator2Driver@b227 (fe0cd291)]&amp#27;[0m Got response with status 404: {"sessionId":"85989a46-cbdd-4bd4-a501-a859808a0843","value":{"error":"no such element","message":"An element could not be located on the page using the given search parameters","stacktrace":"io.appium.uiautomator2.common.exceptions.ElementNotFoundException: An element could not be located on the page using the given search parameters\n\tat io.appium.uiautomator2.utils.ElementLocationHelpers.findElement(ElementLocationHelpers.java:156)\n\tat io.appium.uiautomator2.handler.FindElement.safeHandle(FindElement.java:60)\n\tat io.appium.uiautomator2.handler.request.SafeRequestHandler.handle(SafeRequestHandler.java:59)\n\tat io.appium.uiautomator2.server.AppiumServlet.handleRequest(AppiumServlet.java:277)\n\tat io.appium.uiautomator2.server.AppiumServlet.handleHttpRequest(AppiumServlet.java:271)\n\tat io.appium.uiautomator2.http.ServerHandler.channelRead(ServerHandler.java:68)\n\tat io.netty.channel.AbstractChannelHandlerContext.invokeChannelRead(AbstractChannelHandlerContext.java:366)\n\tat io.netty.channel.Abstr...
[debug] &amp#27;[38;5;128m[W3C]&amp#27;[0m Matched W3C error code 'no such element' to NoSuchElementError
[debug] &amp#27;[38;5;32m[AndroidUiautomator2Driver@b227 (fe0cd291)]&amp#27;[0m Waited for 5279 ms so far
[debug] &amp#27;[38;5;32m[AndroidUiautomator2Driver@b227 (fe0cd291)]&amp#27;[0m Matched '/element' to command name 'findElement'
[debug] &amp#27;[38;5;32m[AndroidUiautomator2Driver@b227 (fe0cd291)]&amp#27;[0m Proxying [POST /element] to [POST http://127.0.0.1:8200/session/85989a46-cbdd-4bd4-a501-a859808a0843/element] with body: {"strategy":"xpath","selector":"//android.widget.Button[@text='Allow']","context":"","multiple":false}
&amp#27;[38;5;32m[AndroidUiautomator2Driver@b227 (fe0cd291)]&amp#27;[0m Got response with status 404: {"sessionId":"85989a46-cbdd-4bd4-a501-a859808a0843","value":{"error":"no such element","message":"An element could not be located on the page using the given search parameters","stacktrace":"io.appium.uiautomator2.common.exceptions.ElementNotFoundException: An element could not be located on the page using the given search parameters\n\tat io.appium.uiautomator2.utils.ElementLocationHelpers.findElement(ElementLocationHelpers.java:156)\n\tat io.appium.uiautomator2.handler.FindElement.safeHandle(FindElement.java:60)\n\tat io.appium.uiautomator2.handler.request.SafeRequestHandler.handle(SafeRequestHandler.java:59)\n\tat io.appium.uiautomator2.server.AppiumServlet.handleRequest(AppiumServlet.java:277)\n\tat io.appium.uiautomator2.server.AppiumServlet.handleHttpRequest(AppiumServlet.java:271)\n\tat io.appium.uiautomator2.http.ServerHandler.channelRead(ServerHandler.java:68)\n\tat io.netty.channel.AbstractChannelHandlerContext.invokeChannelRead(AbstractChannelHandlerContext.java:366)\n\tat io.netty.channel.Abstr...
[debug] &amp#27;[38;5;128m[W3C]&amp#27;[0m Matched W3C error code 'no such element' to NoSuchElementError
[debug] &amp#27;[38;5;32m[AndroidUiautomator2Driver@b227 (fe0cd291)]&amp#27;[0m Waited for 5797 ms so far
[debug] &amp#27;[38;5;32m[AndroidUiautomator2Driver@b227 (fe0cd291)]&amp#27;[0m Matched '/element' to command name 'findElement'
[debug] &amp#27;[38;5;32m[AndroidUiautomator2Driver@b227 (fe0cd291)]&amp#27;[0m Proxying [POST /element] to [POST http://127.0.0.1:8200/session/85989a46-cbdd-4bd4-a501-a859808a0843/element] with body: {"strategy":"xpath","selector":"//android.widget.Button[@text='Allow']","context":"","multiple":false}
&amp#27;[38;5;32m[AndroidUiautomator2Driver@b227 (fe0cd291)]&amp#27;[0m Got response with status 404: {"sessionId":"85989a46-cbdd-4bd4-a501-a859808a0843","value":{"error":"no such element","message":"An element could not be located on the page using the given search parameters","stacktrace":"io.appium.uiautomator2.common.exceptions.ElementNotFoundException: An element could not be located on the page using the given search parameters\n\tat io.appium.uiautomator2.utils.ElementLocationHelpers.findElement(ElementLocationHelpers.java:156)\n\tat io.appium.uiautomator2.handler.FindElement.safeHandle(FindElement.java:60)\n\tat io.appium.uiautomator2.handler.request.SafeRequestHandler.handle(SafeRequestHandler.java:59)\n\tat io.appium.uiautomator2.server.AppiumServlet.handleRequest(AppiumServlet.java:277)\n\tat io.appium.uiautomator2.server.AppiumServlet.handleHttpRequest(AppiumServlet.java:271)\n\tat io.appium.uiautomator2.http.ServerHandler.channelRead(ServerHandler.java:68)\n\tat io.netty.channel.AbstractChannelHandlerContext.invokeChannelRead(AbstractChannelHandlerContext.java:366)\n\tat io.netty.channel.Abstr...
[debug] &amp#27;[38;5;128m[W3C]&amp#27;[0m Matched W3C error code 'no such element' to NoSuchElementError
[debug] &amp#27;[38;5;32m[AndroidUiautomator2Driver@b227 (fe0cd291)]&amp#27;[0m Encountered internal error running command: NoSuchElementError: An element could not be located on the page using the given search parameters.
[debug] &amp#27;[38;5;32m[AndroidUiautomator2Driver@b227 (fe0cd291)]&amp#27;[0m     at AndroidUiautomator2Driver.findElOrEls (C:\Users\daniel.ogagavworia\.appium\node_modules\appium-uiautomator2-driver\node_modules\appium-android-driver\lib\commands\find.js:75:11)
[debug] &amp#27;[38;5;32m[AndroidUiautomator2Driver@b227 (fe0cd291)]&amp#27;[0m     at processTicksAndRejections (node:internal/process/task_queues:95:5)
[debug] &amp#27;[38;5;32m[AndroidUiautomator2Driver@b227 (fe0cd291)]&amp#27;[0m     at AndroidUiautomator2Driver.findElOrElsWithProcessing (C:\Users\daniel.ogagavworia\AppData\Roaming\npm\node_modules\appium\node_modules\@appium\base-driver\lib\basedriver\commands\find.ts:60:12)
[debug] &amp#27;[38;5;32m[AndroidUiautomator2Driver@b227 (fe0cd291)]&amp#27;[0m     at AndroidUiautomator2Driver.findElement (C:\Users\daniel.ogagavworia\AppData\Roaming\npm\node_modules\appium\node_modules\@appium\base-driver\lib\basedriver\commands\find.ts:75:12)
&amp#27;[38;5;0m[HTTP]&amp#27;[0m &amp#27;[37m<-- POST /session/fe0cd291-8f79-4212-8568-b4785b2dee12/element &amp#27;[39m&amp#27;[33m404&amp#27;[39m &amp#27;[90m6034 ms - 929&amp#27;[39m
&amp#27;[38;5;0m[HTTP]&amp#27;[0m &amp#27;[90m&amp#27;[39m
&amp#27;[38;5;0m[HTTP]&amp#27;[0m &amp#27;[37m-->&amp#27;[39m &amp#27;[37mPOST&amp#27;[39m &amp#27;[37m/session/fe0cd291-8f79-4212-8568-b4785b2dee12/element&amp#27;[39m
&amp#27;[38;5;0m[HTTP]&amp#27;[0m &amp#27;[90m{"using":"xpath","value":"//android.widget.TextView[@text='REGISTER']"}&amp#27;[39m
[debug] &amp#27;[38;5;32m[AndroidUiautomator2Driver@b227 (fe0cd291)]&amp#27;[0m Calling AppiumDriver.findElement() with args: ["xpath","//android.widget.TextView[@text='REGISTER']","fe0cd291-8f79-4212-8568-b4785b2dee12"]
[debug] &amp#27;[38;5;32m[AndroidUiautomator2Driver@b227 (fe0cd291)]&amp#27;[0m Valid locator strategies for this request: xpath, id, class name, accessibility id, css selector, -android uiautomator
[debug] &amp#27;[38;5;32m[AndroidUiautomator2Driver@b227 (fe0cd291)]&amp#27;[0m Waiting up to 6000 ms for condition
[debug] &amp#27;[38;5;32m[AndroidUiautomator2Driver@b227 (fe0cd291)]&amp#27;[0m Matched '/element' to command name 'findElement'
[debug] &amp#27;[38;5;32m[AndroidUiautomator2Driver@b227 (fe0cd291)]&amp#27;[0m Proxying [POST /element] to [POST http://127.0.0.1:8200/session/85989a46-cbdd-4bd4-a501-a859808a0843/element] with body: {"strategy":"xpath","selector":"//android.widget.TextView[@text='REGISTER']","context":"","multiple":false}
[debug] &amp#27;[38;5;32m[AndroidUiautomator2Driver@b227 (fe0cd291)]&amp#27;[0m Got response with status 200: {"sessionId":"85989a46-cbdd-4bd4-a501-a859808a0843","value":{"ELEMENT":"00000000-0000-0032-ffff-ffff0000002e","element-6066-11e4-a52e-4f735466cecf":"00000000-0000-0032-ffff-ffff0000002e"}}
[debug] &amp#27;[38;5;32m[AndroidUiautomator2Driver@b227 (fe0cd291)]&amp#27;[0m Responding to client with driver.findElement() result: {"element-6066-11e4-a52e-4f735466cecf":"00000000-0000-0032-ffff-ffff0000002e","ELEMENT":"00000000-0000-0032-ffff-ffff0000002e"}
&amp#27;[38;5;0m[HTTP]&amp#27;[0m &amp#27;[37m<-- POST /session/fe0cd291-8f79-4212-8568-b4785b2dee12/element &amp#27;[39m&amp#27;[32m200&amp#27;[39m &amp#27;[90m32 ms - 137&amp#27;[39m
&amp#27;[38;5;0m[HTTP]&amp#27;[0m &amp#27;[90m&amp#27;[39m
&amp#27;[38;5;0m[HTTP]&amp#27;[0m &amp#27;[37m-->&amp#27;[39m &amp#27;[37mPOST&amp#27;[39m &amp#27;[37m/session/fe0cd291-8f79-4212-8568-b4785b2dee12/element/00000000-0000-0032-ffff-ffff0000002e/click&amp#27;[39m
&amp#27;[38;5;0m[HTTP]&amp#27;[0m &amp#27;[90m{"id":"00000000-0000-0032-ffff-ffff0000002e"}&amp#27;[39m
[debug] &amp#27;[38;5;32m[AndroidUiautomator2Driver@b227 (fe0cd291)]&amp#27;[0m Calling AppiumDriver.click() with args: ["00000000-0000-0032-ffff-ffff0000002e","fe0cd291-8f79-4212-8568-b4785b2dee12"]
[debug] &amp#27;[38;5;32m[AndroidUiautomator2Driver@b227 (fe0cd291)]&amp#27;[0m Matched '/element/00000000-0000-0032-ffff-ffff0000002e/click' to command name 'click'
[debug] &amp#27;[38;5;32m[AndroidUiautomator2Driver@b227 (fe0cd291)]&amp#27;[0m Proxying [POST /element/00000000-0000-0032-ffff-ffff0000002e/click] to [POST http://127.0.0.1:8200/session/85989a46-cbdd-4bd4-a501-a859808a0843/element/00000000-0000-0032-ffff-ffff0000002e/click] with body: {"element":"00000000-0000-0032-ffff-ffff0000002e"}
[debug] &amp#27;[38;5;32m[AndroidUiautomator2Driver@b227 (fe0cd291)]&amp#27;[0m Got response with status 200: {"sessionId":"85989a46-cbdd-4bd4-a501-a859808a0843","value":null}
[debug] &amp#27;[38;5;32m[AndroidUiautomator2Driver@b227 (fe0cd291)]&amp#27;[0m Responding to client with driver.click() result: null
&amp#27;[38;5;0m[HTTP]&amp#27;[0m &amp#27;[37m<-- POST /session/fe0cd291-8f79-4212-8568-b4785b2dee12/element/00000000-0000-0032-ffff-ffff0000002e/click &amp#27;[39m&amp#27;[32m200&amp#27;[39m &amp#27;[90m60 ms - 14&amp#27;[39m
&amp#27;[38;5;0m[HTTP]&amp#27;[0m &amp#27;[90m&amp#27;[39m
&amp#27;[38;5;0m[HTTP]&amp#27;[0m &amp#27;[37m-->&amp#27;[39m &amp#27;[37mPOST&amp#27;[39m &amp#27;[37m/session/fe0cd291-8f79-4212-8568-b4785b2dee12/timeouts&amp#27;[39m
&amp#27;[38;5;0m[HTTP]&amp#27;[0m &amp#27;[90m{"implicit":10000}&amp#27;[39m
[debug] &amp#27;[38;5;32m[AndroidUiautomator2Driver@b227 (fe0cd291)]&amp#27;[0m Calling AppiumDriver.timeouts() with args: [null,null,null,null,10000,"fe0cd291-8f79-4212-8568-b4785b2dee12"]
[debug] &amp#27;[38;5;32m[AndroidUiautomator2Driver@b227 (fe0cd291)]&amp#27;[0m W3C timeout argument: {"implicit":10000}}
[debug] &amp#27;[38;5;32m[AndroidUiautomator2Driver@b227 (fe0cd291)]&amp#27;[0m Set implicit wait to 10000ms
[debug] &amp#27;[38;5;32m[AndroidUiautomator2Driver@b227 (fe0cd291)]&amp#27;[0m Responding to client with driver.timeouts() result: null
&amp#27;[38;5;0m[HTTP]&amp#27;[0m &amp#27;[37m<-- POST /session/fe0cd291-8f79-4212-8568-b4785b2dee12/timeouts &amp#27;[39m&amp#27;[32m200&amp#27;[39m &amp#27;[90m1 ms - 14&amp#27;[39m
&amp#27;[38;5;0m[HTTP]&amp#27;[0m &amp#27;[90m&amp#27;[39m
&amp#27;[38;5;0m[HTTP]&amp#27;[0m &amp#27;[37m-->&amp#27;[39m &amp#27;[37mPOST&amp#27;[39m &amp#27;[37m/session/fe0cd291-8f79-4212-8568-b4785b2dee12/element&amp#27;[39m
&amp#27;[38;5;0m[HTTP]&amp#27;[0m &amp#27;[90m{"using":"xpath","value":"//android.widget.EditText[@index=3]"}&amp#27;[39m
[debug] &amp#27;[38;5;32m[AndroidUiautomator2Driver@b227 (fe0cd291)]&amp#27;[0m Calling AppiumDriver.findElement() with args: ["xpath","//android.widget.EditText[@index=3]","fe0cd291-8f79-4212-8568-b4785b2dee12"]
[debug] &amp#27;[38;5;32m[AndroidUiautomator2Driver@b227 (fe0cd291)]&amp#27;[0m Valid locator strategies for this request: xpath, id, class name, accessibility id, css selector, -android uiautomator
[debug] &amp#27;[38;5;32m[AndroidUiautomator2Driver@b227 (fe0cd291)]&amp#27;[0m Waiting up to 10000 ms for condition
[debug] &amp#27;[38;5;32m[AndroidUiautomator2Driver@b227 (fe0cd291)]&amp#27;[0m Matched '/element' to command name 'findElement'
[debug] &amp#27;[38;5;32m[AndroidUiautomator2Driver@b227 (fe0cd291)]&amp#27;[0m Proxying [POST /element] to [POST http://127.0.0.1:8200/session/85989a46-cbdd-4bd4-a501-a859808a0843/element] with body: {"strategy":"xpath","selector":"//android.widget.EditText[@index=3]","context":"","multiple":false}
&amp#27;[38;5;32m[AndroidUiautomator2Driver@b227 (fe0cd291)]&amp#27;[0m Got response with status 404: {"sessionId":"85989a46-cbdd-4bd4-a501-a859808a0843","value":{"error":"no such element","message":"An element could not be located on the page using the given search parameters","stacktrace":"io.appium.uiautomator2.common.exceptions.ElementNotFoundException: An element could not be located on the page using the given search parameters\n\tat io.appium.uiautomator2.utils.ElementLocationHelpers.findElement(ElementLocationHelpers.java:156)\n\tat io.appium.uiautomator2.handler.FindElement.safeHandle(FindElement.java:60)\n\tat io.appium.uiautomator2.handler.request.SafeRequestHandler.handle(SafeRequestHandler.java:59)\n\tat io.appium.uiautomator2.server.AppiumServlet.handleRequest(AppiumServlet.java:277)\n\tat io.appium.uiautomator2.server.AppiumServlet.handleHttpRequest(AppiumServlet.java:271)\n\tat io.appium.uiautomator2.http.ServerHandler.channelRead(ServerHandler.java:68)\n\tat io.netty.channel.AbstractChannelHandlerContext.invokeChannelRead(AbstractChannelHandlerContext.java:366)\n\tat io.netty.channel.Abstr...
[debug] &amp#27;[38;5;128m[W3C]&amp#27;[0m Matched W3C error code 'no such element' to NoSuchElementError
[debug] &amp#27;[38;5;32m[AndroidUiautomator2Driver@b227 (fe0cd291)]&amp#27;[0m Waited for 24 ms so far
[debug] &amp#27;[38;5;32m[AndroidUiautomator2Driver@b227 (fe0cd291)]&amp#27;[0m Matched '/element' to command name 'findElement'
[debug] &amp#27;[38;5;32m[AndroidUiautomator2Driver@b227 (fe0cd291)]&amp#27;[0m Proxying [POST /element] to [POST http://127.0.0.1:8200/session/85989a46-cbdd-4bd4-a501-a859808a0843/element] with body: {"strategy":"xpath","selector":"//android.widget.EditText[@index=3]","context":"","multiple":false}
[debug] &amp#27;[38;5;32m[AndroidUiautomator2Driver@b227 (fe0cd291)]&amp#27;[0m Got response with status 200: {"sessionId":"85989a46-cbdd-4bd4-a501-a859808a0843","value":{"ELEMENT":"00000000-0000-0032-ffff-ffff00000460","element-6066-11e4-a52e-4f735466cecf":"00000000-0000-0032-ffff-ffff00000460"}}
[debug] &amp#27;[38;5;32m[AndroidUiautomator2Driver@b227 (fe0cd291)]&amp#27;[0m Responding to client with driver.findElement() result: {"element-6066-11e4-a52e-4f735466cecf":"00000000-0000-0032-ffff-ffff00000460","ELEMENT":"00000000-0000-0032-ffff-ffff00000460"}
&amp#27;[38;5;0m[HTTP]&amp#27;[0m &amp#27;[37m<-- POST /session/fe0cd291-8f79-4212-8568-b4785b2dee12/element &amp#27;[39m&amp#27;[32m200&amp#27;[39m &amp#27;[90m1084 ms - 137&amp#27;[39m
&amp#27;[38;5;0m[HTTP]&amp#27;[0m &amp#27;[90m&amp#27;[39m
&amp#27;[38;5;0m[HTTP]&amp#27;[0m &amp#27;[37m-->&amp#27;[39m &amp#27;[37mPOST&amp#27;[39m &amp#27;[37m/session/fe0cd291-8f79-4212-8568-b4785b2dee12/element/00000000-0000-0032-ffff-ffff00000460/value&amp#27;[39m
&amp#27;[38;5;0m[HTTP]&amp#27;[0m &amp#27;[90m{"id":"00000000-0000-0032-ffff-ffff00000460","text":"Daniel Ogaga","value":["D","a","n","i","e","l"," ","O","g","a","g","a"]}&amp#27;[39m
[debug] &amp#27;[38;5;32m[AndroidUiautomator2Driver@b227 (fe0cd291)]&amp#27;[0m Calling AppiumDriver.setValue() with args: [["D","a","n","i","e","l"," ","O","g","a","g","a"],"00000000-0000-0032-ffff-ffff00000460","fe0cd291-8f79-4212-8568-b4785b2dee12"]
[debug] &amp#27;[38;5;32m[AndroidUiautomator2Driver@b227 (fe0cd291)]&amp#27;[0m Matched '/element/00000000-0000-0032-ffff-ffff00000460/value' to command name 'setValue'
[debug] &amp#27;[38;5;32m[AndroidUiautomator2Driver@b227 (fe0cd291)]&amp#27;[0m Added 'value' property ["D","a","n","i","e","l"," ","O","g","a","g","a"] to 'setValue' request body
[debug] &amp#27;[38;5;32m[AndroidUiautomator2Driver@b227 (fe0cd291)]&amp#27;[0m Proxying [POST /element/00000000-0000-0032-ffff-ffff00000460/value] to [POST http://127.0.0.1:8200/session/85989a46-cbdd-4bd4-a501-a859808a0843/element/00000000-0000-0032-ffff-ffff00000460/value] with body: {"elementId":"00000000-0000-0032-ffff-ffff00000460","text":"Daniel Ogaga","replace":false,"value":["D","a","n","i","e","l"," ","O","g","a","g","a"]}
[debug] &amp#27;[38;5;32m[AndroidUiautomator2Driver@b227 (fe0cd291)]&amp#27;[0m Got response with status 200: {"sessionId":"85989a46-cbdd-4bd4-a501-a859808a0843","value":null}
[debug] &amp#27;[38;5;32m[AndroidUiautomator2Driver@b227 (fe0cd291)]&amp#27;[0m Responding to client with driver.setValue() result: null
&amp#27;[38;5;0m[HTTP]&amp#27;[0m &amp#27;[37m<-- POST /session/fe0cd291-8f79-4212-8568-b4785b2dee12/element/00000000-0000-0032-ffff-ffff00000460/value &amp#27;[39m&amp#27;[32m200&amp#27;[39m &amp#27;[90m13 ms - 14&amp#27;[39m
&amp#27;[38;5;0m[HTTP]&amp#27;[0m &amp#27;[90m&amp#27;[39m
&amp#27;[38;5;0m[HTTP]&amp#27;[0m &amp#27;[37m-->&amp#27;[39m &amp#27;[37mPOST&amp#27;[39m &amp#27;[37m/session/fe0cd291-8f79-4212-8568-b4785b2dee12/element&amp#27;[39m
&amp#27;[38;5;0m[HTTP]&amp#27;[0m &amp#27;[90m{"using":"xpath","value":"//android.widget.EditText[@index=6]"}&amp#27;[39m
[debug] &amp#27;[38;5;32m[AndroidUiautomator2Driver@b227 (fe0cd291)]&amp#27;[0m Calling AppiumDriver.findElement() with args: ["xpath","//android.widget.EditText[@index=6]","fe0cd291-8f79-4212-8568-b4785b2dee12"]
[debug] &amp#27;[38;5;32m[AndroidUiautomator2Driver@b227 (fe0cd291)]&amp#27;[0m Valid locator strategies for this request: xpath, id, class name, accessibility id, css selector, -android uiautomator
[debug] &amp#27;[38;5;32m[AndroidUiautomator2Driver@b227 (fe0cd291)]&amp#27;[0m Waiting up to 10000 ms for condition
[debug] &amp#27;[38;5;32m[AndroidUiautomator2Driver@b227 (fe0cd291)]&amp#27;[0m Matched '/element' to command name 'findElement'
[debug] &amp#27;[38;5;32m[AndroidUiautomator2Driver@b227 (fe0cd291)]&amp#27;[0m Proxying [POST /element] to [POST http://127.0.0.1:8200/session/85989a46-cbdd-4bd4-a501-a859808a0843/element] with body: {"strategy":"xpath","selector":"//android.widget.EditText[@index=6]","context":"","multiple":false}
[debug] &amp#27;[38;5;32m[AndroidUiautomator2Driver@b227 (fe0cd291)]&amp#27;[0m Got response with status 200: {"sessionId":"85989a46-cbdd-4bd4-a501-a859808a0843","value":{"ELEMENT":"00000000-0000-0032-ffff-ffff00000463","element-6066-11e4-a52e-4f735466cecf":"00000000-0000-0032-ffff-ffff00000463"}}
[debug] &amp#27;[38;5;32m[AndroidUiautomator2Driver@b227 (fe0cd291)]&amp#27;[0m Responding to client with driver.findElement() result: {"element-6066-11e4-a52e-4f735466cecf":"00000000-0000-0032-ffff-ffff00000463","ELEMENT":"00000000-0000-0032-ffff-ffff00000463"}
&amp#27;[38;5;0m[HTTP]&amp#27;[0m &amp#27;[37m<-- POST /session/fe0cd291-8f79-4212-8568-b4785b2dee12/element &amp#27;[39m&amp#27;[32m200&amp#27;[39m &amp#27;[90m40 ms - 137&amp#27;[39m
&amp#27;[38;5;0m[HTTP]&amp#27;[0m &amp#27;[90m&amp#27;[39m
&amp#27;[38;5;0m[HTTP]&amp#27;[0m &amp#27;[37m-->&amp#27;[39m &amp#27;[37mPOST&amp#27;[39m &amp#27;[37m/session/fe0cd291-8f79-4212-8568-b4785b2dee12/element/00000000-0000-0032-ffff-ffff00000463/value&amp#27;[39m
&amp#27;[38;5;0m[HTTP]&amp#27;[0m &amp#27;[90m{"id":"00000000-0000-0032-ffff-ffff00000463","text":"vada.deckow@sharklasers.com","value":["v","a","d","a",".","d","e","c","k","o","w","@","s","h","a","r","k","l","a","s","e","r","s",".","c","o","m"]}&amp#27;[39m
[debug] &amp#27;[38;5;32m[AndroidUiautomator2Driver@b227 (fe0cd291)]&amp#27;[0m Calling AppiumDriver.setValue() with args: [["v","a","d","a",".","d","e","c","k","o","w","@","s","h","a","r","k","l","a","s","e","r","s",".","c","o","m"],"00000000-0000-0032-ffff-ffff00000463","fe0cd291-8f79-4212-8568-b4785b2dee12"]
[debug] &amp#27;[38;5;32m[AndroidUiautomator2Driver@b227 (fe0cd291)]&amp#27;[0m Matched '/element/00000000-0000-0032-ffff-ffff00000463/value' to command name 'setValue'
[debug] &amp#27;[38;5;32m[AndroidUiautomator2Driver@b227 (fe0cd291)]&amp#27;[0m Added 'value' property ["v","a","d","a",".","d","e","c","k","o","w","@","s","h","a","r","k","l","a","s","e","r","s",".","c","o","m"] to 'setValue' request body
[debug] &amp#27;[38;5;32m[AndroidUiautomator2Driver@b227 (fe0cd291)]&amp#27;[0m Proxying [POST /element/00000000-0000-0032-ffff-ffff00000463/value] to [POST http://127.0.0.1:8200/session/85989a46-cbdd-4bd4-a501-a859808a0843/element/00000000-0000-0032-ffff-ffff00000463/value] with body: {"elementId":"00000000-0000-0032-ffff-ffff00000463","text":"vada.deckow@sharklasers.com","replace":false,"value":["v","a","d","a",".","d","e","c","k","o","w","@","s","h","a","r","k","l","a","s","e","r","s",".","c","o","m"]}
[debug] &amp#27;[38;5;32m[AndroidUiautomator2Driver@b227 (fe0cd291)]&amp#27;[0m Got response with status 200: {"sessionId":"85989a46-cbdd-4bd4-a501-a859808a0843","value":null}
[debug] &amp#27;[38;5;32m[AndroidUiautomator2Driver@b227 (fe0cd291)]&amp#27;[0m Responding to client with driver.setValue() result: null
&amp#27;[38;5;0m[HTTP]&amp#27;[0m &amp#27;[37m<-- POST /session/fe0cd291-8f79-4212-8568-b4785b2dee12/element/00000000-0000-0032-ffff-ffff00000463/value &amp#27;[39m&amp#27;[32m200&amp#27;[39m &amp#27;[90m471 ms - 14&amp#27;[39m
&amp#27;[38;5;0m[HTTP]&amp#27;[0m &amp#27;[90m&amp#27;[39m
&amp#27;[38;5;0m[HTTP]&amp#27;[0m &amp#27;[37m-->&amp#27;[39m &amp#27;[37mPOST&amp#27;[39m &amp#27;[37m/session/fe0cd291-8f79-4212-8568-b4785b2dee12/element&amp#27;[39m
&amp#27;[38;5;0m[HTTP]&amp#27;[0m &amp#27;[90m{"using":"xpath","value":"//android.widget.EditText[@index=9]"}&amp#27;[39m
[debug] &amp#27;[38;5;32m[AndroidUiautomator2Driver@b227 (fe0cd291)]&amp#27;[0m Calling AppiumDriver.findElement() with args: ["xpath","//android.widget.EditText[@index=9]","fe0cd291-8f79-4212-8568-b4785b2dee12"]
[debug] &amp#27;[38;5;32m[AndroidUiautomator2Driver@b227 (fe0cd291)]&amp#27;[0m Valid locator strategies for this request: xpath, id, class name, accessibility id, css selector, -android uiautomator
[debug] &amp#27;[38;5;32m[AndroidUiautomator2Driver@b227 (fe0cd291)]&amp#27;[0m Waiting up to 10000 ms for condition
[debug] &amp#27;[38;5;32m[AndroidUiautomator2Driver@b227 (fe0cd291)]&amp#27;[0m Matched '/element' to command name 'findElement'
[debug] &amp#27;[38;5;32m[AndroidUiautomator2Driver@b227 (fe0cd291)]&amp#27;[0m Proxying [POST /element] to [POST http://127.0.0.1:8200/session/85989a46-cbdd-4bd4-a501-a859808a0843/element] with body: {"strategy":"xpath","selector":"//android.widget.EditText[@index=9]","context":"","multiple":false}
[debug] &amp#27;[38;5;32m[AndroidUiautomator2Driver@b227 (fe0cd291)]&amp#27;[0m Got response with status 200: {"sessionId":"85989a46-cbdd-4bd4-a501-a859808a0843","value":{"ELEMENT":"00000000-0000-0032-ffff-ffff00000466","element-6066-11e4-a52e-4f735466cecf":"00000000-0000-0032-ffff-ffff00000466"}}
[debug] &amp#27;[38;5;32m[AndroidUiautomator2Driver@b227 (fe0cd291)]&amp#27;[0m Responding to client with driver.findElement() result: {"element-6066-11e4-a52e-4f735466cecf":"00000000-0000-0032-ffff-ffff00000466","ELEMENT":"00000000-0000-0032-ffff-ffff00000466"}
&amp#27;[38;5;0m[HTTP]&amp#27;[0m &amp#27;[37m<-- POST /session/fe0cd291-8f79-4212-8568-b4785b2dee12/element &amp#27;[39m&amp#27;[32m200&amp#27;[39m &amp#27;[90m526 ms - 137&amp#27;[39m
&amp#27;[38;5;0m[HTTP]&amp#27;[0m &amp#27;[90m&amp#27;[39m
&amp#27;[38;5;0m[HTTP]&amp#27;[0m &amp#27;[37m-->&amp#27;[39m &amp#27;[37mPOST&amp#27;[39m &amp#27;[37m/session/fe0cd291-8f79-4212-8568-b4785b2dee12/element/00000000-0000-0032-ffff-ffff00000466/value&amp#27;[39m
&amp#27;[38;5;0m[HTTP]&amp#27;[0m &amp#27;[90m{"id":"00000000-0000-0032-ffff-ffff00000466","text":"08033443048","value":["0","8","0","3","3","4","4","3","0","4","8"]}&amp#27;[39m
[debug] &amp#27;[38;5;32m[AndroidUiautomator2Driver@b227 (fe0cd291)]&amp#27;[0m Calling AppiumDriver.setValue() with args: [["0","8","0","3","3","4","4","3","0","4","8"],"00000000-0000-0032-ffff-ffff00000466","fe0cd291-8f79-4212-8568-b4785b2dee12"]
[debug] &amp#27;[38;5;32m[AndroidUiautomator2Driver@b227 (fe0cd291)]&amp#27;[0m Matched '/element/00000000-0000-0032-ffff-ffff00000466/value' to command name 'setValue'
[debug] &amp#27;[38;5;32m[AndroidUiautomator2Driver@b227 (fe0cd291)]&amp#27;[0m Added 'value' property ["0","8","0","3","3","4","4","3","0","4","8"] to 'setValue' request body
[debug] &amp#27;[38;5;32m[AndroidUiautomator2Driver@b227 (fe0cd291)]&amp#27;[0m Proxying [POST /element/00000000-0000-0032-ffff-ffff00000466/value] to [POST http://127.0.0.1:8200/session/85989a46-cbdd-4bd4-a501-a859808a0843/element/00000000-0000-0032-ffff-ffff00000466/value] with body: {"elementId":"00000000-0000-0032-ffff-ffff00000466","text":"08033443048","replace":false,"value":["0","8","0","3","3","4","4","3","0","4","8"]}
[debug] &amp#27;[38;5;32m[AndroidUiautomator2Driver@b227 (fe0cd291)]&amp#27;[0m Got response with status 200: {"sessionId":"85989a46-cbdd-4bd4-a501-a859808a0843","value":null}
[debug] &amp#27;[38;5;32m[AndroidUiautomator2Driver@b227 (fe0cd291)]&amp#27;[0m Responding to client with driver.setValue() result: null
&amp#27;[38;5;0m[HTTP]&amp#27;[0m &amp#27;[37m<-- POST /session/fe0cd291-8f79-4212-8568-b4785b2dee12/element/00000000-0000-0032-ffff-ffff00000466/value &amp#27;[39m&amp#27;[32m200&amp#27;[39m &amp#27;[90m13 ms - 14&amp#27;[39m
&amp#27;[38;5;0m[HTTP]&amp#27;[0m &amp#27;[90m&amp#27;[39m
&amp#27;[38;5;0m[HTTP]&amp#27;[0m &amp#27;[37m-->&amp#27;[39m &amp#27;[37mPOST&amp#27;[39m &amp#27;[37m/session/fe0cd291-8f79-4212-8568-b4785b2dee12/element&amp#27;[39m
&amp#27;[38;5;0m[HTTP]&amp#27;[0m &amp#27;[90m{"using":"xpath","value":"//android.widget.EditText[@index=12]"}&amp#27;[39m
[debug] &amp#27;[38;5;32m[AndroidUiautomator2Driver@b227 (fe0cd291)]&amp#27;[0m Calling AppiumDriver.findElement() with args: ["xpath","//android.widget.EditText[@index=12]","fe0cd291-8f79-4212-8568-b4785b2dee12"]
[debug] &amp#27;[38;5;32m[AndroidUiautomator2Driver@b227 (fe0cd291)]&amp#27;[0m Valid locator strategies for this request: xpath, id, class name, accessibility id, css selector, -android uiautomator
[debug] &amp#27;[38;5;32m[AndroidUiautomator2Driver@b227 (fe0cd291)]&amp#27;[0m Waiting up to 10000 ms for condition
[debug] &amp#27;[38;5;32m[AndroidUiautomator2Driver@b227 (fe0cd291)]&amp#27;[0m Matched '/element' to command name 'findElement'
[debug] &amp#27;[38;5;32m[AndroidUiautomator2Driver@b227 (fe0cd291)]&amp#27;[0m Proxying [POST /element] to [POST http://127.0.0.1:8200/session/85989a46-cbdd-4bd4-a501-a859808a0843/element] with body: {"strategy":"xpath","selector":"//android.widget.EditText[@index=12]","context":"","multiple":false}
[debug] &amp#27;[38;5;32m[AndroidUiautomator2Driver@b227 (fe0cd291)]&amp#27;[0m Got response with status 200: {"sessionId":"85989a46-cbdd-4bd4-a501-a859808a0843","value":{"ELEMENT":"00000000-0000-0032-ffff-ffff00000469","element-6066-11e4-a52e-4f735466cecf":"00000000-0000-0032-ffff-ffff00000469"}}
[debug] &amp#27;[38;5;32m[AndroidUiautomator2Driver@b227 (fe0cd291)]&amp#27;[0m Responding to client with driver.findElement() result: {"element-6066-11e4-a52e-4f735466cecf":"00000000-0000-0032-ffff-ffff00000469","ELEMENT":"00000000-0000-0032-ffff-ffff00000469"}
&amp#27;[38;5;0m[HTTP]&amp#27;[0m &amp#27;[37m<-- POST /session/fe0cd291-8f79-4212-8568-b4785b2dee12/element &amp#27;[39m&amp#27;[32m200&amp#27;[39m &amp#27;[90m521 ms - 137&amp#27;[39m
&amp#27;[38;5;0m[HTTP]&amp#27;[0m &amp#27;[90m&amp#27;[39m
&amp#27;[38;5;0m[HTTP]&amp#27;[0m &amp#27;[37m-->&amp#27;[39m &amp#27;[37mPOST&amp#27;[39m &amp#27;[37m/session/fe0cd291-8f79-4212-8568-b4785b2dee12/element/00000000-0000-0032-ffff-ffff00000469/value&amp#27;[39m
&amp#27;[38;5;0m[HTTP]&amp#27;[0m &amp#27;[90m{"id":"00000000-0000-0032-ffff-ffff00000469","text":"password","value":["p","a","s","s","w","o","r","d"]}&amp#27;[39m
[debug] &amp#27;[38;5;32m[AndroidUiautomator2Driver@b227 (fe0cd291)]&amp#27;[0m Calling AppiumDriver.setValue() with args: [["p","a","s","s","w","o","r","d"],"00000000-0000-0032-ffff-ffff00000469","fe0cd291-8f79-4212-8568-b4785b2dee12"]
[debug] &amp#27;[38;5;32m[AndroidUiautomator2Driver@b227 (fe0cd291)]&amp#27;[0m Matched '/element/00000000-0000-0032-ffff-ffff00000469/value' to command name 'setValue'
[debug] &amp#27;[38;5;32m[AndroidUiautomator2Driver@b227 (fe0cd291)]&amp#27;[0m Added 'value' property ["p","a","s","s","w","o","r","d"] to 'setValue' request body
[debug] &amp#27;[38;5;32m[AndroidUiautomator2Driver@b227 (fe0cd291)]&amp#27;[0m Proxying [POST /element/00000000-0000-0032-ffff-ffff00000469/value] to [POST http://127.0.0.1:8200/session/85989a46-cbdd-4bd4-a501-a859808a0843/element/00000000-0000-0032-ffff-ffff00000469/value] with body: {"elementId":"00000000-0000-0032-ffff-ffff00000469","text":"password","replace":false,"value":["p","a","s","s","w","o","r","d"]}
[debug] &amp#27;[38;5;32m[AndroidUiautomator2Driver@b227 (fe0cd291)]&amp#27;[0m Got response with status 200: {"sessionId":"85989a46-cbdd-4bd4-a501-a859808a0843","value":null}
[debug] &amp#27;[38;5;32m[AndroidUiautomator2Driver@b227 (fe0cd291)]&amp#27;[0m Responding to client with driver.setValue() result: null
&amp#27;[38;5;0m[HTTP]&amp#27;[0m &amp#27;[37m<-- POST /session/fe0cd291-8f79-4212-8568-b4785b2dee12/element/00000000-0000-0032-ffff-ffff00000469/value &amp#27;[39m&amp#27;[32m200&amp#27;[39m &amp#27;[90m12 ms - 14&amp#27;[39m
&amp#27;[38;5;0m[HTTP]&amp#27;[0m &amp#27;[90m&amp#27;[39m
&amp#27;[38;5;0m[HTTP]&amp#27;[0m &amp#27;[37m-->&amp#27;[39m &amp#27;[37mPOST&amp#27;[39m &amp#27;[37m/session/fe0cd291-8f79-4212-8568-b4785b2dee12/element&amp#27;[39m
&amp#27;[38;5;0m[HTTP]&amp#27;[0m &amp#27;[90m{"using":"xpath","value":"//android.widget.TextView[@text='Register']"}&amp#27;[39m
[debug] &amp#27;[38;5;32m[AndroidUiautomator2Driver@b227 (fe0cd291)]&amp#27;[0m Calling AppiumDriver.findElement() with args: ["xpath","//android.widget.TextView[@text='Register']","fe0cd291-8f79-4212-8568-b4785b2dee12"]
[debug] &amp#27;[38;5;32m[AndroidUiautomator2Driver@b227 (fe0cd291)]&amp#27;[0m Valid locator strategies for this request: xpath, id, class name, accessibility id, css selector, -android uiautomator
[debug] &amp#27;[38;5;32m[AndroidUiautomator2Driver@b227 (fe0cd291)]&amp#27;[0m Waiting up to 10000 ms for condition
[debug] &amp#27;[38;5;32m[AndroidUiautomator2Driver@b227 (fe0cd291)]&amp#27;[0m Matched '/element' to command name 'findElement'
[debug] &amp#27;[38;5;32m[AndroidUiautomator2Driver@b227 (fe0cd291)]&amp#27;[0m Proxying [POST /element] to [POST http://127.0.0.1:8200/session/85989a46-cbdd-4bd4-a501-a859808a0843/element] with body: {"strategy":"xpath","selector":"//android.widget.TextView[@text='Register']","context":"","multiple":false}
[debug] &amp#27;[38;5;32m[AndroidUiautomator2Driver@b227 (fe0cd291)]&amp#27;[0m Got response with status 200: {"sessionId":"85989a46-cbdd-4bd4-a501-a859808a0843","value":{"ELEMENT":"00000000-0000-0032-ffff-ffff00000476","element-6066-11e4-a52e-4f735466cecf":"00000000-0000-0032-ffff-ffff00000476"}}
[debug] &amp#27;[38;5;32m[AndroidUiautomator2Driver@b227 (fe0cd291)]&amp#27;[0m Responding to client with driver.findElement() result: {"element-6066-11e4-a52e-4f735466cecf":"00000000-0000-0032-ffff-ffff00000476","ELEMENT":"00000000-0000-0032-ffff-ffff00000476"}
&amp#27;[38;5;0m[HTTP]&amp#27;[0m &amp#27;[37m<-- POST /session/fe0cd291-8f79-4212-8568-b4785b2dee12/element &amp#27;[39m&amp#27;[32m200&amp#27;[39m &amp#27;[90m624 ms - 137&amp#27;[39m
&amp#27;[38;5;0m[HTTP]&amp#27;[0m &amp#27;[90m&amp#27;[39m
&amp#27;[38;5;0m[HTTP]&amp#27;[0m &amp#27;[37m-->&amp#27;[39m &amp#27;[37mPOST&amp#27;[39m &amp#27;[37m/session/fe0cd291-8f79-4212-8568-b4785b2dee12/element/00000000-0000-0032-ffff-ffff00000476/click&amp#27;[39m
&amp#27;[38;5;0m[HTTP]&amp#27;[0m &amp#27;[90m{"id":"00000000-0000-0032-ffff-ffff00000476"}&amp#27;[39m
[debug] &amp#27;[38;5;32m[AndroidUiautomator2Driver@b227 (fe0cd291)]&amp#27;[0m Calling AppiumDriver.click() with args: ["00000000-0000-0032-ffff-ffff00000476","fe0cd291-8f79-4212-8568-b4785b2dee12"]
[debug] &amp#27;[38;5;32m[AndroidUiautomator2Driver@b227 (fe0cd291)]&amp#27;[0m Matched '/element/00000000-0000-0032-ffff-ffff00000476/click' to command name 'click'
[debug] &amp#27;[38;5;32m[AndroidUiautomator2Driver@b227 (fe0cd291)]&amp#27;[0m Proxying [POST /element/00000000-0000-0032-ffff-ffff00000476/click] to [POST http://127.0.0.1:8200/session/85989a46-cbdd-4bd4-a501-a859808a0843/element/00000000-0000-0032-ffff-ffff00000476/click] with body: {"element":"00000000-0000-0032-ffff-ffff00000476"}
[debug] &amp#27;[38;5;32m[AndroidUiautomator2Driver@b227 (fe0cd291)]&amp#27;[0m Got response with status 200: {"sessionId":"85989a46-cbdd-4bd4-a501-a859808a0843","value":null}
[debug] &amp#27;[38;5;32m[AndroidUiautomator2Driver@b227 (fe0cd291)]&amp#27;[0m Responding to client with driver.click() result: null
&amp#27;[38;5;0m[HTTP]&amp#27;[0m &amp#27;[37m<-- POST /session/fe0cd291-8f79-4212-8568-b4785b2dee12/element/00000000-0000-0032-ffff-ffff00000476/click &amp#27;[39m&amp#27;[32m200&amp#27;[39m &amp#27;[90m45 ms - 14&amp#27;[39m
&amp#27;[38;5;0m[HTTP]&amp#27;[0m &amp#27;[90m&amp#27;[39m
&amp#27;[38;5;0m[HTTP]&amp#27;[0m &amp#27;[37m-->&amp#27;[39m &amp#27;[37mPOST&amp#27;[39m &amp#27;[37m/session/fe0cd291-8f79-4212-8568-b4785b2dee12/element&amp#27;[39m
&amp#27;[38;5;0m[HTTP]&amp#27;[0m &amp#27;[90m{"using":"xpath","value":"//android.widget.TextView[@index=18]"}&amp#27;[39m
[debug] &amp#27;[38;5;32m[AndroidUiautomator2Driver@b227 (fe0cd291)]&amp#27;[0m Calling AppiumDriver.findElement() with args: ["xpath","//android.widget.TextView[@index=18]","fe0cd291-8f79-4212-8568-b4785b2dee12"]
[debug] &amp#27;[38;5;32m[AndroidUiautomator2Driver@b227 (fe0cd291)]&amp#27;[0m Valid locator strategies for this request: xpath, id, class name, accessibility id, css selector, -android uiautomator
[debug] &amp#27;[38;5;32m[AndroidUiautomator2Driver@b227 (fe0cd291)]&amp#27;[0m Waiting up to 10000 ms for condition
[debug] &amp#27;[38;5;32m[AndroidUiautomator2Driver@b227 (fe0cd291)]&amp#27;[0m Matched '/element' to command name 'findElement'
[debug] &amp#27;[38;5;32m[AndroidUiautomator2Driver@b227 (fe0cd291)]&amp#27;[0m Proxying [POST /element] to [POST http://127.0.0.1:8200/session/85989a46-cbdd-4bd4-a501-a859808a0843/element] with body: {"strategy":"xpath","selector":"//android.widget.TextView[@index=18]","context":"","multiple":false}
[debug] &amp#27;[38;5;32m[AndroidUiautomator2Driver@b227 (fe0cd291)]&amp#27;[0m Got response with status 200: {"sessionId":"85989a46-cbdd-4bd4-a501-a859808a0843","value":{"ELEMENT":"00000000-0000-0032-ffff-ffff0000046e","element-6066-11e4-a52e-4f735466cecf":"00000000-0000-0032-ffff-ffff0000046e"}}
[debug] &amp#27;[38;5;32m[AndroidUiautomator2Driver@b227 (fe0cd291)]&amp#27;[0m Responding to client with driver.findElement() result: {"element-6066-11e4-a52e-4f735466cecf":"00000000-0000-0032-ffff-ffff0000046e","ELEMENT":"00000000-0000-0032-ffff-ffff0000046e"}
&amp#27;[38;5;0m[HTTP]&amp#27;[0m &amp#27;[37m<-- POST /session/fe0cd291-8f79-4212-8568-b4785b2dee12/element &amp#27;[39m&amp#27;[32m200&amp#27;[39m &amp#27;[90m32 ms - 137&amp#27;[39m
&amp#27;[38;5;0m[HTTP]&amp#27;[0m &amp#27;[90m&amp#27;[39m
&amp#27;[38;5;0m[HTTP]&amp#27;[0m &amp#27;[37m-->&amp#27;[39m &amp#27;[37mPOST&amp#27;[39m &amp#27;[37m/session/fe0cd291-8f79-4212-8568-b4785b2dee12/element/00000000-0000-0032-ffff-ffff0000046e/click&amp#27;[39m
&amp#27;[38;5;0m[HTTP]&amp#27;[0m &amp#27;[90m{"id":"00000000-0000-0032-ffff-ffff0000046e"}&amp#27;[39m
[debug] &amp#27;[38;5;32m[AndroidUiautomator2Driver@b227 (fe0cd291)]&amp#27;[0m Calling AppiumDriver.click() with args: ["00000000-0000-0032-ffff-ffff0000046e","fe0cd291-8f79-4212-8568-b4785b2dee12"]
[debug] &amp#27;[38;5;32m[AndroidUiautomator2Driver@b227 (fe0cd291)]&amp#27;[0m Matched '/element/00000000-0000-0032-ffff-ffff0000046e/click' to command name 'click'
[debug] &amp#27;[38;5;32m[AndroidUiautomator2Driver@b227 (fe0cd291)]&amp#27;[0m Proxying [POST /element/00000000-0000-0032-ffff-ffff0000046e/click] to [POST http://127.0.0.1:8200/session/85989a46-cbdd-4bd4-a501-a859808a0843/element/00000000-0000-0032-ffff-ffff0000046e/click] with body: {"element":"00000000-0000-0032-ffff-ffff0000046e"}
[debug] &amp#27;[38;5;32m[AndroidUiautomator2Driver@b227 (fe0cd291)]&amp#27;[0m Got response with status 200: {"sessionId":"85989a46-cbdd-4bd4-a501-a859808a0843","value":null}
[debug] &amp#27;[38;5;32m[AndroidUiautomator2Driver@b227 (fe0cd291)]&amp#27;[0m Responding to client with driver.click() result: null
&amp#27;[38;5;0m[HTTP]&amp#27;[0m &amp#27;[37m<-- POST /session/fe0cd291-8f79-4212-8568-b4785b2dee12/element/00000000-0000-0032-ffff-ffff0000046e/click &amp#27;[39m&amp#27;[32m200&amp#27;[39m &amp#27;[90m60 ms - 14&amp#27;[39m
&amp#27;[38;5;0m[HTTP]&amp#27;[0m &amp#27;[90m&amp#27;[39m
&amp#27;[38;5;0m[HTTP]&amp#27;[0m &amp#27;[37m-->&amp#27;[39m &amp#27;[37mPOST&amp#27;[39m &amp#27;[37m/session/fe0cd291-8f79-4212-8568-b4785b2dee12/element&amp#27;[39m
&amp#27;[38;5;0m[HTTP]&amp#27;[0m &amp#27;[90m{"using":"xpath","value":"//android.widget.TextView[@text='Register']"}&amp#27;[39m
[debug] &amp#27;[38;5;32m[AndroidUiautomator2Driver@b227 (fe0cd291)]&amp#27;[0m Calling AppiumDriver.findElement() with args: ["xpath","//android.widget.TextView[@text='Register']","fe0cd291-8f79-4212-8568-b4785b2dee12"]
[debug] &amp#27;[38;5;32m[AndroidUiautomator2Driver@b227 (fe0cd291)]&amp#27;[0m Valid locator strategies for this request: xpath, id, class name, accessibility id, css selector, -android uiautomator
[debug] &amp#27;[38;5;32m[AndroidUiautomator2Driver@b227 (fe0cd291)]&amp#27;[0m Waiting up to 10000 ms for condition
[debug] &amp#27;[38;5;32m[AndroidUiautomator2Driver@b227 (fe0cd291)]&amp#27;[0m Matched '/element' to command name 'findElement'
[debug] &amp#27;[38;5;32m[AndroidUiautomator2Driver@b227 (fe0cd291)]&amp#27;[0m Proxying [POST /element] to [POST http://127.0.0.1:8200/session/85989a46-cbdd-4bd4-a501-a859808a0843/element] with body: {"strategy":"xpath","selector":"//android.widget.TextView[@text='Register']","context":"","multiple":false}
[debug] &amp#27;[38;5;32m[AndroidUiautomator2Driver@b227 (fe0cd291)]&amp#27;[0m Got response with status 200: {"sessionId":"85989a46-cbdd-4bd4-a501-a859808a0843","value":{"ELEMENT":"00000000-0000-0032-ffff-ffff00000476","element-6066-11e4-a52e-4f735466cecf":"00000000-0000-0032-ffff-ffff00000476"}}
[debug] &amp#27;[38;5;32m[AndroidUiautomator2Driver@b227 (fe0cd291)]&amp#27;[0m Responding to client with driver.findElement() result: {"element-6066-11e4-a52e-4f735466cecf":"00000000-0000-0032-ffff-ffff00000476","ELEMENT":"00000000-0000-0032-ffff-ffff00000476"}
&amp#27;[38;5;0m[HTTP]&amp#27;[0m &amp#27;[37m<-- POST /session/fe0cd291-8f79-4212-8568-b4785b2dee12/element &amp#27;[39m&amp#27;[32m200&amp#27;[39m &amp#27;[90m84 ms - 137&amp#27;[39m
&amp#27;[38;5;0m[HTTP]&amp#27;[0m &amp#27;[90m&amp#27;[39m
&amp#27;[38;5;0m[HTTP]&amp#27;[0m &amp#27;[37m-->&amp#27;[39m &amp#27;[37mPOST&amp#27;[39m &amp#27;[37m/session/fe0cd291-8f79-4212-8568-b4785b2dee12/element/00000000-0000-0032-ffff-ffff00000476/click&amp#27;[39m
&amp#27;[38;5;0m[HTTP]&amp#27;[0m &amp#27;[90m{"id":"00000000-0000-0032-ffff-ffff00000476"}&amp#27;[39m
[debug] &amp#27;[38;5;32m[AndroidUiautomator2Driver@b227 (fe0cd291)]&amp#27;[0m Calling AppiumDriver.click() with args: ["00000000-0000-0032-ffff-ffff00000476","fe0cd291-8f79-4212-8568-b4785b2dee12"]
[debug] &amp#27;[38;5;32m[AndroidUiautomator2Driver@b227 (fe0cd291)]&amp#27;[0m Matched '/element/00000000-0000-0032-ffff-ffff00000476/click' to command name 'click'
[debug] &amp#27;[38;5;32m[AndroidUiautomator2Driver@b227 (fe0cd291)]&amp#27;[0m Proxying [POST /element/00000000-0000-0032-ffff-ffff00000476/click] to [POST http://127.0.0.1:8200/session/85989a46-cbdd-4bd4-a501-a859808a0843/element/00000000-0000-0032-ffff-ffff00000476/click] with body: {"element":"00000000-0000-0032-ffff-ffff00000476"}
[debug] &amp#27;[38;5;32m[AndroidUiautomator2Driver@b227 (fe0cd291)]&amp#27;[0m Got response with status 200: {"sessionId":"85989a46-cbdd-4bd4-a501-a859808a0843","value":null}
[debug] &amp#27;[38;5;32m[AndroidUiautomator2Driver@b227 (fe0cd291)]&amp#27;[0m Responding to client with driver.click() result: null
&amp#27;[38;5;0m[HTTP]&amp#27;[0m &amp#27;[37m<-- POST /session/fe0cd291-8f79-4212-8568-b4785b2dee12/element/00000000-0000-0032-ffff-ffff00000476/click &amp#27;[39m&amp#27;[32m200&amp#27;[39m &amp#27;[90m69 ms - 14&amp#27;[39m
&amp#27;[38;5;0m[HTTP]&amp#27;[0m &amp#27;[90m&amp#27;[39m
&amp#27;[38;5;0m[HTTP]&amp#27;[0m &amp#27;[37m-->&amp#27;[39m &amp#27;[37mPOST&amp#27;[39m &amp#27;[37m/session/fe0cd291-8f79-4212-8568-b4785b2dee12/element&amp#27;[39m
&amp#27;[38;5;0m[HTTP]&amp#27;[0m &amp#27;[90m{"using":"xpath","value":"//android.widget.TextView[@index=7]"}&amp#27;[39m
[debug] &amp#27;[38;5;32m[AndroidUiautomator2Driver@b227 (fe0cd291)]&amp#27;[0m Calling AppiumDriver.findElement() with args: ["xpath","//android.widget.TextView[@index=7]","fe0cd291-8f79-4212-8568-b4785b2dee12"]
[debug] &amp#27;[38;5;32m[AndroidUiautomator2Driver@b227 (fe0cd291)]&amp#27;[0m Valid locator strategies for this request: xpath, id, class name, accessibility id, css selector, -android uiautomator
[debug] &amp#27;[38;5;32m[AndroidUiautomator2Driver@b227 (fe0cd291)]&amp#27;[0m Waiting up to 10000 ms for condition
[debug] &amp#27;[38;5;32m[AndroidUiautomator2Driver@b227 (fe0cd291)]&amp#27;[0m Matched '/element' to command name 'findElement'
[debug] &amp#27;[38;5;32m[AndroidUiautomator2Driver@b227 (fe0cd291)]&amp#27;[0m Proxying [POST /element] to [POST http://127.0.0.1:8200/session/85989a46-cbdd-4bd4-a501-a859808a0843/element] with body: {"strategy":"xpath","selector":"//android.widget.TextView[@index=7]","context":"","multiple":false}
[debug] &amp#27;[38;5;32m[AndroidUiautomator2Driver@b227 (fe0cd291)]&amp#27;[0m Got response with status 200: {"sessionId":"85989a46-cbdd-4bd4-a501-a859808a0843","value":{"ELEMENT":"00000000-0000-0032-ffff-ffff00000464","element-6066-11e4-a52e-4f735466cecf":"00000000-0000-0032-ffff-ffff00000464"}}
[debug] &amp#27;[38;5;32m[AndroidUiautomator2Driver@b227 (fe0cd291)]&amp#27;[0m Responding to client with driver.findElement() result: {"element-6066-11e4-a52e-4f735466cecf":"00000000-0000-0032-ffff-ffff00000464","ELEMENT":"00000000-0000-0032-ffff-ffff00000464"}
&amp#27;[38;5;0m[HTTP]&amp#27;[0m &amp#27;[37m<-- POST /session/fe0cd291-8f79-4212-8568-b4785b2dee12/element &amp#27;[39m&amp#27;[32m200&amp#27;[39m &amp#27;[90m324 ms - 137&amp#27;[39m
&amp#27;[38;5;0m[HTTP]&amp#27;[0m &amp#27;[90m&amp#27;[39m
&amp#27;[38;5;0m[HTTP]&amp#27;[0m &amp#27;[37m-->&amp#27;[39m &amp#27;[37mPOST&amp#27;[39m &amp#27;[37m/session/fe0cd291-8f79-4212-8568-b4785b2dee12/element&amp#27;[39m
&amp#27;[38;5;0m[HTTP]&amp#27;[0m &amp#27;[90m{"using":"xpath","value":"//android.widget.TextView[@index=7]"}&amp#27;[39m
[debug] &amp#27;[38;5;32m[AndroidUiautomator2Driver@b227 (fe0cd291)]&amp#27;[0m Calling AppiumDriver.findElement() with args: ["xpath","//android.widget.TextView[@index=7]","fe0cd291-8f79-4212-8568-b4785b2dee12"]
[debug] &amp#27;[38;5;32m[AndroidUiautomator2Driver@b227 (fe0cd291)]&amp#27;[0m Valid locator strategies for this request: xpath, id, class name, accessibility id, css selector, -android uiautomator
[debug] &amp#27;[38;5;32m[AndroidUiautomator2Driver@b227 (fe0cd291)]&amp#27;[0m Waiting up to 10000 ms for condition
[debug] &amp#27;[38;5;32m[AndroidUiautomator2Driver@b227 (fe0cd291)]&amp#27;[0m Matched '/element' to command name 'findElement'
[debug] &amp#27;[38;5;32m[AndroidUiautomator2Driver@b227 (fe0cd291)]&amp#27;[0m Proxying [POST /element] to [POST http://127.0.0.1:8200/session/85989a46-cbdd-4bd4-a501-a859808a0843/element] with body: {"strategy":"xpath","selector":"//android.widget.TextView[@index=7]","context":"","multiple":false}
[debug] &amp#27;[38;5;32m[AndroidUiautomator2Driver@b227 (fe0cd291)]&amp#27;[0m Got response with status 200: {"sessionId":"85989a46-cbdd-4bd4-a501-a859808a0843","value":{"ELEMENT":"00000000-0000-0032-ffff-ffff00000464","element-6066-11e4-a52e-4f735466cecf":"00000000-0000-0032-ffff-ffff00000464"}}
[debug] &amp#27;[38;5;32m[AndroidUiautomator2Driver@b227 (fe0cd291)]&amp#27;[0m Responding to client with driver.findElement() result: {"element-6066-11e4-a52e-4f735466cecf":"00000000-0000-0032-ffff-ffff00000464","ELEMENT":"00000000-0000-0032-ffff-ffff00000464"}
&amp#27;[38;5;0m[HTTP]&amp#27;[0m &amp#27;[37m<-- POST /session/fe0cd291-8f79-4212-8568-b4785b2dee12/element &amp#27;[39m&amp#27;[32m200&amp#27;[39m &amp#27;[90m386 ms - 137&amp#27;[39m
&amp#27;[38;5;0m[HTTP]&amp#27;[0m &amp#27;[90m&amp#27;[39m
&amp#27;[38;5;0m[HTTP]&amp#27;[0m &amp#27;[37m-->&amp#27;[39m &amp#27;[37mGET&amp#27;[39m &amp#27;[37m/session/fe0cd291-8f79-4212-8568-b4785b2dee12/element/00000000-0000-0032-ffff-ffff00000464/text&amp#27;[39m
&amp#27;[38;5;0m[HTTP]&amp#27;[0m &amp#27;[90m{}&amp#27;[39m
&amp#27;[38;5;32m[AndroidUiautomator2Driver@b227 (fe0cd291)]&amp#27;[0m Driver proxy active, passing request on via HTTP proxy
[debug] &amp#27;[38;5;32m[AndroidUiautomator2Driver@b227 (fe0cd291)]&amp#27;[0m Matched '/session/fe0cd291-8f79-4212-8568-b4785b2dee12/element/00000000-0000-0032-ffff-ffff00000464/text' to command name 'getText'
[debug] &amp#27;[38;5;32m[AndroidUiautomator2Driver@b227 (fe0cd291)]&amp#27;[0m Proxying [GET /session/fe0cd291-8f79-4212-8568-b4785b2dee12/element/00000000-0000-0032-ffff-ffff00000464/text] to [GET http://127.0.0.1:8200/session/85989a46-cbdd-4bd4-a501-a859808a0843/element/00000000-0000-0032-ffff-ffff00000464/text] with no body
[debug] &amp#27;[38;5;32m[AndroidUiautomator2Driver@b227 (fe0cd291)]&amp#27;[0m Got response with status 200: {"sessionId":"85989a46-cbdd-4bd4-a501-a859808a0843","value":"This domain is not supported on Quickteller. Kindly use another email address"}
&amp#27;[38;5;32m[AndroidUiautomator2Driver@b227 (fe0cd291)]&amp#27;[0m Replacing sessionId 85989a46-cbdd-4bd4-a501-a859808a0843 with fe0cd291-8f79-4212-8568-b4785b2dee12
&amp#27;[38;5;0m[HTTP]&amp#27;[0m &amp#27;[37m<-- GET /session/fe0cd291-8f79-4212-8568-b4785b2dee12/element/00000000-0000-0032-ffff-ffff00000464/text &amp#27;[39m&amp#27;[32m200&amp#27;[39m &amp#27;[90m11 ms - 140&amp#27;[39m
&amp#27;[38;5;0m[HTTP]&amp#27;[0m &amp#27;[90m&amp#27;[39m
]]></system-out>
  </testcase>
  <testcase name="Testcase_Two" classname="testcases.Android.DisposableDomain_QTM_2874" time="4.255">
    <system-out><![CDATA[&amp#27;[38;5;0m[HTTP]&amp#27;[0m &amp#27;[37m-->&amp#27;[39m &amp#27;[37mPOST&amp#27;[39m &amp#27;[37m/session/fe0cd291-8f79-4212-8568-b4785b2dee12/element&amp#27;[39m
&amp#27;[38;5;0m[HTTP]&amp#27;[0m &amp#27;[90m{"using":"xpath","value":"//android.widget.TextView[@index=0]"}&amp#27;[39m
[debug] &amp#27;[38;5;32m[AndroidUiautomator2Driver@b227 (fe0cd291)]&amp#27;[0m Calling AppiumDriver.findElement() with args: ["xpath","//android.widget.TextView[@index=0]","fe0cd291-8f79-4212-8568-b4785b2dee12"]
[debug] &amp#27;[38;5;32m[AndroidUiautomator2Driver@b227 (fe0cd291)]&amp#27;[0m Valid locator strategies for this request: xpath, id, class name, accessibility id, css selector, -android uiautomator
[debug] &amp#27;[38;5;32m[AndroidUiautomator2Driver@b227 (fe0cd291)]&amp#27;[0m Waiting up to 10000 ms for condition
[debug] &amp#27;[38;5;32m[AndroidUiautomator2Driver@b227 (fe0cd291)]&amp#27;[0m Matched '/element' to command name 'findElement'
[debug] &amp#27;[38;5;32m[AndroidUiautomator2Driver@b227 (fe0cd291)]&amp#27;[0m Proxying [POST /element] to [POST http://127.0.0.1:8200/session/85989a46-cbdd-4bd4-a501-a859808a0843/element] with body: {"strategy":"xpath","selector":"//android.widget.TextView[@index=0]","context":"","multiple":false}
[debug] &amp#27;[38;5;32m[AndroidUiautomator2Driver@b227 (fe0cd291)]&amp#27;[0m Got response with status 200: {"sessionId":"85989a46-cbdd-4bd4-a501-a859808a0843","value":{"ELEMENT":"00000000-0000-0032-ffff-ffff00000458","element-6066-11e4-a52e-4f735466cecf":"00000000-0000-0032-ffff-ffff00000458"}}
[debug] &amp#27;[38;5;32m[AndroidUiautomator2Driver@b227 (fe0cd291)]&amp#27;[0m Responding to client with driver.findElement() result: {"element-6066-11e4-a52e-4f735466cecf":"00000000-0000-0032-ffff-ffff00000458","ELEMENT":"00000000-0000-0032-ffff-ffff00000458"}
&amp#27;[38;5;0m[HTTP]&amp#27;[0m &amp#27;[37m<-- POST /session/fe0cd291-8f79-4212-8568-b4785b2dee12/element &amp#27;[39m&amp#27;[32m200&amp#27;[39m &amp#27;[90m35 ms - 137&amp#27;[39m
&amp#27;[38;5;0m[HTTP]&amp#27;[0m &amp#27;[90m&amp#27;[39m
&amp#27;[38;5;0m[HTTP]&amp#27;[0m &amp#27;[37m-->&amp#27;[39m &amp#27;[37mPOST&amp#27;[39m &amp#27;[37m/session/fe0cd291-8f79-4212-8568-b4785b2dee12/element/00000000-0000-0032-ffff-ffff00000458/click&amp#27;[39m
&amp#27;[38;5;0m[HTTP]&amp#27;[0m &amp#27;[90m{"id":"00000000-0000-0032-ffff-ffff00000458"}&amp#27;[39m
[debug] &amp#27;[38;5;32m[AndroidUiautomator2Driver@b227 (fe0cd291)]&amp#27;[0m Calling AppiumDriver.click() with args: ["00000000-0000-0032-ffff-ffff00000458","fe0cd291-8f79-4212-8568-b4785b2dee12"]
[debug] &amp#27;[38;5;32m[AndroidUiautomator2Driver@b227 (fe0cd291)]&amp#27;[0m Matched '/element/00000000-0000-0032-ffff-ffff00000458/click' to command name 'click'
[debug] &amp#27;[38;5;32m[AndroidUiautomator2Driver@b227 (fe0cd291)]&amp#27;[0m Proxying [POST /element/00000000-0000-0032-ffff-ffff00000458/click] to [POST http://127.0.0.1:8200/session/85989a46-cbdd-4bd4-a501-a859808a0843/element/00000000-0000-0032-ffff-ffff00000458/click] with body: {"element":"00000000-0000-0032-ffff-ffff00000458"}
[debug] &amp#27;[38;5;32m[AndroidUiautomator2Driver@b227 (fe0cd291)]&amp#27;[0m Got response with status 200: {"sessionId":"85989a46-cbdd-4bd4-a501-a859808a0843","value":null}
[debug] &amp#27;[38;5;32m[AndroidUiautomator2Driver@b227 (fe0cd291)]&amp#27;[0m Responding to client with driver.click() result: null
&amp#27;[38;5;0m[HTTP]&amp#27;[0m &amp#27;[37m<-- POST /session/fe0cd291-8f79-4212-8568-b4785b2dee12/element/00000000-0000-0032-ffff-ffff00000458/click &amp#27;[39m&amp#27;[32m200&amp#27;[39m &amp#27;[90m54 ms - 14&amp#27;[39m
&amp#27;[38;5;0m[HTTP]&amp#27;[0m &amp#27;[90m&amp#27;[39m
&amp#27;[38;5;0m[HTTP]&amp#27;[0m &amp#27;[37m-->&amp#27;[39m &amp#27;[37mPOST&amp#27;[39m &amp#27;[37m/session/fe0cd291-8f79-4212-8568-b4785b2dee12/timeouts&amp#27;[39m
&amp#27;[38;5;0m[HTTP]&amp#27;[0m &amp#27;[90m{"implicit":6000}&amp#27;[39m
[debug] &amp#27;[38;5;32m[AndroidUiautomator2Driver@b227 (fe0cd291)]&amp#27;[0m Calling AppiumDriver.timeouts() with args: [null,null,null,null,6000,"fe0cd291-8f79-4212-8568-b4785b2dee12"]
[debug] &amp#27;[38;5;32m[AndroidUiautomator2Driver@b227 (fe0cd291)]&amp#27;[0m W3C timeout argument: {"implicit":6000}}
[debug] &amp#27;[38;5;32m[AndroidUiautomator2Driver@b227 (fe0cd291)]&amp#27;[0m Set implicit wait to 6000ms
[debug] &amp#27;[38;5;32m[AndroidUiautomator2Driver@b227 (fe0cd291)]&amp#27;[0m Responding to client with driver.timeouts() result: null
&amp#27;[38;5;0m[HTTP]&amp#27;[0m &amp#27;[37m<-- POST /session/fe0cd291-8f79-4212-8568-b4785b2dee12/timeouts &amp#27;[39m&amp#27;[32m200&amp#27;[39m &amp#27;[90m1 ms - 14&amp#27;[39m
&amp#27;[38;5;0m[HTTP]&amp#27;[0m &amp#27;[90m&amp#27;[39m
&amp#27;[38;5;0m[HTTP]&amp#27;[0m &amp#27;[37m-->&amp#27;[39m &amp#27;[37mPOST&amp#27;[39m &amp#27;[37m/session/fe0cd291-8f79-4212-8568-b4785b2dee12/element&amp#27;[39m
&amp#27;[38;5;0m[HTTP]&amp#27;[0m &amp#27;[90m{"using":"xpath","value":"//android.widget.Button[@text='Allow']"}&amp#27;[39m
[debug] &amp#27;[38;5;32m[AndroidUiautomator2Driver@b227 (fe0cd291)]&amp#27;[0m Calling AppiumDriver.findElement() with args: ["xpath","//android.widget.Button[@text='Allow']","fe0cd291-8f79-4212-8568-b4785b2dee12"]
[debug] &amp#27;[38;5;32m[AndroidUiautomator2Driver@b227 (fe0cd291)]&amp#27;[0m Valid locator strategies for this request: xpath, id, class name, accessibility id, css selector, -android uiautomator
[debug] &amp#27;[38;5;32m[AndroidUiautomator2Driver@b227 (fe0cd291)]&amp#27;[0m Waiting up to 6000 ms for condition
[debug] &amp#27;[38;5;32m[AndroidUiautomator2Driver@b227 (fe0cd291)]&amp#27;[0m Matched '/element' to command name 'findElement'
[debug] &amp#27;[38;5;32m[AndroidUiautomator2Driver@b227 (fe0cd291)]&amp#27;[0m Proxying [POST /element] to [POST http://127.0.0.1:8200/session/85989a46-cbdd-4bd4-a501-a859808a0843/element] with body: {"strategy":"xpath","selector":"//android.widget.Button[@text='Allow']","context":"","multiple":false}
&amp#27;[38;5;32m[AndroidUiautomator2Driver@b227 (fe0cd291)]&amp#27;[0m Got response with status 404: {"sessionId":"85989a46-cbdd-4bd4-a501-a859808a0843","value":{"error":"no such element","message":"An element could not be located on the page using the given search parameters","stacktrace":"io.appium.uiautomator2.common.exceptions.ElementNotFoundException: An element could not be located on the page using the given search parameters\n\tat io.appium.uiautomator2.utils.ElementLocationHelpers.findElement(ElementLocationHelpers.java:156)\n\tat io.appium.uiautomator2.handler.FindElement.safeHandle(FindElement.java:60)\n\tat io.appium.uiautomator2.handler.request.SafeRequestHandler.handle(SafeRequestHandler.java:59)\n\tat io.appium.uiautomator2.server.AppiumServlet.handleRequest(AppiumServlet.java:277)\n\tat io.appium.uiautomator2.server.AppiumServlet.handleHttpRequest(AppiumServlet.java:271)\n\tat io.appium.uiautomator2.http.ServerHandler.channelRead(ServerHandler.java:68)\n\tat io.netty.channel.AbstractChannelHandlerContext.invokeChannelRead(AbstractChannelHandlerContext.java:366)\n\tat io.netty.channel.Abstr...
[debug] &amp#27;[38;5;128m[W3C]&amp#27;[0m Matched W3C error code 'no such element' to NoSuchElementError
[debug] &amp#27;[38;5;32m[AndroidUiautomator2Driver@b227 (fe0cd291)]&amp#27;[0m Waited for 383 ms so far
[debug] &amp#27;[38;5;32m[AndroidUiautomator2Driver@b227 (fe0cd291)]&amp#27;[0m Matched '/element' to command name 'findElement'
[debug] &amp#27;[38;5;32m[AndroidUiautomator2Driver@b227 (fe0cd291)]&amp#27;[0m Proxying [POST /element] to [POST http://127.0.0.1:8200/session/85989a46-cbdd-4bd4-a501-a859808a0843/element] with body: {"strategy":"xpath","selector":"//android.widget.Button[@text='Allow']","context":"","multiple":false}
&amp#27;[38;5;32m[AndroidUiautomator2Driver@b227 (fe0cd291)]&amp#27;[0m Got response with status 404: {"sessionId":"85989a46-cbdd-4bd4-a501-a859808a0843","value":{"error":"no such element","message":"An element could not be located on the page using the given search parameters","stacktrace":"io.appium.uiautomator2.common.exceptions.ElementNotFoundException: An element could not be located on the page using the given search parameters\n\tat io.appium.uiautomator2.utils.ElementLocationHelpers.findElement(ElementLocationHelpers.java:156)\n\tat io.appium.uiautomator2.handler.FindElement.safeHandle(FindElement.java:60)\n\tat io.appium.uiautomator2.handler.request.SafeRequestHandler.handle(SafeRequestHandler.java:59)\n\tat io.appium.uiautomator2.server.AppiumServlet.handleRequest(AppiumServlet.java:277)\n\tat io.appium.uiautomator2.server.AppiumServlet.handleHttpRequest(AppiumServlet.java:271)\n\tat io.appium.uiautomator2.http.ServerHandler.channelRead(ServerHandler.java:68)\n\tat io.netty.channel.AbstractChannelHandlerContext.invokeChannelRead(AbstractChannelHandlerContext.java:366)\n\tat io.netty.channel.Abstr...
[debug] &amp#27;[38;5;128m[W3C]&amp#27;[0m Matched W3C error code 'no such element' to NoSuchElementError
[debug] &amp#27;[38;5;32m[AndroidUiautomator2Driver@b227 (fe0cd291)]&amp#27;[0m Waited for 1045 ms so far
[debug] &amp#27;[38;5;32m[AndroidUiautomator2Driver@b227 (fe0cd291)]&amp#27;[0m Matched '/element' to command name 'findElement'
[debug] &amp#27;[38;5;32m[AndroidUiautomator2Driver@b227 (fe0cd291)]&amp#27;[0m Proxying [POST /element] to [POST http://127.0.0.1:8200/session/85989a46-cbdd-4bd4-a501-a859808a0843/element] with body: {"strategy":"xpath","selector":"//android.widget.Button[@text='Allow']","context":"","multiple":false}
&amp#27;[38;5;32m[AndroidUiautomator2Driver@b227 (fe0cd291)]&amp#27;[0m Got response with status 404: {"sessionId":"85989a46-cbdd-4bd4-a501-a859808a0843","value":{"error":"no such element","message":"An element could not be located on the page using the given search parameters","stacktrace":"io.appium.uiautomator2.common.exceptions.ElementNotFoundException: An element could not be located on the page using the given search parameters\n\tat io.appium.uiautomator2.utils.ElementLocationHelpers.findElement(ElementLocationHelpers.java:156)\n\tat io.appium.uiautomator2.handler.FindElement.safeHandle(FindElement.java:60)\n\tat io.appium.uiautomator2.handler.request.SafeRequestHandler.handle(SafeRequestHandler.java:59)\n\tat io.appium.uiautomator2.server.AppiumServlet.handleRequest(AppiumServlet.java:277)\n\tat io.appium.uiautomator2.server.AppiumServlet.handleHttpRequest(AppiumServlet.java:271)\n\tat io.appium.uiautomator2.http.ServerHandler.channelRead(ServerHandler.java:68)\n\tat io.netty.channel.AbstractChannelHandlerContext.invokeChannelRead(AbstractChannelHandlerContext.java:366)\n\tat io.netty.channel.Abstr...
[debug] &amp#27;[38;5;128m[W3C]&amp#27;[0m Matched W3C error code 'no such element' to NoSuchElementError
[debug] &amp#27;[38;5;32m[AndroidUiautomator2Driver@b227 (fe0cd291)]&amp#27;[0m Waited for 1573 ms so far
[debug] &amp#27;[38;5;32m[AndroidUiautomator2Driver@b227 (fe0cd291)]&amp#27;[0m Matched '/element' to command name 'findElement'
[debug] &amp#27;[38;5;32m[AndroidUiautomator2Driver@b227 (fe0cd291)]&amp#27;[0m Proxying [POST /element] to [POST http://127.0.0.1:8200/session/85989a46-cbdd-4bd4-a501-a859808a0843/element] with body: {"strategy":"xpath","selector":"//android.widget.Button[@text='Allow']","context":"","multiple":false}
&amp#27;[38;5;32m[AndroidUiautomator2Driver@b227 (fe0cd291)]&amp#27;[0m Got response with status 404: {"sessionId":"85989a46-cbdd-4bd4-a501-a859808a0843","value":{"error":"no such element","message":"An element could not be located on the page using the given search parameters","stacktrace":"io.appium.uiautomator2.common.exceptions.ElementNotFoundException: An element could not be located on the page using the given search parameters\n\tat io.appium.uiautomator2.utils.ElementLocationHelpers.findElement(ElementLocationHelpers.java:156)\n\tat io.appium.uiautomator2.handler.FindElement.safeHandle(FindElement.java:60)\n\tat io.appium.uiautomator2.handler.request.SafeRequestHandler.handle(SafeRequestHandler.java:59)\n\tat io.appium.uiautomator2.server.AppiumServlet.handleRequest(AppiumServlet.java:277)\n\tat io.appium.uiautomator2.server.AppiumServlet.handleHttpRequest(AppiumServlet.java:271)\n\tat io.appium.uiautomator2.http.ServerHandler.channelRead(ServerHandler.java:68)\n\tat io.netty.channel.AbstractChannelHandlerContext.invokeChannelRead(AbstractChannelHandlerContext.java:366)\n\tat io.netty.channel.Abstr...
[debug] &amp#27;[38;5;128m[W3C]&amp#27;[0m Matched W3C error code 'no such element' to NoSuchElementError
[debug] &amp#27;[38;5;32m[AndroidUiautomator2Driver@b227 (fe0cd291)]&amp#27;[0m Waited for 2115 ms so far
[debug] &amp#27;[38;5;32m[AndroidUiautomator2Driver@b227 (fe0cd291)]&amp#27;[0m Matched '/element' to command name 'findElement'
[debug] &amp#27;[38;5;32m[AndroidUiautomator2Driver@b227 (fe0cd291)]&amp#27;[0m Proxying [POST /element] to [POST http://127.0.0.1:8200/session/85989a46-cbdd-4bd4-a501-a859808a0843/element] with body: {"strategy":"xpath","selector":"//android.widget.Button[@text='Allow']","context":"","multiple":false}
&amp#27;[38;5;32m[AndroidUiautomator2Driver@b227 (fe0cd291)]&amp#27;[0m Got response with status 404: {"sessionId":"85989a46-cbdd-4bd4-a501-a859808a0843","value":{"error":"no such element","message":"An element could not be located on the page using the given search parameters","stacktrace":"io.appium.uiautomator2.common.exceptions.ElementNotFoundException: An element could not be located on the page using the given search parameters\n\tat io.appium.uiautomator2.utils.ElementLocationHelpers.findElement(ElementLocationHelpers.java:156)\n\tat io.appium.uiautomator2.handler.FindElement.safeHandle(FindElement.java:60)\n\tat io.appium.uiautomator2.handler.request.SafeRequestHandler.handle(SafeRequestHandler.java:59)\n\tat io.appium.uiautomator2.server.AppiumServlet.handleRequest(AppiumServlet.java:277)\n\tat io.appium.uiautomator2.server.AppiumServlet.handleHttpRequest(AppiumServlet.java:271)\n\tat io.appium.uiautomator2.http.ServerHandler.channelRead(ServerHandler.java:68)\n\tat io.netty.channel.AbstractChannelHandlerContext.invokeChannelRead(AbstractChannelHandlerContext.java:366)\n\tat io.netty.channel.Abstr...
[debug] &amp#27;[38;5;128m[W3C]&amp#27;[0m Matched W3C error code 'no such element' to NoSuchElementError
[debug] &amp#27;[38;5;32m[AndroidUiautomator2Driver@b227 (fe0cd291)]&amp#27;[0m Waited for 2650 ms so far
[debug] &amp#27;[38;5;32m[AndroidUiautomator2Driver@b227 (fe0cd291)]&amp#27;[0m Matched '/element' to command name 'findElement'
[debug] &amp#27;[38;5;32m[AndroidUiautomator2Driver@b227 (fe0cd291)]&amp#27;[0m Proxying [POST /element] to [POST http://127.0.0.1:8200/session/85989a46-cbdd-4bd4-a501-a859808a0843/element] with body: {"strategy":"xpath","selector":"//android.widget.Button[@text='Allow']","context":"","multiple":false}
&amp#27;[38;5;32m[AndroidUiautomator2Driver@b227 (fe0cd291)]&amp#27;[0m Got response with status 404: {"sessionId":"85989a46-cbdd-4bd4-a501-a859808a0843","value":{"error":"no such element","message":"An element could not be located on the page using the given search parameters","stacktrace":"io.appium.uiautomator2.common.exceptions.ElementNotFoundException: An element could not be located on the page using the given search parameters\n\tat io.appium.uiautomator2.utils.ElementLocationHelpers.findElement(ElementLocationHelpers.java:156)\n\tat io.appium.uiautomator2.handler.FindElement.safeHandle(FindElement.java:60)\n\tat io.appium.uiautomator2.handler.request.SafeRequestHandler.handle(SafeRequestHandler.java:59)\n\tat io.appium.uiautomator2.server.AppiumServlet.handleRequest(AppiumServlet.java:277)\n\tat io.appium.uiautomator2.server.AppiumServlet.handleHttpRequest(AppiumServlet.java:271)\n\tat io.appium.uiautomator2.http.ServerHandler.channelRead(ServerHandler.java:68)\n\tat io.netty.channel.AbstractChannelHandlerContext.invokeChannelRead(AbstractChannelHandlerContext.java:366)\n\tat io.netty.channel.Abstr...
[debug] &amp#27;[38;5;128m[W3C]&amp#27;[0m Matched W3C error code 'no such element' to NoSuchElementError
[debug] &amp#27;[38;5;32m[AndroidUiautomator2Driver@b227 (fe0cd291)]&amp#27;[0m Waited for 3174 ms so far
[debug] &amp#27;[38;5;32m[AndroidUiautomator2Driver@b227 (fe0cd291)]&amp#27;[0m Matched '/element' to command name 'findElement'
[debug] &amp#27;[38;5;32m[AndroidUiautomator2Driver@b227 (fe0cd291)]&amp#27;[0m Proxying [POST /element] to [POST http://127.0.0.1:8200/session/85989a46-cbdd-4bd4-a501-a859808a0843/element] with body: {"strategy":"xpath","selector":"//android.widget.Button[@text='Allow']","context":"","multiple":false}
&amp#27;[38;5;32m[AndroidUiautomator2Driver@b227 (fe0cd291)]&amp#27;[0m Got response with status 404: {"sessionId":"85989a46-cbdd-4bd4-a501-a859808a0843","value":{"error":"no such element","message":"An element could not be located on the page using the given search parameters","stacktrace":"io.appium.uiautomator2.common.exceptions.ElementNotFoundException: An element could not be located on the page using the given search parameters\n\tat io.appium.uiautomator2.utils.ElementLocationHelpers.findElement(ElementLocationHelpers.java:156)\n\tat io.appium.uiautomator2.handler.FindElement.safeHandle(FindElement.java:60)\n\tat io.appium.uiautomator2.handler.request.SafeRequestHandler.handle(SafeRequestHandler.java:59)\n\tat io.appium.uiautomator2.server.AppiumServlet.handleRequest(AppiumServlet.java:277)\n\tat io.appium.uiautomator2.server.AppiumServlet.handleHttpRequest(AppiumServlet.java:271)\n\tat io.appium.uiautomator2.http.ServerHandler.channelRead(ServerHandler.java:68)\n\tat io.netty.channel.AbstractChannelHandlerContext.invokeChannelRead(AbstractChannelHandlerContext.java:366)\n\tat io.netty.channel.Abstr...
[debug] &amp#27;[38;5;128m[W3C]&amp#27;[0m Matched W3C error code 'no such element' to NoSuchElementError
[debug] &amp#27;[38;5;32m[AndroidUiautomator2Driver@b227 (fe0cd291)]&amp#27;[0m Waited for 3701 ms so far
[debug] &amp#27;[38;5;32m[AndroidUiautomator2Driver@b227 (fe0cd291)]&amp#27;[0m Matched '/element' to command name 'findElement'
[debug] &amp#27;[38;5;32m[AndroidUiautomator2Driver@b227 (fe0cd291)]&amp#27;[0m Proxying [POST /element] to [POST http://127.0.0.1:8200/session/85989a46-cbdd-4bd4-a501-a859808a0843/element] with body: {"strategy":"xpath","selector":"//android.widget.Button[@text='Allow']","context":"","multiple":false}
&amp#27;[38;5;32m[AndroidUiautomator2Driver@b227 (fe0cd291)]&amp#27;[0m Got response with status 404: {"sessionId":"85989a46-cbdd-4bd4-a501-a859808a0843","value":{"error":"no such element","message":"An element could not be located on the page using the given search parameters","stacktrace":"io.appium.uiautomator2.common.exceptions.ElementNotFoundException: An element could not be located on the page using the given search parameters\n\tat io.appium.uiautomator2.utils.ElementLocationHelpers.findElement(ElementLocationHelpers.java:156)\n\tat io.appium.uiautomator2.handler.FindElement.safeHandle(FindElement.java:60)\n\tat io.appium.uiautomator2.handler.request.SafeRequestHandler.handle(SafeRequestHandler.java:59)\n\tat io.appium.uiautomator2.server.AppiumServlet.handleRequest(AppiumServlet.java:277)\n\tat io.appium.uiautomator2.server.AppiumServlet.handleHttpRequest(AppiumServlet.java:271)\n\tat io.appium.uiautomator2.http.ServerHandler.channelRead(ServerHandler.java:68)\n\tat io.netty.channel.AbstractChannelHandlerContext.invokeChannelRead(AbstractChannelHandlerContext.java:366)\n\tat io.netty.channel.Abstr...
[debug] &amp#27;[38;5;128m[W3C]&amp#27;[0m Matched W3C error code 'no such element' to NoSuchElementError
[debug] &amp#27;[38;5;32m[AndroidUiautomator2Driver@b227 (fe0cd291)]&amp#27;[0m Waited for 4227 ms so far
[debug] &amp#27;[38;5;32m[AndroidUiautomator2Driver@b227 (fe0cd291)]&amp#27;[0m Matched '/element' to command name 'findElement'
[debug] &amp#27;[38;5;32m[AndroidUiautomator2Driver@b227 (fe0cd291)]&amp#27;[0m Proxying [POST /element] to [POST http://127.0.0.1:8200/session/85989a46-cbdd-4bd4-a501-a859808a0843/element] with body: {"strategy":"xpath","selector":"//android.widget.Button[@text='Allow']","context":"","multiple":false}
&amp#27;[38;5;32m[AndroidUiautomator2Driver@b227 (fe0cd291)]&amp#27;[0m Got response with status 404: {"sessionId":"85989a46-cbdd-4bd4-a501-a859808a0843","value":{"error":"no such element","message":"An element could not be located on the page using the given search parameters","stacktrace":"io.appium.uiautomator2.common.exceptions.ElementNotFoundException: An element could not be located on the page using the given search parameters\n\tat io.appium.uiautomator2.utils.ElementLocationHelpers.findElement(ElementLocationHelpers.java:156)\n\tat io.appium.uiautomator2.handler.FindElement.safeHandle(FindElement.java:60)\n\tat io.appium.uiautomator2.handler.request.SafeRequestHandler.handle(SafeRequestHandler.java:59)\n\tat io.appium.uiautomator2.server.AppiumServlet.handleRequest(AppiumServlet.java:277)\n\tat io.appium.uiautomator2.server.AppiumServlet.handleHttpRequest(AppiumServlet.java:271)\n\tat io.appium.uiautomator2.http.ServerHandler.channelRead(ServerHandler.java:68)\n\tat io.netty.channel.AbstractChannelHandlerContext.invokeChannelRead(AbstractChannelHandlerContext.java:366)\n\tat io.netty.channel.Abstr...
[debug] &amp#27;[38;5;128m[W3C]&amp#27;[0m Matched W3C error code 'no such element' to NoSuchElementError
[debug] &amp#27;[38;5;32m[AndroidUiautomator2Driver@b227 (fe0cd291)]&amp#27;[0m Waited for 4759 ms so far
[debug] &amp#27;[38;5;32m[AndroidUiautomator2Driver@b227 (fe0cd291)]&amp#27;[0m Matched '/element' to command name 'findElement'
[debug] &amp#27;[38;5;32m[AndroidUiautomator2Driver@b227 (fe0cd291)]&amp#27;[0m Proxying [POST /element] to [POST http://127.0.0.1:8200/session/85989a46-cbdd-4bd4-a501-a859808a0843/element] with body: {"strategy":"xpath","selector":"//android.widget.Button[@text='Allow']","context":"","multiple":false}
&amp#27;[38;5;32m[AndroidUiautomator2Driver@b227 (fe0cd291)]&amp#27;[0m Got response with status 404: {"sessionId":"85989a46-cbdd-4bd4-a501-a859808a0843","value":{"error":"no such element","message":"An element could not be located on the page using the given search parameters","stacktrace":"io.appium.uiautomator2.common.exceptions.ElementNotFoundException: An element could not be located on the page using the given search parameters\n\tat io.appium.uiautomator2.utils.ElementLocationHelpers.findElement(ElementLocationHelpers.java:156)\n\tat io.appium.uiautomator2.handler.FindElement.safeHandle(FindElement.java:60)\n\tat io.appium.uiautomator2.handler.request.SafeRequestHandler.handle(SafeRequestHandler.java:59)\n\tat io.appium.uiautomator2.server.AppiumServlet.handleRequest(AppiumServlet.java:277)\n\tat io.appium.uiautomator2.server.AppiumServlet.handleHttpRequest(AppiumServlet.java:271)\n\tat io.appium.uiautomator2.http.ServerHandler.channelRead(ServerHandler.java:68)\n\tat io.netty.channel.AbstractChannelHandlerContext.invokeChannelRead(AbstractChannelHandlerContext.java:366)\n\tat io.netty.channel.Abstr...
[debug] &amp#27;[38;5;128m[W3C]&amp#27;[0m Matched W3C error code 'no such element' to NoSuchElementError
[debug] &amp#27;[38;5;32m[AndroidUiautomator2Driver@b227 (fe0cd291)]&amp#27;[0m Waited for 5289 ms so far
[debug] &amp#27;[38;5;32m[AndroidUiautomator2Driver@b227 (fe0cd291)]&amp#27;[0m Matched '/element' to command name 'findElement'
[debug] &amp#27;[38;5;32m[AndroidUiautomator2Driver@b227 (fe0cd291)]&amp#27;[0m Proxying [POST /element] to [POST http://127.0.0.1:8200/session/85989a46-cbdd-4bd4-a501-a859808a0843/element] with body: {"strategy":"xpath","selector":"//android.widget.Button[@text='Allow']","context":"","multiple":false}
&amp#27;[38;5;32m[AndroidUiautomator2Driver@b227 (fe0cd291)]&amp#27;[0m Got response with status 404: {"sessionId":"85989a46-cbdd-4bd4-a501-a859808a0843","value":{"error":"no such element","message":"An element could not be located on the page using the given search parameters","stacktrace":"io.appium.uiautomator2.common.exceptions.ElementNotFoundException: An element could not be located on the page using the given search parameters\n\tat io.appium.uiautomator2.utils.ElementLocationHelpers.findElement(ElementLocationHelpers.java:156)\n\tat io.appium.uiautomator2.handler.FindElement.safeHandle(FindElement.java:60)\n\tat io.appium.uiautomator2.handler.request.SafeRequestHandler.handle(SafeRequestHandler.java:59)\n\tat io.appium.uiautomator2.server.AppiumServlet.handleRequest(AppiumServlet.java:277)\n\tat io.appium.uiautomator2.server.AppiumServlet.handleHttpRequest(AppiumServlet.java:271)\n\tat io.appium.uiautomator2.http.ServerHandler.channelRead(ServerHandler.java:68)\n\tat io.netty.channel.AbstractChannelHandlerContext.invokeChannelRead(AbstractChannelHandlerContext.java:366)\n\tat io.netty.channel.Abstr...
[debug] &amp#27;[38;5;128m[W3C]&amp#27;[0m Matched W3C error code 'no such element' to NoSuchElementError
[debug] &amp#27;[38;5;32m[AndroidUiautomator2Driver@b227 (fe0cd291)]&amp#27;[0m Waited for 5823 ms so far
[debug] &amp#27;[38;5;32m[AndroidUiautomator2Driver@b227 (fe0cd291)]&amp#27;[0m Matched '/element' to command name 'findElement'
[debug] &amp#27;[38;5;32m[AndroidUiautomator2Driver@b227 (fe0cd291)]&amp#27;[0m Proxying [POST /element] to [POST http://127.0.0.1:8200/session/85989a46-cbdd-4bd4-a501-a859808a0843/element] with body: {"strategy":"xpath","selector":"//android.widget.Button[@text='Allow']","context":"","multiple":false}
&amp#27;[38;5;32m[AndroidUiautomator2Driver@b227 (fe0cd291)]&amp#27;[0m Got response with status 404: {"sessionId":"85989a46-cbdd-4bd4-a501-a859808a0843","value":{"error":"no such element","message":"An element could not be located on the page using the given search parameters","stacktrace":"io.appium.uiautomator2.common.exceptions.ElementNotFoundException: An element could not be located on the page using the given search parameters\n\tat io.appium.uiautomator2.utils.ElementLocationHelpers.findElement(ElementLocationHelpers.java:156)\n\tat io.appium.uiautomator2.handler.FindElement.safeHandle(FindElement.java:60)\n\tat io.appium.uiautomator2.handler.request.SafeRequestHandler.handle(SafeRequestHandler.java:59)\n\tat io.appium.uiautomator2.server.AppiumServlet.handleRequest(AppiumServlet.java:277)\n\tat io.appium.uiautomator2.server.AppiumServlet.handleHttpRequest(AppiumServlet.java:271)\n\tat io.appium.uiautomator2.http.ServerHandler.channelRead(ServerHandler.java:68)\n\tat io.netty.channel.AbstractChannelHandlerContext.invokeChannelRead(AbstractChannelHandlerContext.java:366)\n\tat io.netty.channel.Abstr...
[debug] &amp#27;[38;5;128m[W3C]&amp#27;[0m Matched W3C error code 'no such element' to NoSuchElementError
[debug] &amp#27;[38;5;32m[AndroidUiautomator2Driver@b227 (fe0cd291)]&amp#27;[0m Encountered internal error running command: NoSuchElementError: An element could not be located on the page using the given search parameters.
[debug] &amp#27;[38;5;32m[AndroidUiautomator2Driver@b227 (fe0cd291)]&amp#27;[0m     at AndroidUiautomator2Driver.findElOrEls (C:\Users\daniel.ogagavworia\.appium\node_modules\appium-uiautomator2-driver\node_modules\appium-android-driver\lib\commands\find.js:75:11)
[debug] &amp#27;[38;5;32m[AndroidUiautomator2Driver@b227 (fe0cd291)]&amp#27;[0m     at processTicksAndRejections (node:internal/process/task_queues:95:5)
[debug] &amp#27;[38;5;32m[AndroidUiautomator2Driver@b227 (fe0cd291)]&amp#27;[0m     at AndroidUiautomator2Driver.findElOrElsWithProcessing (C:\Users\daniel.ogagavworia\AppData\Roaming\npm\node_modules\appium\node_modules\@appium\base-driver\lib\basedriver\commands\find.ts:60:12)
[debug] &amp#27;[38;5;32m[AndroidUiautomator2Driver@b227 (fe0cd291)]&amp#27;[0m     at AndroidUiautomator2Driver.findElement (C:\Users\daniel.ogagavworia\AppData\Roaming\npm\node_modules\appium\node_modules\@appium\base-driver\lib\basedriver\commands\find.ts:75:12)
&amp#27;[38;5;0m[HTTP]&amp#27;[0m &amp#27;[37m<-- POST /session/fe0cd291-8f79-4212-8568-b4785b2dee12/element &amp#27;[39m&amp#27;[33m404&amp#27;[39m &amp#27;[90m6022 ms - 929&amp#27;[39m
&amp#27;[38;5;0m[HTTP]&amp#27;[0m &amp#27;[90m&amp#27;[39m
&amp#27;[38;5;0m[HTTP]&amp#27;[0m &amp#27;[37m-->&amp#27;[39m &amp#27;[37mPOST&amp#27;[39m &amp#27;[37m/session/fe0cd291-8f79-4212-8568-b4785b2dee12/element&amp#27;[39m
&amp#27;[38;5;0m[HTTP]&amp#27;[0m &amp#27;[90m{"using":"xpath","value":"//android.widget.TextView[@text='REGISTER']"}&amp#27;[39m
[debug] &amp#27;[38;5;32m[AndroidUiautomator2Driver@b227 (fe0cd291)]&amp#27;[0m Calling AppiumDriver.findElement() with args: ["xpath","//android.widget.TextView[@text='REGISTER']","fe0cd291-8f79-4212-8568-b4785b2dee12"]
[debug] &amp#27;[38;5;32m[AndroidUiautomator2Driver@b227 (fe0cd291)]&amp#27;[0m Valid locator strategies for this request: xpath, id, class name, accessibility id, css selector, -android uiautomator
[debug] &amp#27;[38;5;32m[AndroidUiautomator2Driver@b227 (fe0cd291)]&amp#27;[0m Waiting up to 6000 ms for condition
[debug] &amp#27;[38;5;32m[AndroidUiautomator2Driver@b227 (fe0cd291)]&amp#27;[0m Matched '/element' to command name 'findElement'
[debug] &amp#27;[38;5;32m[AndroidUiautomator2Driver@b227 (fe0cd291)]&amp#27;[0m Proxying [POST /element] to [POST http://127.0.0.1:8200/session/85989a46-cbdd-4bd4-a501-a859808a0843/element] with body: {"strategy":"xpath","selector":"//android.widget.TextView[@text='REGISTER']","context":"","multiple":false}
[debug] &amp#27;[38;5;32m[AndroidUiautomator2Driver@b227 (fe0cd291)]&amp#27;[0m Got response with status 200: {"sessionId":"85989a46-cbdd-4bd4-a501-a859808a0843","value":{"ELEMENT":"00000000-0000-0032-ffff-ffff0000002e","element-6066-11e4-a52e-4f735466cecf":"00000000-0000-0032-ffff-ffff0000002e"}}
[debug] &amp#27;[38;5;32m[AndroidUiautomator2Driver@b227 (fe0cd291)]&amp#27;[0m Responding to client with driver.findElement() result: {"element-6066-11e4-a52e-4f735466cecf":"00000000-0000-0032-ffff-ffff0000002e","ELEMENT":"00000000-0000-0032-ffff-ffff0000002e"}
&amp#27;[38;5;0m[HTTP]&amp#27;[0m &amp#27;[37m<-- POST /session/fe0cd291-8f79-4212-8568-b4785b2dee12/element &amp#27;[39m&amp#27;[32m200&amp#27;[39m &amp#27;[90m20 ms - 137&amp#27;[39m
&amp#27;[38;5;0m[HTTP]&amp#27;[0m &amp#27;[90m&amp#27;[39m
&amp#27;[38;5;0m[HTTP]&amp#27;[0m &amp#27;[37m-->&amp#27;[39m &amp#27;[37mPOST&amp#27;[39m &amp#27;[37m/session/fe0cd291-8f79-4212-8568-b4785b2dee12/element/00000000-0000-0032-ffff-ffff0000002e/click&amp#27;[39m
&amp#27;[38;5;0m[HTTP]&amp#27;[0m &amp#27;[90m{"id":"00000000-0000-0032-ffff-ffff0000002e"}&amp#27;[39m
[debug] &amp#27;[38;5;32m[AndroidUiautomator2Driver@b227 (fe0cd291)]&amp#27;[0m Calling AppiumDriver.click() with args: ["00000000-0000-0032-ffff-ffff0000002e","fe0cd291-8f79-4212-8568-b4785b2dee12"]
[debug] &amp#27;[38;5;32m[AndroidUiautomator2Driver@b227 (fe0cd291)]&amp#27;[0m Matched '/element/00000000-0000-0032-ffff-ffff0000002e/click' to command name 'click'
[debug] &amp#27;[38;5;32m[AndroidUiautomator2Driver@b227 (fe0cd291)]&amp#27;[0m Proxying [POST /element/00000000-0000-0032-ffff-ffff0000002e/click] to [POST http://127.0.0.1:8200/session/85989a46-cbdd-4bd4-a501-a859808a0843/element/00000000-0000-0032-ffff-ffff0000002e/click] with body: {"element":"00000000-0000-0032-ffff-ffff0000002e"}
[debug] &amp#27;[38;5;32m[AndroidUiautomator2Driver@b227 (fe0cd291)]&amp#27;[0m Got response with status 200: {"sessionId":"85989a46-cbdd-4bd4-a501-a859808a0843","value":null}
[debug] &amp#27;[38;5;32m[AndroidUiautomator2Driver@b227 (fe0cd291)]&amp#27;[0m Responding to client with driver.click() result: null
&amp#27;[38;5;0m[HTTP]&amp#27;[0m &amp#27;[37m<-- POST /session/fe0cd291-8f79-4212-8568-b4785b2dee12/element/00000000-0000-0032-ffff-ffff0000002e/click &amp#27;[39m&amp#27;[32m200&amp#27;[39m &amp#27;[90m67 ms - 14&amp#27;[39m
&amp#27;[38;5;0m[HTTP]&amp#27;[0m &amp#27;[90m&amp#27;[39m
&amp#27;[38;5;0m[HTTP]&amp#27;[0m &amp#27;[37m-->&amp#27;[39m &amp#27;[37mPOST&amp#27;[39m &amp#27;[37m/session/fe0cd291-8f79-4212-8568-b4785b2dee12/timeouts&amp#27;[39m
&amp#27;[38;5;0m[HTTP]&amp#27;[0m &amp#27;[90m{"implicit":10000}&amp#27;[39m
[debug] &amp#27;[38;5;32m[AndroidUiautomator2Driver@b227 (fe0cd291)]&amp#27;[0m Calling AppiumDriver.timeouts() with args: [null,null,null,null,10000,"fe0cd291-8f79-4212-8568-b4785b2dee12"]
[debug] &amp#27;[38;5;32m[AndroidUiautomator2Driver@b227 (fe0cd291)]&amp#27;[0m W3C timeout argument: {"implicit":10000}}
[debug] &amp#27;[38;5;32m[AndroidUiautomator2Driver@b227 (fe0cd291)]&amp#27;[0m Set implicit wait to 10000ms
[debug] &amp#27;[38;5;32m[AndroidUiautomator2Driver@b227 (fe0cd291)]&amp#27;[0m Responding to client with driver.timeouts() result: null
&amp#27;[38;5;0m[HTTP]&amp#27;[0m &amp#27;[37m<-- POST /session/fe0cd291-8f79-4212-8568-b4785b2dee12/timeouts &amp#27;[39m&amp#27;[32m200&amp#27;[39m &amp#27;[90m1 ms - 14&amp#27;[39m
&amp#27;[38;5;0m[HTTP]&amp#27;[0m &amp#27;[90m&amp#27;[39m
&amp#27;[38;5;0m[HTTP]&amp#27;[0m &amp#27;[37m-->&amp#27;[39m &amp#27;[37mPOST&amp#27;[39m &amp#27;[37m/session/fe0cd291-8f79-4212-8568-b4785b2dee12/element&amp#27;[39m
&amp#27;[38;5;0m[HTTP]&amp#27;[0m &amp#27;[90m{"using":"xpath","value":"//android.widget.EditText[@index=3]"}&amp#27;[39m
[debug] &amp#27;[38;5;32m[AndroidUiautomator2Driver@b227 (fe0cd291)]&amp#27;[0m Calling AppiumDriver.findElement() with args: ["xpath","//android.widget.EditText[@index=3]","fe0cd291-8f79-4212-8568-b4785b2dee12"]
[debug] &amp#27;[38;5;32m[AndroidUiautomator2Driver@b227 (fe0cd291)]&amp#27;[0m Valid locator strategies for this request: xpath, id, class name, accessibility id, css selector, -android uiautomator
[debug] &amp#27;[38;5;32m[AndroidUiautomator2Driver@b227 (fe0cd291)]&amp#27;[0m Waiting up to 10000 ms for condition
[debug] &amp#27;[38;5;32m[AndroidUiautomator2Driver@b227 (fe0cd291)]&amp#27;[0m Matched '/element' to command name 'findElement'
[debug] &amp#27;[38;5;32m[AndroidUiautomator2Driver@b227 (fe0cd291)]&amp#27;[0m Proxying [POST /element] to [POST http://127.0.0.1:8200/session/85989a46-cbdd-4bd4-a501-a859808a0843/element] with body: {"strategy":"xpath","selector":"//android.widget.EditText[@index=3]","context":"","multiple":false}
&amp#27;[38;5;32m[AndroidUiautomator2Driver@b227 (fe0cd291)]&amp#27;[0m Got response with status 404: {"sessionId":"85989a46-cbdd-4bd4-a501-a859808a0843","value":{"error":"no such element","message":"An element could not be located on the page using the given search parameters","stacktrace":"io.appium.uiautomator2.common.exceptions.ElementNotFoundException: An element could not be located on the page using the given search parameters\n\tat io.appium.uiautomator2.utils.ElementLocationHelpers.findElement(ElementLocationHelpers.java:156)\n\tat io.appium.uiautomator2.handler.FindElement.safeHandle(FindElement.java:60)\n\tat io.appium.uiautomator2.handler.request.SafeRequestHandler.handle(SafeRequestHandler.java:59)\n\tat io.appium.uiautomator2.server.AppiumServlet.handleRequest(AppiumServlet.java:277)\n\tat io.appium.uiautomator2.server.AppiumServlet.handleHttpRequest(AppiumServlet.java:271)\n\tat io.appium.uiautomator2.http.ServerHandler.channelRead(ServerHandler.java:68)\n\tat io.netty.channel.AbstractChannelHandlerContext.invokeChannelRead(AbstractChannelHandlerContext.java:366)\n\tat io.netty.channel.Abstr...
[debug] &amp#27;[38;5;128m[W3C]&amp#27;[0m Matched W3C error code 'no such element' to NoSuchElementError
[debug] &amp#27;[38;5;32m[AndroidUiautomator2Driver@b227 (fe0cd291)]&amp#27;[0m Waited for 31 ms so far
[debug] &amp#27;[38;5;32m[AndroidUiautomator2Driver@b227 (fe0cd291)]&amp#27;[0m Matched '/element' to command name 'findElement'
[debug] &amp#27;[38;5;32m[AndroidUiautomator2Driver@b227 (fe0cd291)]&amp#27;[0m Proxying [POST /element] to [POST http://127.0.0.1:8200/session/85989a46-cbdd-4bd4-a501-a859808a0843/element] with body: {"strategy":"xpath","selector":"//android.widget.EditText[@index=3]","context":"","multiple":false}
[debug] &amp#27;[38;5;32m[AndroidUiautomator2Driver@b227 (fe0cd291)]&amp#27;[0m Got response with status 200: {"sessionId":"85989a46-cbdd-4bd4-a501-a859808a0843","value":{"ELEMENT":"00000000-0000-0032-ffff-ffff00000492","element-6066-11e4-a52e-4f735466cecf":"00000000-0000-0032-ffff-ffff00000492"}}
[debug] &amp#27;[38;5;32m[AndroidUiautomator2Driver@b227 (fe0cd291)]&amp#27;[0m Responding to client with driver.findElement() result: {"element-6066-11e4-a52e-4f735466cecf":"00000000-0000-0032-ffff-ffff00000492","ELEMENT":"00000000-0000-0032-ffff-ffff00000492"}
&amp#27;[38;5;0m[HTTP]&amp#27;[0m &amp#27;[37m<-- POST /session/fe0cd291-8f79-4212-8568-b4785b2dee12/element &amp#27;[39m&amp#27;[32m200&amp#27;[39m &amp#27;[90m1028 ms - 137&amp#27;[39m
&amp#27;[38;5;0m[HTTP]&amp#27;[0m &amp#27;[90m&amp#27;[39m
&amp#27;[38;5;0m[HTTP]&amp#27;[0m &amp#27;[37m-->&amp#27;[39m &amp#27;[37mPOST&amp#27;[39m &amp#27;[37m/session/fe0cd291-8f79-4212-8568-b4785b2dee12/element/00000000-0000-0032-ffff-ffff00000492/value&amp#27;[39m
&amp#27;[38;5;0m[HTTP]&amp#27;[0m &amp#27;[90m{"id":"00000000-0000-0032-ffff-ffff00000492","text":"Daniel Ogaga","value":["D","a","n","i","e","l"," ","O","g","a","g","a"]}&amp#27;[39m
[debug] &amp#27;[38;5;32m[AndroidUiautomator2Driver@b227 (fe0cd291)]&amp#27;[0m Calling AppiumDriver.setValue() with args: [["D","a","n","i","e","l"," ","O","g","a","g","a"],"00000000-0000-0032-ffff-ffff00000492","fe0cd291-8f79-4212-8568-b4785b2dee12"]
[debug] &amp#27;[38;5;32m[AndroidUiautomator2Driver@b227 (fe0cd291)]&amp#27;[0m Matched '/element/00000000-0000-0032-ffff-ffff00000492/value' to command name 'setValue'
[debug] &amp#27;[38;5;32m[AndroidUiautomator2Driver@b227 (fe0cd291)]&amp#27;[0m Added 'value' property ["D","a","n","i","e","l"," ","O","g","a","g","a"] to 'setValue' request body
[debug] &amp#27;[38;5;32m[AndroidUiautomator2Driver@b227 (fe0cd291)]&amp#27;[0m Proxying [POST /element/00000000-0000-0032-ffff-ffff00000492/value] to [POST http://127.0.0.1:8200/session/85989a46-cbdd-4bd4-a501-a859808a0843/element/00000000-0000-0032-ffff-ffff00000492/value] with body: {"elementId":"00000000-0000-0032-ffff-ffff00000492","text":"Daniel Ogaga","replace":false,"value":["D","a","n","i","e","l"," ","O","g","a","g","a"]}
[debug] &amp#27;[38;5;32m[AndroidUiautomator2Driver@b227 (fe0cd291)]&amp#27;[0m Got response with status 200: {"sessionId":"85989a46-cbdd-4bd4-a501-a859808a0843","value":null}
[debug] &amp#27;[38;5;32m[AndroidUiautomator2Driver@b227 (fe0cd291)]&amp#27;[0m Responding to client with driver.setValue() result: null
&amp#27;[38;5;0m[HTTP]&amp#27;[0m &amp#27;[37m<-- POST /session/fe0cd291-8f79-4212-8568-b4785b2dee12/element/00000000-0000-0032-ffff-ffff00000492/value &amp#27;[39m&amp#27;[32m200&amp#27;[39m &amp#27;[90m15 ms - 14&amp#27;[39m
&amp#27;[38;5;0m[HTTP]&amp#27;[0m &amp#27;[90m&amp#27;[39m
&amp#27;[38;5;0m[HTTP]&amp#27;[0m &amp#27;[37m-->&amp#27;[39m &amp#27;[37mPOST&amp#27;[39m &amp#27;[37m/session/fe0cd291-8f79-4212-8568-b4785b2dee12/element&amp#27;[39m
&amp#27;[38;5;0m[HTTP]&amp#27;[0m &amp#27;[90m{"using":"xpath","value":"//android.widget.EditText[@index=6]"}&amp#27;[39m
[debug] &amp#27;[38;5;32m[AndroidUiautomator2Driver@b227 (fe0cd291)]&amp#27;[0m Calling AppiumDriver.findElement() with args: ["xpath","//android.widget.EditText[@index=6]","fe0cd291-8f79-4212-8568-b4785b2dee12"]
[debug] &amp#27;[38;5;32m[AndroidUiautomator2Driver@b227 (fe0cd291)]&amp#27;[0m Valid locator strategies for this request: xpath, id, class name, accessibility id, css selector, -android uiautomator
[debug] &amp#27;[38;5;32m[AndroidUiautomator2Driver@b227 (fe0cd291)]&amp#27;[0m Waiting up to 10000 ms for condition
[debug] &amp#27;[38;5;32m[AndroidUiautomator2Driver@b227 (fe0cd291)]&amp#27;[0m Matched '/element' to command name 'findElement'
[debug] &amp#27;[38;5;32m[AndroidUiautomator2Driver@b227 (fe0cd291)]&amp#27;[0m Proxying [POST /element] to [POST http://127.0.0.1:8200/session/85989a46-cbdd-4bd4-a501-a859808a0843/element] with body: {"strategy":"xpath","selector":"//android.widget.EditText[@index=6]","context":"","multiple":false}
[debug] &amp#27;[38;5;32m[AndroidUiautomator2Driver@b227 (fe0cd291)]&amp#27;[0m Got response with status 200: {"sessionId":"85989a46-cbdd-4bd4-a501-a859808a0843","value":{"ELEMENT":"00000000-0000-0032-ffff-ffff00000495","element-6066-11e4-a52e-4f735466cecf":"00000000-0000-0032-ffff-ffff00000495"}}
[debug] &amp#27;[38;5;32m[AndroidUiautomator2Driver@b227 (fe0cd291)]&amp#27;[0m Responding to client with driver.findElement() result: {"element-6066-11e4-a52e-4f735466cecf":"00000000-0000-0032-ffff-ffff00000495","ELEMENT":"00000000-0000-0032-ffff-ffff00000495"}
&amp#27;[38;5;0m[HTTP]&amp#27;[0m &amp#27;[37m<-- POST /session/fe0cd291-8f79-4212-8568-b4785b2dee12/element &amp#27;[39m&amp#27;[32m200&amp#27;[39m &amp#27;[90m40 ms - 137&amp#27;[39m
&amp#27;[38;5;0m[HTTP]&amp#27;[0m &amp#27;[90m&amp#27;[39m
&amp#27;[38;5;0m[HTTP]&amp#27;[0m &amp#27;[37m-->&amp#27;[39m &amp#27;[37mPOST&amp#27;[39m &amp#27;[37m/session/fe0cd291-8f79-4212-8568-b4785b2dee12/element/00000000-0000-0032-ffff-ffff00000495/value&amp#27;[39m
&amp#27;[38;5;0m[HTTP]&amp#27;[0m &amp#27;[90m{"id":"00000000-0000-0032-ffff-ffff00000495","text":"Danielogaga@g","value":["D","a","n","i","e","l","o","g","a","g","a","@","g"]}&amp#27;[39m
[debug] &amp#27;[38;5;32m[AndroidUiautomator2Driver@b227 (fe0cd291)]&amp#27;[0m Calling AppiumDriver.setValue() with args: [["D","a","n","i","e","l","o","g","a","g","a","@","g"],"00000000-0000-0032-ffff-ffff00000495","fe0cd291-8f79-4212-8568-b4785b2dee12"]
[debug] &amp#27;[38;5;32m[AndroidUiautomator2Driver@b227 (fe0cd291)]&amp#27;[0m Matched '/element/00000000-0000-0032-ffff-ffff00000495/value' to command name 'setValue'
[debug] &amp#27;[38;5;32m[AndroidUiautomator2Driver@b227 (fe0cd291)]&amp#27;[0m Added 'value' property ["D","a","n","i","e","l","o","g","a","g","a","@","g"] to 'setValue' request body
[debug] &amp#27;[38;5;32m[AndroidUiautomator2Driver@b227 (fe0cd291)]&amp#27;[0m Proxying [POST /element/00000000-0000-0032-ffff-ffff00000495/value] to [POST http://127.0.0.1:8200/session/85989a46-cbdd-4bd4-a501-a859808a0843/element/00000000-0000-0032-ffff-ffff00000495/value] with body: {"elementId":"00000000-0000-0032-ffff-ffff00000495","text":"Danielogaga@g","replace":false,"value":["D","a","n","i","e","l","o","g","a","g","a","@","g"]}
[debug] &amp#27;[38;5;32m[AndroidUiautomator2Driver@b227 (fe0cd291)]&amp#27;[0m Got response with status 200: {"sessionId":"85989a46-cbdd-4bd4-a501-a859808a0843","value":null}
[debug] &amp#27;[38;5;32m[AndroidUiautomator2Driver@b227 (fe0cd291)]&amp#27;[0m Responding to client with driver.setValue() result: null
&amp#27;[38;5;0m[HTTP]&amp#27;[0m &amp#27;[37m<-- POST /session/fe0cd291-8f79-4212-8568-b4785b2dee12/element/00000000-0000-0032-ffff-ffff00000495/value &amp#27;[39m&amp#27;[32m200&amp#27;[39m &amp#27;[90m467 ms - 14&amp#27;[39m
&amp#27;[38;5;0m[HTTP]&amp#27;[0m &amp#27;[90m&amp#27;[39m
&amp#27;[38;5;0m[HTTP]&amp#27;[0m &amp#27;[37m-->&amp#27;[39m &amp#27;[37mPOST&amp#27;[39m &amp#27;[37m/session/fe0cd291-8f79-4212-8568-b4785b2dee12/element&amp#27;[39m
&amp#27;[38;5;0m[HTTP]&amp#27;[0m &amp#27;[90m{"using":"xpath","value":"//android.widget.EditText[@index=9]"}&amp#27;[39m
[debug] &amp#27;[38;5;32m[AndroidUiautomator2Driver@b227 (fe0cd291)]&amp#27;[0m Calling AppiumDriver.findElement() with args: ["xpath","//android.widget.EditText[@index=9]","fe0cd291-8f79-4212-8568-b4785b2dee12"]
[debug] &amp#27;[38;5;32m[AndroidUiautomator2Driver@b227 (fe0cd291)]&amp#27;[0m Valid locator strategies for this request: xpath, id, class name, accessibility id, css selector, -android uiautomator
[debug] &amp#27;[38;5;32m[AndroidUiautomator2Driver@b227 (fe0cd291)]&amp#27;[0m Waiting up to 10000 ms for condition
[debug] &amp#27;[38;5;32m[AndroidUiautomator2Driver@b227 (fe0cd291)]&amp#27;[0m Matched '/element' to command name 'findElement'
[debug] &amp#27;[38;5;32m[AndroidUiautomator2Driver@b227 (fe0cd291)]&amp#27;[0m Proxying [POST /element] to [POST http://127.0.0.1:8200/session/85989a46-cbdd-4bd4-a501-a859808a0843/element] with body: {"strategy":"xpath","selector":"//android.widget.EditText[@index=9]","context":"","multiple":false}
[debug] &amp#27;[38;5;32m[AndroidUiautomator2Driver@b227 (fe0cd291)]&amp#27;[0m Got response with status 200: {"sessionId":"85989a46-cbdd-4bd4-a501-a859808a0843","value":{"ELEMENT":"00000000-0000-0032-ffff-ffff00000498","element-6066-11e4-a52e-4f735466cecf":"00000000-0000-0032-ffff-ffff00000498"}}
[debug] &amp#27;[38;5;32m[AndroidUiautomator2Driver@b227 (fe0cd291)]&amp#27;[0m Responding to client with driver.findElement() result: {"element-6066-11e4-a52e-4f735466cecf":"00000000-0000-0032-ffff-ffff00000498","ELEMENT":"00000000-0000-0032-ffff-ffff00000498"}
&amp#27;[38;5;0m[HTTP]&amp#27;[0m &amp#27;[37m<-- POST /session/fe0cd291-8f79-4212-8568-b4785b2dee12/element &amp#27;[39m&amp#27;[32m200&amp#27;[39m &amp#27;[90m46 ms - 137&amp#27;[39m
&amp#27;[38;5;0m[HTTP]&amp#27;[0m &amp#27;[90m&amp#27;[39m
&amp#27;[38;5;0m[HTTP]&amp#27;[0m &amp#27;[37m-->&amp#27;[39m &amp#27;[37mPOST&amp#27;[39m &amp#27;[37m/session/fe0cd291-8f79-4212-8568-b4785b2dee12/element/00000000-0000-0032-ffff-ffff00000498/value&amp#27;[39m
&amp#27;[38;5;0m[HTTP]&amp#27;[0m &amp#27;[90m{"id":"00000000-0000-0032-ffff-ffff00000498","text":"08033443048","value":["0","8","0","3","3","4","4","3","0","4","8"]}&amp#27;[39m
[debug] &amp#27;[38;5;32m[AndroidUiautomator2Driver@b227 (fe0cd291)]&amp#27;[0m Calling AppiumDriver.setValue() with args: [["0","8","0","3","3","4","4","3","0","4","8"],"00000000-0000-0032-ffff-ffff00000498","fe0cd291-8f79-4212-8568-b4785b2dee12"]
[debug] &amp#27;[38;5;32m[AndroidUiautomator2Driver@b227 (fe0cd291)]&amp#27;[0m Matched '/element/00000000-0000-0032-ffff-ffff00000498/value' to command name 'setValue'
[debug] &amp#27;[38;5;32m[AndroidUiautomator2Driver@b227 (fe0cd291)]&amp#27;[0m Added 'value' property ["0","8","0","3","3","4","4","3","0","4","8"] to 'setValue' request body
[debug] &amp#27;[38;5;32m[AndroidUiautomator2Driver@b227 (fe0cd291)]&amp#27;[0m Proxying [POST /element/00000000-0000-0032-ffff-ffff00000498/value] to [POST http://127.0.0.1:8200/session/85989a46-cbdd-4bd4-a501-a859808a0843/element/00000000-0000-0032-ffff-ffff00000498/value] with body: {"elementId":"00000000-0000-0032-ffff-ffff00000498","text":"08033443048","replace":false,"value":["0","8","0","3","3","4","4","3","0","4","8"]}
[debug] &amp#27;[38;5;32m[AndroidUiautomator2Driver@b227 (fe0cd291)]&amp#27;[0m Got response with status 200: {"sessionId":"85989a46-cbdd-4bd4-a501-a859808a0843","value":null}
[debug] &amp#27;[38;5;32m[AndroidUiautomator2Driver@b227 (fe0cd291)]&amp#27;[0m Responding to client with driver.setValue() result: null
&amp#27;[38;5;0m[HTTP]&amp#27;[0m &amp#27;[37m<-- POST /session/fe0cd291-8f79-4212-8568-b4785b2dee12/element/00000000-0000-0032-ffff-ffff00000498/value &amp#27;[39m&amp#27;[32m200&amp#27;[39m &amp#27;[90m458 ms - 14&amp#27;[39m
&amp#27;[38;5;0m[HTTP]&amp#27;[0m &amp#27;[90m&amp#27;[39m
&amp#27;[38;5;0m[HTTP]&amp#27;[0m &amp#27;[37m-->&amp#27;[39m &amp#27;[37mPOST&amp#27;[39m &amp#27;[37m/session/fe0cd291-8f79-4212-8568-b4785b2dee12/element&amp#27;[39m
&amp#27;[38;5;0m[HTTP]&amp#27;[0m &amp#27;[90m{"using":"xpath","value":"//android.widget.EditText[@index=12]"}&amp#27;[39m
[debug] &amp#27;[38;5;32m[AndroidUiautomator2Driver@b227 (fe0cd291)]&amp#27;[0m Calling AppiumDriver.findElement() with args: ["xpath","//android.widget.EditText[@index=12]","fe0cd291-8f79-4212-8568-b4785b2dee12"]
[debug] &amp#27;[38;5;32m[AndroidUiautomator2Driver@b227 (fe0cd291)]&amp#27;[0m Valid locator strategies for this request: xpath, id, class name, accessibility id, css selector, -android uiautomator
[debug] &amp#27;[38;5;32m[AndroidUiautomator2Driver@b227 (fe0cd291)]&amp#27;[0m Waiting up to 10000 ms for condition
[debug] &amp#27;[38;5;32m[AndroidUiautomator2Driver@b227 (fe0cd291)]&amp#27;[0m Matched '/element' to command name 'findElement'
[debug] &amp#27;[38;5;32m[AndroidUiautomator2Driver@b227 (fe0cd291)]&amp#27;[0m Proxying [POST /element] to [POST http://127.0.0.1:8200/session/85989a46-cbdd-4bd4-a501-a859808a0843/element] with body: {"strategy":"xpath","selector":"//android.widget.EditText[@index=12]","context":"","multiple":false}
[debug] &amp#27;[38;5;32m[AndroidUiautomator2Driver@b227 (fe0cd291)]&amp#27;[0m Got response with status 200: {"sessionId":"85989a46-cbdd-4bd4-a501-a859808a0843","value":{"ELEMENT":"00000000-0000-0032-ffff-ffff0000049b","element-6066-11e4-a52e-4f735466cecf":"00000000-0000-0032-ffff-ffff0000049b"}}
[debug] &amp#27;[38;5;32m[AndroidUiautomator2Driver@b227 (fe0cd291)]&amp#27;[0m Responding to client with driver.findElement() result: {"element-6066-11e4-a52e-4f735466cecf":"00000000-0000-0032-ffff-ffff0000049b","ELEMENT":"00000000-0000-0032-ffff-ffff0000049b"}
&amp#27;[38;5;0m[HTTP]&amp#27;[0m &amp#27;[37m<-- POST /session/fe0cd291-8f79-4212-8568-b4785b2dee12/element &amp#27;[39m&amp#27;[32m200&amp#27;[39m &amp#27;[90m535 ms - 137&amp#27;[39m
&amp#27;[38;5;0m[HTTP]&amp#27;[0m &amp#27;[90m&amp#27;[39m
&amp#27;[38;5;0m[HTTP]&amp#27;[0m &amp#27;[37m-->&amp#27;[39m &amp#27;[37mPOST&amp#27;[39m &amp#27;[37m/session/fe0cd291-8f79-4212-8568-b4785b2dee12/element/00000000-0000-0032-ffff-ffff0000049b/value&amp#27;[39m
&amp#27;[38;5;0m[HTTP]&amp#27;[0m &amp#27;[90m{"id":"00000000-0000-0032-ffff-ffff0000049b","text":"password","value":["p","a","s","s","w","o","r","d"]}&amp#27;[39m
[debug] &amp#27;[38;5;32m[AndroidUiautomator2Driver@b227 (fe0cd291)]&amp#27;[0m Calling AppiumDriver.setValue() with args: [["p","a","s","s","w","o","r","d"],"00000000-0000-0032-ffff-ffff0000049b","fe0cd291-8f79-4212-8568-b4785b2dee12"]
[debug] &amp#27;[38;5;32m[AndroidUiautomator2Driver@b227 (fe0cd291)]&amp#27;[0m Matched '/element/00000000-0000-0032-ffff-ffff0000049b/value' to command name 'setValue'
[debug] &amp#27;[38;5;32m[AndroidUiautomator2Driver@b227 (fe0cd291)]&amp#27;[0m Added 'value' property ["p","a","s","s","w","o","r","d"] to 'setValue' request body
[debug] &amp#27;[38;5;32m[AndroidUiautomator2Driver@b227 (fe0cd291)]&amp#27;[0m Proxying [POST /element/00000000-0000-0032-ffff-ffff0000049b/value] to [POST http://127.0.0.1:8200/session/85989a46-cbdd-4bd4-a501-a859808a0843/element/00000000-0000-0032-ffff-ffff0000049b/value] with body: {"elementId":"00000000-0000-0032-ffff-ffff0000049b","text":"password","replace":false,"value":["p","a","s","s","w","o","r","d"]}
[debug] &amp#27;[38;5;32m[AndroidUiautomator2Driver@b227 (fe0cd291)]&amp#27;[0m Got response with status 200: {"sessionId":"85989a46-cbdd-4bd4-a501-a859808a0843","value":null}
[debug] &amp#27;[38;5;32m[AndroidUiautomator2Driver@b227 (fe0cd291)]&amp#27;[0m Responding to client with driver.setValue() result: null
&amp#27;[38;5;0m[HTTP]&amp#27;[0m &amp#27;[37m<-- POST /session/fe0cd291-8f79-4212-8568-b4785b2dee12/element/00000000-0000-0032-ffff-ffff0000049b/value &amp#27;[39m&amp#27;[32m200&amp#27;[39m &amp#27;[90m17 ms - 14&amp#27;[39m
&amp#27;[38;5;0m[HTTP]&amp#27;[0m &amp#27;[90m&amp#27;[39m
&amp#27;[38;5;0m[HTTP]&amp#27;[0m &amp#27;[37m-->&amp#27;[39m &amp#27;[37mPOST&amp#27;[39m &amp#27;[37m/session/fe0cd291-8f79-4212-8568-b4785b2dee12/element&amp#27;[39m
&amp#27;[38;5;0m[HTTP]&amp#27;[0m &amp#27;[90m{"using":"xpath","value":"//android.widget.TextView[@text='Register']"}&amp#27;[39m
[debug] &amp#27;[38;5;32m[AndroidUiautomator2Driver@b227 (fe0cd291)]&amp#27;[0m Calling AppiumDriver.findElement() with args: ["xpath","//android.widget.TextView[@text='Register']","fe0cd291-8f79-4212-8568-b4785b2dee12"]
[debug] &amp#27;[38;5;32m[AndroidUiautomator2Driver@b227 (fe0cd291)]&amp#27;[0m Valid locator strategies for this request: xpath, id, class name, accessibility id, css selector, -android uiautomator
[debug] &amp#27;[38;5;32m[AndroidUiautomator2Driver@b227 (fe0cd291)]&amp#27;[0m Waiting up to 10000 ms for condition
[debug] &amp#27;[38;5;32m[AndroidUiautomator2Driver@b227 (fe0cd291)]&amp#27;[0m Matched '/element' to command name 'findElement'
[debug] &amp#27;[38;5;32m[AndroidUiautomator2Driver@b227 (fe0cd291)]&amp#27;[0m Proxying [POST /element] to [POST http://127.0.0.1:8200/session/85989a46-cbdd-4bd4-a501-a859808a0843/element] with body: {"strategy":"xpath","selector":"//android.widget.TextView[@text='Register']","context":"","multiple":false}
[debug] &amp#27;[38;5;32m[AndroidUiautomator2Driver@b227 (fe0cd291)]&amp#27;[0m Got response with status 200: {"sessionId":"85989a46-cbdd-4bd4-a501-a859808a0843","value":{"ELEMENT":"00000000-0000-0032-ffff-ffff000004a8","element-6066-11e4-a52e-4f735466cecf":"00000000-0000-0032-ffff-ffff000004a8"}}
[debug] &amp#27;[38;5;32m[AndroidUiautomator2Driver@b227 (fe0cd291)]&amp#27;[0m Responding to client with driver.findElement() result: {"element-6066-11e4-a52e-4f735466cecf":"00000000-0000-0032-ffff-ffff000004a8","ELEMENT":"00000000-0000-0032-ffff-ffff000004a8"}
&amp#27;[38;5;0m[HTTP]&amp#27;[0m &amp#27;[37m<-- POST /session/fe0cd291-8f79-4212-8568-b4785b2dee12/element &amp#27;[39m&amp#27;[32m200&amp#27;[39m &amp#27;[90m621 ms - 137&amp#27;[39m
&amp#27;[38;5;0m[HTTP]&amp#27;[0m &amp#27;[90m&amp#27;[39m
&amp#27;[38;5;0m[HTTP]&amp#27;[0m &amp#27;[37m-->&amp#27;[39m &amp#27;[37mPOST&amp#27;[39m &amp#27;[37m/session/fe0cd291-8f79-4212-8568-b4785b2dee12/element/00000000-0000-0032-ffff-ffff000004a8/click&amp#27;[39m
&amp#27;[38;5;0m[HTTP]&amp#27;[0m &amp#27;[90m{"id":"00000000-0000-0032-ffff-ffff000004a8"}&amp#27;[39m
[debug] &amp#27;[38;5;32m[AndroidUiautomator2Driver@b227 (fe0cd291)]&amp#27;[0m Calling AppiumDriver.click() with args: ["00000000-0000-0032-ffff-ffff000004a8","fe0cd291-8f79-4212-8568-b4785b2dee12"]
[debug] &amp#27;[38;5;32m[AndroidUiautomator2Driver@b227 (fe0cd291)]&amp#27;[0m Matched '/element/00000000-0000-0032-ffff-ffff000004a8/click' to command name 'click'
[debug] &amp#27;[38;5;32m[AndroidUiautomator2Driver@b227 (fe0cd291)]&amp#27;[0m Proxying [POST /element/00000000-0000-0032-ffff-ffff000004a8/click] to [POST http://127.0.0.1:8200/session/85989a46-cbdd-4bd4-a501-a859808a0843/element/00000000-0000-0032-ffff-ffff000004a8/click] with body: {"element":"00000000-0000-0032-ffff-ffff000004a8"}
[debug] &amp#27;[38;5;32m[AndroidUiautomator2Driver@b227 (fe0cd291)]&amp#27;[0m Got response with status 200: {"sessionId":"85989a46-cbdd-4bd4-a501-a859808a0843","value":null}
[debug] &amp#27;[38;5;32m[AndroidUiautomator2Driver@b227 (fe0cd291)]&amp#27;[0m Responding to client with driver.click() result: null
&amp#27;[38;5;0m[HTTP]&amp#27;[0m &amp#27;[37m<-- POST /session/fe0cd291-8f79-4212-8568-b4785b2dee12/element/00000000-0000-0032-ffff-ffff000004a8/click &amp#27;[39m&amp#27;[32m200&amp#27;[39m &amp#27;[90m61 ms - 14&amp#27;[39m
&amp#27;[38;5;0m[HTTP]&amp#27;[0m &amp#27;[90m&amp#27;[39m
&amp#27;[38;5;0m[HTTP]&amp#27;[0m &amp#27;[37m-->&amp#27;[39m &amp#27;[37mPOST&amp#27;[39m &amp#27;[37m/session/fe0cd291-8f79-4212-8568-b4785b2dee12/element&amp#27;[39m
&amp#27;[38;5;0m[HTTP]&amp#27;[0m &amp#27;[90m{"using":"xpath","value":"//android.widget.TextView[@index=18]"}&amp#27;[39m
[debug] &amp#27;[38;5;32m[AndroidUiautomator2Driver@b227 (fe0cd291)]&amp#27;[0m Calling AppiumDriver.findElement() with args: ["xpath","//android.widget.TextView[@index=18]","fe0cd291-8f79-4212-8568-b4785b2dee12"]
[debug] &amp#27;[38;5;32m[AndroidUiautomator2Driver@b227 (fe0cd291)]&amp#27;[0m Valid locator strategies for this request: xpath, id, class name, accessibility id, css selector, -android uiautomator
[debug] &amp#27;[38;5;32m[AndroidUiautomator2Driver@b227 (fe0cd291)]&amp#27;[0m Waiting up to 10000 ms for condition
[debug] &amp#27;[38;5;32m[AndroidUiautomator2Driver@b227 (fe0cd291)]&amp#27;[0m Matched '/element' to command name 'findElement'
[debug] &amp#27;[38;5;32m[AndroidUiautomator2Driver@b227 (fe0cd291)]&amp#27;[0m Proxying [POST /element] to [POST http://127.0.0.1:8200/session/85989a46-cbdd-4bd4-a501-a859808a0843/element] with body: {"strategy":"xpath","selector":"//android.widget.TextView[@index=18]","context":"","multiple":false}
[debug] &amp#27;[38;5;32m[AndroidUiautomator2Driver@b227 (fe0cd291)]&amp#27;[0m Got response with status 200: {"sessionId":"85989a46-cbdd-4bd4-a501-a859808a0843","value":{"ELEMENT":"00000000-0000-0032-ffff-ffff000004a0","element-6066-11e4-a52e-4f735466cecf":"00000000-0000-0032-ffff-ffff000004a0"}}
[debug] &amp#27;[38;5;32m[AndroidUiautomator2Driver@b227 (fe0cd291)]&amp#27;[0m Responding to client with driver.findElement() result: {"element-6066-11e4-a52e-4f735466cecf":"00000000-0000-0032-ffff-ffff000004a0","ELEMENT":"00000000-0000-0032-ffff-ffff000004a0"}
&amp#27;[38;5;0m[HTTP]&amp#27;[0m &amp#27;[37m<-- POST /session/fe0cd291-8f79-4212-8568-b4785b2dee12/element &amp#27;[39m&amp#27;[32m200&amp#27;[39m &amp#27;[90m40 ms - 137&amp#27;[39m
&amp#27;[38;5;0m[HTTP]&amp#27;[0m &amp#27;[90m&amp#27;[39m
&amp#27;[38;5;0m[HTTP]&amp#27;[0m &amp#27;[37m-->&amp#27;[39m &amp#27;[37mPOST&amp#27;[39m &amp#27;[37m/session/fe0cd291-8f79-4212-8568-b4785b2dee12/element/00000000-0000-0032-ffff-ffff000004a0/click&amp#27;[39m
&amp#27;[38;5;0m[HTTP]&amp#27;[0m &amp#27;[90m{"id":"00000000-0000-0032-ffff-ffff000004a0"}&amp#27;[39m
[debug] &amp#27;[38;5;32m[AndroidUiautomator2Driver@b227 (fe0cd291)]&amp#27;[0m Calling AppiumDriver.click() with args: ["00000000-0000-0032-ffff-ffff000004a0","fe0cd291-8f79-4212-8568-b4785b2dee12"]
[debug] &amp#27;[38;5;32m[AndroidUiautomator2Driver@b227 (fe0cd291)]&amp#27;[0m Matched '/element/00000000-0000-0032-ffff-ffff000004a0/click' to command name 'click'
[debug] &amp#27;[38;5;32m[AndroidUiautomator2Driver@b227 (fe0cd291)]&amp#27;[0m Proxying [POST /element/00000000-0000-0032-ffff-ffff000004a0/click] to [POST http://127.0.0.1:8200/session/85989a46-cbdd-4bd4-a501-a859808a0843/element/00000000-0000-0032-ffff-ffff000004a0/click] with body: {"element":"00000000-0000-0032-ffff-ffff000004a0"}
[debug] &amp#27;[38;5;32m[AndroidUiautomator2Driver@b227 (fe0cd291)]&amp#27;[0m Got response with status 200: {"sessionId":"85989a46-cbdd-4bd4-a501-a859808a0843","value":null}
[debug] &amp#27;[38;5;32m[AndroidUiautomator2Driver@b227 (fe0cd291)]&amp#27;[0m Responding to client with driver.click() result: null
&amp#27;[38;5;0m[HTTP]&amp#27;[0m &amp#27;[37m<-- POST /session/fe0cd291-8f79-4212-8568-b4785b2dee12/element/00000000-0000-0032-ffff-ffff000004a0/click &amp#27;[39m&amp#27;[32m200&amp#27;[39m &amp#27;[90m63 ms - 14&amp#27;[39m
&amp#27;[38;5;0m[HTTP]&amp#27;[0m &amp#27;[90m&amp#27;[39m
&amp#27;[38;5;0m[HTTP]&amp#27;[0m &amp#27;[37m-->&amp#27;[39m &amp#27;[37mPOST&amp#27;[39m &amp#27;[37m/session/fe0cd291-8f79-4212-8568-b4785b2dee12/element&amp#27;[39m
&amp#27;[38;5;0m[HTTP]&amp#27;[0m &amp#27;[90m{"using":"xpath","value":"//android.widget.TextView[@text='Register']"}&amp#27;[39m
[debug] &amp#27;[38;5;32m[AndroidUiautomator2Driver@b227 (fe0cd291)]&amp#27;[0m Calling AppiumDriver.findElement() with args: ["xpath","//android.widget.TextView[@text='Register']","fe0cd291-8f79-4212-8568-b4785b2dee12"]
[debug] &amp#27;[38;5;32m[AndroidUiautomator2Driver@b227 (fe0cd291)]&amp#27;[0m Valid locator strategies for this request: xpath, id, class name, accessibility id, css selector, -android uiautomator
[debug] &amp#27;[38;5;32m[AndroidUiautomator2Driver@b227 (fe0cd291)]&amp#27;[0m Waiting up to 10000 ms for condition
[debug] &amp#27;[38;5;32m[AndroidUiautomator2Driver@b227 (fe0cd291)]&amp#27;[0m Matched '/element' to command name 'findElement'
[debug] &amp#27;[38;5;32m[AndroidUiautomator2Driver@b227 (fe0cd291)]&amp#27;[0m Proxying [POST /element] to [POST http://127.0.0.1:8200/session/85989a46-cbdd-4bd4-a501-a859808a0843/element] with body: {"strategy":"xpath","selector":"//android.widget.TextView[@text='Register']","context":"","multiple":false}
[debug] &amp#27;[38;5;32m[AndroidUiautomator2Driver@b227 (fe0cd291)]&amp#27;[0m Got response with status 200: {"sessionId":"85989a46-cbdd-4bd4-a501-a859808a0843","value":{"ELEMENT":"00000000-0000-0032-ffff-ffff000004a8","element-6066-11e4-a52e-4f735466cecf":"00000000-0000-0032-ffff-ffff000004a8"}}
[debug] &amp#27;[38;5;32m[AndroidUiautomator2Driver@b227 (fe0cd291)]&amp#27;[0m Responding to client with driver.findElement() result: {"element-6066-11e4-a52e-4f735466cecf":"00000000-0000-0032-ffff-ffff000004a8","ELEMENT":"00000000-0000-0032-ffff-ffff000004a8"}
&amp#27;[38;5;0m[HTTP]&amp#27;[0m &amp#27;[37m<-- POST /session/fe0cd291-8f79-4212-8568-b4785b2dee12/element &amp#27;[39m&amp#27;[32m200&amp#27;[39m &amp#27;[90m31 ms - 137&amp#27;[39m
&amp#27;[38;5;0m[HTTP]&amp#27;[0m &amp#27;[90m&amp#27;[39m
&amp#27;[38;5;0m[HTTP]&amp#27;[0m &amp#27;[37m-->&amp#27;[39m &amp#27;[37mPOST&amp#27;[39m &amp#27;[37m/session/fe0cd291-8f79-4212-8568-b4785b2dee12/element/00000000-0000-0032-ffff-ffff000004a8/click&amp#27;[39m
&amp#27;[38;5;0m[HTTP]&amp#27;[0m &amp#27;[90m{"id":"00000000-0000-0032-ffff-ffff000004a8"}&amp#27;[39m
[debug] &amp#27;[38;5;32m[AndroidUiautomator2Driver@b227 (fe0cd291)]&amp#27;[0m Calling AppiumDriver.click() with args: ["00000000-0000-0032-ffff-ffff000004a8","fe0cd291-8f79-4212-8568-b4785b2dee12"]
[debug] &amp#27;[38;5;32m[AndroidUiautomator2Driver@b227 (fe0cd291)]&amp#27;[0m Matched '/element/00000000-0000-0032-ffff-ffff000004a8/click' to command name 'click'
[debug] &amp#27;[38;5;32m[AndroidUiautomator2Driver@b227 (fe0cd291)]&amp#27;[0m Proxying [POST /element/00000000-0000-0032-ffff-ffff000004a8/click] to [POST http://127.0.0.1:8200/session/85989a46-cbdd-4bd4-a501-a859808a0843/element/00000000-0000-0032-ffff-ffff000004a8/click] with body: {"element":"00000000-0000-0032-ffff-ffff000004a8"}
[debug] &amp#27;[38;5;32m[AndroidUiautomator2Driver@b227 (fe0cd291)]&amp#27;[0m Got response with status 200: {"sessionId":"85989a46-cbdd-4bd4-a501-a859808a0843","value":null}
[debug] &amp#27;[38;5;32m[AndroidUiautomator2Driver@b227 (fe0cd291)]&amp#27;[0m Responding to client with driver.click() result: null
&amp#27;[38;5;0m[HTTP]&amp#27;[0m &amp#27;[37m<-- POST /session/fe0cd291-8f79-4212-8568-b4785b2dee12/element/00000000-0000-0032-ffff-ffff000004a8/click &amp#27;[39m&amp#27;[32m200&amp#27;[39m &amp#27;[90m114 ms - 14&amp#27;[39m
&amp#27;[38;5;0m[HTTP]&amp#27;[0m &amp#27;[90m&amp#27;[39m
&amp#27;[38;5;0m[HTTP]&amp#27;[0m &amp#27;[37m-->&amp#27;[39m &amp#27;[37mPOST&amp#27;[39m &amp#27;[37m/session/fe0cd291-8f79-4212-8568-b4785b2dee12/element&amp#27;[39m
&amp#27;[38;5;0m[HTTP]&amp#27;[0m &amp#27;[90m{"using":"xpath","value":"//android.widget.TextView[@index=7]"}&amp#27;[39m
[debug] &amp#27;[38;5;32m[AndroidUiautomator2Driver@b227 (fe0cd291)]&amp#27;[0m Calling AppiumDriver.findElement() with args: ["xpath","//android.widget.TextView[@index=7]","fe0cd291-8f79-4212-8568-b4785b2dee12"]
[debug] &amp#27;[38;5;32m[AndroidUiautomator2Driver@b227 (fe0cd291)]&amp#27;[0m Valid locator strategies for this request: xpath, id, class name, accessibility id, css selector, -android uiautomator
[debug] &amp#27;[38;5;32m[AndroidUiautomator2Driver@b227 (fe0cd291)]&amp#27;[0m Waiting up to 10000 ms for condition
[debug] &amp#27;[38;5;32m[AndroidUiautomator2Driver@b227 (fe0cd291)]&amp#27;[0m Matched '/element' to command name 'findElement'
[debug] &amp#27;[38;5;32m[AndroidUiautomator2Driver@b227 (fe0cd291)]&amp#27;[0m Proxying [POST /element] to [POST http://127.0.0.1:8200/session/85989a46-cbdd-4bd4-a501-a859808a0843/element] with body: {"strategy":"xpath","selector":"//android.widget.TextView[@index=7]","context":"","multiple":false}
[debug] &amp#27;[38;5;32m[AndroidUiautomator2Driver@b227 (fe0cd291)]&amp#27;[0m Got response with status 200: {"sessionId":"85989a46-cbdd-4bd4-a501-a859808a0843","value":{"ELEMENT":"00000000-0000-0032-ffff-ffff00000496","element-6066-11e4-a52e-4f735466cecf":"00000000-0000-0032-ffff-ffff00000496"}}
[debug] &amp#27;[38;5;32m[AndroidUiautomator2Driver@b227 (fe0cd291)]&amp#27;[0m Responding to client with driver.findElement() result: {"element-6066-11e4-a52e-4f735466cecf":"00000000-0000-0032-ffff-ffff00000496","ELEMENT":"00000000-0000-0032-ffff-ffff00000496"}
&amp#27;[38;5;0m[HTTP]&amp#27;[0m &amp#27;[37m<-- POST /session/fe0cd291-8f79-4212-8568-b4785b2dee12/element &amp#27;[39m&amp#27;[32m200&amp#27;[39m &amp#27;[90m317 ms - 137&amp#27;[39m
&amp#27;[38;5;0m[HTTP]&amp#27;[0m &amp#27;[90m&amp#27;[39m
&amp#27;[38;5;0m[HTTP]&amp#27;[0m &amp#27;[37m-->&amp#27;[39m &amp#27;[37mPOST&amp#27;[39m &amp#27;[37m/session/fe0cd291-8f79-4212-8568-b4785b2dee12/element&amp#27;[39m
&amp#27;[38;5;0m[HTTP]&amp#27;[0m &amp#27;[90m{"using":"xpath","value":"//android.widget.TextView[@index=7]"}&amp#27;[39m
[debug] &amp#27;[38;5;32m[AndroidUiautomator2Driver@b227 (fe0cd291)]&amp#27;[0m Calling AppiumDriver.findElement() with args: ["xpath","//android.widget.TextView[@index=7]","fe0cd291-8f79-4212-8568-b4785b2dee12"]
[debug] &amp#27;[38;5;32m[AndroidUiautomator2Driver@b227 (fe0cd291)]&amp#27;[0m Valid locator strategies for this request: xpath, id, class name, accessibility id, css selector, -android uiautomator
[debug] &amp#27;[38;5;32m[AndroidUiautomator2Driver@b227 (fe0cd291)]&amp#27;[0m Waiting up to 10000 ms for condition
[debug] &amp#27;[38;5;32m[AndroidUiautomator2Driver@b227 (fe0cd291)]&amp#27;[0m Matched '/element' to command name 'findElement'
[debug] &amp#27;[38;5;32m[AndroidUiautomator2Driver@b227 (fe0cd291)]&amp#27;[0m Proxying [POST /element] to [POST http://127.0.0.1:8200/session/85989a46-cbdd-4bd4-a501-a859808a0843/element] with body: {"strategy":"xpath","selector":"//android.widget.TextView[@index=7]","context":"","multiple":false}
[debug] &amp#27;[38;5;32m[AndroidUiautomator2Driver@b227 (fe0cd291)]&amp#27;[0m Got response with status 200: {"sessionId":"85989a46-cbdd-4bd4-a501-a859808a0843","value":{"ELEMENT":"00000000-0000-0032-ffff-ffff00000496","element-6066-11e4-a52e-4f735466cecf":"00000000-0000-0032-ffff-ffff00000496"}}
[debug] &amp#27;[38;5;32m[AndroidUiautomator2Driver@b227 (fe0cd291)]&amp#27;[0m Responding to client with driver.findElement() result: {"element-6066-11e4-a52e-4f735466cecf":"00000000-0000-0032-ffff-ffff00000496","ELEMENT":"00000000-0000-0032-ffff-ffff00000496"}
&amp#27;[38;5;0m[HTTP]&amp#27;[0m &amp#27;[37m<-- POST /session/fe0cd291-8f79-4212-8568-b4785b2dee12/element &amp#27;[39m&amp#27;[32m200&amp#27;[39m &amp#27;[90m364 ms - 137&amp#27;[39m
&amp#27;[38;5;0m[HTTP]&amp#27;[0m &amp#27;[90m&amp#27;[39m
&amp#27;[38;5;0m[HTTP]&amp#27;[0m &amp#27;[37m-->&amp#27;[39m &amp#27;[37mGET&amp#27;[39m &amp#27;[37m/session/fe0cd291-8f79-4212-8568-b4785b2dee12/element/00000000-0000-0032-ffff-ffff00000496/text&amp#27;[39m
&amp#27;[38;5;0m[HTTP]&amp#27;[0m &amp#27;[90m{}&amp#27;[39m
&amp#27;[38;5;32m[AndroidUiautomator2Driver@b227 (fe0cd291)]&amp#27;[0m Driver proxy active, passing request on via HTTP proxy
[debug] &amp#27;[38;5;32m[AndroidUiautomator2Driver@b227 (fe0cd291)]&amp#27;[0m Matched '/session/fe0cd291-8f79-4212-8568-b4785b2dee12/element/00000000-0000-0032-ffff-ffff00000496/text' to command name 'getText'
[debug] &amp#27;[38;5;32m[AndroidUiautomator2Driver@b227 (fe0cd291)]&amp#27;[0m Proxying [GET /session/fe0cd291-8f79-4212-8568-b4785b2dee12/element/00000000-0000-0032-ffff-ffff00000496/text] to [GET http://127.0.0.1:8200/session/85989a46-cbdd-4bd4-a501-a859808a0843/element/00000000-0000-0032-ffff-ffff00000496/text] with no body
[debug] &amp#27;[38;5;32m[AndroidUiautomator2Driver@b227 (fe0cd291)]&amp#27;[0m Got response with status 200: {"sessionId":"85989a46-cbdd-4bd4-a501-a859808a0843","value":"Please enter a valid email"}
&amp#27;[38;5;32m[AndroidUiautomator2Driver@b227 (fe0cd291)]&amp#27;[0m Replacing sessionId 85989a46-cbdd-4bd4-a501-a859808a0843 with fe0cd291-8f79-4212-8568-b4785b2dee12
&amp#27;[38;5;0m[HTTP]&amp#27;[0m &amp#27;[37m<-- GET /session/fe0cd291-8f79-4212-8568-b4785b2dee12/element/00000000-0000-0032-ffff-ffff00000496/text &amp#27;[39m&amp#27;[32m200&amp#27;[39m &amp#27;[90m10 ms - 89&amp#27;[39m
&amp#27;[38;5;0m[HTTP]&amp#27;[0m &amp#27;[90m&amp#27;[39m
]]></system-out>
  </testcase>
</testsuite>